[2024-12-26T03:07:32.075+0200] {local_task_job_runner.py:123} INFO - ::group::Pre task execution logs
[2024-12-26T03:07:32.104+0200] {taskinstance.py:2613} INFO - Dependencies all met for dep_context=non-requeueable deps ti=<TaskInstance: simulator_13_dag.send_to_api_13 manual__2024-12-26T01:06:42.839445+00:00 [queued]>
[2024-12-26T03:07:32.123+0200] {taskinstance.py:2613} INFO - Dependencies all met for dep_context=requeueable deps ti=<TaskInstance: simulator_13_dag.send_to_api_13 manual__2024-12-26T01:06:42.839445+00:00 [queued]>
[2024-12-26T03:07:32.127+0200] {taskinstance.py:2866} INFO - Starting attempt 1 of 2
[2024-12-26T03:07:32.170+0200] {taskinstance.py:2889} INFO - Executing <Task(PythonOperator): send_to_api_13> on 2024-12-26 01:06:42.839445+00:00
[2024-12-26T03:07:32.175+0200] {standard_task_runner.py:72} INFO - Started process 191207 to run task
[2024-12-26T03:07:32.177+0200] {standard_task_runner.py:104} INFO - Running: ['airflow', 'tasks', 'run', 'simulator_13_dag', 'send_to_api_13', 'manual__2024-12-26T01:06:42.839445+00:00', '--job-id', '26', '--raw', '--subdir', 'DAGS_FOLDER/Dynamic_Dags.py', '--cfg-path', '/tmp/tmps8r_vu76']
[2024-12-26T03:07:32.180+0200] {standard_task_runner.py:105} INFO - Job 26: Subtask send_to_api_13
[2024-12-26T03:07:32.317+0200] {task_command.py:467} INFO - Running <TaskInstance: simulator_13_dag.send_to_api_13 manual__2024-12-26T01:06:42.839445+00:00 [running]> on host ali-nasser.gizasystems.local
[2024-12-26T03:07:32.583+0200] {taskinstance.py:3132} INFO - Exporting env vars: AIRFLOW_CTX_DAG_OWNER='airflow' AIRFLOW_CTX_DAG_ID='simulator_13_dag' AIRFLOW_CTX_TASK_ID='send_to_api_13' AIRFLOW_CTX_EXECUTION_DATE='2024-12-26T01:06:42.839445+00:00' AIRFLOW_CTX_TRY_NUMBER='1' AIRFLOW_CTX_DAG_RUN_ID='manual__2024-12-26T01:06:42.839445+00:00'
[2024-12-26T03:07:32.590+0200] {logging_mixin.py:190} INFO - Task instance is in running state
[2024-12-26T03:07:32.595+0200] {logging_mixin.py:190} INFO -  Previous state of the Task instance: queued
[2024-12-26T03:07:32.598+0200] {logging_mixin.py:190} INFO - Current task name:send_to_api_13 state:running start_date:2024-12-26 01:07:32.108813+00:00
[2024-12-26T03:07:32.603+0200] {logging_mixin.py:190} INFO - Dag name:simulator_13_dag and current dag run status:running
[2024-12-26T03:07:32.609+0200] {taskinstance.py:731} INFO - ::endgroup::
[2024-12-26T03:07:32.647+0200] {logging_mixin.py:190} WARNING - /mnt/e/Assignments/Airflow/airflow/airflow_env/lib/python3.12/site-packages/django/db/models/fields/__init__.py:1665 RuntimeWarning: DateTimeField SimulatorResult.timestamp received a naive datetime (2024-12-26 01:07:32) while time zone support is active.
[2024-12-26T03:07:32.701+0200] {logging_mixin.py:190} INFO - Response saved for Simulator 13: {'asset_id': 1, 'attribute_id': 'output_1', 'timestamp': '2024-12-26T01:07:32Z[UTC]', 'value': 77.77329098054402}
[2024-12-26T03:07:32.705+0200] {python.py:240} INFO - Done. Returned value was: None
[2024-12-26T03:07:32.747+0200] {taskinstance.py:340} INFO - ::group::Post task execution logs
[2024-12-26T03:07:32.751+0200] {taskinstance.py:352} INFO - Marking task as SUCCESS. dag_id=simulator_13_dag, task_id=send_to_api_13, run_id=manual__2024-12-26T01:06:42.839445+00:00, execution_date=20241226T010642, start_date=20241226T010732, end_date=20241226T010732
[2024-12-26T03:07:32.855+0200] {logging_mixin.py:190} INFO - Task instance in success state
[2024-12-26T03:07:32.860+0200] {logging_mixin.py:190} INFO -  Previous state of the Task instance: running
[2024-12-26T03:07:32.867+0200] {logging_mixin.py:190} INFO - Dag name:simulator_13_dag queued_at:2024-12-26 01:06:42.884511+00:00
[2024-12-26T03:07:32.872+0200] {logging_mixin.py:190} INFO - Task hostname:ali-nasser.gizasystems.local operator:PythonOperator
[2024-12-26T03:07:32.913+0200] {local_task_job_runner.py:266} INFO - Task exited with return code 0
[2024-12-26T03:07:32.975+0200] {taskinstance.py:3895} INFO - 0 downstream tasks scheduled from follow-on schedule check
[2024-12-26T03:07:32.983+0200] {local_task_job_runner.py:245} INFO - ::endgroup::
