[2024-12-26T02:05:48.100+0200] {local_task_job_runner.py:123} INFO - ::group::Pre task execution logs
[2024-12-26T02:05:48.125+0200] {taskinstance.py:2613} INFO - Dependencies all met for dep_context=non-requeueable deps ti=<TaskInstance: simulator_4_dag.send_to_api_4 manual__2024-12-26T00:03:19.197661+00:00 [queued]>
[2024-12-26T02:05:48.138+0200] {taskinstance.py:2613} INFO - Dependencies all met for dep_context=requeueable deps ti=<TaskInstance: simulator_4_dag.send_to_api_4 manual__2024-12-26T00:03:19.197661+00:00 [queued]>
[2024-12-26T02:05:48.141+0200] {taskinstance.py:2866} INFO - Starting attempt 1 of 2
[2024-12-26T02:05:48.190+0200] {taskinstance.py:2889} INFO - Executing <Task(PythonOperator): send_to_api_4> on 2024-12-26 00:03:19.197661+00:00
[2024-12-26T02:05:48.195+0200] {standard_task_runner.py:72} INFO - Started process 188564 to run task
[2024-12-26T02:05:48.197+0200] {standard_task_runner.py:104} INFO - Running: ['airflow', 'tasks', 'run', 'simulator_4_dag', 'send_to_api_4', 'manual__2024-12-26T00:03:19.197661+00:00', '--job-id', '21', '--raw', '--subdir', 'DAGS_FOLDER/Dynamic_Dags.py', '--cfg-path', '/tmp/tmp88a_9yq0']
[2024-12-26T02:05:48.200+0200] {standard_task_runner.py:105} INFO - Job 21: Subtask send_to_api_4
[2024-12-26T02:05:48.318+0200] {task_command.py:467} INFO - Running <TaskInstance: simulator_4_dag.send_to_api_4 manual__2024-12-26T00:03:19.197661+00:00 [running]> on host ali-nasser.gizasystems.local
[2024-12-26T02:05:48.563+0200] {taskinstance.py:3132} INFO - Exporting env vars: AIRFLOW_CTX_DAG_OWNER='airflow' AIRFLOW_CTX_DAG_ID='simulator_4_dag' AIRFLOW_CTX_TASK_ID='send_to_api_4' AIRFLOW_CTX_EXECUTION_DATE='2024-12-26T00:03:19.197661+00:00' AIRFLOW_CTX_TRY_NUMBER='1' AIRFLOW_CTX_DAG_RUN_ID='manual__2024-12-26T00:03:19.197661+00:00'
[2024-12-26T02:05:48.567+0200] {logging_mixin.py:190} INFO - Task instance is in running state
[2024-12-26T02:05:48.569+0200] {logging_mixin.py:190} INFO -  Previous state of the Task instance: queued
[2024-12-26T02:05:48.571+0200] {logging_mixin.py:190} INFO - Current task name:send_to_api_4 state:running start_date:2024-12-26 00:05:48.128552+00:00
[2024-12-26T02:05:48.573+0200] {logging_mixin.py:190} INFO - Dag name:simulator_4_dag and current dag run status:running
[2024-12-26T02:05:48.575+0200] {taskinstance.py:731} INFO - ::endgroup::
[2024-12-26T02:05:48.595+0200] {logging_mixin.py:190} WARNING - /mnt/e/Assignments/Airflow/airflow/airflow_env/lib/python3.12/site-packages/django/db/models/fields/__init__.py:1665 RuntimeWarning: DateTimeField SimulatorResult.timestamp received a naive datetime (2024-12-26 00:05:48) while time zone support is active.
[2024-12-26T02:05:48.615+0200] {logging_mixin.py:190} INFO - Response saved for Simulator 4: {'asset_id': 1, 'attribute_id': 'output_1', 'timestamp': '2024-12-26T00:05:48Z[UTC]', 'value': 121.04445788293427}
[2024-12-26T02:05:48.617+0200] {python.py:240} INFO - Done. Returned value was: None
[2024-12-26T02:05:48.633+0200] {taskinstance.py:340} INFO - ::group::Post task execution logs
[2024-12-26T02:05:48.635+0200] {taskinstance.py:352} INFO - Marking task as SUCCESS. dag_id=simulator_4_dag, task_id=send_to_api_4, run_id=manual__2024-12-26T00:03:19.197661+00:00, execution_date=20241226T000319, start_date=20241226T000548, end_date=20241226T000548
[2024-12-26T02:05:48.693+0200] {logging_mixin.py:190} INFO - Task instance in success state
[2024-12-26T02:05:48.697+0200] {logging_mixin.py:190} INFO -  Previous state of the Task instance: running
[2024-12-26T02:05:48.699+0200] {logging_mixin.py:190} INFO - Dag name:simulator_4_dag queued_at:2024-12-26 00:03:19.273254+00:00
[2024-12-26T02:05:48.706+0200] {logging_mixin.py:190} INFO - Task hostname:ali-nasser.gizasystems.local operator:PythonOperator
[2024-12-26T02:05:48.733+0200] {local_task_job_runner.py:266} INFO - Task exited with return code 0
[2024-12-26T02:05:48.757+0200] {taskinstance.py:3895} INFO - 0 downstream tasks scheduled from follow-on schedule check
[2024-12-26T02:05:48.760+0200] {local_task_job_runner.py:245} INFO - ::endgroup::
