[2024-12-26T02:40:48.533+0200] {local_task_job_runner.py:123} INFO - ::group::Pre task execution logs
[2024-12-26T02:40:48.552+0200] {taskinstance.py:2613} INFO - Dependencies all met for dep_context=non-requeueable deps ti=<TaskInstance: simulator_9_dag.send_to_api_9 manual__2024-12-26T00:40:04.901869+00:00 [queued]>
[2024-12-26T02:40:48.564+0200] {taskinstance.py:2613} INFO - Dependencies all met for dep_context=requeueable deps ti=<TaskInstance: simulator_9_dag.send_to_api_9 manual__2024-12-26T00:40:04.901869+00:00 [queued]>
[2024-12-26T02:40:48.566+0200] {taskinstance.py:2866} INFO - Starting attempt 1 of 2
[2024-12-26T02:40:48.602+0200] {taskinstance.py:2889} INFO - Executing <Task(PythonOperator): send_to_api_9> on 2024-12-26 00:40:04.901869+00:00
[2024-12-26T02:40:48.606+0200] {standard_task_runner.py:72} INFO - Started process 190113 to run task
[2024-12-26T02:40:48.609+0200] {standard_task_runner.py:104} INFO - Running: ['airflow', 'tasks', 'run', 'simulator_9_dag', 'send_to_api_9', 'manual__2024-12-26T00:40:04.901869+00:00', '--job-id', '24', '--raw', '--subdir', 'DAGS_FOLDER/Dynamic_Dags.py', '--cfg-path', '/tmp/tmppwd30qpk']
[2024-12-26T02:40:48.612+0200] {standard_task_runner.py:105} INFO - Job 24: Subtask send_to_api_9
[2024-12-26T02:40:48.700+0200] {task_command.py:467} INFO - Running <TaskInstance: simulator_9_dag.send_to_api_9 manual__2024-12-26T00:40:04.901869+00:00 [running]> on host ali-nasser.gizasystems.local
[2024-12-26T02:40:48.837+0200] {taskinstance.py:3132} INFO - Exporting env vars: AIRFLOW_CTX_DAG_OWNER='airflow' AIRFLOW_CTX_DAG_ID='simulator_9_dag' AIRFLOW_CTX_TASK_ID='send_to_api_9' AIRFLOW_CTX_EXECUTION_DATE='2024-12-26T00:40:04.901869+00:00' AIRFLOW_CTX_TRY_NUMBER='1' AIRFLOW_CTX_DAG_RUN_ID='manual__2024-12-26T00:40:04.901869+00:00'
[2024-12-26T02:40:48.839+0200] {logging_mixin.py:190} INFO - Task instance is in running state
[2024-12-26T02:40:48.841+0200] {logging_mixin.py:190} INFO -  Previous state of the Task instance: queued
[2024-12-26T02:40:48.843+0200] {logging_mixin.py:190} INFO - Current task name:send_to_api_9 state:running start_date:2024-12-26 00:40:48.555004+00:00
[2024-12-26T02:40:48.845+0200] {logging_mixin.py:190} INFO - Dag name:simulator_9_dag and current dag run status:running
[2024-12-26T02:40:48.847+0200] {taskinstance.py:731} INFO - ::endgroup::
[2024-12-26T02:40:48.868+0200] {logging_mixin.py:190} WARNING - /mnt/e/Assignments/Airflow/airflow/airflow_env/lib/python3.12/site-packages/django/db/models/fields/__init__.py:1665 RuntimeWarning: DateTimeField SimulatorResult.timestamp received a naive datetime (2024-12-26 00:40:48) while time zone support is active.
[2024-12-26T02:40:48.889+0200] {logging_mixin.py:190} INFO - Response saved for Simulator 9: {'asset_id': 1, 'attribute_id': 'output_1', 'timestamp': '2024-12-26T00:40:48Z[UTC]', 'value': 108.02742162484878}
[2024-12-26T02:40:48.892+0200] {python.py:240} INFO - Done. Returned value was: None
[2024-12-26T02:40:48.906+0200] {taskinstance.py:340} INFO - ::group::Post task execution logs
[2024-12-26T02:40:48.908+0200] {taskinstance.py:352} INFO - Marking task as SUCCESS. dag_id=simulator_9_dag, task_id=send_to_api_9, run_id=manual__2024-12-26T00:40:04.901869+00:00, execution_date=20241226T004004, start_date=20241226T004048, end_date=20241226T004048
[2024-12-26T02:40:48.941+0200] {logging_mixin.py:190} INFO - Task instance in success state
[2024-12-26T02:40:48.943+0200] {logging_mixin.py:190} INFO -  Previous state of the Task instance: running
[2024-12-26T02:40:48.944+0200] {logging_mixin.py:190} INFO - Dag name:simulator_9_dag queued_at:2024-12-26 00:40:04.948998+00:00
[2024-12-26T02:40:48.946+0200] {logging_mixin.py:190} INFO - Task hostname:ali-nasser.gizasystems.local operator:PythonOperator
[2024-12-26T02:40:48.984+0200] {local_task_job_runner.py:266} INFO - Task exited with return code 0
[2024-12-26T02:40:49.014+0200] {taskinstance.py:3895} INFO - 0 downstream tasks scheduled from follow-on schedule check
[2024-12-26T02:40:49.020+0200] {local_task_job_runner.py:245} INFO - ::endgroup::
