[2024-12-26T00:13:24.809+0200] {local_task_job_runner.py:123} INFO - ::group::Pre task execution logs
[2024-12-26T00:13:24.827+0200] {taskinstance.py:2613} INFO - Dependencies all met for dep_context=non-requeueable deps ti=<TaskInstance: simulator_3_dag.send_to_api_3 manual__2024-12-25T22:12:42.783845+00:00 [queued]>
[2024-12-26T00:13:24.837+0200] {taskinstance.py:2613} INFO - Dependencies all met for dep_context=requeueable deps ti=<TaskInstance: simulator_3_dag.send_to_api_3 manual__2024-12-25T22:12:42.783845+00:00 [queued]>
[2024-12-26T00:13:24.839+0200] {taskinstance.py:2866} INFO - Starting attempt 1 of 2
[2024-12-26T00:13:24.875+0200] {taskinstance.py:2889} INFO - Executing <Task(PythonOperator): send_to_api_3> on 2024-12-25 22:12:42.783845+00:00
[2024-12-26T00:13:24.878+0200] {standard_task_runner.py:72} INFO - Started process 184963 to run task
[2024-12-26T00:13:24.881+0200] {standard_task_runner.py:104} INFO - Running: ['airflow', 'tasks', 'run', 'simulator_3_dag', 'send_to_api_3', 'manual__2024-12-25T22:12:42.783845+00:00', '--job-id', '10', '--raw', '--subdir', 'DAGS_FOLDER/Dynamic_Dags.py', '--cfg-path', '/tmp/tmpo62egnkg']
[2024-12-26T00:13:24.884+0200] {standard_task_runner.py:105} INFO - Job 10: Subtask send_to_api_3
[2024-12-26T00:13:24.971+0200] {task_command.py:467} INFO - Running <TaskInstance: simulator_3_dag.send_to_api_3 manual__2024-12-25T22:12:42.783845+00:00 [running]> on host ali-nasser.gizasystems.local
[2024-12-26T00:13:25.093+0200] {taskinstance.py:3132} INFO - Exporting env vars: AIRFLOW_CTX_DAG_OWNER='airflow' AIRFLOW_CTX_DAG_ID='simulator_3_dag' AIRFLOW_CTX_TASK_ID='send_to_api_3' AIRFLOW_CTX_EXECUTION_DATE='2024-12-25T22:12:42.783845+00:00' AIRFLOW_CTX_TRY_NUMBER='1' AIRFLOW_CTX_DAG_RUN_ID='manual__2024-12-25T22:12:42.783845+00:00'
[2024-12-26T00:13:25.095+0200] {logging_mixin.py:190} INFO - Task instance is in running state
[2024-12-26T00:13:25.098+0200] {logging_mixin.py:190} INFO -  Previous state of the Task instance: queued
[2024-12-26T00:13:25.099+0200] {logging_mixin.py:190} INFO - Current task name:send_to_api_3 state:running start_date:2024-12-25 22:13:24.829288+00:00
[2024-12-26T00:13:25.101+0200] {logging_mixin.py:190} INFO - Dag name:simulator_3_dag and current dag run status:running
[2024-12-26T00:13:25.103+0200] {taskinstance.py:731} INFO - ::endgroup::
[2024-12-26T00:13:25.132+0200] {logging_mixin.py:190} WARNING - /mnt/e/Assignments/Airflow/airflow/airflow_env/lib/python3.12/site-packages/django/db/models/fields/__init__.py:1665 RuntimeWarning: DateTimeField SimulatorResult.timestamp received a naive datetime (2024-12-25 22:13:25) while time zone support is active.
[2024-12-26T00:13:25.174+0200] {logging_mixin.py:190} INFO - Response saved for Simulator 3: {'asset_id': 1, 'attribute_id': 'output_1', 'timestamp': '2024-12-25T22:13:25Z[UTC]', 'value': 1160.047954561982}
[2024-12-26T00:13:25.177+0200] {python.py:240} INFO - Done. Returned value was: None
[2024-12-26T00:13:25.196+0200] {taskinstance.py:340} INFO - ::group::Post task execution logs
[2024-12-26T00:13:25.198+0200] {taskinstance.py:352} INFO - Marking task as SUCCESS. dag_id=simulator_3_dag, task_id=send_to_api_3, run_id=manual__2024-12-25T22:12:42.783845+00:00, execution_date=20241225T221242, start_date=20241225T221324, end_date=20241225T221325
[2024-12-26T00:13:25.255+0200] {logging_mixin.py:190} INFO - Task instance in success state
[2024-12-26T00:13:25.258+0200] {logging_mixin.py:190} INFO -  Previous state of the Task instance: running
[2024-12-26T00:13:25.262+0200] {logging_mixin.py:190} INFO - Dag name:simulator_3_dag queued_at:2024-12-25 22:12:42.835012+00:00
[2024-12-26T00:13:25.265+0200] {logging_mixin.py:190} INFO - Task hostname:ali-nasser.gizasystems.local operator:PythonOperator
[2024-12-26T00:13:25.296+0200] {local_task_job_runner.py:266} INFO - Task exited with return code 0
[2024-12-26T00:13:25.317+0200] {taskinstance.py:3895} INFO - 0 downstream tasks scheduled from follow-on schedule check
[2024-12-26T00:13:25.322+0200] {local_task_job_runner.py:245} INFO - ::endgroup::
