[2024-12-26T01:11:55.821+0200] {local_task_job_runner.py:123} INFO - ::group::Pre task execution logs
[2024-12-26T01:11:58.983+0200] {taskinstance.py:2613} INFO - Dependencies all met for dep_context=non-requeueable deps ti=<TaskInstance: simulator_3_dag.send_to_api_3 scheduled__2024-12-25T22:00:00+00:00 [queued]>
[2024-12-26T01:11:59.002+0200] {taskinstance.py:2613} INFO - Dependencies all met for dep_context=requeueable deps ti=<TaskInstance: simulator_3_dag.send_to_api_3 scheduled__2024-12-25T22:00:00+00:00 [queued]>
[2024-12-26T01:11:59.090+0200] {taskinstance.py:2866} INFO - Starting attempt 1 of 2
[2024-12-26T01:11:59.151+0200] {taskinstance.py:2889} INFO - Executing <Task(PythonOperator): send_to_api_3> on 2024-12-25 22:00:00+00:00
[2024-12-26T01:11:59.159+0200] {standard_task_runner.py:72} INFO - Started process 186986 to run task
[2024-12-26T01:11:59.162+0200] {standard_task_runner.py:104} INFO - Running: ['airflow', 'tasks', 'run', 'simulator_3_dag', 'send_to_api_3', 'scheduled__2024-12-25T22:00:00+00:00', '--job-id', '12', '--raw', '--subdir', 'DAGS_FOLDER/Dynamic_Dags.py', '--cfg-path', '/tmp/tmps76lwkaw']
[2024-12-26T01:11:59.166+0200] {standard_task_runner.py:105} INFO - Job 12: Subtask send_to_api_3
[2024-12-26T01:11:59.348+0200] {task_command.py:467} INFO - Running <TaskInstance: simulator_3_dag.send_to_api_3 scheduled__2024-12-25T22:00:00+00:00 [running]> on host ali-nasser.gizasystems.local
[2024-12-26T01:11:59.667+0200] {taskinstance.py:3132} INFO - Exporting env vars: AIRFLOW_CTX_DAG_OWNER='airflow' AIRFLOW_CTX_DAG_ID='simulator_3_dag' AIRFLOW_CTX_TASK_ID='send_to_api_3' AIRFLOW_CTX_EXECUTION_DATE='2024-12-25T22:00:00+00:00' AIRFLOW_CTX_TRY_NUMBER='1' AIRFLOW_CTX_DAG_RUN_ID='scheduled__2024-12-25T22:00:00+00:00'
[2024-12-26T01:11:59.676+0200] {logging_mixin.py:190} INFO - Task instance is in running state
[2024-12-26T01:11:59.682+0200] {logging_mixin.py:190} INFO -  Previous state of the Task instance: queued
[2024-12-26T01:11:59.688+0200] {logging_mixin.py:190} INFO - Current task name:send_to_api_3 state:running start_date:2024-12-25 23:11:58.986918+00:00
[2024-12-26T01:11:59.693+0200] {logging_mixin.py:190} INFO - Dag name:simulator_3_dag and current dag run status:running
[2024-12-26T01:11:59.696+0200] {taskinstance.py:731} INFO - ::endgroup::
[2024-12-26T01:11:59.746+0200] {logging_mixin.py:190} WARNING - /mnt/e/Assignments/Airflow/airflow/airflow_env/lib/python3.12/site-packages/django/db/models/fields/__init__.py:1665 RuntimeWarning: DateTimeField SimulatorResult.timestamp received a naive datetime (2024-12-25 23:11:59) while time zone support is active.
[2024-12-26T01:11:59.785+0200] {logging_mixin.py:190} INFO - Response saved for Simulator 3: {'asset_id': 1, 'attribute_id': 'output_1', 'timestamp': '2024-12-25T23:11:59Z[UTC]', 'value': 695.6436034017745}
[2024-12-26T01:11:59.792+0200] {python.py:240} INFO - Done. Returned value was: None
[2024-12-26T01:11:59.822+0200] {taskinstance.py:340} INFO - ::group::Post task execution logs
[2024-12-26T01:11:59.825+0200] {taskinstance.py:352} INFO - Marking task as SUCCESS. dag_id=simulator_3_dag, task_id=send_to_api_3, run_id=scheduled__2024-12-25T22:00:00+00:00, execution_date=20241225T220000, start_date=20241225T231158, end_date=20241225T231159
[2024-12-26T01:11:59.927+0200] {logging_mixin.py:190} INFO - Task instance in success state
[2024-12-26T01:11:59.931+0200] {logging_mixin.py:190} INFO -  Previous state of the Task instance: running
[2024-12-26T01:11:59.936+0200] {logging_mixin.py:190} INFO - Dag name:simulator_3_dag queued_at:2024-12-25 23:00:03.528187+00:00
[2024-12-26T01:11:59.940+0200] {logging_mixin.py:190} INFO - Task hostname:ali-nasser.gizasystems.local operator:PythonOperator
[2024-12-26T01:11:59.981+0200] {local_task_job_runner.py:266} INFO - Task exited with return code 0
[2024-12-26T01:12:00.053+0200] {taskinstance.py:3895} INFO - 0 downstream tasks scheduled from follow-on schedule check
[2024-12-26T01:12:00.072+0200] {local_task_job_runner.py:245} INFO - ::endgroup::
