[2024-12-26T01:21:02.839+0200] {local_task_job_runner.py:123} INFO - ::group::Pre task execution logs
[2024-12-26T01:21:02.882+0200] {taskinstance.py:2613} INFO - Dependencies all met for dep_context=non-requeueable deps ti=<TaskInstance: simulator_2_dag.send_to_api_2 scheduled__2024-12-25T22:00:00+00:00 [queued]>
[2024-12-26T01:21:02.908+0200] {taskinstance.py:2613} INFO - Dependencies all met for dep_context=requeueable deps ti=<TaskInstance: simulator_2_dag.send_to_api_2 scheduled__2024-12-25T22:00:00+00:00 [queued]>
[2024-12-26T01:21:02.913+0200] {taskinstance.py:2866} INFO - Starting attempt 2 of 2
[2024-12-26T01:21:03.153+0200] {taskinstance.py:2889} INFO - Executing <Task(PythonOperator): send_to_api_2> on 2024-12-25 22:00:00+00:00
[2024-12-26T01:21:03.162+0200] {standard_task_runner.py:72} INFO - Started process 187067 to run task
[2024-12-26T01:21:03.171+0200] {standard_task_runner.py:104} INFO - Running: ['airflow', 'tasks', 'run', 'simulator_2_dag', 'send_to_api_2', 'scheduled__2024-12-25T22:00:00+00:00', '--job-id', '15', '--raw', '--subdir', 'DAGS_FOLDER/Dynamic_Dags.py', '--cfg-path', '/tmp/tmpv30i09zv']
[2024-12-26T01:21:03.175+0200] {standard_task_runner.py:105} INFO - Job 15: Subtask send_to_api_2
[2024-12-26T01:21:03.306+0200] {task_command.py:467} INFO - Running <TaskInstance: simulator_2_dag.send_to_api_2 scheduled__2024-12-25T22:00:00+00:00 [running]> on host ali-nasser.gizasystems.local
[2024-12-26T01:21:03.565+0200] {taskinstance.py:3132} INFO - Exporting env vars: AIRFLOW_CTX_DAG_OWNER='airflow' AIRFLOW_CTX_DAG_ID='simulator_2_dag' AIRFLOW_CTX_TASK_ID='send_to_api_2' AIRFLOW_CTX_EXECUTION_DATE='2024-12-25T22:00:00+00:00' AIRFLOW_CTX_TRY_NUMBER='2' AIRFLOW_CTX_DAG_RUN_ID='scheduled__2024-12-25T22:00:00+00:00'
[2024-12-26T01:21:03.571+0200] {logging_mixin.py:190} INFO - Task instance is in running state
[2024-12-26T01:21:03.574+0200] {logging_mixin.py:190} INFO -  Previous state of the Task instance: queued
[2024-12-26T01:21:03.577+0200] {logging_mixin.py:190} INFO - Current task name:send_to_api_2 state:running start_date:2024-12-25 23:21:02.886791+00:00
[2024-12-26T01:21:03.579+0200] {logging_mixin.py:190} INFO - Dag name:simulator_2_dag and current dag run status:running
[2024-12-26T01:21:03.583+0200] {taskinstance.py:731} INFO - ::endgroup::
[2024-12-26T01:21:03.627+0200] {logging_mixin.py:190} WARNING - /mnt/e/Assignments/Airflow/airflow/airflow_env/lib/python3.12/site-packages/django/db/models/fields/__init__.py:1665 RuntimeWarning: DateTimeField SimulatorResult.timestamp received a naive datetime (2024-12-25 23:21:03) while time zone support is active.
[2024-12-26T01:21:03.741+0200] {logging_mixin.py:190} INFO - Response saved for Simulator 2: {'asset_id': 1, 'attribute_id': 'output_1', 'timestamp': '2024-12-25T23:21:03Z[UTC]', 'value': 1172.928095473098}
[2024-12-26T01:21:03.746+0200] {python.py:240} INFO - Done. Returned value was: None
[2024-12-26T01:21:03.767+0200] {taskinstance.py:340} INFO - ::group::Post task execution logs
[2024-12-26T01:21:03.771+0200] {taskinstance.py:352} INFO - Marking task as SUCCESS. dag_id=simulator_2_dag, task_id=send_to_api_2, run_id=scheduled__2024-12-25T22:00:00+00:00, execution_date=20241225T220000, start_date=20241225T232102, end_date=20241225T232103
[2024-12-26T01:21:03.832+0200] {logging_mixin.py:190} INFO - Task instance in success state
[2024-12-26T01:21:03.836+0200] {logging_mixin.py:190} INFO -  Previous state of the Task instance: running
[2024-12-26T01:21:03.840+0200] {logging_mixin.py:190} INFO - Dag name:simulator_2_dag queued_at:2024-12-25 23:00:03.352389+00:00
[2024-12-26T01:21:03.845+0200] {logging_mixin.py:190} INFO - Task hostname:ali-nasser.gizasystems.local operator:PythonOperator
[2024-12-26T01:21:03.873+0200] {local_task_job_runner.py:266} INFO - Task exited with return code 0
[2024-12-26T01:21:03.915+0200] {taskinstance.py:3895} INFO - 0 downstream tasks scheduled from follow-on schedule check
[2024-12-26T01:21:03.921+0200] {local_task_job_runner.py:245} INFO - ::endgroup::
