[2024-12-26T03:36:44.323+0200] {local_task_job_runner.py:123} INFO - ::group::Pre task execution logs
[2024-12-26T03:36:44.341+0200] {taskinstance.py:2613} INFO - Dependencies all met for dep_context=non-requeueable deps ti=<TaskInstance: simulator_14_dag.send_to_api_14 manual__2024-12-26T01:35:51.803123+00:00 [queued]>
[2024-12-26T03:36:44.352+0200] {taskinstance.py:2613} INFO - Dependencies all met for dep_context=requeueable deps ti=<TaskInstance: simulator_14_dag.send_to_api_14 manual__2024-12-26T01:35:51.803123+00:00 [queued]>
[2024-12-26T03:36:44.353+0200] {taskinstance.py:2866} INFO - Starting attempt 1 of 2
[2024-12-26T03:36:44.386+0200] {taskinstance.py:2889} INFO - Executing <Task(PythonOperator): send_to_api_14> on 2024-12-26 01:35:51.803123+00:00
[2024-12-26T03:36:44.390+0200] {standard_task_runner.py:72} INFO - Started process 192430 to run task
[2024-12-26T03:36:44.392+0200] {standard_task_runner.py:104} INFO - Running: ['airflow', 'tasks', 'run', 'simulator_14_dag', 'send_to_api_14', 'manual__2024-12-26T01:35:51.803123+00:00', '--job-id', '27', '--raw', '--subdir', 'DAGS_FOLDER/Dynamic_Dags.py', '--cfg-path', '/tmp/tmpse3irrwe']
[2024-12-26T03:36:44.395+0200] {standard_task_runner.py:105} INFO - Job 27: Subtask send_to_api_14
[2024-12-26T03:36:44.482+0200] {task_command.py:467} INFO - Running <TaskInstance: simulator_14_dag.send_to_api_14 manual__2024-12-26T01:35:51.803123+00:00 [running]> on host ali-nasser.gizasystems.local
[2024-12-26T03:36:44.618+0200] {taskinstance.py:3132} INFO - Exporting env vars: AIRFLOW_CTX_DAG_OWNER='airflow' AIRFLOW_CTX_DAG_ID='simulator_14_dag' AIRFLOW_CTX_TASK_ID='send_to_api_14' AIRFLOW_CTX_EXECUTION_DATE='2024-12-26T01:35:51.803123+00:00' AIRFLOW_CTX_TRY_NUMBER='1' AIRFLOW_CTX_DAG_RUN_ID='manual__2024-12-26T01:35:51.803123+00:00'
[2024-12-26T03:36:44.622+0200] {logging_mixin.py:190} INFO - Task instance is in running state
[2024-12-26T03:36:44.624+0200] {logging_mixin.py:190} INFO -  Previous state of the Task instance: queued
[2024-12-26T03:36:44.627+0200] {logging_mixin.py:190} INFO - Current task name:send_to_api_14 state:running start_date:2024-12-26 01:36:44.343854+00:00
[2024-12-26T03:36:44.628+0200] {logging_mixin.py:190} INFO - Dag name:simulator_14_dag and current dag run status:running
[2024-12-26T03:36:44.630+0200] {taskinstance.py:731} INFO - ::endgroup::
[2024-12-26T03:36:44.653+0200] {logging_mixin.py:190} WARNING - /mnt/e/Assignments/Airflow/airflow/airflow_env/lib/python3.12/site-packages/django/db/models/fields/__init__.py:1665 RuntimeWarning: DateTimeField SimulatorResult.timestamp received a naive datetime (2024-12-26 01:36:44) while time zone support is active.
[2024-12-26T03:36:44.679+0200] {logging_mixin.py:190} INFO - Response saved for Simulator 14: {'asset_id': 1, 'attribute_id': 'output_1', 'timestamp': '2024-12-26T01:36:44Z[UTC]', 'value': 821.7678123853578}
[2024-12-26T03:36:44.681+0200] {python.py:240} INFO - Done. Returned value was: None
[2024-12-26T03:36:44.702+0200] {taskinstance.py:340} INFO - ::group::Post task execution logs
[2024-12-26T03:36:44.707+0200] {taskinstance.py:352} INFO - Marking task as SUCCESS. dag_id=simulator_14_dag, task_id=send_to_api_14, run_id=manual__2024-12-26T01:35:51.803123+00:00, execution_date=20241226T013551, start_date=20241226T013644, end_date=20241226T013644
[2024-12-26T03:36:44.779+0200] {logging_mixin.py:190} INFO - Task instance in success state
[2024-12-26T03:36:44.784+0200] {logging_mixin.py:190} INFO -  Previous state of the Task instance: running
[2024-12-26T03:36:44.789+0200] {logging_mixin.py:190} INFO - Dag name:simulator_14_dag queued_at:2024-12-26 01:35:51.826807+00:00
[2024-12-26T03:36:44.795+0200] {logging_mixin.py:190} INFO - Task hostname:ali-nasser.gizasystems.local operator:PythonOperator
[2024-12-26T03:36:44.806+0200] {local_task_job_runner.py:266} INFO - Task exited with return code 0
[2024-12-26T03:36:44.850+0200] {taskinstance.py:3895} INFO - 0 downstream tasks scheduled from follow-on schedule check
[2024-12-26T03:36:44.857+0200] {local_task_job_runner.py:245} INFO - ::endgroup::
