[2024-12-26T01:13:34.161+0200] {local_task_job_runner.py:123} INFO - ::group::Pre task execution logs
[2024-12-26T01:13:34.241+0200] {taskinstance.py:2613} INFO - Dependencies all met for dep_context=non-requeueable deps ti=<TaskInstance: simulator_4_dag.send_to_api_4 scheduled__2024-12-25T22:00:00+00:00 [queued]>
[2024-12-26T01:13:34.273+0200] {taskinstance.py:2613} INFO - Dependencies all met for dep_context=requeueable deps ti=<TaskInstance: simulator_4_dag.send_to_api_4 scheduled__2024-12-25T22:00:00+00:00 [queued]>
[2024-12-26T01:13:34.276+0200] {taskinstance.py:2866} INFO - Starting attempt 1 of 2
[2024-12-26T01:13:34.333+0200] {taskinstance.py:2889} INFO - Executing <Task(PythonOperator): send_to_api_4> on 2024-12-25 22:00:00+00:00
[2024-12-26T01:13:34.343+0200] {standard_task_runner.py:72} INFO - Started process 186992 to run task
[2024-12-26T01:13:34.346+0200] {standard_task_runner.py:104} INFO - Running: ['airflow', 'tasks', 'run', 'simulator_4_dag', 'send_to_api_4', 'scheduled__2024-12-25T22:00:00+00:00', '--job-id', '13', '--raw', '--subdir', 'DAGS_FOLDER/Dynamic_Dags.py', '--cfg-path', '/tmp/tmplpgnrwbz']
[2024-12-26T01:13:34.350+0200] {standard_task_runner.py:105} INFO - Job 13: Subtask send_to_api_4
[2024-12-26T01:13:34.590+0200] {task_command.py:467} INFO - Running <TaskInstance: simulator_4_dag.send_to_api_4 scheduled__2024-12-25T22:00:00+00:00 [running]> on host ali-nasser.gizasystems.local
[2024-12-26T01:13:34.900+0200] {taskinstance.py:3132} INFO - Exporting env vars: AIRFLOW_CTX_DAG_OWNER='airflow' AIRFLOW_CTX_DAG_ID='simulator_4_dag' AIRFLOW_CTX_TASK_ID='send_to_api_4' AIRFLOW_CTX_EXECUTION_DATE='2024-12-25T22:00:00+00:00' AIRFLOW_CTX_TRY_NUMBER='1' AIRFLOW_CTX_DAG_RUN_ID='scheduled__2024-12-25T22:00:00+00:00'
[2024-12-26T01:13:34.907+0200] {logging_mixin.py:190} INFO - Task instance is in running state
[2024-12-26T01:13:34.912+0200] {logging_mixin.py:190} INFO -  Previous state of the Task instance: queued
[2024-12-26T01:13:34.917+0200] {logging_mixin.py:190} INFO - Current task name:send_to_api_4 state:running start_date:2024-12-25 23:13:34.245727+00:00
[2024-12-26T01:13:34.922+0200] {logging_mixin.py:190} INFO - Dag name:simulator_4_dag and current dag run status:running
[2024-12-26T01:13:34.928+0200] {taskinstance.py:731} INFO - ::endgroup::
[2024-12-26T01:13:34.974+0200] {logging_mixin.py:190} WARNING - /mnt/e/Assignments/Airflow/airflow/airflow_env/lib/python3.12/site-packages/django/db/models/fields/__init__.py:1665 RuntimeWarning: DateTimeField SimulatorResult.timestamp received a naive datetime (2024-12-25 23:13:34) while time zone support is active.
[2024-12-26T01:13:35.081+0200] {logging_mixin.py:190} INFO - Response saved for Simulator 4: {'asset_id': 1, 'attribute_id': 'output_1', 'timestamp': '2024-12-25T23:13:34Z[UTC]', 'value': 687.2691295641494}
[2024-12-26T01:13:35.087+0200] {python.py:240} INFO - Done. Returned value was: None
[2024-12-26T01:13:35.251+0200] {taskinstance.py:340} INFO - ::group::Post task execution logs
[2024-12-26T01:13:35.394+0200] {taskinstance.py:352} INFO - Marking task as SUCCESS. dag_id=simulator_4_dag, task_id=send_to_api_4, run_id=scheduled__2024-12-25T22:00:00+00:00, execution_date=20241225T220000, start_date=20241225T231334, end_date=20241225T231335
[2024-12-26T01:13:35.838+0200] {logging_mixin.py:190} INFO - Task instance in success state
[2024-12-26T01:13:35.844+0200] {logging_mixin.py:190} INFO -  Previous state of the Task instance: running
[2024-12-26T01:13:35.852+0200] {logging_mixin.py:190} INFO - Dag name:simulator_4_dag queued_at:2024-12-25 23:00:03.588381+00:00
[2024-12-26T01:13:35.858+0200] {logging_mixin.py:190} INFO - Task hostname:ali-nasser.gizasystems.local operator:PythonOperator
[2024-12-26T01:13:35.887+0200] {local_task_job_runner.py:266} INFO - Task exited with return code 0
[2024-12-26T01:13:35.963+0200] {taskinstance.py:3895} INFO - 0 downstream tasks scheduled from follow-on schedule check
[2024-12-26T01:13:35.971+0200] {local_task_job_runner.py:245} INFO - ::endgroup::
