[2024-12-26T02:07:52.680+0200] {processor.py:186} INFO - Started process (PID=188631) to work on /mnt/e/Assignments/Airflow/airflow/airflow_env/lib/python3.12/site-packages/airflow/example_dags/example_complex.py
[2024-12-26T02:07:52.684+0200] {processor.py:914} INFO - Processing file /mnt/e/Assignments/Airflow/airflow/airflow_env/lib/python3.12/site-packages/airflow/example_dags/example_complex.py for tasks to queue
[2024-12-26T02:07:52.689+0200] {logging_mixin.py:190} INFO - [2024-12-26T02:07:52.687+0200] {dagbag.py:588} INFO - Filling up the DagBag from /mnt/e/Assignments/Airflow/airflow/airflow_env/lib/python3.12/site-packages/airflow/example_dags/example_complex.py
[2024-12-26T02:07:52.739+0200] {processor.py:925} INFO - DAG(s) 'example_complex' retrieved from /mnt/e/Assignments/Airflow/airflow/airflow_env/lib/python3.12/site-packages/airflow/example_dags/example_complex.py
[2024-12-26T02:07:52.809+0200] {logging_mixin.py:190} INFO - [2024-12-26T02:07:52.807+0200] {dag.py:3239} INFO - Sync 1 DAGs
[2024-12-26T02:07:52.826+0200] {logging_mixin.py:190} INFO - [2024-12-26T02:07:52.825+0200] {dag.py:4180} INFO - Setting next_dagrun for example_complex to None, run_after=None
[2024-12-26T02:07:52.897+0200] {processor.py:208} INFO - Processing /mnt/e/Assignments/Airflow/airflow/airflow_env/lib/python3.12/site-packages/airflow/example_dags/example_complex.py took 0.240 seconds
[2024-12-26T02:10:04.141+0200] {processor.py:186} INFO - Started process (PID=188712) to work on /mnt/e/Assignments/Airflow/airflow/airflow_env/lib/python3.12/site-packages/airflow/example_dags/example_complex.py
[2024-12-26T02:10:04.145+0200] {processor.py:914} INFO - Processing file /mnt/e/Assignments/Airflow/airflow/airflow_env/lib/python3.12/site-packages/airflow/example_dags/example_complex.py for tasks to queue
[2024-12-26T02:10:04.149+0200] {logging_mixin.py:190} INFO - [2024-12-26T02:10:04.147+0200] {dagbag.py:588} INFO - Filling up the DagBag from /mnt/e/Assignments/Airflow/airflow/airflow_env/lib/python3.12/site-packages/airflow/example_dags/example_complex.py
[2024-12-26T02:10:04.195+0200] {processor.py:925} INFO - DAG(s) 'example_complex' retrieved from /mnt/e/Assignments/Airflow/airflow/airflow_env/lib/python3.12/site-packages/airflow/example_dags/example_complex.py
[2024-12-26T02:10:04.243+0200] {logging_mixin.py:190} INFO - [2024-12-26T02:10:04.241+0200] {dag.py:3239} INFO - Sync 1 DAGs
[2024-12-26T02:10:04.272+0200] {logging_mixin.py:190} INFO - [2024-12-26T02:10:04.270+0200] {dag.py:4180} INFO - Setting next_dagrun for example_complex to None, run_after=None
[2024-12-26T02:10:04.377+0200] {processor.py:208} INFO - Processing /mnt/e/Assignments/Airflow/airflow/airflow_env/lib/python3.12/site-packages/airflow/example_dags/example_complex.py took 0.255 seconds
[2024-12-26T02:12:16.845+0200] {processor.py:186} INFO - Started process (PID=188809) to work on /mnt/e/Assignments/Airflow/airflow/airflow_env/lib/python3.12/site-packages/airflow/example_dags/example_complex.py
[2024-12-26T02:12:16.847+0200] {processor.py:914} INFO - Processing file /mnt/e/Assignments/Airflow/airflow/airflow_env/lib/python3.12/site-packages/airflow/example_dags/example_complex.py for tasks to queue
[2024-12-26T02:12:16.850+0200] {logging_mixin.py:190} INFO - [2024-12-26T02:12:16.849+0200] {dagbag.py:588} INFO - Filling up the DagBag from /mnt/e/Assignments/Airflow/airflow/airflow_env/lib/python3.12/site-packages/airflow/example_dags/example_complex.py
[2024-12-26T02:12:16.876+0200] {processor.py:925} INFO - DAG(s) 'example_complex' retrieved from /mnt/e/Assignments/Airflow/airflow/airflow_env/lib/python3.12/site-packages/airflow/example_dags/example_complex.py
[2024-12-26T02:12:16.914+0200] {logging_mixin.py:190} INFO - [2024-12-26T02:12:16.913+0200] {dag.py:3239} INFO - Sync 1 DAGs
[2024-12-26T02:12:16.927+0200] {logging_mixin.py:190} INFO - [2024-12-26T02:12:16.925+0200] {dag.py:4180} INFO - Setting next_dagrun for example_complex to None, run_after=None
[2024-12-26T02:12:16.991+0200] {processor.py:208} INFO - Processing /mnt/e/Assignments/Airflow/airflow/airflow_env/lib/python3.12/site-packages/airflow/example_dags/example_complex.py took 0.160 seconds
[2024-12-26T02:14:21.903+0200] {processor.py:186} INFO - Started process (PID=188894) to work on /mnt/e/Assignments/Airflow/airflow/airflow_env/lib/python3.12/site-packages/airflow/example_dags/example_complex.py
[2024-12-26T02:14:21.905+0200] {processor.py:914} INFO - Processing file /mnt/e/Assignments/Airflow/airflow/airflow_env/lib/python3.12/site-packages/airflow/example_dags/example_complex.py for tasks to queue
[2024-12-26T02:14:21.910+0200] {logging_mixin.py:190} INFO - [2024-12-26T02:14:21.907+0200] {dagbag.py:588} INFO - Filling up the DagBag from /mnt/e/Assignments/Airflow/airflow/airflow_env/lib/python3.12/site-packages/airflow/example_dags/example_complex.py
[2024-12-26T02:14:21.953+0200] {processor.py:925} INFO - DAG(s) 'example_complex' retrieved from /mnt/e/Assignments/Airflow/airflow/airflow_env/lib/python3.12/site-packages/airflow/example_dags/example_complex.py
[2024-12-26T02:14:21.992+0200] {logging_mixin.py:190} INFO - [2024-12-26T02:14:21.991+0200] {dag.py:3239} INFO - Sync 1 DAGs
[2024-12-26T02:14:22.009+0200] {logging_mixin.py:190} INFO - [2024-12-26T02:14:22.008+0200] {dag.py:4180} INFO - Setting next_dagrun for example_complex to None, run_after=None
[2024-12-26T02:14:22.069+0200] {processor.py:208} INFO - Processing /mnt/e/Assignments/Airflow/airflow/airflow_env/lib/python3.12/site-packages/airflow/example_dags/example_complex.py took 0.184 seconds
[2024-12-26T02:16:34.475+0200] {processor.py:186} INFO - Started process (PID=188978) to work on /mnt/e/Assignments/Airflow/airflow/airflow_env/lib/python3.12/site-packages/airflow/example_dags/example_complex.py
[2024-12-26T02:16:34.480+0200] {processor.py:914} INFO - Processing file /mnt/e/Assignments/Airflow/airflow/airflow_env/lib/python3.12/site-packages/airflow/example_dags/example_complex.py for tasks to queue
[2024-12-26T02:16:34.485+0200] {logging_mixin.py:190} INFO - [2024-12-26T02:16:34.483+0200] {dagbag.py:588} INFO - Filling up the DagBag from /mnt/e/Assignments/Airflow/airflow/airflow_env/lib/python3.12/site-packages/airflow/example_dags/example_complex.py
[2024-12-26T02:16:34.525+0200] {processor.py:925} INFO - DAG(s) 'example_complex' retrieved from /mnt/e/Assignments/Airflow/airflow/airflow_env/lib/python3.12/site-packages/airflow/example_dags/example_complex.py
[2024-12-26T02:16:34.567+0200] {logging_mixin.py:190} INFO - [2024-12-26T02:16:34.566+0200] {dag.py:3239} INFO - Sync 1 DAGs
[2024-12-26T02:16:34.582+0200] {logging_mixin.py:190} INFO - [2024-12-26T02:16:34.581+0200] {dag.py:4180} INFO - Setting next_dagrun for example_complex to None, run_after=None
[2024-12-26T02:16:34.638+0200] {processor.py:208} INFO - Processing /mnt/e/Assignments/Airflow/airflow/airflow_env/lib/python3.12/site-packages/airflow/example_dags/example_complex.py took 0.184 seconds
[2024-12-26T02:18:36.731+0200] {processor.py:186} INFO - Started process (PID=189074) to work on /mnt/e/Assignments/Airflow/airflow/airflow_env/lib/python3.12/site-packages/airflow/example_dags/example_complex.py
[2024-12-26T02:18:36.733+0200] {processor.py:914} INFO - Processing file /mnt/e/Assignments/Airflow/airflow/airflow_env/lib/python3.12/site-packages/airflow/example_dags/example_complex.py for tasks to queue
[2024-12-26T02:18:36.736+0200] {logging_mixin.py:190} INFO - [2024-12-26T02:18:36.735+0200] {dagbag.py:588} INFO - Filling up the DagBag from /mnt/e/Assignments/Airflow/airflow/airflow_env/lib/python3.12/site-packages/airflow/example_dags/example_complex.py
[2024-12-26T02:18:36.761+0200] {processor.py:925} INFO - DAG(s) 'example_complex' retrieved from /mnt/e/Assignments/Airflow/airflow/airflow_env/lib/python3.12/site-packages/airflow/example_dags/example_complex.py
[2024-12-26T02:18:36.798+0200] {logging_mixin.py:190} INFO - [2024-12-26T02:18:36.797+0200] {dag.py:3239} INFO - Sync 1 DAGs
[2024-12-26T02:18:36.813+0200] {logging_mixin.py:190} INFO - [2024-12-26T02:18:36.812+0200] {dag.py:4180} INFO - Setting next_dagrun for example_complex to None, run_after=None
[2024-12-26T02:18:36.872+0200] {processor.py:208} INFO - Processing /mnt/e/Assignments/Airflow/airflow/airflow_env/lib/python3.12/site-packages/airflow/example_dags/example_complex.py took 0.156 seconds
[2024-12-26T02:20:53.244+0200] {processor.py:186} INFO - Started process (PID=189167) to work on /mnt/e/Assignments/Airflow/airflow/airflow_env/lib/python3.12/site-packages/airflow/example_dags/example_complex.py
[2024-12-26T02:20:53.247+0200] {processor.py:914} INFO - Processing file /mnt/e/Assignments/Airflow/airflow/airflow_env/lib/python3.12/site-packages/airflow/example_dags/example_complex.py for tasks to queue
[2024-12-26T02:20:53.251+0200] {logging_mixin.py:190} INFO - [2024-12-26T02:20:53.250+0200] {dagbag.py:588} INFO - Filling up the DagBag from /mnt/e/Assignments/Airflow/airflow/airflow_env/lib/python3.12/site-packages/airflow/example_dags/example_complex.py
[2024-12-26T02:20:53.416+0200] {processor.py:925} INFO - DAG(s) 'example_complex' retrieved from /mnt/e/Assignments/Airflow/airflow/airflow_env/lib/python3.12/site-packages/airflow/example_dags/example_complex.py
[2024-12-26T02:20:53.473+0200] {logging_mixin.py:190} INFO - [2024-12-26T02:20:53.472+0200] {dag.py:3239} INFO - Sync 1 DAGs
[2024-12-26T02:20:53.504+0200] {logging_mixin.py:190} INFO - [2024-12-26T02:20:53.503+0200] {dag.py:4180} INFO - Setting next_dagrun for example_complex to None, run_after=None
[2024-12-26T02:20:53.599+0200] {processor.py:208} INFO - Processing /mnt/e/Assignments/Airflow/airflow/airflow_env/lib/python3.12/site-packages/airflow/example_dags/example_complex.py took 0.377 seconds
[2024-12-26T02:23:00.036+0200] {processor.py:186} INFO - Started process (PID=189274) to work on /mnt/e/Assignments/Airflow/airflow/airflow_env/lib/python3.12/site-packages/airflow/example_dags/example_complex.py
[2024-12-26T02:23:00.040+0200] {processor.py:914} INFO - Processing file /mnt/e/Assignments/Airflow/airflow/airflow_env/lib/python3.12/site-packages/airflow/example_dags/example_complex.py for tasks to queue
[2024-12-26T02:23:00.045+0200] {logging_mixin.py:190} INFO - [2024-12-26T02:23:00.042+0200] {dagbag.py:588} INFO - Filling up the DagBag from /mnt/e/Assignments/Airflow/airflow/airflow_env/lib/python3.12/site-packages/airflow/example_dags/example_complex.py
[2024-12-26T02:23:00.092+0200] {processor.py:925} INFO - DAG(s) 'example_complex' retrieved from /mnt/e/Assignments/Airflow/airflow/airflow_env/lib/python3.12/site-packages/airflow/example_dags/example_complex.py
[2024-12-26T02:23:00.147+0200] {logging_mixin.py:190} INFO - [2024-12-26T02:23:00.145+0200] {dag.py:3239} INFO - Sync 1 DAGs
[2024-12-26T02:23:00.171+0200] {logging_mixin.py:190} INFO - [2024-12-26T02:23:00.163+0200] {dag.py:4180} INFO - Setting next_dagrun for example_complex to None, run_after=None
[2024-12-26T02:23:00.249+0200] {processor.py:208} INFO - Processing /mnt/e/Assignments/Airflow/airflow/airflow_env/lib/python3.12/site-packages/airflow/example_dags/example_complex.py took 0.232 seconds
[2024-12-26T02:25:14.150+0200] {processor.py:186} INFO - Started process (PID=189401) to work on /mnt/e/Assignments/Airflow/airflow/airflow_env/lib/python3.12/site-packages/airflow/example_dags/example_complex.py
[2024-12-26T02:25:14.152+0200] {processor.py:914} INFO - Processing file /mnt/e/Assignments/Airflow/airflow/airflow_env/lib/python3.12/site-packages/airflow/example_dags/example_complex.py for tasks to queue
[2024-12-26T02:25:14.156+0200] {logging_mixin.py:190} INFO - [2024-12-26T02:25:14.154+0200] {dagbag.py:588} INFO - Filling up the DagBag from /mnt/e/Assignments/Airflow/airflow/airflow_env/lib/python3.12/site-packages/airflow/example_dags/example_complex.py
[2024-12-26T02:25:14.186+0200] {processor.py:925} INFO - DAG(s) 'example_complex' retrieved from /mnt/e/Assignments/Airflow/airflow/airflow_env/lib/python3.12/site-packages/airflow/example_dags/example_complex.py
[2024-12-26T02:25:14.226+0200] {logging_mixin.py:190} INFO - [2024-12-26T02:25:14.225+0200] {dag.py:3239} INFO - Sync 1 DAGs
[2024-12-26T02:25:14.241+0200] {logging_mixin.py:190} INFO - [2024-12-26T02:25:14.240+0200] {dag.py:4180} INFO - Setting next_dagrun for example_complex to None, run_after=None
[2024-12-26T02:25:14.354+0200] {processor.py:208} INFO - Processing /mnt/e/Assignments/Airflow/airflow/airflow_env/lib/python3.12/site-packages/airflow/example_dags/example_complex.py took 0.220 seconds
[2024-12-26T02:27:16.576+0200] {processor.py:186} INFO - Started process (PID=189539) to work on /mnt/e/Assignments/Airflow/airflow/airflow_env/lib/python3.12/site-packages/airflow/example_dags/example_complex.py
[2024-12-26T02:27:16.581+0200] {processor.py:914} INFO - Processing file /mnt/e/Assignments/Airflow/airflow/airflow_env/lib/python3.12/site-packages/airflow/example_dags/example_complex.py for tasks to queue
[2024-12-26T02:27:16.588+0200] {logging_mixin.py:190} INFO - [2024-12-26T02:27:16.585+0200] {dagbag.py:588} INFO - Filling up the DagBag from /mnt/e/Assignments/Airflow/airflow/airflow_env/lib/python3.12/site-packages/airflow/example_dags/example_complex.py
[2024-12-26T02:27:16.652+0200] {processor.py:925} INFO - DAG(s) 'example_complex' retrieved from /mnt/e/Assignments/Airflow/airflow/airflow_env/lib/python3.12/site-packages/airflow/example_dags/example_complex.py
[2024-12-26T02:27:16.725+0200] {logging_mixin.py:190} INFO - [2024-12-26T02:27:16.722+0200] {dag.py:3239} INFO - Sync 1 DAGs
[2024-12-26T02:27:16.748+0200] {logging_mixin.py:190} INFO - [2024-12-26T02:27:16.746+0200] {dag.py:4180} INFO - Setting next_dagrun for example_complex to None, run_after=None
[2024-12-26T02:27:16.932+0200] {processor.py:208} INFO - Processing /mnt/e/Assignments/Airflow/airflow/airflow_env/lib/python3.12/site-packages/airflow/example_dags/example_complex.py took 0.388 seconds
[2024-12-26T02:29:24.712+0200] {processor.py:186} INFO - Started process (PID=189670) to work on /mnt/e/Assignments/Airflow/airflow/airflow_env/lib/python3.12/site-packages/airflow/example_dags/example_complex.py
[2024-12-26T02:29:24.715+0200] {processor.py:914} INFO - Processing file /mnt/e/Assignments/Airflow/airflow/airflow_env/lib/python3.12/site-packages/airflow/example_dags/example_complex.py for tasks to queue
[2024-12-26T02:29:24.721+0200] {logging_mixin.py:190} INFO - [2024-12-26T02:29:24.718+0200] {dagbag.py:588} INFO - Filling up the DagBag from /mnt/e/Assignments/Airflow/airflow/airflow_env/lib/python3.12/site-packages/airflow/example_dags/example_complex.py
[2024-12-26T02:29:24.780+0200] {processor.py:925} INFO - DAG(s) 'example_complex' retrieved from /mnt/e/Assignments/Airflow/airflow/airflow_env/lib/python3.12/site-packages/airflow/example_dags/example_complex.py
[2024-12-26T02:29:24.837+0200] {logging_mixin.py:190} INFO - [2024-12-26T02:29:24.835+0200] {dag.py:3239} INFO - Sync 1 DAGs
[2024-12-26T02:29:24.859+0200] {logging_mixin.py:190} INFO - [2024-12-26T02:29:24.856+0200] {dag.py:4180} INFO - Setting next_dagrun for example_complex to None, run_after=None
[2024-12-26T02:29:25.075+0200] {processor.py:208} INFO - Processing /mnt/e/Assignments/Airflow/airflow/airflow_env/lib/python3.12/site-packages/airflow/example_dags/example_complex.py took 0.383 seconds
[2024-12-26T02:31:44.840+0200] {processor.py:186} INFO - Started process (PID=189772) to work on /mnt/e/Assignments/Airflow/airflow/airflow_env/lib/python3.12/site-packages/airflow/example_dags/example_complex.py
[2024-12-26T02:31:44.845+0200] {processor.py:914} INFO - Processing file /mnt/e/Assignments/Airflow/airflow/airflow_env/lib/python3.12/site-packages/airflow/example_dags/example_complex.py for tasks to queue
[2024-12-26T02:31:44.852+0200] {logging_mixin.py:190} INFO - [2024-12-26T02:31:44.849+0200] {dagbag.py:588} INFO - Filling up the DagBag from /mnt/e/Assignments/Airflow/airflow/airflow_env/lib/python3.12/site-packages/airflow/example_dags/example_complex.py
[2024-12-26T02:31:44.939+0200] {processor.py:925} INFO - DAG(s) 'example_complex' retrieved from /mnt/e/Assignments/Airflow/airflow/airflow_env/lib/python3.12/site-packages/airflow/example_dags/example_complex.py
[2024-12-26T02:31:44.998+0200] {logging_mixin.py:190} INFO - [2024-12-26T02:31:44.996+0200] {dag.py:3239} INFO - Sync 1 DAGs
[2024-12-26T02:31:45.125+0200] {logging_mixin.py:190} INFO - [2024-12-26T02:31:45.122+0200] {dag.py:4180} INFO - Setting next_dagrun for example_complex to None, run_after=None
[2024-12-26T02:31:45.223+0200] {processor.py:208} INFO - Processing /mnt/e/Assignments/Airflow/airflow/airflow_env/lib/python3.12/site-packages/airflow/example_dags/example_complex.py took 0.413 seconds
[2024-12-26T02:34:00.874+0200] {processor.py:186} INFO - Started process (PID=189875) to work on /mnt/e/Assignments/Airflow/airflow/airflow_env/lib/python3.12/site-packages/airflow/example_dags/example_complex.py
[2024-12-26T02:34:00.879+0200] {processor.py:914} INFO - Processing file /mnt/e/Assignments/Airflow/airflow/airflow_env/lib/python3.12/site-packages/airflow/example_dags/example_complex.py for tasks to queue
[2024-12-26T02:34:00.886+0200] {logging_mixin.py:190} INFO - [2024-12-26T02:34:00.883+0200] {dagbag.py:588} INFO - Filling up the DagBag from /mnt/e/Assignments/Airflow/airflow/airflow_env/lib/python3.12/site-packages/airflow/example_dags/example_complex.py
[2024-12-26T02:34:00.930+0200] {processor.py:925} INFO - DAG(s) 'example_complex' retrieved from /mnt/e/Assignments/Airflow/airflow/airflow_env/lib/python3.12/site-packages/airflow/example_dags/example_complex.py
[2024-12-26T02:34:01.040+0200] {logging_mixin.py:190} INFO - [2024-12-26T02:34:01.038+0200] {dag.py:3239} INFO - Sync 1 DAGs
[2024-12-26T02:34:01.193+0200] {logging_mixin.py:190} INFO - [2024-12-26T02:34:01.190+0200] {dag.py:4180} INFO - Setting next_dagrun for example_complex to None, run_after=None
[2024-12-26T02:34:01.302+0200] {processor.py:208} INFO - Processing /mnt/e/Assignments/Airflow/airflow/airflow_env/lib/python3.12/site-packages/airflow/example_dags/example_complex.py took 0.447 seconds
[2024-12-26T02:36:25.619+0200] {processor.py:186} INFO - Started process (PID=189975) to work on /mnt/e/Assignments/Airflow/airflow/airflow_env/lib/python3.12/site-packages/airflow/example_dags/example_complex.py
[2024-12-26T02:36:25.626+0200] {processor.py:914} INFO - Processing file /mnt/e/Assignments/Airflow/airflow/airflow_env/lib/python3.12/site-packages/airflow/example_dags/example_complex.py for tasks to queue
[2024-12-26T02:36:25.633+0200] {logging_mixin.py:190} INFO - [2024-12-26T02:36:25.629+0200] {dagbag.py:588} INFO - Filling up the DagBag from /mnt/e/Assignments/Airflow/airflow/airflow_env/lib/python3.12/site-packages/airflow/example_dags/example_complex.py
[2024-12-26T02:36:25.702+0200] {processor.py:925} INFO - DAG(s) 'example_complex' retrieved from /mnt/e/Assignments/Airflow/airflow/airflow_env/lib/python3.12/site-packages/airflow/example_dags/example_complex.py
[2024-12-26T02:36:25.846+0200] {logging_mixin.py:190} INFO - [2024-12-26T02:36:25.843+0200] {dag.py:3239} INFO - Sync 1 DAGs
[2024-12-26T02:36:26.024+0200] {logging_mixin.py:190} INFO - [2024-12-26T02:36:26.012+0200] {dag.py:4180} INFO - Setting next_dagrun for example_complex to None, run_after=None
[2024-12-26T02:36:26.128+0200] {processor.py:208} INFO - Processing /mnt/e/Assignments/Airflow/airflow/airflow_env/lib/python3.12/site-packages/airflow/example_dags/example_complex.py took 0.540 seconds
[2024-12-26T02:38:41.703+0200] {processor.py:186} INFO - Started process (PID=190076) to work on /mnt/e/Assignments/Airflow/airflow/airflow_env/lib/python3.12/site-packages/airflow/example_dags/example_complex.py
[2024-12-26T02:38:41.707+0200] {processor.py:914} INFO - Processing file /mnt/e/Assignments/Airflow/airflow/airflow_env/lib/python3.12/site-packages/airflow/example_dags/example_complex.py for tasks to queue
[2024-12-26T02:38:41.712+0200] {logging_mixin.py:190} INFO - [2024-12-26T02:38:41.710+0200] {dagbag.py:588} INFO - Filling up the DagBag from /mnt/e/Assignments/Airflow/airflow/airflow_env/lib/python3.12/site-packages/airflow/example_dags/example_complex.py
[2024-12-26T02:38:41.747+0200] {processor.py:925} INFO - DAG(s) 'example_complex' retrieved from /mnt/e/Assignments/Airflow/airflow/airflow_env/lib/python3.12/site-packages/airflow/example_dags/example_complex.py
[2024-12-26T02:38:41.794+0200] {logging_mixin.py:190} INFO - [2024-12-26T02:38:41.790+0200] {dag.py:3239} INFO - Sync 1 DAGs
[2024-12-26T02:38:41.925+0200] {logging_mixin.py:190} INFO - [2024-12-26T02:38:41.923+0200] {dag.py:4180} INFO - Setting next_dagrun for example_complex to None, run_after=None
[2024-12-26T02:38:42.021+0200] {processor.py:208} INFO - Processing /mnt/e/Assignments/Airflow/airflow/airflow_env/lib/python3.12/site-packages/airflow/example_dags/example_complex.py took 0.338 seconds
[2024-12-26T02:41:46.956+0200] {processor.py:186} INFO - Started process (PID=190162) to work on /mnt/e/Assignments/Airflow/airflow/airflow_env/lib/python3.12/site-packages/airflow/example_dags/example_complex.py
[2024-12-26T02:41:46.967+0200] {processor.py:914} INFO - Processing file /mnt/e/Assignments/Airflow/airflow/airflow_env/lib/python3.12/site-packages/airflow/example_dags/example_complex.py for tasks to queue
[2024-12-26T02:41:46.973+0200] {logging_mixin.py:190} INFO - [2024-12-26T02:41:46.971+0200] {dagbag.py:588} INFO - Filling up the DagBag from /mnt/e/Assignments/Airflow/airflow/airflow_env/lib/python3.12/site-packages/airflow/example_dags/example_complex.py
[2024-12-26T02:41:47.028+0200] {processor.py:925} INFO - DAG(s) 'example_complex' retrieved from /mnt/e/Assignments/Airflow/airflow/airflow_env/lib/python3.12/site-packages/airflow/example_dags/example_complex.py
[2024-12-26T02:41:47.089+0200] {logging_mixin.py:190} INFO - [2024-12-26T02:41:47.086+0200] {dag.py:3239} INFO - Sync 1 DAGs
[2024-12-26T02:41:47.109+0200] {logging_mixin.py:190} INFO - [2024-12-26T02:41:47.107+0200] {dag.py:4180} INFO - Setting next_dagrun for example_complex to None, run_after=None
[2024-12-26T02:41:47.238+0200] {processor.py:208} INFO - Processing /mnt/e/Assignments/Airflow/airflow/airflow_env/lib/python3.12/site-packages/airflow/example_dags/example_complex.py took 0.308 seconds
[2024-12-26T02:43:55.056+0200] {processor.py:186} INFO - Started process (PID=190241) to work on /mnt/e/Assignments/Airflow/airflow/airflow_env/lib/python3.12/site-packages/airflow/example_dags/example_complex.py
[2024-12-26T02:43:55.058+0200] {processor.py:914} INFO - Processing file /mnt/e/Assignments/Airflow/airflow/airflow_env/lib/python3.12/site-packages/airflow/example_dags/example_complex.py for tasks to queue
[2024-12-26T02:43:55.062+0200] {logging_mixin.py:190} INFO - [2024-12-26T02:43:55.060+0200] {dagbag.py:588} INFO - Filling up the DagBag from /mnt/e/Assignments/Airflow/airflow/airflow_env/lib/python3.12/site-packages/airflow/example_dags/example_complex.py
[2024-12-26T02:43:55.096+0200] {processor.py:925} INFO - DAG(s) 'example_complex' retrieved from /mnt/e/Assignments/Airflow/airflow/airflow_env/lib/python3.12/site-packages/airflow/example_dags/example_complex.py
[2024-12-26T02:43:55.134+0200] {logging_mixin.py:190} INFO - [2024-12-26T02:43:55.133+0200] {dag.py:3239} INFO - Sync 1 DAGs
[2024-12-26T02:43:55.148+0200] {logging_mixin.py:190} INFO - [2024-12-26T02:43:55.147+0200] {dag.py:4180} INFO - Setting next_dagrun for example_complex to None, run_after=None
[2024-12-26T02:43:55.217+0200] {processor.py:208} INFO - Processing /mnt/e/Assignments/Airflow/airflow/airflow_env/lib/python3.12/site-packages/airflow/example_dags/example_complex.py took 0.180 seconds
[2024-12-26T02:45:56.051+0200] {processor.py:186} INFO - Started process (PID=190322) to work on /mnt/e/Assignments/Airflow/airflow/airflow_env/lib/python3.12/site-packages/airflow/example_dags/example_complex.py
[2024-12-26T02:45:56.054+0200] {processor.py:914} INFO - Processing file /mnt/e/Assignments/Airflow/airflow/airflow_env/lib/python3.12/site-packages/airflow/example_dags/example_complex.py for tasks to queue
[2024-12-26T02:45:56.059+0200] {logging_mixin.py:190} INFO - [2024-12-26T02:45:56.057+0200] {dagbag.py:588} INFO - Filling up the DagBag from /mnt/e/Assignments/Airflow/airflow/airflow_env/lib/python3.12/site-packages/airflow/example_dags/example_complex.py
[2024-12-26T02:45:56.093+0200] {processor.py:925} INFO - DAG(s) 'example_complex' retrieved from /mnt/e/Assignments/Airflow/airflow/airflow_env/lib/python3.12/site-packages/airflow/example_dags/example_complex.py
[2024-12-26T02:45:56.127+0200] {logging_mixin.py:190} INFO - [2024-12-26T02:45:56.126+0200] {dag.py:3239} INFO - Sync 1 DAGs
[2024-12-26T02:45:56.140+0200] {logging_mixin.py:190} INFO - [2024-12-26T02:45:56.139+0200] {dag.py:4180} INFO - Setting next_dagrun for example_complex to None, run_after=None
[2024-12-26T02:45:56.212+0200] {processor.py:208} INFO - Processing /mnt/e/Assignments/Airflow/airflow/airflow_env/lib/python3.12/site-packages/airflow/example_dags/example_complex.py took 0.188 seconds
[2024-12-26T02:48:02.934+0200] {processor.py:186} INFO - Started process (PID=190427) to work on /mnt/e/Assignments/Airflow/airflow/airflow_env/lib/python3.12/site-packages/airflow/example_dags/example_complex.py
[2024-12-26T02:48:02.937+0200] {processor.py:914} INFO - Processing file /mnt/e/Assignments/Airflow/airflow/airflow_env/lib/python3.12/site-packages/airflow/example_dags/example_complex.py for tasks to queue
[2024-12-26T02:48:02.946+0200] {logging_mixin.py:190} INFO - [2024-12-26T02:48:02.944+0200] {dagbag.py:588} INFO - Filling up the DagBag from /mnt/e/Assignments/Airflow/airflow/airflow_env/lib/python3.12/site-packages/airflow/example_dags/example_complex.py
[2024-12-26T02:48:02.984+0200] {processor.py:925} INFO - DAG(s) 'example_complex' retrieved from /mnt/e/Assignments/Airflow/airflow/airflow_env/lib/python3.12/site-packages/airflow/example_dags/example_complex.py
[2024-12-26T02:48:03.019+0200] {logging_mixin.py:190} INFO - [2024-12-26T02:48:03.017+0200] {dag.py:3239} INFO - Sync 1 DAGs
[2024-12-26T02:48:03.031+0200] {logging_mixin.py:190} INFO - [2024-12-26T02:48:03.030+0200] {dag.py:4180} INFO - Setting next_dagrun for example_complex to None, run_after=None
[2024-12-26T02:48:03.103+0200] {processor.py:208} INFO - Processing /mnt/e/Assignments/Airflow/airflow/airflow_env/lib/python3.12/site-packages/airflow/example_dags/example_complex.py took 0.194 seconds
[2024-12-26T02:50:13.857+0200] {processor.py:186} INFO - Started process (PID=190538) to work on /mnt/e/Assignments/Airflow/airflow/airflow_env/lib/python3.12/site-packages/airflow/example_dags/example_complex.py
[2024-12-26T02:50:13.863+0200] {processor.py:914} INFO - Processing file /mnt/e/Assignments/Airflow/airflow/airflow_env/lib/python3.12/site-packages/airflow/example_dags/example_complex.py for tasks to queue
[2024-12-26T02:50:13.867+0200] {logging_mixin.py:190} INFO - [2024-12-26T02:50:13.865+0200] {dagbag.py:588} INFO - Filling up the DagBag from /mnt/e/Assignments/Airflow/airflow/airflow_env/lib/python3.12/site-packages/airflow/example_dags/example_complex.py
[2024-12-26T02:50:13.903+0200] {processor.py:925} INFO - DAG(s) 'example_complex' retrieved from /mnt/e/Assignments/Airflow/airflow/airflow_env/lib/python3.12/site-packages/airflow/example_dags/example_complex.py
[2024-12-26T02:50:13.948+0200] {logging_mixin.py:190} INFO - [2024-12-26T02:50:13.946+0200] {dag.py:3239} INFO - Sync 1 DAGs
[2024-12-26T02:50:13.962+0200] {logging_mixin.py:190} INFO - [2024-12-26T02:50:13.961+0200] {dag.py:4180} INFO - Setting next_dagrun for example_complex to None, run_after=None
[2024-12-26T02:50:14.023+0200] {processor.py:208} INFO - Processing /mnt/e/Assignments/Airflow/airflow/airflow_env/lib/python3.12/site-packages/airflow/example_dags/example_complex.py took 0.181 seconds
[2024-12-26T02:52:23.584+0200] {processor.py:186} INFO - Started process (PID=190629) to work on /mnt/e/Assignments/Airflow/airflow/airflow_env/lib/python3.12/site-packages/airflow/example_dags/example_complex.py
[2024-12-26T02:52:23.586+0200] {processor.py:914} INFO - Processing file /mnt/e/Assignments/Airflow/airflow/airflow_env/lib/python3.12/site-packages/airflow/example_dags/example_complex.py for tasks to queue
[2024-12-26T02:52:23.589+0200] {logging_mixin.py:190} INFO - [2024-12-26T02:52:23.588+0200] {dagbag.py:588} INFO - Filling up the DagBag from /mnt/e/Assignments/Airflow/airflow/airflow_env/lib/python3.12/site-packages/airflow/example_dags/example_complex.py
[2024-12-26T02:52:23.619+0200] {processor.py:925} INFO - DAG(s) 'example_complex' retrieved from /mnt/e/Assignments/Airflow/airflow/airflow_env/lib/python3.12/site-packages/airflow/example_dags/example_complex.py
[2024-12-26T02:52:23.657+0200] {logging_mixin.py:190} INFO - [2024-12-26T02:52:23.655+0200] {dag.py:3239} INFO - Sync 1 DAGs
[2024-12-26T02:52:23.677+0200] {logging_mixin.py:190} INFO - [2024-12-26T02:52:23.675+0200] {dag.py:4180} INFO - Setting next_dagrun for example_complex to None, run_after=None
[2024-12-26T02:52:23.806+0200] {processor.py:208} INFO - Processing /mnt/e/Assignments/Airflow/airflow/airflow_env/lib/python3.12/site-packages/airflow/example_dags/example_complex.py took 0.235 seconds
[2024-12-26T02:54:37.206+0200] {processor.py:186} INFO - Started process (PID=190728) to work on /mnt/e/Assignments/Airflow/airflow/airflow_env/lib/python3.12/site-packages/airflow/example_dags/example_complex.py
[2024-12-26T02:54:37.210+0200] {processor.py:914} INFO - Processing file /mnt/e/Assignments/Airflow/airflow/airflow_env/lib/python3.12/site-packages/airflow/example_dags/example_complex.py for tasks to queue
[2024-12-26T02:54:37.213+0200] {logging_mixin.py:190} INFO - [2024-12-26T02:54:37.212+0200] {dagbag.py:588} INFO - Filling up the DagBag from /mnt/e/Assignments/Airflow/airflow/airflow_env/lib/python3.12/site-packages/airflow/example_dags/example_complex.py
[2024-12-26T02:54:37.245+0200] {processor.py:925} INFO - DAG(s) 'example_complex' retrieved from /mnt/e/Assignments/Airflow/airflow/airflow_env/lib/python3.12/site-packages/airflow/example_dags/example_complex.py
[2024-12-26T02:54:37.283+0200] {logging_mixin.py:190} INFO - [2024-12-26T02:54:37.281+0200] {dag.py:3239} INFO - Sync 1 DAGs
[2024-12-26T02:54:37.296+0200] {logging_mixin.py:190} INFO - [2024-12-26T02:54:37.295+0200] {dag.py:4180} INFO - Setting next_dagrun for example_complex to None, run_after=None
[2024-12-26T02:54:37.400+0200] {processor.py:208} INFO - Processing /mnt/e/Assignments/Airflow/airflow/airflow_env/lib/python3.12/site-packages/airflow/example_dags/example_complex.py took 0.209 seconds
[2024-12-26T02:56:49.002+0200] {processor.py:186} INFO - Started process (PID=190817) to work on /mnt/e/Assignments/Airflow/airflow/airflow_env/lib/python3.12/site-packages/airflow/example_dags/example_complex.py
[2024-12-26T02:56:49.006+0200] {processor.py:914} INFO - Processing file /mnt/e/Assignments/Airflow/airflow/airflow_env/lib/python3.12/site-packages/airflow/example_dags/example_complex.py for tasks to queue
[2024-12-26T02:56:49.011+0200] {logging_mixin.py:190} INFO - [2024-12-26T02:56:49.009+0200] {dagbag.py:588} INFO - Filling up the DagBag from /mnt/e/Assignments/Airflow/airflow/airflow_env/lib/python3.12/site-packages/airflow/example_dags/example_complex.py
[2024-12-26T02:56:49.062+0200] {processor.py:925} INFO - DAG(s) 'example_complex' retrieved from /mnt/e/Assignments/Airflow/airflow/airflow_env/lib/python3.12/site-packages/airflow/example_dags/example_complex.py
[2024-12-26T02:56:49.112+0200] {logging_mixin.py:190} INFO - [2024-12-26T02:56:49.110+0200] {dag.py:3239} INFO - Sync 1 DAGs
[2024-12-26T02:56:49.134+0200] {logging_mixin.py:190} INFO - [2024-12-26T02:56:49.131+0200] {dag.py:4180} INFO - Setting next_dagrun for example_complex to None, run_after=None
[2024-12-26T02:56:49.245+0200] {processor.py:208} INFO - Processing /mnt/e/Assignments/Airflow/airflow/airflow_env/lib/python3.12/site-packages/airflow/example_dags/example_complex.py took 0.270 seconds
[2024-12-26T02:58:57.284+0200] {processor.py:186} INFO - Started process (PID=190901) to work on /mnt/e/Assignments/Airflow/airflow/airflow_env/lib/python3.12/site-packages/airflow/example_dags/example_complex.py
[2024-12-26T02:58:57.288+0200] {processor.py:914} INFO - Processing file /mnt/e/Assignments/Airflow/airflow/airflow_env/lib/python3.12/site-packages/airflow/example_dags/example_complex.py for tasks to queue
[2024-12-26T02:58:57.293+0200] {logging_mixin.py:190} INFO - [2024-12-26T02:58:57.291+0200] {dagbag.py:588} INFO - Filling up the DagBag from /mnt/e/Assignments/Airflow/airflow/airflow_env/lib/python3.12/site-packages/airflow/example_dags/example_complex.py
[2024-12-26T02:58:57.339+0200] {processor.py:925} INFO - DAG(s) 'example_complex' retrieved from /mnt/e/Assignments/Airflow/airflow/airflow_env/lib/python3.12/site-packages/airflow/example_dags/example_complex.py
[2024-12-26T02:58:57.400+0200] {logging_mixin.py:190} INFO - [2024-12-26T02:58:57.398+0200] {dag.py:3239} INFO - Sync 1 DAGs
[2024-12-26T02:58:57.418+0200] {logging_mixin.py:190} INFO - [2024-12-26T02:58:57.415+0200] {dag.py:4180} INFO - Setting next_dagrun for example_complex to None, run_after=None
[2024-12-26T02:58:57.501+0200] {processor.py:208} INFO - Processing /mnt/e/Assignments/Airflow/airflow/airflow_env/lib/python3.12/site-packages/airflow/example_dags/example_complex.py took 0.237 seconds
[2024-12-26T03:02:11.014+0200] {processor.py:186} INFO - Started process (PID=191013) to work on /mnt/e/Assignments/Airflow/airflow/airflow_env/lib/python3.12/site-packages/airflow/example_dags/example_complex.py
[2024-12-26T03:02:11.017+0200] {processor.py:914} INFO - Processing file /mnt/e/Assignments/Airflow/airflow/airflow_env/lib/python3.12/site-packages/airflow/example_dags/example_complex.py for tasks to queue
[2024-12-26T03:02:11.021+0200] {logging_mixin.py:190} INFO - [2024-12-26T03:02:11.020+0200] {dagbag.py:588} INFO - Filling up the DagBag from /mnt/e/Assignments/Airflow/airflow/airflow_env/lib/python3.12/site-packages/airflow/example_dags/example_complex.py
[2024-12-26T03:02:11.127+0200] {processor.py:925} INFO - DAG(s) 'example_complex' retrieved from /mnt/e/Assignments/Airflow/airflow/airflow_env/lib/python3.12/site-packages/airflow/example_dags/example_complex.py
[2024-12-26T03:02:11.179+0200] {logging_mixin.py:190} INFO - [2024-12-26T03:02:11.177+0200] {dag.py:3239} INFO - Sync 1 DAGs
[2024-12-26T03:02:11.199+0200] {logging_mixin.py:190} INFO - [2024-12-26T03:02:11.197+0200] {dag.py:4180} INFO - Setting next_dagrun for example_complex to None, run_after=None
[2024-12-26T03:02:11.257+0200] {processor.py:208} INFO - Processing /mnt/e/Assignments/Airflow/airflow/airflow_env/lib/python3.12/site-packages/airflow/example_dags/example_complex.py took 0.261 seconds
[2024-12-26T03:04:29.078+0200] {processor.py:186} INFO - Started process (PID=191108) to work on /mnt/e/Assignments/Airflow/airflow/airflow_env/lib/python3.12/site-packages/airflow/example_dags/example_complex.py
[2024-12-26T03:04:29.080+0200] {processor.py:914} INFO - Processing file /mnt/e/Assignments/Airflow/airflow/airflow_env/lib/python3.12/site-packages/airflow/example_dags/example_complex.py for tasks to queue
[2024-12-26T03:04:29.084+0200] {logging_mixin.py:190} INFO - [2024-12-26T03:04:29.082+0200] {dagbag.py:588} INFO - Filling up the DagBag from /mnt/e/Assignments/Airflow/airflow/airflow_env/lib/python3.12/site-packages/airflow/example_dags/example_complex.py
[2024-12-26T03:04:29.174+0200] {processor.py:925} INFO - DAG(s) 'example_complex' retrieved from /mnt/e/Assignments/Airflow/airflow/airflow_env/lib/python3.12/site-packages/airflow/example_dags/example_complex.py
[2024-12-26T03:04:29.237+0200] {logging_mixin.py:190} INFO - [2024-12-26T03:04:29.236+0200] {dag.py:3239} INFO - Sync 1 DAGs
[2024-12-26T03:04:29.256+0200] {logging_mixin.py:190} INFO - [2024-12-26T03:04:29.255+0200] {dag.py:4180} INFO - Setting next_dagrun for example_complex to None, run_after=None
[2024-12-26T03:04:29.306+0200] {processor.py:208} INFO - Processing /mnt/e/Assignments/Airflow/airflow/airflow_env/lib/python3.12/site-packages/airflow/example_dags/example_complex.py took 0.239 seconds
[2024-12-26T03:07:40.718+0200] {processor.py:186} INFO - Started process (PID=191213) to work on /mnt/e/Assignments/Airflow/airflow/airflow_env/lib/python3.12/site-packages/airflow/example_dags/example_complex.py
[2024-12-26T03:07:40.723+0200] {processor.py:914} INFO - Processing file /mnt/e/Assignments/Airflow/airflow/airflow_env/lib/python3.12/site-packages/airflow/example_dags/example_complex.py for tasks to queue
[2024-12-26T03:07:40.731+0200] {logging_mixin.py:190} INFO - [2024-12-26T03:07:40.728+0200] {dagbag.py:588} INFO - Filling up the DagBag from /mnt/e/Assignments/Airflow/airflow/airflow_env/lib/python3.12/site-packages/airflow/example_dags/example_complex.py
[2024-12-26T03:07:40.925+0200] {processor.py:925} INFO - DAG(s) 'example_complex' retrieved from /mnt/e/Assignments/Airflow/airflow/airflow_env/lib/python3.12/site-packages/airflow/example_dags/example_complex.py
[2024-12-26T03:07:40.978+0200] {logging_mixin.py:190} INFO - [2024-12-26T03:07:40.976+0200] {dag.py:3239} INFO - Sync 1 DAGs
[2024-12-26T03:07:40.998+0200] {logging_mixin.py:190} INFO - [2024-12-26T03:07:40.997+0200] {dag.py:4180} INFO - Setting next_dagrun for example_complex to None, run_after=None
[2024-12-26T03:07:41.155+0200] {processor.py:208} INFO - Processing /mnt/e/Assignments/Airflow/airflow/airflow_env/lib/python3.12/site-packages/airflow/example_dags/example_complex.py took 0.464 seconds
[2024-12-26T03:09:59.623+0200] {processor.py:186} INFO - Started process (PID=191303) to work on /mnt/e/Assignments/Airflow/airflow/airflow_env/lib/python3.12/site-packages/airflow/example_dags/example_complex.py
[2024-12-26T03:09:59.626+0200] {processor.py:914} INFO - Processing file /mnt/e/Assignments/Airflow/airflow/airflow_env/lib/python3.12/site-packages/airflow/example_dags/example_complex.py for tasks to queue
[2024-12-26T03:09:59.632+0200] {logging_mixin.py:190} INFO - [2024-12-26T03:09:59.630+0200] {dagbag.py:588} INFO - Filling up the DagBag from /mnt/e/Assignments/Airflow/airflow/airflow_env/lib/python3.12/site-packages/airflow/example_dags/example_complex.py
[2024-12-26T03:09:59.775+0200] {processor.py:925} INFO - DAG(s) 'example_complex' retrieved from /mnt/e/Assignments/Airflow/airflow/airflow_env/lib/python3.12/site-packages/airflow/example_dags/example_complex.py
[2024-12-26T03:09:59.826+0200] {logging_mixin.py:190} INFO - [2024-12-26T03:09:59.824+0200] {dag.py:3239} INFO - Sync 1 DAGs
[2024-12-26T03:09:59.846+0200] {logging_mixin.py:190} INFO - [2024-12-26T03:09:59.844+0200] {dag.py:4180} INFO - Setting next_dagrun for example_complex to None, run_after=None
[2024-12-26T03:10:00.011+0200] {processor.py:208} INFO - Processing /mnt/e/Assignments/Airflow/airflow/airflow_env/lib/python3.12/site-packages/airflow/example_dags/example_complex.py took 0.407 seconds
[2024-12-26T03:12:11.034+0200] {processor.py:186} INFO - Started process (PID=191384) to work on /mnt/e/Assignments/Airflow/airflow/airflow_env/lib/python3.12/site-packages/airflow/example_dags/example_complex.py
[2024-12-26T03:12:11.037+0200] {processor.py:914} INFO - Processing file /mnt/e/Assignments/Airflow/airflow/airflow_env/lib/python3.12/site-packages/airflow/example_dags/example_complex.py for tasks to queue
[2024-12-26T03:12:11.043+0200] {logging_mixin.py:190} INFO - [2024-12-26T03:12:11.041+0200] {dagbag.py:588} INFO - Filling up the DagBag from /mnt/e/Assignments/Airflow/airflow/airflow_env/lib/python3.12/site-packages/airflow/example_dags/example_complex.py
[2024-12-26T03:12:11.181+0200] {processor.py:925} INFO - DAG(s) 'example_complex' retrieved from /mnt/e/Assignments/Airflow/airflow/airflow_env/lib/python3.12/site-packages/airflow/example_dags/example_complex.py
[2024-12-26T03:12:11.248+0200] {logging_mixin.py:190} INFO - [2024-12-26T03:12:11.246+0200] {dag.py:3239} INFO - Sync 1 DAGs
[2024-12-26T03:12:11.272+0200] {logging_mixin.py:190} INFO - [2024-12-26T03:12:11.270+0200] {dag.py:4180} INFO - Setting next_dagrun for example_complex to None, run_after=None
[2024-12-26T03:12:11.349+0200] {processor.py:208} INFO - Processing /mnt/e/Assignments/Airflow/airflow/airflow_env/lib/python3.12/site-packages/airflow/example_dags/example_complex.py took 0.336 seconds
[2024-12-26T03:14:14.619+0200] {processor.py:186} INFO - Started process (PID=191466) to work on /mnt/e/Assignments/Airflow/airflow/airflow_env/lib/python3.12/site-packages/airflow/example_dags/example_complex.py
[2024-12-26T03:14:14.622+0200] {processor.py:914} INFO - Processing file /mnt/e/Assignments/Airflow/airflow/airflow_env/lib/python3.12/site-packages/airflow/example_dags/example_complex.py for tasks to queue
[2024-12-26T03:14:14.627+0200] {logging_mixin.py:190} INFO - [2024-12-26T03:14:14.625+0200] {dagbag.py:588} INFO - Filling up the DagBag from /mnt/e/Assignments/Airflow/airflow/airflow_env/lib/python3.12/site-packages/airflow/example_dags/example_complex.py
[2024-12-26T03:14:14.707+0200] {processor.py:925} INFO - DAG(s) 'example_complex' retrieved from /mnt/e/Assignments/Airflow/airflow/airflow_env/lib/python3.12/site-packages/airflow/example_dags/example_complex.py
[2024-12-26T03:14:14.742+0200] {logging_mixin.py:190} INFO - [2024-12-26T03:14:14.741+0200] {dag.py:3239} INFO - Sync 1 DAGs
[2024-12-26T03:14:14.758+0200] {logging_mixin.py:190} INFO - [2024-12-26T03:14:14.756+0200] {dag.py:4180} INFO - Setting next_dagrun for example_complex to None, run_after=None
[2024-12-26T03:14:14.879+0200] {processor.py:208} INFO - Processing /mnt/e/Assignments/Airflow/airflow/airflow_env/lib/python3.12/site-packages/airflow/example_dags/example_complex.py took 0.276 seconds
[2024-12-26T03:16:22.334+0200] {processor.py:186} INFO - Started process (PID=191543) to work on /mnt/e/Assignments/Airflow/airflow/airflow_env/lib/python3.12/site-packages/airflow/example_dags/example_complex.py
[2024-12-26T03:16:22.337+0200] {processor.py:914} INFO - Processing file /mnt/e/Assignments/Airflow/airflow/airflow_env/lib/python3.12/site-packages/airflow/example_dags/example_complex.py for tasks to queue
[2024-12-26T03:16:22.344+0200] {logging_mixin.py:190} INFO - [2024-12-26T03:16:22.341+0200] {dagbag.py:588} INFO - Filling up the DagBag from /mnt/e/Assignments/Airflow/airflow/airflow_env/lib/python3.12/site-packages/airflow/example_dags/example_complex.py
[2024-12-26T03:16:22.454+0200] {processor.py:925} INFO - DAG(s) 'example_complex' retrieved from /mnt/e/Assignments/Airflow/airflow/airflow_env/lib/python3.12/site-packages/airflow/example_dags/example_complex.py
[2024-12-26T03:16:22.509+0200] {logging_mixin.py:190} INFO - [2024-12-26T03:16:22.508+0200] {dag.py:3239} INFO - Sync 1 DAGs
[2024-12-26T03:16:22.534+0200] {logging_mixin.py:190} INFO - [2024-12-26T03:16:22.532+0200] {dag.py:4180} INFO - Setting next_dagrun for example_complex to None, run_after=None
[2024-12-26T03:16:22.631+0200] {processor.py:208} INFO - Processing /mnt/e/Assignments/Airflow/airflow/airflow_env/lib/python3.12/site-packages/airflow/example_dags/example_complex.py took 0.319 seconds
[2024-12-26T03:18:44.241+0200] {processor.py:186} INFO - Started process (PID=191634) to work on /mnt/e/Assignments/Airflow/airflow/airflow_env/lib/python3.12/site-packages/airflow/example_dags/example_complex.py
[2024-12-26T03:18:44.245+0200] {processor.py:914} INFO - Processing file /mnt/e/Assignments/Airflow/airflow/airflow_env/lib/python3.12/site-packages/airflow/example_dags/example_complex.py for tasks to queue
[2024-12-26T03:18:44.252+0200] {logging_mixin.py:190} INFO - [2024-12-26T03:18:44.249+0200] {dagbag.py:588} INFO - Filling up the DagBag from /mnt/e/Assignments/Airflow/airflow/airflow_env/lib/python3.12/site-packages/airflow/example_dags/example_complex.py
[2024-12-26T03:18:44.502+0200] {processor.py:925} INFO - DAG(s) 'example_complex' retrieved from /mnt/e/Assignments/Airflow/airflow/airflow_env/lib/python3.12/site-packages/airflow/example_dags/example_complex.py
[2024-12-26T03:18:44.598+0200] {logging_mixin.py:190} INFO - [2024-12-26T03:18:44.595+0200] {dag.py:3239} INFO - Sync 1 DAGs
[2024-12-26T03:18:44.622+0200] {logging_mixin.py:190} INFO - [2024-12-26T03:18:44.619+0200] {dag.py:4180} INFO - Setting next_dagrun for example_complex to None, run_after=None
[2024-12-26T03:18:44.753+0200] {processor.py:208} INFO - Processing /mnt/e/Assignments/Airflow/airflow/airflow_env/lib/python3.12/site-packages/airflow/example_dags/example_complex.py took 0.536 seconds
[2024-12-26T03:20:55.303+0200] {processor.py:186} INFO - Started process (PID=191735) to work on /mnt/e/Assignments/Airflow/airflow/airflow_env/lib/python3.12/site-packages/airflow/example_dags/example_complex.py
[2024-12-26T03:20:55.305+0200] {processor.py:914} INFO - Processing file /mnt/e/Assignments/Airflow/airflow/airflow_env/lib/python3.12/site-packages/airflow/example_dags/example_complex.py for tasks to queue
[2024-12-26T03:20:55.308+0200] {logging_mixin.py:190} INFO - [2024-12-26T03:20:55.307+0200] {dagbag.py:588} INFO - Filling up the DagBag from /mnt/e/Assignments/Airflow/airflow/airflow_env/lib/python3.12/site-packages/airflow/example_dags/example_complex.py
[2024-12-26T03:20:55.368+0200] {processor.py:925} INFO - DAG(s) 'example_complex' retrieved from /mnt/e/Assignments/Airflow/airflow/airflow_env/lib/python3.12/site-packages/airflow/example_dags/example_complex.py
[2024-12-26T03:20:55.392+0200] {logging_mixin.py:190} INFO - [2024-12-26T03:20:55.391+0200] {dag.py:3239} INFO - Sync 1 DAGs
[2024-12-26T03:20:55.402+0200] {logging_mixin.py:190} INFO - [2024-12-26T03:20:55.401+0200] {dag.py:4180} INFO - Setting next_dagrun for example_complex to None, run_after=None
[2024-12-26T03:20:55.440+0200] {processor.py:208} INFO - Processing /mnt/e/Assignments/Airflow/airflow/airflow_env/lib/python3.12/site-packages/airflow/example_dags/example_complex.py took 0.148 seconds
[2024-12-26T03:22:57.182+0200] {processor.py:186} INFO - Started process (PID=191833) to work on /mnt/e/Assignments/Airflow/airflow/airflow_env/lib/python3.12/site-packages/airflow/example_dags/example_complex.py
[2024-12-26T03:22:57.183+0200] {processor.py:914} INFO - Processing file /mnt/e/Assignments/Airflow/airflow/airflow_env/lib/python3.12/site-packages/airflow/example_dags/example_complex.py for tasks to queue
[2024-12-26T03:22:57.186+0200] {logging_mixin.py:190} INFO - [2024-12-26T03:22:57.185+0200] {dagbag.py:588} INFO - Filling up the DagBag from /mnt/e/Assignments/Airflow/airflow/airflow_env/lib/python3.12/site-packages/airflow/example_dags/example_complex.py
[2024-12-26T03:22:57.239+0200] {processor.py:925} INFO - DAG(s) 'example_complex' retrieved from /mnt/e/Assignments/Airflow/airflow/airflow_env/lib/python3.12/site-packages/airflow/example_dags/example_complex.py
[2024-12-26T03:22:57.262+0200] {logging_mixin.py:190} INFO - [2024-12-26T03:22:57.262+0200] {dag.py:3239} INFO - Sync 1 DAGs
[2024-12-26T03:22:57.274+0200] {logging_mixin.py:190} INFO - [2024-12-26T03:22:57.273+0200] {dag.py:4180} INFO - Setting next_dagrun for example_complex to None, run_after=None
[2024-12-26T03:22:57.320+0200] {processor.py:208} INFO - Processing /mnt/e/Assignments/Airflow/airflow/airflow_env/lib/python3.12/site-packages/airflow/example_dags/example_complex.py took 0.149 seconds
[2024-12-26T03:25:10.910+0200] {processor.py:186} INFO - Started process (PID=191933) to work on /mnt/e/Assignments/Airflow/airflow/airflow_env/lib/python3.12/site-packages/airflow/example_dags/example_complex.py
[2024-12-26T03:25:10.912+0200] {processor.py:914} INFO - Processing file /mnt/e/Assignments/Airflow/airflow/airflow_env/lib/python3.12/site-packages/airflow/example_dags/example_complex.py for tasks to queue
[2024-12-26T03:25:10.915+0200] {logging_mixin.py:190} INFO - [2024-12-26T03:25:10.914+0200] {dagbag.py:588} INFO - Filling up the DagBag from /mnt/e/Assignments/Airflow/airflow/airflow_env/lib/python3.12/site-packages/airflow/example_dags/example_complex.py
[2024-12-26T03:25:10.989+0200] {processor.py:925} INFO - DAG(s) 'example_complex' retrieved from /mnt/e/Assignments/Airflow/airflow/airflow_env/lib/python3.12/site-packages/airflow/example_dags/example_complex.py
[2024-12-26T03:25:11.015+0200] {logging_mixin.py:190} INFO - [2024-12-26T03:25:11.014+0200] {dag.py:3239} INFO - Sync 1 DAGs
[2024-12-26T03:25:11.026+0200] {logging_mixin.py:190} INFO - [2024-12-26T03:25:11.025+0200] {dag.py:4180} INFO - Setting next_dagrun for example_complex to None, run_after=None
[2024-12-26T03:25:11.081+0200] {processor.py:208} INFO - Processing /mnt/e/Assignments/Airflow/airflow/airflow_env/lib/python3.12/site-packages/airflow/example_dags/example_complex.py took 0.186 seconds
[2024-12-26T03:27:20.472+0200] {processor.py:186} INFO - Started process (PID=192025) to work on /mnt/e/Assignments/Airflow/airflow/airflow_env/lib/python3.12/site-packages/airflow/example_dags/example_complex.py
[2024-12-26T03:27:20.476+0200] {processor.py:914} INFO - Processing file /mnt/e/Assignments/Airflow/airflow/airflow_env/lib/python3.12/site-packages/airflow/example_dags/example_complex.py for tasks to queue
[2024-12-26T03:27:20.481+0200] {logging_mixin.py:190} INFO - [2024-12-26T03:27:20.479+0200] {dagbag.py:588} INFO - Filling up the DagBag from /mnt/e/Assignments/Airflow/airflow/airflow_env/lib/python3.12/site-packages/airflow/example_dags/example_complex.py
[2024-12-26T03:27:20.574+0200] {processor.py:925} INFO - DAG(s) 'example_complex' retrieved from /mnt/e/Assignments/Airflow/airflow/airflow_env/lib/python3.12/site-packages/airflow/example_dags/example_complex.py
[2024-12-26T03:27:20.612+0200] {logging_mixin.py:190} INFO - [2024-12-26T03:27:20.610+0200] {dag.py:3239} INFO - Sync 1 DAGs
[2024-12-26T03:27:20.626+0200] {logging_mixin.py:190} INFO - [2024-12-26T03:27:20.625+0200] {dag.py:4180} INFO - Setting next_dagrun for example_complex to None, run_after=None
[2024-12-26T03:27:20.685+0200] {processor.py:208} INFO - Processing /mnt/e/Assignments/Airflow/airflow/airflow_env/lib/python3.12/site-packages/airflow/example_dags/example_complex.py took 0.233 seconds
[2024-12-26T03:29:21.712+0200] {processor.py:186} INFO - Started process (PID=192112) to work on /mnt/e/Assignments/Airflow/airflow/airflow_env/lib/python3.12/site-packages/airflow/example_dags/example_complex.py
[2024-12-26T03:29:21.713+0200] {processor.py:914} INFO - Processing file /mnt/e/Assignments/Airflow/airflow/airflow_env/lib/python3.12/site-packages/airflow/example_dags/example_complex.py for tasks to queue
[2024-12-26T03:29:21.716+0200] {logging_mixin.py:190} INFO - [2024-12-26T03:29:21.715+0200] {dagbag.py:588} INFO - Filling up the DagBag from /mnt/e/Assignments/Airflow/airflow/airflow_env/lib/python3.12/site-packages/airflow/example_dags/example_complex.py
[2024-12-26T03:29:21.799+0200] {processor.py:925} INFO - DAG(s) 'example_complex' retrieved from /mnt/e/Assignments/Airflow/airflow/airflow_env/lib/python3.12/site-packages/airflow/example_dags/example_complex.py
[2024-12-26T03:29:21.827+0200] {logging_mixin.py:190} INFO - [2024-12-26T03:29:21.826+0200] {dag.py:3239} INFO - Sync 1 DAGs
[2024-12-26T03:29:21.838+0200] {logging_mixin.py:190} INFO - [2024-12-26T03:29:21.837+0200] {dag.py:4180} INFO - Setting next_dagrun for example_complex to None, run_after=None
[2024-12-26T03:29:21.888+0200] {processor.py:208} INFO - Processing /mnt/e/Assignments/Airflow/airflow/airflow_env/lib/python3.12/site-packages/airflow/example_dags/example_complex.py took 0.186 seconds
[2024-12-26T03:31:30.858+0200] {processor.py:186} INFO - Started process (PID=192202) to work on /mnt/e/Assignments/Airflow/airflow/airflow_env/lib/python3.12/site-packages/airflow/example_dags/example_complex.py
[2024-12-26T03:31:30.861+0200] {processor.py:914} INFO - Processing file /mnt/e/Assignments/Airflow/airflow/airflow_env/lib/python3.12/site-packages/airflow/example_dags/example_complex.py for tasks to queue
[2024-12-26T03:31:30.866+0200] {logging_mixin.py:190} INFO - [2024-12-26T03:31:30.864+0200] {dagbag.py:588} INFO - Filling up the DagBag from /mnt/e/Assignments/Airflow/airflow/airflow_env/lib/python3.12/site-packages/airflow/example_dags/example_complex.py
[2024-12-26T03:31:30.977+0200] {processor.py:925} INFO - DAG(s) 'example_complex' retrieved from /mnt/e/Assignments/Airflow/airflow/airflow_env/lib/python3.12/site-packages/airflow/example_dags/example_complex.py
[2024-12-26T03:31:31.014+0200] {logging_mixin.py:190} INFO - [2024-12-26T03:31:31.013+0200] {dag.py:3239} INFO - Sync 1 DAGs
[2024-12-26T03:31:31.040+0200] {logging_mixin.py:190} INFO - [2024-12-26T03:31:31.036+0200] {dag.py:4180} INFO - Setting next_dagrun for example_complex to None, run_after=None
[2024-12-26T03:31:31.213+0200] {processor.py:208} INFO - Processing /mnt/e/Assignments/Airflow/airflow/airflow_env/lib/python3.12/site-packages/airflow/example_dags/example_complex.py took 0.374 seconds
[2024-12-26T03:33:37.810+0200] {processor.py:186} INFO - Started process (PID=192308) to work on /mnt/e/Assignments/Airflow/airflow/airflow_env/lib/python3.12/site-packages/airflow/example_dags/example_complex.py
[2024-12-26T03:33:37.812+0200] {processor.py:914} INFO - Processing file /mnt/e/Assignments/Airflow/airflow/airflow_env/lib/python3.12/site-packages/airflow/example_dags/example_complex.py for tasks to queue
[2024-12-26T03:33:37.815+0200] {logging_mixin.py:190} INFO - [2024-12-26T03:33:37.814+0200] {dagbag.py:588} INFO - Filling up the DagBag from /mnt/e/Assignments/Airflow/airflow/airflow_env/lib/python3.12/site-packages/airflow/example_dags/example_complex.py
[2024-12-26T03:33:37.959+0200] {processor.py:925} INFO - DAG(s) 'example_complex' retrieved from /mnt/e/Assignments/Airflow/airflow/airflow_env/lib/python3.12/site-packages/airflow/example_dags/example_complex.py
[2024-12-26T03:33:37.999+0200] {logging_mixin.py:190} INFO - [2024-12-26T03:33:37.997+0200] {dag.py:3239} INFO - Sync 1 DAGs
[2024-12-26T03:33:38.011+0200] {logging_mixin.py:190} INFO - [2024-12-26T03:33:38.010+0200] {dag.py:4180} INFO - Setting next_dagrun for example_complex to None, run_after=None
[2024-12-26T03:33:38.070+0200] {processor.py:208} INFO - Processing /mnt/e/Assignments/Airflow/airflow/airflow_env/lib/python3.12/site-packages/airflow/example_dags/example_complex.py took 0.269 seconds
[2024-12-26T03:35:49.198+0200] {processor.py:186} INFO - Started process (PID=192424) to work on /mnt/e/Assignments/Airflow/airflow/airflow_env/lib/python3.12/site-packages/airflow/example_dags/example_complex.py
[2024-12-26T03:35:49.200+0200] {processor.py:914} INFO - Processing file /mnt/e/Assignments/Airflow/airflow/airflow_env/lib/python3.12/site-packages/airflow/example_dags/example_complex.py for tasks to queue
[2024-12-26T03:35:49.202+0200] {logging_mixin.py:190} INFO - [2024-12-26T03:35:49.201+0200] {dagbag.py:588} INFO - Filling up the DagBag from /mnt/e/Assignments/Airflow/airflow/airflow_env/lib/python3.12/site-packages/airflow/example_dags/example_complex.py
[2024-12-26T03:35:49.295+0200] {processor.py:925} INFO - DAG(s) 'example_complex' retrieved from /mnt/e/Assignments/Airflow/airflow/airflow_env/lib/python3.12/site-packages/airflow/example_dags/example_complex.py
[2024-12-26T03:35:49.328+0200] {logging_mixin.py:190} INFO - [2024-12-26T03:35:49.328+0200] {dag.py:3239} INFO - Sync 1 DAGs
[2024-12-26T03:35:49.340+0200] {logging_mixin.py:190} INFO - [2024-12-26T03:35:49.339+0200] {dag.py:4180} INFO - Setting next_dagrun for example_complex to None, run_after=None
[2024-12-26T03:35:49.404+0200] {processor.py:208} INFO - Processing /mnt/e/Assignments/Airflow/airflow/airflow_env/lib/python3.12/site-packages/airflow/example_dags/example_complex.py took 0.214 seconds
[2024-12-26T03:39:04.058+0200] {processor.py:186} INFO - Started process (PID=192508) to work on /mnt/e/Assignments/Airflow/airflow/airflow_env/lib/python3.12/site-packages/airflow/example_dags/example_complex.py
[2024-12-26T03:39:04.061+0200] {processor.py:914} INFO - Processing file /mnt/e/Assignments/Airflow/airflow/airflow_env/lib/python3.12/site-packages/airflow/example_dags/example_complex.py for tasks to queue
[2024-12-26T03:39:04.066+0200] {logging_mixin.py:190} INFO - [2024-12-26T03:39:04.064+0200] {dagbag.py:588} INFO - Filling up the DagBag from /mnt/e/Assignments/Airflow/airflow/airflow_env/lib/python3.12/site-packages/airflow/example_dags/example_complex.py
[2024-12-26T03:39:04.285+0200] {processor.py:925} INFO - DAG(s) 'example_complex' retrieved from /mnt/e/Assignments/Airflow/airflow/airflow_env/lib/python3.12/site-packages/airflow/example_dags/example_complex.py
[2024-12-26T03:39:04.375+0200] {logging_mixin.py:190} INFO - [2024-12-26T03:39:04.372+0200] {dag.py:3239} INFO - Sync 1 DAGs
[2024-12-26T03:39:04.395+0200] {logging_mixin.py:190} INFO - [2024-12-26T03:39:04.393+0200] {dag.py:4180} INFO - Setting next_dagrun for example_complex to None, run_after=None
[2024-12-26T03:39:04.490+0200] {processor.py:208} INFO - Processing /mnt/e/Assignments/Airflow/airflow/airflow_env/lib/python3.12/site-packages/airflow/example_dags/example_complex.py took 0.462 seconds
[2024-12-26T03:41:01.010+0200] {processor.py:186} INFO - Started process (PID=192591) to work on /mnt/e/Assignments/Airflow/airflow/airflow_env/lib/python3.12/site-packages/airflow/example_dags/example_complex.py
[2024-12-26T03:41:01.013+0200] {processor.py:914} INFO - Processing file /mnt/e/Assignments/Airflow/airflow/airflow_env/lib/python3.12/site-packages/airflow/example_dags/example_complex.py for tasks to queue
[2024-12-26T03:41:01.015+0200] {logging_mixin.py:190} INFO - [2024-12-26T03:41:01.014+0200] {dagbag.py:588} INFO - Filling up the DagBag from /mnt/e/Assignments/Airflow/airflow/airflow_env/lib/python3.12/site-packages/airflow/example_dags/example_complex.py
[2024-12-26T03:41:01.081+0200] {processor.py:925} INFO - DAG(s) 'example_complex' retrieved from /mnt/e/Assignments/Airflow/airflow/airflow_env/lib/python3.12/site-packages/airflow/example_dags/example_complex.py
[2024-12-26T03:41:01.110+0200] {logging_mixin.py:190} INFO - [2024-12-26T03:41:01.110+0200] {dag.py:3239} INFO - Sync 1 DAGs
[2024-12-26T03:41:01.121+0200] {logging_mixin.py:190} INFO - [2024-12-26T03:41:01.120+0200] {dag.py:4180} INFO - Setting next_dagrun for example_complex to None, run_after=None
[2024-12-26T03:41:01.170+0200] {processor.py:208} INFO - Processing /mnt/e/Assignments/Airflow/airflow/airflow_env/lib/python3.12/site-packages/airflow/example_dags/example_complex.py took 0.169 seconds
[2024-12-26T03:42:58.979+0200] {processor.py:186} INFO - Started process (PID=192670) to work on /mnt/e/Assignments/Airflow/airflow/airflow_env/lib/python3.12/site-packages/airflow/example_dags/example_complex.py
[2024-12-26T03:42:58.982+0200] {processor.py:914} INFO - Processing file /mnt/e/Assignments/Airflow/airflow/airflow_env/lib/python3.12/site-packages/airflow/example_dags/example_complex.py for tasks to queue
[2024-12-26T03:42:58.989+0200] {logging_mixin.py:190} INFO - [2024-12-26T03:42:58.987+0200] {dagbag.py:588} INFO - Filling up the DagBag from /mnt/e/Assignments/Airflow/airflow/airflow_env/lib/python3.12/site-packages/airflow/example_dags/example_complex.py
[2024-12-26T03:42:59.079+0200] {processor.py:925} INFO - DAG(s) 'example_complex' retrieved from /mnt/e/Assignments/Airflow/airflow/airflow_env/lib/python3.12/site-packages/airflow/example_dags/example_complex.py
[2024-12-26T03:42:59.106+0200] {logging_mixin.py:190} INFO - [2024-12-26T03:42:59.105+0200] {dag.py:3239} INFO - Sync 1 DAGs
[2024-12-26T03:42:59.120+0200] {logging_mixin.py:190} INFO - [2024-12-26T03:42:59.119+0200] {dag.py:4180} INFO - Setting next_dagrun for example_complex to None, run_after=None
[2024-12-26T03:42:59.187+0200] {processor.py:208} INFO - Processing /mnt/e/Assignments/Airflow/airflow/airflow_env/lib/python3.12/site-packages/airflow/example_dags/example_complex.py took 0.241 seconds
[2024-12-26T03:44:59.453+0200] {processor.py:186} INFO - Started process (PID=192746) to work on /mnt/e/Assignments/Airflow/airflow/airflow_env/lib/python3.12/site-packages/airflow/example_dags/example_complex.py
[2024-12-26T03:44:59.455+0200] {processor.py:914} INFO - Processing file /mnt/e/Assignments/Airflow/airflow/airflow_env/lib/python3.12/site-packages/airflow/example_dags/example_complex.py for tasks to queue
[2024-12-26T03:44:59.458+0200] {logging_mixin.py:190} INFO - [2024-12-26T03:44:59.457+0200] {dagbag.py:588} INFO - Filling up the DagBag from /mnt/e/Assignments/Airflow/airflow/airflow_env/lib/python3.12/site-packages/airflow/example_dags/example_complex.py
[2024-12-26T03:44:59.512+0200] {processor.py:925} INFO - DAG(s) 'example_complex' retrieved from /mnt/e/Assignments/Airflow/airflow/airflow_env/lib/python3.12/site-packages/airflow/example_dags/example_complex.py
[2024-12-26T03:44:59.538+0200] {logging_mixin.py:190} INFO - [2024-12-26T03:44:59.537+0200] {dag.py:3239} INFO - Sync 1 DAGs
[2024-12-26T03:44:59.549+0200] {logging_mixin.py:190} INFO - [2024-12-26T03:44:59.548+0200] {dag.py:4180} INFO - Setting next_dagrun for example_complex to None, run_after=None
[2024-12-26T03:44:59.595+0200] {processor.py:208} INFO - Processing /mnt/e/Assignments/Airflow/airflow/airflow_env/lib/python3.12/site-packages/airflow/example_dags/example_complex.py took 0.152 seconds
[2024-12-26T03:46:57.725+0200] {processor.py:186} INFO - Started process (PID=192825) to work on /mnt/e/Assignments/Airflow/airflow/airflow_env/lib/python3.12/site-packages/airflow/example_dags/example_complex.py
[2024-12-26T03:46:57.727+0200] {processor.py:914} INFO - Processing file /mnt/e/Assignments/Airflow/airflow/airflow_env/lib/python3.12/site-packages/airflow/example_dags/example_complex.py for tasks to queue
[2024-12-26T03:46:57.729+0200] {logging_mixin.py:190} INFO - [2024-12-26T03:46:57.728+0200] {dagbag.py:588} INFO - Filling up the DagBag from /mnt/e/Assignments/Airflow/airflow/airflow_env/lib/python3.12/site-packages/airflow/example_dags/example_complex.py
[2024-12-26T03:46:57.790+0200] {processor.py:925} INFO - DAG(s) 'example_complex' retrieved from /mnt/e/Assignments/Airflow/airflow/airflow_env/lib/python3.12/site-packages/airflow/example_dags/example_complex.py
[2024-12-26T03:46:57.814+0200] {logging_mixin.py:190} INFO - [2024-12-26T03:46:57.814+0200] {dag.py:3239} INFO - Sync 1 DAGs
[2024-12-26T03:46:57.825+0200] {logging_mixin.py:190} INFO - [2024-12-26T03:46:57.824+0200] {dag.py:4180} INFO - Setting next_dagrun for example_complex to None, run_after=None
[2024-12-26T03:46:57.869+0200] {processor.py:208} INFO - Processing /mnt/e/Assignments/Airflow/airflow/airflow_env/lib/python3.12/site-packages/airflow/example_dags/example_complex.py took 0.156 seconds
[2024-12-26T03:49:09.914+0200] {processor.py:186} INFO - Started process (PID=192912) to work on /mnt/e/Assignments/Airflow/airflow/airflow_env/lib/python3.12/site-packages/airflow/example_dags/example_complex.py
[2024-12-26T03:49:09.917+0200] {processor.py:914} INFO - Processing file /mnt/e/Assignments/Airflow/airflow/airflow_env/lib/python3.12/site-packages/airflow/example_dags/example_complex.py for tasks to queue
[2024-12-26T03:49:09.921+0200] {logging_mixin.py:190} INFO - [2024-12-26T03:49:09.920+0200] {dagbag.py:588} INFO - Filling up the DagBag from /mnt/e/Assignments/Airflow/airflow/airflow_env/lib/python3.12/site-packages/airflow/example_dags/example_complex.py
[2024-12-26T03:49:10.021+0200] {processor.py:925} INFO - DAG(s) 'example_complex' retrieved from /mnt/e/Assignments/Airflow/airflow/airflow_env/lib/python3.12/site-packages/airflow/example_dags/example_complex.py
[2024-12-26T03:49:10.057+0200] {logging_mixin.py:190} INFO - [2024-12-26T03:49:10.055+0200] {dag.py:3239} INFO - Sync 1 DAGs
[2024-12-26T03:49:10.070+0200] {logging_mixin.py:190} INFO - [2024-12-26T03:49:10.069+0200] {dag.py:4180} INFO - Setting next_dagrun for example_complex to None, run_after=None
[2024-12-26T03:49:10.148+0200] {processor.py:208} INFO - Processing /mnt/e/Assignments/Airflow/airflow/airflow_env/lib/python3.12/site-packages/airflow/example_dags/example_complex.py took 0.245 seconds
[2024-12-26T03:51:09.517+0200] {processor.py:186} INFO - Started process (PID=192991) to work on /mnt/e/Assignments/Airflow/airflow/airflow_env/lib/python3.12/site-packages/airflow/example_dags/example_complex.py
[2024-12-26T03:51:09.518+0200] {processor.py:914} INFO - Processing file /mnt/e/Assignments/Airflow/airflow/airflow_env/lib/python3.12/site-packages/airflow/example_dags/example_complex.py for tasks to queue
[2024-12-26T03:51:09.521+0200] {logging_mixin.py:190} INFO - [2024-12-26T03:51:09.520+0200] {dagbag.py:588} INFO - Filling up the DagBag from /mnt/e/Assignments/Airflow/airflow/airflow_env/lib/python3.12/site-packages/airflow/example_dags/example_complex.py
[2024-12-26T03:51:09.575+0200] {processor.py:925} INFO - DAG(s) 'example_complex' retrieved from /mnt/e/Assignments/Airflow/airflow/airflow_env/lib/python3.12/site-packages/airflow/example_dags/example_complex.py
[2024-12-26T03:51:09.599+0200] {logging_mixin.py:190} INFO - [2024-12-26T03:51:09.598+0200] {dag.py:3239} INFO - Sync 1 DAGs
[2024-12-26T03:51:09.609+0200] {logging_mixin.py:190} INFO - [2024-12-26T03:51:09.608+0200] {dag.py:4180} INFO - Setting next_dagrun for example_complex to None, run_after=None
[2024-12-26T03:51:09.648+0200] {processor.py:208} INFO - Processing /mnt/e/Assignments/Airflow/airflow/airflow_env/lib/python3.12/site-packages/airflow/example_dags/example_complex.py took 0.141 seconds
[2024-12-26T03:53:24.359+0200] {processor.py:186} INFO - Started process (PID=193074) to work on /mnt/e/Assignments/Airflow/airflow/airflow_env/lib/python3.12/site-packages/airflow/example_dags/example_complex.py
[2024-12-26T03:53:24.361+0200] {processor.py:914} INFO - Processing file /mnt/e/Assignments/Airflow/airflow/airflow_env/lib/python3.12/site-packages/airflow/example_dags/example_complex.py for tasks to queue
[2024-12-26T03:53:24.365+0200] {logging_mixin.py:190} INFO - [2024-12-26T03:53:24.364+0200] {dagbag.py:588} INFO - Filling up the DagBag from /mnt/e/Assignments/Airflow/airflow/airflow_env/lib/python3.12/site-packages/airflow/example_dags/example_complex.py
[2024-12-26T03:53:24.441+0200] {processor.py:925} INFO - DAG(s) 'example_complex' retrieved from /mnt/e/Assignments/Airflow/airflow/airflow_env/lib/python3.12/site-packages/airflow/example_dags/example_complex.py
[2024-12-26T03:53:24.469+0200] {logging_mixin.py:190} INFO - [2024-12-26T03:53:24.468+0200] {dag.py:3239} INFO - Sync 1 DAGs
[2024-12-26T03:53:24.479+0200] {logging_mixin.py:190} INFO - [2024-12-26T03:53:24.478+0200] {dag.py:4180} INFO - Setting next_dagrun for example_complex to None, run_after=None
[2024-12-26T03:53:24.528+0200] {processor.py:208} INFO - Processing /mnt/e/Assignments/Airflow/airflow/airflow_env/lib/python3.12/site-packages/airflow/example_dags/example_complex.py took 0.184 seconds
[2024-12-26T03:55:34.039+0200] {processor.py:186} INFO - Started process (PID=193155) to work on /mnt/e/Assignments/Airflow/airflow/airflow_env/lib/python3.12/site-packages/airflow/example_dags/example_complex.py
[2024-12-26T03:55:34.044+0200] {processor.py:914} INFO - Processing file /mnt/e/Assignments/Airflow/airflow/airflow_env/lib/python3.12/site-packages/airflow/example_dags/example_complex.py for tasks to queue
[2024-12-26T03:55:34.053+0200] {logging_mixin.py:190} INFO - [2024-12-26T03:55:34.050+0200] {dagbag.py:588} INFO - Filling up the DagBag from /mnt/e/Assignments/Airflow/airflow/airflow_env/lib/python3.12/site-packages/airflow/example_dags/example_complex.py
[2024-12-26T03:55:34.339+0200] {processor.py:925} INFO - DAG(s) 'example_complex' retrieved from /mnt/e/Assignments/Airflow/airflow/airflow_env/lib/python3.12/site-packages/airflow/example_dags/example_complex.py
[2024-12-26T03:55:34.398+0200] {logging_mixin.py:190} INFO - [2024-12-26T03:55:34.396+0200] {dag.py:3239} INFO - Sync 1 DAGs
[2024-12-26T03:55:34.416+0200] {logging_mixin.py:190} INFO - [2024-12-26T03:55:34.414+0200] {dag.py:4180} INFO - Setting next_dagrun for example_complex to None, run_after=None
[2024-12-26T03:55:34.475+0200] {processor.py:208} INFO - Processing /mnt/e/Assignments/Airflow/airflow/airflow_env/lib/python3.12/site-packages/airflow/example_dags/example_complex.py took 0.470 seconds
[2024-12-26T03:57:50.417+0200] {processor.py:186} INFO - Started process (PID=193240) to work on /mnt/e/Assignments/Airflow/airflow/airflow_env/lib/python3.12/site-packages/airflow/example_dags/example_complex.py
[2024-12-26T03:57:50.419+0200] {processor.py:914} INFO - Processing file /mnt/e/Assignments/Airflow/airflow/airflow_env/lib/python3.12/site-packages/airflow/example_dags/example_complex.py for tasks to queue
[2024-12-26T03:57:50.423+0200] {logging_mixin.py:190} INFO - [2024-12-26T03:57:50.422+0200] {dagbag.py:588} INFO - Filling up the DagBag from /mnt/e/Assignments/Airflow/airflow/airflow_env/lib/python3.12/site-packages/airflow/example_dags/example_complex.py
[2024-12-26T03:57:50.518+0200] {processor.py:925} INFO - DAG(s) 'example_complex' retrieved from /mnt/e/Assignments/Airflow/airflow/airflow_env/lib/python3.12/site-packages/airflow/example_dags/example_complex.py
[2024-12-26T03:57:50.547+0200] {logging_mixin.py:190} INFO - [2024-12-26T03:57:50.546+0200] {dag.py:3239} INFO - Sync 1 DAGs
[2024-12-26T03:57:50.559+0200] {logging_mixin.py:190} INFO - [2024-12-26T03:57:50.558+0200] {dag.py:4180} INFO - Setting next_dagrun for example_complex to None, run_after=None
[2024-12-26T03:57:50.619+0200] {processor.py:208} INFO - Processing /mnt/e/Assignments/Airflow/airflow/airflow_env/lib/python3.12/site-packages/airflow/example_dags/example_complex.py took 0.214 seconds
[2024-12-26T03:59:44.701+0200] {processor.py:186} INFO - Started process (PID=193317) to work on /mnt/e/Assignments/Airflow/airflow/airflow_env/lib/python3.12/site-packages/airflow/example_dags/example_complex.py
[2024-12-26T03:59:44.703+0200] {processor.py:914} INFO - Processing file /mnt/e/Assignments/Airflow/airflow/airflow_env/lib/python3.12/site-packages/airflow/example_dags/example_complex.py for tasks to queue
[2024-12-26T03:59:44.707+0200] {logging_mixin.py:190} INFO - [2024-12-26T03:59:44.706+0200] {dagbag.py:588} INFO - Filling up the DagBag from /mnt/e/Assignments/Airflow/airflow/airflow_env/lib/python3.12/site-packages/airflow/example_dags/example_complex.py
[2024-12-26T03:59:44.762+0200] {processor.py:925} INFO - DAG(s) 'example_complex' retrieved from /mnt/e/Assignments/Airflow/airflow/airflow_env/lib/python3.12/site-packages/airflow/example_dags/example_complex.py
[2024-12-26T03:59:44.795+0200] {logging_mixin.py:190} INFO - [2024-12-26T03:59:44.793+0200] {dag.py:3239} INFO - Sync 1 DAGs
[2024-12-26T03:59:44.813+0200] {logging_mixin.py:190} INFO - [2024-12-26T03:59:44.811+0200] {dag.py:4180} INFO - Setting next_dagrun for example_complex to None, run_after=None
[2024-12-26T03:59:45.043+0200] {processor.py:208} INFO - Processing /mnt/e/Assignments/Airflow/airflow/airflow_env/lib/python3.12/site-packages/airflow/example_dags/example_complex.py took 0.350 seconds
[2024-12-26T04:01:53.565+0200] {processor.py:186} INFO - Started process (PID=193400) to work on /mnt/e/Assignments/Airflow/airflow/airflow_env/lib/python3.12/site-packages/airflow/example_dags/example_complex.py
[2024-12-26T04:01:53.568+0200] {processor.py:914} INFO - Processing file /mnt/e/Assignments/Airflow/airflow/airflow_env/lib/python3.12/site-packages/airflow/example_dags/example_complex.py for tasks to queue
[2024-12-26T04:01:53.572+0200] {logging_mixin.py:190} INFO - [2024-12-26T04:01:53.570+0200] {dagbag.py:588} INFO - Filling up the DagBag from /mnt/e/Assignments/Airflow/airflow/airflow_env/lib/python3.12/site-packages/airflow/example_dags/example_complex.py
[2024-12-26T04:01:53.674+0200] {processor.py:925} INFO - DAG(s) 'example_complex' retrieved from /mnt/e/Assignments/Airflow/airflow/airflow_env/lib/python3.12/site-packages/airflow/example_dags/example_complex.py
[2024-12-26T04:01:53.699+0200] {logging_mixin.py:190} INFO - [2024-12-26T04:01:53.698+0200] {dag.py:3239} INFO - Sync 1 DAGs
[2024-12-26T04:01:53.709+0200] {logging_mixin.py:190} INFO - [2024-12-26T04:01:53.708+0200] {dag.py:4180} INFO - Setting next_dagrun for example_complex to None, run_after=None
[2024-12-26T04:01:53.757+0200] {processor.py:208} INFO - Processing /mnt/e/Assignments/Airflow/airflow/airflow_env/lib/python3.12/site-packages/airflow/example_dags/example_complex.py took 0.218 seconds
[2024-12-26T04:04:06.047+0200] {processor.py:186} INFO - Started process (PID=193482) to work on /mnt/e/Assignments/Airflow/airflow/airflow_env/lib/python3.12/site-packages/airflow/example_dags/example_complex.py
[2024-12-26T04:04:06.049+0200] {processor.py:914} INFO - Processing file /mnt/e/Assignments/Airflow/airflow/airflow_env/lib/python3.12/site-packages/airflow/example_dags/example_complex.py for tasks to queue
[2024-12-26T04:04:06.051+0200] {logging_mixin.py:190} INFO - [2024-12-26T04:04:06.051+0200] {dagbag.py:588} INFO - Filling up the DagBag from /mnt/e/Assignments/Airflow/airflow/airflow_env/lib/python3.12/site-packages/airflow/example_dags/example_complex.py
[2024-12-26T04:04:06.105+0200] {processor.py:925} INFO - DAG(s) 'example_complex' retrieved from /mnt/e/Assignments/Airflow/airflow/airflow_env/lib/python3.12/site-packages/airflow/example_dags/example_complex.py
[2024-12-26T04:04:06.128+0200] {logging_mixin.py:190} INFO - [2024-12-26T04:04:06.128+0200] {dag.py:3239} INFO - Sync 1 DAGs
[2024-12-26T04:04:06.138+0200] {logging_mixin.py:190} INFO - [2024-12-26T04:04:06.138+0200] {dag.py:4180} INFO - Setting next_dagrun for example_complex to None, run_after=None
[2024-12-26T04:04:06.181+0200] {processor.py:208} INFO - Processing /mnt/e/Assignments/Airflow/airflow/airflow_env/lib/python3.12/site-packages/airflow/example_dags/example_complex.py took 0.143 seconds
[2024-12-26T04:06:08.672+0200] {processor.py:186} INFO - Started process (PID=193562) to work on /mnt/e/Assignments/Airflow/airflow/airflow_env/lib/python3.12/site-packages/airflow/example_dags/example_complex.py
[2024-12-26T04:06:08.676+0200] {processor.py:914} INFO - Processing file /mnt/e/Assignments/Airflow/airflow/airflow_env/lib/python3.12/site-packages/airflow/example_dags/example_complex.py for tasks to queue
[2024-12-26T04:06:08.682+0200] {logging_mixin.py:190} INFO - [2024-12-26T04:06:08.680+0200] {dagbag.py:588} INFO - Filling up the DagBag from /mnt/e/Assignments/Airflow/airflow/airflow_env/lib/python3.12/site-packages/airflow/example_dags/example_complex.py
[2024-12-26T04:06:08.927+0200] {processor.py:925} INFO - DAG(s) 'example_complex' retrieved from /mnt/e/Assignments/Airflow/airflow/airflow_env/lib/python3.12/site-packages/airflow/example_dags/example_complex.py
[2024-12-26T04:06:08.968+0200] {logging_mixin.py:190} INFO - [2024-12-26T04:06:08.966+0200] {dag.py:3239} INFO - Sync 1 DAGs
[2024-12-26T04:06:08.981+0200] {logging_mixin.py:190} INFO - [2024-12-26T04:06:08.980+0200] {dag.py:4180} INFO - Setting next_dagrun for example_complex to None, run_after=None
[2024-12-26T04:06:09.023+0200] {processor.py:208} INFO - Processing /mnt/e/Assignments/Airflow/airflow/airflow_env/lib/python3.12/site-packages/airflow/example_dags/example_complex.py took 0.373 seconds
[2024-12-26T04:08:07.340+0200] {processor.py:186} INFO - Started process (PID=193641) to work on /mnt/e/Assignments/Airflow/airflow/airflow_env/lib/python3.12/site-packages/airflow/example_dags/example_complex.py
[2024-12-26T04:08:07.344+0200] {processor.py:914} INFO - Processing file /mnt/e/Assignments/Airflow/airflow/airflow_env/lib/python3.12/site-packages/airflow/example_dags/example_complex.py for tasks to queue
[2024-12-26T04:08:07.353+0200] {logging_mixin.py:190} INFO - [2024-12-26T04:08:07.350+0200] {dagbag.py:588} INFO - Filling up the DagBag from /mnt/e/Assignments/Airflow/airflow/airflow_env/lib/python3.12/site-packages/airflow/example_dags/example_complex.py
[2024-12-26T04:08:07.485+0200] {processor.py:925} INFO - DAG(s) 'example_complex' retrieved from /mnt/e/Assignments/Airflow/airflow/airflow_env/lib/python3.12/site-packages/airflow/example_dags/example_complex.py
[2024-12-26T04:08:07.510+0200] {logging_mixin.py:190} INFO - [2024-12-26T04:08:07.510+0200] {dag.py:3239} INFO - Sync 1 DAGs
[2024-12-26T04:08:07.520+0200] {logging_mixin.py:190} INFO - [2024-12-26T04:08:07.519+0200] {dag.py:4180} INFO - Setting next_dagrun for example_complex to None, run_after=None
[2024-12-26T04:08:07.558+0200] {processor.py:208} INFO - Processing /mnt/e/Assignments/Airflow/airflow/airflow_env/lib/python3.12/site-packages/airflow/example_dags/example_complex.py took 0.249 seconds
[2024-12-26T04:09:54.118+0200] {processor.py:186} INFO - Started process (PID=193718) to work on /mnt/e/Assignments/Airflow/airflow/airflow_env/lib/python3.12/site-packages/airflow/example_dags/example_complex.py
[2024-12-26T04:09:54.124+0200] {processor.py:914} INFO - Processing file /mnt/e/Assignments/Airflow/airflow/airflow_env/lib/python3.12/site-packages/airflow/example_dags/example_complex.py for tasks to queue
[2024-12-26T04:09:54.132+0200] {logging_mixin.py:190} INFO - [2024-12-26T04:09:54.129+0200] {dagbag.py:588} INFO - Filling up the DagBag from /mnt/e/Assignments/Airflow/airflow/airflow_env/lib/python3.12/site-packages/airflow/example_dags/example_complex.py
[2024-12-26T04:09:54.371+0200] {processor.py:925} INFO - DAG(s) 'example_complex' retrieved from /mnt/e/Assignments/Airflow/airflow/airflow_env/lib/python3.12/site-packages/airflow/example_dags/example_complex.py
[2024-12-26T04:09:54.429+0200] {logging_mixin.py:190} INFO - [2024-12-26T04:09:54.427+0200] {dag.py:3239} INFO - Sync 1 DAGs
[2024-12-26T04:09:54.448+0200] {logging_mixin.py:190} INFO - [2024-12-26T04:09:54.446+0200] {dag.py:4180} INFO - Setting next_dagrun for example_complex to None, run_after=None
[2024-12-26T04:09:54.556+0200] {processor.py:208} INFO - Processing /mnt/e/Assignments/Airflow/airflow/airflow_env/lib/python3.12/site-packages/airflow/example_dags/example_complex.py took 0.473 seconds
[2024-12-26T04:11:47.266+0200] {processor.py:186} INFO - Started process (PID=193793) to work on /mnt/e/Assignments/Airflow/airflow/airflow_env/lib/python3.12/site-packages/airflow/example_dags/example_complex.py
[2024-12-26T04:11:47.271+0200] {processor.py:914} INFO - Processing file /mnt/e/Assignments/Airflow/airflow/airflow_env/lib/python3.12/site-packages/airflow/example_dags/example_complex.py for tasks to queue
[2024-12-26T04:11:47.279+0200] {logging_mixin.py:190} INFO - [2024-12-26T04:11:47.276+0200] {dagbag.py:588} INFO - Filling up the DagBag from /mnt/e/Assignments/Airflow/airflow/airflow_env/lib/python3.12/site-packages/airflow/example_dags/example_complex.py
[2024-12-26T04:11:47.531+0200] {processor.py:925} INFO - DAG(s) 'example_complex' retrieved from /mnt/e/Assignments/Airflow/airflow/airflow_env/lib/python3.12/site-packages/airflow/example_dags/example_complex.py
[2024-12-26T04:11:47.598+0200] {logging_mixin.py:190} INFO - [2024-12-26T04:11:47.595+0200] {dag.py:3239} INFO - Sync 1 DAGs
[2024-12-26T04:11:47.620+0200] {logging_mixin.py:190} INFO - [2024-12-26T04:11:47.617+0200] {dag.py:4180} INFO - Setting next_dagrun for example_complex to None, run_after=None
[2024-12-26T04:11:47.737+0200] {processor.py:208} INFO - Processing /mnt/e/Assignments/Airflow/airflow/airflow_env/lib/python3.12/site-packages/airflow/example_dags/example_complex.py took 0.502 seconds
[2024-12-26T04:13:33.147+0200] {processor.py:186} INFO - Started process (PID=193868) to work on /mnt/e/Assignments/Airflow/airflow/airflow_env/lib/python3.12/site-packages/airflow/example_dags/example_complex.py
[2024-12-26T04:13:33.152+0200] {processor.py:914} INFO - Processing file /mnt/e/Assignments/Airflow/airflow/airflow_env/lib/python3.12/site-packages/airflow/example_dags/example_complex.py for tasks to queue
[2024-12-26T04:13:33.159+0200] {logging_mixin.py:190} INFO - [2024-12-26T04:13:33.156+0200] {dagbag.py:588} INFO - Filling up the DagBag from /mnt/e/Assignments/Airflow/airflow/airflow_env/lib/python3.12/site-packages/airflow/example_dags/example_complex.py
[2024-12-26T04:13:33.400+0200] {processor.py:925} INFO - DAG(s) 'example_complex' retrieved from /mnt/e/Assignments/Airflow/airflow/airflow_env/lib/python3.12/site-packages/airflow/example_dags/example_complex.py
[2024-12-26T04:13:33.459+0200] {logging_mixin.py:190} INFO - [2024-12-26T04:13:33.456+0200] {dag.py:3239} INFO - Sync 1 DAGs
[2024-12-26T04:13:33.480+0200] {logging_mixin.py:190} INFO - [2024-12-26T04:13:33.477+0200] {dag.py:4180} INFO - Setting next_dagrun for example_complex to None, run_after=None
[2024-12-26T04:13:33.599+0200] {processor.py:208} INFO - Processing /mnt/e/Assignments/Airflow/airflow/airflow_env/lib/python3.12/site-packages/airflow/example_dags/example_complex.py took 0.479 seconds
[2024-12-26T04:15:40.273+0200] {processor.py:186} INFO - Started process (PID=193949) to work on /mnt/e/Assignments/Airflow/airflow/airflow_env/lib/python3.12/site-packages/airflow/example_dags/example_complex.py
[2024-12-26T04:15:40.278+0200] {processor.py:914} INFO - Processing file /mnt/e/Assignments/Airflow/airflow/airflow_env/lib/python3.12/site-packages/airflow/example_dags/example_complex.py for tasks to queue
[2024-12-26T04:15:40.287+0200] {logging_mixin.py:190} INFO - [2024-12-26T04:15:40.283+0200] {dagbag.py:588} INFO - Filling up the DagBag from /mnt/e/Assignments/Airflow/airflow/airflow_env/lib/python3.12/site-packages/airflow/example_dags/example_complex.py
[2024-12-26T04:15:40.604+0200] {processor.py:925} INFO - DAG(s) 'example_complex' retrieved from /mnt/e/Assignments/Airflow/airflow/airflow_env/lib/python3.12/site-packages/airflow/example_dags/example_complex.py
[2024-12-26T04:15:40.693+0200] {logging_mixin.py:190} INFO - [2024-12-26T04:15:40.690+0200] {dag.py:3239} INFO - Sync 1 DAGs
[2024-12-26T04:15:40.717+0200] {logging_mixin.py:190} INFO - [2024-12-26T04:15:40.713+0200] {dag.py:4180} INFO - Setting next_dagrun for example_complex to None, run_after=None
[2024-12-26T04:15:40.882+0200] {processor.py:208} INFO - Processing /mnt/e/Assignments/Airflow/airflow/airflow_env/lib/python3.12/site-packages/airflow/example_dags/example_complex.py took 0.649 seconds
[2024-12-26T04:17:56.031+0200] {processor.py:186} INFO - Started process (PID=194035) to work on /mnt/e/Assignments/Airflow/airflow/airflow_env/lib/python3.12/site-packages/airflow/example_dags/example_complex.py
[2024-12-26T04:17:56.033+0200] {processor.py:914} INFO - Processing file /mnt/e/Assignments/Airflow/airflow/airflow_env/lib/python3.12/site-packages/airflow/example_dags/example_complex.py for tasks to queue
[2024-12-26T04:17:56.037+0200] {logging_mixin.py:190} INFO - [2024-12-26T04:17:56.036+0200] {dagbag.py:588} INFO - Filling up the DagBag from /mnt/e/Assignments/Airflow/airflow/airflow_env/lib/python3.12/site-packages/airflow/example_dags/example_complex.py
[2024-12-26T04:17:56.108+0200] {processor.py:925} INFO - DAG(s) 'example_complex' retrieved from /mnt/e/Assignments/Airflow/airflow/airflow_env/lib/python3.12/site-packages/airflow/example_dags/example_complex.py
[2024-12-26T04:17:56.139+0200] {logging_mixin.py:190} INFO - [2024-12-26T04:17:56.138+0200] {dag.py:3239} INFO - Sync 1 DAGs
[2024-12-26T04:17:56.149+0200] {logging_mixin.py:190} INFO - [2024-12-26T04:17:56.148+0200] {dag.py:4180} INFO - Setting next_dagrun for example_complex to None, run_after=None
[2024-12-26T04:17:56.199+0200] {processor.py:208} INFO - Processing /mnt/e/Assignments/Airflow/airflow/airflow_env/lib/python3.12/site-packages/airflow/example_dags/example_complex.py took 0.180 seconds
[2024-12-26T04:20:12.399+0200] {processor.py:186} INFO - Started process (PID=194121) to work on /mnt/e/Assignments/Airflow/airflow/airflow_env/lib/python3.12/site-packages/airflow/example_dags/example_complex.py
[2024-12-26T04:20:12.402+0200] {processor.py:914} INFO - Processing file /mnt/e/Assignments/Airflow/airflow/airflow_env/lib/python3.12/site-packages/airflow/example_dags/example_complex.py for tasks to queue
[2024-12-26T04:20:12.408+0200] {logging_mixin.py:190} INFO - [2024-12-26T04:20:12.405+0200] {dagbag.py:588} INFO - Filling up the DagBag from /mnt/e/Assignments/Airflow/airflow/airflow_env/lib/python3.12/site-packages/airflow/example_dags/example_complex.py
[2024-12-26T04:20:12.504+0200] {processor.py:925} INFO - DAG(s) 'example_complex' retrieved from /mnt/e/Assignments/Airflow/airflow/airflow_env/lib/python3.12/site-packages/airflow/example_dags/example_complex.py
[2024-12-26T04:20:12.531+0200] {logging_mixin.py:190} INFO - [2024-12-26T04:20:12.530+0200] {dag.py:3239} INFO - Sync 1 DAGs
[2024-12-26T04:20:12.542+0200] {logging_mixin.py:190} INFO - [2024-12-26T04:20:12.541+0200] {dag.py:4180} INFO - Setting next_dagrun for example_complex to None, run_after=None
[2024-12-26T04:20:12.592+0200] {processor.py:208} INFO - Processing /mnt/e/Assignments/Airflow/airflow/airflow_env/lib/python3.12/site-packages/airflow/example_dags/example_complex.py took 0.213 seconds
[2024-12-26T04:22:31.338+0200] {processor.py:186} INFO - Started process (PID=194205) to work on /mnt/e/Assignments/Airflow/airflow/airflow_env/lib/python3.12/site-packages/airflow/example_dags/example_complex.py
[2024-12-26T04:22:31.343+0200] {processor.py:914} INFO - Processing file /mnt/e/Assignments/Airflow/airflow/airflow_env/lib/python3.12/site-packages/airflow/example_dags/example_complex.py for tasks to queue
[2024-12-26T04:22:31.353+0200] {logging_mixin.py:190} INFO - [2024-12-26T04:22:31.349+0200] {dagbag.py:588} INFO - Filling up the DagBag from /mnt/e/Assignments/Airflow/airflow/airflow_env/lib/python3.12/site-packages/airflow/example_dags/example_complex.py
[2024-12-26T04:22:31.621+0200] {processor.py:925} INFO - DAG(s) 'example_complex' retrieved from /mnt/e/Assignments/Airflow/airflow/airflow_env/lib/python3.12/site-packages/airflow/example_dags/example_complex.py
[2024-12-26T04:22:31.700+0200] {logging_mixin.py:190} INFO - [2024-12-26T04:22:31.696+0200] {dag.py:3239} INFO - Sync 1 DAGs
[2024-12-26T04:22:31.726+0200] {logging_mixin.py:190} INFO - [2024-12-26T04:22:31.723+0200] {dag.py:4180} INFO - Setting next_dagrun for example_complex to None, run_after=None
[2024-12-26T04:22:31.904+0200] {processor.py:208} INFO - Processing /mnt/e/Assignments/Airflow/airflow/airflow_env/lib/python3.12/site-packages/airflow/example_dags/example_complex.py took 0.595 seconds
[2024-12-26T04:24:53.348+0200] {processor.py:186} INFO - Started process (PID=194288) to work on /mnt/e/Assignments/Airflow/airflow/airflow_env/lib/python3.12/site-packages/airflow/example_dags/example_complex.py
[2024-12-26T04:24:53.350+0200] {processor.py:914} INFO - Processing file /mnt/e/Assignments/Airflow/airflow/airflow_env/lib/python3.12/site-packages/airflow/example_dags/example_complex.py for tasks to queue
[2024-12-26T04:24:53.353+0200] {logging_mixin.py:190} INFO - [2024-12-26T04:24:53.352+0200] {dagbag.py:588} INFO - Filling up the DagBag from /mnt/e/Assignments/Airflow/airflow/airflow_env/lib/python3.12/site-packages/airflow/example_dags/example_complex.py
[2024-12-26T04:24:53.442+0200] {processor.py:925} INFO - DAG(s) 'example_complex' retrieved from /mnt/e/Assignments/Airflow/airflow/airflow_env/lib/python3.12/site-packages/airflow/example_dags/example_complex.py
[2024-12-26T04:24:53.520+0200] {logging_mixin.py:190} INFO - [2024-12-26T04:24:53.518+0200] {dag.py:3239} INFO - Sync 1 DAGs
[2024-12-26T04:24:53.551+0200] {logging_mixin.py:190} INFO - [2024-12-26T04:24:53.547+0200] {dag.py:4180} INFO - Setting next_dagrun for example_complex to None, run_after=None
[2024-12-26T04:24:53.753+0200] {processor.py:208} INFO - Processing /mnt/e/Assignments/Airflow/airflow/airflow_env/lib/python3.12/site-packages/airflow/example_dags/example_complex.py took 0.415 seconds
[2024-12-26T04:27:06.901+0200] {processor.py:186} INFO - Started process (PID=194369) to work on /mnt/e/Assignments/Airflow/airflow/airflow_env/lib/python3.12/site-packages/airflow/example_dags/example_complex.py
[2024-12-26T04:27:06.905+0200] {processor.py:914} INFO - Processing file /mnt/e/Assignments/Airflow/airflow/airflow_env/lib/python3.12/site-packages/airflow/example_dags/example_complex.py for tasks to queue
[2024-12-26T04:27:06.914+0200] {logging_mixin.py:190} INFO - [2024-12-26T04:27:06.910+0200] {dagbag.py:588} INFO - Filling up the DagBag from /mnt/e/Assignments/Airflow/airflow/airflow_env/lib/python3.12/site-packages/airflow/example_dags/example_complex.py
[2024-12-26T04:27:07.013+0200] {processor.py:925} INFO - DAG(s) 'example_complex' retrieved from /mnt/e/Assignments/Airflow/airflow/airflow_env/lib/python3.12/site-packages/airflow/example_dags/example_complex.py
[2024-12-26T04:27:07.048+0200] {logging_mixin.py:190} INFO - [2024-12-26T04:27:07.047+0200] {dag.py:3239} INFO - Sync 1 DAGs
[2024-12-26T04:27:07.064+0200] {logging_mixin.py:190} INFO - [2024-12-26T04:27:07.062+0200] {dag.py:4180} INFO - Setting next_dagrun for example_complex to None, run_after=None
[2024-12-26T04:27:07.115+0200] {processor.py:208} INFO - Processing /mnt/e/Assignments/Airflow/airflow/airflow_env/lib/python3.12/site-packages/airflow/example_dags/example_complex.py took 0.230 seconds
[2024-12-26T04:29:27.653+0200] {processor.py:186} INFO - Started process (PID=194455) to work on /mnt/e/Assignments/Airflow/airflow/airflow_env/lib/python3.12/site-packages/airflow/example_dags/example_complex.py
[2024-12-26T04:29:27.656+0200] {processor.py:914} INFO - Processing file /mnt/e/Assignments/Airflow/airflow/airflow_env/lib/python3.12/site-packages/airflow/example_dags/example_complex.py for tasks to queue
[2024-12-26T04:29:27.661+0200] {logging_mixin.py:190} INFO - [2024-12-26T04:29:27.660+0200] {dagbag.py:588} INFO - Filling up the DagBag from /mnt/e/Assignments/Airflow/airflow/airflow_env/lib/python3.12/site-packages/airflow/example_dags/example_complex.py
[2024-12-26T04:29:27.734+0200] {processor.py:925} INFO - DAG(s) 'example_complex' retrieved from /mnt/e/Assignments/Airflow/airflow/airflow_env/lib/python3.12/site-packages/airflow/example_dags/example_complex.py
[2024-12-26T04:29:27.767+0200] {logging_mixin.py:190} INFO - [2024-12-26T04:29:27.766+0200] {dag.py:3239} INFO - Sync 1 DAGs
[2024-12-26T04:29:27.779+0200] {logging_mixin.py:190} INFO - [2024-12-26T04:29:27.778+0200] {dag.py:4180} INFO - Setting next_dagrun for example_complex to None, run_after=None
[2024-12-26T04:29:27.830+0200] {processor.py:208} INFO - Processing /mnt/e/Assignments/Airflow/airflow/airflow_env/lib/python3.12/site-packages/airflow/example_dags/example_complex.py took 0.195 seconds
[2024-12-26T04:31:38.654+0200] {processor.py:186} INFO - Started process (PID=194535) to work on /mnt/e/Assignments/Airflow/airflow/airflow_env/lib/python3.12/site-packages/airflow/example_dags/example_complex.py
[2024-12-26T04:31:38.661+0200] {processor.py:914} INFO - Processing file /mnt/e/Assignments/Airflow/airflow/airflow_env/lib/python3.12/site-packages/airflow/example_dags/example_complex.py for tasks to queue
[2024-12-26T04:31:38.669+0200] {logging_mixin.py:190} INFO - [2024-12-26T04:31:38.666+0200] {dagbag.py:588} INFO - Filling up the DagBag from /mnt/e/Assignments/Airflow/airflow/airflow_env/lib/python3.12/site-packages/airflow/example_dags/example_complex.py
[2024-12-26T04:31:38.968+0200] {processor.py:925} INFO - DAG(s) 'example_complex' retrieved from /mnt/e/Assignments/Airflow/airflow/airflow_env/lib/python3.12/site-packages/airflow/example_dags/example_complex.py
[2024-12-26T04:31:39.030+0200] {logging_mixin.py:190} INFO - [2024-12-26T04:31:39.028+0200] {dag.py:3239} INFO - Sync 1 DAGs
[2024-12-26T04:31:39.050+0200] {logging_mixin.py:190} INFO - [2024-12-26T04:31:39.047+0200] {dag.py:4180} INFO - Setting next_dagrun for example_complex to None, run_after=None
[2024-12-26T04:31:39.161+0200] {processor.py:208} INFO - Processing /mnt/e/Assignments/Airflow/airflow/airflow_env/lib/python3.12/site-packages/airflow/example_dags/example_complex.py took 0.541 seconds
[2024-12-26T04:33:40.133+0200] {processor.py:186} INFO - Started process (PID=194617) to work on /mnt/e/Assignments/Airflow/airflow/airflow_env/lib/python3.12/site-packages/airflow/example_dags/example_complex.py
[2024-12-26T04:33:40.136+0200] {processor.py:914} INFO - Processing file /mnt/e/Assignments/Airflow/airflow/airflow_env/lib/python3.12/site-packages/airflow/example_dags/example_complex.py for tasks to queue
[2024-12-26T04:33:40.139+0200] {logging_mixin.py:190} INFO - [2024-12-26T04:33:40.138+0200] {dagbag.py:588} INFO - Filling up the DagBag from /mnt/e/Assignments/Airflow/airflow/airflow_env/lib/python3.12/site-packages/airflow/example_dags/example_complex.py
[2024-12-26T04:33:40.298+0200] {processor.py:925} INFO - DAG(s) 'example_complex' retrieved from /mnt/e/Assignments/Airflow/airflow/airflow_env/lib/python3.12/site-packages/airflow/example_dags/example_complex.py
[2024-12-26T04:33:40.322+0200] {logging_mixin.py:190} INFO - [2024-12-26T04:33:40.321+0200] {dag.py:3239} INFO - Sync 1 DAGs
[2024-12-26T04:33:40.331+0200] {logging_mixin.py:190} INFO - [2024-12-26T04:33:40.330+0200] {dag.py:4180} INFO - Setting next_dagrun for example_complex to None, run_after=None
[2024-12-26T04:33:40.389+0200] {processor.py:208} INFO - Processing /mnt/e/Assignments/Airflow/airflow/airflow_env/lib/python3.12/site-packages/airflow/example_dags/example_complex.py took 0.282 seconds
