[2024-12-26T02:07:24.079+0200] {processor.py:186} INFO - Started process (PID=188613) to work on /mnt/e/Assignments/Airflow/airflow/airflow_env/lib/python3.12/site-packages/airflow/example_dags/example_params_trigger_ui.py
[2024-12-26T02:07:24.083+0200] {processor.py:914} INFO - Processing file /mnt/e/Assignments/Airflow/airflow/airflow_env/lib/python3.12/site-packages/airflow/example_dags/example_params_trigger_ui.py for tasks to queue
[2024-12-26T02:07:24.087+0200] {logging_mixin.py:190} INFO - [2024-12-26T02:07:24.085+0200] {dagbag.py:588} INFO - Filling up the DagBag from /mnt/e/Assignments/Airflow/airflow/airflow_env/lib/python3.12/site-packages/airflow/example_dags/example_params_trigger_ui.py
[2024-12-26T02:07:24.129+0200] {processor.py:925} INFO - DAG(s) 'example_params_trigger_ui' retrieved from /mnt/e/Assignments/Airflow/airflow/airflow_env/lib/python3.12/site-packages/airflow/example_dags/example_params_trigger_ui.py
[2024-12-26T02:07:24.191+0200] {logging_mixin.py:190} INFO - [2024-12-26T02:07:24.189+0200] {dag.py:3239} INFO - Sync 1 DAGs
[2024-12-26T02:07:24.206+0200] {logging_mixin.py:190} INFO - [2024-12-26T02:07:24.205+0200] {dag.py:4180} INFO - Setting next_dagrun for example_params_trigger_ui to None, run_after=None
[2024-12-26T02:07:24.282+0200] {processor.py:208} INFO - Processing /mnt/e/Assignments/Airflow/airflow/airflow_env/lib/python3.12/site-packages/airflow/example_dags/example_params_trigger_ui.py took 0.222 seconds
[2024-12-26T02:09:00.681+0200] {processor.py:186} INFO - Started process (PID=188674) to work on /mnt/e/Assignments/Airflow/airflow/airflow_env/lib/python3.12/site-packages/airflow/example_dags/example_params_trigger_ui.py
[2024-12-26T02:09:00.684+0200] {processor.py:914} INFO - Processing file /mnt/e/Assignments/Airflow/airflow/airflow_env/lib/python3.12/site-packages/airflow/example_dags/example_params_trigger_ui.py for tasks to queue
[2024-12-26T02:09:00.687+0200] {logging_mixin.py:190} INFO - [2024-12-26T02:09:00.686+0200] {dagbag.py:588} INFO - Filling up the DagBag from /mnt/e/Assignments/Airflow/airflow/airflow_env/lib/python3.12/site-packages/airflow/example_dags/example_params_trigger_ui.py
[2024-12-26T02:09:00.731+0200] {processor.py:925} INFO - DAG(s) 'example_params_trigger_ui' retrieved from /mnt/e/Assignments/Airflow/airflow/airflow_env/lib/python3.12/site-packages/airflow/example_dags/example_params_trigger_ui.py
[2024-12-26T02:09:00.838+0200] {logging_mixin.py:190} INFO - [2024-12-26T02:09:00.836+0200] {dag.py:3239} INFO - Sync 1 DAGs
[2024-12-26T02:09:00.853+0200] {logging_mixin.py:190} INFO - [2024-12-26T02:09:00.851+0200] {dag.py:4180} INFO - Setting next_dagrun for example_params_trigger_ui to None, run_after=None
[2024-12-26T02:09:00.913+0200] {processor.py:208} INFO - Processing /mnt/e/Assignments/Airflow/airflow/airflow_env/lib/python3.12/site-packages/airflow/example_dags/example_params_trigger_ui.py took 0.250 seconds
[2024-12-26T02:11:10.285+0200] {processor.py:186} INFO - Started process (PID=188754) to work on /mnt/e/Assignments/Airflow/airflow/airflow_env/lib/python3.12/site-packages/airflow/example_dags/example_params_trigger_ui.py
[2024-12-26T02:11:10.289+0200] {processor.py:914} INFO - Processing file /mnt/e/Assignments/Airflow/airflow/airflow_env/lib/python3.12/site-packages/airflow/example_dags/example_params_trigger_ui.py for tasks to queue
[2024-12-26T02:11:10.293+0200] {logging_mixin.py:190} INFO - [2024-12-26T02:11:10.291+0200] {dagbag.py:588} INFO - Filling up the DagBag from /mnt/e/Assignments/Airflow/airflow/airflow_env/lib/python3.12/site-packages/airflow/example_dags/example_params_trigger_ui.py
[2024-12-26T02:11:10.332+0200] {processor.py:925} INFO - DAG(s) 'example_params_trigger_ui' retrieved from /mnt/e/Assignments/Airflow/airflow/airflow_env/lib/python3.12/site-packages/airflow/example_dags/example_params_trigger_ui.py
[2024-12-26T02:11:10.406+0200] {logging_mixin.py:190} INFO - [2024-12-26T02:11:10.396+0200] {dag.py:3239} INFO - Sync 1 DAGs
[2024-12-26T02:11:10.431+0200] {logging_mixin.py:190} INFO - [2024-12-26T02:11:10.429+0200] {dag.py:4180} INFO - Setting next_dagrun for example_params_trigger_ui to None, run_after=None
[2024-12-26T02:11:10.537+0200] {processor.py:208} INFO - Processing /mnt/e/Assignments/Airflow/airflow/airflow_env/lib/python3.12/site-packages/airflow/example_dags/example_params_trigger_ui.py took 0.269 seconds
[2024-12-26T02:13:21.756+0200] {processor.py:186} INFO - Started process (PID=188852) to work on /mnt/e/Assignments/Airflow/airflow/airflow_env/lib/python3.12/site-packages/airflow/example_dags/example_params_trigger_ui.py
[2024-12-26T02:13:21.761+0200] {processor.py:914} INFO - Processing file /mnt/e/Assignments/Airflow/airflow/airflow_env/lib/python3.12/site-packages/airflow/example_dags/example_params_trigger_ui.py for tasks to queue
[2024-12-26T02:13:21.767+0200] {logging_mixin.py:190} INFO - [2024-12-26T02:13:21.765+0200] {dagbag.py:588} INFO - Filling up the DagBag from /mnt/e/Assignments/Airflow/airflow/airflow_env/lib/python3.12/site-packages/airflow/example_dags/example_params_trigger_ui.py
[2024-12-26T02:13:24.777+0200] {processor.py:925} INFO - DAG(s) 'example_params_trigger_ui' retrieved from /mnt/e/Assignments/Airflow/airflow/airflow_env/lib/python3.12/site-packages/airflow/example_dags/example_params_trigger_ui.py
[2024-12-26T02:13:24.870+0200] {logging_mixin.py:190} INFO - [2024-12-26T02:13:24.848+0200] {dag.py:3239} INFO - Sync 1 DAGs
[2024-12-26T02:13:24.909+0200] {logging_mixin.py:190} INFO - [2024-12-26T02:13:24.907+0200] {dag.py:4180} INFO - Setting next_dagrun for example_params_trigger_ui to None, run_after=None
[2024-12-26T02:13:25.047+0200] {processor.py:208} INFO - Processing /mnt/e/Assignments/Airflow/airflow/airflow_env/lib/python3.12/site-packages/airflow/example_dags/example_params_trigger_ui.py took 0.417 seconds
[2024-12-26T02:15:32.504+0200] {processor.py:186} INFO - Started process (PID=188939) to work on /mnt/e/Assignments/Airflow/airflow/airflow_env/lib/python3.12/site-packages/airflow/example_dags/example_params_trigger_ui.py
[2024-12-26T02:15:32.506+0200] {processor.py:914} INFO - Processing file /mnt/e/Assignments/Airflow/airflow/airflow_env/lib/python3.12/site-packages/airflow/example_dags/example_params_trigger_ui.py for tasks to queue
[2024-12-26T02:15:32.509+0200] {logging_mixin.py:190} INFO - [2024-12-26T02:15:32.508+0200] {dagbag.py:588} INFO - Filling up the DagBag from /mnt/e/Assignments/Airflow/airflow/airflow_env/lib/python3.12/site-packages/airflow/example_dags/example_params_trigger_ui.py
[2024-12-26T02:15:32.538+0200] {processor.py:925} INFO - DAG(s) 'example_params_trigger_ui' retrieved from /mnt/e/Assignments/Airflow/airflow/airflow_env/lib/python3.12/site-packages/airflow/example_dags/example_params_trigger_ui.py
[2024-12-26T02:15:32.588+0200] {logging_mixin.py:190} INFO - [2024-12-26T02:15:32.586+0200] {dag.py:3239} INFO - Sync 1 DAGs
[2024-12-26T02:15:32.607+0200] {logging_mixin.py:190} INFO - [2024-12-26T02:15:32.605+0200] {dag.py:4180} INFO - Setting next_dagrun for example_params_trigger_ui to None, run_after=None
[2024-12-26T02:15:32.697+0200] {processor.py:208} INFO - Processing /mnt/e/Assignments/Airflow/airflow/airflow_env/lib/python3.12/site-packages/airflow/example_dags/example_params_trigger_ui.py took 0.210 seconds
[2024-12-26T02:17:34.546+0200] {processor.py:186} INFO - Started process (PID=189033) to work on /mnt/e/Assignments/Airflow/airflow/airflow_env/lib/python3.12/site-packages/airflow/example_dags/example_params_trigger_ui.py
[2024-12-26T02:17:34.550+0200] {processor.py:914} INFO - Processing file /mnt/e/Assignments/Airflow/airflow/airflow_env/lib/python3.12/site-packages/airflow/example_dags/example_params_trigger_ui.py for tasks to queue
[2024-12-26T02:17:34.558+0200] {logging_mixin.py:190} INFO - [2024-12-26T02:17:34.554+0200] {dagbag.py:588} INFO - Filling up the DagBag from /mnt/e/Assignments/Airflow/airflow/airflow_env/lib/python3.12/site-packages/airflow/example_dags/example_params_trigger_ui.py
[2024-12-26T02:17:34.625+0200] {processor.py:925} INFO - DAG(s) 'example_params_trigger_ui' retrieved from /mnt/e/Assignments/Airflow/airflow/airflow_env/lib/python3.12/site-packages/airflow/example_dags/example_params_trigger_ui.py
[2024-12-26T02:17:34.698+0200] {logging_mixin.py:190} INFO - [2024-12-26T02:17:34.696+0200] {dag.py:3239} INFO - Sync 1 DAGs
[2024-12-26T02:17:34.720+0200] {logging_mixin.py:190} INFO - [2024-12-26T02:17:34.717+0200] {dag.py:4180} INFO - Setting next_dagrun for example_params_trigger_ui to None, run_after=None
[2024-12-26T02:17:34.847+0200] {processor.py:208} INFO - Processing /mnt/e/Assignments/Airflow/airflow/airflow_env/lib/python3.12/site-packages/airflow/example_dags/example_params_trigger_ui.py took 0.332 seconds
[2024-12-26T02:19:40.691+0200] {processor.py:186} INFO - Started process (PID=189122) to work on /mnt/e/Assignments/Airflow/airflow/airflow_env/lib/python3.12/site-packages/airflow/example_dags/example_params_trigger_ui.py
[2024-12-26T02:19:40.693+0200] {processor.py:914} INFO - Processing file /mnt/e/Assignments/Airflow/airflow/airflow_env/lib/python3.12/site-packages/airflow/example_dags/example_params_trigger_ui.py for tasks to queue
[2024-12-26T02:19:40.696+0200] {logging_mixin.py:190} INFO - [2024-12-26T02:19:40.695+0200] {dagbag.py:588} INFO - Filling up the DagBag from /mnt/e/Assignments/Airflow/airflow/airflow_env/lib/python3.12/site-packages/airflow/example_dags/example_params_trigger_ui.py
[2024-12-26T02:19:40.728+0200] {processor.py:925} INFO - DAG(s) 'example_params_trigger_ui' retrieved from /mnt/e/Assignments/Airflow/airflow/airflow_env/lib/python3.12/site-packages/airflow/example_dags/example_params_trigger_ui.py
[2024-12-26T02:19:40.777+0200] {logging_mixin.py:190} INFO - [2024-12-26T02:19:40.776+0200] {dag.py:3239} INFO - Sync 1 DAGs
[2024-12-26T02:19:40.793+0200] {logging_mixin.py:190} INFO - [2024-12-26T02:19:40.792+0200] {dag.py:4180} INFO - Setting next_dagrun for example_params_trigger_ui to None, run_after=None
[2024-12-26T02:19:40.845+0200] {processor.py:208} INFO - Processing /mnt/e/Assignments/Airflow/airflow/airflow_env/lib/python3.12/site-packages/airflow/example_dags/example_params_trigger_ui.py took 0.170 seconds
[2024-12-26T02:22:02.196+0200] {processor.py:186} INFO - Started process (PID=189223) to work on /mnt/e/Assignments/Airflow/airflow/airflow_env/lib/python3.12/site-packages/airflow/example_dags/example_params_trigger_ui.py
[2024-12-26T02:22:02.199+0200] {processor.py:914} INFO - Processing file /mnt/e/Assignments/Airflow/airflow/airflow_env/lib/python3.12/site-packages/airflow/example_dags/example_params_trigger_ui.py for tasks to queue
[2024-12-26T02:22:02.203+0200] {logging_mixin.py:190} INFO - [2024-12-26T02:22:02.202+0200] {dagbag.py:588} INFO - Filling up the DagBag from /mnt/e/Assignments/Airflow/airflow/airflow_env/lib/python3.12/site-packages/airflow/example_dags/example_params_trigger_ui.py
[2024-12-26T02:22:02.240+0200] {processor.py:925} INFO - DAG(s) 'example_params_trigger_ui' retrieved from /mnt/e/Assignments/Airflow/airflow/airflow_env/lib/python3.12/site-packages/airflow/example_dags/example_params_trigger_ui.py
[2024-12-26T02:22:02.292+0200] {logging_mixin.py:190} INFO - [2024-12-26T02:22:02.290+0200] {dag.py:3239} INFO - Sync 1 DAGs
[2024-12-26T02:22:02.308+0200] {logging_mixin.py:190} INFO - [2024-12-26T02:22:02.306+0200] {dag.py:4180} INFO - Setting next_dagrun for example_params_trigger_ui to None, run_after=None
[2024-12-26T02:22:02.409+0200] {processor.py:208} INFO - Processing /mnt/e/Assignments/Airflow/airflow/airflow_env/lib/python3.12/site-packages/airflow/example_dags/example_params_trigger_ui.py took 0.232 seconds
[2024-12-26T02:24:06.223+0200] {processor.py:186} INFO - Started process (PID=189329) to work on /mnt/e/Assignments/Airflow/airflow/airflow_env/lib/python3.12/site-packages/airflow/example_dags/example_params_trigger_ui.py
[2024-12-26T02:24:06.226+0200] {processor.py:914} INFO - Processing file /mnt/e/Assignments/Airflow/airflow/airflow_env/lib/python3.12/site-packages/airflow/example_dags/example_params_trigger_ui.py for tasks to queue
[2024-12-26T02:24:06.230+0200] {logging_mixin.py:190} INFO - [2024-12-26T02:24:06.228+0200] {dagbag.py:588} INFO - Filling up the DagBag from /mnt/e/Assignments/Airflow/airflow/airflow_env/lib/python3.12/site-packages/airflow/example_dags/example_params_trigger_ui.py
[2024-12-26T02:24:06.275+0200] {processor.py:925} INFO - DAG(s) 'example_params_trigger_ui' retrieved from /mnt/e/Assignments/Airflow/airflow/airflow_env/lib/python3.12/site-packages/airflow/example_dags/example_params_trigger_ui.py
[2024-12-26T02:24:06.335+0200] {logging_mixin.py:190} INFO - [2024-12-26T02:24:06.334+0200] {dag.py:3239} INFO - Sync 1 DAGs
[2024-12-26T02:24:06.352+0200] {logging_mixin.py:190} INFO - [2024-12-26T02:24:06.350+0200] {dag.py:4180} INFO - Setting next_dagrun for example_params_trigger_ui to None, run_after=None
[2024-12-26T02:24:06.433+0200] {processor.py:208} INFO - Processing /mnt/e/Assignments/Airflow/airflow/airflow_env/lib/python3.12/site-packages/airflow/example_dags/example_params_trigger_ui.py took 0.229 seconds
[2024-12-26T02:26:15.792+0200] {processor.py:186} INFO - Started process (PID=189472) to work on /mnt/e/Assignments/Airflow/airflow/airflow_env/lib/python3.12/site-packages/airflow/example_dags/example_params_trigger_ui.py
[2024-12-26T02:26:15.795+0200] {processor.py:914} INFO - Processing file /mnt/e/Assignments/Airflow/airflow/airflow_env/lib/python3.12/site-packages/airflow/example_dags/example_params_trigger_ui.py for tasks to queue
[2024-12-26T02:26:15.799+0200] {logging_mixin.py:190} INFO - [2024-12-26T02:26:15.798+0200] {dagbag.py:588} INFO - Filling up the DagBag from /mnt/e/Assignments/Airflow/airflow/airflow_env/lib/python3.12/site-packages/airflow/example_dags/example_params_trigger_ui.py
[2024-12-26T02:26:18.773+0200] {processor.py:925} INFO - DAG(s) 'example_params_trigger_ui' retrieved from /mnt/e/Assignments/Airflow/airflow/airflow_env/lib/python3.12/site-packages/airflow/example_dags/example_params_trigger_ui.py
[2024-12-26T02:26:18.829+0200] {logging_mixin.py:190} INFO - [2024-12-26T02:26:18.827+0200] {dag.py:3239} INFO - Sync 1 DAGs
[2024-12-26T02:26:18.845+0200] {logging_mixin.py:190} INFO - [2024-12-26T02:26:18.843+0200] {dag.py:4180} INFO - Setting next_dagrun for example_params_trigger_ui to None, run_after=None
[2024-12-26T02:26:18.977+0200] {processor.py:208} INFO - Processing /mnt/e/Assignments/Airflow/airflow/airflow_env/lib/python3.12/site-packages/airflow/example_dags/example_params_trigger_ui.py took 0.274 seconds
[2024-12-26T02:28:22.637+0200] {processor.py:186} INFO - Started process (PID=189606) to work on /mnt/e/Assignments/Airflow/airflow/airflow_env/lib/python3.12/site-packages/airflow/example_dags/example_params_trigger_ui.py
[2024-12-26T02:28:22.639+0200] {processor.py:914} INFO - Processing file /mnt/e/Assignments/Airflow/airflow/airflow_env/lib/python3.12/site-packages/airflow/example_dags/example_params_trigger_ui.py for tasks to queue
[2024-12-26T02:28:22.643+0200] {logging_mixin.py:190} INFO - [2024-12-26T02:28:22.641+0200] {dagbag.py:588} INFO - Filling up the DagBag from /mnt/e/Assignments/Airflow/airflow/airflow_env/lib/python3.12/site-packages/airflow/example_dags/example_params_trigger_ui.py
[2024-12-26T02:28:22.671+0200] {processor.py:925} INFO - DAG(s) 'example_params_trigger_ui' retrieved from /mnt/e/Assignments/Airflow/airflow/airflow_env/lib/python3.12/site-packages/airflow/example_dags/example_params_trigger_ui.py
[2024-12-26T02:28:22.713+0200] {logging_mixin.py:190} INFO - [2024-12-26T02:28:22.712+0200] {dag.py:3239} INFO - Sync 1 DAGs
[2024-12-26T02:28:22.725+0200] {logging_mixin.py:190} INFO - [2024-12-26T02:28:22.724+0200] {dag.py:4180} INFO - Setting next_dagrun for example_params_trigger_ui to None, run_after=None
[2024-12-26T02:28:22.801+0200] {processor.py:208} INFO - Processing /mnt/e/Assignments/Airflow/airflow/airflow_env/lib/python3.12/site-packages/airflow/example_dags/example_params_trigger_ui.py took 0.178 seconds
[2024-12-26T02:30:37.709+0200] {processor.py:186} INFO - Started process (PID=189715) to work on /mnt/e/Assignments/Airflow/airflow/airflow_env/lib/python3.12/site-packages/airflow/example_dags/example_params_trigger_ui.py
[2024-12-26T02:30:37.711+0200] {processor.py:914} INFO - Processing file /mnt/e/Assignments/Airflow/airflow/airflow_env/lib/python3.12/site-packages/airflow/example_dags/example_params_trigger_ui.py for tasks to queue
[2024-12-26T02:30:37.716+0200] {logging_mixin.py:190} INFO - [2024-12-26T02:30:37.714+0200] {dagbag.py:588} INFO - Filling up the DagBag from /mnt/e/Assignments/Airflow/airflow/airflow_env/lib/python3.12/site-packages/airflow/example_dags/example_params_trigger_ui.py
[2024-12-26T02:30:37.752+0200] {processor.py:925} INFO - DAG(s) 'example_params_trigger_ui' retrieved from /mnt/e/Assignments/Airflow/airflow/airflow_env/lib/python3.12/site-packages/airflow/example_dags/example_params_trigger_ui.py
[2024-12-26T02:30:37.814+0200] {logging_mixin.py:190} INFO - [2024-12-26T02:30:37.810+0200] {dag.py:3239} INFO - Sync 1 DAGs
[2024-12-26T02:30:37.832+0200] {logging_mixin.py:190} INFO - [2024-12-26T02:30:37.830+0200] {dag.py:4180} INFO - Setting next_dagrun for example_params_trigger_ui to None, run_after=None
[2024-12-26T02:30:37.953+0200] {processor.py:208} INFO - Processing /mnt/e/Assignments/Airflow/airflow/airflow_env/lib/python3.12/site-packages/airflow/example_dags/example_params_trigger_ui.py took 0.261 seconds
[2024-12-26T02:32:53.492+0200] {processor.py:186} INFO - Started process (PID=189818) to work on /mnt/e/Assignments/Airflow/airflow/airflow_env/lib/python3.12/site-packages/airflow/example_dags/example_params_trigger_ui.py
[2024-12-26T02:32:53.494+0200] {processor.py:914} INFO - Processing file /mnt/e/Assignments/Airflow/airflow/airflow_env/lib/python3.12/site-packages/airflow/example_dags/example_params_trigger_ui.py for tasks to queue
[2024-12-26T02:32:53.498+0200] {logging_mixin.py:190} INFO - [2024-12-26T02:32:53.497+0200] {dagbag.py:588} INFO - Filling up the DagBag from /mnt/e/Assignments/Airflow/airflow/airflow_env/lib/python3.12/site-packages/airflow/example_dags/example_params_trigger_ui.py
[2024-12-26T02:32:53.529+0200] {processor.py:925} INFO - DAG(s) 'example_params_trigger_ui' retrieved from /mnt/e/Assignments/Airflow/airflow/airflow_env/lib/python3.12/site-packages/airflow/example_dags/example_params_trigger_ui.py
[2024-12-26T02:32:53.571+0200] {logging_mixin.py:190} INFO - [2024-12-26T02:32:53.570+0200] {dag.py:3239} INFO - Sync 1 DAGs
[2024-12-26T02:32:53.583+0200] {logging_mixin.py:190} INFO - [2024-12-26T02:32:53.582+0200] {dag.py:4180} INFO - Setting next_dagrun for example_params_trigger_ui to None, run_after=None
[2024-12-26T02:32:53.667+0200] {processor.py:208} INFO - Processing /mnt/e/Assignments/Airflow/airflow/airflow_env/lib/python3.12/site-packages/airflow/example_dags/example_params_trigger_ui.py took 0.189 seconds
[2024-12-26T02:35:16.982+0200] {processor.py:186} INFO - Started process (PID=189930) to work on /mnt/e/Assignments/Airflow/airflow/airflow_env/lib/python3.12/site-packages/airflow/example_dags/example_params_trigger_ui.py
[2024-12-26T02:35:16.987+0200] {processor.py:914} INFO - Processing file /mnt/e/Assignments/Airflow/airflow/airflow_env/lib/python3.12/site-packages/airflow/example_dags/example_params_trigger_ui.py for tasks to queue
[2024-12-26T02:35:16.996+0200] {logging_mixin.py:190} INFO - [2024-12-26T02:35:16.991+0200] {dagbag.py:588} INFO - Filling up the DagBag from /mnt/e/Assignments/Airflow/airflow/airflow_env/lib/python3.12/site-packages/airflow/example_dags/example_params_trigger_ui.py
[2024-12-26T02:35:17.082+0200] {processor.py:925} INFO - DAG(s) 'example_params_trigger_ui' retrieved from /mnt/e/Assignments/Airflow/airflow/airflow_env/lib/python3.12/site-packages/airflow/example_dags/example_params_trigger_ui.py
[2024-12-26T02:35:17.179+0200] {logging_mixin.py:190} INFO - [2024-12-26T02:35:17.175+0200] {dag.py:3239} INFO - Sync 1 DAGs
[2024-12-26T02:35:17.201+0200] {logging_mixin.py:190} INFO - [2024-12-26T02:35:17.199+0200] {dag.py:4180} INFO - Setting next_dagrun for example_params_trigger_ui to None, run_after=None
[2024-12-26T02:35:17.343+0200] {processor.py:208} INFO - Processing /mnt/e/Assignments/Airflow/airflow/airflow_env/lib/python3.12/site-packages/airflow/example_dags/example_params_trigger_ui.py took 0.391 seconds
[2024-12-26T02:37:33.584+0200] {processor.py:186} INFO - Started process (PID=190021) to work on /mnt/e/Assignments/Airflow/airflow/airflow_env/lib/python3.12/site-packages/airflow/example_dags/example_params_trigger_ui.py
[2024-12-26T02:37:33.587+0200] {processor.py:914} INFO - Processing file /mnt/e/Assignments/Airflow/airflow/airflow_env/lib/python3.12/site-packages/airflow/example_dags/example_params_trigger_ui.py for tasks to queue
[2024-12-26T02:37:33.592+0200] {logging_mixin.py:190} INFO - [2024-12-26T02:37:33.590+0200] {dagbag.py:588} INFO - Filling up the DagBag from /mnt/e/Assignments/Airflow/airflow/airflow_env/lib/python3.12/site-packages/airflow/example_dags/example_params_trigger_ui.py
[2024-12-26T02:37:33.627+0200] {processor.py:925} INFO - DAG(s) 'example_params_trigger_ui' retrieved from /mnt/e/Assignments/Airflow/airflow/airflow_env/lib/python3.12/site-packages/airflow/example_dags/example_params_trigger_ui.py
[2024-12-26T02:37:33.690+0200] {logging_mixin.py:190} INFO - [2024-12-26T02:37:33.688+0200] {dag.py:3239} INFO - Sync 1 DAGs
[2024-12-26T02:37:33.723+0200] {logging_mixin.py:190} INFO - [2024-12-26T02:37:33.721+0200] {dag.py:4180} INFO - Setting next_dagrun for example_params_trigger_ui to None, run_after=None
[2024-12-26T02:37:33.804+0200] {processor.py:208} INFO - Processing /mnt/e/Assignments/Airflow/airflow/airflow_env/lib/python3.12/site-packages/airflow/example_dags/example_params_trigger_ui.py took 0.237 seconds
[2024-12-26T02:41:20.001+0200] {processor.py:186} INFO - Started process (PID=190144) to work on /mnt/e/Assignments/Airflow/airflow/airflow_env/lib/python3.12/site-packages/airflow/example_dags/example_params_trigger_ui.py
[2024-12-26T02:41:20.004+0200] {processor.py:914} INFO - Processing file /mnt/e/Assignments/Airflow/airflow/airflow_env/lib/python3.12/site-packages/airflow/example_dags/example_params_trigger_ui.py for tasks to queue
[2024-12-26T02:41:20.008+0200] {logging_mixin.py:190} INFO - [2024-12-26T02:41:20.006+0200] {dagbag.py:588} INFO - Filling up the DagBag from /mnt/e/Assignments/Airflow/airflow/airflow_env/lib/python3.12/site-packages/airflow/example_dags/example_params_trigger_ui.py
[2024-12-26T02:41:20.076+0200] {processor.py:925} INFO - DAG(s) 'example_params_trigger_ui' retrieved from /mnt/e/Assignments/Airflow/airflow/airflow_env/lib/python3.12/site-packages/airflow/example_dags/example_params_trigger_ui.py
[2024-12-26T02:41:20.150+0200] {logging_mixin.py:190} INFO - [2024-12-26T02:41:20.149+0200] {dag.py:3239} INFO - Sync 1 DAGs
[2024-12-26T02:41:20.170+0200] {logging_mixin.py:190} INFO - [2024-12-26T02:41:20.168+0200] {dag.py:4180} INFO - Setting next_dagrun for example_params_trigger_ui to None, run_after=None
[2024-12-26T02:41:20.251+0200] {processor.py:208} INFO - Processing /mnt/e/Assignments/Airflow/airflow/airflow_env/lib/python3.12/site-packages/airflow/example_dags/example_params_trigger_ui.py took 0.270 seconds
[2024-12-26T02:43:29.585+0200] {processor.py:186} INFO - Started process (PID=190225) to work on /mnt/e/Assignments/Airflow/airflow/airflow_env/lib/python3.12/site-packages/airflow/example_dags/example_params_trigger_ui.py
[2024-12-26T02:43:29.587+0200] {processor.py:914} INFO - Processing file /mnt/e/Assignments/Airflow/airflow/airflow_env/lib/python3.12/site-packages/airflow/example_dags/example_params_trigger_ui.py for tasks to queue
[2024-12-26T02:43:29.589+0200] {logging_mixin.py:190} INFO - [2024-12-26T02:43:29.588+0200] {dagbag.py:588} INFO - Filling up the DagBag from /mnt/e/Assignments/Airflow/airflow/airflow_env/lib/python3.12/site-packages/airflow/example_dags/example_params_trigger_ui.py
[2024-12-26T02:43:29.614+0200] {processor.py:925} INFO - DAG(s) 'example_params_trigger_ui' retrieved from /mnt/e/Assignments/Airflow/airflow/airflow_env/lib/python3.12/site-packages/airflow/example_dags/example_params_trigger_ui.py
[2024-12-26T02:43:29.660+0200] {logging_mixin.py:190} INFO - [2024-12-26T02:43:29.659+0200] {dag.py:3239} INFO - Sync 1 DAGs
[2024-12-26T02:43:29.674+0200] {logging_mixin.py:190} INFO - [2024-12-26T02:43:29.673+0200] {dag.py:4180} INFO - Setting next_dagrun for example_params_trigger_ui to None, run_after=None
[2024-12-26T02:43:29.723+0200] {processor.py:208} INFO - Processing /mnt/e/Assignments/Airflow/airflow/airflow_env/lib/python3.12/site-packages/airflow/example_dags/example_params_trigger_ui.py took 0.150 seconds
[2024-12-26T02:45:29.280+0200] {processor.py:186} INFO - Started process (PID=190306) to work on /mnt/e/Assignments/Airflow/airflow/airflow_env/lib/python3.12/site-packages/airflow/example_dags/example_params_trigger_ui.py
[2024-12-26T02:45:29.285+0200] {processor.py:914} INFO - Processing file /mnt/e/Assignments/Airflow/airflow/airflow_env/lib/python3.12/site-packages/airflow/example_dags/example_params_trigger_ui.py for tasks to queue
[2024-12-26T02:45:29.293+0200] {logging_mixin.py:190} INFO - [2024-12-26T02:45:29.289+0200] {dagbag.py:588} INFO - Filling up the DagBag from /mnt/e/Assignments/Airflow/airflow/airflow_env/lib/python3.12/site-packages/airflow/example_dags/example_params_trigger_ui.py
[2024-12-26T02:45:29.357+0200] {processor.py:925} INFO - DAG(s) 'example_params_trigger_ui' retrieved from /mnt/e/Assignments/Airflow/airflow/airflow_env/lib/python3.12/site-packages/airflow/example_dags/example_params_trigger_ui.py
[2024-12-26T02:45:29.432+0200] {logging_mixin.py:190} INFO - [2024-12-26T02:45:29.429+0200] {dag.py:3239} INFO - Sync 1 DAGs
[2024-12-26T02:45:29.453+0200] {logging_mixin.py:190} INFO - [2024-12-26T02:45:29.450+0200] {dag.py:4180} INFO - Setting next_dagrun for example_params_trigger_ui to None, run_after=None
[2024-12-26T02:45:29.590+0200] {processor.py:208} INFO - Processing /mnt/e/Assignments/Airflow/airflow/airflow_env/lib/python3.12/site-packages/airflow/example_dags/example_params_trigger_ui.py took 0.341 seconds
[2024-12-26T02:47:36.448+0200] {processor.py:186} INFO - Started process (PID=190411) to work on /mnt/e/Assignments/Airflow/airflow/airflow_env/lib/python3.12/site-packages/airflow/example_dags/example_params_trigger_ui.py
[2024-12-26T02:47:36.451+0200] {processor.py:914} INFO - Processing file /mnt/e/Assignments/Airflow/airflow/airflow_env/lib/python3.12/site-packages/airflow/example_dags/example_params_trigger_ui.py for tasks to queue
[2024-12-26T02:47:36.455+0200] {logging_mixin.py:190} INFO - [2024-12-26T02:47:36.453+0200] {dagbag.py:588} INFO - Filling up the DagBag from /mnt/e/Assignments/Airflow/airflow/airflow_env/lib/python3.12/site-packages/airflow/example_dags/example_params_trigger_ui.py
[2024-12-26T02:47:36.490+0200] {processor.py:925} INFO - DAG(s) 'example_params_trigger_ui' retrieved from /mnt/e/Assignments/Airflow/airflow/airflow_env/lib/python3.12/site-packages/airflow/example_dags/example_params_trigger_ui.py
[2024-12-26T02:47:36.564+0200] {logging_mixin.py:190} INFO - [2024-12-26T02:47:36.562+0200] {dag.py:3239} INFO - Sync 1 DAGs
[2024-12-26T02:47:36.584+0200] {logging_mixin.py:190} INFO - [2024-12-26T02:47:36.583+0200] {dag.py:4180} INFO - Setting next_dagrun for example_params_trigger_ui to None, run_after=None
[2024-12-26T02:47:36.686+0200] {processor.py:208} INFO - Processing /mnt/e/Assignments/Airflow/airflow/airflow_env/lib/python3.12/site-packages/airflow/example_dags/example_params_trigger_ui.py took 0.255 seconds
[2024-12-26T02:49:47.739+0200] {processor.py:186} INFO - Started process (PID=190520) to work on /mnt/e/Assignments/Airflow/airflow/airflow_env/lib/python3.12/site-packages/airflow/example_dags/example_params_trigger_ui.py
[2024-12-26T02:49:47.744+0200] {processor.py:914} INFO - Processing file /mnt/e/Assignments/Airflow/airflow/airflow_env/lib/python3.12/site-packages/airflow/example_dags/example_params_trigger_ui.py for tasks to queue
[2024-12-26T02:49:47.750+0200] {logging_mixin.py:190} INFO - [2024-12-26T02:49:47.747+0200] {dagbag.py:588} INFO - Filling up the DagBag from /mnt/e/Assignments/Airflow/airflow/airflow_env/lib/python3.12/site-packages/airflow/example_dags/example_params_trigger_ui.py
[2024-12-26T02:49:47.803+0200] {processor.py:925} INFO - DAG(s) 'example_params_trigger_ui' retrieved from /mnt/e/Assignments/Airflow/airflow/airflow_env/lib/python3.12/site-packages/airflow/example_dags/example_params_trigger_ui.py
[2024-12-26T02:49:47.870+0200] {logging_mixin.py:190} INFO - [2024-12-26T02:49:47.868+0200] {dag.py:3239} INFO - Sync 1 DAGs
[2024-12-26T02:49:47.890+0200] {logging_mixin.py:190} INFO - [2024-12-26T02:49:47.888+0200] {dag.py:4180} INFO - Setting next_dagrun for example_params_trigger_ui to None, run_after=None
[2024-12-26T02:49:47.979+0200] {processor.py:208} INFO - Processing /mnt/e/Assignments/Airflow/airflow/airflow_env/lib/python3.12/site-packages/airflow/example_dags/example_params_trigger_ui.py took 0.265 seconds
[2024-12-26T02:51:53.338+0200] {processor.py:186} INFO - Started process (PID=190608) to work on /mnt/e/Assignments/Airflow/airflow/airflow_env/lib/python3.12/site-packages/airflow/example_dags/example_params_trigger_ui.py
[2024-12-26T02:51:53.342+0200] {processor.py:914} INFO - Processing file /mnt/e/Assignments/Airflow/airflow/airflow_env/lib/python3.12/site-packages/airflow/example_dags/example_params_trigger_ui.py for tasks to queue
[2024-12-26T02:51:53.347+0200] {logging_mixin.py:190} INFO - [2024-12-26T02:51:53.345+0200] {dagbag.py:588} INFO - Filling up the DagBag from /mnt/e/Assignments/Airflow/airflow/airflow_env/lib/python3.12/site-packages/airflow/example_dags/example_params_trigger_ui.py
[2024-12-26T02:51:53.400+0200] {processor.py:925} INFO - DAG(s) 'example_params_trigger_ui' retrieved from /mnt/e/Assignments/Airflow/airflow/airflow_env/lib/python3.12/site-packages/airflow/example_dags/example_params_trigger_ui.py
[2024-12-26T02:51:53.455+0200] {logging_mixin.py:190} INFO - [2024-12-26T02:51:53.453+0200] {dag.py:3239} INFO - Sync 1 DAGs
[2024-12-26T02:51:53.467+0200] {logging_mixin.py:190} INFO - [2024-12-26T02:51:53.466+0200] {dag.py:4180} INFO - Setting next_dagrun for example_params_trigger_ui to None, run_after=None
[2024-12-26T02:51:53.527+0200] {processor.py:208} INFO - Processing /mnt/e/Assignments/Airflow/airflow/airflow_env/lib/python3.12/site-packages/airflow/example_dags/example_params_trigger_ui.py took 0.213 seconds
[2024-12-26T02:53:25.997+0200] {processor.py:186} INFO - Started process (PID=190670) to work on /mnt/e/Assignments/Airflow/airflow/airflow_env/lib/python3.12/site-packages/airflow/example_dags/example_params_trigger_ui.py
[2024-12-26T02:53:26.000+0200] {processor.py:914} INFO - Processing file /mnt/e/Assignments/Airflow/airflow/airflow_env/lib/python3.12/site-packages/airflow/example_dags/example_params_trigger_ui.py for tasks to queue
[2024-12-26T02:53:26.005+0200] {logging_mixin.py:190} INFO - [2024-12-26T02:53:26.003+0200] {dagbag.py:588} INFO - Filling up the DagBag from /mnt/e/Assignments/Airflow/airflow/airflow_env/lib/python3.12/site-packages/airflow/example_dags/example_params_trigger_ui.py
[2024-12-26T02:53:26.050+0200] {processor.py:925} INFO - DAG(s) 'example_params_trigger_ui' retrieved from /mnt/e/Assignments/Airflow/airflow/airflow_env/lib/python3.12/site-packages/airflow/example_dags/example_params_trigger_ui.py
[2024-12-26T02:53:26.107+0200] {logging_mixin.py:190} INFO - [2024-12-26T02:53:26.106+0200] {dag.py:3239} INFO - Sync 1 DAGs
[2024-12-26T02:53:26.124+0200] {logging_mixin.py:190} INFO - [2024-12-26T02:53:26.123+0200] {dag.py:4180} INFO - Setting next_dagrun for example_params_trigger_ui to None, run_after=None
[2024-12-26T02:53:26.209+0200] {processor.py:208} INFO - Processing /mnt/e/Assignments/Airflow/airflow/airflow_env/lib/python3.12/site-packages/airflow/example_dags/example_params_trigger_ui.py took 0.232 seconds
[2024-12-26T02:55:32.442+0200] {processor.py:186} INFO - Started process (PID=190768) to work on /mnt/e/Assignments/Airflow/airflow/airflow_env/lib/python3.12/site-packages/airflow/example_dags/example_params_trigger_ui.py
[2024-12-26T02:55:32.445+0200] {processor.py:914} INFO - Processing file /mnt/e/Assignments/Airflow/airflow/airflow_env/lib/python3.12/site-packages/airflow/example_dags/example_params_trigger_ui.py for tasks to queue
[2024-12-26T02:55:32.449+0200] {logging_mixin.py:190} INFO - [2024-12-26T02:55:32.447+0200] {dagbag.py:588} INFO - Filling up the DagBag from /mnt/e/Assignments/Airflow/airflow/airflow_env/lib/python3.12/site-packages/airflow/example_dags/example_params_trigger_ui.py
[2024-12-26T02:55:32.495+0200] {processor.py:925} INFO - DAG(s) 'example_params_trigger_ui' retrieved from /mnt/e/Assignments/Airflow/airflow/airflow_env/lib/python3.12/site-packages/airflow/example_dags/example_params_trigger_ui.py
[2024-12-26T02:55:32.552+0200] {logging_mixin.py:190} INFO - [2024-12-26T02:55:32.551+0200] {dag.py:3239} INFO - Sync 1 DAGs
[2024-12-26T02:55:32.570+0200] {logging_mixin.py:190} INFO - [2024-12-26T02:55:32.568+0200] {dag.py:4180} INFO - Setting next_dagrun for example_params_trigger_ui to None, run_after=None
[2024-12-26T02:55:32.652+0200] {processor.py:208} INFO - Processing /mnt/e/Assignments/Airflow/airflow/airflow_env/lib/python3.12/site-packages/airflow/example_dags/example_params_trigger_ui.py took 0.227 seconds
[2024-12-26T02:57:43.065+0200] {processor.py:186} INFO - Started process (PID=190855) to work on /mnt/e/Assignments/Airflow/airflow/airflow_env/lib/python3.12/site-packages/airflow/example_dags/example_params_trigger_ui.py
[2024-12-26T02:57:43.068+0200] {processor.py:914} INFO - Processing file /mnt/e/Assignments/Airflow/airflow/airflow_env/lib/python3.12/site-packages/airflow/example_dags/example_params_trigger_ui.py for tasks to queue
[2024-12-26T02:57:43.072+0200] {logging_mixin.py:190} INFO - [2024-12-26T02:57:43.070+0200] {dagbag.py:588} INFO - Filling up the DagBag from /mnt/e/Assignments/Airflow/airflow/airflow_env/lib/python3.12/site-packages/airflow/example_dags/example_params_trigger_ui.py
[2024-12-26T02:57:43.113+0200] {processor.py:925} INFO - DAG(s) 'example_params_trigger_ui' retrieved from /mnt/e/Assignments/Airflow/airflow/airflow_env/lib/python3.12/site-packages/airflow/example_dags/example_params_trigger_ui.py
[2024-12-26T02:57:43.205+0200] {logging_mixin.py:190} INFO - [2024-12-26T02:57:43.203+0200] {dag.py:3239} INFO - Sync 1 DAGs
[2024-12-26T02:57:43.246+0200] {logging_mixin.py:190} INFO - [2024-12-26T02:57:43.244+0200] {dag.py:4180} INFO - Setting next_dagrun for example_params_trigger_ui to None, run_after=None
[2024-12-26T02:57:43.340+0200] {processor.py:208} INFO - Processing /mnt/e/Assignments/Airflow/airflow/airflow_env/lib/python3.12/site-packages/airflow/example_dags/example_params_trigger_ui.py took 0.292 seconds
[2024-12-26T03:01:42.609+0200] {processor.py:186} INFO - Started process (PID=190995) to work on /mnt/e/Assignments/Airflow/airflow/airflow_env/lib/python3.12/site-packages/airflow/example_dags/example_params_trigger_ui.py
[2024-12-26T03:01:42.613+0200] {processor.py:914} INFO - Processing file /mnt/e/Assignments/Airflow/airflow/airflow_env/lib/python3.12/site-packages/airflow/example_dags/example_params_trigger_ui.py for tasks to queue
[2024-12-26T03:01:42.618+0200] {logging_mixin.py:190} INFO - [2024-12-26T03:01:42.617+0200] {dagbag.py:588} INFO - Filling up the DagBag from /mnt/e/Assignments/Airflow/airflow/airflow_env/lib/python3.12/site-packages/airflow/example_dags/example_params_trigger_ui.py
[2024-12-26T03:01:42.735+0200] {processor.py:925} INFO - DAG(s) 'example_params_trigger_ui' retrieved from /mnt/e/Assignments/Airflow/airflow/airflow_env/lib/python3.12/site-packages/airflow/example_dags/example_params_trigger_ui.py
[2024-12-26T03:01:42.804+0200] {logging_mixin.py:190} INFO - [2024-12-26T03:01:42.803+0200] {dag.py:3239} INFO - Sync 1 DAGs
[2024-12-26T03:01:42.819+0200] {logging_mixin.py:190} INFO - [2024-12-26T03:01:42.818+0200] {dag.py:4180} INFO - Setting next_dagrun for example_params_trigger_ui to None, run_after=None
[2024-12-26T03:01:42.903+0200] {processor.py:208} INFO - Processing /mnt/e/Assignments/Airflow/airflow/airflow_env/lib/python3.12/site-packages/airflow/example_dags/example_params_trigger_ui.py took 0.314 seconds
[2024-12-26T03:03:22.220+0200] {processor.py:186} INFO - Started process (PID=191064) to work on /mnt/e/Assignments/Airflow/airflow/airflow_env/lib/python3.12/site-packages/airflow/example_dags/example_params_trigger_ui.py
[2024-12-26T03:03:22.223+0200] {processor.py:914} INFO - Processing file /mnt/e/Assignments/Airflow/airflow/airflow_env/lib/python3.12/site-packages/airflow/example_dags/example_params_trigger_ui.py for tasks to queue
[2024-12-26T03:03:22.226+0200] {logging_mixin.py:190} INFO - [2024-12-26T03:03:22.225+0200] {dagbag.py:588} INFO - Filling up the DagBag from /mnt/e/Assignments/Airflow/airflow/airflow_env/lib/python3.12/site-packages/airflow/example_dags/example_params_trigger_ui.py
[2024-12-26T03:03:22.299+0200] {processor.py:925} INFO - DAG(s) 'example_params_trigger_ui' retrieved from /mnt/e/Assignments/Airflow/airflow/airflow_env/lib/python3.12/site-packages/airflow/example_dags/example_params_trigger_ui.py
[2024-12-26T03:03:22.342+0200] {logging_mixin.py:190} INFO - [2024-12-26T03:03:22.341+0200] {dag.py:3239} INFO - Sync 1 DAGs
[2024-12-26T03:03:22.356+0200] {logging_mixin.py:190} INFO - [2024-12-26T03:03:22.355+0200] {dag.py:4180} INFO - Setting next_dagrun for example_params_trigger_ui to None, run_after=None
[2024-12-26T03:03:22.406+0200] {processor.py:208} INFO - Processing /mnt/e/Assignments/Airflow/airflow/airflow_env/lib/python3.12/site-packages/airflow/example_dags/example_params_trigger_ui.py took 0.197 seconds
[2024-12-26T03:05:37.766+0200] {processor.py:186} INFO - Started process (PID=191154) to work on /mnt/e/Assignments/Airflow/airflow/airflow_env/lib/python3.12/site-packages/airflow/example_dags/example_params_trigger_ui.py
[2024-12-26T03:05:37.768+0200] {processor.py:914} INFO - Processing file /mnt/e/Assignments/Airflow/airflow/airflow_env/lib/python3.12/site-packages/airflow/example_dags/example_params_trigger_ui.py for tasks to queue
[2024-12-26T03:05:37.772+0200] {logging_mixin.py:190} INFO - [2024-12-26T03:05:37.771+0200] {dagbag.py:588} INFO - Filling up the DagBag from /mnt/e/Assignments/Airflow/airflow/airflow_env/lib/python3.12/site-packages/airflow/example_dags/example_params_trigger_ui.py
[2024-12-26T03:05:37.880+0200] {processor.py:925} INFO - DAG(s) 'example_params_trigger_ui' retrieved from /mnt/e/Assignments/Airflow/airflow/airflow_env/lib/python3.12/site-packages/airflow/example_dags/example_params_trigger_ui.py
[2024-12-26T03:05:37.941+0200] {logging_mixin.py:190} INFO - [2024-12-26T03:05:37.939+0200] {dag.py:3239} INFO - Sync 1 DAGs
[2024-12-26T03:05:37.966+0200] {logging_mixin.py:190} INFO - [2024-12-26T03:05:37.965+0200] {dag.py:4180} INFO - Setting next_dagrun for example_params_trigger_ui to None, run_after=None
[2024-12-26T03:05:38.071+0200] {processor.py:208} INFO - Processing /mnt/e/Assignments/Airflow/airflow/airflow_env/lib/python3.12/site-packages/airflow/example_dags/example_params_trigger_ui.py took 0.321 seconds
[2024-12-26T03:08:48.767+0200] {processor.py:186} INFO - Started process (PID=191258) to work on /mnt/e/Assignments/Airflow/airflow/airflow_env/lib/python3.12/site-packages/airflow/example_dags/example_params_trigger_ui.py
[2024-12-26T03:08:48.770+0200] {processor.py:914} INFO - Processing file /mnt/e/Assignments/Airflow/airflow/airflow_env/lib/python3.12/site-packages/airflow/example_dags/example_params_trigger_ui.py for tasks to queue
[2024-12-26T03:08:48.776+0200] {logging_mixin.py:190} INFO - [2024-12-26T03:08:48.774+0200] {dagbag.py:588} INFO - Filling up the DagBag from /mnt/e/Assignments/Airflow/airflow/airflow_env/lib/python3.12/site-packages/airflow/example_dags/example_params_trigger_ui.py
[2024-12-26T03:08:48.891+0200] {processor.py:925} INFO - DAG(s) 'example_params_trigger_ui' retrieved from /mnt/e/Assignments/Airflow/airflow/airflow_env/lib/python3.12/site-packages/airflow/example_dags/example_params_trigger_ui.py
[2024-12-26T03:08:48.954+0200] {logging_mixin.py:190} INFO - [2024-12-26T03:08:48.952+0200] {dag.py:3239} INFO - Sync 1 DAGs
[2024-12-26T03:08:48.972+0200] {logging_mixin.py:190} INFO - [2024-12-26T03:08:48.971+0200] {dag.py:4180} INFO - Setting next_dagrun for example_params_trigger_ui to None, run_after=None
[2024-12-26T03:08:49.065+0200] {processor.py:208} INFO - Processing /mnt/e/Assignments/Airflow/airflow/airflow_env/lib/python3.12/site-packages/airflow/example_dags/example_params_trigger_ui.py took 0.326 seconds
[2024-12-26T03:10:58.574+0200] {processor.py:186} INFO - Started process (PID=191339) to work on /mnt/e/Assignments/Airflow/airflow/airflow_env/lib/python3.12/site-packages/airflow/example_dags/example_params_trigger_ui.py
[2024-12-26T03:10:58.578+0200] {processor.py:914} INFO - Processing file /mnt/e/Assignments/Airflow/airflow/airflow_env/lib/python3.12/site-packages/airflow/example_dags/example_params_trigger_ui.py for tasks to queue
[2024-12-26T03:10:58.582+0200] {logging_mixin.py:190} INFO - [2024-12-26T03:10:58.580+0200] {dagbag.py:588} INFO - Filling up the DagBag from /mnt/e/Assignments/Airflow/airflow/airflow_env/lib/python3.12/site-packages/airflow/example_dags/example_params_trigger_ui.py
[2024-12-26T03:10:58.780+0200] {processor.py:925} INFO - DAG(s) 'example_params_trigger_ui' retrieved from /mnt/e/Assignments/Airflow/airflow/airflow_env/lib/python3.12/site-packages/airflow/example_dags/example_params_trigger_ui.py
[2024-12-26T03:10:58.841+0200] {logging_mixin.py:190} INFO - [2024-12-26T03:10:58.839+0200] {dag.py:3239} INFO - Sync 1 DAGs
[2024-12-26T03:10:58.862+0200] {logging_mixin.py:190} INFO - [2024-12-26T03:10:58.859+0200] {dag.py:4180} INFO - Setting next_dagrun for example_params_trigger_ui to None, run_after=None
[2024-12-26T03:10:59.018+0200] {processor.py:208} INFO - Processing /mnt/e/Assignments/Airflow/airflow/airflow_env/lib/python3.12/site-packages/airflow/example_dags/example_params_trigger_ui.py took 0.458 seconds
[2024-12-26T03:13:06.158+0200] {processor.py:186} INFO - Started process (PID=191423) to work on /mnt/e/Assignments/Airflow/airflow/airflow_env/lib/python3.12/site-packages/airflow/example_dags/example_params_trigger_ui.py
[2024-12-26T03:13:06.162+0200] {processor.py:914} INFO - Processing file /mnt/e/Assignments/Airflow/airflow/airflow_env/lib/python3.12/site-packages/airflow/example_dags/example_params_trigger_ui.py for tasks to queue
[2024-12-26T03:13:06.168+0200] {logging_mixin.py:190} INFO - [2024-12-26T03:13:06.165+0200] {dagbag.py:588} INFO - Filling up the DagBag from /mnt/e/Assignments/Airflow/airflow/airflow_env/lib/python3.12/site-packages/airflow/example_dags/example_params_trigger_ui.py
[2024-12-26T03:13:06.264+0200] {processor.py:925} INFO - DAG(s) 'example_params_trigger_ui' retrieved from /mnt/e/Assignments/Airflow/airflow/airflow_env/lib/python3.12/site-packages/airflow/example_dags/example_params_trigger_ui.py
[2024-12-26T03:13:06.316+0200] {logging_mixin.py:190} INFO - [2024-12-26T03:13:06.315+0200] {dag.py:3239} INFO - Sync 1 DAGs
[2024-12-26T03:13:06.332+0200] {logging_mixin.py:190} INFO - [2024-12-26T03:13:06.331+0200] {dag.py:4180} INFO - Setting next_dagrun for example_params_trigger_ui to None, run_after=None
[2024-12-26T03:13:06.404+0200] {processor.py:208} INFO - Processing /mnt/e/Assignments/Airflow/airflow/airflow_env/lib/python3.12/site-packages/airflow/example_dags/example_params_trigger_ui.py took 0.266 seconds
[2024-12-26T03:15:10.436+0200] {processor.py:186} INFO - Started process (PID=191501) to work on /mnt/e/Assignments/Airflow/airflow/airflow_env/lib/python3.12/site-packages/airflow/example_dags/example_params_trigger_ui.py
[2024-12-26T03:15:10.440+0200] {processor.py:914} INFO - Processing file /mnt/e/Assignments/Airflow/airflow/airflow_env/lib/python3.12/site-packages/airflow/example_dags/example_params_trigger_ui.py for tasks to queue
[2024-12-26T03:15:10.445+0200] {logging_mixin.py:190} INFO - [2024-12-26T03:15:10.443+0200] {dagbag.py:588} INFO - Filling up the DagBag from /mnt/e/Assignments/Airflow/airflow/airflow_env/lib/python3.12/site-packages/airflow/example_dags/example_params_trigger_ui.py
[2024-12-26T03:15:10.574+0200] {processor.py:925} INFO - DAG(s) 'example_params_trigger_ui' retrieved from /mnt/e/Assignments/Airflow/airflow/airflow_env/lib/python3.12/site-packages/airflow/example_dags/example_params_trigger_ui.py
[2024-12-26T03:15:10.654+0200] {logging_mixin.py:190} INFO - [2024-12-26T03:15:10.652+0200] {dag.py:3239} INFO - Sync 1 DAGs
[2024-12-26T03:15:10.680+0200] {logging_mixin.py:190} INFO - [2024-12-26T03:15:10.677+0200] {dag.py:4180} INFO - Setting next_dagrun for example_params_trigger_ui to None, run_after=None
[2024-12-26T03:15:10.818+0200] {processor.py:208} INFO - Processing /mnt/e/Assignments/Airflow/airflow/airflow_env/lib/python3.12/site-packages/airflow/example_dags/example_params_trigger_ui.py took 0.402 seconds
[2024-12-26T03:17:36.827+0200] {processor.py:186} INFO - Started process (PID=191588) to work on /mnt/e/Assignments/Airflow/airflow/airflow_env/lib/python3.12/site-packages/airflow/example_dags/example_params_trigger_ui.py
[2024-12-26T03:17:36.833+0200] {processor.py:914} INFO - Processing file /mnt/e/Assignments/Airflow/airflow/airflow_env/lib/python3.12/site-packages/airflow/example_dags/example_params_trigger_ui.py for tasks to queue
[2024-12-26T03:17:36.841+0200] {logging_mixin.py:190} INFO - [2024-12-26T03:17:36.839+0200] {dagbag.py:588} INFO - Filling up the DagBag from /mnt/e/Assignments/Airflow/airflow/airflow_env/lib/python3.12/site-packages/airflow/example_dags/example_params_trigger_ui.py
[2024-12-26T03:17:36.960+0200] {processor.py:925} INFO - DAG(s) 'example_params_trigger_ui' retrieved from /mnt/e/Assignments/Airflow/airflow/airflow_env/lib/python3.12/site-packages/airflow/example_dags/example_params_trigger_ui.py
[2024-12-26T03:17:36.998+0200] {logging_mixin.py:190} INFO - [2024-12-26T03:17:36.995+0200] {dag.py:3239} INFO - Sync 1 DAGs
[2024-12-26T03:17:37.014+0200] {logging_mixin.py:190} INFO - [2024-12-26T03:17:37.012+0200] {dag.py:4180} INFO - Setting next_dagrun for example_params_trigger_ui to None, run_after=None
[2024-12-26T03:17:37.067+0200] {processor.py:208} INFO - Processing /mnt/e/Assignments/Airflow/airflow/airflow_env/lib/python3.12/site-packages/airflow/example_dags/example_params_trigger_ui.py took 0.269 seconds
[2024-12-26T03:19:40.958+0200] {processor.py:186} INFO - Started process (PID=191669) to work on /mnt/e/Assignments/Airflow/airflow/airflow_env/lib/python3.12/site-packages/airflow/example_dags/example_params_trigger_ui.py
[2024-12-26T03:19:40.963+0200] {processor.py:914} INFO - Processing file /mnt/e/Assignments/Airflow/airflow/airflow_env/lib/python3.12/site-packages/airflow/example_dags/example_params_trigger_ui.py for tasks to queue
[2024-12-26T03:19:40.971+0200] {logging_mixin.py:190} INFO - [2024-12-26T03:19:40.968+0200] {dagbag.py:588} INFO - Filling up the DagBag from /mnt/e/Assignments/Airflow/airflow/airflow_env/lib/python3.12/site-packages/airflow/example_dags/example_params_trigger_ui.py
[2024-12-26T03:19:41.087+0200] {processor.py:925} INFO - DAG(s) 'example_params_trigger_ui' retrieved from /mnt/e/Assignments/Airflow/airflow/airflow_env/lib/python3.12/site-packages/airflow/example_dags/example_params_trigger_ui.py
[2024-12-26T03:19:41.126+0200] {logging_mixin.py:190} INFO - [2024-12-26T03:19:41.125+0200] {dag.py:3239} INFO - Sync 1 DAGs
[2024-12-26T03:19:41.138+0200] {logging_mixin.py:190} INFO - [2024-12-26T03:19:41.137+0200] {dag.py:4180} INFO - Setting next_dagrun for example_params_trigger_ui to None, run_after=None
[2024-12-26T03:19:41.176+0200] {processor.py:208} INFO - Processing /mnt/e/Assignments/Airflow/airflow/airflow_env/lib/python3.12/site-packages/airflow/example_dags/example_params_trigger_ui.py took 0.249 seconds
[2024-12-26T03:21:48.354+0200] {processor.py:186} INFO - Started process (PID=191783) to work on /mnt/e/Assignments/Airflow/airflow/airflow_env/lib/python3.12/site-packages/airflow/example_dags/example_params_trigger_ui.py
[2024-12-26T03:21:48.360+0200] {processor.py:914} INFO - Processing file /mnt/e/Assignments/Airflow/airflow/airflow_env/lib/python3.12/site-packages/airflow/example_dags/example_params_trigger_ui.py for tasks to queue
[2024-12-26T03:21:48.369+0200] {logging_mixin.py:190} INFO - [2024-12-26T03:21:48.365+0200] {dagbag.py:588} INFO - Filling up the DagBag from /mnt/e/Assignments/Airflow/airflow/airflow_env/lib/python3.12/site-packages/airflow/example_dags/example_params_trigger_ui.py
[2024-12-26T03:21:48.641+0200] {processor.py:925} INFO - DAG(s) 'example_params_trigger_ui' retrieved from /mnt/e/Assignments/Airflow/airflow/airflow_env/lib/python3.12/site-packages/airflow/example_dags/example_params_trigger_ui.py
[2024-12-26T03:21:48.730+0200] {logging_mixin.py:190} INFO - [2024-12-26T03:21:48.726+0200] {dag.py:3239} INFO - Sync 1 DAGs
[2024-12-26T03:21:48.761+0200] {logging_mixin.py:190} INFO - [2024-12-26T03:21:48.756+0200] {dag.py:4180} INFO - Setting next_dagrun for example_params_trigger_ui to None, run_after=None
[2024-12-26T03:21:48.937+0200] {processor.py:208} INFO - Processing /mnt/e/Assignments/Airflow/airflow/airflow_env/lib/python3.12/site-packages/airflow/example_dags/example_params_trigger_ui.py took 0.617 seconds
[2024-12-26T03:23:56.600+0200] {processor.py:186} INFO - Started process (PID=191873) to work on /mnt/e/Assignments/Airflow/airflow/airflow_env/lib/python3.12/site-packages/airflow/example_dags/example_params_trigger_ui.py
[2024-12-26T03:23:56.605+0200] {processor.py:914} INFO - Processing file /mnt/e/Assignments/Airflow/airflow/airflow_env/lib/python3.12/site-packages/airflow/example_dags/example_params_trigger_ui.py for tasks to queue
[2024-12-26T03:23:56.610+0200] {logging_mixin.py:190} INFO - [2024-12-26T03:23:56.608+0200] {dagbag.py:588} INFO - Filling up the DagBag from /mnt/e/Assignments/Airflow/airflow/airflow_env/lib/python3.12/site-packages/airflow/example_dags/example_params_trigger_ui.py
[2024-12-26T03:23:56.720+0200] {processor.py:925} INFO - DAG(s) 'example_params_trigger_ui' retrieved from /mnt/e/Assignments/Airflow/airflow/airflow_env/lib/python3.12/site-packages/airflow/example_dags/example_params_trigger_ui.py
[2024-12-26T03:23:56.751+0200] {logging_mixin.py:190} INFO - [2024-12-26T03:23:56.750+0200] {dag.py:3239} INFO - Sync 1 DAGs
[2024-12-26T03:23:56.760+0200] {logging_mixin.py:190} INFO - [2024-12-26T03:23:56.759+0200] {dag.py:4180} INFO - Setting next_dagrun for example_params_trigger_ui to None, run_after=None
[2024-12-26T03:23:56.806+0200] {processor.py:208} INFO - Processing /mnt/e/Assignments/Airflow/airflow/airflow_env/lib/python3.12/site-packages/airflow/example_dags/example_params_trigger_ui.py took 0.229 seconds
[2024-12-26T03:26:12.756+0200] {processor.py:186} INFO - Started process (PID=191970) to work on /mnt/e/Assignments/Airflow/airflow/airflow_env/lib/python3.12/site-packages/airflow/example_dags/example_params_trigger_ui.py
[2024-12-26T03:26:12.759+0200] {processor.py:914} INFO - Processing file /mnt/e/Assignments/Airflow/airflow/airflow_env/lib/python3.12/site-packages/airflow/example_dags/example_params_trigger_ui.py for tasks to queue
[2024-12-26T03:26:12.764+0200] {logging_mixin.py:190} INFO - [2024-12-26T03:26:12.762+0200] {dagbag.py:588} INFO - Filling up the DagBag from /mnt/e/Assignments/Airflow/airflow/airflow_env/lib/python3.12/site-packages/airflow/example_dags/example_params_trigger_ui.py
[2024-12-26T03:26:12.825+0200] {processor.py:925} INFO - DAG(s) 'example_params_trigger_ui' retrieved from /mnt/e/Assignments/Airflow/airflow/airflow_env/lib/python3.12/site-packages/airflow/example_dags/example_params_trigger_ui.py
[2024-12-26T03:26:12.861+0200] {logging_mixin.py:190} INFO - [2024-12-26T03:26:12.860+0200] {dag.py:3239} INFO - Sync 1 DAGs
[2024-12-26T03:26:12.877+0200] {logging_mixin.py:190} INFO - [2024-12-26T03:26:12.875+0200] {dag.py:4180} INFO - Setting next_dagrun for example_params_trigger_ui to None, run_after=None
[2024-12-26T03:26:12.927+0200] {processor.py:208} INFO - Processing /mnt/e/Assignments/Airflow/airflow/airflow_env/lib/python3.12/site-packages/airflow/example_dags/example_params_trigger_ui.py took 0.185 seconds
[2024-12-26T03:28:12.865+0200] {processor.py:186} INFO - Started process (PID=192065) to work on /mnt/e/Assignments/Airflow/airflow/airflow_env/lib/python3.12/site-packages/airflow/example_dags/example_params_trigger_ui.py
[2024-12-26T03:28:12.867+0200] {processor.py:914} INFO - Processing file /mnt/e/Assignments/Airflow/airflow/airflow_env/lib/python3.12/site-packages/airflow/example_dags/example_params_trigger_ui.py for tasks to queue
[2024-12-26T03:28:12.871+0200] {logging_mixin.py:190} INFO - [2024-12-26T03:28:12.870+0200] {dagbag.py:588} INFO - Filling up the DagBag from /mnt/e/Assignments/Airflow/airflow/airflow_env/lib/python3.12/site-packages/airflow/example_dags/example_params_trigger_ui.py
[2024-12-26T03:28:12.964+0200] {processor.py:925} INFO - DAG(s) 'example_params_trigger_ui' retrieved from /mnt/e/Assignments/Airflow/airflow/airflow_env/lib/python3.12/site-packages/airflow/example_dags/example_params_trigger_ui.py
[2024-12-26T03:28:13.005+0200] {logging_mixin.py:190} INFO - [2024-12-26T03:28:13.004+0200] {dag.py:3239} INFO - Sync 1 DAGs
[2024-12-26T03:28:13.018+0200] {logging_mixin.py:190} INFO - [2024-12-26T03:28:13.017+0200] {dag.py:4180} INFO - Setting next_dagrun for example_params_trigger_ui to None, run_after=None
[2024-12-26T03:28:13.076+0200] {processor.py:208} INFO - Processing /mnt/e/Assignments/Airflow/airflow/airflow_env/lib/python3.12/site-packages/airflow/example_dags/example_params_trigger_ui.py took 0.227 seconds
[2024-12-26T03:30:09.930+0200] {processor.py:186} INFO - Started process (PID=192154) to work on /mnt/e/Assignments/Airflow/airflow/airflow_env/lib/python3.12/site-packages/airflow/example_dags/example_params_trigger_ui.py
[2024-12-26T03:30:09.933+0200] {processor.py:914} INFO - Processing file /mnt/e/Assignments/Airflow/airflow/airflow_env/lib/python3.12/site-packages/airflow/example_dags/example_params_trigger_ui.py for tasks to queue
[2024-12-26T03:30:09.937+0200] {logging_mixin.py:190} INFO - [2024-12-26T03:30:09.936+0200] {dagbag.py:588} INFO - Filling up the DagBag from /mnt/e/Assignments/Airflow/airflow/airflow_env/lib/python3.12/site-packages/airflow/example_dags/example_params_trigger_ui.py
[2024-12-26T03:30:10.023+0200] {processor.py:925} INFO - DAG(s) 'example_params_trigger_ui' retrieved from /mnt/e/Assignments/Airflow/airflow/airflow_env/lib/python3.12/site-packages/airflow/example_dags/example_params_trigger_ui.py
[2024-12-26T03:30:10.060+0200] {logging_mixin.py:190} INFO - [2024-12-26T03:30:10.059+0200] {dag.py:3239} INFO - Sync 1 DAGs
[2024-12-26T03:30:10.071+0200] {logging_mixin.py:190} INFO - [2024-12-26T03:30:10.070+0200] {dag.py:4180} INFO - Setting next_dagrun for example_params_trigger_ui to None, run_after=None
[2024-12-26T03:30:10.123+0200] {processor.py:208} INFO - Processing /mnt/e/Assignments/Airflow/airflow/airflow_env/lib/python3.12/site-packages/airflow/example_dags/example_params_trigger_ui.py took 0.205 seconds
[2024-12-26T03:32:29.711+0200] {processor.py:186} INFO - Started process (PID=192249) to work on /mnt/e/Assignments/Airflow/airflow/airflow_env/lib/python3.12/site-packages/airflow/example_dags/example_params_trigger_ui.py
[2024-12-26T03:32:29.713+0200] {processor.py:914} INFO - Processing file /mnt/e/Assignments/Airflow/airflow/airflow_env/lib/python3.12/site-packages/airflow/example_dags/example_params_trigger_ui.py for tasks to queue
[2024-12-26T03:32:29.716+0200] {logging_mixin.py:190} INFO - [2024-12-26T03:32:29.715+0200] {dagbag.py:588} INFO - Filling up the DagBag from /mnt/e/Assignments/Airflow/airflow/airflow_env/lib/python3.12/site-packages/airflow/example_dags/example_params_trigger_ui.py
[2024-12-26T03:32:29.782+0200] {processor.py:925} INFO - DAG(s) 'example_params_trigger_ui' retrieved from /mnt/e/Assignments/Airflow/airflow/airflow_env/lib/python3.12/site-packages/airflow/example_dags/example_params_trigger_ui.py
[2024-12-26T03:32:29.814+0200] {logging_mixin.py:190} INFO - [2024-12-26T03:32:29.813+0200] {dag.py:3239} INFO - Sync 1 DAGs
[2024-12-26T03:32:29.823+0200] {logging_mixin.py:190} INFO - [2024-12-26T03:32:29.823+0200] {dag.py:4180} INFO - Setting next_dagrun for example_params_trigger_ui to None, run_after=None
[2024-12-26T03:32:29.864+0200] {processor.py:208} INFO - Processing /mnt/e/Assignments/Airflow/airflow/airflow_env/lib/python3.12/site-packages/airflow/example_dags/example_params_trigger_ui.py took 0.163 seconds
[2024-12-26T03:34:37.375+0200] {processor.py:186} INFO - Started process (PID=192355) to work on /mnt/e/Assignments/Airflow/airflow/airflow_env/lib/python3.12/site-packages/airflow/example_dags/example_params_trigger_ui.py
[2024-12-26T03:34:37.378+0200] {processor.py:914} INFO - Processing file /mnt/e/Assignments/Airflow/airflow/airflow_env/lib/python3.12/site-packages/airflow/example_dags/example_params_trigger_ui.py for tasks to queue
[2024-12-26T03:34:37.383+0200] {logging_mixin.py:190} INFO - [2024-12-26T03:34:37.381+0200] {dagbag.py:588} INFO - Filling up the DagBag from /mnt/e/Assignments/Airflow/airflow/airflow_env/lib/python3.12/site-packages/airflow/example_dags/example_params_trigger_ui.py
[2024-12-26T03:34:37.458+0200] {processor.py:925} INFO - DAG(s) 'example_params_trigger_ui' retrieved from /mnt/e/Assignments/Airflow/airflow/airflow_env/lib/python3.12/site-packages/airflow/example_dags/example_params_trigger_ui.py
[2024-12-26T03:34:37.494+0200] {logging_mixin.py:190} INFO - [2024-12-26T03:34:37.493+0200] {dag.py:3239} INFO - Sync 1 DAGs
[2024-12-26T03:34:37.507+0200] {logging_mixin.py:190} INFO - [2024-12-26T03:34:37.506+0200] {dag.py:4180} INFO - Setting next_dagrun for example_params_trigger_ui to None, run_after=None
[2024-12-26T03:34:37.555+0200] {processor.py:208} INFO - Processing /mnt/e/Assignments/Airflow/airflow/airflow_env/lib/python3.12/site-packages/airflow/example_dags/example_params_trigger_ui.py took 0.196 seconds
[2024-12-26T03:38:37.882+0200] {processor.py:186} INFO - Started process (PID=192492) to work on /mnt/e/Assignments/Airflow/airflow/airflow_env/lib/python3.12/site-packages/airflow/example_dags/example_params_trigger_ui.py
[2024-12-26T03:38:37.886+0200] {processor.py:914} INFO - Processing file /mnt/e/Assignments/Airflow/airflow/airflow_env/lib/python3.12/site-packages/airflow/example_dags/example_params_trigger_ui.py for tasks to queue
[2024-12-26T03:38:37.896+0200] {logging_mixin.py:190} INFO - [2024-12-26T03:38:37.893+0200] {dagbag.py:588} INFO - Filling up the DagBag from /mnt/e/Assignments/Airflow/airflow/airflow_env/lib/python3.12/site-packages/airflow/example_dags/example_params_trigger_ui.py
[2024-12-26T03:38:38.074+0200] {processor.py:925} INFO - DAG(s) 'example_params_trigger_ui' retrieved from /mnt/e/Assignments/Airflow/airflow/airflow_env/lib/python3.12/site-packages/airflow/example_dags/example_params_trigger_ui.py
[2024-12-26T03:38:38.141+0200] {logging_mixin.py:190} INFO - [2024-12-26T03:38:38.138+0200] {dag.py:3239} INFO - Sync 1 DAGs
[2024-12-26T03:38:38.168+0200] {logging_mixin.py:190} INFO - [2024-12-26T03:38:38.165+0200] {dag.py:4180} INFO - Setting next_dagrun for example_params_trigger_ui to None, run_after=None
[2024-12-26T03:38:38.247+0200] {processor.py:208} INFO - Processing /mnt/e/Assignments/Airflow/airflow/airflow_env/lib/python3.12/site-packages/airflow/example_dags/example_params_trigger_ui.py took 0.394 seconds
[2024-12-26T03:40:34.117+0200] {processor.py:186} INFO - Started process (PID=192572) to work on /mnt/e/Assignments/Airflow/airflow/airflow_env/lib/python3.12/site-packages/airflow/example_dags/example_params_trigger_ui.py
[2024-12-26T03:40:34.119+0200] {processor.py:914} INFO - Processing file /mnt/e/Assignments/Airflow/airflow/airflow_env/lib/python3.12/site-packages/airflow/example_dags/example_params_trigger_ui.py for tasks to queue
[2024-12-26T03:40:34.122+0200] {logging_mixin.py:190} INFO - [2024-12-26T03:40:34.121+0200] {dagbag.py:588} INFO - Filling up the DagBag from /mnt/e/Assignments/Airflow/airflow/airflow_env/lib/python3.12/site-packages/airflow/example_dags/example_params_trigger_ui.py
[2024-12-26T03:40:34.187+0200] {processor.py:925} INFO - DAG(s) 'example_params_trigger_ui' retrieved from /mnt/e/Assignments/Airflow/airflow/airflow_env/lib/python3.12/site-packages/airflow/example_dags/example_params_trigger_ui.py
[2024-12-26T03:40:34.224+0200] {logging_mixin.py:190} INFO - [2024-12-26T03:40:34.224+0200] {dag.py:3239} INFO - Sync 1 DAGs
[2024-12-26T03:40:34.234+0200] {logging_mixin.py:190} INFO - [2024-12-26T03:40:34.234+0200] {dag.py:4180} INFO - Setting next_dagrun for example_params_trigger_ui to None, run_after=None
[2024-12-26T03:40:34.276+0200] {processor.py:208} INFO - Processing /mnt/e/Assignments/Airflow/airflow/airflow_env/lib/python3.12/site-packages/airflow/example_dags/example_params_trigger_ui.py took 0.170 seconds
[2024-12-26T03:42:36.846+0200] {processor.py:186} INFO - Started process (PID=192654) to work on /mnt/e/Assignments/Airflow/airflow/airflow_env/lib/python3.12/site-packages/airflow/example_dags/example_params_trigger_ui.py
[2024-12-26T03:42:36.848+0200] {processor.py:914} INFO - Processing file /mnt/e/Assignments/Airflow/airflow/airflow_env/lib/python3.12/site-packages/airflow/example_dags/example_params_trigger_ui.py for tasks to queue
[2024-12-26T03:42:36.851+0200] {logging_mixin.py:190} INFO - [2024-12-26T03:42:36.851+0200] {dagbag.py:588} INFO - Filling up the DagBag from /mnt/e/Assignments/Airflow/airflow/airflow_env/lib/python3.12/site-packages/airflow/example_dags/example_params_trigger_ui.py
[2024-12-26T03:42:36.927+0200] {processor.py:925} INFO - DAG(s) 'example_params_trigger_ui' retrieved from /mnt/e/Assignments/Airflow/airflow/airflow_env/lib/python3.12/site-packages/airflow/example_dags/example_params_trigger_ui.py
[2024-12-26T03:42:36.960+0200] {logging_mixin.py:190} INFO - [2024-12-26T03:42:36.959+0200] {dag.py:3239} INFO - Sync 1 DAGs
[2024-12-26T03:42:36.971+0200] {logging_mixin.py:190} INFO - [2024-12-26T03:42:36.970+0200] {dag.py:4180} INFO - Setting next_dagrun for example_params_trigger_ui to None, run_after=None
[2024-12-26T03:42:37.021+0200] {processor.py:208} INFO - Processing /mnt/e/Assignments/Airflow/airflow/airflow_env/lib/python3.12/site-packages/airflow/example_dags/example_params_trigger_ui.py took 0.186 seconds
[2024-12-26T03:44:34.362+0200] {processor.py:186} INFO - Started process (PID=192730) to work on /mnt/e/Assignments/Airflow/airflow/airflow_env/lib/python3.12/site-packages/airflow/example_dags/example_params_trigger_ui.py
[2024-12-26T03:44:34.365+0200] {processor.py:914} INFO - Processing file /mnt/e/Assignments/Airflow/airflow/airflow_env/lib/python3.12/site-packages/airflow/example_dags/example_params_trigger_ui.py for tasks to queue
[2024-12-26T03:44:34.367+0200] {logging_mixin.py:190} INFO - [2024-12-26T03:44:34.366+0200] {dagbag.py:588} INFO - Filling up the DagBag from /mnt/e/Assignments/Airflow/airflow/airflow_env/lib/python3.12/site-packages/airflow/example_dags/example_params_trigger_ui.py
[2024-12-26T03:44:34.441+0200] {processor.py:925} INFO - DAG(s) 'example_params_trigger_ui' retrieved from /mnt/e/Assignments/Airflow/airflow/airflow_env/lib/python3.12/site-packages/airflow/example_dags/example_params_trigger_ui.py
[2024-12-26T03:44:34.477+0200] {logging_mixin.py:190} INFO - [2024-12-26T03:44:34.476+0200] {dag.py:3239} INFO - Sync 1 DAGs
[2024-12-26T03:44:34.488+0200] {logging_mixin.py:190} INFO - [2024-12-26T03:44:34.487+0200] {dag.py:4180} INFO - Setting next_dagrun for example_params_trigger_ui to None, run_after=None
[2024-12-26T03:44:34.538+0200] {processor.py:208} INFO - Processing /mnt/e/Assignments/Airflow/airflow/airflow_env/lib/python3.12/site-packages/airflow/example_dags/example_params_trigger_ui.py took 0.187 seconds
[2024-12-26T03:46:31.431+0200] {processor.py:186} INFO - Started process (PID=192809) to work on /mnt/e/Assignments/Airflow/airflow/airflow_env/lib/python3.12/site-packages/airflow/example_dags/example_params_trigger_ui.py
[2024-12-26T03:46:31.432+0200] {processor.py:914} INFO - Processing file /mnt/e/Assignments/Airflow/airflow/airflow_env/lib/python3.12/site-packages/airflow/example_dags/example_params_trigger_ui.py for tasks to queue
[2024-12-26T03:46:31.436+0200] {logging_mixin.py:190} INFO - [2024-12-26T03:46:31.435+0200] {dagbag.py:588} INFO - Filling up the DagBag from /mnt/e/Assignments/Airflow/airflow/airflow_env/lib/python3.12/site-packages/airflow/example_dags/example_params_trigger_ui.py
[2024-12-26T03:46:31.494+0200] {processor.py:925} INFO - DAG(s) 'example_params_trigger_ui' retrieved from /mnt/e/Assignments/Airflow/airflow/airflow_env/lib/python3.12/site-packages/airflow/example_dags/example_params_trigger_ui.py
[2024-12-26T03:46:31.525+0200] {logging_mixin.py:190} INFO - [2024-12-26T03:46:31.524+0200] {dag.py:3239} INFO - Sync 1 DAGs
[2024-12-26T03:46:31.536+0200] {logging_mixin.py:190} INFO - [2024-12-26T03:46:31.535+0200] {dag.py:4180} INFO - Setting next_dagrun for example_params_trigger_ui to None, run_after=None
[2024-12-26T03:46:31.582+0200] {processor.py:208} INFO - Processing /mnt/e/Assignments/Airflow/airflow/airflow_env/lib/python3.12/site-packages/airflow/example_dags/example_params_trigger_ui.py took 0.169 seconds
[2024-12-26T03:48:45.295+0200] {processor.py:186} INFO - Started process (PID=192896) to work on /mnt/e/Assignments/Airflow/airflow/airflow_env/lib/python3.12/site-packages/airflow/example_dags/example_params_trigger_ui.py
[2024-12-26T03:48:45.297+0200] {processor.py:914} INFO - Processing file /mnt/e/Assignments/Airflow/airflow/airflow_env/lib/python3.12/site-packages/airflow/example_dags/example_params_trigger_ui.py for tasks to queue
[2024-12-26T03:48:45.300+0200] {logging_mixin.py:190} INFO - [2024-12-26T03:48:45.299+0200] {dagbag.py:588} INFO - Filling up the DagBag from /mnt/e/Assignments/Airflow/airflow/airflow_env/lib/python3.12/site-packages/airflow/example_dags/example_params_trigger_ui.py
[2024-12-26T03:48:45.360+0200] {processor.py:925} INFO - DAG(s) 'example_params_trigger_ui' retrieved from /mnt/e/Assignments/Airflow/airflow/airflow_env/lib/python3.12/site-packages/airflow/example_dags/example_params_trigger_ui.py
[2024-12-26T03:48:45.391+0200] {logging_mixin.py:190} INFO - [2024-12-26T03:48:45.390+0200] {dag.py:3239} INFO - Sync 1 DAGs
[2024-12-26T03:48:45.403+0200] {logging_mixin.py:190} INFO - [2024-12-26T03:48:45.402+0200] {dag.py:4180} INFO - Setting next_dagrun for example_params_trigger_ui to None, run_after=None
[2024-12-26T03:48:45.445+0200] {processor.py:208} INFO - Processing /mnt/e/Assignments/Airflow/airflow/airflow_env/lib/python3.12/site-packages/airflow/example_dags/example_params_trigger_ui.py took 0.159 seconds
[2024-12-26T03:50:45.045+0200] {processor.py:186} INFO - Started process (PID=192975) to work on /mnt/e/Assignments/Airflow/airflow/airflow_env/lib/python3.12/site-packages/airflow/example_dags/example_params_trigger_ui.py
[2024-12-26T03:50:45.047+0200] {processor.py:914} INFO - Processing file /mnt/e/Assignments/Airflow/airflow/airflow_env/lib/python3.12/site-packages/airflow/example_dags/example_params_trigger_ui.py for tasks to queue
[2024-12-26T03:50:45.052+0200] {logging_mixin.py:190} INFO - [2024-12-26T03:50:45.051+0200] {dagbag.py:588} INFO - Filling up the DagBag from /mnt/e/Assignments/Airflow/airflow/airflow_env/lib/python3.12/site-packages/airflow/example_dags/example_params_trigger_ui.py
[2024-12-26T03:50:45.128+0200] {processor.py:925} INFO - DAG(s) 'example_params_trigger_ui' retrieved from /mnt/e/Assignments/Airflow/airflow/airflow_env/lib/python3.12/site-packages/airflow/example_dags/example_params_trigger_ui.py
[2024-12-26T03:50:45.195+0200] {logging_mixin.py:190} INFO - [2024-12-26T03:50:45.194+0200] {dag.py:3239} INFO - Sync 1 DAGs
[2024-12-26T03:50:45.211+0200] {logging_mixin.py:190} INFO - [2024-12-26T03:50:45.210+0200] {dag.py:4180} INFO - Setting next_dagrun for example_params_trigger_ui to None, run_after=None
[2024-12-26T03:50:45.272+0200] {processor.py:208} INFO - Processing /mnt/e/Assignments/Airflow/airflow/airflow_env/lib/python3.12/site-packages/airflow/example_dags/example_params_trigger_ui.py took 0.242 seconds
[2024-12-26T03:52:58.342+0200] {processor.py:186} INFO - Started process (PID=193058) to work on /mnt/e/Assignments/Airflow/airflow/airflow_env/lib/python3.12/site-packages/airflow/example_dags/example_params_trigger_ui.py
[2024-12-26T03:52:58.345+0200] {processor.py:914} INFO - Processing file /mnt/e/Assignments/Airflow/airflow/airflow_env/lib/python3.12/site-packages/airflow/example_dags/example_params_trigger_ui.py for tasks to queue
[2024-12-26T03:52:58.348+0200] {logging_mixin.py:190} INFO - [2024-12-26T03:52:58.347+0200] {dagbag.py:588} INFO - Filling up the DagBag from /mnt/e/Assignments/Airflow/airflow/airflow_env/lib/python3.12/site-packages/airflow/example_dags/example_params_trigger_ui.py
[2024-12-26T03:52:58.427+0200] {processor.py:925} INFO - DAG(s) 'example_params_trigger_ui' retrieved from /mnt/e/Assignments/Airflow/airflow/airflow_env/lib/python3.12/site-packages/airflow/example_dags/example_params_trigger_ui.py
[2024-12-26T03:52:58.466+0200] {logging_mixin.py:190} INFO - [2024-12-26T03:52:58.465+0200] {dag.py:3239} INFO - Sync 1 DAGs
[2024-12-26T03:52:58.479+0200] {logging_mixin.py:190} INFO - [2024-12-26T03:52:58.478+0200] {dag.py:4180} INFO - Setting next_dagrun for example_params_trigger_ui to None, run_after=None
[2024-12-26T03:52:58.545+0200] {processor.py:208} INFO - Processing /mnt/e/Assignments/Airflow/airflow/airflow_env/lib/python3.12/site-packages/airflow/example_dags/example_params_trigger_ui.py took 0.215 seconds
[2024-12-26T03:55:05.529+0200] {processor.py:186} INFO - Started process (PID=193139) to work on /mnt/e/Assignments/Airflow/airflow/airflow_env/lib/python3.12/site-packages/airflow/example_dags/example_params_trigger_ui.py
[2024-12-26T03:55:05.531+0200] {processor.py:914} INFO - Processing file /mnt/e/Assignments/Airflow/airflow/airflow_env/lib/python3.12/site-packages/airflow/example_dags/example_params_trigger_ui.py for tasks to queue
[2024-12-26T03:55:05.535+0200] {logging_mixin.py:190} INFO - [2024-12-26T03:55:05.533+0200] {dagbag.py:588} INFO - Filling up the DagBag from /mnt/e/Assignments/Airflow/airflow/airflow_env/lib/python3.12/site-packages/airflow/example_dags/example_params_trigger_ui.py
[2024-12-26T03:55:05.604+0200] {processor.py:925} INFO - DAG(s) 'example_params_trigger_ui' retrieved from /mnt/e/Assignments/Airflow/airflow/airflow_env/lib/python3.12/site-packages/airflow/example_dags/example_params_trigger_ui.py
[2024-12-26T03:55:05.636+0200] {logging_mixin.py:190} INFO - [2024-12-26T03:55:05.636+0200] {dag.py:3239} INFO - Sync 1 DAGs
[2024-12-26T03:55:05.648+0200] {logging_mixin.py:190} INFO - [2024-12-26T03:55:05.647+0200] {dag.py:4180} INFO - Setting next_dagrun for example_params_trigger_ui to None, run_after=None
[2024-12-26T03:55:05.690+0200] {processor.py:208} INFO - Processing /mnt/e/Assignments/Airflow/airflow/airflow_env/lib/python3.12/site-packages/airflow/example_dags/example_params_trigger_ui.py took 0.179 seconds
[2024-12-26T03:56:40.167+0200] {processor.py:186} INFO - Started process (PID=193192) to work on /mnt/e/Assignments/Airflow/airflow/airflow_env/lib/python3.12/site-packages/airflow/example_dags/example_params_trigger_ui.py
[2024-12-26T03:56:40.168+0200] {processor.py:914} INFO - Processing file /mnt/e/Assignments/Airflow/airflow/airflow_env/lib/python3.12/site-packages/airflow/example_dags/example_params_trigger_ui.py for tasks to queue
[2024-12-26T03:56:40.171+0200] {logging_mixin.py:190} INFO - [2024-12-26T03:56:40.170+0200] {dagbag.py:588} INFO - Filling up the DagBag from /mnt/e/Assignments/Airflow/airflow/airflow_env/lib/python3.12/site-packages/airflow/example_dags/example_params_trigger_ui.py
[2024-12-26T03:56:40.226+0200] {processor.py:925} INFO - DAG(s) 'example_params_trigger_ui' retrieved from /mnt/e/Assignments/Airflow/airflow/airflow_env/lib/python3.12/site-packages/airflow/example_dags/example_params_trigger_ui.py
[2024-12-26T03:56:40.256+0200] {logging_mixin.py:190} INFO - [2024-12-26T03:56:40.255+0200] {dag.py:3239} INFO - Sync 1 DAGs
[2024-12-26T03:56:40.265+0200] {logging_mixin.py:190} INFO - [2024-12-26T03:56:40.265+0200] {dag.py:4180} INFO - Setting next_dagrun for example_params_trigger_ui to None, run_after=None
[2024-12-26T03:56:40.305+0200] {processor.py:208} INFO - Processing /mnt/e/Assignments/Airflow/airflow/airflow_env/lib/python3.12/site-packages/airflow/example_dags/example_params_trigger_ui.py took 0.148 seconds
[2024-12-26T03:58:37.149+0200] {processor.py:186} INFO - Started process (PID=193275) to work on /mnt/e/Assignments/Airflow/airflow/airflow_env/lib/python3.12/site-packages/airflow/example_dags/example_params_trigger_ui.py
[2024-12-26T03:58:37.151+0200] {processor.py:914} INFO - Processing file /mnt/e/Assignments/Airflow/airflow/airflow_env/lib/python3.12/site-packages/airflow/example_dags/example_params_trigger_ui.py for tasks to queue
[2024-12-26T03:58:37.154+0200] {logging_mixin.py:190} INFO - [2024-12-26T03:58:37.153+0200] {dagbag.py:588} INFO - Filling up the DagBag from /mnt/e/Assignments/Airflow/airflow/airflow_env/lib/python3.12/site-packages/airflow/example_dags/example_params_trigger_ui.py
[2024-12-26T03:58:37.224+0200] {processor.py:925} INFO - DAG(s) 'example_params_trigger_ui' retrieved from /mnt/e/Assignments/Airflow/airflow/airflow_env/lib/python3.12/site-packages/airflow/example_dags/example_params_trigger_ui.py
[2024-12-26T03:58:37.261+0200] {logging_mixin.py:190} INFO - [2024-12-26T03:58:37.260+0200] {dag.py:3239} INFO - Sync 1 DAGs
[2024-12-26T03:58:37.272+0200] {logging_mixin.py:190} INFO - [2024-12-26T03:58:37.271+0200] {dag.py:4180} INFO - Setting next_dagrun for example_params_trigger_ui to None, run_after=None
[2024-12-26T03:58:37.322+0200] {processor.py:208} INFO - Processing /mnt/e/Assignments/Airflow/airflow/airflow_env/lib/python3.12/site-packages/airflow/example_dags/example_params_trigger_ui.py took 0.183 seconds
[2024-12-26T04:00:39.393+0200] {processor.py:186} INFO - Started process (PID=193353) to work on /mnt/e/Assignments/Airflow/airflow/airflow_env/lib/python3.12/site-packages/airflow/example_dags/example_params_trigger_ui.py
[2024-12-26T04:00:39.394+0200] {processor.py:914} INFO - Processing file /mnt/e/Assignments/Airflow/airflow/airflow_env/lib/python3.12/site-packages/airflow/example_dags/example_params_trigger_ui.py for tasks to queue
[2024-12-26T04:00:39.398+0200] {logging_mixin.py:190} INFO - [2024-12-26T04:00:39.397+0200] {dagbag.py:588} INFO - Filling up the DagBag from /mnt/e/Assignments/Airflow/airflow/airflow_env/lib/python3.12/site-packages/airflow/example_dags/example_params_trigger_ui.py
[2024-12-26T04:00:39.453+0200] {processor.py:925} INFO - DAG(s) 'example_params_trigger_ui' retrieved from /mnt/e/Assignments/Airflow/airflow/airflow_env/lib/python3.12/site-packages/airflow/example_dags/example_params_trigger_ui.py
[2024-12-26T04:00:39.486+0200] {logging_mixin.py:190} INFO - [2024-12-26T04:00:39.485+0200] {dag.py:3239} INFO - Sync 1 DAGs
[2024-12-26T04:00:39.497+0200] {logging_mixin.py:190} INFO - [2024-12-26T04:00:39.496+0200] {dag.py:4180} INFO - Setting next_dagrun for example_params_trigger_ui to None, run_after=None
[2024-12-26T04:00:39.541+0200] {processor.py:208} INFO - Processing /mnt/e/Assignments/Airflow/airflow/airflow_env/lib/python3.12/site-packages/airflow/example_dags/example_params_trigger_ui.py took 0.159 seconds
[2024-12-26T04:02:41.923+0200] {processor.py:186} INFO - Started process (PID=193433) to work on /mnt/e/Assignments/Airflow/airflow/airflow_env/lib/python3.12/site-packages/airflow/example_dags/example_params_trigger_ui.py
[2024-12-26T04:02:41.928+0200] {processor.py:914} INFO - Processing file /mnt/e/Assignments/Airflow/airflow/airflow_env/lib/python3.12/site-packages/airflow/example_dags/example_params_trigger_ui.py for tasks to queue
[2024-12-26T04:02:41.936+0200] {logging_mixin.py:190} INFO - [2024-12-26T04:02:41.933+0200] {dagbag.py:588} INFO - Filling up the DagBag from /mnt/e/Assignments/Airflow/airflow/airflow_env/lib/python3.12/site-packages/airflow/example_dags/example_params_trigger_ui.py
[2024-12-26T04:02:42.214+0200] {processor.py:925} INFO - DAG(s) 'example_params_trigger_ui' retrieved from /mnt/e/Assignments/Airflow/airflow/airflow_env/lib/python3.12/site-packages/airflow/example_dags/example_params_trigger_ui.py
[2024-12-26T04:02:42.284+0200] {logging_mixin.py:190} INFO - [2024-12-26T04:02:42.281+0200] {dag.py:3239} INFO - Sync 1 DAGs
[2024-12-26T04:02:42.306+0200] {logging_mixin.py:190} INFO - [2024-12-26T04:02:42.303+0200] {dag.py:4180} INFO - Setting next_dagrun for example_params_trigger_ui to None, run_after=None
[2024-12-26T04:02:42.401+0200] {processor.py:208} INFO - Processing /mnt/e/Assignments/Airflow/airflow/airflow_env/lib/python3.12/site-packages/airflow/example_dags/example_params_trigger_ui.py took 0.509 seconds
[2024-12-26T04:05:04.049+0200] {processor.py:186} INFO - Started process (PID=193518) to work on /mnt/e/Assignments/Airflow/airflow/airflow_env/lib/python3.12/site-packages/airflow/example_dags/example_params_trigger_ui.py
[2024-12-26T04:05:04.052+0200] {processor.py:914} INFO - Processing file /mnt/e/Assignments/Airflow/airflow/airflow_env/lib/python3.12/site-packages/airflow/example_dags/example_params_trigger_ui.py for tasks to queue
[2024-12-26T04:05:04.054+0200] {logging_mixin.py:190} INFO - [2024-12-26T04:05:04.053+0200] {dagbag.py:588} INFO - Filling up the DagBag from /mnt/e/Assignments/Airflow/airflow/airflow_env/lib/python3.12/site-packages/airflow/example_dags/example_params_trigger_ui.py
[2024-12-26T04:05:04.111+0200] {processor.py:925} INFO - DAG(s) 'example_params_trigger_ui' retrieved from /mnt/e/Assignments/Airflow/airflow/airflow_env/lib/python3.12/site-packages/airflow/example_dags/example_params_trigger_ui.py
[2024-12-26T04:05:04.142+0200] {logging_mixin.py:190} INFO - [2024-12-26T04:05:04.140+0200] {dag.py:3239} INFO - Sync 1 DAGs
[2024-12-26T04:05:04.152+0200] {logging_mixin.py:190} INFO - [2024-12-26T04:05:04.152+0200] {dag.py:4180} INFO - Setting next_dagrun for example_params_trigger_ui to None, run_after=None
[2024-12-26T04:05:04.191+0200] {processor.py:208} INFO - Processing /mnt/e/Assignments/Airflow/airflow/airflow_env/lib/python3.12/site-packages/airflow/example_dags/example_params_trigger_ui.py took 0.151 seconds
[2024-12-26T04:07:00.623+0200] {processor.py:186} INFO - Started process (PID=193595) to work on /mnt/e/Assignments/Airflow/airflow/airflow_env/lib/python3.12/site-packages/airflow/example_dags/example_params_trigger_ui.py
[2024-12-26T04:07:00.627+0200] {processor.py:914} INFO - Processing file /mnt/e/Assignments/Airflow/airflow/airflow_env/lib/python3.12/site-packages/airflow/example_dags/example_params_trigger_ui.py for tasks to queue
[2024-12-26T04:07:00.632+0200] {logging_mixin.py:190} INFO - [2024-12-26T04:07:00.630+0200] {dagbag.py:588} INFO - Filling up the DagBag from /mnt/e/Assignments/Airflow/airflow/airflow_env/lib/python3.12/site-packages/airflow/example_dags/example_params_trigger_ui.py
[2024-12-26T04:07:00.717+0200] {processor.py:925} INFO - DAG(s) 'example_params_trigger_ui' retrieved from /mnt/e/Assignments/Airflow/airflow/airflow_env/lib/python3.12/site-packages/airflow/example_dags/example_params_trigger_ui.py
[2024-12-26T04:07:00.771+0200] {logging_mixin.py:190} INFO - [2024-12-26T04:07:00.769+0200] {dag.py:3239} INFO - Sync 1 DAGs
[2024-12-26T04:07:00.785+0200] {logging_mixin.py:190} INFO - [2024-12-26T04:07:00.784+0200] {dag.py:4180} INFO - Setting next_dagrun for example_params_trigger_ui to None, run_after=None
[2024-12-26T04:07:00.849+0200] {processor.py:208} INFO - Processing /mnt/e/Assignments/Airflow/airflow/airflow_env/lib/python3.12/site-packages/airflow/example_dags/example_params_trigger_ui.py took 0.248 seconds
[2024-12-26T04:08:58.247+0200] {processor.py:186} INFO - Started process (PID=193674) to work on /mnt/e/Assignments/Airflow/airflow/airflow_env/lib/python3.12/site-packages/airflow/example_dags/example_params_trigger_ui.py
[2024-12-26T04:08:58.249+0200] {processor.py:914} INFO - Processing file /mnt/e/Assignments/Airflow/airflow/airflow_env/lib/python3.12/site-packages/airflow/example_dags/example_params_trigger_ui.py for tasks to queue
[2024-12-26T04:08:58.251+0200] {logging_mixin.py:190} INFO - [2024-12-26T04:08:58.250+0200] {dagbag.py:588} INFO - Filling up the DagBag from /mnt/e/Assignments/Airflow/airflow/airflow_env/lib/python3.12/site-packages/airflow/example_dags/example_params_trigger_ui.py
[2024-12-26T04:08:58.304+0200] {processor.py:925} INFO - DAG(s) 'example_params_trigger_ui' retrieved from /mnt/e/Assignments/Airflow/airflow/airflow_env/lib/python3.12/site-packages/airflow/example_dags/example_params_trigger_ui.py
[2024-12-26T04:08:58.332+0200] {logging_mixin.py:190} INFO - [2024-12-26T04:08:58.332+0200] {dag.py:3239} INFO - Sync 1 DAGs
[2024-12-26T04:08:58.343+0200] {logging_mixin.py:190} INFO - [2024-12-26T04:08:58.342+0200] {dag.py:4180} INFO - Setting next_dagrun for example_params_trigger_ui to None, run_after=None
[2024-12-26T04:08:58.385+0200] {processor.py:208} INFO - Processing /mnt/e/Assignments/Airflow/airflow/airflow_env/lib/python3.12/site-packages/airflow/example_dags/example_params_trigger_ui.py took 0.158 seconds
[2024-12-26T04:10:44.124+0200] {processor.py:186} INFO - Started process (PID=193749) to work on /mnt/e/Assignments/Airflow/airflow/airflow_env/lib/python3.12/site-packages/airflow/example_dags/example_params_trigger_ui.py
[2024-12-26T04:10:44.128+0200] {processor.py:914} INFO - Processing file /mnt/e/Assignments/Airflow/airflow/airflow_env/lib/python3.12/site-packages/airflow/example_dags/example_params_trigger_ui.py for tasks to queue
[2024-12-26T04:10:44.136+0200] {logging_mixin.py:190} INFO - [2024-12-26T04:10:44.133+0200] {dagbag.py:588} INFO - Filling up the DagBag from /mnt/e/Assignments/Airflow/airflow/airflow_env/lib/python3.12/site-packages/airflow/example_dags/example_params_trigger_ui.py
[2024-12-26T04:10:44.402+0200] {processor.py:925} INFO - DAG(s) 'example_params_trigger_ui' retrieved from /mnt/e/Assignments/Airflow/airflow/airflow_env/lib/python3.12/site-packages/airflow/example_dags/example_params_trigger_ui.py
[2024-12-26T04:10:44.462+0200] {logging_mixin.py:190} INFO - [2024-12-26T04:10:44.460+0200] {dag.py:3239} INFO - Sync 1 DAGs
[2024-12-26T04:10:44.481+0200] {logging_mixin.py:190} INFO - [2024-12-26T04:10:44.479+0200] {dag.py:4180} INFO - Setting next_dagrun for example_params_trigger_ui to None, run_after=None
[2024-12-26T04:10:44.540+0200] {processor.py:208} INFO - Processing /mnt/e/Assignments/Airflow/airflow/airflow_env/lib/python3.12/site-packages/airflow/example_dags/example_params_trigger_ui.py took 0.443 seconds
[2024-12-26T04:12:35.009+0200] {processor.py:186} INFO - Started process (PID=193827) to work on /mnt/e/Assignments/Airflow/airflow/airflow_env/lib/python3.12/site-packages/airflow/example_dags/example_params_trigger_ui.py
[2024-12-26T04:12:35.010+0200] {processor.py:914} INFO - Processing file /mnt/e/Assignments/Airflow/airflow/airflow_env/lib/python3.12/site-packages/airflow/example_dags/example_params_trigger_ui.py for tasks to queue
[2024-12-26T04:12:35.013+0200] {logging_mixin.py:190} INFO - [2024-12-26T04:12:35.012+0200] {dagbag.py:588} INFO - Filling up the DagBag from /mnt/e/Assignments/Airflow/airflow/airflow_env/lib/python3.12/site-packages/airflow/example_dags/example_params_trigger_ui.py
[2024-12-26T04:12:35.072+0200] {processor.py:925} INFO - DAG(s) 'example_params_trigger_ui' retrieved from /mnt/e/Assignments/Airflow/airflow/airflow_env/lib/python3.12/site-packages/airflow/example_dags/example_params_trigger_ui.py
[2024-12-26T04:12:35.100+0200] {logging_mixin.py:190} INFO - [2024-12-26T04:12:35.099+0200] {dag.py:3239} INFO - Sync 1 DAGs
[2024-12-26T04:12:35.109+0200] {logging_mixin.py:190} INFO - [2024-12-26T04:12:35.108+0200] {dag.py:4180} INFO - Setting next_dagrun for example_params_trigger_ui to None, run_after=None
[2024-12-26T04:12:35.147+0200] {processor.py:208} INFO - Processing /mnt/e/Assignments/Airflow/airflow/airflow_env/lib/python3.12/site-packages/airflow/example_dags/example_params_trigger_ui.py took 0.147 seconds
[2024-12-26T04:14:23.575+0200] {processor.py:186} INFO - Started process (PID=193903) to work on /mnt/e/Assignments/Airflow/airflow/airflow_env/lib/python3.12/site-packages/airflow/example_dags/example_params_trigger_ui.py
[2024-12-26T04:14:23.578+0200] {processor.py:914} INFO - Processing file /mnt/e/Assignments/Airflow/airflow/airflow_env/lib/python3.12/site-packages/airflow/example_dags/example_params_trigger_ui.py for tasks to queue
[2024-12-26T04:14:23.581+0200] {logging_mixin.py:190} INFO - [2024-12-26T04:14:23.580+0200] {dagbag.py:588} INFO - Filling up the DagBag from /mnt/e/Assignments/Airflow/airflow/airflow_env/lib/python3.12/site-packages/airflow/example_dags/example_params_trigger_ui.py
[2024-12-26T04:14:23.682+0200] {processor.py:925} INFO - DAG(s) 'example_params_trigger_ui' retrieved from /mnt/e/Assignments/Airflow/airflow/airflow_env/lib/python3.12/site-packages/airflow/example_dags/example_params_trigger_ui.py
[2024-12-26T04:14:23.731+0200] {logging_mixin.py:190} INFO - [2024-12-26T04:14:23.730+0200] {dag.py:3239} INFO - Sync 1 DAGs
[2024-12-26T04:14:23.747+0200] {logging_mixin.py:190} INFO - [2024-12-26T04:14:23.742+0200] {dag.py:4180} INFO - Setting next_dagrun for example_params_trigger_ui to None, run_after=None
[2024-12-26T04:14:23.822+0200] {processor.py:208} INFO - Processing /mnt/e/Assignments/Airflow/airflow/airflow_env/lib/python3.12/site-packages/airflow/example_dags/example_params_trigger_ui.py took 0.268 seconds
[2024-12-26T04:16:42.229+0200] {processor.py:186} INFO - Started process (PID=193985) to work on /mnt/e/Assignments/Airflow/airflow/airflow_env/lib/python3.12/site-packages/airflow/example_dags/example_params_trigger_ui.py
[2024-12-26T04:16:42.234+0200] {processor.py:914} INFO - Processing file /mnt/e/Assignments/Airflow/airflow/airflow_env/lib/python3.12/site-packages/airflow/example_dags/example_params_trigger_ui.py for tasks to queue
[2024-12-26T04:16:42.242+0200] {logging_mixin.py:190} INFO - [2024-12-26T04:16:42.239+0200] {dagbag.py:588} INFO - Filling up the DagBag from /mnt/e/Assignments/Airflow/airflow/airflow_env/lib/python3.12/site-packages/airflow/example_dags/example_params_trigger_ui.py
[2024-12-26T04:16:42.449+0200] {processor.py:925} INFO - DAG(s) 'example_params_trigger_ui' retrieved from /mnt/e/Assignments/Airflow/airflow/airflow_env/lib/python3.12/site-packages/airflow/example_dags/example_params_trigger_ui.py
[2024-12-26T04:16:42.489+0200] {logging_mixin.py:190} INFO - [2024-12-26T04:16:42.488+0200] {dag.py:3239} INFO - Sync 1 DAGs
[2024-12-26T04:16:42.500+0200] {logging_mixin.py:190} INFO - [2024-12-26T04:16:42.499+0200] {dag.py:4180} INFO - Setting next_dagrun for example_params_trigger_ui to None, run_after=None
[2024-12-26T04:16:42.546+0200] {processor.py:208} INFO - Processing /mnt/e/Assignments/Airflow/airflow/airflow_env/lib/python3.12/site-packages/airflow/example_dags/example_params_trigger_ui.py took 0.347 seconds
[2024-12-26T04:18:56.099+0200] {processor.py:186} INFO - Started process (PID=194072) to work on /mnt/e/Assignments/Airflow/airflow/airflow_env/lib/python3.12/site-packages/airflow/example_dags/example_params_trigger_ui.py
[2024-12-26T04:18:56.101+0200] {processor.py:914} INFO - Processing file /mnt/e/Assignments/Airflow/airflow/airflow_env/lib/python3.12/site-packages/airflow/example_dags/example_params_trigger_ui.py for tasks to queue
[2024-12-26T04:18:56.105+0200] {logging_mixin.py:190} INFO - [2024-12-26T04:18:56.104+0200] {dagbag.py:588} INFO - Filling up the DagBag from /mnt/e/Assignments/Airflow/airflow/airflow_env/lib/python3.12/site-packages/airflow/example_dags/example_params_trigger_ui.py
[2024-12-26T04:18:56.175+0200] {processor.py:925} INFO - DAG(s) 'example_params_trigger_ui' retrieved from /mnt/e/Assignments/Airflow/airflow/airflow_env/lib/python3.12/site-packages/airflow/example_dags/example_params_trigger_ui.py
[2024-12-26T04:18:56.209+0200] {logging_mixin.py:190} INFO - [2024-12-26T04:18:56.208+0200] {dag.py:3239} INFO - Sync 1 DAGs
[2024-12-26T04:18:56.220+0200] {logging_mixin.py:190} INFO - [2024-12-26T04:18:56.219+0200] {dag.py:4180} INFO - Setting next_dagrun for example_params_trigger_ui to None, run_after=None
[2024-12-26T04:18:56.271+0200] {processor.py:208} INFO - Processing /mnt/e/Assignments/Airflow/airflow/airflow_env/lib/python3.12/site-packages/airflow/example_dags/example_params_trigger_ui.py took 0.184 seconds
[2024-12-26T04:21:11.541+0200] {processor.py:186} INFO - Started process (PID=194156) to work on /mnt/e/Assignments/Airflow/airflow/airflow_env/lib/python3.12/site-packages/airflow/example_dags/example_params_trigger_ui.py
[2024-12-26T04:21:11.548+0200] {processor.py:914} INFO - Processing file /mnt/e/Assignments/Airflow/airflow/airflow_env/lib/python3.12/site-packages/airflow/example_dags/example_params_trigger_ui.py for tasks to queue
[2024-12-26T04:21:11.555+0200] {logging_mixin.py:190} INFO - [2024-12-26T04:21:11.552+0200] {dagbag.py:588} INFO - Filling up the DagBag from /mnt/e/Assignments/Airflow/airflow/airflow_env/lib/python3.12/site-packages/airflow/example_dags/example_params_trigger_ui.py
[2024-12-26T04:21:14.608+0200] {processor.py:925} INFO - DAG(s) 'example_params_trigger_ui' retrieved from /mnt/e/Assignments/Airflow/airflow/airflow_env/lib/python3.12/site-packages/airflow/example_dags/example_params_trigger_ui.py
[2024-12-26T04:21:14.642+0200] {logging_mixin.py:190} INFO - [2024-12-26T04:21:14.641+0200] {dag.py:3239} INFO - Sync 1 DAGs
[2024-12-26T04:21:14.655+0200] {logging_mixin.py:190} INFO - [2024-12-26T04:21:14.654+0200] {dag.py:4180} INFO - Setting next_dagrun for example_params_trigger_ui to None, run_after=None
[2024-12-26T04:21:14.706+0200] {processor.py:208} INFO - Processing /mnt/e/Assignments/Airflow/airflow/airflow_env/lib/python3.12/site-packages/airflow/example_dags/example_params_trigger_ui.py took 0.286 seconds
[2024-12-26T04:23:37.301+0200] {processor.py:186} INFO - Started process (PID=194241) to work on /mnt/e/Assignments/Airflow/airflow/airflow_env/lib/python3.12/site-packages/airflow/example_dags/example_params_trigger_ui.py
[2024-12-26T04:23:37.308+0200] {processor.py:914} INFO - Processing file /mnt/e/Assignments/Airflow/airflow/airflow_env/lib/python3.12/site-packages/airflow/example_dags/example_params_trigger_ui.py for tasks to queue
[2024-12-26T04:23:37.319+0200] {logging_mixin.py:190} INFO - [2024-12-26T04:23:37.314+0200] {dagbag.py:588} INFO - Filling up the DagBag from /mnt/e/Assignments/Airflow/airflow/airflow_env/lib/python3.12/site-packages/airflow/example_dags/example_params_trigger_ui.py
[2024-12-26T04:23:37.516+0200] {processor.py:925} INFO - DAG(s) 'example_params_trigger_ui' retrieved from /mnt/e/Assignments/Airflow/airflow/airflow_env/lib/python3.12/site-packages/airflow/example_dags/example_params_trigger_ui.py
[2024-12-26T04:23:37.547+0200] {logging_mixin.py:190} INFO - [2024-12-26T04:23:37.546+0200] {dag.py:3239} INFO - Sync 1 DAGs
[2024-12-26T04:23:37.557+0200] {logging_mixin.py:190} INFO - [2024-12-26T04:23:37.556+0200] {dag.py:4180} INFO - Setting next_dagrun for example_params_trigger_ui to None, run_after=None
[2024-12-26T04:23:37.600+0200] {processor.py:208} INFO - Processing /mnt/e/Assignments/Airflow/airflow/airflow_env/lib/python3.12/site-packages/airflow/example_dags/example_params_trigger_ui.py took 0.334 seconds
[2024-12-26T04:25:42.862+0200] {processor.py:186} INFO - Started process (PID=194322) to work on /mnt/e/Assignments/Airflow/airflow/airflow_env/lib/python3.12/site-packages/airflow/example_dags/example_params_trigger_ui.py
[2024-12-26T04:25:42.864+0200] {processor.py:914} INFO - Processing file /mnt/e/Assignments/Airflow/airflow/airflow_env/lib/python3.12/site-packages/airflow/example_dags/example_params_trigger_ui.py for tasks to queue
[2024-12-26T04:25:42.868+0200] {logging_mixin.py:190} INFO - [2024-12-26T04:25:42.867+0200] {dagbag.py:588} INFO - Filling up the DagBag from /mnt/e/Assignments/Airflow/airflow/airflow_env/lib/python3.12/site-packages/airflow/example_dags/example_params_trigger_ui.py
[2024-12-26T04:25:43.040+0200] {processor.py:925} INFO - DAG(s) 'example_params_trigger_ui' retrieved from /mnt/e/Assignments/Airflow/airflow/airflow_env/lib/python3.12/site-packages/airflow/example_dags/example_params_trigger_ui.py
[2024-12-26T04:25:43.080+0200] {logging_mixin.py:190} INFO - [2024-12-26T04:25:43.078+0200] {dag.py:3239} INFO - Sync 1 DAGs
[2024-12-26T04:25:43.099+0200] {logging_mixin.py:190} INFO - [2024-12-26T04:25:43.096+0200] {dag.py:4180} INFO - Setting next_dagrun for example_params_trigger_ui to None, run_after=None
[2024-12-26T04:25:43.286+0200] {processor.py:208} INFO - Processing /mnt/e/Assignments/Airflow/airflow/airflow_env/lib/python3.12/site-packages/airflow/example_dags/example_params_trigger_ui.py took 0.440 seconds
[2024-12-26T04:28:06.687+0200] {processor.py:186} INFO - Started process (PID=194406) to work on /mnt/e/Assignments/Airflow/airflow/airflow_env/lib/python3.12/site-packages/airflow/example_dags/example_params_trigger_ui.py
[2024-12-26T04:28:06.689+0200] {processor.py:914} INFO - Processing file /mnt/e/Assignments/Airflow/airflow/airflow_env/lib/python3.12/site-packages/airflow/example_dags/example_params_trigger_ui.py for tasks to queue
[2024-12-26T04:28:06.693+0200] {logging_mixin.py:190} INFO - [2024-12-26T04:28:06.692+0200] {dagbag.py:588} INFO - Filling up the DagBag from /mnt/e/Assignments/Airflow/airflow/airflow_env/lib/python3.12/site-packages/airflow/example_dags/example_params_trigger_ui.py
[2024-12-26T04:28:06.771+0200] {processor.py:925} INFO - DAG(s) 'example_params_trigger_ui' retrieved from /mnt/e/Assignments/Airflow/airflow/airflow_env/lib/python3.12/site-packages/airflow/example_dags/example_params_trigger_ui.py
[2024-12-26T04:28:06.804+0200] {logging_mixin.py:190} INFO - [2024-12-26T04:28:06.803+0200] {dag.py:3239} INFO - Sync 1 DAGs
[2024-12-26T04:28:06.815+0200] {logging_mixin.py:190} INFO - [2024-12-26T04:28:06.814+0200] {dag.py:4180} INFO - Setting next_dagrun for example_params_trigger_ui to None, run_after=None
[2024-12-26T04:28:06.868+0200] {processor.py:208} INFO - Processing /mnt/e/Assignments/Airflow/airflow/airflow_env/lib/python3.12/site-packages/airflow/example_dags/example_params_trigger_ui.py took 0.204 seconds
[2024-12-26T04:30:16.530+0200] {processor.py:186} INFO - Started process (PID=194487) to work on /mnt/e/Assignments/Airflow/airflow/airflow_env/lib/python3.12/site-packages/airflow/example_dags/example_params_trigger_ui.py
[2024-12-26T04:30:16.532+0200] {processor.py:914} INFO - Processing file /mnt/e/Assignments/Airflow/airflow/airflow_env/lib/python3.12/site-packages/airflow/example_dags/example_params_trigger_ui.py for tasks to queue
[2024-12-26T04:30:16.535+0200] {logging_mixin.py:190} INFO - [2024-12-26T04:30:16.534+0200] {dagbag.py:588} INFO - Filling up the DagBag from /mnt/e/Assignments/Airflow/airflow/airflow_env/lib/python3.12/site-packages/airflow/example_dags/example_params_trigger_ui.py
[2024-12-26T04:30:16.639+0200] {processor.py:925} INFO - DAG(s) 'example_params_trigger_ui' retrieved from /mnt/e/Assignments/Airflow/airflow/airflow_env/lib/python3.12/site-packages/airflow/example_dags/example_params_trigger_ui.py
[2024-12-26T04:30:16.675+0200] {logging_mixin.py:190} INFO - [2024-12-26T04:30:16.674+0200] {dag.py:3239} INFO - Sync 1 DAGs
[2024-12-26T04:30:16.687+0200] {logging_mixin.py:190} INFO - [2024-12-26T04:30:16.686+0200] {dag.py:4180} INFO - Setting next_dagrun for example_params_trigger_ui to None, run_after=None
[2024-12-26T04:30:16.740+0200] {processor.py:208} INFO - Processing /mnt/e/Assignments/Airflow/airflow/airflow_env/lib/python3.12/site-packages/airflow/example_dags/example_params_trigger_ui.py took 0.219 seconds
[2024-12-26T04:32:32.075+0200] {processor.py:186} INFO - Started process (PID=194569) to work on /mnt/e/Assignments/Airflow/airflow/airflow_env/lib/python3.12/site-packages/airflow/example_dags/example_params_trigger_ui.py
[2024-12-26T04:32:32.076+0200] {processor.py:914} INFO - Processing file /mnt/e/Assignments/Airflow/airflow/airflow_env/lib/python3.12/site-packages/airflow/example_dags/example_params_trigger_ui.py for tasks to queue
[2024-12-26T04:32:32.079+0200] {logging_mixin.py:190} INFO - [2024-12-26T04:32:32.078+0200] {dagbag.py:588} INFO - Filling up the DagBag from /mnt/e/Assignments/Airflow/airflow/airflow_env/lib/python3.12/site-packages/airflow/example_dags/example_params_trigger_ui.py
[2024-12-26T04:32:32.129+0200] {processor.py:925} INFO - DAG(s) 'example_params_trigger_ui' retrieved from /mnt/e/Assignments/Airflow/airflow/airflow_env/lib/python3.12/site-packages/airflow/example_dags/example_params_trigger_ui.py
[2024-12-26T04:32:32.160+0200] {logging_mixin.py:190} INFO - [2024-12-26T04:32:32.159+0200] {dag.py:3239} INFO - Sync 1 DAGs
[2024-12-26T04:32:32.171+0200] {logging_mixin.py:190} INFO - [2024-12-26T04:32:32.170+0200] {dag.py:4180} INFO - Setting next_dagrun for example_params_trigger_ui to None, run_after=None
[2024-12-26T04:32:32.220+0200] {processor.py:208} INFO - Processing /mnt/e/Assignments/Airflow/airflow/airflow_env/lib/python3.12/site-packages/airflow/example_dags/example_params_trigger_ui.py took 0.155 seconds
[2024-12-26T04:34:31.910+0200] {processor.py:186} INFO - Started process (PID=194648) to work on /mnt/e/Assignments/Airflow/airflow/airflow_env/lib/python3.12/site-packages/airflow/example_dags/example_params_trigger_ui.py
[2024-12-26T04:34:31.913+0200] {processor.py:914} INFO - Processing file /mnt/e/Assignments/Airflow/airflow/airflow_env/lib/python3.12/site-packages/airflow/example_dags/example_params_trigger_ui.py for tasks to queue
[2024-12-26T04:34:31.920+0200] {logging_mixin.py:190} INFO - [2024-12-26T04:34:31.917+0200] {dagbag.py:588} INFO - Filling up the DagBag from /mnt/e/Assignments/Airflow/airflow/airflow_env/lib/python3.12/site-packages/airflow/example_dags/example_params_trigger_ui.py
[2024-12-26T04:34:32.057+0200] {processor.py:925} INFO - DAG(s) 'example_params_trigger_ui' retrieved from /mnt/e/Assignments/Airflow/airflow/airflow_env/lib/python3.12/site-packages/airflow/example_dags/example_params_trigger_ui.py
[2024-12-26T04:34:32.094+0200] {logging_mixin.py:190} INFO - [2024-12-26T04:34:32.093+0200] {dag.py:3239} INFO - Sync 1 DAGs
[2024-12-26T04:34:32.105+0200] {logging_mixin.py:190} INFO - [2024-12-26T04:34:32.104+0200] {dag.py:4180} INFO - Setting next_dagrun for example_params_trigger_ui to None, run_after=None
[2024-12-26T04:34:32.157+0200] {processor.py:208} INFO - Processing /mnt/e/Assignments/Airflow/airflow/airflow_env/lib/python3.12/site-packages/airflow/example_dags/example_params_trigger_ui.py took 0.259 seconds
