[2024-12-26T02:00:01.176+0200] {processor.py:186} INFO - Started process (PID=188464) to work on /mnt/e/Assignments/Airflow/airflow/airflow_env/lib/python3.12/site-packages/airflow/example_dags/example_branch_operator.py
[2024-12-26T02:00:01.179+0200] {processor.py:914} INFO - Processing file /mnt/e/Assignments/Airflow/airflow/airflow_env/lib/python3.12/site-packages/airflow/example_dags/example_branch_operator.py for tasks to queue
[2024-12-26T02:00:01.183+0200] {logging_mixin.py:190} INFO - [2024-12-26T02:00:01.181+0200] {dagbag.py:588} INFO - Filling up the DagBag from /mnt/e/Assignments/Airflow/airflow/airflow_env/lib/python3.12/site-packages/airflow/example_dags/example_branch_operator.py
[2024-12-26T02:00:01.261+0200] {processor.py:927} WARNING - No viable dags retrieved from /mnt/e/Assignments/Airflow/airflow/airflow_env/lib/python3.12/site-packages/airflow/example_dags/example_branch_operator.py
[2024-12-26T02:00:01.286+0200] {processor.py:208} INFO - Processing /mnt/e/Assignments/Airflow/airflow/airflow_env/lib/python3.12/site-packages/airflow/example_dags/example_branch_operator.py took 0.126 seconds
[2024-12-26T02:07:56.170+0200] {processor.py:186} INFO - Started process (PID=188634) to work on /mnt/e/Assignments/Airflow/airflow/airflow_env/lib/python3.12/site-packages/airflow/example_dags/example_branch_operator.py
[2024-12-26T02:07:56.173+0200] {processor.py:914} INFO - Processing file /mnt/e/Assignments/Airflow/airflow/airflow_env/lib/python3.12/site-packages/airflow/example_dags/example_branch_operator.py for tasks to queue
[2024-12-26T02:07:56.178+0200] {logging_mixin.py:190} INFO - [2024-12-26T02:07:56.176+0200] {dagbag.py:588} INFO - Filling up the DagBag from /mnt/e/Assignments/Airflow/airflow/airflow_env/lib/python3.12/site-packages/airflow/example_dags/example_branch_operator.py
[2024-12-26T02:07:56.247+0200] {processor.py:927} WARNING - No viable dags retrieved from /mnt/e/Assignments/Airflow/airflow/airflow_env/lib/python3.12/site-packages/airflow/example_dags/example_branch_operator.py
[2024-12-26T02:07:56.268+0200] {processor.py:208} INFO - Processing /mnt/e/Assignments/Airflow/airflow/airflow_env/lib/python3.12/site-packages/airflow/example_dags/example_branch_operator.py took 0.114 seconds
[2024-12-26T02:10:08.122+0200] {processor.py:186} INFO - Started process (PID=188715) to work on /mnt/e/Assignments/Airflow/airflow/airflow_env/lib/python3.12/site-packages/airflow/example_dags/example_branch_operator.py
[2024-12-26T02:10:08.125+0200] {processor.py:914} INFO - Processing file /mnt/e/Assignments/Airflow/airflow/airflow_env/lib/python3.12/site-packages/airflow/example_dags/example_branch_operator.py for tasks to queue
[2024-12-26T02:10:08.129+0200] {logging_mixin.py:190} INFO - [2024-12-26T02:10:08.127+0200] {dagbag.py:588} INFO - Filling up the DagBag from /mnt/e/Assignments/Airflow/airflow/airflow_env/lib/python3.12/site-packages/airflow/example_dags/example_branch_operator.py
[2024-12-26T02:10:08.193+0200] {processor.py:927} WARNING - No viable dags retrieved from /mnt/e/Assignments/Airflow/airflow/airflow_env/lib/python3.12/site-packages/airflow/example_dags/example_branch_operator.py
[2024-12-26T02:10:08.214+0200] {processor.py:208} INFO - Processing /mnt/e/Assignments/Airflow/airflow/airflow_env/lib/python3.12/site-packages/airflow/example_dags/example_branch_operator.py took 0.107 seconds
[2024-12-26T02:12:21.030+0200] {processor.py:186} INFO - Started process (PID=188812) to work on /mnt/e/Assignments/Airflow/airflow/airflow_env/lib/python3.12/site-packages/airflow/example_dags/example_branch_operator.py
[2024-12-26T02:12:21.033+0200] {processor.py:914} INFO - Processing file /mnt/e/Assignments/Airflow/airflow/airflow_env/lib/python3.12/site-packages/airflow/example_dags/example_branch_operator.py for tasks to queue
[2024-12-26T02:12:21.038+0200] {logging_mixin.py:190} INFO - [2024-12-26T02:12:21.036+0200] {dagbag.py:588} INFO - Filling up the DagBag from /mnt/e/Assignments/Airflow/airflow/airflow_env/lib/python3.12/site-packages/airflow/example_dags/example_branch_operator.py
[2024-12-26T02:12:21.100+0200] {processor.py:927} WARNING - No viable dags retrieved from /mnt/e/Assignments/Airflow/airflow/airflow_env/lib/python3.12/site-packages/airflow/example_dags/example_branch_operator.py
[2024-12-26T02:12:21.124+0200] {processor.py:208} INFO - Processing /mnt/e/Assignments/Airflow/airflow/airflow_env/lib/python3.12/site-packages/airflow/example_dags/example_branch_operator.py took 0.123 seconds
[2024-12-26T02:14:26.445+0200] {processor.py:186} INFO - Started process (PID=188897) to work on /mnt/e/Assignments/Airflow/airflow/airflow_env/lib/python3.12/site-packages/airflow/example_dags/example_branch_operator.py
[2024-12-26T02:14:26.447+0200] {processor.py:914} INFO - Processing file /mnt/e/Assignments/Airflow/airflow/airflow_env/lib/python3.12/site-packages/airflow/example_dags/example_branch_operator.py for tasks to queue
[2024-12-26T02:14:26.451+0200] {logging_mixin.py:190} INFO - [2024-12-26T02:14:26.450+0200] {dagbag.py:588} INFO - Filling up the DagBag from /mnt/e/Assignments/Airflow/airflow/airflow_env/lib/python3.12/site-packages/airflow/example_dags/example_branch_operator.py
[2024-12-26T02:14:26.531+0200] {processor.py:927} WARNING - No viable dags retrieved from /mnt/e/Assignments/Airflow/airflow/airflow_env/lib/python3.12/site-packages/airflow/example_dags/example_branch_operator.py
[2024-12-26T02:14:26.560+0200] {processor.py:208} INFO - Processing /mnt/e/Assignments/Airflow/airflow/airflow_env/lib/python3.12/site-packages/airflow/example_dags/example_branch_operator.py took 0.132 seconds
[2024-12-26T02:16:38.459+0200] {processor.py:186} INFO - Started process (PID=188981) to work on /mnt/e/Assignments/Airflow/airflow/airflow_env/lib/python3.12/site-packages/airflow/example_dags/example_branch_operator.py
[2024-12-26T02:16:38.461+0200] {processor.py:914} INFO - Processing file /mnt/e/Assignments/Airflow/airflow/airflow_env/lib/python3.12/site-packages/airflow/example_dags/example_branch_operator.py for tasks to queue
[2024-12-26T02:16:38.466+0200] {logging_mixin.py:190} INFO - [2024-12-26T02:16:38.464+0200] {dagbag.py:588} INFO - Filling up the DagBag from /mnt/e/Assignments/Airflow/airflow/airflow_env/lib/python3.12/site-packages/airflow/example_dags/example_branch_operator.py
[2024-12-26T02:16:38.542+0200] {processor.py:927} WARNING - No viable dags retrieved from /mnt/e/Assignments/Airflow/airflow/airflow_env/lib/python3.12/site-packages/airflow/example_dags/example_branch_operator.py
[2024-12-26T02:16:38.571+0200] {processor.py:208} INFO - Processing /mnt/e/Assignments/Airflow/airflow/airflow_env/lib/python3.12/site-packages/airflow/example_dags/example_branch_operator.py took 0.129 seconds
[2024-12-26T02:18:42.983+0200] {processor.py:186} INFO - Started process (PID=189077) to work on /mnt/e/Assignments/Airflow/airflow/airflow_env/lib/python3.12/site-packages/airflow/example_dags/example_branch_operator.py
[2024-12-26T02:18:42.986+0200] {processor.py:914} INFO - Processing file /mnt/e/Assignments/Airflow/airflow/airflow_env/lib/python3.12/site-packages/airflow/example_dags/example_branch_operator.py for tasks to queue
[2024-12-26T02:18:42.989+0200] {logging_mixin.py:190} INFO - [2024-12-26T02:18:42.987+0200] {dagbag.py:588} INFO - Filling up the DagBag from /mnt/e/Assignments/Airflow/airflow/airflow_env/lib/python3.12/site-packages/airflow/example_dags/example_branch_operator.py
[2024-12-26T02:18:43.042+0200] {processor.py:927} WARNING - No viable dags retrieved from /mnt/e/Assignments/Airflow/airflow/airflow_env/lib/python3.12/site-packages/airflow/example_dags/example_branch_operator.py
[2024-12-26T02:18:43.060+0200] {processor.py:208} INFO - Processing /mnt/e/Assignments/Airflow/airflow/airflow_env/lib/python3.12/site-packages/airflow/example_dags/example_branch_operator.py took 0.092 seconds
[2024-12-26T02:20:57.274+0200] {processor.py:186} INFO - Started process (PID=189172) to work on /mnt/e/Assignments/Airflow/airflow/airflow_env/lib/python3.12/site-packages/airflow/example_dags/example_branch_operator.py
[2024-12-26T02:20:57.278+0200] {processor.py:914} INFO - Processing file /mnt/e/Assignments/Airflow/airflow/airflow_env/lib/python3.12/site-packages/airflow/example_dags/example_branch_operator.py for tasks to queue
[2024-12-26T02:20:57.283+0200] {logging_mixin.py:190} INFO - [2024-12-26T02:20:57.281+0200] {dagbag.py:588} INFO - Filling up the DagBag from /mnt/e/Assignments/Airflow/airflow/airflow_env/lib/python3.12/site-packages/airflow/example_dags/example_branch_operator.py
[2024-12-26T02:20:57.389+0200] {processor.py:927} WARNING - No viable dags retrieved from /mnt/e/Assignments/Airflow/airflow/airflow_env/lib/python3.12/site-packages/airflow/example_dags/example_branch_operator.py
[2024-12-26T02:20:57.410+0200] {processor.py:208} INFO - Processing /mnt/e/Assignments/Airflow/airflow/airflow_env/lib/python3.12/site-packages/airflow/example_dags/example_branch_operator.py took 0.162 seconds
[2024-12-26T02:23:04.014+0200] {processor.py:186} INFO - Started process (PID=189281) to work on /mnt/e/Assignments/Airflow/airflow/airflow_env/lib/python3.12/site-packages/airflow/example_dags/example_branch_operator.py
[2024-12-26T02:23:04.018+0200] {processor.py:914} INFO - Processing file /mnt/e/Assignments/Airflow/airflow/airflow_env/lib/python3.12/site-packages/airflow/example_dags/example_branch_operator.py for tasks to queue
[2024-12-26T02:23:04.026+0200] {logging_mixin.py:190} INFO - [2024-12-26T02:23:04.023+0200] {dagbag.py:588} INFO - Filling up the DagBag from /mnt/e/Assignments/Airflow/airflow/airflow_env/lib/python3.12/site-packages/airflow/example_dags/example_branch_operator.py
[2024-12-26T02:23:04.151+0200] {processor.py:927} WARNING - No viable dags retrieved from /mnt/e/Assignments/Airflow/airflow/airflow_env/lib/python3.12/site-packages/airflow/example_dags/example_branch_operator.py
[2024-12-26T02:23:04.173+0200] {processor.py:208} INFO - Processing /mnt/e/Assignments/Airflow/airflow/airflow_env/lib/python3.12/site-packages/airflow/example_dags/example_branch_operator.py took 0.186 seconds
[2024-12-26T02:25:17.955+0200] {processor.py:186} INFO - Started process (PID=189404) to work on /mnt/e/Assignments/Airflow/airflow/airflow_env/lib/python3.12/site-packages/airflow/example_dags/example_branch_operator.py
[2024-12-26T02:25:17.961+0200] {processor.py:914} INFO - Processing file /mnt/e/Assignments/Airflow/airflow/airflow_env/lib/python3.12/site-packages/airflow/example_dags/example_branch_operator.py for tasks to queue
[2024-12-26T02:25:17.966+0200] {logging_mixin.py:190} INFO - [2024-12-26T02:25:17.964+0200] {dagbag.py:588} INFO - Filling up the DagBag from /mnt/e/Assignments/Airflow/airflow/airflow_env/lib/python3.12/site-packages/airflow/example_dags/example_branch_operator.py
[2024-12-26T02:25:18.054+0200] {processor.py:927} WARNING - No viable dags retrieved from /mnt/e/Assignments/Airflow/airflow/airflow_env/lib/python3.12/site-packages/airflow/example_dags/example_branch_operator.py
[2024-12-26T02:25:18.077+0200] {processor.py:208} INFO - Processing /mnt/e/Assignments/Airflow/airflow/airflow_env/lib/python3.12/site-packages/airflow/example_dags/example_branch_operator.py took 0.149 seconds
[2024-12-26T02:27:20.807+0200] {processor.py:186} INFO - Started process (PID=189542) to work on /mnt/e/Assignments/Airflow/airflow/airflow_env/lib/python3.12/site-packages/airflow/example_dags/example_branch_operator.py
[2024-12-26T02:27:20.809+0200] {processor.py:914} INFO - Processing file /mnt/e/Assignments/Airflow/airflow/airflow_env/lib/python3.12/site-packages/airflow/example_dags/example_branch_operator.py for tasks to queue
[2024-12-26T02:27:20.812+0200] {logging_mixin.py:190} INFO - [2024-12-26T02:27:20.811+0200] {dagbag.py:588} INFO - Filling up the DagBag from /mnt/e/Assignments/Airflow/airflow/airflow_env/lib/python3.12/site-packages/airflow/example_dags/example_branch_operator.py
[2024-12-26T02:27:20.871+0200] {processor.py:927} WARNING - No viable dags retrieved from /mnt/e/Assignments/Airflow/airflow/airflow_env/lib/python3.12/site-packages/airflow/example_dags/example_branch_operator.py
[2024-12-26T02:27:20.891+0200] {processor.py:208} INFO - Processing /mnt/e/Assignments/Airflow/airflow/airflow_env/lib/python3.12/site-packages/airflow/example_dags/example_branch_operator.py took 0.096 seconds
[2024-12-26T02:29:28.106+0200] {processor.py:186} INFO - Started process (PID=189673) to work on /mnt/e/Assignments/Airflow/airflow/airflow_env/lib/python3.12/site-packages/airflow/example_dags/example_branch_operator.py
[2024-12-26T02:29:28.108+0200] {processor.py:914} INFO - Processing file /mnt/e/Assignments/Airflow/airflow/airflow_env/lib/python3.12/site-packages/airflow/example_dags/example_branch_operator.py for tasks to queue
[2024-12-26T02:29:28.113+0200] {logging_mixin.py:190} INFO - [2024-12-26T02:29:28.111+0200] {dagbag.py:588} INFO - Filling up the DagBag from /mnt/e/Assignments/Airflow/airflow/airflow_env/lib/python3.12/site-packages/airflow/example_dags/example_branch_operator.py
[2024-12-26T02:29:28.190+0200] {processor.py:927} WARNING - No viable dags retrieved from /mnt/e/Assignments/Airflow/airflow/airflow_env/lib/python3.12/site-packages/airflow/example_dags/example_branch_operator.py
[2024-12-26T02:29:28.214+0200] {processor.py:208} INFO - Processing /mnt/e/Assignments/Airflow/airflow/airflow_env/lib/python3.12/site-packages/airflow/example_dags/example_branch_operator.py took 0.125 seconds
[2024-12-26T02:31:49.481+0200] {processor.py:186} INFO - Started process (PID=189775) to work on /mnt/e/Assignments/Airflow/airflow/airflow_env/lib/python3.12/site-packages/airflow/example_dags/example_branch_operator.py
[2024-12-26T02:31:49.484+0200] {processor.py:914} INFO - Processing file /mnt/e/Assignments/Airflow/airflow/airflow_env/lib/python3.12/site-packages/airflow/example_dags/example_branch_operator.py for tasks to queue
[2024-12-26T02:31:49.490+0200] {logging_mixin.py:190} INFO - [2024-12-26T02:31:49.487+0200] {dagbag.py:588} INFO - Filling up the DagBag from /mnt/e/Assignments/Airflow/airflow/airflow_env/lib/python3.12/site-packages/airflow/example_dags/example_branch_operator.py
[2024-12-26T02:31:49.610+0200] {processor.py:927} WARNING - No viable dags retrieved from /mnt/e/Assignments/Airflow/airflow/airflow_env/lib/python3.12/site-packages/airflow/example_dags/example_branch_operator.py
[2024-12-26T02:31:49.631+0200] {processor.py:208} INFO - Processing /mnt/e/Assignments/Airflow/airflow/airflow_env/lib/python3.12/site-packages/airflow/example_dags/example_branch_operator.py took 0.166 seconds
[2024-12-26T02:34:05.361+0200] {processor.py:186} INFO - Started process (PID=189878) to work on /mnt/e/Assignments/Airflow/airflow/airflow_env/lib/python3.12/site-packages/airflow/example_dags/example_branch_operator.py
[2024-12-26T02:34:05.364+0200] {processor.py:914} INFO - Processing file /mnt/e/Assignments/Airflow/airflow/airflow_env/lib/python3.12/site-packages/airflow/example_dags/example_branch_operator.py for tasks to queue
[2024-12-26T02:34:05.367+0200] {logging_mixin.py:190} INFO - [2024-12-26T02:34:05.366+0200] {dagbag.py:588} INFO - Filling up the DagBag from /mnt/e/Assignments/Airflow/airflow/airflow_env/lib/python3.12/site-packages/airflow/example_dags/example_branch_operator.py
[2024-12-26T02:34:05.432+0200] {processor.py:927} WARNING - No viable dags retrieved from /mnt/e/Assignments/Airflow/airflow/airflow_env/lib/python3.12/site-packages/airflow/example_dags/example_branch_operator.py
[2024-12-26T02:34:05.464+0200] {processor.py:208} INFO - Processing /mnt/e/Assignments/Airflow/airflow/airflow_env/lib/python3.12/site-packages/airflow/example_dags/example_branch_operator.py took 0.126 seconds
[2024-12-26T02:36:30.429+0200] {processor.py:186} INFO - Started process (PID=189978) to work on /mnt/e/Assignments/Airflow/airflow/airflow_env/lib/python3.12/site-packages/airflow/example_dags/example_branch_operator.py
[2024-12-26T02:36:30.432+0200] {processor.py:914} INFO - Processing file /mnt/e/Assignments/Airflow/airflow/airflow_env/lib/python3.12/site-packages/airflow/example_dags/example_branch_operator.py for tasks to queue
[2024-12-26T02:36:30.435+0200] {logging_mixin.py:190} INFO - [2024-12-26T02:36:30.434+0200] {dagbag.py:588} INFO - Filling up the DagBag from /mnt/e/Assignments/Airflow/airflow/airflow_env/lib/python3.12/site-packages/airflow/example_dags/example_branch_operator.py
[2024-12-26T02:36:30.516+0200] {processor.py:927} WARNING - No viable dags retrieved from /mnt/e/Assignments/Airflow/airflow/airflow_env/lib/python3.12/site-packages/airflow/example_dags/example_branch_operator.py
[2024-12-26T02:36:30.542+0200] {processor.py:208} INFO - Processing /mnt/e/Assignments/Airflow/airflow/airflow_env/lib/python3.12/site-packages/airflow/example_dags/example_branch_operator.py took 0.130 seconds
[2024-12-26T02:39:28.970+0200] {processor.py:186} INFO - Started process (PID=190088) to work on /mnt/e/Assignments/Airflow/airflow/airflow_env/lib/python3.12/site-packages/airflow/example_dags/example_branch_operator.py
[2024-12-26T02:39:28.975+0200] {processor.py:914} INFO - Processing file /mnt/e/Assignments/Airflow/airflow/airflow_env/lib/python3.12/site-packages/airflow/example_dags/example_branch_operator.py for tasks to queue
[2024-12-26T02:39:28.982+0200] {logging_mixin.py:190} INFO - [2024-12-26T02:39:28.979+0200] {dagbag.py:588} INFO - Filling up the DagBag from /mnt/e/Assignments/Airflow/airflow/airflow_env/lib/python3.12/site-packages/airflow/example_dags/example_branch_operator.py
[2024-12-26T02:39:29.177+0200] {processor.py:927} WARNING - No viable dags retrieved from /mnt/e/Assignments/Airflow/airflow/airflow_env/lib/python3.12/site-packages/airflow/example_dags/example_branch_operator.py
[2024-12-26T02:39:29.233+0200] {processor.py:208} INFO - Processing /mnt/e/Assignments/Airflow/airflow/airflow_env/lib/python3.12/site-packages/airflow/example_dags/example_branch_operator.py took 0.298 seconds
[2024-12-26T02:42:45.557+0200] {processor.py:186} INFO - Started process (PID=190199) to work on /mnt/e/Assignments/Airflow/airflow/airflow_env/lib/python3.12/site-packages/airflow/example_dags/example_branch_operator.py
[2024-12-26T02:42:45.559+0200] {processor.py:914} INFO - Processing file /mnt/e/Assignments/Airflow/airflow/airflow_env/lib/python3.12/site-packages/airflow/example_dags/example_branch_operator.py for tasks to queue
[2024-12-26T02:42:45.562+0200] {logging_mixin.py:190} INFO - [2024-12-26T02:42:45.561+0200] {dagbag.py:588} INFO - Filling up the DagBag from /mnt/e/Assignments/Airflow/airflow/airflow_env/lib/python3.12/site-packages/airflow/example_dags/example_branch_operator.py
[2024-12-26T02:42:45.614+0200] {processor.py:927} WARNING - No viable dags retrieved from /mnt/e/Assignments/Airflow/airflow/airflow_env/lib/python3.12/site-packages/airflow/example_dags/example_branch_operator.py
[2024-12-26T02:42:45.650+0200] {processor.py:208} INFO - Processing /mnt/e/Assignments/Airflow/airflow/airflow_env/lib/python3.12/site-packages/airflow/example_dags/example_branch_operator.py took 0.108 seconds
[2024-12-26T02:44:47.188+0200] {processor.py:186} INFO - Started process (PID=190280) to work on /mnt/e/Assignments/Airflow/airflow/airflow_env/lib/python3.12/site-packages/airflow/example_dags/example_branch_operator.py
[2024-12-26T02:44:47.191+0200] {processor.py:914} INFO - Processing file /mnt/e/Assignments/Airflow/airflow/airflow_env/lib/python3.12/site-packages/airflow/example_dags/example_branch_operator.py for tasks to queue
[2024-12-26T02:44:47.193+0200] {logging_mixin.py:190} INFO - [2024-12-26T02:44:47.192+0200] {dagbag.py:588} INFO - Filling up the DagBag from /mnt/e/Assignments/Airflow/airflow/airflow_env/lib/python3.12/site-packages/airflow/example_dags/example_branch_operator.py
[2024-12-26T02:44:47.241+0200] {processor.py:927} WARNING - No viable dags retrieved from /mnt/e/Assignments/Airflow/airflow/airflow_env/lib/python3.12/site-packages/airflow/example_dags/example_branch_operator.py
[2024-12-26T02:44:47.265+0200] {processor.py:208} INFO - Processing /mnt/e/Assignments/Airflow/airflow/airflow_env/lib/python3.12/site-packages/airflow/example_dags/example_branch_operator.py took 0.088 seconds
[2024-12-26T02:46:56.818+0200] {processor.py:186} INFO - Started process (PID=190384) to work on /mnt/e/Assignments/Airflow/airflow/airflow_env/lib/python3.12/site-packages/airflow/example_dags/example_branch_operator.py
[2024-12-26T02:46:56.821+0200] {processor.py:914} INFO - Processing file /mnt/e/Assignments/Airflow/airflow/airflow_env/lib/python3.12/site-packages/airflow/example_dags/example_branch_operator.py for tasks to queue
[2024-12-26T02:46:56.825+0200] {logging_mixin.py:190} INFO - [2024-12-26T02:46:56.822+0200] {dagbag.py:588} INFO - Filling up the DagBag from /mnt/e/Assignments/Airflow/airflow/airflow_env/lib/python3.12/site-packages/airflow/example_dags/example_branch_operator.py
[2024-12-26T02:46:56.940+0200] {processor.py:927} WARNING - No viable dags retrieved from /mnt/e/Assignments/Airflow/airflow/airflow_env/lib/python3.12/site-packages/airflow/example_dags/example_branch_operator.py
[2024-12-26T02:46:56.974+0200] {processor.py:208} INFO - Processing /mnt/e/Assignments/Airflow/airflow/airflow_env/lib/python3.12/site-packages/airflow/example_dags/example_branch_operator.py took 0.175 seconds
[2024-12-26T02:49:00.247+0200] {processor.py:186} INFO - Started process (PID=190465) to work on /mnt/e/Assignments/Airflow/airflow/airflow_env/lib/python3.12/site-packages/airflow/example_dags/example_branch_operator.py
[2024-12-26T02:49:00.252+0200] {processor.py:914} INFO - Processing file /mnt/e/Assignments/Airflow/airflow/airflow_env/lib/python3.12/site-packages/airflow/example_dags/example_branch_operator.py for tasks to queue
[2024-12-26T02:49:00.260+0200] {logging_mixin.py:190} INFO - [2024-12-26T02:49:00.257+0200] {dagbag.py:588} INFO - Filling up the DagBag from /mnt/e/Assignments/Airflow/airflow/airflow_env/lib/python3.12/site-packages/airflow/example_dags/example_branch_operator.py
[2024-12-26T02:49:00.405+0200] {processor.py:927} WARNING - No viable dags retrieved from /mnt/e/Assignments/Airflow/airflow/airflow_env/lib/python3.12/site-packages/airflow/example_dags/example_branch_operator.py
[2024-12-26T02:49:00.435+0200] {processor.py:208} INFO - Processing /mnt/e/Assignments/Airflow/airflow/airflow_env/lib/python3.12/site-packages/airflow/example_dags/example_branch_operator.py took 0.218 seconds
[2024-12-26T02:51:09.591+0200] {processor.py:186} INFO - Started process (PID=190575) to work on /mnt/e/Assignments/Airflow/airflow/airflow_env/lib/python3.12/site-packages/airflow/example_dags/example_branch_operator.py
[2024-12-26T02:51:09.597+0200] {processor.py:914} INFO - Processing file /mnt/e/Assignments/Airflow/airflow/airflow_env/lib/python3.12/site-packages/airflow/example_dags/example_branch_operator.py for tasks to queue
[2024-12-26T02:51:09.604+0200] {logging_mixin.py:190} INFO - [2024-12-26T02:51:09.601+0200] {dagbag.py:588} INFO - Filling up the DagBag from /mnt/e/Assignments/Airflow/airflow/airflow_env/lib/python3.12/site-packages/airflow/example_dags/example_branch_operator.py
[2024-12-26T02:51:09.767+0200] {processor.py:927} WARNING - No viable dags retrieved from /mnt/e/Assignments/Airflow/airflow/airflow_env/lib/python3.12/site-packages/airflow/example_dags/example_branch_operator.py
[2024-12-26T02:51:09.800+0200] {processor.py:208} INFO - Processing /mnt/e/Assignments/Airflow/airflow/airflow_env/lib/python3.12/site-packages/airflow/example_dags/example_branch_operator.py took 0.236 seconds
[2024-12-26T02:53:29.962+0200] {processor.py:186} INFO - Started process (PID=190673) to work on /mnt/e/Assignments/Airflow/airflow/airflow_env/lib/python3.12/site-packages/airflow/example_dags/example_branch_operator.py
[2024-12-26T02:53:29.964+0200] {processor.py:914} INFO - Processing file /mnt/e/Assignments/Airflow/airflow/airflow_env/lib/python3.12/site-packages/airflow/example_dags/example_branch_operator.py for tasks to queue
[2024-12-26T02:53:29.968+0200] {logging_mixin.py:190} INFO - [2024-12-26T02:53:29.966+0200] {dagbag.py:588} INFO - Filling up the DagBag from /mnt/e/Assignments/Airflow/airflow/airflow_env/lib/python3.12/site-packages/airflow/example_dags/example_branch_operator.py
[2024-12-26T02:53:30.034+0200] {processor.py:927} WARNING - No viable dags retrieved from /mnt/e/Assignments/Airflow/airflow/airflow_env/lib/python3.12/site-packages/airflow/example_dags/example_branch_operator.py
[2024-12-26T02:53:30.056+0200] {processor.py:208} INFO - Processing /mnt/e/Assignments/Airflow/airflow/airflow_env/lib/python3.12/site-packages/airflow/example_dags/example_branch_operator.py took 0.109 seconds
[2024-12-26T02:55:39.282+0200] {processor.py:186} INFO - Started process (PID=190771) to work on /mnt/e/Assignments/Airflow/airflow/airflow_env/lib/python3.12/site-packages/airflow/example_dags/example_branch_operator.py
[2024-12-26T02:55:39.284+0200] {processor.py:914} INFO - Processing file /mnt/e/Assignments/Airflow/airflow/airflow_env/lib/python3.12/site-packages/airflow/example_dags/example_branch_operator.py for tasks to queue
[2024-12-26T02:55:39.286+0200] {logging_mixin.py:190} INFO - [2024-12-26T02:55:39.285+0200] {dagbag.py:588} INFO - Filling up the DagBag from /mnt/e/Assignments/Airflow/airflow/airflow_env/lib/python3.12/site-packages/airflow/example_dags/example_branch_operator.py
[2024-12-26T02:55:39.338+0200] {processor.py:927} WARNING - No viable dags retrieved from /mnt/e/Assignments/Airflow/airflow/airflow_env/lib/python3.12/site-packages/airflow/example_dags/example_branch_operator.py
[2024-12-26T02:55:39.380+0200] {processor.py:208} INFO - Processing /mnt/e/Assignments/Airflow/airflow/airflow_env/lib/python3.12/site-packages/airflow/example_dags/example_branch_operator.py took 0.111 seconds
[2024-12-26T02:57:47.634+0200] {processor.py:186} INFO - Started process (PID=190858) to work on /mnt/e/Assignments/Airflow/airflow/airflow_env/lib/python3.12/site-packages/airflow/example_dags/example_branch_operator.py
[2024-12-26T02:57:47.637+0200] {processor.py:914} INFO - Processing file /mnt/e/Assignments/Airflow/airflow/airflow_env/lib/python3.12/site-packages/airflow/example_dags/example_branch_operator.py for tasks to queue
[2024-12-26T02:57:47.642+0200] {logging_mixin.py:190} INFO - [2024-12-26T02:57:47.640+0200] {dagbag.py:588} INFO - Filling up the DagBag from /mnt/e/Assignments/Airflow/airflow/airflow_env/lib/python3.12/site-packages/airflow/example_dags/example_branch_operator.py
[2024-12-26T02:57:47.738+0200] {processor.py:927} WARNING - No viable dags retrieved from /mnt/e/Assignments/Airflow/airflow/airflow_env/lib/python3.12/site-packages/airflow/example_dags/example_branch_operator.py
[2024-12-26T02:57:47.760+0200] {processor.py:208} INFO - Processing /mnt/e/Assignments/Airflow/airflow/airflow_env/lib/python3.12/site-packages/airflow/example_dags/example_branch_operator.py took 0.152 seconds
[2024-12-26T03:02:14.903+0200] {processor.py:186} INFO - Started process (PID=191016) to work on /mnt/e/Assignments/Airflow/airflow/airflow_env/lib/python3.12/site-packages/airflow/example_dags/example_branch_operator.py
[2024-12-26T03:02:14.907+0200] {processor.py:914} INFO - Processing file /mnt/e/Assignments/Airflow/airflow/airflow_env/lib/python3.12/site-packages/airflow/example_dags/example_branch_operator.py for tasks to queue
[2024-12-26T03:02:14.911+0200] {logging_mixin.py:190} INFO - [2024-12-26T03:02:14.910+0200] {dagbag.py:588} INFO - Filling up the DagBag from /mnt/e/Assignments/Airflow/airflow/airflow_env/lib/python3.12/site-packages/airflow/example_dags/example_branch_operator.py
[2024-12-26T03:02:15.006+0200] {processor.py:927} WARNING - No viable dags retrieved from /mnt/e/Assignments/Airflow/airflow/airflow_env/lib/python3.12/site-packages/airflow/example_dags/example_branch_operator.py
[2024-12-26T03:02:15.038+0200] {processor.py:208} INFO - Processing /mnt/e/Assignments/Airflow/airflow/airflow_env/lib/python3.12/site-packages/airflow/example_dags/example_branch_operator.py took 0.153 seconds
[2024-12-26T03:04:33.164+0200] {processor.py:186} INFO - Started process (PID=191113) to work on /mnt/e/Assignments/Airflow/airflow/airflow_env/lib/python3.12/site-packages/airflow/example_dags/example_branch_operator.py
[2024-12-26T03:04:33.166+0200] {processor.py:914} INFO - Processing file /mnt/e/Assignments/Airflow/airflow/airflow_env/lib/python3.12/site-packages/airflow/example_dags/example_branch_operator.py for tasks to queue
[2024-12-26T03:04:33.174+0200] {logging_mixin.py:190} INFO - [2024-12-26T03:04:33.172+0200] {dagbag.py:588} INFO - Filling up the DagBag from /mnt/e/Assignments/Airflow/airflow/airflow_env/lib/python3.12/site-packages/airflow/example_dags/example_branch_operator.py
[2024-12-26T03:04:33.259+0200] {processor.py:927} WARNING - No viable dags retrieved from /mnt/e/Assignments/Airflow/airflow/airflow_env/lib/python3.12/site-packages/airflow/example_dags/example_branch_operator.py
[2024-12-26T03:04:33.283+0200] {processor.py:208} INFO - Processing /mnt/e/Assignments/Airflow/airflow/airflow_env/lib/python3.12/site-packages/airflow/example_dags/example_branch_operator.py took 0.163 seconds
[2024-12-26T03:07:44.669+0200] {processor.py:186} INFO - Started process (PID=191216) to work on /mnt/e/Assignments/Airflow/airflow/airflow_env/lib/python3.12/site-packages/airflow/example_dags/example_branch_operator.py
[2024-12-26T03:07:44.673+0200] {processor.py:914} INFO - Processing file /mnt/e/Assignments/Airflow/airflow/airflow_env/lib/python3.12/site-packages/airflow/example_dags/example_branch_operator.py for tasks to queue
[2024-12-26T03:07:44.679+0200] {logging_mixin.py:190} INFO - [2024-12-26T03:07:44.676+0200] {dagbag.py:588} INFO - Filling up the DagBag from /mnt/e/Assignments/Airflow/airflow/airflow_env/lib/python3.12/site-packages/airflow/example_dags/example_branch_operator.py
[2024-12-26T03:07:44.740+0200] {processor.py:927} WARNING - No viable dags retrieved from /mnt/e/Assignments/Airflow/airflow/airflow_env/lib/python3.12/site-packages/airflow/example_dags/example_branch_operator.py
[2024-12-26T03:07:44.763+0200] {processor.py:208} INFO - Processing /mnt/e/Assignments/Airflow/airflow/airflow_env/lib/python3.12/site-packages/airflow/example_dags/example_branch_operator.py took 0.110 seconds
[2024-12-26T03:10:04.077+0200] {processor.py:186} INFO - Started process (PID=191306) to work on /mnt/e/Assignments/Airflow/airflow/airflow_env/lib/python3.12/site-packages/airflow/example_dags/example_branch_operator.py
[2024-12-26T03:10:04.080+0200] {processor.py:914} INFO - Processing file /mnt/e/Assignments/Airflow/airflow/airflow_env/lib/python3.12/site-packages/airflow/example_dags/example_branch_operator.py for tasks to queue
[2024-12-26T03:10:04.086+0200] {logging_mixin.py:190} INFO - [2024-12-26T03:10:04.084+0200] {dagbag.py:588} INFO - Filling up the DagBag from /mnt/e/Assignments/Airflow/airflow/airflow_env/lib/python3.12/site-packages/airflow/example_dags/example_branch_operator.py
[2024-12-26T03:10:04.195+0200] {processor.py:927} WARNING - No viable dags retrieved from /mnt/e/Assignments/Airflow/airflow/airflow_env/lib/python3.12/site-packages/airflow/example_dags/example_branch_operator.py
[2024-12-26T03:10:04.231+0200] {processor.py:208} INFO - Processing /mnt/e/Assignments/Airflow/airflow/airflow_env/lib/python3.12/site-packages/airflow/example_dags/example_branch_operator.py took 0.174 seconds
[2024-12-26T03:12:15.144+0200] {processor.py:186} INFO - Started process (PID=191389) to work on /mnt/e/Assignments/Airflow/airflow/airflow_env/lib/python3.12/site-packages/airflow/example_dags/example_branch_operator.py
[2024-12-26T03:12:15.149+0200] {processor.py:914} INFO - Processing file /mnt/e/Assignments/Airflow/airflow/airflow_env/lib/python3.12/site-packages/airflow/example_dags/example_branch_operator.py for tasks to queue
[2024-12-26T03:12:15.157+0200] {logging_mixin.py:190} INFO - [2024-12-26T03:12:15.154+0200] {dagbag.py:588} INFO - Filling up the DagBag from /mnt/e/Assignments/Airflow/airflow/airflow_env/lib/python3.12/site-packages/airflow/example_dags/example_branch_operator.py
[2024-12-26T03:12:15.249+0200] {processor.py:927} WARNING - No viable dags retrieved from /mnt/e/Assignments/Airflow/airflow/airflow_env/lib/python3.12/site-packages/airflow/example_dags/example_branch_operator.py
[2024-12-26T03:12:15.270+0200] {processor.py:208} INFO - Processing /mnt/e/Assignments/Airflow/airflow/airflow_env/lib/python3.12/site-packages/airflow/example_dags/example_branch_operator.py took 0.148 seconds
[2024-12-26T03:14:18.172+0200] {processor.py:186} INFO - Started process (PID=191469) to work on /mnt/e/Assignments/Airflow/airflow/airflow_env/lib/python3.12/site-packages/airflow/example_dags/example_branch_operator.py
[2024-12-26T03:14:18.175+0200] {processor.py:914} INFO - Processing file /mnt/e/Assignments/Airflow/airflow/airflow_env/lib/python3.12/site-packages/airflow/example_dags/example_branch_operator.py for tasks to queue
[2024-12-26T03:14:18.180+0200] {logging_mixin.py:190} INFO - [2024-12-26T03:14:18.178+0200] {dagbag.py:588} INFO - Filling up the DagBag from /mnt/e/Assignments/Airflow/airflow/airflow_env/lib/python3.12/site-packages/airflow/example_dags/example_branch_operator.py
[2024-12-26T03:14:18.272+0200] {processor.py:927} WARNING - No viable dags retrieved from /mnt/e/Assignments/Airflow/airflow/airflow_env/lib/python3.12/site-packages/airflow/example_dags/example_branch_operator.py
[2024-12-26T03:14:18.301+0200] {processor.py:208} INFO - Processing /mnt/e/Assignments/Airflow/airflow/airflow_env/lib/python3.12/site-packages/airflow/example_dags/example_branch_operator.py took 0.149 seconds
[2024-12-26T03:16:27.321+0200] {processor.py:186} INFO - Started process (PID=191546) to work on /mnt/e/Assignments/Airflow/airflow/airflow_env/lib/python3.12/site-packages/airflow/example_dags/example_branch_operator.py
[2024-12-26T03:16:27.325+0200] {processor.py:914} INFO - Processing file /mnt/e/Assignments/Airflow/airflow/airflow_env/lib/python3.12/site-packages/airflow/example_dags/example_branch_operator.py for tasks to queue
[2024-12-26T03:16:27.332+0200] {logging_mixin.py:190} INFO - [2024-12-26T03:16:27.330+0200] {dagbag.py:588} INFO - Filling up the DagBag from /mnt/e/Assignments/Airflow/airflow/airflow_env/lib/python3.12/site-packages/airflow/example_dags/example_branch_operator.py
[2024-12-26T03:16:27.412+0200] {processor.py:927} WARNING - No viable dags retrieved from /mnt/e/Assignments/Airflow/airflow/airflow_env/lib/python3.12/site-packages/airflow/example_dags/example_branch_operator.py
[2024-12-26T03:16:27.444+0200] {processor.py:208} INFO - Processing /mnt/e/Assignments/Airflow/airflow/airflow_env/lib/python3.12/site-packages/airflow/example_dags/example_branch_operator.py took 0.147 seconds
[2024-12-26T03:18:48.032+0200] {processor.py:186} INFO - Started process (PID=191637) to work on /mnt/e/Assignments/Airflow/airflow/airflow_env/lib/python3.12/site-packages/airflow/example_dags/example_branch_operator.py
[2024-12-26T03:18:48.034+0200] {processor.py:914} INFO - Processing file /mnt/e/Assignments/Airflow/airflow/airflow_env/lib/python3.12/site-packages/airflow/example_dags/example_branch_operator.py for tasks to queue
[2024-12-26T03:18:48.037+0200] {logging_mixin.py:190} INFO - [2024-12-26T03:18:48.036+0200] {dagbag.py:588} INFO - Filling up the DagBag from /mnt/e/Assignments/Airflow/airflow/airflow_env/lib/python3.12/site-packages/airflow/example_dags/example_branch_operator.py
[2024-12-26T03:18:48.074+0200] {processor.py:927} WARNING - No viable dags retrieved from /mnt/e/Assignments/Airflow/airflow/airflow_env/lib/python3.12/site-packages/airflow/example_dags/example_branch_operator.py
[2024-12-26T03:18:48.087+0200] {processor.py:208} INFO - Processing /mnt/e/Assignments/Airflow/airflow/airflow_env/lib/python3.12/site-packages/airflow/example_dags/example_branch_operator.py took 0.064 seconds
[2024-12-26T03:20:58.667+0200] {processor.py:186} INFO - Started process (PID=191738) to work on /mnt/e/Assignments/Airflow/airflow/airflow_env/lib/python3.12/site-packages/airflow/example_dags/example_branch_operator.py
[2024-12-26T03:20:58.668+0200] {processor.py:914} INFO - Processing file /mnt/e/Assignments/Airflow/airflow/airflow_env/lib/python3.12/site-packages/airflow/example_dags/example_branch_operator.py for tasks to queue
[2024-12-26T03:20:58.671+0200] {logging_mixin.py:190} INFO - [2024-12-26T03:20:58.670+0200] {dagbag.py:588} INFO - Filling up the DagBag from /mnt/e/Assignments/Airflow/airflow/airflow_env/lib/python3.12/site-packages/airflow/example_dags/example_branch_operator.py
[2024-12-26T03:20:58.710+0200] {processor.py:927} WARNING - No viable dags retrieved from /mnt/e/Assignments/Airflow/airflow/airflow_env/lib/python3.12/site-packages/airflow/example_dags/example_branch_operator.py
[2024-12-26T03:20:58.724+0200] {processor.py:208} INFO - Processing /mnt/e/Assignments/Airflow/airflow/airflow_env/lib/python3.12/site-packages/airflow/example_dags/example_branch_operator.py took 0.066 seconds
[2024-12-26T03:23:01.193+0200] {processor.py:186} INFO - Started process (PID=191836) to work on /mnt/e/Assignments/Airflow/airflow/airflow_env/lib/python3.12/site-packages/airflow/example_dags/example_branch_operator.py
[2024-12-26T03:23:01.195+0200] {processor.py:914} INFO - Processing file /mnt/e/Assignments/Airflow/airflow/airflow_env/lib/python3.12/site-packages/airflow/example_dags/example_branch_operator.py for tasks to queue
[2024-12-26T03:23:01.199+0200] {logging_mixin.py:190} INFO - [2024-12-26T03:23:01.198+0200] {dagbag.py:588} INFO - Filling up the DagBag from /mnt/e/Assignments/Airflow/airflow/airflow_env/lib/python3.12/site-packages/airflow/example_dags/example_branch_operator.py
[2024-12-26T03:23:01.282+0200] {processor.py:927} WARNING - No viable dags retrieved from /mnt/e/Assignments/Airflow/airflow/airflow_env/lib/python3.12/site-packages/airflow/example_dags/example_branch_operator.py
[2024-12-26T03:23:01.323+0200] {processor.py:208} INFO - Processing /mnt/e/Assignments/Airflow/airflow/airflow_env/lib/python3.12/site-packages/airflow/example_dags/example_branch_operator.py took 0.145 seconds
[2024-12-26T03:25:14.782+0200] {processor.py:186} INFO - Started process (PID=191936) to work on /mnt/e/Assignments/Airflow/airflow/airflow_env/lib/python3.12/site-packages/airflow/example_dags/example_branch_operator.py
[2024-12-26T03:25:14.785+0200] {processor.py:914} INFO - Processing file /mnt/e/Assignments/Airflow/airflow/airflow_env/lib/python3.12/site-packages/airflow/example_dags/example_branch_operator.py for tasks to queue
[2024-12-26T03:25:14.788+0200] {logging_mixin.py:190} INFO - [2024-12-26T03:25:14.787+0200] {dagbag.py:588} INFO - Filling up the DagBag from /mnt/e/Assignments/Airflow/airflow/airflow_env/lib/python3.12/site-packages/airflow/example_dags/example_branch_operator.py
[2024-12-26T03:25:14.855+0200] {processor.py:927} WARNING - No viable dags retrieved from /mnt/e/Assignments/Airflow/airflow/airflow_env/lib/python3.12/site-packages/airflow/example_dags/example_branch_operator.py
[2024-12-26T03:25:14.876+0200] {processor.py:208} INFO - Processing /mnt/e/Assignments/Airflow/airflow/airflow_env/lib/python3.12/site-packages/airflow/example_dags/example_branch_operator.py took 0.108 seconds
[2024-12-26T03:27:24.863+0200] {processor.py:186} INFO - Started process (PID=192031) to work on /mnt/e/Assignments/Airflow/airflow/airflow_env/lib/python3.12/site-packages/airflow/example_dags/example_branch_operator.py
[2024-12-26T03:27:24.870+0200] {processor.py:914} INFO - Processing file /mnt/e/Assignments/Airflow/airflow/airflow_env/lib/python3.12/site-packages/airflow/example_dags/example_branch_operator.py for tasks to queue
[2024-12-26T03:27:24.877+0200] {logging_mixin.py:190} INFO - [2024-12-26T03:27:24.875+0200] {dagbag.py:588} INFO - Filling up the DagBag from /mnt/e/Assignments/Airflow/airflow/airflow_env/lib/python3.12/site-packages/airflow/example_dags/example_branch_operator.py
[2024-12-26T03:27:25.021+0200] {processor.py:927} WARNING - No viable dags retrieved from /mnt/e/Assignments/Airflow/airflow/airflow_env/lib/python3.12/site-packages/airflow/example_dags/example_branch_operator.py
[2024-12-26T03:27:25.035+0200] {processor.py:208} INFO - Processing /mnt/e/Assignments/Airflow/airflow/airflow_env/lib/python3.12/site-packages/airflow/example_dags/example_branch_operator.py took 0.212 seconds
[2024-12-26T03:29:24.935+0200] {processor.py:186} INFO - Started process (PID=192115) to work on /mnt/e/Assignments/Airflow/airflow/airflow_env/lib/python3.12/site-packages/airflow/example_dags/example_branch_operator.py
[2024-12-26T03:29:24.937+0200] {processor.py:914} INFO - Processing file /mnt/e/Assignments/Airflow/airflow/airflow_env/lib/python3.12/site-packages/airflow/example_dags/example_branch_operator.py for tasks to queue
[2024-12-26T03:29:24.941+0200] {logging_mixin.py:190} INFO - [2024-12-26T03:29:24.940+0200] {dagbag.py:588} INFO - Filling up the DagBag from /mnt/e/Assignments/Airflow/airflow/airflow_env/lib/python3.12/site-packages/airflow/example_dags/example_branch_operator.py
[2024-12-26T03:29:25.003+0200] {processor.py:927} WARNING - No viable dags retrieved from /mnt/e/Assignments/Airflow/airflow/airflow_env/lib/python3.12/site-packages/airflow/example_dags/example_branch_operator.py
[2024-12-26T03:29:25.022+0200] {processor.py:208} INFO - Processing /mnt/e/Assignments/Airflow/airflow/airflow_env/lib/python3.12/site-packages/airflow/example_dags/example_branch_operator.py took 0.099 seconds
[2024-12-26T03:31:34.865+0200] {processor.py:186} INFO - Started process (PID=192205) to work on /mnt/e/Assignments/Airflow/airflow/airflow_env/lib/python3.12/site-packages/airflow/example_dags/example_branch_operator.py
[2024-12-26T03:31:34.867+0200] {processor.py:914} INFO - Processing file /mnt/e/Assignments/Airflow/airflow/airflow_env/lib/python3.12/site-packages/airflow/example_dags/example_branch_operator.py for tasks to queue
[2024-12-26T03:31:34.869+0200] {logging_mixin.py:190} INFO - [2024-12-26T03:31:34.868+0200] {dagbag.py:588} INFO - Filling up the DagBag from /mnt/e/Assignments/Airflow/airflow/airflow_env/lib/python3.12/site-packages/airflow/example_dags/example_branch_operator.py
[2024-12-26T03:31:34.907+0200] {processor.py:927} WARNING - No viable dags retrieved from /mnt/e/Assignments/Airflow/airflow/airflow_env/lib/python3.12/site-packages/airflow/example_dags/example_branch_operator.py
[2024-12-26T03:31:34.921+0200] {processor.py:208} INFO - Processing /mnt/e/Assignments/Airflow/airflow/airflow_env/lib/python3.12/site-packages/airflow/example_dags/example_branch_operator.py took 0.067 seconds
[2024-12-26T03:33:44.830+0200] {processor.py:186} INFO - Started process (PID=192311) to work on /mnt/e/Assignments/Airflow/airflow/airflow_env/lib/python3.12/site-packages/airflow/example_dags/example_branch_operator.py
[2024-12-26T03:33:44.833+0200] {processor.py:914} INFO - Processing file /mnt/e/Assignments/Airflow/airflow/airflow_env/lib/python3.12/site-packages/airflow/example_dags/example_branch_operator.py for tasks to queue
[2024-12-26T03:33:44.839+0200] {logging_mixin.py:190} INFO - [2024-12-26T03:33:44.837+0200] {dagbag.py:588} INFO - Filling up the DagBag from /mnt/e/Assignments/Airflow/airflow/airflow_env/lib/python3.12/site-packages/airflow/example_dags/example_branch_operator.py
[2024-12-26T03:33:44.899+0200] {processor.py:927} WARNING - No viable dags retrieved from /mnt/e/Assignments/Airflow/airflow/airflow_env/lib/python3.12/site-packages/airflow/example_dags/example_branch_operator.py
[2024-12-26T03:33:44.916+0200] {processor.py:208} INFO - Processing /mnt/e/Assignments/Airflow/airflow/airflow_env/lib/python3.12/site-packages/airflow/example_dags/example_branch_operator.py took 0.107 seconds
[2024-12-26T03:36:47.306+0200] {processor.py:186} INFO - Started process (PID=192434) to work on /mnt/e/Assignments/Airflow/airflow/airflow_env/lib/python3.12/site-packages/airflow/example_dags/example_branch_operator.py
[2024-12-26T03:36:47.310+0200] {processor.py:914} INFO - Processing file /mnt/e/Assignments/Airflow/airflow/airflow_env/lib/python3.12/site-packages/airflow/example_dags/example_branch_operator.py for tasks to queue
[2024-12-26T03:36:47.320+0200] {logging_mixin.py:190} INFO - [2024-12-26T03:36:47.316+0200] {dagbag.py:588} INFO - Filling up the DagBag from /mnt/e/Assignments/Airflow/airflow/airflow_env/lib/python3.12/site-packages/airflow/example_dags/example_branch_operator.py
[2024-12-26T03:36:47.426+0200] {processor.py:927} WARNING - No viable dags retrieved from /mnt/e/Assignments/Airflow/airflow/airflow_env/lib/python3.12/site-packages/airflow/example_dags/example_branch_operator.py
[2024-12-26T03:36:47.448+0200] {processor.py:208} INFO - Processing /mnt/e/Assignments/Airflow/airflow/airflow_env/lib/python3.12/site-packages/airflow/example_dags/example_branch_operator.py took 0.167 seconds
[2024-12-26T03:39:57.245+0200] {processor.py:186} INFO - Started process (PID=192545) to work on /mnt/e/Assignments/Airflow/airflow/airflow_env/lib/python3.12/site-packages/airflow/example_dags/example_branch_operator.py
[2024-12-26T03:39:57.247+0200] {processor.py:914} INFO - Processing file /mnt/e/Assignments/Airflow/airflow/airflow_env/lib/python3.12/site-packages/airflow/example_dags/example_branch_operator.py for tasks to queue
[2024-12-26T03:39:57.249+0200] {logging_mixin.py:190} INFO - [2024-12-26T03:39:57.249+0200] {dagbag.py:588} INFO - Filling up the DagBag from /mnt/e/Assignments/Airflow/airflow/airflow_env/lib/python3.12/site-packages/airflow/example_dags/example_branch_operator.py
[2024-12-26T03:39:57.289+0200] {processor.py:927} WARNING - No viable dags retrieved from /mnt/e/Assignments/Airflow/airflow/airflow_env/lib/python3.12/site-packages/airflow/example_dags/example_branch_operator.py
[2024-12-26T03:39:57.308+0200] {processor.py:208} INFO - Processing /mnt/e/Assignments/Airflow/airflow/airflow_env/lib/python3.12/site-packages/airflow/example_dags/example_branch_operator.py took 0.073 seconds
[2024-12-26T03:41:58.016+0200] {processor.py:186} INFO - Started process (PID=192627) to work on /mnt/e/Assignments/Airflow/airflow/airflow_env/lib/python3.12/site-packages/airflow/example_dags/example_branch_operator.py
[2024-12-26T03:41:58.018+0200] {processor.py:914} INFO - Processing file /mnt/e/Assignments/Airflow/airflow/airflow_env/lib/python3.12/site-packages/airflow/example_dags/example_branch_operator.py for tasks to queue
[2024-12-26T03:41:58.022+0200] {logging_mixin.py:190} INFO - [2024-12-26T03:41:58.021+0200] {dagbag.py:588} INFO - Filling up the DagBag from /mnt/e/Assignments/Airflow/airflow/airflow_env/lib/python3.12/site-packages/airflow/example_dags/example_branch_operator.py
[2024-12-26T03:41:58.087+0200] {processor.py:927} WARNING - No viable dags retrieved from /mnt/e/Assignments/Airflow/airflow/airflow_env/lib/python3.12/site-packages/airflow/example_dags/example_branch_operator.py
[2024-12-26T03:41:58.105+0200] {processor.py:208} INFO - Processing /mnt/e/Assignments/Airflow/airflow/airflow_env/lib/python3.12/site-packages/airflow/example_dags/example_branch_operator.py took 0.100 seconds
[2024-12-26T03:43:54.737+0200] {processor.py:186} INFO - Started process (PID=192705) to work on /mnt/e/Assignments/Airflow/airflow/airflow_env/lib/python3.12/site-packages/airflow/example_dags/example_branch_operator.py
[2024-12-26T03:43:54.739+0200] {processor.py:914} INFO - Processing file /mnt/e/Assignments/Airflow/airflow/airflow_env/lib/python3.12/site-packages/airflow/example_dags/example_branch_operator.py for tasks to queue
[2024-12-26T03:43:54.742+0200] {logging_mixin.py:190} INFO - [2024-12-26T03:43:54.741+0200] {dagbag.py:588} INFO - Filling up the DagBag from /mnt/e/Assignments/Airflow/airflow/airflow_env/lib/python3.12/site-packages/airflow/example_dags/example_branch_operator.py
[2024-12-26T03:43:54.794+0200] {processor.py:927} WARNING - No viable dags retrieved from /mnt/e/Assignments/Airflow/airflow/airflow_env/lib/python3.12/site-packages/airflow/example_dags/example_branch_operator.py
[2024-12-26T03:43:54.812+0200] {processor.py:208} INFO - Processing /mnt/e/Assignments/Airflow/airflow/airflow_env/lib/python3.12/site-packages/airflow/example_dags/example_branch_operator.py took 0.085 seconds
[2024-12-26T03:45:51.586+0200] {processor.py:186} INFO - Started process (PID=192782) to work on /mnt/e/Assignments/Airflow/airflow/airflow_env/lib/python3.12/site-packages/airflow/example_dags/example_branch_operator.py
[2024-12-26T03:45:51.588+0200] {processor.py:914} INFO - Processing file /mnt/e/Assignments/Airflow/airflow/airflow_env/lib/python3.12/site-packages/airflow/example_dags/example_branch_operator.py for tasks to queue
[2024-12-26T03:45:51.591+0200] {logging_mixin.py:190} INFO - [2024-12-26T03:45:51.590+0200] {dagbag.py:588} INFO - Filling up the DagBag from /mnt/e/Assignments/Airflow/airflow/airflow_env/lib/python3.12/site-packages/airflow/example_dags/example_branch_operator.py
[2024-12-26T03:45:51.629+0200] {processor.py:927} WARNING - No viable dags retrieved from /mnt/e/Assignments/Airflow/airflow/airflow_env/lib/python3.12/site-packages/airflow/example_dags/example_branch_operator.py
[2024-12-26T03:45:51.643+0200] {processor.py:208} INFO - Processing /mnt/e/Assignments/Airflow/airflow/airflow_env/lib/python3.12/site-packages/airflow/example_dags/example_branch_operator.py took 0.066 seconds
[2024-12-26T03:47:59.982+0200] {processor.py:186} INFO - Started process (PID=192869) to work on /mnt/e/Assignments/Airflow/airflow/airflow_env/lib/python3.12/site-packages/airflow/example_dags/example_branch_operator.py
[2024-12-26T03:47:59.984+0200] {processor.py:914} INFO - Processing file /mnt/e/Assignments/Airflow/airflow/airflow_env/lib/python3.12/site-packages/airflow/example_dags/example_branch_operator.py for tasks to queue
[2024-12-26T03:47:59.987+0200] {logging_mixin.py:190} INFO - [2024-12-26T03:47:59.986+0200] {dagbag.py:588} INFO - Filling up the DagBag from /mnt/e/Assignments/Airflow/airflow/airflow_env/lib/python3.12/site-packages/airflow/example_dags/example_branch_operator.py
[2024-12-26T03:48:00.027+0200] {processor.py:927} WARNING - No viable dags retrieved from /mnt/e/Assignments/Airflow/airflow/airflow_env/lib/python3.12/site-packages/airflow/example_dags/example_branch_operator.py
[2024-12-26T03:48:00.042+0200] {processor.py:208} INFO - Processing /mnt/e/Assignments/Airflow/airflow/airflow_env/lib/python3.12/site-packages/airflow/example_dags/example_branch_operator.py took 0.068 seconds
[2024-12-26T03:50:03.016+0200] {processor.py:186} INFO - Started process (PID=192949) to work on /mnt/e/Assignments/Airflow/airflow/airflow_env/lib/python3.12/site-packages/airflow/example_dags/example_branch_operator.py
[2024-12-26T03:50:03.019+0200] {processor.py:914} INFO - Processing file /mnt/e/Assignments/Airflow/airflow/airflow_env/lib/python3.12/site-packages/airflow/example_dags/example_branch_operator.py for tasks to queue
[2024-12-26T03:50:03.022+0200] {logging_mixin.py:190} INFO - [2024-12-26T03:50:03.021+0200] {dagbag.py:588} INFO - Filling up the DagBag from /mnt/e/Assignments/Airflow/airflow/airflow_env/lib/python3.12/site-packages/airflow/example_dags/example_branch_operator.py
[2024-12-26T03:50:03.074+0200] {processor.py:927} WARNING - No viable dags retrieved from /mnt/e/Assignments/Airflow/airflow/airflow_env/lib/python3.12/site-packages/airflow/example_dags/example_branch_operator.py
[2024-12-26T03:50:03.091+0200] {processor.py:208} INFO - Processing /mnt/e/Assignments/Airflow/airflow/airflow_env/lib/python3.12/site-packages/airflow/example_dags/example_branch_operator.py took 0.089 seconds
[2024-12-26T03:52:10.724+0200] {processor.py:186} INFO - Started process (PID=193030) to work on /mnt/e/Assignments/Airflow/airflow/airflow_env/lib/python3.12/site-packages/airflow/example_dags/example_branch_operator.py
[2024-12-26T03:52:10.728+0200] {processor.py:914} INFO - Processing file /mnt/e/Assignments/Airflow/airflow/airflow_env/lib/python3.12/site-packages/airflow/example_dags/example_branch_operator.py for tasks to queue
[2024-12-26T03:52:10.733+0200] {logging_mixin.py:190} INFO - [2024-12-26T03:52:10.732+0200] {dagbag.py:588} INFO - Filling up the DagBag from /mnt/e/Assignments/Airflow/airflow/airflow_env/lib/python3.12/site-packages/airflow/example_dags/example_branch_operator.py
[2024-12-26T03:52:10.805+0200] {processor.py:927} WARNING - No viable dags retrieved from /mnt/e/Assignments/Airflow/airflow/airflow_env/lib/python3.12/site-packages/airflow/example_dags/example_branch_operator.py
[2024-12-26T03:52:10.822+0200] {processor.py:208} INFO - Processing /mnt/e/Assignments/Airflow/airflow/airflow_env/lib/python3.12/site-packages/airflow/example_dags/example_branch_operator.py took 0.119 seconds
[2024-12-26T03:54:21.433+0200] {processor.py:186} INFO - Started process (PID=193112) to work on /mnt/e/Assignments/Airflow/airflow/airflow_env/lib/python3.12/site-packages/airflow/example_dags/example_branch_operator.py
[2024-12-26T03:54:21.438+0200] {processor.py:914} INFO - Processing file /mnt/e/Assignments/Airflow/airflow/airflow_env/lib/python3.12/site-packages/airflow/example_dags/example_branch_operator.py for tasks to queue
[2024-12-26T03:54:21.444+0200] {logging_mixin.py:190} INFO - [2024-12-26T03:54:21.441+0200] {dagbag.py:588} INFO - Filling up the DagBag from /mnt/e/Assignments/Airflow/airflow/airflow_env/lib/python3.12/site-packages/airflow/example_dags/example_branch_operator.py
[2024-12-26T03:54:21.549+0200] {processor.py:927} WARNING - No viable dags retrieved from /mnt/e/Assignments/Airflow/airflow/airflow_env/lib/python3.12/site-packages/airflow/example_dags/example_branch_operator.py
[2024-12-26T03:54:21.581+0200] {processor.py:208} INFO - Processing /mnt/e/Assignments/Airflow/airflow/airflow_env/lib/python3.12/site-packages/airflow/example_dags/example_branch_operator.py took 0.174 seconds
[2024-12-26T03:56:42.295+0200] {processor.py:186} INFO - Started process (PID=193194) to work on /mnt/e/Assignments/Airflow/airflow/airflow_env/lib/python3.12/site-packages/airflow/example_dags/example_branch_operator.py
[2024-12-26T03:56:42.297+0200] {processor.py:914} INFO - Processing file /mnt/e/Assignments/Airflow/airflow/airflow_env/lib/python3.12/site-packages/airflow/example_dags/example_branch_operator.py for tasks to queue
[2024-12-26T03:56:42.300+0200] {logging_mixin.py:190} INFO - [2024-12-26T03:56:42.299+0200] {dagbag.py:588} INFO - Filling up the DagBag from /mnt/e/Assignments/Airflow/airflow/airflow_env/lib/python3.12/site-packages/airflow/example_dags/example_branch_operator.py
[2024-12-26T03:56:42.339+0200] {processor.py:927} WARNING - No viable dags retrieved from /mnt/e/Assignments/Airflow/airflow/airflow_env/lib/python3.12/site-packages/airflow/example_dags/example_branch_operator.py
[2024-12-26T03:56:42.353+0200] {processor.py:208} INFO - Processing /mnt/e/Assignments/Airflow/airflow/airflow_env/lib/python3.12/site-packages/airflow/example_dags/example_branch_operator.py took 0.068 seconds
[2024-12-26T03:58:38.957+0200] {processor.py:186} INFO - Started process (PID=193277) to work on /mnt/e/Assignments/Airflow/airflow/airflow_env/lib/python3.12/site-packages/airflow/example_dags/example_branch_operator.py
[2024-12-26T03:58:38.959+0200] {processor.py:914} INFO - Processing file /mnt/e/Assignments/Airflow/airflow/airflow_env/lib/python3.12/site-packages/airflow/example_dags/example_branch_operator.py for tasks to queue
[2024-12-26T03:58:38.963+0200] {logging_mixin.py:190} INFO - [2024-12-26T03:58:38.962+0200] {dagbag.py:588} INFO - Filling up the DagBag from /mnt/e/Assignments/Airflow/airflow/airflow_env/lib/python3.12/site-packages/airflow/example_dags/example_branch_operator.py
[2024-12-26T03:58:39.048+0200] {processor.py:927} WARNING - No viable dags retrieved from /mnt/e/Assignments/Airflow/airflow/airflow_env/lib/python3.12/site-packages/airflow/example_dags/example_branch_operator.py
[2024-12-26T03:58:39.074+0200] {processor.py:208} INFO - Processing /mnt/e/Assignments/Airflow/airflow/airflow_env/lib/python3.12/site-packages/airflow/example_dags/example_branch_operator.py took 0.135 seconds
[2024-12-26T04:00:45.005+0200] {processor.py:186} INFO - Started process (PID=193355) to work on /mnt/e/Assignments/Airflow/airflow/airflow_env/lib/python3.12/site-packages/airflow/example_dags/example_branch_operator.py
[2024-12-26T04:00:45.007+0200] {processor.py:914} INFO - Processing file /mnt/e/Assignments/Airflow/airflow/airflow_env/lib/python3.12/site-packages/airflow/example_dags/example_branch_operator.py for tasks to queue
[2024-12-26T04:00:45.010+0200] {logging_mixin.py:190} INFO - [2024-12-26T04:00:45.008+0200] {dagbag.py:588} INFO - Filling up the DagBag from /mnt/e/Assignments/Airflow/airflow/airflow_env/lib/python3.12/site-packages/airflow/example_dags/example_branch_operator.py
[2024-12-26T04:00:45.050+0200] {processor.py:927} WARNING - No viable dags retrieved from /mnt/e/Assignments/Airflow/airflow/airflow_env/lib/python3.12/site-packages/airflow/example_dags/example_branch_operator.py
[2024-12-26T04:00:45.067+0200] {processor.py:208} INFO - Processing /mnt/e/Assignments/Airflow/airflow/airflow_env/lib/python3.12/site-packages/airflow/example_dags/example_branch_operator.py took 0.070 seconds
[2024-12-26T04:02:44.965+0200] {processor.py:186} INFO - Started process (PID=193435) to work on /mnt/e/Assignments/Airflow/airflow/airflow_env/lib/python3.12/site-packages/airflow/example_dags/example_branch_operator.py
[2024-12-26T04:02:44.967+0200] {processor.py:914} INFO - Processing file /mnt/e/Assignments/Airflow/airflow/airflow_env/lib/python3.12/site-packages/airflow/example_dags/example_branch_operator.py for tasks to queue
[2024-12-26T04:02:44.970+0200] {logging_mixin.py:190} INFO - [2024-12-26T04:02:44.969+0200] {dagbag.py:588} INFO - Filling up the DagBag from /mnt/e/Assignments/Airflow/airflow/airflow_env/lib/python3.12/site-packages/airflow/example_dags/example_branch_operator.py
[2024-12-26T04:02:45.018+0200] {processor.py:927} WARNING - No viable dags retrieved from /mnt/e/Assignments/Airflow/airflow/airflow_env/lib/python3.12/site-packages/airflow/example_dags/example_branch_operator.py
[2024-12-26T04:02:45.035+0200] {processor.py:208} INFO - Processing /mnt/e/Assignments/Airflow/airflow/airflow_env/lib/python3.12/site-packages/airflow/example_dags/example_branch_operator.py took 0.082 seconds
[2024-12-26T04:05:05.973+0200] {processor.py:186} INFO - Started process (PID=193520) to work on /mnt/e/Assignments/Airflow/airflow/airflow_env/lib/python3.12/site-packages/airflow/example_dags/example_branch_operator.py
[2024-12-26T04:05:05.976+0200] {processor.py:914} INFO - Processing file /mnt/e/Assignments/Airflow/airflow/airflow_env/lib/python3.12/site-packages/airflow/example_dags/example_branch_operator.py for tasks to queue
[2024-12-26T04:05:05.981+0200] {logging_mixin.py:190} INFO - [2024-12-26T04:05:05.979+0200] {dagbag.py:588} INFO - Filling up the DagBag from /mnt/e/Assignments/Airflow/airflow/airflow_env/lib/python3.12/site-packages/airflow/example_dags/example_branch_operator.py
[2024-12-26T04:05:06.033+0200] {processor.py:927} WARNING - No viable dags retrieved from /mnt/e/Assignments/Airflow/airflow/airflow_env/lib/python3.12/site-packages/airflow/example_dags/example_branch_operator.py
[2024-12-26T04:05:06.052+0200] {processor.py:208} INFO - Processing /mnt/e/Assignments/Airflow/airflow/airflow_env/lib/python3.12/site-packages/airflow/example_dags/example_branch_operator.py took 0.090 seconds
[2024-12-26T04:07:02.856+0200] {processor.py:186} INFO - Started process (PID=193599) to work on /mnt/e/Assignments/Airflow/airflow/airflow_env/lib/python3.12/site-packages/airflow/example_dags/example_branch_operator.py
[2024-12-26T04:07:02.858+0200] {processor.py:914} INFO - Processing file /mnt/e/Assignments/Airflow/airflow/airflow_env/lib/python3.12/site-packages/airflow/example_dags/example_branch_operator.py for tasks to queue
[2024-12-26T04:07:02.861+0200] {logging_mixin.py:190} INFO - [2024-12-26T04:07:02.860+0200] {dagbag.py:588} INFO - Filling up the DagBag from /mnt/e/Assignments/Airflow/airflow/airflow_env/lib/python3.12/site-packages/airflow/example_dags/example_branch_operator.py
[2024-12-26T04:07:02.930+0200] {processor.py:927} WARNING - No viable dags retrieved from /mnt/e/Assignments/Airflow/airflow/airflow_env/lib/python3.12/site-packages/airflow/example_dags/example_branch_operator.py
[2024-12-26T04:07:02.959+0200] {processor.py:208} INFO - Processing /mnt/e/Assignments/Airflow/airflow/airflow_env/lib/python3.12/site-packages/airflow/example_dags/example_branch_operator.py took 0.120 seconds
[2024-12-26T04:09:00.703+0200] {processor.py:186} INFO - Started process (PID=193676) to work on /mnt/e/Assignments/Airflow/airflow/airflow_env/lib/python3.12/site-packages/airflow/example_dags/example_branch_operator.py
[2024-12-26T04:09:00.705+0200] {processor.py:914} INFO - Processing file /mnt/e/Assignments/Airflow/airflow/airflow_env/lib/python3.12/site-packages/airflow/example_dags/example_branch_operator.py for tasks to queue
[2024-12-26T04:09:00.708+0200] {logging_mixin.py:190} INFO - [2024-12-26T04:09:00.707+0200] {dagbag.py:588} INFO - Filling up the DagBag from /mnt/e/Assignments/Airflow/airflow/airflow_env/lib/python3.12/site-packages/airflow/example_dags/example_branch_operator.py
[2024-12-26T04:09:00.746+0200] {processor.py:927} WARNING - No viable dags retrieved from /mnt/e/Assignments/Airflow/airflow/airflow_env/lib/python3.12/site-packages/airflow/example_dags/example_branch_operator.py
[2024-12-26T04:09:00.761+0200] {processor.py:208} INFO - Processing /mnt/e/Assignments/Airflow/airflow/airflow_env/lib/python3.12/site-packages/airflow/example_dags/example_branch_operator.py took 0.066 seconds
[2024-12-26T04:10:46.868+0200] {processor.py:186} INFO - Started process (PID=193751) to work on /mnt/e/Assignments/Airflow/airflow/airflow_env/lib/python3.12/site-packages/airflow/example_dags/example_branch_operator.py
[2024-12-26T04:10:46.869+0200] {processor.py:914} INFO - Processing file /mnt/e/Assignments/Airflow/airflow/airflow_env/lib/python3.12/site-packages/airflow/example_dags/example_branch_operator.py for tasks to queue
[2024-12-26T04:10:46.872+0200] {logging_mixin.py:190} INFO - [2024-12-26T04:10:46.871+0200] {dagbag.py:588} INFO - Filling up the DagBag from /mnt/e/Assignments/Airflow/airflow/airflow_env/lib/python3.12/site-packages/airflow/example_dags/example_branch_operator.py
[2024-12-26T04:10:46.907+0200] {processor.py:927} WARNING - No viable dags retrieved from /mnt/e/Assignments/Airflow/airflow/airflow_env/lib/python3.12/site-packages/airflow/example_dags/example_branch_operator.py
[2024-12-26T04:10:46.924+0200] {processor.py:208} INFO - Processing /mnt/e/Assignments/Airflow/airflow/airflow_env/lib/python3.12/site-packages/airflow/example_dags/example_branch_operator.py took 0.064 seconds
[2024-12-26T04:12:37.555+0200] {processor.py:186} INFO - Started process (PID=193829) to work on /mnt/e/Assignments/Airflow/airflow/airflow_env/lib/python3.12/site-packages/airflow/example_dags/example_branch_operator.py
[2024-12-26T04:12:37.557+0200] {processor.py:914} INFO - Processing file /mnt/e/Assignments/Airflow/airflow/airflow_env/lib/python3.12/site-packages/airflow/example_dags/example_branch_operator.py for tasks to queue
[2024-12-26T04:12:37.562+0200] {logging_mixin.py:190} INFO - [2024-12-26T04:12:37.561+0200] {dagbag.py:588} INFO - Filling up the DagBag from /mnt/e/Assignments/Airflow/airflow/airflow_env/lib/python3.12/site-packages/airflow/example_dags/example_branch_operator.py
[2024-12-26T04:12:37.608+0200] {processor.py:927} WARNING - No viable dags retrieved from /mnt/e/Assignments/Airflow/airflow/airflow_env/lib/python3.12/site-packages/airflow/example_dags/example_branch_operator.py
[2024-12-26T04:12:37.624+0200] {processor.py:208} INFO - Processing /mnt/e/Assignments/Airflow/airflow/airflow_env/lib/python3.12/site-packages/airflow/example_dags/example_branch_operator.py took 0.092 seconds
[2024-12-26T04:14:25.713+0200] {processor.py:186} INFO - Started process (PID=193905) to work on /mnt/e/Assignments/Airflow/airflow/airflow_env/lib/python3.12/site-packages/airflow/example_dags/example_branch_operator.py
[2024-12-26T04:14:25.719+0200] {processor.py:914} INFO - Processing file /mnt/e/Assignments/Airflow/airflow/airflow_env/lib/python3.12/site-packages/airflow/example_dags/example_branch_operator.py for tasks to queue
[2024-12-26T04:14:25.727+0200] {logging_mixin.py:190} INFO - [2024-12-26T04:14:25.723+0200] {dagbag.py:588} INFO - Filling up the DagBag from /mnt/e/Assignments/Airflow/airflow/airflow_env/lib/python3.12/site-packages/airflow/example_dags/example_branch_operator.py
[2024-12-26T04:14:25.828+0200] {processor.py:927} WARNING - No viable dags retrieved from /mnt/e/Assignments/Airflow/airflow/airflow_env/lib/python3.12/site-packages/airflow/example_dags/example_branch_operator.py
[2024-12-26T04:14:25.847+0200] {processor.py:208} INFO - Processing /mnt/e/Assignments/Airflow/airflow/airflow_env/lib/python3.12/site-packages/airflow/example_dags/example_branch_operator.py took 0.160 seconds
[2024-12-26T04:16:44.601+0200] {processor.py:186} INFO - Started process (PID=193987) to work on /mnt/e/Assignments/Airflow/airflow/airflow_env/lib/python3.12/site-packages/airflow/example_dags/example_branch_operator.py
[2024-12-26T04:16:44.607+0200] {processor.py:914} INFO - Processing file /mnt/e/Assignments/Airflow/airflow/airflow_env/lib/python3.12/site-packages/airflow/example_dags/example_branch_operator.py for tasks to queue
[2024-12-26T04:16:44.618+0200] {logging_mixin.py:190} INFO - [2024-12-26T04:16:44.613+0200] {dagbag.py:588} INFO - Filling up the DagBag from /mnt/e/Assignments/Airflow/airflow/airflow_env/lib/python3.12/site-packages/airflow/example_dags/example_branch_operator.py
[2024-12-26T04:16:44.867+0200] {processor.py:927} WARNING - No viable dags retrieved from /mnt/e/Assignments/Airflow/airflow/airflow_env/lib/python3.12/site-packages/airflow/example_dags/example_branch_operator.py
[2024-12-26T04:16:44.941+0200] {processor.py:208} INFO - Processing /mnt/e/Assignments/Airflow/airflow/airflow_env/lib/python3.12/site-packages/airflow/example_dags/example_branch_operator.py took 0.377 seconds
[2024-12-26T04:18:59.711+0200] {processor.py:186} INFO - Started process (PID=194074) to work on /mnt/e/Assignments/Airflow/airflow/airflow_env/lib/python3.12/site-packages/airflow/example_dags/example_branch_operator.py
[2024-12-26T04:18:59.716+0200] {processor.py:914} INFO - Processing file /mnt/e/Assignments/Airflow/airflow/airflow_env/lib/python3.12/site-packages/airflow/example_dags/example_branch_operator.py for tasks to queue
[2024-12-26T04:18:59.725+0200] {logging_mixin.py:190} INFO - [2024-12-26T04:18:59.721+0200] {dagbag.py:588} INFO - Filling up the DagBag from /mnt/e/Assignments/Airflow/airflow/airflow_env/lib/python3.12/site-packages/airflow/example_dags/example_branch_operator.py
[2024-12-26T04:18:59.886+0200] {processor.py:927} WARNING - No viable dags retrieved from /mnt/e/Assignments/Airflow/airflow/airflow_env/lib/python3.12/site-packages/airflow/example_dags/example_branch_operator.py
[2024-12-26T04:18:59.932+0200] {processor.py:208} INFO - Processing /mnt/e/Assignments/Airflow/airflow/airflow_env/lib/python3.12/site-packages/airflow/example_dags/example_branch_operator.py took 0.253 seconds
[2024-12-26T04:21:17.513+0200] {processor.py:186} INFO - Started process (PID=194158) to work on /mnt/e/Assignments/Airflow/airflow/airflow_env/lib/python3.12/site-packages/airflow/example_dags/example_branch_operator.py
[2024-12-26T04:21:17.515+0200] {processor.py:914} INFO - Processing file /mnt/e/Assignments/Airflow/airflow/airflow_env/lib/python3.12/site-packages/airflow/example_dags/example_branch_operator.py for tasks to queue
[2024-12-26T04:21:17.517+0200] {logging_mixin.py:190} INFO - [2024-12-26T04:21:17.516+0200] {dagbag.py:588} INFO - Filling up the DagBag from /mnt/e/Assignments/Airflow/airflow/airflow_env/lib/python3.12/site-packages/airflow/example_dags/example_branch_operator.py
[2024-12-26T04:21:17.571+0200] {processor.py:927} WARNING - No viable dags retrieved from /mnt/e/Assignments/Airflow/airflow/airflow_env/lib/python3.12/site-packages/airflow/example_dags/example_branch_operator.py
[2024-12-26T04:21:17.589+0200] {processor.py:208} INFO - Processing /mnt/e/Assignments/Airflow/airflow/airflow_env/lib/python3.12/site-packages/airflow/example_dags/example_branch_operator.py took 0.086 seconds
[2024-12-26T04:23:40.506+0200] {processor.py:186} INFO - Started process (PID=194243) to work on /mnt/e/Assignments/Airflow/airflow/airflow_env/lib/python3.12/site-packages/airflow/example_dags/example_branch_operator.py
[2024-12-26T04:23:40.512+0200] {processor.py:914} INFO - Processing file /mnt/e/Assignments/Airflow/airflow/airflow_env/lib/python3.12/site-packages/airflow/example_dags/example_branch_operator.py for tasks to queue
[2024-12-26T04:23:40.521+0200] {logging_mixin.py:190} INFO - [2024-12-26T04:23:40.517+0200] {dagbag.py:588} INFO - Filling up the DagBag from /mnt/e/Assignments/Airflow/airflow/airflow_env/lib/python3.12/site-packages/airflow/example_dags/example_branch_operator.py
[2024-12-26T04:23:40.707+0200] {processor.py:927} WARNING - No viable dags retrieved from /mnt/e/Assignments/Airflow/airflow/airflow_env/lib/python3.12/site-packages/airflow/example_dags/example_branch_operator.py
[2024-12-26T04:23:40.750+0200] {processor.py:208} INFO - Processing /mnt/e/Assignments/Airflow/airflow/airflow_env/lib/python3.12/site-packages/airflow/example_dags/example_branch_operator.py took 0.276 seconds
[2024-12-26T04:25:46.142+0200] {processor.py:186} INFO - Started process (PID=194324) to work on /mnt/e/Assignments/Airflow/airflow/airflow_env/lib/python3.12/site-packages/airflow/example_dags/example_branch_operator.py
[2024-12-26T04:25:46.143+0200] {processor.py:914} INFO - Processing file /mnt/e/Assignments/Airflow/airflow/airflow_env/lib/python3.12/site-packages/airflow/example_dags/example_branch_operator.py for tasks to queue
[2024-12-26T04:25:46.146+0200] {logging_mixin.py:190} INFO - [2024-12-26T04:25:46.145+0200] {dagbag.py:588} INFO - Filling up the DagBag from /mnt/e/Assignments/Airflow/airflow/airflow_env/lib/python3.12/site-packages/airflow/example_dags/example_branch_operator.py
[2024-12-26T04:25:46.189+0200] {processor.py:927} WARNING - No viable dags retrieved from /mnt/e/Assignments/Airflow/airflow/airflow_env/lib/python3.12/site-packages/airflow/example_dags/example_branch_operator.py
[2024-12-26T04:25:46.204+0200] {processor.py:208} INFO - Processing /mnt/e/Assignments/Airflow/airflow/airflow_env/lib/python3.12/site-packages/airflow/example_dags/example_branch_operator.py took 0.072 seconds
[2024-12-26T04:28:11.872+0200] {processor.py:186} INFO - Started process (PID=194409) to work on /mnt/e/Assignments/Airflow/airflow/airflow_env/lib/python3.12/site-packages/airflow/example_dags/example_branch_operator.py
[2024-12-26T04:28:11.875+0200] {processor.py:914} INFO - Processing file /mnt/e/Assignments/Airflow/airflow/airflow_env/lib/python3.12/site-packages/airflow/example_dags/example_branch_operator.py for tasks to queue
[2024-12-26T04:28:11.880+0200] {logging_mixin.py:190} INFO - [2024-12-26T04:28:11.878+0200] {dagbag.py:588} INFO - Filling up the DagBag from /mnt/e/Assignments/Airflow/airflow/airflow_env/lib/python3.12/site-packages/airflow/example_dags/example_branch_operator.py
[2024-12-26T04:28:12.027+0200] {processor.py:927} WARNING - No viable dags retrieved from /mnt/e/Assignments/Airflow/airflow/airflow_env/lib/python3.12/site-packages/airflow/example_dags/example_branch_operator.py
[2024-12-26T04:28:12.041+0200] {processor.py:208} INFO - Processing /mnt/e/Assignments/Airflow/airflow/airflow_env/lib/python3.12/site-packages/airflow/example_dags/example_branch_operator.py took 0.200 seconds
[2024-12-26T04:30:20.744+0200] {processor.py:186} INFO - Started process (PID=194490) to work on /mnt/e/Assignments/Airflow/airflow/airflow_env/lib/python3.12/site-packages/airflow/example_dags/example_branch_operator.py
[2024-12-26T04:30:20.745+0200] {processor.py:914} INFO - Processing file /mnt/e/Assignments/Airflow/airflow/airflow_env/lib/python3.12/site-packages/airflow/example_dags/example_branch_operator.py for tasks to queue
[2024-12-26T04:30:20.748+0200] {logging_mixin.py:190} INFO - [2024-12-26T04:30:20.747+0200] {dagbag.py:588} INFO - Filling up the DagBag from /mnt/e/Assignments/Airflow/airflow/airflow_env/lib/python3.12/site-packages/airflow/example_dags/example_branch_operator.py
[2024-12-26T04:30:20.792+0200] {processor.py:927} WARNING - No viable dags retrieved from /mnt/e/Assignments/Airflow/airflow/airflow_env/lib/python3.12/site-packages/airflow/example_dags/example_branch_operator.py
[2024-12-26T04:30:20.809+0200] {processor.py:208} INFO - Processing /mnt/e/Assignments/Airflow/airflow/airflow_env/lib/python3.12/site-packages/airflow/example_dags/example_branch_operator.py took 0.075 seconds
[2024-12-26T04:32:36.379+0200] {processor.py:186} INFO - Started process (PID=194574) to work on /mnt/e/Assignments/Airflow/airflow/airflow_env/lib/python3.12/site-packages/airflow/example_dags/example_branch_operator.py
[2024-12-26T04:32:36.381+0200] {processor.py:914} INFO - Processing file /mnt/e/Assignments/Airflow/airflow/airflow_env/lib/python3.12/site-packages/airflow/example_dags/example_branch_operator.py for tasks to queue
[2024-12-26T04:32:36.383+0200] {logging_mixin.py:190} INFO - [2024-12-26T04:32:36.382+0200] {dagbag.py:588} INFO - Filling up the DagBag from /mnt/e/Assignments/Airflow/airflow/airflow_env/lib/python3.12/site-packages/airflow/example_dags/example_branch_operator.py
[2024-12-26T04:32:36.421+0200] {processor.py:927} WARNING - No viable dags retrieved from /mnt/e/Assignments/Airflow/airflow/airflow_env/lib/python3.12/site-packages/airflow/example_dags/example_branch_operator.py
[2024-12-26T04:32:36.436+0200] {processor.py:208} INFO - Processing /mnt/e/Assignments/Airflow/airflow/airflow_env/lib/python3.12/site-packages/airflow/example_dags/example_branch_operator.py took 0.065 seconds
[2024-12-26T04:34:36.736+0200] {processor.py:186} INFO - Started process (PID=194651) to work on /mnt/e/Assignments/Airflow/airflow/airflow_env/lib/python3.12/site-packages/airflow/example_dags/example_branch_operator.py
[2024-12-26T04:34:36.740+0200] {processor.py:914} INFO - Processing file /mnt/e/Assignments/Airflow/airflow/airflow_env/lib/python3.12/site-packages/airflow/example_dags/example_branch_operator.py for tasks to queue
[2024-12-26T04:34:36.747+0200] {logging_mixin.py:190} INFO - [2024-12-26T04:34:36.744+0200] {dagbag.py:588} INFO - Filling up the DagBag from /mnt/e/Assignments/Airflow/airflow/airflow_env/lib/python3.12/site-packages/airflow/example_dags/example_branch_operator.py
[2024-12-26T04:34:36.844+0200] {processor.py:927} WARNING - No viable dags retrieved from /mnt/e/Assignments/Airflow/airflow/airflow_env/lib/python3.12/site-packages/airflow/example_dags/example_branch_operator.py
[2024-12-26T04:34:36.875+0200] {processor.py:208} INFO - Processing /mnt/e/Assignments/Airflow/airflow/airflow_env/lib/python3.12/site-packages/airflow/example_dags/example_branch_operator.py took 0.163 seconds
