[2024-12-26T02:06:29.156+0200] {processor.py:186} INFO - Started process (PID=188599) to work on /mnt/e/Assignments/Airflow/airflow/airflow_env/lib/python3.12/site-packages/airflow/example_dags/example_sensors.py
[2024-12-26T02:06:29.159+0200] {processor.py:914} INFO - Processing file /mnt/e/Assignments/Airflow/airflow/airflow_env/lib/python3.12/site-packages/airflow/example_dags/example_sensors.py for tasks to queue
[2024-12-26T02:06:29.164+0200] {logging_mixin.py:190} INFO - [2024-12-26T02:06:29.162+0200] {dagbag.py:588} INFO - Filling up the DagBag from /mnt/e/Assignments/Airflow/airflow/airflow_env/lib/python3.12/site-packages/airflow/example_dags/example_sensors.py
[2024-12-26T02:06:29.208+0200] {processor.py:925} INFO - DAG(s) 'example_sensors' retrieved from /mnt/e/Assignments/Airflow/airflow/airflow_env/lib/python3.12/site-packages/airflow/example_dags/example_sensors.py
[2024-12-26T02:06:29.316+0200] {logging_mixin.py:190} INFO - [2024-12-26T02:06:29.314+0200] {dag.py:3239} INFO - Sync 1 DAGs
[2024-12-26T02:06:29.338+0200] {logging_mixin.py:190} INFO - [2024-12-26T02:06:29.336+0200] {dag.py:4180} INFO - Setting next_dagrun for example_sensors to None, run_after=None
[2024-12-26T02:06:29.418+0200] {processor.py:208} INFO - Processing /mnt/e/Assignments/Airflow/airflow/airflow_env/lib/python3.12/site-packages/airflow/example_dags/example_sensors.py took 0.277 seconds
[2024-12-26T02:08:52.904+0200] {processor.py:186} INFO - Started process (PID=188668) to work on /mnt/e/Assignments/Airflow/airflow/airflow_env/lib/python3.12/site-packages/airflow/example_dags/example_sensors.py
[2024-12-26T02:08:52.907+0200] {processor.py:914} INFO - Processing file /mnt/e/Assignments/Airflow/airflow/airflow_env/lib/python3.12/site-packages/airflow/example_dags/example_sensors.py for tasks to queue
[2024-12-26T02:08:52.911+0200] {logging_mixin.py:190} INFO - [2024-12-26T02:08:52.909+0200] {dagbag.py:588} INFO - Filling up the DagBag from /mnt/e/Assignments/Airflow/airflow/airflow_env/lib/python3.12/site-packages/airflow/example_dags/example_sensors.py
[2024-12-26T02:08:52.947+0200] {processor.py:925} INFO - DAG(s) 'example_sensors' retrieved from /mnt/e/Assignments/Airflow/airflow/airflow_env/lib/python3.12/site-packages/airflow/example_dags/example_sensors.py
[2024-12-26T02:08:52.990+0200] {logging_mixin.py:190} INFO - [2024-12-26T02:08:52.989+0200] {dag.py:3239} INFO - Sync 1 DAGs
[2024-12-26T02:08:53.007+0200] {logging_mixin.py:190} INFO - [2024-12-26T02:08:53.005+0200] {dag.py:4180} INFO - Setting next_dagrun for example_sensors to None, run_after=None
[2024-12-26T02:08:53.109+0200] {processor.py:208} INFO - Processing /mnt/e/Assignments/Airflow/airflow/airflow_env/lib/python3.12/site-packages/airflow/example_dags/example_sensors.py took 0.225 seconds
[2024-12-26T02:10:59.006+0200] {processor.py:186} INFO - Started process (PID=188748) to work on /mnt/e/Assignments/Airflow/airflow/airflow_env/lib/python3.12/site-packages/airflow/example_dags/example_sensors.py
[2024-12-26T02:10:59.010+0200] {processor.py:914} INFO - Processing file /mnt/e/Assignments/Airflow/airflow/airflow_env/lib/python3.12/site-packages/airflow/example_dags/example_sensors.py for tasks to queue
[2024-12-26T02:10:59.015+0200] {logging_mixin.py:190} INFO - [2024-12-26T02:10:59.012+0200] {dagbag.py:588} INFO - Filling up the DagBag from /mnt/e/Assignments/Airflow/airflow/airflow_env/lib/python3.12/site-packages/airflow/example_dags/example_sensors.py
[2024-12-26T02:10:59.051+0200] {processor.py:925} INFO - DAG(s) 'example_sensors' retrieved from /mnt/e/Assignments/Airflow/airflow/airflow_env/lib/python3.12/site-packages/airflow/example_dags/example_sensors.py
[2024-12-26T02:10:59.082+0200] {logging_mixin.py:190} INFO - [2024-12-26T02:10:59.081+0200] {dag.py:3239} INFO - Sync 1 DAGs
[2024-12-26T02:10:59.095+0200] {logging_mixin.py:190} INFO - [2024-12-26T02:10:59.094+0200] {dag.py:4180} INFO - Setting next_dagrun for example_sensors to None, run_after=None
[2024-12-26T02:10:59.165+0200] {processor.py:208} INFO - Processing /mnt/e/Assignments/Airflow/airflow/airflow_env/lib/python3.12/site-packages/airflow/example_dags/example_sensors.py took 0.184 seconds
[2024-12-26T02:13:13.493+0200] {processor.py:186} INFO - Started process (PID=188846) to work on /mnt/e/Assignments/Airflow/airflow/airflow_env/lib/python3.12/site-packages/airflow/example_dags/example_sensors.py
[2024-12-26T02:13:13.495+0200] {processor.py:914} INFO - Processing file /mnt/e/Assignments/Airflow/airflow/airflow_env/lib/python3.12/site-packages/airflow/example_dags/example_sensors.py for tasks to queue
[2024-12-26T02:13:13.500+0200] {logging_mixin.py:190} INFO - [2024-12-26T02:13:13.498+0200] {dagbag.py:588} INFO - Filling up the DagBag from /mnt/e/Assignments/Airflow/airflow/airflow_env/lib/python3.12/site-packages/airflow/example_dags/example_sensors.py
[2024-12-26T02:13:13.547+0200] {processor.py:925} INFO - DAG(s) 'example_sensors' retrieved from /mnt/e/Assignments/Airflow/airflow/airflow_env/lib/python3.12/site-packages/airflow/example_dags/example_sensors.py
[2024-12-26T02:13:13.604+0200] {logging_mixin.py:190} INFO - [2024-12-26T02:13:13.603+0200] {dag.py:3239} INFO - Sync 1 DAGs
[2024-12-26T02:13:13.623+0200] {logging_mixin.py:190} INFO - [2024-12-26T02:13:13.622+0200] {dag.py:4180} INFO - Setting next_dagrun for example_sensors to None, run_after=None
[2024-12-26T02:13:13.734+0200] {processor.py:208} INFO - Processing /mnt/e/Assignments/Airflow/airflow/airflow_env/lib/python3.12/site-packages/airflow/example_dags/example_sensors.py took 0.262 seconds
[2024-12-26T02:15:23.715+0200] {processor.py:186} INFO - Started process (PID=188931) to work on /mnt/e/Assignments/Airflow/airflow/airflow_env/lib/python3.12/site-packages/airflow/example_dags/example_sensors.py
[2024-12-26T02:15:23.717+0200] {processor.py:914} INFO - Processing file /mnt/e/Assignments/Airflow/airflow/airflow_env/lib/python3.12/site-packages/airflow/example_dags/example_sensors.py for tasks to queue
[2024-12-26T02:15:23.721+0200] {logging_mixin.py:190} INFO - [2024-12-26T02:15:23.719+0200] {dagbag.py:588} INFO - Filling up the DagBag from /mnt/e/Assignments/Airflow/airflow/airflow_env/lib/python3.12/site-packages/airflow/example_dags/example_sensors.py
[2024-12-26T02:15:23.762+0200] {processor.py:925} INFO - DAG(s) 'example_sensors' retrieved from /mnt/e/Assignments/Airflow/airflow/airflow_env/lib/python3.12/site-packages/airflow/example_dags/example_sensors.py
[2024-12-26T02:15:23.810+0200] {logging_mixin.py:190} INFO - [2024-12-26T02:15:23.808+0200] {dag.py:3239} INFO - Sync 1 DAGs
[2024-12-26T02:15:23.834+0200] {logging_mixin.py:190} INFO - [2024-12-26T02:15:23.833+0200] {dag.py:4180} INFO - Setting next_dagrun for example_sensors to None, run_after=None
[2024-12-26T02:15:23.931+0200] {processor.py:208} INFO - Processing /mnt/e/Assignments/Airflow/airflow/airflow_env/lib/python3.12/site-packages/airflow/example_dags/example_sensors.py took 0.237 seconds
[2024-12-26T02:17:23.562+0200] {processor.py:186} INFO - Started process (PID=189014) to work on /mnt/e/Assignments/Airflow/airflow/airflow_env/lib/python3.12/site-packages/airflow/example_dags/example_sensors.py
[2024-12-26T02:17:23.564+0200] {processor.py:914} INFO - Processing file /mnt/e/Assignments/Airflow/airflow/airflow_env/lib/python3.12/site-packages/airflow/example_dags/example_sensors.py for tasks to queue
[2024-12-26T02:17:23.568+0200] {logging_mixin.py:190} INFO - [2024-12-26T02:17:23.566+0200] {dagbag.py:588} INFO - Filling up the DagBag from /mnt/e/Assignments/Airflow/airflow/airflow_env/lib/python3.12/site-packages/airflow/example_dags/example_sensors.py
[2024-12-26T02:17:23.603+0200] {processor.py:925} INFO - DAG(s) 'example_sensors' retrieved from /mnt/e/Assignments/Airflow/airflow/airflow_env/lib/python3.12/site-packages/airflow/example_dags/example_sensors.py
[2024-12-26T02:17:23.654+0200] {logging_mixin.py:190} INFO - [2024-12-26T02:17:23.653+0200] {dag.py:3239} INFO - Sync 1 DAGs
[2024-12-26T02:17:23.673+0200] {logging_mixin.py:190} INFO - [2024-12-26T02:17:23.670+0200] {dag.py:4180} INFO - Setting next_dagrun for example_sensors to None, run_after=None
[2024-12-26T02:17:23.808+0200] {processor.py:208} INFO - Processing /mnt/e/Assignments/Airflow/airflow/airflow_env/lib/python3.12/site-packages/airflow/example_dags/example_sensors.py took 0.262 seconds
[2024-12-26T02:19:32.127+0200] {processor.py:186} INFO - Started process (PID=189116) to work on /mnt/e/Assignments/Airflow/airflow/airflow_env/lib/python3.12/site-packages/airflow/example_dags/example_sensors.py
[2024-12-26T02:19:32.130+0200] {processor.py:914} INFO - Processing file /mnt/e/Assignments/Airflow/airflow/airflow_env/lib/python3.12/site-packages/airflow/example_dags/example_sensors.py for tasks to queue
[2024-12-26T02:19:32.136+0200] {logging_mixin.py:190} INFO - [2024-12-26T02:19:32.134+0200] {dagbag.py:588} INFO - Filling up the DagBag from /mnt/e/Assignments/Airflow/airflow/airflow_env/lib/python3.12/site-packages/airflow/example_dags/example_sensors.py
[2024-12-26T02:19:32.186+0200] {processor.py:925} INFO - DAG(s) 'example_sensors' retrieved from /mnt/e/Assignments/Airflow/airflow/airflow_env/lib/python3.12/site-packages/airflow/example_dags/example_sensors.py
[2024-12-26T02:19:32.239+0200] {logging_mixin.py:190} INFO - [2024-12-26T02:19:32.237+0200] {dag.py:3239} INFO - Sync 1 DAGs
[2024-12-26T02:19:32.257+0200] {logging_mixin.py:190} INFO - [2024-12-26T02:19:32.254+0200] {dag.py:4180} INFO - Setting next_dagrun for example_sensors to None, run_after=None
[2024-12-26T02:19:32.372+0200] {processor.py:208} INFO - Processing /mnt/e/Assignments/Airflow/airflow/airflow_env/lib/python3.12/site-packages/airflow/example_dags/example_sensors.py took 0.267 seconds
[2024-12-26T02:21:53.685+0200] {processor.py:186} INFO - Started process (PID=189215) to work on /mnt/e/Assignments/Airflow/airflow/airflow_env/lib/python3.12/site-packages/airflow/example_dags/example_sensors.py
[2024-12-26T02:21:53.687+0200] {processor.py:914} INFO - Processing file /mnt/e/Assignments/Airflow/airflow/airflow_env/lib/python3.12/site-packages/airflow/example_dags/example_sensors.py for tasks to queue
[2024-12-26T02:21:53.691+0200] {logging_mixin.py:190} INFO - [2024-12-26T02:21:53.689+0200] {dagbag.py:588} INFO - Filling up the DagBag from /mnt/e/Assignments/Airflow/airflow/airflow_env/lib/python3.12/site-packages/airflow/example_dags/example_sensors.py
[2024-12-26T02:21:53.725+0200] {processor.py:925} INFO - DAG(s) 'example_sensors' retrieved from /mnt/e/Assignments/Airflow/airflow/airflow_env/lib/python3.12/site-packages/airflow/example_dags/example_sensors.py
[2024-12-26T02:21:53.778+0200] {logging_mixin.py:190} INFO - [2024-12-26T02:21:53.776+0200] {dag.py:3239} INFO - Sync 1 DAGs
[2024-12-26T02:21:53.798+0200] {logging_mixin.py:190} INFO - [2024-12-26T02:21:53.796+0200] {dag.py:4180} INFO - Setting next_dagrun for example_sensors to None, run_after=None
[2024-12-26T02:21:53.855+0200] {processor.py:208} INFO - Processing /mnt/e/Assignments/Airflow/airflow/airflow_env/lib/python3.12/site-packages/airflow/example_dags/example_sensors.py took 0.186 seconds
[2024-12-26T02:23:58.286+0200] {processor.py:186} INFO - Started process (PID=189323) to work on /mnt/e/Assignments/Airflow/airflow/airflow_env/lib/python3.12/site-packages/airflow/example_dags/example_sensors.py
[2024-12-26T02:23:58.289+0200] {processor.py:914} INFO - Processing file /mnt/e/Assignments/Airflow/airflow/airflow_env/lib/python3.12/site-packages/airflow/example_dags/example_sensors.py for tasks to queue
[2024-12-26T02:23:58.295+0200] {logging_mixin.py:190} INFO - [2024-12-26T02:23:58.292+0200] {dagbag.py:588} INFO - Filling up the DagBag from /mnt/e/Assignments/Airflow/airflow/airflow_env/lib/python3.12/site-packages/airflow/example_dags/example_sensors.py
[2024-12-26T02:23:58.349+0200] {processor.py:925} INFO - DAG(s) 'example_sensors' retrieved from /mnt/e/Assignments/Airflow/airflow/airflow_env/lib/python3.12/site-packages/airflow/example_dags/example_sensors.py
[2024-12-26T02:23:58.402+0200] {logging_mixin.py:190} INFO - [2024-12-26T02:23:58.399+0200] {dag.py:3239} INFO - Sync 1 DAGs
[2024-12-26T02:23:58.424+0200] {logging_mixin.py:190} INFO - [2024-12-26T02:23:58.422+0200] {dag.py:4180} INFO - Setting next_dagrun for example_sensors to None, run_after=None
[2024-12-26T02:23:58.563+0200] {processor.py:208} INFO - Processing /mnt/e/Assignments/Airflow/airflow/airflow_env/lib/python3.12/site-packages/airflow/example_dags/example_sensors.py took 0.302 seconds
[2024-12-26T02:26:08.924+0200] {processor.py:186} INFO - Started process (PID=189462) to work on /mnt/e/Assignments/Airflow/airflow/airflow_env/lib/python3.12/site-packages/airflow/example_dags/example_sensors.py
[2024-12-26T02:26:08.927+0200] {processor.py:914} INFO - Processing file /mnt/e/Assignments/Airflow/airflow/airflow_env/lib/python3.12/site-packages/airflow/example_dags/example_sensors.py for tasks to queue
[2024-12-26T02:26:08.930+0200] {logging_mixin.py:190} INFO - [2024-12-26T02:26:08.929+0200] {dagbag.py:588} INFO - Filling up the DagBag from /mnt/e/Assignments/Airflow/airflow/airflow_env/lib/python3.12/site-packages/airflow/example_dags/example_sensors.py
[2024-12-26T02:26:08.967+0200] {processor.py:925} INFO - DAG(s) 'example_sensors' retrieved from /mnt/e/Assignments/Airflow/airflow/airflow_env/lib/python3.12/site-packages/airflow/example_dags/example_sensors.py
[2024-12-26T02:26:09.007+0200] {logging_mixin.py:190} INFO - [2024-12-26T02:26:09.005+0200] {dag.py:3239} INFO - Sync 1 DAGs
[2024-12-26T02:26:09.032+0200] {logging_mixin.py:190} INFO - [2024-12-26T02:26:09.030+0200] {dag.py:4180} INFO - Setting next_dagrun for example_sensors to None, run_after=None
[2024-12-26T02:26:09.139+0200] {processor.py:208} INFO - Processing /mnt/e/Assignments/Airflow/airflow/airflow_env/lib/python3.12/site-packages/airflow/example_dags/example_sensors.py took 0.234 seconds
[2024-12-26T02:28:13.871+0200] {processor.py:186} INFO - Started process (PID=189586) to work on /mnt/e/Assignments/Airflow/airflow/airflow_env/lib/python3.12/site-packages/airflow/example_dags/example_sensors.py
[2024-12-26T02:28:13.876+0200] {processor.py:914} INFO - Processing file /mnt/e/Assignments/Airflow/airflow/airflow_env/lib/python3.12/site-packages/airflow/example_dags/example_sensors.py for tasks to queue
[2024-12-26T02:28:13.882+0200] {logging_mixin.py:190} INFO - [2024-12-26T02:28:13.879+0200] {dagbag.py:588} INFO - Filling up the DagBag from /mnt/e/Assignments/Airflow/airflow/airflow_env/lib/python3.12/site-packages/airflow/example_dags/example_sensors.py
[2024-12-26T02:28:13.932+0200] {processor.py:925} INFO - DAG(s) 'example_sensors' retrieved from /mnt/e/Assignments/Airflow/airflow/airflow_env/lib/python3.12/site-packages/airflow/example_dags/example_sensors.py
[2024-12-26T02:28:13.984+0200] {logging_mixin.py:190} INFO - [2024-12-26T02:28:13.982+0200] {dag.py:3239} INFO - Sync 1 DAGs
[2024-12-26T02:28:14.006+0200] {logging_mixin.py:190} INFO - [2024-12-26T02:28:14.004+0200] {dag.py:4180} INFO - Setting next_dagrun for example_sensors to None, run_after=None
[2024-12-26T02:28:14.138+0200] {processor.py:208} INFO - Processing /mnt/e/Assignments/Airflow/airflow/airflow_env/lib/python3.12/site-packages/airflow/example_dags/example_sensors.py took 0.291 seconds
[2024-12-26T02:30:27.807+0200] {processor.py:186} INFO - Started process (PID=189709) to work on /mnt/e/Assignments/Airflow/airflow/airflow_env/lib/python3.12/site-packages/airflow/example_dags/example_sensors.py
[2024-12-26T02:30:27.810+0200] {processor.py:914} INFO - Processing file /mnt/e/Assignments/Airflow/airflow/airflow_env/lib/python3.12/site-packages/airflow/example_dags/example_sensors.py for tasks to queue
[2024-12-26T02:30:27.813+0200] {logging_mixin.py:190} INFO - [2024-12-26T02:30:27.812+0200] {dagbag.py:588} INFO - Filling up the DagBag from /mnt/e/Assignments/Airflow/airflow/airflow_env/lib/python3.12/site-packages/airflow/example_dags/example_sensors.py
[2024-12-26T02:30:27.850+0200] {processor.py:925} INFO - DAG(s) 'example_sensors' retrieved from /mnt/e/Assignments/Airflow/airflow/airflow_env/lib/python3.12/site-packages/airflow/example_dags/example_sensors.py
[2024-12-26T02:30:27.892+0200] {logging_mixin.py:190} INFO - [2024-12-26T02:30:27.891+0200] {dag.py:3239} INFO - Sync 1 DAGs
[2024-12-26T02:30:27.936+0200] {logging_mixin.py:190} INFO - [2024-12-26T02:30:27.934+0200] {dag.py:4180} INFO - Setting next_dagrun for example_sensors to None, run_after=None
[2024-12-26T02:30:28.087+0200] {processor.py:208} INFO - Processing /mnt/e/Assignments/Airflow/airflow/airflow_env/lib/python3.12/site-packages/airflow/example_dags/example_sensors.py took 0.296 seconds
[2024-12-26T02:32:42.177+0200] {processor.py:186} INFO - Started process (PID=189812) to work on /mnt/e/Assignments/Airflow/airflow/airflow_env/lib/python3.12/site-packages/airflow/example_dags/example_sensors.py
[2024-12-26T02:32:42.181+0200] {processor.py:914} INFO - Processing file /mnt/e/Assignments/Airflow/airflow/airflow_env/lib/python3.12/site-packages/airflow/example_dags/example_sensors.py for tasks to queue
[2024-12-26T02:32:42.188+0200] {logging_mixin.py:190} INFO - [2024-12-26T02:32:42.186+0200] {dagbag.py:588} INFO - Filling up the DagBag from /mnt/e/Assignments/Airflow/airflow/airflow_env/lib/python3.12/site-packages/airflow/example_dags/example_sensors.py
[2024-12-26T02:32:42.238+0200] {processor.py:925} INFO - DAG(s) 'example_sensors' retrieved from /mnt/e/Assignments/Airflow/airflow/airflow_env/lib/python3.12/site-packages/airflow/example_dags/example_sensors.py
[2024-12-26T02:32:42.282+0200] {logging_mixin.py:190} INFO - [2024-12-26T02:32:42.281+0200] {dag.py:3239} INFO - Sync 1 DAGs
[2024-12-26T02:32:42.297+0200] {logging_mixin.py:190} INFO - [2024-12-26T02:32:42.296+0200] {dag.py:4180} INFO - Setting next_dagrun for example_sensors to None, run_after=None
[2024-12-26T02:32:42.413+0200] {processor.py:208} INFO - Processing /mnt/e/Assignments/Airflow/airflow/airflow_env/lib/python3.12/site-packages/airflow/example_dags/example_sensors.py took 0.259 seconds
[2024-12-26T02:35:09.009+0200] {processor.py:186} INFO - Started process (PID=189924) to work on /mnt/e/Assignments/Airflow/airflow/airflow_env/lib/python3.12/site-packages/airflow/example_dags/example_sensors.py
[2024-12-26T02:35:09.013+0200] {processor.py:914} INFO - Processing file /mnt/e/Assignments/Airflow/airflow/airflow_env/lib/python3.12/site-packages/airflow/example_dags/example_sensors.py for tasks to queue
[2024-12-26T02:35:09.018+0200] {logging_mixin.py:190} INFO - [2024-12-26T02:35:09.016+0200] {dagbag.py:588} INFO - Filling up the DagBag from /mnt/e/Assignments/Airflow/airflow/airflow_env/lib/python3.12/site-packages/airflow/example_dags/example_sensors.py
[2024-12-26T02:35:09.062+0200] {processor.py:925} INFO - DAG(s) 'example_sensors' retrieved from /mnt/e/Assignments/Airflow/airflow/airflow_env/lib/python3.12/site-packages/airflow/example_dags/example_sensors.py
[2024-12-26T02:35:09.109+0200] {logging_mixin.py:190} INFO - [2024-12-26T02:35:09.106+0200] {dag.py:3239} INFO - Sync 1 DAGs
[2024-12-26T02:35:09.130+0200] {logging_mixin.py:190} INFO - [2024-12-26T02:35:09.128+0200] {dag.py:4180} INFO - Setting next_dagrun for example_sensors to None, run_after=None
[2024-12-26T02:35:09.216+0200] {processor.py:208} INFO - Processing /mnt/e/Assignments/Airflow/airflow/airflow_env/lib/python3.12/site-packages/airflow/example_dags/example_sensors.py took 0.230 seconds
[2024-12-26T02:37:21.969+0200] {processor.py:186} INFO - Started process (PID=190012) to work on /mnt/e/Assignments/Airflow/airflow/airflow_env/lib/python3.12/site-packages/airflow/example_dags/example_sensors.py
[2024-12-26T02:37:21.972+0200] {processor.py:914} INFO - Processing file /mnt/e/Assignments/Airflow/airflow/airflow_env/lib/python3.12/site-packages/airflow/example_dags/example_sensors.py for tasks to queue
[2024-12-26T02:37:21.977+0200] {logging_mixin.py:190} INFO - [2024-12-26T02:37:21.976+0200] {dagbag.py:588} INFO - Filling up the DagBag from /mnt/e/Assignments/Airflow/airflow/airflow_env/lib/python3.12/site-packages/airflow/example_dags/example_sensors.py
[2024-12-26T02:37:22.023+0200] {processor.py:925} INFO - DAG(s) 'example_sensors' retrieved from /mnt/e/Assignments/Airflow/airflow/airflow_env/lib/python3.12/site-packages/airflow/example_dags/example_sensors.py
[2024-12-26T02:37:22.077+0200] {logging_mixin.py:190} INFO - [2024-12-26T02:37:22.075+0200] {dag.py:3239} INFO - Sync 1 DAGs
[2024-12-26T02:37:22.109+0200] {logging_mixin.py:190} INFO - [2024-12-26T02:37:22.107+0200] {dag.py:4180} INFO - Setting next_dagrun for example_sensors to None, run_after=None
[2024-12-26T02:37:22.276+0200] {processor.py:208} INFO - Processing /mnt/e/Assignments/Airflow/airflow/airflow_env/lib/python3.12/site-packages/airflow/example_dags/example_sensors.py took 0.323 seconds
[2024-12-26T02:41:12.040+0200] {processor.py:186} INFO - Started process (PID=190134) to work on /mnt/e/Assignments/Airflow/airflow/airflow_env/lib/python3.12/site-packages/airflow/example_dags/example_sensors.py
[2024-12-26T02:41:12.043+0200] {processor.py:914} INFO - Processing file /mnt/e/Assignments/Airflow/airflow/airflow_env/lib/python3.12/site-packages/airflow/example_dags/example_sensors.py for tasks to queue
[2024-12-26T02:41:12.046+0200] {logging_mixin.py:190} INFO - [2024-12-26T02:41:12.044+0200] {dagbag.py:588} INFO - Filling up the DagBag from /mnt/e/Assignments/Airflow/airflow/airflow_env/lib/python3.12/site-packages/airflow/example_dags/example_sensors.py
[2024-12-26T02:41:12.080+0200] {processor.py:925} INFO - DAG(s) 'example_sensors' retrieved from /mnt/e/Assignments/Airflow/airflow/airflow_env/lib/python3.12/site-packages/airflow/example_dags/example_sensors.py
[2024-12-26T02:41:12.119+0200] {logging_mixin.py:190} INFO - [2024-12-26T02:41:12.117+0200] {dag.py:3239} INFO - Sync 1 DAGs
[2024-12-26T02:41:12.140+0200] {logging_mixin.py:190} INFO - [2024-12-26T02:41:12.139+0200] {dag.py:4180} INFO - Setting next_dagrun for example_sensors to None, run_after=None
[2024-12-26T02:41:12.263+0200] {processor.py:208} INFO - Processing /mnt/e/Assignments/Airflow/airflow/airflow_env/lib/python3.12/site-packages/airflow/example_dags/example_sensors.py took 0.238 seconds
[2024-12-26T02:42:34.448+0200] {processor.py:186} INFO - Started process (PID=190193) to work on /mnt/e/Assignments/Airflow/airflow/airflow_env/lib/python3.12/site-packages/airflow/example_dags/example_sensors.py
[2024-12-26T02:42:34.451+0200] {processor.py:914} INFO - Processing file /mnt/e/Assignments/Airflow/airflow/airflow_env/lib/python3.12/site-packages/airflow/example_dags/example_sensors.py for tasks to queue
[2024-12-26T02:42:34.458+0200] {logging_mixin.py:190} INFO - [2024-12-26T02:42:34.455+0200] {dagbag.py:588} INFO - Filling up the DagBag from /mnt/e/Assignments/Airflow/airflow/airflow_env/lib/python3.12/site-packages/airflow/example_dags/example_sensors.py
[2024-12-26T02:42:34.490+0200] {processor.py:925} INFO - DAG(s) 'example_sensors' retrieved from /mnt/e/Assignments/Airflow/airflow/airflow_env/lib/python3.12/site-packages/airflow/example_dags/example_sensors.py
[2024-12-26T02:42:34.522+0200] {logging_mixin.py:190} INFO - [2024-12-26T02:42:34.521+0200] {dag.py:3239} INFO - Sync 1 DAGs
[2024-12-26T02:42:34.633+0200] {logging_mixin.py:190} INFO - [2024-12-26T02:42:34.632+0200] {dag.py:4180} INFO - Setting next_dagrun for example_sensors to None, run_after=None
[2024-12-26T02:42:34.703+0200] {processor.py:208} INFO - Processing /mnt/e/Assignments/Airflow/airflow/airflow_env/lib/python3.12/site-packages/airflow/example_dags/example_sensors.py took 0.275 seconds
[2024-12-26T02:44:39.063+0200] {processor.py:186} INFO - Started process (PID=190274) to work on /mnt/e/Assignments/Airflow/airflow/airflow_env/lib/python3.12/site-packages/airflow/example_dags/example_sensors.py
[2024-12-26T02:44:39.066+0200] {processor.py:914} INFO - Processing file /mnt/e/Assignments/Airflow/airflow/airflow_env/lib/python3.12/site-packages/airflow/example_dags/example_sensors.py for tasks to queue
[2024-12-26T02:44:39.070+0200] {logging_mixin.py:190} INFO - [2024-12-26T02:44:39.068+0200] {dagbag.py:588} INFO - Filling up the DagBag from /mnt/e/Assignments/Airflow/airflow/airflow_env/lib/python3.12/site-packages/airflow/example_dags/example_sensors.py
[2024-12-26T02:44:39.098+0200] {processor.py:925} INFO - DAG(s) 'example_sensors' retrieved from /mnt/e/Assignments/Airflow/airflow/airflow_env/lib/python3.12/site-packages/airflow/example_dags/example_sensors.py
[2024-12-26T02:44:39.129+0200] {logging_mixin.py:190} INFO - [2024-12-26T02:44:39.128+0200] {dag.py:3239} INFO - Sync 1 DAGs
[2024-12-26T02:44:39.142+0200] {logging_mixin.py:190} INFO - [2024-12-26T02:44:39.141+0200] {dag.py:4180} INFO - Setting next_dagrun for example_sensors to None, run_after=None
[2024-12-26T02:44:39.210+0200] {processor.py:208} INFO - Processing /mnt/e/Assignments/Airflow/airflow/airflow_env/lib/python3.12/site-packages/airflow/example_dags/example_sensors.py took 0.166 seconds
[2024-12-26T02:46:44.729+0200] {processor.py:186} INFO - Started process (PID=190377) to work on /mnt/e/Assignments/Airflow/airflow/airflow_env/lib/python3.12/site-packages/airflow/example_dags/example_sensors.py
[2024-12-26T02:46:44.732+0200] {processor.py:914} INFO - Processing file /mnt/e/Assignments/Airflow/airflow/airflow_env/lib/python3.12/site-packages/airflow/example_dags/example_sensors.py for tasks to queue
[2024-12-26T02:46:44.737+0200] {logging_mixin.py:190} INFO - [2024-12-26T02:46:44.735+0200] {dagbag.py:588} INFO - Filling up the DagBag from /mnt/e/Assignments/Airflow/airflow/airflow_env/lib/python3.12/site-packages/airflow/example_dags/example_sensors.py
[2024-12-26T02:46:44.771+0200] {processor.py:925} INFO - DAG(s) 'example_sensors' retrieved from /mnt/e/Assignments/Airflow/airflow/airflow_env/lib/python3.12/site-packages/airflow/example_dags/example_sensors.py
[2024-12-26T02:46:44.806+0200] {logging_mixin.py:190} INFO - [2024-12-26T02:46:44.805+0200] {dag.py:3239} INFO - Sync 1 DAGs
[2024-12-26T02:46:44.821+0200] {logging_mixin.py:190} INFO - [2024-12-26T02:46:44.820+0200] {dag.py:4180} INFO - Setting next_dagrun for example_sensors to None, run_after=None
[2024-12-26T02:46:44.915+0200] {processor.py:208} INFO - Processing /mnt/e/Assignments/Airflow/airflow/airflow_env/lib/python3.12/site-packages/airflow/example_dags/example_sensors.py took 0.215 seconds
[2024-12-26T02:48:50.362+0200] {processor.py:186} INFO - Started process (PID=190458) to work on /mnt/e/Assignments/Airflow/airflow/airflow_env/lib/python3.12/site-packages/airflow/example_dags/example_sensors.py
[2024-12-26T02:48:50.365+0200] {processor.py:914} INFO - Processing file /mnt/e/Assignments/Airflow/airflow/airflow_env/lib/python3.12/site-packages/airflow/example_dags/example_sensors.py for tasks to queue
[2024-12-26T02:48:50.369+0200] {logging_mixin.py:190} INFO - [2024-12-26T02:48:50.367+0200] {dagbag.py:588} INFO - Filling up the DagBag from /mnt/e/Assignments/Airflow/airflow/airflow_env/lib/python3.12/site-packages/airflow/example_dags/example_sensors.py
[2024-12-26T02:48:50.406+0200] {processor.py:925} INFO - DAG(s) 'example_sensors' retrieved from /mnt/e/Assignments/Airflow/airflow/airflow_env/lib/python3.12/site-packages/airflow/example_dags/example_sensors.py
[2024-12-26T02:48:50.446+0200] {logging_mixin.py:190} INFO - [2024-12-26T02:48:50.444+0200] {dag.py:3239} INFO - Sync 1 DAGs
[2024-12-26T02:48:50.463+0200] {logging_mixin.py:190} INFO - [2024-12-26T02:48:50.462+0200] {dag.py:4180} INFO - Setting next_dagrun for example_sensors to None, run_after=None
[2024-12-26T02:48:50.555+0200] {processor.py:208} INFO - Processing /mnt/e/Assignments/Airflow/airflow/airflow_env/lib/python3.12/site-packages/airflow/example_dags/example_sensors.py took 0.209 seconds
[2024-12-26T02:51:00.517+0200] {processor.py:186} INFO - Started process (PID=190568) to work on /mnt/e/Assignments/Airflow/airflow/airflow_env/lib/python3.12/site-packages/airflow/example_dags/example_sensors.py
[2024-12-26T02:51:00.519+0200] {processor.py:914} INFO - Processing file /mnt/e/Assignments/Airflow/airflow/airflow_env/lib/python3.12/site-packages/airflow/example_dags/example_sensors.py for tasks to queue
[2024-12-26T02:51:00.522+0200] {logging_mixin.py:190} INFO - [2024-12-26T02:51:00.521+0200] {dagbag.py:588} INFO - Filling up the DagBag from /mnt/e/Assignments/Airflow/airflow/airflow_env/lib/python3.12/site-packages/airflow/example_dags/example_sensors.py
[2024-12-26T02:51:00.547+0200] {processor.py:925} INFO - DAG(s) 'example_sensors' retrieved from /mnt/e/Assignments/Airflow/airflow/airflow_env/lib/python3.12/site-packages/airflow/example_dags/example_sensors.py
[2024-12-26T02:51:00.576+0200] {logging_mixin.py:190} INFO - [2024-12-26T02:51:00.575+0200] {dag.py:3239} INFO - Sync 1 DAGs
[2024-12-26T02:51:00.589+0200] {logging_mixin.py:190} INFO - [2024-12-26T02:51:00.588+0200] {dag.py:4180} INFO - Setting next_dagrun for example_sensors to None, run_after=None
[2024-12-26T02:51:00.654+0200] {processor.py:208} INFO - Processing /mnt/e/Assignments/Airflow/airflow/airflow_env/lib/python3.12/site-packages/airflow/example_dags/example_sensors.py took 0.148 seconds
[2024-12-26T02:53:17.546+0200] {processor.py:186} INFO - Started process (PID=190662) to work on /mnt/e/Assignments/Airflow/airflow/airflow_env/lib/python3.12/site-packages/airflow/example_dags/example_sensors.py
[2024-12-26T02:53:17.549+0200] {processor.py:914} INFO - Processing file /mnt/e/Assignments/Airflow/airflow/airflow_env/lib/python3.12/site-packages/airflow/example_dags/example_sensors.py for tasks to queue
[2024-12-26T02:53:17.554+0200] {logging_mixin.py:190} INFO - [2024-12-26T02:53:17.552+0200] {dagbag.py:588} INFO - Filling up the DagBag from /mnt/e/Assignments/Airflow/airflow/airflow_env/lib/python3.12/site-packages/airflow/example_dags/example_sensors.py
[2024-12-26T02:53:17.590+0200] {processor.py:925} INFO - DAG(s) 'example_sensors' retrieved from /mnt/e/Assignments/Airflow/airflow/airflow_env/lib/python3.12/site-packages/airflow/example_dags/example_sensors.py
[2024-12-26T02:53:17.632+0200] {logging_mixin.py:190} INFO - [2024-12-26T02:53:17.631+0200] {dag.py:3239} INFO - Sync 1 DAGs
[2024-12-26T02:53:17.649+0200] {logging_mixin.py:190} INFO - [2024-12-26T02:53:17.648+0200] {dag.py:4180} INFO - Setting next_dagrun for example_sensors to None, run_after=None
[2024-12-26T02:53:17.750+0200] {processor.py:208} INFO - Processing /mnt/e/Assignments/Airflow/airflow/airflow_env/lib/python3.12/site-packages/airflow/example_dags/example_sensors.py took 0.253 seconds
[2024-12-26T02:55:24.363+0200] {processor.py:186} INFO - Started process (PID=190762) to work on /mnt/e/Assignments/Airflow/airflow/airflow_env/lib/python3.12/site-packages/airflow/example_dags/example_sensors.py
[2024-12-26T02:55:24.366+0200] {processor.py:914} INFO - Processing file /mnt/e/Assignments/Airflow/airflow/airflow_env/lib/python3.12/site-packages/airflow/example_dags/example_sensors.py for tasks to queue
[2024-12-26T02:55:24.371+0200] {logging_mixin.py:190} INFO - [2024-12-26T02:55:24.369+0200] {dagbag.py:588} INFO - Filling up the DagBag from /mnt/e/Assignments/Airflow/airflow/airflow_env/lib/python3.12/site-packages/airflow/example_dags/example_sensors.py
[2024-12-26T02:55:24.418+0200] {processor.py:925} INFO - DAG(s) 'example_sensors' retrieved from /mnt/e/Assignments/Airflow/airflow/airflow_env/lib/python3.12/site-packages/airflow/example_dags/example_sensors.py
[2024-12-26T02:55:24.465+0200] {logging_mixin.py:190} INFO - [2024-12-26T02:55:24.463+0200] {dag.py:3239} INFO - Sync 1 DAGs
[2024-12-26T02:55:24.482+0200] {logging_mixin.py:190} INFO - [2024-12-26T02:55:24.481+0200] {dag.py:4180} INFO - Setting next_dagrun for example_sensors to None, run_after=None
[2024-12-26T02:55:24.562+0200] {processor.py:208} INFO - Processing /mnt/e/Assignments/Airflow/airflow/airflow_env/lib/python3.12/site-packages/airflow/example_dags/example_sensors.py took 0.221 seconds
[2024-12-26T02:57:34.911+0200] {processor.py:186} INFO - Started process (PID=190849) to work on /mnt/e/Assignments/Airflow/airflow/airflow_env/lib/python3.12/site-packages/airflow/example_dags/example_sensors.py
[2024-12-26T02:57:34.914+0200] {processor.py:914} INFO - Processing file /mnt/e/Assignments/Airflow/airflow/airflow_env/lib/python3.12/site-packages/airflow/example_dags/example_sensors.py for tasks to queue
[2024-12-26T02:57:34.918+0200] {logging_mixin.py:190} INFO - [2024-12-26T02:57:34.916+0200] {dagbag.py:588} INFO - Filling up the DagBag from /mnt/e/Assignments/Airflow/airflow/airflow_env/lib/python3.12/site-packages/airflow/example_dags/example_sensors.py
[2024-12-26T02:57:34.963+0200] {processor.py:925} INFO - DAG(s) 'example_sensors' retrieved from /mnt/e/Assignments/Airflow/airflow/airflow_env/lib/python3.12/site-packages/airflow/example_dags/example_sensors.py
[2024-12-26T02:57:35.038+0200] {logging_mixin.py:190} INFO - [2024-12-26T02:57:35.036+0200] {dag.py:3239} INFO - Sync 1 DAGs
[2024-12-26T02:57:35.060+0200] {logging_mixin.py:190} INFO - [2024-12-26T02:57:35.058+0200] {dag.py:4180} INFO - Setting next_dagrun for example_sensors to None, run_after=None
[2024-12-26T02:57:35.155+0200] {processor.py:208} INFO - Processing /mnt/e/Assignments/Airflow/airflow/airflow_env/lib/python3.12/site-packages/airflow/example_dags/example_sensors.py took 0.264 seconds
[2024-12-26T03:01:33.746+0200] {processor.py:186} INFO - Started process (PID=190985) to work on /mnt/e/Assignments/Airflow/airflow/airflow_env/lib/python3.12/site-packages/airflow/example_dags/example_sensors.py
[2024-12-26T03:01:33.748+0200] {processor.py:914} INFO - Processing file /mnt/e/Assignments/Airflow/airflow/airflow_env/lib/python3.12/site-packages/airflow/example_dags/example_sensors.py for tasks to queue
[2024-12-26T03:01:33.752+0200] {logging_mixin.py:190} INFO - [2024-12-26T03:01:33.751+0200] {dagbag.py:588} INFO - Filling up the DagBag from /mnt/e/Assignments/Airflow/airflow/airflow_env/lib/python3.12/site-packages/airflow/example_dags/example_sensors.py
[2024-12-26T03:01:33.844+0200] {processor.py:925} INFO - DAG(s) 'example_sensors' retrieved from /mnt/e/Assignments/Airflow/airflow/airflow_env/lib/python3.12/site-packages/airflow/example_dags/example_sensors.py
[2024-12-26T03:01:33.890+0200] {logging_mixin.py:190} INFO - [2024-12-26T03:01:33.889+0200] {dag.py:3239} INFO - Sync 1 DAGs
[2024-12-26T03:01:33.917+0200] {logging_mixin.py:190} INFO - [2024-12-26T03:01:33.915+0200] {dag.py:4180} INFO - Setting next_dagrun for example_sensors to None, run_after=None
[2024-12-26T03:01:33.989+0200] {processor.py:208} INFO - Processing /mnt/e/Assignments/Airflow/airflow/airflow_env/lib/python3.12/site-packages/airflow/example_dags/example_sensors.py took 0.255 seconds
[2024-12-26T03:03:11.418+0200] {processor.py:186} INFO - Started process (PID=191056) to work on /mnt/e/Assignments/Airflow/airflow/airflow_env/lib/python3.12/site-packages/airflow/example_dags/example_sensors.py
[2024-12-26T03:03:11.421+0200] {processor.py:914} INFO - Processing file /mnt/e/Assignments/Airflow/airflow/airflow_env/lib/python3.12/site-packages/airflow/example_dags/example_sensors.py for tasks to queue
[2024-12-26T03:03:11.426+0200] {logging_mixin.py:190} INFO - [2024-12-26T03:03:11.424+0200] {dagbag.py:588} INFO - Filling up the DagBag from /mnt/e/Assignments/Airflow/airflow/airflow_env/lib/python3.12/site-packages/airflow/example_dags/example_sensors.py
[2024-12-26T03:03:11.519+0200] {processor.py:925} INFO - DAG(s) 'example_sensors' retrieved from /mnt/e/Assignments/Airflow/airflow/airflow_env/lib/python3.12/site-packages/airflow/example_dags/example_sensors.py
[2024-12-26T03:03:11.561+0200] {logging_mixin.py:190} INFO - [2024-12-26T03:03:11.559+0200] {dag.py:3239} INFO - Sync 1 DAGs
[2024-12-26T03:03:11.581+0200] {logging_mixin.py:190} INFO - [2024-12-26T03:03:11.578+0200] {dag.py:4180} INFO - Setting next_dagrun for example_sensors to None, run_after=None
[2024-12-26T03:03:11.709+0200] {processor.py:208} INFO - Processing /mnt/e/Assignments/Airflow/airflow/airflow_env/lib/python3.12/site-packages/airflow/example_dags/example_sensors.py took 0.311 seconds
[2024-12-26T03:05:25.730+0200] {processor.py:186} INFO - Started process (PID=191146) to work on /mnt/e/Assignments/Airflow/airflow/airflow_env/lib/python3.12/site-packages/airflow/example_dags/example_sensors.py
[2024-12-26T03:05:25.733+0200] {processor.py:914} INFO - Processing file /mnt/e/Assignments/Airflow/airflow/airflow_env/lib/python3.12/site-packages/airflow/example_dags/example_sensors.py for tasks to queue
[2024-12-26T03:05:25.738+0200] {logging_mixin.py:190} INFO - [2024-12-26T03:05:25.736+0200] {dagbag.py:588} INFO - Filling up the DagBag from /mnt/e/Assignments/Airflow/airflow/airflow_env/lib/python3.12/site-packages/airflow/example_dags/example_sensors.py
[2024-12-26T03:05:25.852+0200] {processor.py:925} INFO - DAG(s) 'example_sensors' retrieved from /mnt/e/Assignments/Airflow/airflow/airflow_env/lib/python3.12/site-packages/airflow/example_dags/example_sensors.py
[2024-12-26T03:05:25.894+0200] {logging_mixin.py:190} INFO - [2024-12-26T03:05:25.892+0200] {dag.py:3239} INFO - Sync 1 DAGs
[2024-12-26T03:05:25.917+0200] {logging_mixin.py:190} INFO - [2024-12-26T03:05:25.915+0200] {dag.py:4180} INFO - Setting next_dagrun for example_sensors to None, run_after=None
[2024-12-26T03:05:26.010+0200] {processor.py:208} INFO - Processing /mnt/e/Assignments/Airflow/airflow/airflow_env/lib/python3.12/site-packages/airflow/example_dags/example_sensors.py took 0.304 seconds
[2024-12-26T03:08:39.659+0200] {processor.py:186} INFO - Started process (PID=191252) to work on /mnt/e/Assignments/Airflow/airflow/airflow_env/lib/python3.12/site-packages/airflow/example_dags/example_sensors.py
[2024-12-26T03:08:39.661+0200] {processor.py:914} INFO - Processing file /mnt/e/Assignments/Airflow/airflow/airflow_env/lib/python3.12/site-packages/airflow/example_dags/example_sensors.py for tasks to queue
[2024-12-26T03:08:39.665+0200] {logging_mixin.py:190} INFO - [2024-12-26T03:08:39.663+0200] {dagbag.py:588} INFO - Filling up the DagBag from /mnt/e/Assignments/Airflow/airflow/airflow_env/lib/python3.12/site-packages/airflow/example_dags/example_sensors.py
[2024-12-26T03:08:39.738+0200] {processor.py:925} INFO - DAG(s) 'example_sensors' retrieved from /mnt/e/Assignments/Airflow/airflow/airflow_env/lib/python3.12/site-packages/airflow/example_dags/example_sensors.py
[2024-12-26T03:08:39.772+0200] {logging_mixin.py:190} INFO - [2024-12-26T03:08:39.771+0200] {dag.py:3239} INFO - Sync 1 DAGs
[2024-12-26T03:08:39.788+0200] {logging_mixin.py:190} INFO - [2024-12-26T03:08:39.787+0200] {dag.py:4180} INFO - Setting next_dagrun for example_sensors to None, run_after=None
[2024-12-26T03:08:39.873+0200] {processor.py:208} INFO - Processing /mnt/e/Assignments/Airflow/airflow/airflow_env/lib/python3.12/site-packages/airflow/example_dags/example_sensors.py took 0.225 seconds
[2024-12-26T03:10:47.657+0200] {processor.py:186} INFO - Started process (PID=191333) to work on /mnt/e/Assignments/Airflow/airflow/airflow_env/lib/python3.12/site-packages/airflow/example_dags/example_sensors.py
[2024-12-26T03:10:47.659+0200] {processor.py:914} INFO - Processing file /mnt/e/Assignments/Airflow/airflow/airflow_env/lib/python3.12/site-packages/airflow/example_dags/example_sensors.py for tasks to queue
[2024-12-26T03:10:47.666+0200] {logging_mixin.py:190} INFO - [2024-12-26T03:10:47.663+0200] {dagbag.py:588} INFO - Filling up the DagBag from /mnt/e/Assignments/Airflow/airflow/airflow_env/lib/python3.12/site-packages/airflow/example_dags/example_sensors.py
[2024-12-26T03:10:47.844+0200] {processor.py:925} INFO - DAG(s) 'example_sensors' retrieved from /mnt/e/Assignments/Airflow/airflow/airflow_env/lib/python3.12/site-packages/airflow/example_dags/example_sensors.py
[2024-12-26T03:10:47.972+0200] {logging_mixin.py:190} INFO - [2024-12-26T03:10:47.970+0200] {dag.py:3239} INFO - Sync 1 DAGs
[2024-12-26T03:10:47.988+0200] {logging_mixin.py:190} INFO - [2024-12-26T03:10:47.986+0200] {dag.py:4180} INFO - Setting next_dagrun for example_sensors to None, run_after=None
[2024-12-26T03:10:48.075+0200] {processor.py:208} INFO - Processing /mnt/e/Assignments/Airflow/airflow/airflow_env/lib/python3.12/site-packages/airflow/example_dags/example_sensors.py took 0.436 seconds
[2024-12-26T03:12:58.749+0200] {processor.py:186} INFO - Started process (PID=191417) to work on /mnt/e/Assignments/Airflow/airflow/airflow_env/lib/python3.12/site-packages/airflow/example_dags/example_sensors.py
[2024-12-26T03:12:58.752+0200] {processor.py:914} INFO - Processing file /mnt/e/Assignments/Airflow/airflow/airflow_env/lib/python3.12/site-packages/airflow/example_dags/example_sensors.py for tasks to queue
[2024-12-26T03:12:58.757+0200] {logging_mixin.py:190} INFO - [2024-12-26T03:12:58.755+0200] {dagbag.py:588} INFO - Filling up the DagBag from /mnt/e/Assignments/Airflow/airflow/airflow_env/lib/python3.12/site-packages/airflow/example_dags/example_sensors.py
[2024-12-26T03:12:58.867+0200] {processor.py:925} INFO - DAG(s) 'example_sensors' retrieved from /mnt/e/Assignments/Airflow/airflow/airflow_env/lib/python3.12/site-packages/airflow/example_dags/example_sensors.py
[2024-12-26T03:12:58.909+0200] {logging_mixin.py:190} INFO - [2024-12-26T03:12:58.908+0200] {dag.py:3239} INFO - Sync 1 DAGs
[2024-12-26T03:12:58.934+0200] {logging_mixin.py:190} INFO - [2024-12-26T03:12:58.932+0200] {dag.py:4180} INFO - Setting next_dagrun for example_sensors to None, run_after=None
[2024-12-26T03:12:59.023+0200] {processor.py:208} INFO - Processing /mnt/e/Assignments/Airflow/airflow/airflow_env/lib/python3.12/site-packages/airflow/example_dags/example_sensors.py took 0.291 seconds
[2024-12-26T03:15:02.534+0200] {processor.py:186} INFO - Started process (PID=191495) to work on /mnt/e/Assignments/Airflow/airflow/airflow_env/lib/python3.12/site-packages/airflow/example_dags/example_sensors.py
[2024-12-26T03:15:02.538+0200] {processor.py:914} INFO - Processing file /mnt/e/Assignments/Airflow/airflow/airflow_env/lib/python3.12/site-packages/airflow/example_dags/example_sensors.py for tasks to queue
[2024-12-26T03:15:02.544+0200] {logging_mixin.py:190} INFO - [2024-12-26T03:15:02.542+0200] {dagbag.py:588} INFO - Filling up the DagBag from /mnt/e/Assignments/Airflow/airflow/airflow_env/lib/python3.12/site-packages/airflow/example_dags/example_sensors.py
[2024-12-26T03:15:02.704+0200] {processor.py:925} INFO - DAG(s) 'example_sensors' retrieved from /mnt/e/Assignments/Airflow/airflow/airflow_env/lib/python3.12/site-packages/airflow/example_dags/example_sensors.py
[2024-12-26T03:15:02.752+0200] {logging_mixin.py:190} INFO - [2024-12-26T03:15:02.751+0200] {dag.py:3239} INFO - Sync 1 DAGs
[2024-12-26T03:15:02.768+0200] {logging_mixin.py:190} INFO - [2024-12-26T03:15:02.767+0200] {dag.py:4180} INFO - Setting next_dagrun for example_sensors to None, run_after=None
[2024-12-26T03:15:02.841+0200] {processor.py:208} INFO - Processing /mnt/e/Assignments/Airflow/airflow/airflow_env/lib/python3.12/site-packages/airflow/example_dags/example_sensors.py took 0.329 seconds
[2024-12-26T03:17:28.422+0200] {processor.py:186} INFO - Started process (PID=191580) to work on /mnt/e/Assignments/Airflow/airflow/airflow_env/lib/python3.12/site-packages/airflow/example_dags/example_sensors.py
[2024-12-26T03:17:28.424+0200] {processor.py:914} INFO - Processing file /mnt/e/Assignments/Airflow/airflow/airflow_env/lib/python3.12/site-packages/airflow/example_dags/example_sensors.py for tasks to queue
[2024-12-26T03:17:28.427+0200] {logging_mixin.py:190} INFO - [2024-12-26T03:17:28.426+0200] {dagbag.py:588} INFO - Filling up the DagBag from /mnt/e/Assignments/Airflow/airflow/airflow_env/lib/python3.12/site-packages/airflow/example_dags/example_sensors.py
[2024-12-26T03:17:28.503+0200] {processor.py:925} INFO - DAG(s) 'example_sensors' retrieved from /mnt/e/Assignments/Airflow/airflow/airflow_env/lib/python3.12/site-packages/airflow/example_dags/example_sensors.py
[2024-12-26T03:17:28.539+0200] {logging_mixin.py:190} INFO - [2024-12-26T03:17:28.537+0200] {dag.py:3239} INFO - Sync 1 DAGs
[2024-12-26T03:17:28.555+0200] {logging_mixin.py:190} INFO - [2024-12-26T03:17:28.554+0200] {dag.py:4180} INFO - Setting next_dagrun for example_sensors to None, run_after=None
[2024-12-26T03:17:28.620+0200] {processor.py:208} INFO - Processing /mnt/e/Assignments/Airflow/airflow/airflow_env/lib/python3.12/site-packages/airflow/example_dags/example_sensors.py took 0.207 seconds
[2024-12-26T03:19:29.281+0200] {processor.py:186} INFO - Started process (PID=191663) to work on /mnt/e/Assignments/Airflow/airflow/airflow_env/lib/python3.12/site-packages/airflow/example_dags/example_sensors.py
[2024-12-26T03:19:29.283+0200] {processor.py:914} INFO - Processing file /mnt/e/Assignments/Airflow/airflow/airflow_env/lib/python3.12/site-packages/airflow/example_dags/example_sensors.py for tasks to queue
[2024-12-26T03:19:29.286+0200] {logging_mixin.py:190} INFO - [2024-12-26T03:19:29.285+0200] {dagbag.py:588} INFO - Filling up the DagBag from /mnt/e/Assignments/Airflow/airflow/airflow_env/lib/python3.12/site-packages/airflow/example_dags/example_sensors.py
[2024-12-26T03:19:29.354+0200] {processor.py:925} INFO - DAG(s) 'example_sensors' retrieved from /mnt/e/Assignments/Airflow/airflow/airflow_env/lib/python3.12/site-packages/airflow/example_dags/example_sensors.py
[2024-12-26T03:19:29.381+0200] {logging_mixin.py:190} INFO - [2024-12-26T03:19:29.380+0200] {dag.py:3239} INFO - Sync 1 DAGs
[2024-12-26T03:19:29.394+0200] {logging_mixin.py:190} INFO - [2024-12-26T03:19:29.393+0200] {dag.py:4180} INFO - Setting next_dagrun for example_sensors to None, run_after=None
[2024-12-26T03:19:29.448+0200] {processor.py:208} INFO - Processing /mnt/e/Assignments/Airflow/airflow/airflow_env/lib/python3.12/site-packages/airflow/example_dags/example_sensors.py took 0.178 seconds
[2024-12-26T03:21:39.595+0200] {processor.py:186} INFO - Started process (PID=191767) to work on /mnt/e/Assignments/Airflow/airflow/airflow_env/lib/python3.12/site-packages/airflow/example_dags/example_sensors.py
[2024-12-26T03:21:39.600+0200] {processor.py:914} INFO - Processing file /mnt/e/Assignments/Airflow/airflow/airflow_env/lib/python3.12/site-packages/airflow/example_dags/example_sensors.py for tasks to queue
[2024-12-26T03:21:39.607+0200] {logging_mixin.py:190} INFO - [2024-12-26T03:21:39.605+0200] {dagbag.py:588} INFO - Filling up the DagBag from /mnt/e/Assignments/Airflow/airflow/airflow_env/lib/python3.12/site-packages/airflow/example_dags/example_sensors.py
[2024-12-26T03:21:39.852+0200] {processor.py:925} INFO - DAG(s) 'example_sensors' retrieved from /mnt/e/Assignments/Airflow/airflow/airflow_env/lib/python3.12/site-packages/airflow/example_dags/example_sensors.py
[2024-12-26T03:21:39.911+0200] {logging_mixin.py:190} INFO - [2024-12-26T03:21:39.908+0200] {dag.py:3239} INFO - Sync 1 DAGs
[2024-12-26T03:21:39.936+0200] {logging_mixin.py:190} INFO - [2024-12-26T03:21:39.932+0200] {dag.py:4180} INFO - Setting next_dagrun for example_sensors to None, run_after=None
[2024-12-26T03:21:40.091+0200] {processor.py:208} INFO - Processing /mnt/e/Assignments/Airflow/airflow/airflow_env/lib/python3.12/site-packages/airflow/example_dags/example_sensors.py took 0.521 seconds
[2024-12-26T03:23:47.871+0200] {processor.py:186} INFO - Started process (PID=191867) to work on /mnt/e/Assignments/Airflow/airflow/airflow_env/lib/python3.12/site-packages/airflow/example_dags/example_sensors.py
[2024-12-26T03:23:47.879+0200] {processor.py:914} INFO - Processing file /mnt/e/Assignments/Airflow/airflow/airflow_env/lib/python3.12/site-packages/airflow/example_dags/example_sensors.py for tasks to queue
[2024-12-26T03:23:47.891+0200] {logging_mixin.py:190} INFO - [2024-12-26T03:23:47.886+0200] {dagbag.py:588} INFO - Filling up the DagBag from /mnt/e/Assignments/Airflow/airflow/airflow_env/lib/python3.12/site-packages/airflow/example_dags/example_sensors.py
[2024-12-26T03:23:48.074+0200] {processor.py:925} INFO - DAG(s) 'example_sensors' retrieved from /mnt/e/Assignments/Airflow/airflow/airflow_env/lib/python3.12/site-packages/airflow/example_dags/example_sensors.py
[2024-12-26T03:23:48.099+0200] {logging_mixin.py:190} INFO - [2024-12-26T03:23:48.098+0200] {dag.py:3239} INFO - Sync 1 DAGs
[2024-12-26T03:23:48.113+0200] {logging_mixin.py:190} INFO - [2024-12-26T03:23:48.111+0200] {dag.py:4180} INFO - Setting next_dagrun for example_sensors to None, run_after=None
[2024-12-26T03:23:48.184+0200] {processor.py:208} INFO - Processing /mnt/e/Assignments/Airflow/airflow/airflow_env/lib/python3.12/site-packages/airflow/example_dags/example_sensors.py took 0.349 seconds
[2024-12-26T03:26:01.200+0200] {processor.py:186} INFO - Started process (PID=191964) to work on /mnt/e/Assignments/Airflow/airflow/airflow_env/lib/python3.12/site-packages/airflow/example_dags/example_sensors.py
[2024-12-26T03:26:01.201+0200] {processor.py:914} INFO - Processing file /mnt/e/Assignments/Airflow/airflow/airflow_env/lib/python3.12/site-packages/airflow/example_dags/example_sensors.py for tasks to queue
[2024-12-26T03:26:01.204+0200] {logging_mixin.py:190} INFO - [2024-12-26T03:26:01.203+0200] {dagbag.py:588} INFO - Filling up the DagBag from /mnt/e/Assignments/Airflow/airflow/airflow_env/lib/python3.12/site-packages/airflow/example_dags/example_sensors.py
[2024-12-26T03:26:01.261+0200] {processor.py:925} INFO - DAG(s) 'example_sensors' retrieved from /mnt/e/Assignments/Airflow/airflow/airflow_env/lib/python3.12/site-packages/airflow/example_dags/example_sensors.py
[2024-12-26T03:26:01.283+0200] {logging_mixin.py:190} INFO - [2024-12-26T03:26:01.282+0200] {dag.py:3239} INFO - Sync 1 DAGs
[2024-12-26T03:26:01.293+0200] {logging_mixin.py:190} INFO - [2024-12-26T03:26:01.292+0200] {dag.py:4180} INFO - Setting next_dagrun for example_sensors to None, run_after=None
[2024-12-26T03:26:01.335+0200] {processor.py:208} INFO - Processing /mnt/e/Assignments/Airflow/airflow/airflow_env/lib/python3.12/site-packages/airflow/example_dags/example_sensors.py took 0.144 seconds
[2024-12-26T03:28:05.006+0200] {processor.py:186} INFO - Started process (PID=192059) to work on /mnt/e/Assignments/Airflow/airflow/airflow_env/lib/python3.12/site-packages/airflow/example_dags/example_sensors.py
[2024-12-26T03:28:05.011+0200] {processor.py:914} INFO - Processing file /mnt/e/Assignments/Airflow/airflow/airflow_env/lib/python3.12/site-packages/airflow/example_dags/example_sensors.py for tasks to queue
[2024-12-26T03:28:05.020+0200] {logging_mixin.py:190} INFO - [2024-12-26T03:28:05.016+0200] {dagbag.py:588} INFO - Filling up the DagBag from /mnt/e/Assignments/Airflow/airflow/airflow_env/lib/python3.12/site-packages/airflow/example_dags/example_sensors.py
[2024-12-26T03:28:05.194+0200] {processor.py:925} INFO - DAG(s) 'example_sensors' retrieved from /mnt/e/Assignments/Airflow/airflow/airflow_env/lib/python3.12/site-packages/airflow/example_dags/example_sensors.py
[2024-12-26T03:28:05.219+0200] {logging_mixin.py:190} INFO - [2024-12-26T03:28:05.218+0200] {dag.py:3239} INFO - Sync 1 DAGs
[2024-12-26T03:28:05.230+0200] {logging_mixin.py:190} INFO - [2024-12-26T03:28:05.229+0200] {dag.py:4180} INFO - Setting next_dagrun for example_sensors to None, run_after=None
[2024-12-26T03:28:05.323+0200] {processor.py:208} INFO - Processing /mnt/e/Assignments/Airflow/airflow/airflow_env/lib/python3.12/site-packages/airflow/example_dags/example_sensors.py took 0.346 seconds
[2024-12-26T03:30:02.347+0200] {processor.py:186} INFO - Started process (PID=192147) to work on /mnt/e/Assignments/Airflow/airflow/airflow_env/lib/python3.12/site-packages/airflow/example_dags/example_sensors.py
[2024-12-26T03:30:02.349+0200] {processor.py:914} INFO - Processing file /mnt/e/Assignments/Airflow/airflow/airflow_env/lib/python3.12/site-packages/airflow/example_dags/example_sensors.py for tasks to queue
[2024-12-26T03:30:02.353+0200] {logging_mixin.py:190} INFO - [2024-12-26T03:30:02.351+0200] {dagbag.py:588} INFO - Filling up the DagBag from /mnt/e/Assignments/Airflow/airflow/airflow_env/lib/python3.12/site-packages/airflow/example_dags/example_sensors.py
[2024-12-26T03:30:02.464+0200] {processor.py:925} INFO - DAG(s) 'example_sensors' retrieved from /mnt/e/Assignments/Airflow/airflow/airflow_env/lib/python3.12/site-packages/airflow/example_dags/example_sensors.py
[2024-12-26T03:30:02.504+0200] {logging_mixin.py:190} INFO - [2024-12-26T03:30:02.503+0200] {dag.py:3239} INFO - Sync 1 DAGs
[2024-12-26T03:30:02.521+0200] {logging_mixin.py:190} INFO - [2024-12-26T03:30:02.519+0200] {dag.py:4180} INFO - Setting next_dagrun for example_sensors to None, run_after=None
[2024-12-26T03:30:02.593+0200] {processor.py:208} INFO - Processing /mnt/e/Assignments/Airflow/airflow/airflow_env/lib/python3.12/site-packages/airflow/example_dags/example_sensors.py took 0.262 seconds
[2024-12-26T03:32:21.895+0200] {processor.py:186} INFO - Started process (PID=192241) to work on /mnt/e/Assignments/Airflow/airflow/airflow_env/lib/python3.12/site-packages/airflow/example_dags/example_sensors.py
[2024-12-26T03:32:21.898+0200] {processor.py:914} INFO - Processing file /mnt/e/Assignments/Airflow/airflow/airflow_env/lib/python3.12/site-packages/airflow/example_dags/example_sensors.py for tasks to queue
[2024-12-26T03:32:21.902+0200] {logging_mixin.py:190} INFO - [2024-12-26T03:32:21.901+0200] {dagbag.py:588} INFO - Filling up the DagBag from /mnt/e/Assignments/Airflow/airflow/airflow_env/lib/python3.12/site-packages/airflow/example_dags/example_sensors.py
[2024-12-26T03:32:21.990+0200] {processor.py:925} INFO - DAG(s) 'example_sensors' retrieved from /mnt/e/Assignments/Airflow/airflow/airflow_env/lib/python3.12/site-packages/airflow/example_dags/example_sensors.py
[2024-12-26T03:32:22.020+0200] {logging_mixin.py:190} INFO - [2024-12-26T03:32:22.019+0200] {dag.py:3239} INFO - Sync 1 DAGs
[2024-12-26T03:32:22.032+0200] {logging_mixin.py:190} INFO - [2024-12-26T03:32:22.030+0200] {dag.py:4180} INFO - Setting next_dagrun for example_sensors to None, run_after=None
[2024-12-26T03:32:22.088+0200] {processor.py:208} INFO - Processing /mnt/e/Assignments/Airflow/airflow/airflow_env/lib/python3.12/site-packages/airflow/example_dags/example_sensors.py took 0.207 seconds
[2024-12-26T03:34:28.905+0200] {processor.py:186} INFO - Started process (PID=192347) to work on /mnt/e/Assignments/Airflow/airflow/airflow_env/lib/python3.12/site-packages/airflow/example_dags/example_sensors.py
[2024-12-26T03:34:28.907+0200] {processor.py:914} INFO - Processing file /mnt/e/Assignments/Airflow/airflow/airflow_env/lib/python3.12/site-packages/airflow/example_dags/example_sensors.py for tasks to queue
[2024-12-26T03:34:28.913+0200] {logging_mixin.py:190} INFO - [2024-12-26T03:34:28.911+0200] {dagbag.py:588} INFO - Filling up the DagBag from /mnt/e/Assignments/Airflow/airflow/airflow_env/lib/python3.12/site-packages/airflow/example_dags/example_sensors.py
[2024-12-26T03:34:29.017+0200] {processor.py:925} INFO - DAG(s) 'example_sensors' retrieved from /mnt/e/Assignments/Airflow/airflow/airflow_env/lib/python3.12/site-packages/airflow/example_dags/example_sensors.py
[2024-12-26T03:34:29.038+0200] {logging_mixin.py:190} INFO - [2024-12-26T03:34:29.037+0200] {dag.py:3239} INFO - Sync 1 DAGs
[2024-12-26T03:34:29.047+0200] {logging_mixin.py:190} INFO - [2024-12-26T03:34:29.046+0200] {dag.py:4180} INFO - Setting next_dagrun for example_sensors to None, run_after=None
[2024-12-26T03:34:29.085+0200] {processor.py:208} INFO - Processing /mnt/e/Assignments/Airflow/airflow/airflow_env/lib/python3.12/site-packages/airflow/example_dags/example_sensors.py took 0.213 seconds
[2024-12-26T03:38:29.174+0200] {processor.py:186} INFO - Started process (PID=192484) to work on /mnt/e/Assignments/Airflow/airflow/airflow_env/lib/python3.12/site-packages/airflow/example_dags/example_sensors.py
[2024-12-26T03:38:29.176+0200] {processor.py:914} INFO - Processing file /mnt/e/Assignments/Airflow/airflow/airflow_env/lib/python3.12/site-packages/airflow/example_dags/example_sensors.py for tasks to queue
[2024-12-26T03:38:29.180+0200] {logging_mixin.py:190} INFO - [2024-12-26T03:38:29.178+0200] {dagbag.py:588} INFO - Filling up the DagBag from /mnt/e/Assignments/Airflow/airflow/airflow_env/lib/python3.12/site-packages/airflow/example_dags/example_sensors.py
[2024-12-26T03:38:29.261+0200] {processor.py:925} INFO - DAG(s) 'example_sensors' retrieved from /mnt/e/Assignments/Airflow/airflow/airflow_env/lib/python3.12/site-packages/airflow/example_dags/example_sensors.py
[2024-12-26T03:38:29.292+0200] {logging_mixin.py:190} INFO - [2024-12-26T03:38:29.291+0200] {dag.py:3239} INFO - Sync 1 DAGs
[2024-12-26T03:38:29.303+0200] {logging_mixin.py:190} INFO - [2024-12-26T03:38:29.302+0200] {dag.py:4180} INFO - Setting next_dagrun for example_sensors to None, run_after=None
[2024-12-26T03:38:29.357+0200] {processor.py:208} INFO - Processing /mnt/e/Assignments/Airflow/airflow/airflow_env/lib/python3.12/site-packages/airflow/example_dags/example_sensors.py took 0.198 seconds
[2024-12-26T03:39:48.740+0200] {processor.py:186} INFO - Started process (PID=192539) to work on /mnt/e/Assignments/Airflow/airflow/airflow_env/lib/python3.12/site-packages/airflow/example_dags/example_sensors.py
[2024-12-26T03:39:48.742+0200] {processor.py:914} INFO - Processing file /mnt/e/Assignments/Airflow/airflow/airflow_env/lib/python3.12/site-packages/airflow/example_dags/example_sensors.py for tasks to queue
[2024-12-26T03:39:48.745+0200] {logging_mixin.py:190} INFO - [2024-12-26T03:39:48.744+0200] {dagbag.py:588} INFO - Filling up the DagBag from /mnt/e/Assignments/Airflow/airflow/airflow_env/lib/python3.12/site-packages/airflow/example_dags/example_sensors.py
[2024-12-26T03:39:48.801+0200] {processor.py:925} INFO - DAG(s) 'example_sensors' retrieved from /mnt/e/Assignments/Airflow/airflow/airflow_env/lib/python3.12/site-packages/airflow/example_dags/example_sensors.py
[2024-12-26T03:39:48.824+0200] {logging_mixin.py:190} INFO - [2024-12-26T03:39:48.823+0200] {dag.py:3239} INFO - Sync 1 DAGs
[2024-12-26T03:39:48.833+0200] {logging_mixin.py:190} INFO - [2024-12-26T03:39:48.832+0200] {dag.py:4180} INFO - Setting next_dagrun for example_sensors to None, run_after=None
[2024-12-26T03:39:48.875+0200] {processor.py:208} INFO - Processing /mnt/e/Assignments/Airflow/airflow/airflow_env/lib/python3.12/site-packages/airflow/example_dags/example_sensors.py took 0.143 seconds
[2024-12-26T03:41:45.361+0200] {processor.py:186} INFO - Started process (PID=192620) to work on /mnt/e/Assignments/Airflow/airflow/airflow_env/lib/python3.12/site-packages/airflow/example_dags/example_sensors.py
[2024-12-26T03:41:45.363+0200] {processor.py:914} INFO - Processing file /mnt/e/Assignments/Airflow/airflow/airflow_env/lib/python3.12/site-packages/airflow/example_dags/example_sensors.py for tasks to queue
[2024-12-26T03:41:45.367+0200] {logging_mixin.py:190} INFO - [2024-12-26T03:41:45.366+0200] {dagbag.py:588} INFO - Filling up the DagBag from /mnt/e/Assignments/Airflow/airflow/airflow_env/lib/python3.12/site-packages/airflow/example_dags/example_sensors.py
[2024-12-26T03:41:45.432+0200] {processor.py:925} INFO - DAG(s) 'example_sensors' retrieved from /mnt/e/Assignments/Airflow/airflow/airflow_env/lib/python3.12/site-packages/airflow/example_dags/example_sensors.py
[2024-12-26T03:41:45.458+0200] {logging_mixin.py:190} INFO - [2024-12-26T03:41:45.457+0200] {dag.py:3239} INFO - Sync 1 DAGs
[2024-12-26T03:41:45.468+0200] {logging_mixin.py:190} INFO - [2024-12-26T03:41:45.467+0200] {dag.py:4180} INFO - Setting next_dagrun for example_sensors to None, run_after=None
[2024-12-26T03:41:45.516+0200] {processor.py:208} INFO - Processing /mnt/e/Assignments/Airflow/airflow/airflow_env/lib/python3.12/site-packages/airflow/example_dags/example_sensors.py took 0.170 seconds
[2024-12-26T03:43:44.496+0200] {processor.py:186} INFO - Started process (PID=192696) to work on /mnt/e/Assignments/Airflow/airflow/airflow_env/lib/python3.12/site-packages/airflow/example_dags/example_sensors.py
[2024-12-26T03:43:44.501+0200] {processor.py:914} INFO - Processing file /mnt/e/Assignments/Airflow/airflow/airflow_env/lib/python3.12/site-packages/airflow/example_dags/example_sensors.py for tasks to queue
[2024-12-26T03:43:44.507+0200] {logging_mixin.py:190} INFO - [2024-12-26T03:43:44.505+0200] {dagbag.py:588} INFO - Filling up the DagBag from /mnt/e/Assignments/Airflow/airflow/airflow_env/lib/python3.12/site-packages/airflow/example_dags/example_sensors.py
[2024-12-26T03:43:44.581+0200] {processor.py:925} INFO - DAG(s) 'example_sensors' retrieved from /mnt/e/Assignments/Airflow/airflow/airflow_env/lib/python3.12/site-packages/airflow/example_dags/example_sensors.py
[2024-12-26T03:43:44.615+0200] {logging_mixin.py:190} INFO - [2024-12-26T03:43:44.614+0200] {dag.py:3239} INFO - Sync 1 DAGs
[2024-12-26T03:43:44.628+0200] {logging_mixin.py:190} INFO - [2024-12-26T03:43:44.627+0200] {dag.py:4180} INFO - Setting next_dagrun for example_sensors to None, run_after=None
[2024-12-26T03:43:44.676+0200] {processor.py:208} INFO - Processing /mnt/e/Assignments/Airflow/airflow/airflow_env/lib/python3.12/site-packages/airflow/example_dags/example_sensors.py took 0.208 seconds
[2024-12-26T03:45:42.663+0200] {processor.py:186} INFO - Started process (PID=192775) to work on /mnt/e/Assignments/Airflow/airflow/airflow_env/lib/python3.12/site-packages/airflow/example_dags/example_sensors.py
[2024-12-26T03:45:42.665+0200] {processor.py:914} INFO - Processing file /mnt/e/Assignments/Airflow/airflow/airflow_env/lib/python3.12/site-packages/airflow/example_dags/example_sensors.py for tasks to queue
[2024-12-26T03:45:42.671+0200] {logging_mixin.py:190} INFO - [2024-12-26T03:45:42.668+0200] {dagbag.py:588} INFO - Filling up the DagBag from /mnt/e/Assignments/Airflow/airflow/airflow_env/lib/python3.12/site-packages/airflow/example_dags/example_sensors.py
[2024-12-26T03:45:42.727+0200] {processor.py:925} INFO - DAG(s) 'example_sensors' retrieved from /mnt/e/Assignments/Airflow/airflow/airflow_env/lib/python3.12/site-packages/airflow/example_dags/example_sensors.py
[2024-12-26T03:45:42.749+0200] {logging_mixin.py:190} INFO - [2024-12-26T03:45:42.748+0200] {dag.py:3239} INFO - Sync 1 DAGs
[2024-12-26T03:45:42.758+0200] {logging_mixin.py:190} INFO - [2024-12-26T03:45:42.758+0200] {dag.py:4180} INFO - Setting next_dagrun for example_sensors to None, run_after=None
[2024-12-26T03:45:42.799+0200] {processor.py:208} INFO - Processing /mnt/e/Assignments/Airflow/airflow/airflow_env/lib/python3.12/site-packages/airflow/example_dags/example_sensors.py took 0.159 seconds
[2024-12-26T03:47:50.329+0200] {processor.py:186} INFO - Started process (PID=192860) to work on /mnt/e/Assignments/Airflow/airflow/airflow_env/lib/python3.12/site-packages/airflow/example_dags/example_sensors.py
[2024-12-26T03:47:50.331+0200] {processor.py:914} INFO - Processing file /mnt/e/Assignments/Airflow/airflow/airflow_env/lib/python3.12/site-packages/airflow/example_dags/example_sensors.py for tasks to queue
[2024-12-26T03:47:50.334+0200] {logging_mixin.py:190} INFO - [2024-12-26T03:47:50.333+0200] {dagbag.py:588} INFO - Filling up the DagBag from /mnt/e/Assignments/Airflow/airflow/airflow_env/lib/python3.12/site-packages/airflow/example_dags/example_sensors.py
[2024-12-26T03:47:50.402+0200] {processor.py:925} INFO - DAG(s) 'example_sensors' retrieved from /mnt/e/Assignments/Airflow/airflow/airflow_env/lib/python3.12/site-packages/airflow/example_dags/example_sensors.py
[2024-12-26T03:47:50.429+0200] {logging_mixin.py:190} INFO - [2024-12-26T03:47:50.428+0200] {dag.py:3239} INFO - Sync 1 DAGs
[2024-12-26T03:47:50.442+0200] {logging_mixin.py:190} INFO - [2024-12-26T03:47:50.441+0200] {dag.py:4180} INFO - Setting next_dagrun for example_sensors to None, run_after=None
[2024-12-26T03:47:50.496+0200] {processor.py:208} INFO - Processing /mnt/e/Assignments/Airflow/airflow/airflow_env/lib/python3.12/site-packages/airflow/example_dags/example_sensors.py took 0.179 seconds
[2024-12-26T03:49:55.155+0200] {processor.py:186} INFO - Started process (PID=192942) to work on /mnt/e/Assignments/Airflow/airflow/airflow_env/lib/python3.12/site-packages/airflow/example_dags/example_sensors.py
[2024-12-26T03:49:55.157+0200] {processor.py:914} INFO - Processing file /mnt/e/Assignments/Airflow/airflow/airflow_env/lib/python3.12/site-packages/airflow/example_dags/example_sensors.py for tasks to queue
[2024-12-26T03:49:55.160+0200] {logging_mixin.py:190} INFO - [2024-12-26T03:49:55.159+0200] {dagbag.py:588} INFO - Filling up the DagBag from /mnt/e/Assignments/Airflow/airflow/airflow_env/lib/python3.12/site-packages/airflow/example_dags/example_sensors.py
[2024-12-26T03:49:55.216+0200] {processor.py:925} INFO - DAG(s) 'example_sensors' retrieved from /mnt/e/Assignments/Airflow/airflow/airflow_env/lib/python3.12/site-packages/airflow/example_dags/example_sensors.py
[2024-12-26T03:49:55.240+0200] {logging_mixin.py:190} INFO - [2024-12-26T03:49:55.239+0200] {dag.py:3239} INFO - Sync 1 DAGs
[2024-12-26T03:49:55.249+0200] {logging_mixin.py:190} INFO - [2024-12-26T03:49:55.249+0200] {dag.py:4180} INFO - Setting next_dagrun for example_sensors to None, run_after=None
[2024-12-26T03:49:55.290+0200] {processor.py:208} INFO - Processing /mnt/e/Assignments/Airflow/airflow/airflow_env/lib/python3.12/site-packages/airflow/example_dags/example_sensors.py took 0.144 seconds
[2024-12-26T03:52:00.544+0200] {processor.py:186} INFO - Started process (PID=193021) to work on /mnt/e/Assignments/Airflow/airflow/airflow_env/lib/python3.12/site-packages/airflow/example_dags/example_sensors.py
[2024-12-26T03:52:00.546+0200] {processor.py:914} INFO - Processing file /mnt/e/Assignments/Airflow/airflow/airflow_env/lib/python3.12/site-packages/airflow/example_dags/example_sensors.py for tasks to queue
[2024-12-26T03:52:00.549+0200] {logging_mixin.py:190} INFO - [2024-12-26T03:52:00.548+0200] {dagbag.py:588} INFO - Filling up the DagBag from /mnt/e/Assignments/Airflow/airflow/airflow_env/lib/python3.12/site-packages/airflow/example_dags/example_sensors.py
[2024-12-26T03:52:00.605+0200] {processor.py:925} INFO - DAG(s) 'example_sensors' retrieved from /mnt/e/Assignments/Airflow/airflow/airflow_env/lib/python3.12/site-packages/airflow/example_dags/example_sensors.py
[2024-12-26T03:52:00.628+0200] {logging_mixin.py:190} INFO - [2024-12-26T03:52:00.627+0200] {dag.py:3239} INFO - Sync 1 DAGs
[2024-12-26T03:52:00.637+0200] {logging_mixin.py:190} INFO - [2024-12-26T03:52:00.637+0200] {dag.py:4180} INFO - Setting next_dagrun for example_sensors to None, run_after=None
[2024-12-26T03:52:00.682+0200] {processor.py:208} INFO - Processing /mnt/e/Assignments/Airflow/airflow/airflow_env/lib/python3.12/site-packages/airflow/example_dags/example_sensors.py took 0.148 seconds
[2024-12-26T03:54:08.594+0200] {processor.py:186} INFO - Started process (PID=193105) to work on /mnt/e/Assignments/Airflow/airflow/airflow_env/lib/python3.12/site-packages/airflow/example_dags/example_sensors.py
[2024-12-26T03:54:08.597+0200] {processor.py:914} INFO - Processing file /mnt/e/Assignments/Airflow/airflow/airflow_env/lib/python3.12/site-packages/airflow/example_dags/example_sensors.py for tasks to queue
[2024-12-26T03:54:08.600+0200] {logging_mixin.py:190} INFO - [2024-12-26T03:54:08.599+0200] {dagbag.py:588} INFO - Filling up the DagBag from /mnt/e/Assignments/Airflow/airflow/airflow_env/lib/python3.12/site-packages/airflow/example_dags/example_sensors.py
[2024-12-26T03:54:08.689+0200] {processor.py:925} INFO - DAG(s) 'example_sensors' retrieved from /mnt/e/Assignments/Airflow/airflow/airflow_env/lib/python3.12/site-packages/airflow/example_dags/example_sensors.py
[2024-12-26T03:54:08.717+0200] {logging_mixin.py:190} INFO - [2024-12-26T03:54:08.716+0200] {dag.py:3239} INFO - Sync 1 DAGs
[2024-12-26T03:54:08.729+0200] {logging_mixin.py:190} INFO - [2024-12-26T03:54:08.727+0200] {dag.py:4180} INFO - Setting next_dagrun for example_sensors to None, run_after=None
[2024-12-26T03:54:08.785+0200] {processor.py:208} INFO - Processing /mnt/e/Assignments/Airflow/airflow/airflow_env/lib/python3.12/site-packages/airflow/example_dags/example_sensors.py took 0.202 seconds
[2024-12-26T03:56:27.860+0200] {processor.py:186} INFO - Started process (PID=193186) to work on /mnt/e/Assignments/Airflow/airflow/airflow_env/lib/python3.12/site-packages/airflow/example_dags/example_sensors.py
[2024-12-26T03:56:27.863+0200] {processor.py:914} INFO - Processing file /mnt/e/Assignments/Airflow/airflow/airflow_env/lib/python3.12/site-packages/airflow/example_dags/example_sensors.py for tasks to queue
[2024-12-26T03:56:27.867+0200] {logging_mixin.py:190} INFO - [2024-12-26T03:56:27.866+0200] {dagbag.py:588} INFO - Filling up the DagBag from /mnt/e/Assignments/Airflow/airflow/airflow_env/lib/python3.12/site-packages/airflow/example_dags/example_sensors.py
[2024-12-26T03:56:27.965+0200] {processor.py:925} INFO - DAG(s) 'example_sensors' retrieved from /mnt/e/Assignments/Airflow/airflow/airflow_env/lib/python3.12/site-packages/airflow/example_dags/example_sensors.py
[2024-12-26T03:56:27.992+0200] {logging_mixin.py:190} INFO - [2024-12-26T03:56:27.991+0200] {dag.py:3239} INFO - Sync 1 DAGs
[2024-12-26T03:56:28.003+0200] {logging_mixin.py:190} INFO - [2024-12-26T03:56:28.002+0200] {dag.py:4180} INFO - Setting next_dagrun for example_sensors to None, run_after=None
[2024-12-26T03:56:28.055+0200] {processor.py:208} INFO - Processing /mnt/e/Assignments/Airflow/airflow/airflow_env/lib/python3.12/site-packages/airflow/example_dags/example_sensors.py took 0.210 seconds
[2024-12-26T03:58:30.384+0200] {processor.py:186} INFO - Started process (PID=193269) to work on /mnt/e/Assignments/Airflow/airflow/airflow_env/lib/python3.12/site-packages/airflow/example_dags/example_sensors.py
[2024-12-26T03:58:30.386+0200] {processor.py:914} INFO - Processing file /mnt/e/Assignments/Airflow/airflow/airflow_env/lib/python3.12/site-packages/airflow/example_dags/example_sensors.py for tasks to queue
[2024-12-26T03:58:30.390+0200] {logging_mixin.py:190} INFO - [2024-12-26T03:58:30.389+0200] {dagbag.py:588} INFO - Filling up the DagBag from /mnt/e/Assignments/Airflow/airflow/airflow_env/lib/python3.12/site-packages/airflow/example_dags/example_sensors.py
[2024-12-26T03:58:30.461+0200] {processor.py:925} INFO - DAG(s) 'example_sensors' retrieved from /mnt/e/Assignments/Airflow/airflow/airflow_env/lib/python3.12/site-packages/airflow/example_dags/example_sensors.py
[2024-12-26T03:58:30.488+0200] {logging_mixin.py:190} INFO - [2024-12-26T03:58:30.487+0200] {dag.py:3239} INFO - Sync 1 DAGs
[2024-12-26T03:58:30.501+0200] {logging_mixin.py:190} INFO - [2024-12-26T03:58:30.500+0200] {dag.py:4180} INFO - Setting next_dagrun for example_sensors to None, run_after=None
[2024-12-26T03:58:30.553+0200] {processor.py:208} INFO - Processing /mnt/e/Assignments/Airflow/airflow/airflow_env/lib/python3.12/site-packages/airflow/example_dags/example_sensors.py took 0.182 seconds
[2024-12-26T04:00:30.687+0200] {processor.py:186} INFO - Started process (PID=193347) to work on /mnt/e/Assignments/Airflow/airflow/airflow_env/lib/python3.12/site-packages/airflow/example_dags/example_sensors.py
[2024-12-26T04:00:30.693+0200] {processor.py:914} INFO - Processing file /mnt/e/Assignments/Airflow/airflow/airflow_env/lib/python3.12/site-packages/airflow/example_dags/example_sensors.py for tasks to queue
[2024-12-26T04:00:30.701+0200] {logging_mixin.py:190} INFO - [2024-12-26T04:00:30.698+0200] {dagbag.py:588} INFO - Filling up the DagBag from /mnt/e/Assignments/Airflow/airflow/airflow_env/lib/python3.12/site-packages/airflow/example_dags/example_sensors.py
[2024-12-26T04:00:30.970+0200] {processor.py:925} INFO - DAG(s) 'example_sensors' retrieved from /mnt/e/Assignments/Airflow/airflow/airflow_env/lib/python3.12/site-packages/airflow/example_dags/example_sensors.py
[2024-12-26T04:00:31.035+0200] {logging_mixin.py:190} INFO - [2024-12-26T04:00:31.032+0200] {dag.py:3239} INFO - Sync 1 DAGs
[2024-12-26T04:00:31.061+0200] {logging_mixin.py:190} INFO - [2024-12-26T04:00:31.058+0200] {dag.py:4180} INFO - Setting next_dagrun for example_sensors to None, run_after=None
[2024-12-26T04:00:31.157+0200] {processor.py:208} INFO - Processing /mnt/e/Assignments/Airflow/airflow/airflow_env/lib/python3.12/site-packages/airflow/example_dags/example_sensors.py took 0.504 seconds
[2024-12-26T04:02:33.253+0200] {processor.py:186} INFO - Started process (PID=193427) to work on /mnt/e/Assignments/Airflow/airflow/airflow_env/lib/python3.12/site-packages/airflow/example_dags/example_sensors.py
[2024-12-26T04:02:33.259+0200] {processor.py:914} INFO - Processing file /mnt/e/Assignments/Airflow/airflow/airflow_env/lib/python3.12/site-packages/airflow/example_dags/example_sensors.py for tasks to queue
[2024-12-26T04:02:33.269+0200] {logging_mixin.py:190} INFO - [2024-12-26T04:02:33.264+0200] {dagbag.py:588} INFO - Filling up the DagBag from /mnt/e/Assignments/Airflow/airflow/airflow_env/lib/python3.12/site-packages/airflow/example_dags/example_sensors.py
[2024-12-26T04:02:33.511+0200] {processor.py:925} INFO - DAG(s) 'example_sensors' retrieved from /mnt/e/Assignments/Airflow/airflow/airflow_env/lib/python3.12/site-packages/airflow/example_dags/example_sensors.py
[2024-12-26T04:02:33.581+0200] {logging_mixin.py:190} INFO - [2024-12-26T04:02:33.577+0200] {dag.py:3239} INFO - Sync 1 DAGs
[2024-12-26T04:02:33.613+0200] {logging_mixin.py:190} INFO - [2024-12-26T04:02:33.609+0200] {dag.py:4180} INFO - Setting next_dagrun for example_sensors to None, run_after=None
[2024-12-26T04:02:33.698+0200] {processor.py:208} INFO - Processing /mnt/e/Assignments/Airflow/airflow/airflow_env/lib/python3.12/site-packages/airflow/example_dags/example_sensors.py took 0.481 seconds
[2024-12-26T04:04:56.277+0200] {processor.py:186} INFO - Started process (PID=193512) to work on /mnt/e/Assignments/Airflow/airflow/airflow_env/lib/python3.12/site-packages/airflow/example_dags/example_sensors.py
[2024-12-26T04:04:56.282+0200] {processor.py:914} INFO - Processing file /mnt/e/Assignments/Airflow/airflow/airflow_env/lib/python3.12/site-packages/airflow/example_dags/example_sensors.py for tasks to queue
[2024-12-26T04:04:56.290+0200] {logging_mixin.py:190} INFO - [2024-12-26T04:04:56.287+0200] {dagbag.py:588} INFO - Filling up the DagBag from /mnt/e/Assignments/Airflow/airflow/airflow_env/lib/python3.12/site-packages/airflow/example_dags/example_sensors.py
[2024-12-26T04:04:56.571+0200] {processor.py:925} INFO - DAG(s) 'example_sensors' retrieved from /mnt/e/Assignments/Airflow/airflow/airflow_env/lib/python3.12/site-packages/airflow/example_dags/example_sensors.py
[2024-12-26T04:04:56.636+0200] {logging_mixin.py:190} INFO - [2024-12-26T04:04:56.633+0200] {dag.py:3239} INFO - Sync 1 DAGs
[2024-12-26T04:04:56.662+0200] {logging_mixin.py:190} INFO - [2024-12-26T04:04:56.656+0200] {dag.py:4180} INFO - Setting next_dagrun for example_sensors to None, run_after=None
[2024-12-26T04:04:56.787+0200] {processor.py:208} INFO - Processing /mnt/e/Assignments/Airflow/airflow/airflow_env/lib/python3.12/site-packages/airflow/example_dags/example_sensors.py took 0.545 seconds
[2024-12-26T04:06:51.255+0200] {processor.py:186} INFO - Started process (PID=193589) to work on /mnt/e/Assignments/Airflow/airflow/airflow_env/lib/python3.12/site-packages/airflow/example_dags/example_sensors.py
[2024-12-26T04:06:51.256+0200] {processor.py:914} INFO - Processing file /mnt/e/Assignments/Airflow/airflow/airflow_env/lib/python3.12/site-packages/airflow/example_dags/example_sensors.py for tasks to queue
[2024-12-26T04:06:51.259+0200] {logging_mixin.py:190} INFO - [2024-12-26T04:06:51.258+0200] {dagbag.py:588} INFO - Filling up the DagBag from /mnt/e/Assignments/Airflow/airflow/airflow_env/lib/python3.12/site-packages/airflow/example_dags/example_sensors.py
[2024-12-26T04:06:51.312+0200] {processor.py:925} INFO - DAG(s) 'example_sensors' retrieved from /mnt/e/Assignments/Airflow/airflow/airflow_env/lib/python3.12/site-packages/airflow/example_dags/example_sensors.py
[2024-12-26T04:06:51.335+0200] {logging_mixin.py:190} INFO - [2024-12-26T04:06:51.334+0200] {dag.py:3239} INFO - Sync 1 DAGs
[2024-12-26T04:06:51.347+0200] {logging_mixin.py:190} INFO - [2024-12-26T04:06:51.346+0200] {dag.py:4180} INFO - Setting next_dagrun for example_sensors to None, run_after=None
[2024-12-26T04:06:51.404+0200] {processor.py:208} INFO - Processing /mnt/e/Assignments/Airflow/airflow/airflow_env/lib/python3.12/site-packages/airflow/example_dags/example_sensors.py took 0.158 seconds
[2024-12-26T04:08:48.412+0200] {processor.py:186} INFO - Started process (PID=193668) to work on /mnt/e/Assignments/Airflow/airflow/airflow_env/lib/python3.12/site-packages/airflow/example_dags/example_sensors.py
[2024-12-26T04:08:48.413+0200] {processor.py:914} INFO - Processing file /mnt/e/Assignments/Airflow/airflow/airflow_env/lib/python3.12/site-packages/airflow/example_dags/example_sensors.py for tasks to queue
[2024-12-26T04:08:48.416+0200] {logging_mixin.py:190} INFO - [2024-12-26T04:08:48.415+0200] {dagbag.py:588} INFO - Filling up the DagBag from /mnt/e/Assignments/Airflow/airflow/airflow_env/lib/python3.12/site-packages/airflow/example_dags/example_sensors.py
[2024-12-26T04:08:48.468+0200] {processor.py:925} INFO - DAG(s) 'example_sensors' retrieved from /mnt/e/Assignments/Airflow/airflow/airflow_env/lib/python3.12/site-packages/airflow/example_dags/example_sensors.py
[2024-12-26T04:08:48.490+0200] {logging_mixin.py:190} INFO - [2024-12-26T04:08:48.489+0200] {dag.py:3239} INFO - Sync 1 DAGs
[2024-12-26T04:08:48.500+0200] {logging_mixin.py:190} INFO - [2024-12-26T04:08:48.499+0200] {dag.py:4180} INFO - Setting next_dagrun for example_sensors to None, run_after=None
[2024-12-26T04:08:48.540+0200] {processor.py:208} INFO - Processing /mnt/e/Assignments/Airflow/airflow/airflow_env/lib/python3.12/site-packages/airflow/example_dags/example_sensors.py took 0.136 seconds
[2024-12-26T04:10:33.233+0200] {processor.py:186} INFO - Started process (PID=193743) to work on /mnt/e/Assignments/Airflow/airflow/airflow_env/lib/python3.12/site-packages/airflow/example_dags/example_sensors.py
[2024-12-26T04:10:33.238+0200] {processor.py:914} INFO - Processing file /mnt/e/Assignments/Airflow/airflow/airflow_env/lib/python3.12/site-packages/airflow/example_dags/example_sensors.py for tasks to queue
[2024-12-26T04:10:33.245+0200] {logging_mixin.py:190} INFO - [2024-12-26T04:10:33.243+0200] {dagbag.py:588} INFO - Filling up the DagBag from /mnt/e/Assignments/Airflow/airflow/airflow_env/lib/python3.12/site-packages/airflow/example_dags/example_sensors.py
[2024-12-26T04:10:33.482+0200] {processor.py:925} INFO - DAG(s) 'example_sensors' retrieved from /mnt/e/Assignments/Airflow/airflow/airflow_env/lib/python3.12/site-packages/airflow/example_dags/example_sensors.py
[2024-12-26T04:10:33.527+0200] {logging_mixin.py:190} INFO - [2024-12-26T04:10:33.525+0200] {dag.py:3239} INFO - Sync 1 DAGs
[2024-12-26T04:10:33.548+0200] {logging_mixin.py:190} INFO - [2024-12-26T04:10:33.546+0200] {dag.py:4180} INFO - Setting next_dagrun for example_sensors to None, run_after=None
[2024-12-26T04:10:33.592+0200] {processor.py:208} INFO - Processing /mnt/e/Assignments/Airflow/airflow/airflow_env/lib/python3.12/site-packages/airflow/example_dags/example_sensors.py took 0.390 seconds
[2024-12-26T04:12:29.181+0200] {processor.py:186} INFO - Started process (PID=193819) to work on /mnt/e/Assignments/Airflow/airflow/airflow_env/lib/python3.12/site-packages/airflow/example_dags/example_sensors.py
[2024-12-26T04:12:29.185+0200] {processor.py:914} INFO - Processing file /mnt/e/Assignments/Airflow/airflow/airflow_env/lib/python3.12/site-packages/airflow/example_dags/example_sensors.py for tasks to queue
[2024-12-26T04:12:29.191+0200] {logging_mixin.py:190} INFO - [2024-12-26T04:12:29.189+0200] {dagbag.py:588} INFO - Filling up the DagBag from /mnt/e/Assignments/Airflow/airflow/airflow_env/lib/python3.12/site-packages/airflow/example_dags/example_sensors.py
[2024-12-26T04:12:29.317+0200] {processor.py:925} INFO - DAG(s) 'example_sensors' retrieved from /mnt/e/Assignments/Airflow/airflow/airflow_env/lib/python3.12/site-packages/airflow/example_dags/example_sensors.py
[2024-12-26T04:12:29.346+0200] {logging_mixin.py:190} INFO - [2024-12-26T04:12:29.345+0200] {dag.py:3239} INFO - Sync 1 DAGs
[2024-12-26T04:12:29.361+0200] {logging_mixin.py:190} INFO - [2024-12-26T04:12:29.359+0200] {dag.py:4180} INFO - Setting next_dagrun for example_sensors to None, run_after=None
[2024-12-26T04:12:29.412+0200] {processor.py:208} INFO - Processing /mnt/e/Assignments/Airflow/airflow/airflow_env/lib/python3.12/site-packages/airflow/example_dags/example_sensors.py took 0.252 seconds
[2024-12-26T04:14:15.286+0200] {processor.py:186} INFO - Started process (PID=193897) to work on /mnt/e/Assignments/Airflow/airflow/airflow_env/lib/python3.12/site-packages/airflow/example_dags/example_sensors.py
[2024-12-26T04:14:15.288+0200] {processor.py:914} INFO - Processing file /mnt/e/Assignments/Airflow/airflow/airflow_env/lib/python3.12/site-packages/airflow/example_dags/example_sensors.py for tasks to queue
[2024-12-26T04:14:15.290+0200] {logging_mixin.py:190} INFO - [2024-12-26T04:14:15.289+0200] {dagbag.py:588} INFO - Filling up the DagBag from /mnt/e/Assignments/Airflow/airflow/airflow_env/lib/python3.12/site-packages/airflow/example_dags/example_sensors.py
[2024-12-26T04:14:15.343+0200] {processor.py:925} INFO - DAG(s) 'example_sensors' retrieved from /mnt/e/Assignments/Airflow/airflow/airflow_env/lib/python3.12/site-packages/airflow/example_dags/example_sensors.py
[2024-12-26T04:14:15.364+0200] {logging_mixin.py:190} INFO - [2024-12-26T04:14:15.363+0200] {dag.py:3239} INFO - Sync 1 DAGs
[2024-12-26T04:14:15.374+0200] {logging_mixin.py:190} INFO - [2024-12-26T04:14:15.373+0200] {dag.py:4180} INFO - Setting next_dagrun for example_sensors to None, run_after=None
[2024-12-26T04:14:15.420+0200] {processor.py:208} INFO - Processing /mnt/e/Assignments/Airflow/airflow/airflow_env/lib/python3.12/site-packages/airflow/example_dags/example_sensors.py took 0.143 seconds
[2024-12-26T04:16:33.581+0200] {processor.py:186} INFO - Started process (PID=193977) to work on /mnt/e/Assignments/Airflow/airflow/airflow_env/lib/python3.12/site-packages/airflow/example_dags/example_sensors.py
[2024-12-26T04:16:33.585+0200] {processor.py:914} INFO - Processing file /mnt/e/Assignments/Airflow/airflow/airflow_env/lib/python3.12/site-packages/airflow/example_dags/example_sensors.py for tasks to queue
[2024-12-26T04:16:33.593+0200] {logging_mixin.py:190} INFO - [2024-12-26T04:16:33.590+0200] {dagbag.py:588} INFO - Filling up the DagBag from /mnt/e/Assignments/Airflow/airflow/airflow_env/lib/python3.12/site-packages/airflow/example_dags/example_sensors.py
[2024-12-26T04:16:33.714+0200] {processor.py:925} INFO - DAG(s) 'example_sensors' retrieved from /mnt/e/Assignments/Airflow/airflow/airflow_env/lib/python3.12/site-packages/airflow/example_dags/example_sensors.py
[2024-12-26T04:16:33.742+0200] {logging_mixin.py:190} INFO - [2024-12-26T04:16:33.741+0200] {dag.py:3239} INFO - Sync 1 DAGs
[2024-12-26T04:16:33.753+0200] {logging_mixin.py:190} INFO - [2024-12-26T04:16:33.751+0200] {dag.py:4180} INFO - Setting next_dagrun for example_sensors to None, run_after=None
[2024-12-26T04:16:33.800+0200] {processor.py:208} INFO - Processing /mnt/e/Assignments/Airflow/airflow/airflow_env/lib/python3.12/site-packages/airflow/example_dags/example_sensors.py took 0.247 seconds
[2024-12-26T04:18:44.139+0200] {processor.py:186} INFO - Started process (PID=194066) to work on /mnt/e/Assignments/Airflow/airflow/airflow_env/lib/python3.12/site-packages/airflow/example_dags/example_sensors.py
[2024-12-26T04:18:44.142+0200] {processor.py:914} INFO - Processing file /mnt/e/Assignments/Airflow/airflow/airflow_env/lib/python3.12/site-packages/airflow/example_dags/example_sensors.py for tasks to queue
[2024-12-26T04:18:44.146+0200] {logging_mixin.py:190} INFO - [2024-12-26T04:18:44.145+0200] {dagbag.py:588} INFO - Filling up the DagBag from /mnt/e/Assignments/Airflow/airflow/airflow_env/lib/python3.12/site-packages/airflow/example_dags/example_sensors.py
[2024-12-26T04:18:44.236+0200] {processor.py:925} INFO - DAG(s) 'example_sensors' retrieved from /mnt/e/Assignments/Airflow/airflow/airflow_env/lib/python3.12/site-packages/airflow/example_dags/example_sensors.py
[2024-12-26T04:18:44.262+0200] {logging_mixin.py:190} INFO - [2024-12-26T04:18:44.260+0200] {dag.py:3239} INFO - Sync 1 DAGs
[2024-12-26T04:18:44.274+0200] {logging_mixin.py:190} INFO - [2024-12-26T04:18:44.273+0200] {dag.py:4180} INFO - Setting next_dagrun for example_sensors to None, run_after=None
[2024-12-26T04:18:44.324+0200] {processor.py:208} INFO - Processing /mnt/e/Assignments/Airflow/airflow/airflow_env/lib/python3.12/site-packages/airflow/example_dags/example_sensors.py took 0.201 seconds
[2024-12-26T04:21:03.242+0200] {processor.py:186} INFO - Started process (PID=194150) to work on /mnt/e/Assignments/Airflow/airflow/airflow_env/lib/python3.12/site-packages/airflow/example_dags/example_sensors.py
[2024-12-26T04:21:03.248+0200] {processor.py:914} INFO - Processing file /mnt/e/Assignments/Airflow/airflow/airflow_env/lib/python3.12/site-packages/airflow/example_dags/example_sensors.py for tasks to queue
[2024-12-26T04:21:03.257+0200] {logging_mixin.py:190} INFO - [2024-12-26T04:21:03.255+0200] {dagbag.py:588} INFO - Filling up the DagBag from /mnt/e/Assignments/Airflow/airflow/airflow_env/lib/python3.12/site-packages/airflow/example_dags/example_sensors.py
[2024-12-26T04:21:03.503+0200] {processor.py:925} INFO - DAG(s) 'example_sensors' retrieved from /mnt/e/Assignments/Airflow/airflow/airflow_env/lib/python3.12/site-packages/airflow/example_dags/example_sensors.py
[2024-12-26T04:21:03.557+0200] {logging_mixin.py:190} INFO - [2024-12-26T04:21:03.554+0200] {dag.py:3239} INFO - Sync 1 DAGs
[2024-12-26T04:21:03.582+0200] {logging_mixin.py:190} INFO - [2024-12-26T04:21:03.578+0200] {dag.py:4180} INFO - Setting next_dagrun for example_sensors to None, run_after=None
[2024-12-26T04:21:03.742+0200] {processor.py:208} INFO - Processing /mnt/e/Assignments/Airflow/airflow/airflow_env/lib/python3.12/site-packages/airflow/example_dags/example_sensors.py took 0.531 seconds
[2024-12-26T04:23:25.598+0200] {processor.py:186} INFO - Started process (PID=194233) to work on /mnt/e/Assignments/Airflow/airflow/airflow_env/lib/python3.12/site-packages/airflow/example_dags/example_sensors.py
[2024-12-26T04:23:25.600+0200] {processor.py:914} INFO - Processing file /mnt/e/Assignments/Airflow/airflow/airflow_env/lib/python3.12/site-packages/airflow/example_dags/example_sensors.py for tasks to queue
[2024-12-26T04:23:25.603+0200] {logging_mixin.py:190} INFO - [2024-12-26T04:23:25.602+0200] {dagbag.py:588} INFO - Filling up the DagBag from /mnt/e/Assignments/Airflow/airflow/airflow_env/lib/python3.12/site-packages/airflow/example_dags/example_sensors.py
[2024-12-26T04:23:25.672+0200] {processor.py:925} INFO - DAG(s) 'example_sensors' retrieved from /mnt/e/Assignments/Airflow/airflow/airflow_env/lib/python3.12/site-packages/airflow/example_dags/example_sensors.py
[2024-12-26T04:23:25.705+0200] {logging_mixin.py:190} INFO - [2024-12-26T04:23:25.703+0200] {dag.py:3239} INFO - Sync 1 DAGs
[2024-12-26T04:23:25.718+0200] {logging_mixin.py:190} INFO - [2024-12-26T04:23:25.717+0200] {dag.py:4180} INFO - Setting next_dagrun for example_sensors to None, run_after=None
[2024-12-26T04:23:25.793+0200] {processor.py:208} INFO - Processing /mnt/e/Assignments/Airflow/airflow/airflow_env/lib/python3.12/site-packages/airflow/example_dags/example_sensors.py took 0.209 seconds
[2024-12-26T04:25:34.759+0200] {processor.py:186} INFO - Started process (PID=194316) to work on /mnt/e/Assignments/Airflow/airflow/airflow_env/lib/python3.12/site-packages/airflow/example_dags/example_sensors.py
[2024-12-26T04:25:34.761+0200] {processor.py:914} INFO - Processing file /mnt/e/Assignments/Airflow/airflow/airflow_env/lib/python3.12/site-packages/airflow/example_dags/example_sensors.py for tasks to queue
[2024-12-26T04:25:34.768+0200] {logging_mixin.py:190} INFO - [2024-12-26T04:25:34.765+0200] {dagbag.py:588} INFO - Filling up the DagBag from /mnt/e/Assignments/Airflow/airflow/airflow_env/lib/python3.12/site-packages/airflow/example_dags/example_sensors.py
[2024-12-26T04:25:34.985+0200] {processor.py:925} INFO - DAG(s) 'example_sensors' retrieved from /mnt/e/Assignments/Airflow/airflow/airflow_env/lib/python3.12/site-packages/airflow/example_dags/example_sensors.py
[2024-12-26T04:25:35.044+0200] {logging_mixin.py:190} INFO - [2024-12-26T04:25:35.041+0200] {dag.py:3239} INFO - Sync 1 DAGs
[2024-12-26T04:25:35.065+0200] {logging_mixin.py:190} INFO - [2024-12-26T04:25:35.062+0200] {dag.py:4180} INFO - Setting next_dagrun for example_sensors to None, run_after=None
[2024-12-26T04:25:35.119+0200] {processor.py:208} INFO - Processing /mnt/e/Assignments/Airflow/airflow/airflow_env/lib/python3.12/site-packages/airflow/example_dags/example_sensors.py took 0.383 seconds
[2024-12-26T04:27:58.315+0200] {processor.py:186} INFO - Started process (PID=194400) to work on /mnt/e/Assignments/Airflow/airflow/airflow_env/lib/python3.12/site-packages/airflow/example_dags/example_sensors.py
[2024-12-26T04:27:58.321+0200] {processor.py:914} INFO - Processing file /mnt/e/Assignments/Airflow/airflow/airflow_env/lib/python3.12/site-packages/airflow/example_dags/example_sensors.py for tasks to queue
[2024-12-26T04:27:58.328+0200] {logging_mixin.py:190} INFO - [2024-12-26T04:27:58.325+0200] {dagbag.py:588} INFO - Filling up the DagBag from /mnt/e/Assignments/Airflow/airflow/airflow_env/lib/python3.12/site-packages/airflow/example_dags/example_sensors.py
[2024-12-26T04:27:58.510+0200] {processor.py:925} INFO - DAG(s) 'example_sensors' retrieved from /mnt/e/Assignments/Airflow/airflow/airflow_env/lib/python3.12/site-packages/airflow/example_dags/example_sensors.py
[2024-12-26T04:27:58.559+0200] {logging_mixin.py:190} INFO - [2024-12-26T04:27:58.557+0200] {dag.py:3239} INFO - Sync 1 DAGs
[2024-12-26T04:27:58.577+0200] {logging_mixin.py:190} INFO - [2024-12-26T04:27:58.575+0200] {dag.py:4180} INFO - Setting next_dagrun for example_sensors to None, run_after=None
[2024-12-26T04:27:58.675+0200] {processor.py:208} INFO - Processing /mnt/e/Assignments/Airflow/airflow/airflow_env/lib/python3.12/site-packages/airflow/example_dags/example_sensors.py took 0.392 seconds
[2024-12-26T04:30:07.854+0200] {processor.py:186} INFO - Started process (PID=194481) to work on /mnt/e/Assignments/Airflow/airflow/airflow_env/lib/python3.12/site-packages/airflow/example_dags/example_sensors.py
[2024-12-26T04:30:07.856+0200] {processor.py:914} INFO - Processing file /mnt/e/Assignments/Airflow/airflow/airflow_env/lib/python3.12/site-packages/airflow/example_dags/example_sensors.py for tasks to queue
[2024-12-26T04:30:07.859+0200] {logging_mixin.py:190} INFO - [2024-12-26T04:30:07.858+0200] {dagbag.py:588} INFO - Filling up the DagBag from /mnt/e/Assignments/Airflow/airflow/airflow_env/lib/python3.12/site-packages/airflow/example_dags/example_sensors.py
[2024-12-26T04:30:07.946+0200] {processor.py:925} INFO - DAG(s) 'example_sensors' retrieved from /mnt/e/Assignments/Airflow/airflow/airflow_env/lib/python3.12/site-packages/airflow/example_dags/example_sensors.py
[2024-12-26T04:30:07.984+0200] {logging_mixin.py:190} INFO - [2024-12-26T04:30:07.982+0200] {dag.py:3239} INFO - Sync 1 DAGs
[2024-12-26T04:30:08.004+0200] {logging_mixin.py:190} INFO - [2024-12-26T04:30:08.002+0200] {dag.py:4180} INFO - Setting next_dagrun for example_sensors to None, run_after=None
[2024-12-26T04:30:08.114+0200] {processor.py:208} INFO - Processing /mnt/e/Assignments/Airflow/airflow/airflow_env/lib/python3.12/site-packages/airflow/example_dags/example_sensors.py took 0.270 seconds
[2024-12-26T04:32:24.954+0200] {processor.py:186} INFO - Started process (PID=194563) to work on /mnt/e/Assignments/Airflow/airflow/airflow_env/lib/python3.12/site-packages/airflow/example_dags/example_sensors.py
[2024-12-26T04:32:24.956+0200] {processor.py:914} INFO - Processing file /mnt/e/Assignments/Airflow/airflow/airflow_env/lib/python3.12/site-packages/airflow/example_dags/example_sensors.py for tasks to queue
[2024-12-26T04:32:24.959+0200] {logging_mixin.py:190} INFO - [2024-12-26T04:32:24.958+0200] {dagbag.py:588} INFO - Filling up the DagBag from /mnt/e/Assignments/Airflow/airflow/airflow_env/lib/python3.12/site-packages/airflow/example_dags/example_sensors.py
[2024-12-26T04:32:25.052+0200] {processor.py:925} INFO - DAG(s) 'example_sensors' retrieved from /mnt/e/Assignments/Airflow/airflow/airflow_env/lib/python3.12/site-packages/airflow/example_dags/example_sensors.py
[2024-12-26T04:32:25.100+0200] {logging_mixin.py:190} INFO - [2024-12-26T04:32:25.097+0200] {dag.py:3239} INFO - Sync 1 DAGs
[2024-12-26T04:32:25.124+0200] {logging_mixin.py:190} INFO - [2024-12-26T04:32:25.121+0200] {dag.py:4180} INFO - Setting next_dagrun for example_sensors to None, run_after=None
[2024-12-26T04:32:25.193+0200] {processor.py:208} INFO - Processing /mnt/e/Assignments/Airflow/airflow/airflow_env/lib/python3.12/site-packages/airflow/example_dags/example_sensors.py took 0.256 seconds
[2024-12-26T04:34:23.055+0200] {processor.py:186} INFO - Started process (PID=194642) to work on /mnt/e/Assignments/Airflow/airflow/airflow_env/lib/python3.12/site-packages/airflow/example_dags/example_sensors.py
[2024-12-26T04:34:23.060+0200] {processor.py:914} INFO - Processing file /mnt/e/Assignments/Airflow/airflow/airflow_env/lib/python3.12/site-packages/airflow/example_dags/example_sensors.py for tasks to queue
[2024-12-26T04:34:23.067+0200] {logging_mixin.py:190} INFO - [2024-12-26T04:34:23.065+0200] {dagbag.py:588} INFO - Filling up the DagBag from /mnt/e/Assignments/Airflow/airflow/airflow_env/lib/python3.12/site-packages/airflow/example_dags/example_sensors.py
[2024-12-26T04:34:23.301+0200] {processor.py:925} INFO - DAG(s) 'example_sensors' retrieved from /mnt/e/Assignments/Airflow/airflow/airflow_env/lib/python3.12/site-packages/airflow/example_dags/example_sensors.py
[2024-12-26T04:34:23.354+0200] {logging_mixin.py:190} INFO - [2024-12-26T04:34:23.353+0200] {dag.py:3239} INFO - Sync 1 DAGs
[2024-12-26T04:34:23.371+0200] {logging_mixin.py:190} INFO - [2024-12-26T04:34:23.369+0200] {dag.py:4180} INFO - Setting next_dagrun for example_sensors to None, run_after=None
[2024-12-26T04:34:23.441+0200] {processor.py:208} INFO - Processing /mnt/e/Assignments/Airflow/airflow/airflow_env/lib/python3.12/site-packages/airflow/example_dags/example_sensors.py took 0.415 seconds
