[2024-12-26T02:06:29.900+0200] {processor.py:186} INFO - Started process (PID=188602) to work on /mnt/e/Assignments/Airflow/airflow/airflow_env/lib/python3.12/site-packages/airflow/example_dags/example_sensor_decorator.py
[2024-12-26T02:06:29.902+0200] {processor.py:914} INFO - Processing file /mnt/e/Assignments/Airflow/airflow/airflow_env/lib/python3.12/site-packages/airflow/example_dags/example_sensor_decorator.py for tasks to queue
[2024-12-26T02:06:29.907+0200] {logging_mixin.py:190} INFO - [2024-12-26T02:06:29.905+0200] {dagbag.py:588} INFO - Filling up the DagBag from /mnt/e/Assignments/Airflow/airflow/airflow_env/lib/python3.12/site-packages/airflow/example_dags/example_sensor_decorator.py
[2024-12-26T02:06:29.948+0200] {processor.py:925} INFO - DAG(s) 'example_sensor_decorator' retrieved from /mnt/e/Assignments/Airflow/airflow/airflow_env/lib/python3.12/site-packages/airflow/example_dags/example_sensor_decorator.py
[2024-12-26T02:06:30.031+0200] {logging_mixin.py:190} INFO - [2024-12-26T02:06:30.029+0200] {dag.py:3239} INFO - Sync 1 DAGs
[2024-12-26T02:06:30.050+0200] {logging_mixin.py:190} INFO - [2024-12-26T02:06:30.048+0200] {dag.py:4180} INFO - Setting next_dagrun for example_sensor_decorator to None, run_after=None
[2024-12-26T02:06:30.122+0200] {processor.py:208} INFO - Processing /mnt/e/Assignments/Airflow/airflow/airflow_env/lib/python3.12/site-packages/airflow/example_dags/example_sensor_decorator.py took 0.239 seconds
[2024-12-26T02:08:54.326+0200] {processor.py:186} INFO - Started process (PID=188669) to work on /mnt/e/Assignments/Airflow/airflow/airflow_env/lib/python3.12/site-packages/airflow/example_dags/example_sensor_decorator.py
[2024-12-26T02:08:54.329+0200] {processor.py:914} INFO - Processing file /mnt/e/Assignments/Airflow/airflow/airflow_env/lib/python3.12/site-packages/airflow/example_dags/example_sensor_decorator.py for tasks to queue
[2024-12-26T02:08:54.333+0200] {logging_mixin.py:190} INFO - [2024-12-26T02:08:54.332+0200] {dagbag.py:588} INFO - Filling up the DagBag from /mnt/e/Assignments/Airflow/airflow/airflow_env/lib/python3.12/site-packages/airflow/example_dags/example_sensor_decorator.py
[2024-12-26T02:08:54.364+0200] {processor.py:925} INFO - DAG(s) 'example_sensor_decorator' retrieved from /mnt/e/Assignments/Airflow/airflow/airflow_env/lib/python3.12/site-packages/airflow/example_dags/example_sensor_decorator.py
[2024-12-26T02:08:54.400+0200] {logging_mixin.py:190} INFO - [2024-12-26T02:08:54.399+0200] {dag.py:3239} INFO - Sync 1 DAGs
[2024-12-26T02:08:54.417+0200] {logging_mixin.py:190} INFO - [2024-12-26T02:08:54.415+0200] {dag.py:4180} INFO - Setting next_dagrun for example_sensor_decorator to None, run_after=None
[2024-12-26T02:08:54.488+0200] {processor.py:208} INFO - Processing /mnt/e/Assignments/Airflow/airflow/airflow_env/lib/python3.12/site-packages/airflow/example_dags/example_sensor_decorator.py took 0.179 seconds
[2024-12-26T02:11:00.461+0200] {processor.py:186} INFO - Started process (PID=188749) to work on /mnt/e/Assignments/Airflow/airflow/airflow_env/lib/python3.12/site-packages/airflow/example_dags/example_sensor_decorator.py
[2024-12-26T02:11:00.465+0200] {processor.py:914} INFO - Processing file /mnt/e/Assignments/Airflow/airflow/airflow_env/lib/python3.12/site-packages/airflow/example_dags/example_sensor_decorator.py for tasks to queue
[2024-12-26T02:11:00.470+0200] {logging_mixin.py:190} INFO - [2024-12-26T02:11:00.468+0200] {dagbag.py:588} INFO - Filling up the DagBag from /mnt/e/Assignments/Airflow/airflow/airflow_env/lib/python3.12/site-packages/airflow/example_dags/example_sensor_decorator.py
[2024-12-26T02:11:00.519+0200] {processor.py:925} INFO - DAG(s) 'example_sensor_decorator' retrieved from /mnt/e/Assignments/Airflow/airflow/airflow_env/lib/python3.12/site-packages/airflow/example_dags/example_sensor_decorator.py
[2024-12-26T02:11:00.560+0200] {logging_mixin.py:190} INFO - [2024-12-26T02:11:00.559+0200] {dag.py:3239} INFO - Sync 1 DAGs
[2024-12-26T02:11:00.577+0200] {logging_mixin.py:190} INFO - [2024-12-26T02:11:00.575+0200] {dag.py:4180} INFO - Setting next_dagrun for example_sensor_decorator to None, run_after=None
[2024-12-26T02:11:00.672+0200] {processor.py:208} INFO - Processing /mnt/e/Assignments/Airflow/airflow/airflow_env/lib/python3.12/site-packages/airflow/example_dags/example_sensor_decorator.py took 0.252 seconds
[2024-12-26T02:13:14.321+0200] {processor.py:186} INFO - Started process (PID=188847) to work on /mnt/e/Assignments/Airflow/airflow/airflow_env/lib/python3.12/site-packages/airflow/example_dags/example_sensor_decorator.py
[2024-12-26T02:13:14.323+0200] {processor.py:914} INFO - Processing file /mnt/e/Assignments/Airflow/airflow/airflow_env/lib/python3.12/site-packages/airflow/example_dags/example_sensor_decorator.py for tasks to queue
[2024-12-26T02:13:14.326+0200] {logging_mixin.py:190} INFO - [2024-12-26T02:13:14.325+0200] {dagbag.py:588} INFO - Filling up the DagBag from /mnt/e/Assignments/Airflow/airflow/airflow_env/lib/python3.12/site-packages/airflow/example_dags/example_sensor_decorator.py
[2024-12-26T02:13:14.372+0200] {processor.py:925} INFO - DAG(s) 'example_sensor_decorator' retrieved from /mnt/e/Assignments/Airflow/airflow/airflow_env/lib/python3.12/site-packages/airflow/example_dags/example_sensor_decorator.py
[2024-12-26T02:13:14.418+0200] {logging_mixin.py:190} INFO - [2024-12-26T02:13:14.417+0200] {dag.py:3239} INFO - Sync 1 DAGs
[2024-12-26T02:13:14.435+0200] {logging_mixin.py:190} INFO - [2024-12-26T02:13:14.433+0200] {dag.py:4180} INFO - Setting next_dagrun for example_sensor_decorator to None, run_after=None
[2024-12-26T02:13:14.525+0200] {processor.py:208} INFO - Processing /mnt/e/Assignments/Airflow/airflow/airflow_env/lib/python3.12/site-packages/airflow/example_dags/example_sensor_decorator.py took 0.222 seconds
[2024-12-26T02:15:25.168+0200] {processor.py:186} INFO - Started process (PID=188932) to work on /mnt/e/Assignments/Airflow/airflow/airflow_env/lib/python3.12/site-packages/airflow/example_dags/example_sensor_decorator.py
[2024-12-26T02:15:25.171+0200] {processor.py:914} INFO - Processing file /mnt/e/Assignments/Airflow/airflow/airflow_env/lib/python3.12/site-packages/airflow/example_dags/example_sensor_decorator.py for tasks to queue
[2024-12-26T02:15:25.176+0200] {logging_mixin.py:190} INFO - [2024-12-26T02:15:25.174+0200] {dagbag.py:588} INFO - Filling up the DagBag from /mnt/e/Assignments/Airflow/airflow/airflow_env/lib/python3.12/site-packages/airflow/example_dags/example_sensor_decorator.py
[2024-12-26T02:15:25.232+0200] {processor.py:925} INFO - DAG(s) 'example_sensor_decorator' retrieved from /mnt/e/Assignments/Airflow/airflow/airflow_env/lib/python3.12/site-packages/airflow/example_dags/example_sensor_decorator.py
[2024-12-26T02:15:25.285+0200] {logging_mixin.py:190} INFO - [2024-12-26T02:15:25.283+0200] {dag.py:3239} INFO - Sync 1 DAGs
[2024-12-26T02:15:25.308+0200] {logging_mixin.py:190} INFO - [2024-12-26T02:15:25.305+0200] {dag.py:4180} INFO - Setting next_dagrun for example_sensor_decorator to None, run_after=None
[2024-12-26T02:15:25.390+0200] {processor.py:208} INFO - Processing /mnt/e/Assignments/Airflow/airflow/airflow_env/lib/python3.12/site-packages/airflow/example_dags/example_sensor_decorator.py took 0.247 seconds
[2024-12-26T02:17:25.028+0200] {processor.py:186} INFO - Started process (PID=189026) to work on /mnt/e/Assignments/Airflow/airflow/airflow_env/lib/python3.12/site-packages/airflow/example_dags/example_sensor_decorator.py
[2024-12-26T02:17:25.031+0200] {processor.py:914} INFO - Processing file /mnt/e/Assignments/Airflow/airflow/airflow_env/lib/python3.12/site-packages/airflow/example_dags/example_sensor_decorator.py for tasks to queue
[2024-12-26T02:17:25.034+0200] {logging_mixin.py:190} INFO - [2024-12-26T02:17:25.033+0200] {dagbag.py:588} INFO - Filling up the DagBag from /mnt/e/Assignments/Airflow/airflow/airflow_env/lib/python3.12/site-packages/airflow/example_dags/example_sensor_decorator.py
[2024-12-26T02:17:25.067+0200] {processor.py:925} INFO - DAG(s) 'example_sensor_decorator' retrieved from /mnt/e/Assignments/Airflow/airflow/airflow_env/lib/python3.12/site-packages/airflow/example_dags/example_sensor_decorator.py
[2024-12-26T02:17:25.100+0200] {logging_mixin.py:190} INFO - [2024-12-26T02:17:25.099+0200] {dag.py:3239} INFO - Sync 1 DAGs
[2024-12-26T02:17:25.114+0200] {logging_mixin.py:190} INFO - [2024-12-26T02:17:25.113+0200] {dag.py:4180} INFO - Setting next_dagrun for example_sensor_decorator to None, run_after=None
[2024-12-26T02:17:25.187+0200] {processor.py:208} INFO - Processing /mnt/e/Assignments/Airflow/airflow/airflow_env/lib/python3.12/site-packages/airflow/example_dags/example_sensor_decorator.py took 0.177 seconds
[2024-12-26T02:19:33.399+0200] {processor.py:186} INFO - Started process (PID=189117) to work on /mnt/e/Assignments/Airflow/airflow/airflow_env/lib/python3.12/site-packages/airflow/example_dags/example_sensor_decorator.py
[2024-12-26T02:19:33.403+0200] {processor.py:914} INFO - Processing file /mnt/e/Assignments/Airflow/airflow/airflow_env/lib/python3.12/site-packages/airflow/example_dags/example_sensor_decorator.py for tasks to queue
[2024-12-26T02:19:33.408+0200] {logging_mixin.py:190} INFO - [2024-12-26T02:19:33.406+0200] {dagbag.py:588} INFO - Filling up the DagBag from /mnt/e/Assignments/Airflow/airflow/airflow_env/lib/python3.12/site-packages/airflow/example_dags/example_sensor_decorator.py
[2024-12-26T02:19:33.447+0200] {processor.py:925} INFO - DAG(s) 'example_sensor_decorator' retrieved from /mnt/e/Assignments/Airflow/airflow/airflow_env/lib/python3.12/site-packages/airflow/example_dags/example_sensor_decorator.py
[2024-12-26T02:19:33.475+0200] {logging_mixin.py:190} INFO - [2024-12-26T02:19:33.474+0200] {dag.py:3239} INFO - Sync 1 DAGs
[2024-12-26T02:19:33.491+0200] {logging_mixin.py:190} INFO - [2024-12-26T02:19:33.490+0200] {dag.py:4180} INFO - Setting next_dagrun for example_sensor_decorator to None, run_after=None
[2024-12-26T02:19:33.557+0200] {processor.py:208} INFO - Processing /mnt/e/Assignments/Airflow/airflow/airflow_env/lib/python3.12/site-packages/airflow/example_dags/example_sensor_decorator.py took 0.182 seconds
[2024-12-26T02:21:55.132+0200] {processor.py:186} INFO - Started process (PID=189216) to work on /mnt/e/Assignments/Airflow/airflow/airflow_env/lib/python3.12/site-packages/airflow/example_dags/example_sensor_decorator.py
[2024-12-26T02:21:55.135+0200] {processor.py:914} INFO - Processing file /mnt/e/Assignments/Airflow/airflow/airflow_env/lib/python3.12/site-packages/airflow/example_dags/example_sensor_decorator.py for tasks to queue
[2024-12-26T02:21:55.141+0200] {logging_mixin.py:190} INFO - [2024-12-26T02:21:55.138+0200] {dagbag.py:588} INFO - Filling up the DagBag from /mnt/e/Assignments/Airflow/airflow/airflow_env/lib/python3.12/site-packages/airflow/example_dags/example_sensor_decorator.py
[2024-12-26T02:21:55.182+0200] {processor.py:925} INFO - DAG(s) 'example_sensor_decorator' retrieved from /mnt/e/Assignments/Airflow/airflow/airflow_env/lib/python3.12/site-packages/airflow/example_dags/example_sensor_decorator.py
[2024-12-26T02:21:55.224+0200] {logging_mixin.py:190} INFO - [2024-12-26T02:21:55.223+0200] {dag.py:3239} INFO - Sync 1 DAGs
[2024-12-26T02:21:55.242+0200] {logging_mixin.py:190} INFO - [2024-12-26T02:21:55.240+0200] {dag.py:4180} INFO - Setting next_dagrun for example_sensor_decorator to None, run_after=None
[2024-12-26T02:21:55.321+0200] {processor.py:208} INFO - Processing /mnt/e/Assignments/Airflow/airflow/airflow_env/lib/python3.12/site-packages/airflow/example_dags/example_sensor_decorator.py took 0.213 seconds
[2024-12-26T02:23:59.877+0200] {processor.py:186} INFO - Started process (PID=189324) to work on /mnt/e/Assignments/Airflow/airflow/airflow_env/lib/python3.12/site-packages/airflow/example_dags/example_sensor_decorator.py
[2024-12-26T02:23:59.880+0200] {processor.py:914} INFO - Processing file /mnt/e/Assignments/Airflow/airflow/airflow_env/lib/python3.12/site-packages/airflow/example_dags/example_sensor_decorator.py for tasks to queue
[2024-12-26T02:23:59.885+0200] {logging_mixin.py:190} INFO - [2024-12-26T02:23:59.883+0200] {dagbag.py:588} INFO - Filling up the DagBag from /mnt/e/Assignments/Airflow/airflow/airflow_env/lib/python3.12/site-packages/airflow/example_dags/example_sensor_decorator.py
[2024-12-26T02:23:59.936+0200] {processor.py:925} INFO - DAG(s) 'example_sensor_decorator' retrieved from /mnt/e/Assignments/Airflow/airflow/airflow_env/lib/python3.12/site-packages/airflow/example_dags/example_sensor_decorator.py
[2024-12-26T02:23:59.993+0200] {logging_mixin.py:190} INFO - [2024-12-26T02:23:59.991+0200] {dag.py:3239} INFO - Sync 1 DAGs
[2024-12-26T02:24:00.013+0200] {logging_mixin.py:190} INFO - [2024-12-26T02:24:00.011+0200] {dag.py:4180} INFO - Setting next_dagrun for example_sensor_decorator to None, run_after=None
[2024-12-26T02:24:00.122+0200] {processor.py:208} INFO - Processing /mnt/e/Assignments/Airflow/airflow/airflow_env/lib/python3.12/site-packages/airflow/example_dags/example_sensor_decorator.py took 0.269 seconds
[2024-12-26T02:26:09.458+0200] {processor.py:186} INFO - Started process (PID=189463) to work on /mnt/e/Assignments/Airflow/airflow/airflow_env/lib/python3.12/site-packages/airflow/example_dags/example_sensor_decorator.py
[2024-12-26T02:26:09.462+0200] {processor.py:914} INFO - Processing file /mnt/e/Assignments/Airflow/airflow/airflow_env/lib/python3.12/site-packages/airflow/example_dags/example_sensor_decorator.py for tasks to queue
[2024-12-26T02:26:09.466+0200] {logging_mixin.py:190} INFO - [2024-12-26T02:26:09.464+0200] {dagbag.py:588} INFO - Filling up the DagBag from /mnt/e/Assignments/Airflow/airflow/airflow_env/lib/python3.12/site-packages/airflow/example_dags/example_sensor_decorator.py
[2024-12-26T02:26:09.509+0200] {processor.py:925} INFO - DAG(s) 'example_sensor_decorator' retrieved from /mnt/e/Assignments/Airflow/airflow/airflow_env/lib/python3.12/site-packages/airflow/example_dags/example_sensor_decorator.py
[2024-12-26T02:26:09.543+0200] {logging_mixin.py:190} INFO - [2024-12-26T02:26:09.542+0200] {dag.py:3239} INFO - Sync 1 DAGs
[2024-12-26T02:26:09.560+0200] {logging_mixin.py:190} INFO - [2024-12-26T02:26:09.558+0200] {dag.py:4180} INFO - Setting next_dagrun for example_sensor_decorator to None, run_after=None
[2024-12-26T02:26:09.649+0200] {processor.py:208} INFO - Processing /mnt/e/Assignments/Airflow/airflow/airflow_env/lib/python3.12/site-packages/airflow/example_dags/example_sensor_decorator.py took 0.209 seconds
[2024-12-26T02:28:15.479+0200] {processor.py:186} INFO - Started process (PID=189597) to work on /mnt/e/Assignments/Airflow/airflow/airflow_env/lib/python3.12/site-packages/airflow/example_dags/example_sensor_decorator.py
[2024-12-26T02:28:15.488+0200] {processor.py:914} INFO - Processing file /mnt/e/Assignments/Airflow/airflow/airflow_env/lib/python3.12/site-packages/airflow/example_dags/example_sensor_decorator.py for tasks to queue
[2024-12-26T02:28:15.493+0200] {logging_mixin.py:190} INFO - [2024-12-26T02:28:15.491+0200] {dagbag.py:588} INFO - Filling up the DagBag from /mnt/e/Assignments/Airflow/airflow/airflow_env/lib/python3.12/site-packages/airflow/example_dags/example_sensor_decorator.py
[2024-12-26T02:28:15.537+0200] {processor.py:925} INFO - DAG(s) 'example_sensor_decorator' retrieved from /mnt/e/Assignments/Airflow/airflow/airflow_env/lib/python3.12/site-packages/airflow/example_dags/example_sensor_decorator.py
[2024-12-26T02:28:15.589+0200] {logging_mixin.py:190} INFO - [2024-12-26T02:28:15.587+0200] {dag.py:3239} INFO - Sync 1 DAGs
[2024-12-26T02:28:15.609+0200] {logging_mixin.py:190} INFO - [2024-12-26T02:28:15.607+0200] {dag.py:4180} INFO - Setting next_dagrun for example_sensor_decorator to None, run_after=None
[2024-12-26T02:28:15.695+0200] {processor.py:208} INFO - Processing /mnt/e/Assignments/Airflow/airflow/airflow_env/lib/python3.12/site-packages/airflow/example_dags/example_sensor_decorator.py took 0.242 seconds
[2024-12-26T02:30:29.488+0200] {processor.py:186} INFO - Started process (PID=189710) to work on /mnt/e/Assignments/Airflow/airflow/airflow_env/lib/python3.12/site-packages/airflow/example_dags/example_sensor_decorator.py
[2024-12-26T02:30:29.490+0200] {processor.py:914} INFO - Processing file /mnt/e/Assignments/Airflow/airflow/airflow_env/lib/python3.12/site-packages/airflow/example_dags/example_sensor_decorator.py for tasks to queue
[2024-12-26T02:30:29.494+0200] {logging_mixin.py:190} INFO - [2024-12-26T02:30:29.492+0200] {dagbag.py:588} INFO - Filling up the DagBag from /mnt/e/Assignments/Airflow/airflow/airflow_env/lib/python3.12/site-packages/airflow/example_dags/example_sensor_decorator.py
[2024-12-26T02:30:29.549+0200] {processor.py:925} INFO - DAG(s) 'example_sensor_decorator' retrieved from /mnt/e/Assignments/Airflow/airflow/airflow_env/lib/python3.12/site-packages/airflow/example_dags/example_sensor_decorator.py
[2024-12-26T02:30:29.584+0200] {logging_mixin.py:190} INFO - [2024-12-26T02:30:29.582+0200] {dag.py:3239} INFO - Sync 1 DAGs
[2024-12-26T02:30:29.620+0200] {logging_mixin.py:190} INFO - [2024-12-26T02:30:29.605+0200] {dag.py:4180} INFO - Setting next_dagrun for example_sensor_decorator to None, run_after=None
[2024-12-26T02:30:29.759+0200] {processor.py:208} INFO - Processing /mnt/e/Assignments/Airflow/airflow/airflow_env/lib/python3.12/site-packages/airflow/example_dags/example_sensor_decorator.py took 0.287 seconds
[2024-12-26T02:32:46.712+0200] {processor.py:186} INFO - Started process (PID=189813) to work on /mnt/e/Assignments/Airflow/airflow/airflow_env/lib/python3.12/site-packages/airflow/example_dags/example_sensor_decorator.py
[2024-12-26T02:32:46.717+0200] {processor.py:914} INFO - Processing file /mnt/e/Assignments/Airflow/airflow/airflow_env/lib/python3.12/site-packages/airflow/example_dags/example_sensor_decorator.py for tasks to queue
[2024-12-26T02:32:46.723+0200] {logging_mixin.py:190} INFO - [2024-12-26T02:32:46.721+0200] {dagbag.py:588} INFO - Filling up the DagBag from /mnt/e/Assignments/Airflow/airflow/airflow_env/lib/python3.12/site-packages/airflow/example_dags/example_sensor_decorator.py
[2024-12-26T02:32:46.777+0200] {processor.py:925} INFO - DAG(s) 'example_sensor_decorator' retrieved from /mnt/e/Assignments/Airflow/airflow/airflow_env/lib/python3.12/site-packages/airflow/example_dags/example_sensor_decorator.py
[2024-12-26T02:32:46.832+0200] {logging_mixin.py:190} INFO - [2024-12-26T02:32:46.830+0200] {dag.py:3239} INFO - Sync 1 DAGs
[2024-12-26T02:32:46.853+0200] {logging_mixin.py:190} INFO - [2024-12-26T02:32:46.851+0200] {dag.py:4180} INFO - Setting next_dagrun for example_sensor_decorator to None, run_after=None
[2024-12-26T02:32:46.958+0200] {processor.py:208} INFO - Processing /mnt/e/Assignments/Airflow/airflow/airflow_env/lib/python3.12/site-packages/airflow/example_dags/example_sensor_decorator.py took 0.322 seconds
[2024-12-26T02:35:09.965+0200] {processor.py:186} INFO - Started process (PID=189925) to work on /mnt/e/Assignments/Airflow/airflow/airflow_env/lib/python3.12/site-packages/airflow/example_dags/example_sensor_decorator.py
[2024-12-26T02:35:09.968+0200] {processor.py:914} INFO - Processing file /mnt/e/Assignments/Airflow/airflow/airflow_env/lib/python3.12/site-packages/airflow/example_dags/example_sensor_decorator.py for tasks to queue
[2024-12-26T02:35:09.971+0200] {logging_mixin.py:190} INFO - [2024-12-26T02:35:09.969+0200] {dagbag.py:588} INFO - Filling up the DagBag from /mnt/e/Assignments/Airflow/airflow/airflow_env/lib/python3.12/site-packages/airflow/example_dags/example_sensor_decorator.py
[2024-12-26T02:35:09.997+0200] {processor.py:925} INFO - DAG(s) 'example_sensor_decorator' retrieved from /mnt/e/Assignments/Airflow/airflow/airflow_env/lib/python3.12/site-packages/airflow/example_dags/example_sensor_decorator.py
[2024-12-26T02:35:10.025+0200] {logging_mixin.py:190} INFO - [2024-12-26T02:35:10.024+0200] {dag.py:3239} INFO - Sync 1 DAGs
[2024-12-26T02:35:10.057+0200] {logging_mixin.py:190} INFO - [2024-12-26T02:35:10.055+0200] {dag.py:4180} INFO - Setting next_dagrun for example_sensor_decorator to None, run_after=None
[2024-12-26T02:35:10.150+0200] {processor.py:208} INFO - Processing /mnt/e/Assignments/Airflow/airflow/airflow_env/lib/python3.12/site-packages/airflow/example_dags/example_sensor_decorator.py took 0.201 seconds
[2024-12-26T02:37:23.575+0200] {processor.py:186} INFO - Started process (PID=190013) to work on /mnt/e/Assignments/Airflow/airflow/airflow_env/lib/python3.12/site-packages/airflow/example_dags/example_sensor_decorator.py
[2024-12-26T02:37:23.578+0200] {processor.py:914} INFO - Processing file /mnt/e/Assignments/Airflow/airflow/airflow_env/lib/python3.12/site-packages/airflow/example_dags/example_sensor_decorator.py for tasks to queue
[2024-12-26T02:37:23.583+0200] {logging_mixin.py:190} INFO - [2024-12-26T02:37:23.581+0200] {dagbag.py:588} INFO - Filling up the DagBag from /mnt/e/Assignments/Airflow/airflow/airflow_env/lib/python3.12/site-packages/airflow/example_dags/example_sensor_decorator.py
[2024-12-26T02:37:23.627+0200] {processor.py:925} INFO - DAG(s) 'example_sensor_decorator' retrieved from /mnt/e/Assignments/Airflow/airflow/airflow_env/lib/python3.12/site-packages/airflow/example_dags/example_sensor_decorator.py
[2024-12-26T02:37:23.678+0200] {logging_mixin.py:190} INFO - [2024-12-26T02:37:23.677+0200] {dag.py:3239} INFO - Sync 1 DAGs
[2024-12-26T02:37:23.705+0200] {logging_mixin.py:190} INFO - [2024-12-26T02:37:23.702+0200] {dag.py:4180} INFO - Setting next_dagrun for example_sensor_decorator to None, run_after=None
[2024-12-26T02:37:23.814+0200] {processor.py:208} INFO - Processing /mnt/e/Assignments/Airflow/airflow/airflow_env/lib/python3.12/site-packages/airflow/example_dags/example_sensor_decorator.py took 0.263 seconds
[2024-12-26T02:41:12.992+0200] {processor.py:186} INFO - Started process (PID=190135) to work on /mnt/e/Assignments/Airflow/airflow/airflow_env/lib/python3.12/site-packages/airflow/example_dags/example_sensor_decorator.py
[2024-12-26T02:41:12.995+0200] {processor.py:914} INFO - Processing file /mnt/e/Assignments/Airflow/airflow/airflow_env/lib/python3.12/site-packages/airflow/example_dags/example_sensor_decorator.py for tasks to queue
[2024-12-26T02:41:12.999+0200] {logging_mixin.py:190} INFO - [2024-12-26T02:41:12.997+0200] {dagbag.py:588} INFO - Filling up the DagBag from /mnt/e/Assignments/Airflow/airflow/airflow_env/lib/python3.12/site-packages/airflow/example_dags/example_sensor_decorator.py
[2024-12-26T02:41:13.030+0200] {processor.py:925} INFO - DAG(s) 'example_sensor_decorator' retrieved from /mnt/e/Assignments/Airflow/airflow/airflow_env/lib/python3.12/site-packages/airflow/example_dags/example_sensor_decorator.py
[2024-12-26T02:41:13.061+0200] {logging_mixin.py:190} INFO - [2024-12-26T02:41:13.059+0200] {dag.py:3239} INFO - Sync 1 DAGs
[2024-12-26T02:41:13.074+0200] {logging_mixin.py:190} INFO - [2024-12-26T02:41:13.072+0200] {dag.py:4180} INFO - Setting next_dagrun for example_sensor_decorator to None, run_after=None
[2024-12-26T02:41:13.172+0200] {processor.py:208} INFO - Processing /mnt/e/Assignments/Airflow/airflow/airflow_env/lib/python3.12/site-packages/airflow/example_dags/example_sensor_decorator.py took 0.203 seconds
[2024-12-26T02:42:35.973+0200] {processor.py:186} INFO - Started process (PID=190194) to work on /mnt/e/Assignments/Airflow/airflow/airflow_env/lib/python3.12/site-packages/airflow/example_dags/example_sensor_decorator.py
[2024-12-26T02:42:35.975+0200] {processor.py:914} INFO - Processing file /mnt/e/Assignments/Airflow/airflow/airflow_env/lib/python3.12/site-packages/airflow/example_dags/example_sensor_decorator.py for tasks to queue
[2024-12-26T02:42:35.979+0200] {logging_mixin.py:190} INFO - [2024-12-26T02:42:35.977+0200] {dagbag.py:588} INFO - Filling up the DagBag from /mnt/e/Assignments/Airflow/airflow/airflow_env/lib/python3.12/site-packages/airflow/example_dags/example_sensor_decorator.py
[2024-12-26T02:42:36.003+0200] {processor.py:925} INFO - DAG(s) 'example_sensor_decorator' retrieved from /mnt/e/Assignments/Airflow/airflow/airflow_env/lib/python3.12/site-packages/airflow/example_dags/example_sensor_decorator.py
[2024-12-26T02:42:36.042+0200] {logging_mixin.py:190} INFO - [2024-12-26T02:42:36.040+0200] {dag.py:3239} INFO - Sync 1 DAGs
[2024-12-26T02:42:36.166+0200] {logging_mixin.py:190} INFO - [2024-12-26T02:42:36.163+0200] {dag.py:4180} INFO - Setting next_dagrun for example_sensor_decorator to None, run_after=None
[2024-12-26T02:42:36.236+0200] {processor.py:208} INFO - Processing /mnt/e/Assignments/Airflow/airflow/airflow_env/lib/python3.12/site-packages/airflow/example_dags/example_sensor_decorator.py took 0.276 seconds
[2024-12-26T02:44:40.371+0200] {processor.py:186} INFO - Started process (PID=190275) to work on /mnt/e/Assignments/Airflow/airflow/airflow_env/lib/python3.12/site-packages/airflow/example_dags/example_sensor_decorator.py
[2024-12-26T02:44:40.374+0200] {processor.py:914} INFO - Processing file /mnt/e/Assignments/Airflow/airflow/airflow_env/lib/python3.12/site-packages/airflow/example_dags/example_sensor_decorator.py for tasks to queue
[2024-12-26T02:44:40.378+0200] {logging_mixin.py:190} INFO - [2024-12-26T02:44:40.376+0200] {dagbag.py:588} INFO - Filling up the DagBag from /mnt/e/Assignments/Airflow/airflow/airflow_env/lib/python3.12/site-packages/airflow/example_dags/example_sensor_decorator.py
[2024-12-26T02:44:40.409+0200] {processor.py:925} INFO - DAG(s) 'example_sensor_decorator' retrieved from /mnt/e/Assignments/Airflow/airflow/airflow_env/lib/python3.12/site-packages/airflow/example_dags/example_sensor_decorator.py
[2024-12-26T02:44:40.447+0200] {logging_mixin.py:190} INFO - [2024-12-26T02:44:40.445+0200] {dag.py:3239} INFO - Sync 1 DAGs
[2024-12-26T02:44:40.466+0200] {logging_mixin.py:190} INFO - [2024-12-26T02:44:40.464+0200] {dag.py:4180} INFO - Setting next_dagrun for example_sensor_decorator to None, run_after=None
[2024-12-26T02:44:40.566+0200] {processor.py:208} INFO - Processing /mnt/e/Assignments/Airflow/airflow/airflow_env/lib/python3.12/site-packages/airflow/example_dags/example_sensor_decorator.py took 0.211 seconds
[2024-12-26T02:46:45.636+0200] {processor.py:186} INFO - Started process (PID=190378) to work on /mnt/e/Assignments/Airflow/airflow/airflow_env/lib/python3.12/site-packages/airflow/example_dags/example_sensor_decorator.py
[2024-12-26T02:46:45.643+0200] {processor.py:914} INFO - Processing file /mnt/e/Assignments/Airflow/airflow/airflow_env/lib/python3.12/site-packages/airflow/example_dags/example_sensor_decorator.py for tasks to queue
[2024-12-26T02:46:45.646+0200] {logging_mixin.py:190} INFO - [2024-12-26T02:46:45.644+0200] {dagbag.py:588} INFO - Filling up the DagBag from /mnt/e/Assignments/Airflow/airflow/airflow_env/lib/python3.12/site-packages/airflow/example_dags/example_sensor_decorator.py
[2024-12-26T02:46:45.714+0200] {processor.py:925} INFO - DAG(s) 'example_sensor_decorator' retrieved from /mnt/e/Assignments/Airflow/airflow/airflow_env/lib/python3.12/site-packages/airflow/example_dags/example_sensor_decorator.py
[2024-12-26T02:46:45.747+0200] {logging_mixin.py:190} INFO - [2024-12-26T02:46:45.745+0200] {dag.py:3239} INFO - Sync 1 DAGs
[2024-12-26T02:46:45.765+0200] {logging_mixin.py:190} INFO - [2024-12-26T02:46:45.764+0200] {dag.py:4180} INFO - Setting next_dagrun for example_sensor_decorator to None, run_after=None
[2024-12-26T02:46:45.864+0200] {processor.py:208} INFO - Processing /mnt/e/Assignments/Airflow/airflow/airflow_env/lib/python3.12/site-packages/airflow/example_dags/example_sensor_decorator.py took 0.243 seconds
[2024-12-26T02:48:51.847+0200] {processor.py:186} INFO - Started process (PID=190459) to work on /mnt/e/Assignments/Airflow/airflow/airflow_env/lib/python3.12/site-packages/airflow/example_dags/example_sensor_decorator.py
[2024-12-26T02:48:51.850+0200] {processor.py:914} INFO - Processing file /mnt/e/Assignments/Airflow/airflow/airflow_env/lib/python3.12/site-packages/airflow/example_dags/example_sensor_decorator.py for tasks to queue
[2024-12-26T02:48:51.855+0200] {logging_mixin.py:190} INFO - [2024-12-26T02:48:51.853+0200] {dagbag.py:588} INFO - Filling up the DagBag from /mnt/e/Assignments/Airflow/airflow/airflow_env/lib/python3.12/site-packages/airflow/example_dags/example_sensor_decorator.py
[2024-12-26T02:48:51.890+0200] {processor.py:925} INFO - DAG(s) 'example_sensor_decorator' retrieved from /mnt/e/Assignments/Airflow/airflow/airflow_env/lib/python3.12/site-packages/airflow/example_dags/example_sensor_decorator.py
[2024-12-26T02:48:51.929+0200] {logging_mixin.py:190} INFO - [2024-12-26T02:48:51.927+0200] {dag.py:3239} INFO - Sync 1 DAGs
[2024-12-26T02:48:51.944+0200] {logging_mixin.py:190} INFO - [2024-12-26T02:48:51.943+0200] {dag.py:4180} INFO - Setting next_dagrun for example_sensor_decorator to None, run_after=None
[2024-12-26T02:48:52.042+0200] {processor.py:208} INFO - Processing /mnt/e/Assignments/Airflow/airflow/airflow_env/lib/python3.12/site-packages/airflow/example_dags/example_sensor_decorator.py took 0.215 seconds
[2024-12-26T02:51:01.950+0200] {processor.py:186} INFO - Started process (PID=190569) to work on /mnt/e/Assignments/Airflow/airflow/airflow_env/lib/python3.12/site-packages/airflow/example_dags/example_sensor_decorator.py
[2024-12-26T02:51:01.953+0200] {processor.py:914} INFO - Processing file /mnt/e/Assignments/Airflow/airflow/airflow_env/lib/python3.12/site-packages/airflow/example_dags/example_sensor_decorator.py for tasks to queue
[2024-12-26T02:51:01.959+0200] {logging_mixin.py:190} INFO - [2024-12-26T02:51:01.957+0200] {dagbag.py:588} INFO - Filling up the DagBag from /mnt/e/Assignments/Airflow/airflow/airflow_env/lib/python3.12/site-packages/airflow/example_dags/example_sensor_decorator.py
[2024-12-26T02:51:02.021+0200] {processor.py:925} INFO - DAG(s) 'example_sensor_decorator' retrieved from /mnt/e/Assignments/Airflow/airflow/airflow_env/lib/python3.12/site-packages/airflow/example_dags/example_sensor_decorator.py
[2024-12-26T02:51:02.076+0200] {logging_mixin.py:190} INFO - [2024-12-26T02:51:02.074+0200] {dag.py:3239} INFO - Sync 1 DAGs
[2024-12-26T02:51:02.098+0200] {logging_mixin.py:190} INFO - [2024-12-26T02:51:02.096+0200] {dag.py:4180} INFO - Setting next_dagrun for example_sensor_decorator to None, run_after=None
[2024-12-26T02:51:02.245+0200] {processor.py:208} INFO - Processing /mnt/e/Assignments/Airflow/airflow/airflow_env/lib/python3.12/site-packages/airflow/example_dags/example_sensor_decorator.py took 0.323 seconds
[2024-12-26T02:53:19.052+0200] {processor.py:186} INFO - Started process (PID=190663) to work on /mnt/e/Assignments/Airflow/airflow/airflow_env/lib/python3.12/site-packages/airflow/example_dags/example_sensor_decorator.py
[2024-12-26T02:53:19.055+0200] {processor.py:914} INFO - Processing file /mnt/e/Assignments/Airflow/airflow/airflow_env/lib/python3.12/site-packages/airflow/example_dags/example_sensor_decorator.py for tasks to queue
[2024-12-26T02:53:19.059+0200] {logging_mixin.py:190} INFO - [2024-12-26T02:53:19.057+0200] {dagbag.py:588} INFO - Filling up the DagBag from /mnt/e/Assignments/Airflow/airflow/airflow_env/lib/python3.12/site-packages/airflow/example_dags/example_sensor_decorator.py
[2024-12-26T02:53:19.093+0200] {processor.py:925} INFO - DAG(s) 'example_sensor_decorator' retrieved from /mnt/e/Assignments/Airflow/airflow/airflow_env/lib/python3.12/site-packages/airflow/example_dags/example_sensor_decorator.py
[2024-12-26T02:53:19.130+0200] {logging_mixin.py:190} INFO - [2024-12-26T02:53:19.129+0200] {dag.py:3239} INFO - Sync 1 DAGs
[2024-12-26T02:53:19.150+0200] {logging_mixin.py:190} INFO - [2024-12-26T02:53:19.147+0200] {dag.py:4180} INFO - Setting next_dagrun for example_sensor_decorator to None, run_after=None
[2024-12-26T02:53:19.259+0200] {processor.py:208} INFO - Processing /mnt/e/Assignments/Airflow/airflow/airflow_env/lib/python3.12/site-packages/airflow/example_dags/example_sensor_decorator.py took 0.227 seconds
[2024-12-26T02:55:25.824+0200] {processor.py:186} INFO - Started process (PID=190763) to work on /mnt/e/Assignments/Airflow/airflow/airflow_env/lib/python3.12/site-packages/airflow/example_dags/example_sensor_decorator.py
[2024-12-26T02:55:25.826+0200] {processor.py:914} INFO - Processing file /mnt/e/Assignments/Airflow/airflow/airflow_env/lib/python3.12/site-packages/airflow/example_dags/example_sensor_decorator.py for tasks to queue
[2024-12-26T02:55:25.831+0200] {logging_mixin.py:190} INFO - [2024-12-26T02:55:25.829+0200] {dagbag.py:588} INFO - Filling up the DagBag from /mnt/e/Assignments/Airflow/airflow/airflow_env/lib/python3.12/site-packages/airflow/example_dags/example_sensor_decorator.py
[2024-12-26T02:55:25.865+0200] {processor.py:925} INFO - DAG(s) 'example_sensor_decorator' retrieved from /mnt/e/Assignments/Airflow/airflow/airflow_env/lib/python3.12/site-packages/airflow/example_dags/example_sensor_decorator.py
[2024-12-26T02:55:25.906+0200] {logging_mixin.py:190} INFO - [2024-12-26T02:55:25.904+0200] {dag.py:3239} INFO - Sync 1 DAGs
[2024-12-26T02:55:25.930+0200] {logging_mixin.py:190} INFO - [2024-12-26T02:55:25.927+0200] {dag.py:4180} INFO - Setting next_dagrun for example_sensor_decorator to None, run_after=None
[2024-12-26T02:55:26.074+0200] {processor.py:208} INFO - Processing /mnt/e/Assignments/Airflow/airflow/airflow_env/lib/python3.12/site-packages/airflow/example_dags/example_sensor_decorator.py took 0.268 seconds
[2024-12-26T02:57:36.327+0200] {processor.py:186} INFO - Started process (PID=190850) to work on /mnt/e/Assignments/Airflow/airflow/airflow_env/lib/python3.12/site-packages/airflow/example_dags/example_sensor_decorator.py
[2024-12-26T02:57:36.329+0200] {processor.py:914} INFO - Processing file /mnt/e/Assignments/Airflow/airflow/airflow_env/lib/python3.12/site-packages/airflow/example_dags/example_sensor_decorator.py for tasks to queue
[2024-12-26T02:57:36.334+0200] {logging_mixin.py:190} INFO - [2024-12-26T02:57:36.331+0200] {dagbag.py:588} INFO - Filling up the DagBag from /mnt/e/Assignments/Airflow/airflow/airflow_env/lib/python3.12/site-packages/airflow/example_dags/example_sensor_decorator.py
[2024-12-26T02:57:36.371+0200] {processor.py:925} INFO - DAG(s) 'example_sensor_decorator' retrieved from /mnt/e/Assignments/Airflow/airflow/airflow_env/lib/python3.12/site-packages/airflow/example_dags/example_sensor_decorator.py
[2024-12-26T02:57:36.408+0200] {logging_mixin.py:190} INFO - [2024-12-26T02:57:36.407+0200] {dag.py:3239} INFO - Sync 1 DAGs
[2024-12-26T02:57:36.425+0200] {logging_mixin.py:190} INFO - [2024-12-26T02:57:36.424+0200] {dag.py:4180} INFO - Setting next_dagrun for example_sensor_decorator to None, run_after=None
[2024-12-26T02:57:36.501+0200] {processor.py:208} INFO - Processing /mnt/e/Assignments/Airflow/airflow/airflow_env/lib/python3.12/site-packages/airflow/example_dags/example_sensor_decorator.py took 0.189 seconds
[2024-12-26T03:01:35.308+0200] {processor.py:186} INFO - Started process (PID=190986) to work on /mnt/e/Assignments/Airflow/airflow/airflow_env/lib/python3.12/site-packages/airflow/example_dags/example_sensor_decorator.py
[2024-12-26T03:01:35.312+0200] {processor.py:914} INFO - Processing file /mnt/e/Assignments/Airflow/airflow/airflow_env/lib/python3.12/site-packages/airflow/example_dags/example_sensor_decorator.py for tasks to queue
[2024-12-26T03:01:35.318+0200] {logging_mixin.py:190} INFO - [2024-12-26T03:01:35.316+0200] {dagbag.py:588} INFO - Filling up the DagBag from /mnt/e/Assignments/Airflow/airflow/airflow_env/lib/python3.12/site-packages/airflow/example_dags/example_sensor_decorator.py
[2024-12-26T03:01:35.473+0200] {processor.py:925} INFO - DAG(s) 'example_sensor_decorator' retrieved from /mnt/e/Assignments/Airflow/airflow/airflow_env/lib/python3.12/site-packages/airflow/example_dags/example_sensor_decorator.py
[2024-12-26T03:01:35.566+0200] {logging_mixin.py:190} INFO - [2024-12-26T03:01:35.565+0200] {dag.py:3239} INFO - Sync 1 DAGs
[2024-12-26T03:01:35.585+0200] {logging_mixin.py:190} INFO - [2024-12-26T03:01:35.583+0200] {dag.py:4180} INFO - Setting next_dagrun for example_sensor_decorator to None, run_after=None
[2024-12-26T03:01:35.649+0200] {processor.py:208} INFO - Processing /mnt/e/Assignments/Airflow/airflow/airflow_env/lib/python3.12/site-packages/airflow/example_dags/example_sensor_decorator.py took 0.377 seconds
[2024-12-26T03:03:15.848+0200] {processor.py:186} INFO - Started process (PID=191059) to work on /mnt/e/Assignments/Airflow/airflow/airflow_env/lib/python3.12/site-packages/airflow/example_dags/example_sensor_decorator.py
[2024-12-26T03:03:15.851+0200] {processor.py:914} INFO - Processing file /mnt/e/Assignments/Airflow/airflow/airflow_env/lib/python3.12/site-packages/airflow/example_dags/example_sensor_decorator.py for tasks to queue
[2024-12-26T03:03:15.857+0200] {logging_mixin.py:190} INFO - [2024-12-26T03:03:15.855+0200] {dagbag.py:588} INFO - Filling up the DagBag from /mnt/e/Assignments/Airflow/airflow/airflow_env/lib/python3.12/site-packages/airflow/example_dags/example_sensor_decorator.py
[2024-12-26T03:03:16.031+0200] {processor.py:925} INFO - DAG(s) 'example_sensor_decorator' retrieved from /mnt/e/Assignments/Airflow/airflow/airflow_env/lib/python3.12/site-packages/airflow/example_dags/example_sensor_decorator.py
[2024-12-26T03:03:16.078+0200] {logging_mixin.py:190} INFO - [2024-12-26T03:03:16.076+0200] {dag.py:3239} INFO - Sync 1 DAGs
[2024-12-26T03:03:16.101+0200] {logging_mixin.py:190} INFO - [2024-12-26T03:03:16.098+0200] {dag.py:4180} INFO - Setting next_dagrun for example_sensor_decorator to None, run_after=None
[2024-12-26T03:03:16.177+0200] {processor.py:208} INFO - Processing /mnt/e/Assignments/Airflow/airflow/airflow_env/lib/python3.12/site-packages/airflow/example_dags/example_sensor_decorator.py took 0.344 seconds
[2024-12-26T03:05:27.399+0200] {processor.py:186} INFO - Started process (PID=191147) to work on /mnt/e/Assignments/Airflow/airflow/airflow_env/lib/python3.12/site-packages/airflow/example_dags/example_sensor_decorator.py
[2024-12-26T03:05:27.403+0200] {processor.py:914} INFO - Processing file /mnt/e/Assignments/Airflow/airflow/airflow_env/lib/python3.12/site-packages/airflow/example_dags/example_sensor_decorator.py for tasks to queue
[2024-12-26T03:05:27.408+0200] {logging_mixin.py:190} INFO - [2024-12-26T03:05:27.406+0200] {dagbag.py:588} INFO - Filling up the DagBag from /mnt/e/Assignments/Airflow/airflow/airflow_env/lib/python3.12/site-packages/airflow/example_dags/example_sensor_decorator.py
[2024-12-26T03:05:27.489+0200] {processor.py:925} INFO - DAG(s) 'example_sensor_decorator' retrieved from /mnt/e/Assignments/Airflow/airflow/airflow_env/lib/python3.12/site-packages/airflow/example_dags/example_sensor_decorator.py
[2024-12-26T03:05:27.516+0200] {logging_mixin.py:190} INFO - [2024-12-26T03:05:27.515+0200] {dag.py:3239} INFO - Sync 1 DAGs
[2024-12-26T03:05:27.532+0200] {logging_mixin.py:190} INFO - [2024-12-26T03:05:27.531+0200] {dag.py:4180} INFO - Setting next_dagrun for example_sensor_decorator to None, run_after=None
[2024-12-26T03:05:27.604+0200] {processor.py:208} INFO - Processing /mnt/e/Assignments/Airflow/airflow/airflow_env/lib/python3.12/site-packages/airflow/example_dags/example_sensor_decorator.py took 0.228 seconds
[2024-12-26T03:08:41.147+0200] {processor.py:186} INFO - Started process (PID=191253) to work on /mnt/e/Assignments/Airflow/airflow/airflow_env/lib/python3.12/site-packages/airflow/example_dags/example_sensor_decorator.py
[2024-12-26T03:08:41.149+0200] {processor.py:914} INFO - Processing file /mnt/e/Assignments/Airflow/airflow/airflow_env/lib/python3.12/site-packages/airflow/example_dags/example_sensor_decorator.py for tasks to queue
[2024-12-26T03:08:41.155+0200] {logging_mixin.py:190} INFO - [2024-12-26T03:08:41.153+0200] {dagbag.py:588} INFO - Filling up the DagBag from /mnt/e/Assignments/Airflow/airflow/airflow_env/lib/python3.12/site-packages/airflow/example_dags/example_sensor_decorator.py
[2024-12-26T03:08:41.279+0200] {processor.py:925} INFO - DAG(s) 'example_sensor_decorator' retrieved from /mnt/e/Assignments/Airflow/airflow/airflow_env/lib/python3.12/site-packages/airflow/example_dags/example_sensor_decorator.py
[2024-12-26T03:08:41.317+0200] {logging_mixin.py:190} INFO - [2024-12-26T03:08:41.315+0200] {dag.py:3239} INFO - Sync 1 DAGs
[2024-12-26T03:08:41.336+0200] {logging_mixin.py:190} INFO - [2024-12-26T03:08:41.334+0200] {dag.py:4180} INFO - Setting next_dagrun for example_sensor_decorator to None, run_after=None
[2024-12-26T03:08:41.417+0200] {processor.py:208} INFO - Processing /mnt/e/Assignments/Airflow/airflow/airflow_env/lib/python3.12/site-packages/airflow/example_dags/example_sensor_decorator.py took 0.288 seconds
[2024-12-26T03:10:49.272+0200] {processor.py:186} INFO - Started process (PID=191334) to work on /mnt/e/Assignments/Airflow/airflow/airflow_env/lib/python3.12/site-packages/airflow/example_dags/example_sensor_decorator.py
[2024-12-26T03:10:49.276+0200] {processor.py:914} INFO - Processing file /mnt/e/Assignments/Airflow/airflow/airflow_env/lib/python3.12/site-packages/airflow/example_dags/example_sensor_decorator.py for tasks to queue
[2024-12-26T03:10:49.281+0200] {logging_mixin.py:190} INFO - [2024-12-26T03:10:49.279+0200] {dagbag.py:588} INFO - Filling up the DagBag from /mnt/e/Assignments/Airflow/airflow/airflow_env/lib/python3.12/site-packages/airflow/example_dags/example_sensor_decorator.py
[2024-12-26T03:10:49.363+0200] {processor.py:925} INFO - DAG(s) 'example_sensor_decorator' retrieved from /mnt/e/Assignments/Airflow/airflow/airflow_env/lib/python3.12/site-packages/airflow/example_dags/example_sensor_decorator.py
[2024-12-26T03:10:49.402+0200] {logging_mixin.py:190} INFO - [2024-12-26T03:10:49.400+0200] {dag.py:3239} INFO - Sync 1 DAGs
[2024-12-26T03:10:49.498+0200] {logging_mixin.py:190} INFO - [2024-12-26T03:10:49.497+0200] {dag.py:4180} INFO - Setting next_dagrun for example_sensor_decorator to None, run_after=None
[2024-12-26T03:10:49.581+0200] {processor.py:208} INFO - Processing /mnt/e/Assignments/Airflow/airflow/airflow_env/lib/python3.12/site-packages/airflow/example_dags/example_sensor_decorator.py took 0.332 seconds
[2024-12-26T03:12:59.620+0200] {processor.py:186} INFO - Started process (PID=191418) to work on /mnt/e/Assignments/Airflow/airflow/airflow_env/lib/python3.12/site-packages/airflow/example_dags/example_sensor_decorator.py
[2024-12-26T03:12:59.624+0200] {processor.py:914} INFO - Processing file /mnt/e/Assignments/Airflow/airflow/airflow_env/lib/python3.12/site-packages/airflow/example_dags/example_sensor_decorator.py for tasks to queue
[2024-12-26T03:12:59.634+0200] {logging_mixin.py:190} INFO - [2024-12-26T03:12:59.631+0200] {dagbag.py:588} INFO - Filling up the DagBag from /mnt/e/Assignments/Airflow/airflow/airflow_env/lib/python3.12/site-packages/airflow/example_dags/example_sensor_decorator.py
[2024-12-26T03:12:59.738+0200] {processor.py:925} INFO - DAG(s) 'example_sensor_decorator' retrieved from /mnt/e/Assignments/Airflow/airflow/airflow_env/lib/python3.12/site-packages/airflow/example_dags/example_sensor_decorator.py
[2024-12-26T03:12:59.768+0200] {logging_mixin.py:190} INFO - [2024-12-26T03:12:59.766+0200] {dag.py:3239} INFO - Sync 1 DAGs
[2024-12-26T03:12:59.783+0200] {logging_mixin.py:190} INFO - [2024-12-26T03:12:59.782+0200] {dag.py:4180} INFO - Setting next_dagrun for example_sensor_decorator to None, run_after=None
[2024-12-26T03:12:59.841+0200] {processor.py:208} INFO - Processing /mnt/e/Assignments/Airflow/airflow/airflow_env/lib/python3.12/site-packages/airflow/example_dags/example_sensor_decorator.py took 0.241 seconds
[2024-12-26T03:15:04.080+0200] {processor.py:186} INFO - Started process (PID=191496) to work on /mnt/e/Assignments/Airflow/airflow/airflow_env/lib/python3.12/site-packages/airflow/example_dags/example_sensor_decorator.py
[2024-12-26T03:15:04.083+0200] {processor.py:914} INFO - Processing file /mnt/e/Assignments/Airflow/airflow/airflow_env/lib/python3.12/site-packages/airflow/example_dags/example_sensor_decorator.py for tasks to queue
[2024-12-26T03:15:04.090+0200] {logging_mixin.py:190} INFO - [2024-12-26T03:15:04.088+0200] {dagbag.py:588} INFO - Filling up the DagBag from /mnt/e/Assignments/Airflow/airflow/airflow_env/lib/python3.12/site-packages/airflow/example_dags/example_sensor_decorator.py
[2024-12-26T03:15:04.185+0200] {processor.py:925} INFO - DAG(s) 'example_sensor_decorator' retrieved from /mnt/e/Assignments/Airflow/airflow/airflow_env/lib/python3.12/site-packages/airflow/example_dags/example_sensor_decorator.py
[2024-12-26T03:15:04.214+0200] {logging_mixin.py:190} INFO - [2024-12-26T03:15:04.213+0200] {dag.py:3239} INFO - Sync 1 DAGs
[2024-12-26T03:15:04.230+0200] {logging_mixin.py:190} INFO - [2024-12-26T03:15:04.229+0200] {dag.py:4180} INFO - Setting next_dagrun for example_sensor_decorator to None, run_after=None
[2024-12-26T03:15:04.304+0200] {processor.py:208} INFO - Processing /mnt/e/Assignments/Airflow/airflow/airflow_env/lib/python3.12/site-packages/airflow/example_dags/example_sensor_decorator.py took 0.241 seconds
[2024-12-26T03:17:29.802+0200] {processor.py:186} INFO - Started process (PID=191583) to work on /mnt/e/Assignments/Airflow/airflow/airflow_env/lib/python3.12/site-packages/airflow/example_dags/example_sensor_decorator.py
[2024-12-26T03:17:29.804+0200] {processor.py:914} INFO - Processing file /mnt/e/Assignments/Airflow/airflow/airflow_env/lib/python3.12/site-packages/airflow/example_dags/example_sensor_decorator.py for tasks to queue
[2024-12-26T03:17:29.806+0200] {logging_mixin.py:190} INFO - [2024-12-26T03:17:29.805+0200] {dagbag.py:588} INFO - Filling up the DagBag from /mnt/e/Assignments/Airflow/airflow/airflow_env/lib/python3.12/site-packages/airflow/example_dags/example_sensor_decorator.py
[2024-12-26T03:17:29.859+0200] {processor.py:925} INFO - DAG(s) 'example_sensor_decorator' retrieved from /mnt/e/Assignments/Airflow/airflow/airflow_env/lib/python3.12/site-packages/airflow/example_dags/example_sensor_decorator.py
[2024-12-26T03:17:29.884+0200] {logging_mixin.py:190} INFO - [2024-12-26T03:17:29.884+0200] {dag.py:3239} INFO - Sync 1 DAGs
[2024-12-26T03:17:29.896+0200] {logging_mixin.py:190} INFO - [2024-12-26T03:17:29.895+0200] {dag.py:4180} INFO - Setting next_dagrun for example_sensor_decorator to None, run_after=None
[2024-12-26T03:17:29.946+0200] {processor.py:208} INFO - Processing /mnt/e/Assignments/Airflow/airflow/airflow_env/lib/python3.12/site-packages/airflow/example_dags/example_sensor_decorator.py took 0.153 seconds
[2024-12-26T03:19:30.598+0200] {processor.py:186} INFO - Started process (PID=191664) to work on /mnt/e/Assignments/Airflow/airflow/airflow_env/lib/python3.12/site-packages/airflow/example_dags/example_sensor_decorator.py
[2024-12-26T03:19:30.600+0200] {processor.py:914} INFO - Processing file /mnt/e/Assignments/Airflow/airflow/airflow_env/lib/python3.12/site-packages/airflow/example_dags/example_sensor_decorator.py for tasks to queue
[2024-12-26T03:19:30.603+0200] {logging_mixin.py:190} INFO - [2024-12-26T03:19:30.602+0200] {dagbag.py:588} INFO - Filling up the DagBag from /mnt/e/Assignments/Airflow/airflow/airflow_env/lib/python3.12/site-packages/airflow/example_dags/example_sensor_decorator.py
[2024-12-26T03:19:30.653+0200] {processor.py:925} INFO - DAG(s) 'example_sensor_decorator' retrieved from /mnt/e/Assignments/Airflow/airflow/airflow_env/lib/python3.12/site-packages/airflow/example_dags/example_sensor_decorator.py
[2024-12-26T03:19:30.674+0200] {logging_mixin.py:190} INFO - [2024-12-26T03:19:30.673+0200] {dag.py:3239} INFO - Sync 1 DAGs
[2024-12-26T03:19:30.683+0200] {logging_mixin.py:190} INFO - [2024-12-26T03:19:30.683+0200] {dag.py:4180} INFO - Setting next_dagrun for example_sensor_decorator to None, run_after=None
[2024-12-26T03:19:30.725+0200] {processor.py:208} INFO - Processing /mnt/e/Assignments/Airflow/airflow/airflow_env/lib/python3.12/site-packages/airflow/example_dags/example_sensor_decorator.py took 0.134 seconds
[2024-12-26T03:21:41.477+0200] {processor.py:186} INFO - Started process (PID=191768) to work on /mnt/e/Assignments/Airflow/airflow/airflow_env/lib/python3.12/site-packages/airflow/example_dags/example_sensor_decorator.py
[2024-12-26T03:21:41.479+0200] {processor.py:914} INFO - Processing file /mnt/e/Assignments/Airflow/airflow/airflow_env/lib/python3.12/site-packages/airflow/example_dags/example_sensor_decorator.py for tasks to queue
[2024-12-26T03:21:41.482+0200] {logging_mixin.py:190} INFO - [2024-12-26T03:21:41.481+0200] {dagbag.py:588} INFO - Filling up the DagBag from /mnt/e/Assignments/Airflow/airflow/airflow_env/lib/python3.12/site-packages/airflow/example_dags/example_sensor_decorator.py
[2024-12-26T03:21:41.559+0200] {processor.py:925} INFO - DAG(s) 'example_sensor_decorator' retrieved from /mnt/e/Assignments/Airflow/airflow/airflow_env/lib/python3.12/site-packages/airflow/example_dags/example_sensor_decorator.py
[2024-12-26T03:21:41.581+0200] {logging_mixin.py:190} INFO - [2024-12-26T03:21:41.581+0200] {dag.py:3239} INFO - Sync 1 DAGs
[2024-12-26T03:21:41.591+0200] {logging_mixin.py:190} INFO - [2024-12-26T03:21:41.590+0200] {dag.py:4180} INFO - Setting next_dagrun for example_sensor_decorator to None, run_after=None
[2024-12-26T03:21:41.647+0200] {processor.py:208} INFO - Processing /mnt/e/Assignments/Airflow/airflow/airflow_env/lib/python3.12/site-packages/airflow/example_dags/example_sensor_decorator.py took 0.182 seconds
[2024-12-26T03:23:49.565+0200] {processor.py:186} INFO - Started process (PID=191868) to work on /mnt/e/Assignments/Airflow/airflow/airflow_env/lib/python3.12/site-packages/airflow/example_dags/example_sensor_decorator.py
[2024-12-26T03:23:49.569+0200] {processor.py:914} INFO - Processing file /mnt/e/Assignments/Airflow/airflow/airflow_env/lib/python3.12/site-packages/airflow/example_dags/example_sensor_decorator.py for tasks to queue
[2024-12-26T03:23:49.578+0200] {logging_mixin.py:190} INFO - [2024-12-26T03:23:49.574+0200] {dagbag.py:588} INFO - Filling up the DagBag from /mnt/e/Assignments/Airflow/airflow/airflow_env/lib/python3.12/site-packages/airflow/example_dags/example_sensor_decorator.py
[2024-12-26T03:23:49.844+0200] {processor.py:925} INFO - DAG(s) 'example_sensor_decorator' retrieved from /mnt/e/Assignments/Airflow/airflow/airflow_env/lib/python3.12/site-packages/airflow/example_dags/example_sensor_decorator.py
[2024-12-26T03:23:49.915+0200] {logging_mixin.py:190} INFO - [2024-12-26T03:23:49.911+0200] {dag.py:3239} INFO - Sync 1 DAGs
[2024-12-26T03:23:49.942+0200] {logging_mixin.py:190} INFO - [2024-12-26T03:23:49.938+0200] {dag.py:4180} INFO - Setting next_dagrun for example_sensor_decorator to None, run_after=None
[2024-12-26T03:23:50.087+0200] {processor.py:208} INFO - Processing /mnt/e/Assignments/Airflow/airflow/airflow_env/lib/python3.12/site-packages/airflow/example_dags/example_sensor_decorator.py took 0.560 seconds
[2024-12-26T03:26:02.598+0200] {processor.py:186} INFO - Started process (PID=191965) to work on /mnt/e/Assignments/Airflow/airflow/airflow_env/lib/python3.12/site-packages/airflow/example_dags/example_sensor_decorator.py
[2024-12-26T03:26:02.602+0200] {processor.py:914} INFO - Processing file /mnt/e/Assignments/Airflow/airflow/airflow_env/lib/python3.12/site-packages/airflow/example_dags/example_sensor_decorator.py for tasks to queue
[2024-12-26T03:26:02.607+0200] {logging_mixin.py:190} INFO - [2024-12-26T03:26:02.605+0200] {dagbag.py:588} INFO - Filling up the DagBag from /mnt/e/Assignments/Airflow/airflow/airflow_env/lib/python3.12/site-packages/airflow/example_dags/example_sensor_decorator.py
[2024-12-26T03:26:02.678+0200] {processor.py:925} INFO - DAG(s) 'example_sensor_decorator' retrieved from /mnt/e/Assignments/Airflow/airflow/airflow_env/lib/python3.12/site-packages/airflow/example_dags/example_sensor_decorator.py
[2024-12-26T03:26:02.700+0200] {logging_mixin.py:190} INFO - [2024-12-26T03:26:02.699+0200] {dag.py:3239} INFO - Sync 1 DAGs
[2024-12-26T03:26:02.714+0200] {logging_mixin.py:190} INFO - [2024-12-26T03:26:02.712+0200] {dag.py:4180} INFO - Setting next_dagrun for example_sensor_decorator to None, run_after=None
[2024-12-26T03:26:02.778+0200] {processor.py:208} INFO - Processing /mnt/e/Assignments/Airflow/airflow/airflow_env/lib/python3.12/site-packages/airflow/example_dags/example_sensor_decorator.py took 0.191 seconds
[2024-12-26T03:28:06.539+0200] {processor.py:186} INFO - Started process (PID=192060) to work on /mnt/e/Assignments/Airflow/airflow/airflow_env/lib/python3.12/site-packages/airflow/example_dags/example_sensor_decorator.py
[2024-12-26T03:28:06.541+0200] {processor.py:914} INFO - Processing file /mnt/e/Assignments/Airflow/airflow/airflow_env/lib/python3.12/site-packages/airflow/example_dags/example_sensor_decorator.py for tasks to queue
[2024-12-26T03:28:06.544+0200] {logging_mixin.py:190} INFO - [2024-12-26T03:28:06.543+0200] {dagbag.py:588} INFO - Filling up the DagBag from /mnt/e/Assignments/Airflow/airflow/airflow_env/lib/python3.12/site-packages/airflow/example_dags/example_sensor_decorator.py
[2024-12-26T03:28:06.603+0200] {processor.py:925} INFO - DAG(s) 'example_sensor_decorator' retrieved from /mnt/e/Assignments/Airflow/airflow/airflow_env/lib/python3.12/site-packages/airflow/example_dags/example_sensor_decorator.py
[2024-12-26T03:28:06.626+0200] {logging_mixin.py:190} INFO - [2024-12-26T03:28:06.625+0200] {dag.py:3239} INFO - Sync 1 DAGs
[2024-12-26T03:28:06.642+0200] {logging_mixin.py:190} INFO - [2024-12-26T03:28:06.641+0200] {dag.py:4180} INFO - Setting next_dagrun for example_sensor_decorator to None, run_after=None
[2024-12-26T03:28:06.701+0200] {processor.py:208} INFO - Processing /mnt/e/Assignments/Airflow/airflow/airflow_env/lib/python3.12/site-packages/airflow/example_dags/example_sensor_decorator.py took 0.174 seconds
[2024-12-26T03:30:03.789+0200] {processor.py:186} INFO - Started process (PID=192149) to work on /mnt/e/Assignments/Airflow/airflow/airflow_env/lib/python3.12/site-packages/airflow/example_dags/example_sensor_decorator.py
[2024-12-26T03:30:03.791+0200] {processor.py:914} INFO - Processing file /mnt/e/Assignments/Airflow/airflow/airflow_env/lib/python3.12/site-packages/airflow/example_dags/example_sensor_decorator.py for tasks to queue
[2024-12-26T03:30:03.794+0200] {logging_mixin.py:190} INFO - [2024-12-26T03:30:03.793+0200] {dagbag.py:588} INFO - Filling up the DagBag from /mnt/e/Assignments/Airflow/airflow/airflow_env/lib/python3.12/site-packages/airflow/example_dags/example_sensor_decorator.py
[2024-12-26T03:30:03.876+0200] {processor.py:925} INFO - DAG(s) 'example_sensor_decorator' retrieved from /mnt/e/Assignments/Airflow/airflow/airflow_env/lib/python3.12/site-packages/airflow/example_dags/example_sensor_decorator.py
[2024-12-26T03:30:03.906+0200] {logging_mixin.py:190} INFO - [2024-12-26T03:30:03.905+0200] {dag.py:3239} INFO - Sync 1 DAGs
[2024-12-26T03:30:03.919+0200] {logging_mixin.py:190} INFO - [2024-12-26T03:30:03.917+0200] {dag.py:4180} INFO - Setting next_dagrun for example_sensor_decorator to None, run_after=None
[2024-12-26T03:30:03.983+0200] {processor.py:208} INFO - Processing /mnt/e/Assignments/Airflow/airflow/airflow_env/lib/python3.12/site-packages/airflow/example_dags/example_sensor_decorator.py took 0.207 seconds
[2024-12-26T03:32:23.269+0200] {processor.py:186} INFO - Started process (PID=192242) to work on /mnt/e/Assignments/Airflow/airflow/airflow_env/lib/python3.12/site-packages/airflow/example_dags/example_sensor_decorator.py
[2024-12-26T03:32:23.270+0200] {processor.py:914} INFO - Processing file /mnt/e/Assignments/Airflow/airflow/airflow_env/lib/python3.12/site-packages/airflow/example_dags/example_sensor_decorator.py for tasks to queue
[2024-12-26T03:32:23.273+0200] {logging_mixin.py:190} INFO - [2024-12-26T03:32:23.272+0200] {dagbag.py:588} INFO - Filling up the DagBag from /mnt/e/Assignments/Airflow/airflow/airflow_env/lib/python3.12/site-packages/airflow/example_dags/example_sensor_decorator.py
[2024-12-26T03:32:23.325+0200] {processor.py:925} INFO - DAG(s) 'example_sensor_decorator' retrieved from /mnt/e/Assignments/Airflow/airflow/airflow_env/lib/python3.12/site-packages/airflow/example_dags/example_sensor_decorator.py
[2024-12-26T03:32:23.344+0200] {logging_mixin.py:190} INFO - [2024-12-26T03:32:23.343+0200] {dag.py:3239} INFO - Sync 1 DAGs
[2024-12-26T03:32:23.354+0200] {logging_mixin.py:190} INFO - [2024-12-26T03:32:23.353+0200] {dag.py:4180} INFO - Setting next_dagrun for example_sensor_decorator to None, run_after=None
[2024-12-26T03:32:23.393+0200] {processor.py:208} INFO - Processing /mnt/e/Assignments/Airflow/airflow/airflow_env/lib/python3.12/site-packages/airflow/example_dags/example_sensor_decorator.py took 0.134 seconds
[2024-12-26T03:34:30.396+0200] {processor.py:186} INFO - Started process (PID=192348) to work on /mnt/e/Assignments/Airflow/airflow/airflow_env/lib/python3.12/site-packages/airflow/example_dags/example_sensor_decorator.py
[2024-12-26T03:34:30.401+0200] {processor.py:914} INFO - Processing file /mnt/e/Assignments/Airflow/airflow/airflow_env/lib/python3.12/site-packages/airflow/example_dags/example_sensor_decorator.py for tasks to queue
[2024-12-26T03:34:30.407+0200] {logging_mixin.py:190} INFO - [2024-12-26T03:34:30.404+0200] {dagbag.py:588} INFO - Filling up the DagBag from /mnt/e/Assignments/Airflow/airflow/airflow_env/lib/python3.12/site-packages/airflow/example_dags/example_sensor_decorator.py
[2024-12-26T03:34:30.514+0200] {processor.py:925} INFO - DAG(s) 'example_sensor_decorator' retrieved from /mnt/e/Assignments/Airflow/airflow/airflow_env/lib/python3.12/site-packages/airflow/example_dags/example_sensor_decorator.py
[2024-12-26T03:34:30.536+0200] {logging_mixin.py:190} INFO - [2024-12-26T03:34:30.535+0200] {dag.py:3239} INFO - Sync 1 DAGs
[2024-12-26T03:34:30.546+0200] {logging_mixin.py:190} INFO - [2024-12-26T03:34:30.545+0200] {dag.py:4180} INFO - Setting next_dagrun for example_sensor_decorator to None, run_after=None
[2024-12-26T03:34:30.605+0200] {processor.py:208} INFO - Processing /mnt/e/Assignments/Airflow/airflow/airflow_env/lib/python3.12/site-packages/airflow/example_dags/example_sensor_decorator.py took 0.241 seconds
[2024-12-26T03:38:30.683+0200] {processor.py:186} INFO - Started process (PID=192485) to work on /mnt/e/Assignments/Airflow/airflow/airflow_env/lib/python3.12/site-packages/airflow/example_dags/example_sensor_decorator.py
[2024-12-26T03:38:30.688+0200] {processor.py:914} INFO - Processing file /mnt/e/Assignments/Airflow/airflow/airflow_env/lib/python3.12/site-packages/airflow/example_dags/example_sensor_decorator.py for tasks to queue
[2024-12-26T03:38:30.695+0200] {logging_mixin.py:190} INFO - [2024-12-26T03:38:30.693+0200] {dagbag.py:588} INFO - Filling up the DagBag from /mnt/e/Assignments/Airflow/airflow/airflow_env/lib/python3.12/site-packages/airflow/example_dags/example_sensor_decorator.py
[2024-12-26T03:38:30.857+0200] {processor.py:925} INFO - DAG(s) 'example_sensor_decorator' retrieved from /mnt/e/Assignments/Airflow/airflow/airflow_env/lib/python3.12/site-packages/airflow/example_dags/example_sensor_decorator.py
[2024-12-26T03:38:30.908+0200] {logging_mixin.py:190} INFO - [2024-12-26T03:38:30.905+0200] {dag.py:3239} INFO - Sync 1 DAGs
[2024-12-26T03:38:30.932+0200] {logging_mixin.py:190} INFO - [2024-12-26T03:38:30.929+0200] {dag.py:4180} INFO - Setting next_dagrun for example_sensor_decorator to None, run_after=None
[2024-12-26T03:38:31.068+0200] {processor.py:208} INFO - Processing /mnt/e/Assignments/Airflow/airflow/airflow_env/lib/python3.12/site-packages/airflow/example_dags/example_sensor_decorator.py took 0.417 seconds
[2024-12-26T03:39:50.134+0200] {processor.py:186} INFO - Started process (PID=192540) to work on /mnt/e/Assignments/Airflow/airflow/airflow_env/lib/python3.12/site-packages/airflow/example_dags/example_sensor_decorator.py
[2024-12-26T03:39:50.137+0200] {processor.py:914} INFO - Processing file /mnt/e/Assignments/Airflow/airflow/airflow_env/lib/python3.12/site-packages/airflow/example_dags/example_sensor_decorator.py for tasks to queue
[2024-12-26T03:39:50.142+0200] {logging_mixin.py:190} INFO - [2024-12-26T03:39:50.140+0200] {dagbag.py:588} INFO - Filling up the DagBag from /mnt/e/Assignments/Airflow/airflow/airflow_env/lib/python3.12/site-packages/airflow/example_dags/example_sensor_decorator.py
[2024-12-26T03:39:50.215+0200] {processor.py:925} INFO - DAG(s) 'example_sensor_decorator' retrieved from /mnt/e/Assignments/Airflow/airflow/airflow_env/lib/python3.12/site-packages/airflow/example_dags/example_sensor_decorator.py
[2024-12-26T03:39:50.233+0200] {logging_mixin.py:190} INFO - [2024-12-26T03:39:50.232+0200] {dag.py:3239} INFO - Sync 1 DAGs
[2024-12-26T03:39:50.243+0200] {logging_mixin.py:190} INFO - [2024-12-26T03:39:50.242+0200] {dag.py:4180} INFO - Setting next_dagrun for example_sensor_decorator to None, run_after=None
[2024-12-26T03:39:50.311+0200] {processor.py:208} INFO - Processing /mnt/e/Assignments/Airflow/airflow/airflow_env/lib/python3.12/site-packages/airflow/example_dags/example_sensor_decorator.py took 0.189 seconds
[2024-12-26T03:41:47.003+0200] {processor.py:186} INFO - Started process (PID=192621) to work on /mnt/e/Assignments/Airflow/airflow/airflow_env/lib/python3.12/site-packages/airflow/example_dags/example_sensor_decorator.py
[2024-12-26T03:41:47.005+0200] {processor.py:914} INFO - Processing file /mnt/e/Assignments/Airflow/airflow/airflow_env/lib/python3.12/site-packages/airflow/example_dags/example_sensor_decorator.py for tasks to queue
[2024-12-26T03:41:47.013+0200] {logging_mixin.py:190} INFO - [2024-12-26T03:41:47.010+0200] {dagbag.py:588} INFO - Filling up the DagBag from /mnt/e/Assignments/Airflow/airflow/airflow_env/lib/python3.12/site-packages/airflow/example_dags/example_sensor_decorator.py
[2024-12-26T03:41:47.120+0200] {processor.py:925} INFO - DAG(s) 'example_sensor_decorator' retrieved from /mnt/e/Assignments/Airflow/airflow/airflow_env/lib/python3.12/site-packages/airflow/example_dags/example_sensor_decorator.py
[2024-12-26T03:41:47.140+0200] {logging_mixin.py:190} INFO - [2024-12-26T03:41:47.139+0200] {dag.py:3239} INFO - Sync 1 DAGs
[2024-12-26T03:41:47.152+0200] {logging_mixin.py:190} INFO - [2024-12-26T03:41:47.151+0200] {dag.py:4180} INFO - Setting next_dagrun for example_sensor_decorator to None, run_after=None
[2024-12-26T03:41:47.212+0200] {processor.py:208} INFO - Processing /mnt/e/Assignments/Airflow/airflow/airflow_env/lib/python3.12/site-packages/airflow/example_dags/example_sensor_decorator.py took 0.238 seconds
[2024-12-26T03:43:45.948+0200] {processor.py:186} INFO - Started process (PID=192699) to work on /mnt/e/Assignments/Airflow/airflow/airflow_env/lib/python3.12/site-packages/airflow/example_dags/example_sensor_decorator.py
[2024-12-26T03:43:45.951+0200] {processor.py:914} INFO - Processing file /mnt/e/Assignments/Airflow/airflow/airflow_env/lib/python3.12/site-packages/airflow/example_dags/example_sensor_decorator.py for tasks to queue
[2024-12-26T03:43:45.955+0200] {logging_mixin.py:190} INFO - [2024-12-26T03:43:45.954+0200] {dagbag.py:588} INFO - Filling up the DagBag from /mnt/e/Assignments/Airflow/airflow/airflow_env/lib/python3.12/site-packages/airflow/example_dags/example_sensor_decorator.py
[2024-12-26T03:43:46.013+0200] {processor.py:925} INFO - DAG(s) 'example_sensor_decorator' retrieved from /mnt/e/Assignments/Airflow/airflow/airflow_env/lib/python3.12/site-packages/airflow/example_dags/example_sensor_decorator.py
[2024-12-26T03:43:46.032+0200] {logging_mixin.py:190} INFO - [2024-12-26T03:43:46.031+0200] {dag.py:3239} INFO - Sync 1 DAGs
[2024-12-26T03:43:46.041+0200] {logging_mixin.py:190} INFO - [2024-12-26T03:43:46.041+0200] {dag.py:4180} INFO - Setting next_dagrun for example_sensor_decorator to None, run_after=None
[2024-12-26T03:43:46.081+0200] {processor.py:208} INFO - Processing /mnt/e/Assignments/Airflow/airflow/airflow_env/lib/python3.12/site-packages/airflow/example_dags/example_sensor_decorator.py took 0.154 seconds
[2024-12-26T03:45:44.046+0200] {processor.py:186} INFO - Started process (PID=192776) to work on /mnt/e/Assignments/Airflow/airflow/airflow_env/lib/python3.12/site-packages/airflow/example_dags/example_sensor_decorator.py
[2024-12-26T03:45:44.051+0200] {processor.py:914} INFO - Processing file /mnt/e/Assignments/Airflow/airflow/airflow_env/lib/python3.12/site-packages/airflow/example_dags/example_sensor_decorator.py for tasks to queue
[2024-12-26T03:45:44.058+0200] {logging_mixin.py:190} INFO - [2024-12-26T03:45:44.055+0200] {dagbag.py:588} INFO - Filling up the DagBag from /mnt/e/Assignments/Airflow/airflow/airflow_env/lib/python3.12/site-packages/airflow/example_dags/example_sensor_decorator.py
[2024-12-26T03:45:44.318+0200] {processor.py:925} INFO - DAG(s) 'example_sensor_decorator' retrieved from /mnt/e/Assignments/Airflow/airflow/airflow_env/lib/python3.12/site-packages/airflow/example_dags/example_sensor_decorator.py
[2024-12-26T03:45:44.375+0200] {logging_mixin.py:190} INFO - [2024-12-26T03:45:44.373+0200] {dag.py:3239} INFO - Sync 1 DAGs
[2024-12-26T03:45:44.396+0200] {logging_mixin.py:190} INFO - [2024-12-26T03:45:44.393+0200] {dag.py:4180} INFO - Setting next_dagrun for example_sensor_decorator to None, run_after=None
[2024-12-26T03:45:44.482+0200] {processor.py:208} INFO - Processing /mnt/e/Assignments/Airflow/airflow/airflow_env/lib/python3.12/site-packages/airflow/example_dags/example_sensor_decorator.py took 0.476 seconds
[2024-12-26T03:47:50.902+0200] {processor.py:186} INFO - Started process (PID=192861) to work on /mnt/e/Assignments/Airflow/airflow/airflow_env/lib/python3.12/site-packages/airflow/example_dags/example_sensor_decorator.py
[2024-12-26T03:47:50.904+0200] {processor.py:914} INFO - Processing file /mnt/e/Assignments/Airflow/airflow/airflow_env/lib/python3.12/site-packages/airflow/example_dags/example_sensor_decorator.py for tasks to queue
[2024-12-26T03:47:50.906+0200] {logging_mixin.py:190} INFO - [2024-12-26T03:47:50.905+0200] {dagbag.py:588} INFO - Filling up the DagBag from /mnt/e/Assignments/Airflow/airflow/airflow_env/lib/python3.12/site-packages/airflow/example_dags/example_sensor_decorator.py
[2024-12-26T03:47:50.977+0200] {processor.py:925} INFO - DAG(s) 'example_sensor_decorator' retrieved from /mnt/e/Assignments/Airflow/airflow/airflow_env/lib/python3.12/site-packages/airflow/example_dags/example_sensor_decorator.py
[2024-12-26T03:47:50.999+0200] {logging_mixin.py:190} INFO - [2024-12-26T03:47:50.999+0200] {dag.py:3239} INFO - Sync 1 DAGs
[2024-12-26T03:47:51.014+0200] {logging_mixin.py:190} INFO - [2024-12-26T03:47:51.011+0200] {dag.py:4180} INFO - Setting next_dagrun for example_sensor_decorator to None, run_after=None
[2024-12-26T03:47:51.062+0200] {processor.py:208} INFO - Processing /mnt/e/Assignments/Airflow/airflow/airflow_env/lib/python3.12/site-packages/airflow/example_dags/example_sensor_decorator.py took 0.170 seconds
[2024-12-26T03:49:56.532+0200] {processor.py:186} INFO - Started process (PID=192943) to work on /mnt/e/Assignments/Airflow/airflow/airflow_env/lib/python3.12/site-packages/airflow/example_dags/example_sensor_decorator.py
[2024-12-26T03:49:56.534+0200] {processor.py:914} INFO - Processing file /mnt/e/Assignments/Airflow/airflow/airflow_env/lib/python3.12/site-packages/airflow/example_dags/example_sensor_decorator.py for tasks to queue
[2024-12-26T03:49:56.537+0200] {logging_mixin.py:190} INFO - [2024-12-26T03:49:56.536+0200] {dagbag.py:588} INFO - Filling up the DagBag from /mnt/e/Assignments/Airflow/airflow/airflow_env/lib/python3.12/site-packages/airflow/example_dags/example_sensor_decorator.py
[2024-12-26T03:49:56.591+0200] {processor.py:925} INFO - DAG(s) 'example_sensor_decorator' retrieved from /mnt/e/Assignments/Airflow/airflow/airflow_env/lib/python3.12/site-packages/airflow/example_dags/example_sensor_decorator.py
[2024-12-26T03:49:56.611+0200] {logging_mixin.py:190} INFO - [2024-12-26T03:49:56.610+0200] {dag.py:3239} INFO - Sync 1 DAGs
[2024-12-26T03:49:56.621+0200] {logging_mixin.py:190} INFO - [2024-12-26T03:49:56.620+0200] {dag.py:4180} INFO - Setting next_dagrun for example_sensor_decorator to None, run_after=None
[2024-12-26T03:49:56.660+0200] {processor.py:208} INFO - Processing /mnt/e/Assignments/Airflow/airflow/airflow_env/lib/python3.12/site-packages/airflow/example_dags/example_sensor_decorator.py took 0.153 seconds
[2024-12-26T03:52:02.053+0200] {processor.py:186} INFO - Started process (PID=193022) to work on /mnt/e/Assignments/Airflow/airflow/airflow_env/lib/python3.12/site-packages/airflow/example_dags/example_sensor_decorator.py
[2024-12-26T03:52:02.058+0200] {processor.py:914} INFO - Processing file /mnt/e/Assignments/Airflow/airflow/airflow_env/lib/python3.12/site-packages/airflow/example_dags/example_sensor_decorator.py for tasks to queue
[2024-12-26T03:52:02.067+0200] {logging_mixin.py:190} INFO - [2024-12-26T03:52:02.064+0200] {dagbag.py:588} INFO - Filling up the DagBag from /mnt/e/Assignments/Airflow/airflow/airflow_env/lib/python3.12/site-packages/airflow/example_dags/example_sensor_decorator.py
[2024-12-26T03:52:02.396+0200] {processor.py:925} INFO - DAG(s) 'example_sensor_decorator' retrieved from /mnt/e/Assignments/Airflow/airflow/airflow_env/lib/python3.12/site-packages/airflow/example_dags/example_sensor_decorator.py
[2024-12-26T03:52:02.449+0200] {logging_mixin.py:190} INFO - [2024-12-26T03:52:02.446+0200] {dag.py:3239} INFO - Sync 1 DAGs
[2024-12-26T03:52:02.471+0200] {logging_mixin.py:190} INFO - [2024-12-26T03:52:02.469+0200] {dag.py:4180} INFO - Setting next_dagrun for example_sensor_decorator to None, run_after=None
[2024-12-26T03:52:02.588+0200] {processor.py:208} INFO - Processing /mnt/e/Assignments/Airflow/airflow/airflow_env/lib/python3.12/site-packages/airflow/example_dags/example_sensor_decorator.py took 0.569 seconds
[2024-12-26T03:54:10.216+0200] {processor.py:186} INFO - Started process (PID=193106) to work on /mnt/e/Assignments/Airflow/airflow/airflow_env/lib/python3.12/site-packages/airflow/example_dags/example_sensor_decorator.py
[2024-12-26T03:54:10.221+0200] {processor.py:914} INFO - Processing file /mnt/e/Assignments/Airflow/airflow/airflow_env/lib/python3.12/site-packages/airflow/example_dags/example_sensor_decorator.py for tasks to queue
[2024-12-26T03:54:10.229+0200] {logging_mixin.py:190} INFO - [2024-12-26T03:54:10.226+0200] {dagbag.py:588} INFO - Filling up the DagBag from /mnt/e/Assignments/Airflow/airflow/airflow_env/lib/python3.12/site-packages/airflow/example_dags/example_sensor_decorator.py
[2024-12-26T03:54:10.436+0200] {processor.py:925} INFO - DAG(s) 'example_sensor_decorator' retrieved from /mnt/e/Assignments/Airflow/airflow/airflow_env/lib/python3.12/site-packages/airflow/example_dags/example_sensor_decorator.py
[2024-12-26T03:54:10.487+0200] {logging_mixin.py:190} INFO - [2024-12-26T03:54:10.484+0200] {dag.py:3239} INFO - Sync 1 DAGs
[2024-12-26T03:54:10.504+0200] {logging_mixin.py:190} INFO - [2024-12-26T03:54:10.503+0200] {dag.py:4180} INFO - Setting next_dagrun for example_sensor_decorator to None, run_after=None
[2024-12-26T03:54:10.597+0200] {processor.py:208} INFO - Processing /mnt/e/Assignments/Airflow/airflow/airflow_env/lib/python3.12/site-packages/airflow/example_dags/example_sensor_decorator.py took 0.423 seconds
[2024-12-26T03:56:29.505+0200] {processor.py:186} INFO - Started process (PID=193187) to work on /mnt/e/Assignments/Airflow/airflow/airflow_env/lib/python3.12/site-packages/airflow/example_dags/example_sensor_decorator.py
[2024-12-26T03:56:29.508+0200] {processor.py:914} INFO - Processing file /mnt/e/Assignments/Airflow/airflow/airflow_env/lib/python3.12/site-packages/airflow/example_dags/example_sensor_decorator.py for tasks to queue
[2024-12-26T03:56:29.519+0200] {logging_mixin.py:190} INFO - [2024-12-26T03:56:29.514+0200] {dagbag.py:588} INFO - Filling up the DagBag from /mnt/e/Assignments/Airflow/airflow/airflow_env/lib/python3.12/site-packages/airflow/example_dags/example_sensor_decorator.py
[2024-12-26T03:56:29.778+0200] {processor.py:925} INFO - DAG(s) 'example_sensor_decorator' retrieved from /mnt/e/Assignments/Airflow/airflow/airflow_env/lib/python3.12/site-packages/airflow/example_dags/example_sensor_decorator.py
[2024-12-26T03:56:29.841+0200] {logging_mixin.py:190} INFO - [2024-12-26T03:56:29.838+0200] {dag.py:3239} INFO - Sync 1 DAGs
[2024-12-26T03:56:29.863+0200] {logging_mixin.py:190} INFO - [2024-12-26T03:56:29.861+0200] {dag.py:4180} INFO - Setting next_dagrun for example_sensor_decorator to None, run_after=None
[2024-12-26T03:56:29.969+0200] {processor.py:208} INFO - Processing /mnt/e/Assignments/Airflow/airflow/airflow_env/lib/python3.12/site-packages/airflow/example_dags/example_sensor_decorator.py took 0.492 seconds
[2024-12-26T03:58:31.184+0200] {processor.py:186} INFO - Started process (PID=193270) to work on /mnt/e/Assignments/Airflow/airflow/airflow_env/lib/python3.12/site-packages/airflow/example_dags/example_sensor_decorator.py
[2024-12-26T03:58:31.185+0200] {processor.py:914} INFO - Processing file /mnt/e/Assignments/Airflow/airflow/airflow_env/lib/python3.12/site-packages/airflow/example_dags/example_sensor_decorator.py for tasks to queue
[2024-12-26T03:58:31.188+0200] {logging_mixin.py:190} INFO - [2024-12-26T03:58:31.187+0200] {dagbag.py:588} INFO - Filling up the DagBag from /mnt/e/Assignments/Airflow/airflow/airflow_env/lib/python3.12/site-packages/airflow/example_dags/example_sensor_decorator.py
[2024-12-26T03:58:31.256+0200] {processor.py:925} INFO - DAG(s) 'example_sensor_decorator' retrieved from /mnt/e/Assignments/Airflow/airflow/airflow_env/lib/python3.12/site-packages/airflow/example_dags/example_sensor_decorator.py
[2024-12-26T03:58:31.279+0200] {logging_mixin.py:190} INFO - [2024-12-26T03:58:31.278+0200] {dag.py:3239} INFO - Sync 1 DAGs
[2024-12-26T03:58:31.291+0200] {logging_mixin.py:190} INFO - [2024-12-26T03:58:31.290+0200] {dag.py:4180} INFO - Setting next_dagrun for example_sensor_decorator to None, run_after=None
[2024-12-26T03:58:31.341+0200] {processor.py:208} INFO - Processing /mnt/e/Assignments/Airflow/airflow/airflow_env/lib/python3.12/site-packages/airflow/example_dags/example_sensor_decorator.py took 0.168 seconds
[2024-12-26T04:00:32.320+0200] {processor.py:186} INFO - Started process (PID=193348) to work on /mnt/e/Assignments/Airflow/airflow/airflow_env/lib/python3.12/site-packages/airflow/example_dags/example_sensor_decorator.py
[2024-12-26T04:00:32.322+0200] {processor.py:914} INFO - Processing file /mnt/e/Assignments/Airflow/airflow/airflow_env/lib/python3.12/site-packages/airflow/example_dags/example_sensor_decorator.py for tasks to queue
[2024-12-26T04:00:32.325+0200] {logging_mixin.py:190} INFO - [2024-12-26T04:00:32.324+0200] {dagbag.py:588} INFO - Filling up the DagBag from /mnt/e/Assignments/Airflow/airflow/airflow_env/lib/python3.12/site-packages/airflow/example_dags/example_sensor_decorator.py
[2024-12-26T04:00:32.390+0200] {processor.py:925} INFO - DAG(s) 'example_sensor_decorator' retrieved from /mnt/e/Assignments/Airflow/airflow/airflow_env/lib/python3.12/site-packages/airflow/example_dags/example_sensor_decorator.py
[2024-12-26T04:00:32.418+0200] {logging_mixin.py:190} INFO - [2024-12-26T04:00:32.416+0200] {dag.py:3239} INFO - Sync 1 DAGs
[2024-12-26T04:00:32.443+0200] {logging_mixin.py:190} INFO - [2024-12-26T04:00:32.440+0200] {dag.py:4180} INFO - Setting next_dagrun for example_sensor_decorator to None, run_after=None
[2024-12-26T04:00:32.627+0200] {processor.py:208} INFO - Processing /mnt/e/Assignments/Airflow/airflow/airflow_env/lib/python3.12/site-packages/airflow/example_dags/example_sensor_decorator.py took 0.316 seconds
[2024-12-26T04:02:34.903+0200] {processor.py:186} INFO - Started process (PID=193428) to work on /mnt/e/Assignments/Airflow/airflow/airflow_env/lib/python3.12/site-packages/airflow/example_dags/example_sensor_decorator.py
[2024-12-26T04:02:34.905+0200] {processor.py:914} INFO - Processing file /mnt/e/Assignments/Airflow/airflow/airflow_env/lib/python3.12/site-packages/airflow/example_dags/example_sensor_decorator.py for tasks to queue
[2024-12-26T04:02:34.907+0200] {logging_mixin.py:190} INFO - [2024-12-26T04:02:34.906+0200] {dagbag.py:588} INFO - Filling up the DagBag from /mnt/e/Assignments/Airflow/airflow/airflow_env/lib/python3.12/site-packages/airflow/example_dags/example_sensor_decorator.py
[2024-12-26T04:02:34.961+0200] {processor.py:925} INFO - DAG(s) 'example_sensor_decorator' retrieved from /mnt/e/Assignments/Airflow/airflow/airflow_env/lib/python3.12/site-packages/airflow/example_dags/example_sensor_decorator.py
[2024-12-26T04:02:34.979+0200] {logging_mixin.py:190} INFO - [2024-12-26T04:02:34.978+0200] {dag.py:3239} INFO - Sync 1 DAGs
[2024-12-26T04:02:34.989+0200] {logging_mixin.py:190} INFO - [2024-12-26T04:02:34.988+0200] {dag.py:4180} INFO - Setting next_dagrun for example_sensor_decorator to None, run_after=None
[2024-12-26T04:02:35.028+0200] {processor.py:208} INFO - Processing /mnt/e/Assignments/Airflow/airflow/airflow_env/lib/python3.12/site-packages/airflow/example_dags/example_sensor_decorator.py took 0.135 seconds
[2024-12-26T04:04:57.989+0200] {processor.py:186} INFO - Started process (PID=193513) to work on /mnt/e/Assignments/Airflow/airflow/airflow_env/lib/python3.12/site-packages/airflow/example_dags/example_sensor_decorator.py
[2024-12-26T04:04:57.991+0200] {processor.py:914} INFO - Processing file /mnt/e/Assignments/Airflow/airflow/airflow_env/lib/python3.12/site-packages/airflow/example_dags/example_sensor_decorator.py for tasks to queue
[2024-12-26T04:04:57.994+0200] {logging_mixin.py:190} INFO - [2024-12-26T04:04:57.993+0200] {dagbag.py:588} INFO - Filling up the DagBag from /mnt/e/Assignments/Airflow/airflow/airflow_env/lib/python3.12/site-packages/airflow/example_dags/example_sensor_decorator.py
[2024-12-26T04:04:58.045+0200] {processor.py:925} INFO - DAG(s) 'example_sensor_decorator' retrieved from /mnt/e/Assignments/Airflow/airflow/airflow_env/lib/python3.12/site-packages/airflow/example_dags/example_sensor_decorator.py
[2024-12-26T04:04:58.063+0200] {logging_mixin.py:190} INFO - [2024-12-26T04:04:58.062+0200] {dag.py:3239} INFO - Sync 1 DAGs
[2024-12-26T04:04:58.072+0200] {logging_mixin.py:190} INFO - [2024-12-26T04:04:58.072+0200] {dag.py:4180} INFO - Setting next_dagrun for example_sensor_decorator to None, run_after=None
[2024-12-26T04:04:58.111+0200] {processor.py:208} INFO - Processing /mnt/e/Assignments/Airflow/airflow/airflow_env/lib/python3.12/site-packages/airflow/example_dags/example_sensor_decorator.py took 0.130 seconds
[2024-12-26T04:06:52.602+0200] {processor.py:186} INFO - Started process (PID=193590) to work on /mnt/e/Assignments/Airflow/airflow/airflow_env/lib/python3.12/site-packages/airflow/example_dags/example_sensor_decorator.py
[2024-12-26T04:06:52.604+0200] {processor.py:914} INFO - Processing file /mnt/e/Assignments/Airflow/airflow/airflow_env/lib/python3.12/site-packages/airflow/example_dags/example_sensor_decorator.py for tasks to queue
[2024-12-26T04:06:52.606+0200] {logging_mixin.py:190} INFO - [2024-12-26T04:06:52.606+0200] {dagbag.py:588} INFO - Filling up the DagBag from /mnt/e/Assignments/Airflow/airflow/airflow_env/lib/python3.12/site-packages/airflow/example_dags/example_sensor_decorator.py
[2024-12-26T04:06:52.661+0200] {processor.py:925} INFO - DAG(s) 'example_sensor_decorator' retrieved from /mnt/e/Assignments/Airflow/airflow/airflow_env/lib/python3.12/site-packages/airflow/example_dags/example_sensor_decorator.py
[2024-12-26T04:06:52.678+0200] {logging_mixin.py:190} INFO - [2024-12-26T04:06:52.678+0200] {dag.py:3239} INFO - Sync 1 DAGs
[2024-12-26T04:06:52.688+0200] {logging_mixin.py:190} INFO - [2024-12-26T04:06:52.687+0200] {dag.py:4180} INFO - Setting next_dagrun for example_sensor_decorator to None, run_after=None
[2024-12-26T04:06:52.727+0200] {processor.py:208} INFO - Processing /mnt/e/Assignments/Airflow/airflow/airflow_env/lib/python3.12/site-packages/airflow/example_dags/example_sensor_decorator.py took 0.133 seconds
[2024-12-26T04:08:48.980+0200] {processor.py:186} INFO - Started process (PID=193669) to work on /mnt/e/Assignments/Airflow/airflow/airflow_env/lib/python3.12/site-packages/airflow/example_dags/example_sensor_decorator.py
[2024-12-26T04:08:48.982+0200] {processor.py:914} INFO - Processing file /mnt/e/Assignments/Airflow/airflow/airflow_env/lib/python3.12/site-packages/airflow/example_dags/example_sensor_decorator.py for tasks to queue
[2024-12-26T04:08:48.984+0200] {logging_mixin.py:190} INFO - [2024-12-26T04:08:48.984+0200] {dagbag.py:588} INFO - Filling up the DagBag from /mnt/e/Assignments/Airflow/airflow/airflow_env/lib/python3.12/site-packages/airflow/example_dags/example_sensor_decorator.py
[2024-12-26T04:08:49.028+0200] {processor.py:925} INFO - DAG(s) 'example_sensor_decorator' retrieved from /mnt/e/Assignments/Airflow/airflow/airflow_env/lib/python3.12/site-packages/airflow/example_dags/example_sensor_decorator.py
[2024-12-26T04:08:49.048+0200] {logging_mixin.py:190} INFO - [2024-12-26T04:08:49.047+0200] {dag.py:3239} INFO - Sync 1 DAGs
[2024-12-26T04:08:49.058+0200] {logging_mixin.py:190} INFO - [2024-12-26T04:08:49.057+0200] {dag.py:4180} INFO - Setting next_dagrun for example_sensor_decorator to None, run_after=None
[2024-12-26T04:08:49.096+0200] {processor.py:208} INFO - Processing /mnt/e/Assignments/Airflow/airflow/airflow_env/lib/python3.12/site-packages/airflow/example_dags/example_sensor_decorator.py took 0.127 seconds
[2024-12-26T04:10:34.077+0200] {processor.py:186} INFO - Started process (PID=193744) to work on /mnt/e/Assignments/Airflow/airflow/airflow_env/lib/python3.12/site-packages/airflow/example_dags/example_sensor_decorator.py
[2024-12-26T04:10:34.079+0200] {processor.py:914} INFO - Processing file /mnt/e/Assignments/Airflow/airflow/airflow_env/lib/python3.12/site-packages/airflow/example_dags/example_sensor_decorator.py for tasks to queue
[2024-12-26T04:10:34.082+0200] {logging_mixin.py:190} INFO - [2024-12-26T04:10:34.081+0200] {dagbag.py:588} INFO - Filling up the DagBag from /mnt/e/Assignments/Airflow/airflow/airflow_env/lib/python3.12/site-packages/airflow/example_dags/example_sensor_decorator.py
[2024-12-26T04:10:34.132+0200] {processor.py:925} INFO - DAG(s) 'example_sensor_decorator' retrieved from /mnt/e/Assignments/Airflow/airflow/airflow_env/lib/python3.12/site-packages/airflow/example_dags/example_sensor_decorator.py
[2024-12-26T04:10:34.151+0200] {logging_mixin.py:190} INFO - [2024-12-26T04:10:34.150+0200] {dag.py:3239} INFO - Sync 1 DAGs
[2024-12-26T04:10:34.160+0200] {logging_mixin.py:190} INFO - [2024-12-26T04:10:34.159+0200] {dag.py:4180} INFO - Setting next_dagrun for example_sensor_decorator to None, run_after=None
[2024-12-26T04:10:34.203+0200] {processor.py:208} INFO - Processing /mnt/e/Assignments/Airflow/airflow/airflow_env/lib/python3.12/site-packages/airflow/example_dags/example_sensor_decorator.py took 0.136 seconds
[2024-12-26T04:12:30.520+0200] {processor.py:186} INFO - Started process (PID=193822) to work on /mnt/e/Assignments/Airflow/airflow/airflow_env/lib/python3.12/site-packages/airflow/example_dags/example_sensor_decorator.py
[2024-12-26T04:12:30.522+0200] {processor.py:914} INFO - Processing file /mnt/e/Assignments/Airflow/airflow/airflow_env/lib/python3.12/site-packages/airflow/example_dags/example_sensor_decorator.py for tasks to queue
[2024-12-26T04:12:30.524+0200] {logging_mixin.py:190} INFO - [2024-12-26T04:12:30.523+0200] {dagbag.py:588} INFO - Filling up the DagBag from /mnt/e/Assignments/Airflow/airflow/airflow_env/lib/python3.12/site-packages/airflow/example_dags/example_sensor_decorator.py
[2024-12-26T04:12:30.573+0200] {processor.py:925} INFO - DAG(s) 'example_sensor_decorator' retrieved from /mnt/e/Assignments/Airflow/airflow/airflow_env/lib/python3.12/site-packages/airflow/example_dags/example_sensor_decorator.py
[2024-12-26T04:12:30.591+0200] {logging_mixin.py:190} INFO - [2024-12-26T04:12:30.590+0200] {dag.py:3239} INFO - Sync 1 DAGs
[2024-12-26T04:12:30.601+0200] {logging_mixin.py:190} INFO - [2024-12-26T04:12:30.600+0200] {dag.py:4180} INFO - Setting next_dagrun for example_sensor_decorator to None, run_after=None
[2024-12-26T04:12:30.638+0200] {processor.py:208} INFO - Processing /mnt/e/Assignments/Airflow/airflow/airflow_env/lib/python3.12/site-packages/airflow/example_dags/example_sensor_decorator.py took 0.126 seconds
[2024-12-26T04:14:16.683+0200] {processor.py:186} INFO - Started process (PID=193898) to work on /mnt/e/Assignments/Airflow/airflow/airflow_env/lib/python3.12/site-packages/airflow/example_dags/example_sensor_decorator.py
[2024-12-26T04:14:16.687+0200] {processor.py:914} INFO - Processing file /mnt/e/Assignments/Airflow/airflow/airflow_env/lib/python3.12/site-packages/airflow/example_dags/example_sensor_decorator.py for tasks to queue
[2024-12-26T04:14:16.692+0200] {logging_mixin.py:190} INFO - [2024-12-26T04:14:16.690+0200] {dagbag.py:588} INFO - Filling up the DagBag from /mnt/e/Assignments/Airflow/airflow/airflow_env/lib/python3.12/site-packages/airflow/example_dags/example_sensor_decorator.py
[2024-12-26T04:14:16.811+0200] {processor.py:925} INFO - DAG(s) 'example_sensor_decorator' retrieved from /mnt/e/Assignments/Airflow/airflow/airflow_env/lib/python3.12/site-packages/airflow/example_dags/example_sensor_decorator.py
[2024-12-26T04:14:16.828+0200] {logging_mixin.py:190} INFO - [2024-12-26T04:14:16.828+0200] {dag.py:3239} INFO - Sync 1 DAGs
[2024-12-26T04:14:16.837+0200] {logging_mixin.py:190} INFO - [2024-12-26T04:14:16.836+0200] {dag.py:4180} INFO - Setting next_dagrun for example_sensor_decorator to None, run_after=None
[2024-12-26T04:14:16.873+0200] {processor.py:208} INFO - Processing /mnt/e/Assignments/Airflow/airflow/airflow_env/lib/python3.12/site-packages/airflow/example_dags/example_sensor_decorator.py took 0.218 seconds
[2024-12-26T04:16:35.124+0200] {processor.py:186} INFO - Started process (PID=193978) to work on /mnt/e/Assignments/Airflow/airflow/airflow_env/lib/python3.12/site-packages/airflow/example_dags/example_sensor_decorator.py
[2024-12-26T04:16:35.129+0200] {processor.py:914} INFO - Processing file /mnt/e/Assignments/Airflow/airflow/airflow_env/lib/python3.12/site-packages/airflow/example_dags/example_sensor_decorator.py for tasks to queue
[2024-12-26T04:16:35.138+0200] {logging_mixin.py:190} INFO - [2024-12-26T04:16:35.135+0200] {dagbag.py:588} INFO - Filling up the DagBag from /mnt/e/Assignments/Airflow/airflow/airflow_env/lib/python3.12/site-packages/airflow/example_dags/example_sensor_decorator.py
[2024-12-26T04:16:35.391+0200] {processor.py:925} INFO - DAG(s) 'example_sensor_decorator' retrieved from /mnt/e/Assignments/Airflow/airflow/airflow_env/lib/python3.12/site-packages/airflow/example_dags/example_sensor_decorator.py
[2024-12-26T04:16:35.458+0200] {logging_mixin.py:190} INFO - [2024-12-26T04:16:35.455+0200] {dag.py:3239} INFO - Sync 1 DAGs
[2024-12-26T04:16:35.480+0200] {logging_mixin.py:190} INFO - [2024-12-26T04:16:35.478+0200] {dag.py:4180} INFO - Setting next_dagrun for example_sensor_decorator to None, run_after=None
[2024-12-26T04:16:35.561+0200] {processor.py:208} INFO - Processing /mnt/e/Assignments/Airflow/airflow/airflow_env/lib/python3.12/site-packages/airflow/example_dags/example_sensor_decorator.py took 0.470 seconds
[2024-12-26T04:18:45.142+0200] {processor.py:186} INFO - Started process (PID=194067) to work on /mnt/e/Assignments/Airflow/airflow/airflow_env/lib/python3.12/site-packages/airflow/example_dags/example_sensor_decorator.py
[2024-12-26T04:18:45.146+0200] {processor.py:914} INFO - Processing file /mnt/e/Assignments/Airflow/airflow/airflow_env/lib/python3.12/site-packages/airflow/example_dags/example_sensor_decorator.py for tasks to queue
[2024-12-26T04:18:45.155+0200] {logging_mixin.py:190} INFO - [2024-12-26T04:18:45.151+0200] {dagbag.py:588} INFO - Filling up the DagBag from /mnt/e/Assignments/Airflow/airflow/airflow_env/lib/python3.12/site-packages/airflow/example_dags/example_sensor_decorator.py
[2024-12-26T04:18:45.440+0200] {processor.py:925} INFO - DAG(s) 'example_sensor_decorator' retrieved from /mnt/e/Assignments/Airflow/airflow/airflow_env/lib/python3.12/site-packages/airflow/example_dags/example_sensor_decorator.py
[2024-12-26T04:18:45.522+0200] {logging_mixin.py:190} INFO - [2024-12-26T04:18:45.517+0200] {dag.py:3239} INFO - Sync 1 DAGs
[2024-12-26T04:18:45.555+0200] {logging_mixin.py:190} INFO - [2024-12-26T04:18:45.550+0200] {dag.py:4180} INFO - Setting next_dagrun for example_sensor_decorator to None, run_after=None
[2024-12-26T04:18:45.732+0200] {processor.py:208} INFO - Processing /mnt/e/Assignments/Airflow/airflow/airflow_env/lib/python3.12/site-packages/airflow/example_dags/example_sensor_decorator.py took 0.620 seconds
[2024-12-26T04:21:04.554+0200] {processor.py:186} INFO - Started process (PID=194151) to work on /mnt/e/Assignments/Airflow/airflow/airflow_env/lib/python3.12/site-packages/airflow/example_dags/example_sensor_decorator.py
[2024-12-26T04:21:04.556+0200] {processor.py:914} INFO - Processing file /mnt/e/Assignments/Airflow/airflow/airflow_env/lib/python3.12/site-packages/airflow/example_dags/example_sensor_decorator.py for tasks to queue
[2024-12-26T04:21:04.559+0200] {logging_mixin.py:190} INFO - [2024-12-26T04:21:04.558+0200] {dagbag.py:588} INFO - Filling up the DagBag from /mnt/e/Assignments/Airflow/airflow/airflow_env/lib/python3.12/site-packages/airflow/example_dags/example_sensor_decorator.py
[2024-12-26T04:21:04.634+0200] {processor.py:925} INFO - DAG(s) 'example_sensor_decorator' retrieved from /mnt/e/Assignments/Airflow/airflow/airflow_env/lib/python3.12/site-packages/airflow/example_dags/example_sensor_decorator.py
[2024-12-26T04:21:04.661+0200] {logging_mixin.py:190} INFO - [2024-12-26T04:21:04.660+0200] {dag.py:3239} INFO - Sync 1 DAGs
[2024-12-26T04:21:04.672+0200] {logging_mixin.py:190} INFO - [2024-12-26T04:21:04.672+0200] {dag.py:4180} INFO - Setting next_dagrun for example_sensor_decorator to None, run_after=None
[2024-12-26T04:21:04.719+0200] {processor.py:208} INFO - Processing /mnt/e/Assignments/Airflow/airflow/airflow_env/lib/python3.12/site-packages/airflow/example_dags/example_sensor_decorator.py took 0.177 seconds
[2024-12-26T04:23:27.156+0200] {processor.py:186} INFO - Started process (PID=194234) to work on /mnt/e/Assignments/Airflow/airflow/airflow_env/lib/python3.12/site-packages/airflow/example_dags/example_sensor_decorator.py
[2024-12-26T04:23:27.162+0200] {processor.py:914} INFO - Processing file /mnt/e/Assignments/Airflow/airflow/airflow_env/lib/python3.12/site-packages/airflow/example_dags/example_sensor_decorator.py for tasks to queue
[2024-12-26T04:23:27.167+0200] {logging_mixin.py:190} INFO - [2024-12-26T04:23:27.165+0200] {dagbag.py:588} INFO - Filling up the DagBag from /mnt/e/Assignments/Airflow/airflow/airflow_env/lib/python3.12/site-packages/airflow/example_dags/example_sensor_decorator.py
[2024-12-26T04:23:27.225+0200] {processor.py:925} INFO - DAG(s) 'example_sensor_decorator' retrieved from /mnt/e/Assignments/Airflow/airflow/airflow_env/lib/python3.12/site-packages/airflow/example_dags/example_sensor_decorator.py
[2024-12-26T04:23:27.245+0200] {logging_mixin.py:190} INFO - [2024-12-26T04:23:27.244+0200] {dag.py:3239} INFO - Sync 1 DAGs
[2024-12-26T04:23:27.255+0200] {logging_mixin.py:190} INFO - [2024-12-26T04:23:27.254+0200] {dag.py:4180} INFO - Setting next_dagrun for example_sensor_decorator to None, run_after=None
[2024-12-26T04:23:27.299+0200] {processor.py:208} INFO - Processing /mnt/e/Assignments/Airflow/airflow/airflow_env/lib/python3.12/site-packages/airflow/example_dags/example_sensor_decorator.py took 0.164 seconds
[2024-12-26T04:25:36.316+0200] {processor.py:186} INFO - Started process (PID=194317) to work on /mnt/e/Assignments/Airflow/airflow/airflow_env/lib/python3.12/site-packages/airflow/example_dags/example_sensor_decorator.py
[2024-12-26T04:25:36.318+0200] {processor.py:914} INFO - Processing file /mnt/e/Assignments/Airflow/airflow/airflow_env/lib/python3.12/site-packages/airflow/example_dags/example_sensor_decorator.py for tasks to queue
[2024-12-26T04:25:36.320+0200] {logging_mixin.py:190} INFO - [2024-12-26T04:25:36.319+0200] {dagbag.py:588} INFO - Filling up the DagBag from /mnt/e/Assignments/Airflow/airflow/airflow_env/lib/python3.12/site-packages/airflow/example_dags/example_sensor_decorator.py
[2024-12-26T04:25:36.390+0200] {processor.py:925} INFO - DAG(s) 'example_sensor_decorator' retrieved from /mnt/e/Assignments/Airflow/airflow/airflow_env/lib/python3.12/site-packages/airflow/example_dags/example_sensor_decorator.py
[2024-12-26T04:25:36.418+0200] {logging_mixin.py:190} INFO - [2024-12-26T04:25:36.417+0200] {dag.py:3239} INFO - Sync 1 DAGs
[2024-12-26T04:25:36.430+0200] {logging_mixin.py:190} INFO - [2024-12-26T04:25:36.429+0200] {dag.py:4180} INFO - Setting next_dagrun for example_sensor_decorator to None, run_after=None
[2024-12-26T04:25:36.483+0200] {processor.py:208} INFO - Processing /mnt/e/Assignments/Airflow/airflow/airflow_env/lib/python3.12/site-packages/airflow/example_dags/example_sensor_decorator.py took 0.177 seconds
[2024-12-26T04:27:59.995+0200] {processor.py:186} INFO - Started process (PID=194401) to work on /mnt/e/Assignments/Airflow/airflow/airflow_env/lib/python3.12/site-packages/airflow/example_dags/example_sensor_decorator.py
[2024-12-26T04:27:59.997+0200] {processor.py:914} INFO - Processing file /mnt/e/Assignments/Airflow/airflow/airflow_env/lib/python3.12/site-packages/airflow/example_dags/example_sensor_decorator.py for tasks to queue
[2024-12-26T04:28:00.000+0200] {logging_mixin.py:190} INFO - [2024-12-26T04:27:59.999+0200] {dagbag.py:588} INFO - Filling up the DagBag from /mnt/e/Assignments/Airflow/airflow/airflow_env/lib/python3.12/site-packages/airflow/example_dags/example_sensor_decorator.py
[2024-12-26T04:28:00.078+0200] {processor.py:925} INFO - DAG(s) 'example_sensor_decorator' retrieved from /mnt/e/Assignments/Airflow/airflow/airflow_env/lib/python3.12/site-packages/airflow/example_dags/example_sensor_decorator.py
[2024-12-26T04:28:00.103+0200] {logging_mixin.py:190} INFO - [2024-12-26T04:28:00.101+0200] {dag.py:3239} INFO - Sync 1 DAGs
[2024-12-26T04:28:00.114+0200] {logging_mixin.py:190} INFO - [2024-12-26T04:28:00.112+0200] {dag.py:4180} INFO - Setting next_dagrun for example_sensor_decorator to None, run_after=None
[2024-12-26T04:28:00.161+0200] {processor.py:208} INFO - Processing /mnt/e/Assignments/Airflow/airflow/airflow_env/lib/python3.12/site-packages/airflow/example_dags/example_sensor_decorator.py took 0.176 seconds
[2024-12-26T04:30:09.491+0200] {processor.py:186} INFO - Started process (PID=194482) to work on /mnt/e/Assignments/Airflow/airflow/airflow_env/lib/python3.12/site-packages/airflow/example_dags/example_sensor_decorator.py
[2024-12-26T04:30:09.495+0200] {processor.py:914} INFO - Processing file /mnt/e/Assignments/Airflow/airflow/airflow_env/lib/python3.12/site-packages/airflow/example_dags/example_sensor_decorator.py for tasks to queue
[2024-12-26T04:30:09.501+0200] {logging_mixin.py:190} INFO - [2024-12-26T04:30:09.499+0200] {dagbag.py:588} INFO - Filling up the DagBag from /mnt/e/Assignments/Airflow/airflow/airflow_env/lib/python3.12/site-packages/airflow/example_dags/example_sensor_decorator.py
[2024-12-26T04:30:09.632+0200] {processor.py:925} INFO - DAG(s) 'example_sensor_decorator' retrieved from /mnt/e/Assignments/Airflow/airflow/airflow_env/lib/python3.12/site-packages/airflow/example_dags/example_sensor_decorator.py
[2024-12-26T04:30:09.656+0200] {logging_mixin.py:190} INFO - [2024-12-26T04:30:09.655+0200] {dag.py:3239} INFO - Sync 1 DAGs
[2024-12-26T04:30:09.667+0200] {logging_mixin.py:190} INFO - [2024-12-26T04:30:09.666+0200] {dag.py:4180} INFO - Setting next_dagrun for example_sensor_decorator to None, run_after=None
[2024-12-26T04:30:09.715+0200] {processor.py:208} INFO - Processing /mnt/e/Assignments/Airflow/airflow/airflow_env/lib/python3.12/site-packages/airflow/example_dags/example_sensor_decorator.py took 0.257 seconds
[2024-12-26T04:32:25.540+0200] {processor.py:186} INFO - Started process (PID=194564) to work on /mnt/e/Assignments/Airflow/airflow/airflow_env/lib/python3.12/site-packages/airflow/example_dags/example_sensor_decorator.py
[2024-12-26T04:32:25.542+0200] {processor.py:914} INFO - Processing file /mnt/e/Assignments/Airflow/airflow/airflow_env/lib/python3.12/site-packages/airflow/example_dags/example_sensor_decorator.py for tasks to queue
[2024-12-26T04:32:25.545+0200] {logging_mixin.py:190} INFO - [2024-12-26T04:32:25.544+0200] {dagbag.py:588} INFO - Filling up the DagBag from /mnt/e/Assignments/Airflow/airflow/airflow_env/lib/python3.12/site-packages/airflow/example_dags/example_sensor_decorator.py
[2024-12-26T04:32:25.598+0200] {processor.py:925} INFO - DAG(s) 'example_sensor_decorator' retrieved from /mnt/e/Assignments/Airflow/airflow/airflow_env/lib/python3.12/site-packages/airflow/example_dags/example_sensor_decorator.py
[2024-12-26T04:32:25.617+0200] {logging_mixin.py:190} INFO - [2024-12-26T04:32:25.616+0200] {dag.py:3239} INFO - Sync 1 DAGs
[2024-12-26T04:32:25.627+0200] {logging_mixin.py:190} INFO - [2024-12-26T04:32:25.626+0200] {dag.py:4180} INFO - Setting next_dagrun for example_sensor_decorator to None, run_after=None
[2024-12-26T04:32:25.667+0200] {processor.py:208} INFO - Processing /mnt/e/Assignments/Airflow/airflow/airflow_env/lib/python3.12/site-packages/airflow/example_dags/example_sensor_decorator.py took 0.136 seconds
[2024-12-26T04:34:24.759+0200] {processor.py:186} INFO - Started process (PID=194643) to work on /mnt/e/Assignments/Airflow/airflow/airflow_env/lib/python3.12/site-packages/airflow/example_dags/example_sensor_decorator.py
[2024-12-26T04:34:24.764+0200] {processor.py:914} INFO - Processing file /mnt/e/Assignments/Airflow/airflow/airflow_env/lib/python3.12/site-packages/airflow/example_dags/example_sensor_decorator.py for tasks to queue
[2024-12-26T04:34:24.773+0200] {logging_mixin.py:190} INFO - [2024-12-26T04:34:24.769+0200] {dagbag.py:588} INFO - Filling up the DagBag from /mnt/e/Assignments/Airflow/airflow/airflow_env/lib/python3.12/site-packages/airflow/example_dags/example_sensor_decorator.py
[2024-12-26T04:34:24.971+0200] {processor.py:925} INFO - DAG(s) 'example_sensor_decorator' retrieved from /mnt/e/Assignments/Airflow/airflow/airflow_env/lib/python3.12/site-packages/airflow/example_dags/example_sensor_decorator.py
[2024-12-26T04:34:24.995+0200] {logging_mixin.py:190} INFO - [2024-12-26T04:34:24.994+0200] {dag.py:3239} INFO - Sync 1 DAGs
[2024-12-26T04:34:25.006+0200] {logging_mixin.py:190} INFO - [2024-12-26T04:34:25.005+0200] {dag.py:4180} INFO - Setting next_dagrun for example_sensor_decorator to None, run_after=None
[2024-12-26T04:34:25.058+0200] {processor.py:208} INFO - Processing /mnt/e/Assignments/Airflow/airflow/airflow_env/lib/python3.12/site-packages/airflow/example_dags/example_sensor_decorator.py took 0.330 seconds
