[2024-12-26T02:07:49.426+0200] {processor.py:186} INFO - Started process (PID=188628) to work on /mnt/e/Assignments/Airflow/airflow/airflow_env/lib/python3.12/site-packages/airflow/example_dags/example_dag_decorator.py
[2024-12-26T02:07:49.429+0200] {processor.py:914} INFO - Processing file /mnt/e/Assignments/Airflow/airflow/airflow_env/lib/python3.12/site-packages/airflow/example_dags/example_dag_decorator.py for tasks to queue
[2024-12-26T02:07:49.432+0200] {logging_mixin.py:190} INFO - [2024-12-26T02:07:49.431+0200] {dagbag.py:588} INFO - Filling up the DagBag from /mnt/e/Assignments/Airflow/airflow/airflow_env/lib/python3.12/site-packages/airflow/example_dags/example_dag_decorator.py
[2024-12-26T02:07:49.498+0200] {processor.py:925} INFO - DAG(s) 'example_dag_decorator' retrieved from /mnt/e/Assignments/Airflow/airflow/airflow_env/lib/python3.12/site-packages/airflow/example_dags/example_dag_decorator.py
[2024-12-26T02:07:51.228+0200] {logging_mixin.py:190} INFO - [2024-12-26T02:07:51.227+0200] {dag.py:3239} INFO - Sync 1 DAGs
[2024-12-26T02:07:51.240+0200] {logging_mixin.py:190} INFO - [2024-12-26T02:07:51.239+0200] {dag.py:4180} INFO - Setting next_dagrun for example_dag_decorator to None, run_after=None
[2024-12-26T02:07:51.316+0200] {processor.py:208} INFO - Processing /mnt/e/Assignments/Airflow/airflow/airflow_env/lib/python3.12/site-packages/airflow/example_dags/example_dag_decorator.py took 1.905 seconds
[2024-12-26T02:10:00.997+0200] {processor.py:186} INFO - Started process (PID=188711) to work on /mnt/e/Assignments/Airflow/airflow/airflow_env/lib/python3.12/site-packages/airflow/example_dags/example_dag_decorator.py
[2024-12-26T02:10:01.000+0200] {processor.py:914} INFO - Processing file /mnt/e/Assignments/Airflow/airflow/airflow_env/lib/python3.12/site-packages/airflow/example_dags/example_dag_decorator.py for tasks to queue
[2024-12-26T02:10:01.007+0200] {logging_mixin.py:190} INFO - [2024-12-26T02:10:01.006+0200] {dagbag.py:588} INFO - Filling up the DagBag from /mnt/e/Assignments/Airflow/airflow/airflow_env/lib/python3.12/site-packages/airflow/example_dags/example_dag_decorator.py
[2024-12-26T02:10:01.057+0200] {processor.py:925} INFO - DAG(s) 'example_dag_decorator' retrieved from /mnt/e/Assignments/Airflow/airflow/airflow_env/lib/python3.12/site-packages/airflow/example_dags/example_dag_decorator.py
[2024-12-26T02:10:02.538+0200] {logging_mixin.py:190} INFO - [2024-12-26T02:10:02.536+0200] {dag.py:3239} INFO - Sync 1 DAGs
[2024-12-26T02:10:02.556+0200] {logging_mixin.py:190} INFO - [2024-12-26T02:10:02.554+0200] {dag.py:4180} INFO - Setting next_dagrun for example_dag_decorator to None, run_after=None
[2024-12-26T02:10:02.775+0200] {processor.py:208} INFO - Processing /mnt/e/Assignments/Airflow/airflow/airflow_env/lib/python3.12/site-packages/airflow/example_dags/example_dag_decorator.py took 1.801 seconds
[2024-12-26T02:12:14.751+0200] {processor.py:186} INFO - Started process (PID=188808) to work on /mnt/e/Assignments/Airflow/airflow/airflow_env/lib/python3.12/site-packages/airflow/example_dags/example_dag_decorator.py
[2024-12-26T02:12:14.753+0200] {processor.py:914} INFO - Processing file /mnt/e/Assignments/Airflow/airflow/airflow_env/lib/python3.12/site-packages/airflow/example_dags/example_dag_decorator.py for tasks to queue
[2024-12-26T02:12:14.759+0200] {logging_mixin.py:190} INFO - [2024-12-26T02:12:14.756+0200] {dagbag.py:588} INFO - Filling up the DagBag from /mnt/e/Assignments/Airflow/airflow/airflow_env/lib/python3.12/site-packages/airflow/example_dags/example_dag_decorator.py
[2024-12-26T02:12:14.838+0200] {processor.py:925} INFO - DAG(s) 'example_dag_decorator' retrieved from /mnt/e/Assignments/Airflow/airflow/airflow_env/lib/python3.12/site-packages/airflow/example_dags/example_dag_decorator.py
[2024-12-26T02:12:16.313+0200] {logging_mixin.py:190} INFO - [2024-12-26T02:12:16.312+0200] {dag.py:3239} INFO - Sync 1 DAGs
[2024-12-26T02:12:16.337+0200] {logging_mixin.py:190} INFO - [2024-12-26T02:12:16.335+0200] {dag.py:4180} INFO - Setting next_dagrun for example_dag_decorator to None, run_after=None
[2024-12-26T02:12:16.614+0200] {processor.py:208} INFO - Processing /mnt/e/Assignments/Airflow/airflow/airflow_env/lib/python3.12/site-packages/airflow/example_dags/example_dag_decorator.py took 1.941 seconds
[2024-12-26T02:14:21.003+0200] {processor.py:186} INFO - Started process (PID=188893) to work on /mnt/e/Assignments/Airflow/airflow/airflow_env/lib/python3.12/site-packages/airflow/example_dags/example_dag_decorator.py
[2024-12-26T02:14:21.005+0200] {processor.py:914} INFO - Processing file /mnt/e/Assignments/Airflow/airflow/airflow_env/lib/python3.12/site-packages/airflow/example_dags/example_dag_decorator.py for tasks to queue
[2024-12-26T02:14:21.007+0200] {logging_mixin.py:190} INFO - [2024-12-26T02:14:21.006+0200] {dagbag.py:588} INFO - Filling up the DagBag from /mnt/e/Assignments/Airflow/airflow/airflow_env/lib/python3.12/site-packages/airflow/example_dags/example_dag_decorator.py
[2024-12-26T02:14:21.041+0200] {processor.py:925} INFO - DAG(s) 'example_dag_decorator' retrieved from /mnt/e/Assignments/Airflow/airflow/airflow_env/lib/python3.12/site-packages/airflow/example_dags/example_dag_decorator.py
[2024-12-26T02:14:21.070+0200] {logging_mixin.py:190} INFO - [2024-12-26T02:14:21.069+0200] {dag.py:3239} INFO - Sync 1 DAGs
[2024-12-26T02:14:21.082+0200] {logging_mixin.py:190} INFO - [2024-12-26T02:14:21.081+0200] {dag.py:4180} INFO - Setting next_dagrun for example_dag_decorator to None, run_after=None
[2024-12-26T02:14:21.134+0200] {processor.py:208} INFO - Processing /mnt/e/Assignments/Airflow/airflow/airflow_env/lib/python3.12/site-packages/airflow/example_dags/example_dag_decorator.py took 0.143 seconds
[2024-12-26T02:16:33.021+0200] {processor.py:186} INFO - Started process (PID=188977) to work on /mnt/e/Assignments/Airflow/airflow/airflow_env/lib/python3.12/site-packages/airflow/example_dags/example_dag_decorator.py
[2024-12-26T02:16:33.024+0200] {processor.py:914} INFO - Processing file /mnt/e/Assignments/Airflow/airflow/airflow_env/lib/python3.12/site-packages/airflow/example_dags/example_dag_decorator.py for tasks to queue
[2024-12-26T02:16:33.026+0200] {logging_mixin.py:190} INFO - [2024-12-26T02:16:33.025+0200] {dagbag.py:588} INFO - Filling up the DagBag from /mnt/e/Assignments/Airflow/airflow/airflow_env/lib/python3.12/site-packages/airflow/example_dags/example_dag_decorator.py
[2024-12-26T02:16:33.062+0200] {processor.py:925} INFO - DAG(s) 'example_dag_decorator' retrieved from /mnt/e/Assignments/Airflow/airflow/airflow_env/lib/python3.12/site-packages/airflow/example_dags/example_dag_decorator.py
[2024-12-26T02:16:33.092+0200] {logging_mixin.py:190} INFO - [2024-12-26T02:16:33.091+0200] {dag.py:3239} INFO - Sync 1 DAGs
[2024-12-26T02:16:33.105+0200] {logging_mixin.py:190} INFO - [2024-12-26T02:16:33.104+0200] {dag.py:4180} INFO - Setting next_dagrun for example_dag_decorator to None, run_after=None
[2024-12-26T02:16:33.183+0200] {processor.py:208} INFO - Processing /mnt/e/Assignments/Airflow/airflow/airflow_env/lib/python3.12/site-packages/airflow/example_dags/example_dag_decorator.py took 0.174 seconds
[2024-12-26T02:18:35.262+0200] {processor.py:186} INFO - Started process (PID=189073) to work on /mnt/e/Assignments/Airflow/airflow/airflow_env/lib/python3.12/site-packages/airflow/example_dags/example_dag_decorator.py
[2024-12-26T02:18:35.265+0200] {processor.py:914} INFO - Processing file /mnt/e/Assignments/Airflow/airflow/airflow_env/lib/python3.12/site-packages/airflow/example_dags/example_dag_decorator.py for tasks to queue
[2024-12-26T02:18:35.269+0200] {logging_mixin.py:190} INFO - [2024-12-26T02:18:35.268+0200] {dagbag.py:588} INFO - Filling up the DagBag from /mnt/e/Assignments/Airflow/airflow/airflow_env/lib/python3.12/site-packages/airflow/example_dags/example_dag_decorator.py
[2024-12-26T02:18:35.314+0200] {processor.py:925} INFO - DAG(s) 'example_dag_decorator' retrieved from /mnt/e/Assignments/Airflow/airflow/airflow_env/lib/python3.12/site-packages/airflow/example_dags/example_dag_decorator.py
[2024-12-26T02:18:35.346+0200] {logging_mixin.py:190} INFO - [2024-12-26T02:18:35.345+0200] {dag.py:3239} INFO - Sync 1 DAGs
[2024-12-26T02:18:35.360+0200] {logging_mixin.py:190} INFO - [2024-12-26T02:18:35.358+0200] {dag.py:4180} INFO - Setting next_dagrun for example_dag_decorator to None, run_after=None
[2024-12-26T02:18:35.420+0200] {processor.py:208} INFO - Processing /mnt/e/Assignments/Airflow/airflow/airflow_env/lib/python3.12/site-packages/airflow/example_dags/example_dag_decorator.py took 0.174 seconds
[2024-12-26T02:20:49.448+0200] {processor.py:186} INFO - Started process (PID=189166) to work on /mnt/e/Assignments/Airflow/airflow/airflow_env/lib/python3.12/site-packages/airflow/example_dags/example_dag_decorator.py
[2024-12-26T02:20:49.452+0200] {processor.py:914} INFO - Processing file /mnt/e/Assignments/Airflow/airflow/airflow_env/lib/python3.12/site-packages/airflow/example_dags/example_dag_decorator.py for tasks to queue
[2024-12-26T02:20:49.457+0200] {logging_mixin.py:190} INFO - [2024-12-26T02:20:49.455+0200] {dagbag.py:588} INFO - Filling up the DagBag from /mnt/e/Assignments/Airflow/airflow/airflow_env/lib/python3.12/site-packages/airflow/example_dags/example_dag_decorator.py
[2024-12-26T02:20:49.498+0200] {processor.py:925} INFO - DAG(s) 'example_dag_decorator' retrieved from /mnt/e/Assignments/Airflow/airflow/airflow_env/lib/python3.12/site-packages/airflow/example_dags/example_dag_decorator.py
[2024-12-26T02:20:51.755+0200] {logging_mixin.py:190} INFO - [2024-12-26T02:20:51.754+0200] {dag.py:3239} INFO - Sync 1 DAGs
[2024-12-26T02:20:51.769+0200] {logging_mixin.py:190} INFO - [2024-12-26T02:20:51.768+0200] {dag.py:4180} INFO - Setting next_dagrun for example_dag_decorator to None, run_after=None
[2024-12-26T02:20:51.947+0200] {processor.py:208} INFO - Processing /mnt/e/Assignments/Airflow/airflow/airflow_env/lib/python3.12/site-packages/airflow/example_dags/example_dag_decorator.py took 2.519 seconds
[2024-12-26T02:22:56.949+0200] {processor.py:186} INFO - Started process (PID=189273) to work on /mnt/e/Assignments/Airflow/airflow/airflow_env/lib/python3.12/site-packages/airflow/example_dags/example_dag_decorator.py
[2024-12-26T02:22:56.951+0200] {processor.py:914} INFO - Processing file /mnt/e/Assignments/Airflow/airflow/airflow_env/lib/python3.12/site-packages/airflow/example_dags/example_dag_decorator.py for tasks to queue
[2024-12-26T02:22:56.955+0200] {logging_mixin.py:190} INFO - [2024-12-26T02:22:56.953+0200] {dagbag.py:588} INFO - Filling up the DagBag from /mnt/e/Assignments/Airflow/airflow/airflow_env/lib/python3.12/site-packages/airflow/example_dags/example_dag_decorator.py
[2024-12-26T02:22:57.001+0200] {processor.py:925} INFO - DAG(s) 'example_dag_decorator' retrieved from /mnt/e/Assignments/Airflow/airflow/airflow_env/lib/python3.12/site-packages/airflow/example_dags/example_dag_decorator.py
[2024-12-26T02:22:58.644+0200] {logging_mixin.py:190} INFO - [2024-12-26T02:22:58.642+0200] {dag.py:3239} INFO - Sync 1 DAGs
[2024-12-26T02:22:58.661+0200] {logging_mixin.py:190} INFO - [2024-12-26T02:22:58.659+0200] {dag.py:4180} INFO - Setting next_dagrun for example_dag_decorator to None, run_after=None
[2024-12-26T02:22:58.757+0200] {processor.py:208} INFO - Processing /mnt/e/Assignments/Airflow/airflow/airflow_env/lib/python3.12/site-packages/airflow/example_dags/example_dag_decorator.py took 1.826 seconds
[2024-12-26T02:25:11.111+0200] {processor.py:186} INFO - Started process (PID=189396) to work on /mnt/e/Assignments/Airflow/airflow/airflow_env/lib/python3.12/site-packages/airflow/example_dags/example_dag_decorator.py
[2024-12-26T02:25:11.115+0200] {processor.py:914} INFO - Processing file /mnt/e/Assignments/Airflow/airflow/airflow_env/lib/python3.12/site-packages/airflow/example_dags/example_dag_decorator.py for tasks to queue
[2024-12-26T02:25:11.119+0200] {logging_mixin.py:190} INFO - [2024-12-26T02:25:11.117+0200] {dagbag.py:588} INFO - Filling up the DagBag from /mnt/e/Assignments/Airflow/airflow/airflow_env/lib/python3.12/site-packages/airflow/example_dags/example_dag_decorator.py
[2024-12-26T02:25:11.171+0200] {processor.py:925} INFO - DAG(s) 'example_dag_decorator' retrieved from /mnt/e/Assignments/Airflow/airflow/airflow_env/lib/python3.12/site-packages/airflow/example_dags/example_dag_decorator.py
[2024-12-26T02:25:12.831+0200] {logging_mixin.py:190} INFO - [2024-12-26T02:25:12.829+0200] {dag.py:3239} INFO - Sync 1 DAGs
[2024-12-26T02:25:12.848+0200] {logging_mixin.py:190} INFO - [2024-12-26T02:25:12.847+0200] {dag.py:4180} INFO - Setting next_dagrun for example_dag_decorator to None, run_after=None
[2024-12-26T02:25:12.928+0200] {processor.py:208} INFO - Processing /mnt/e/Assignments/Airflow/airflow/airflow_env/lib/python3.12/site-packages/airflow/example_dags/example_dag_decorator.py took 1.837 seconds
[2024-12-26T02:27:14.207+0200] {processor.py:186} INFO - Started process (PID=189538) to work on /mnt/e/Assignments/Airflow/airflow/airflow_env/lib/python3.12/site-packages/airflow/example_dags/example_dag_decorator.py
[2024-12-26T02:27:14.209+0200] {processor.py:914} INFO - Processing file /mnt/e/Assignments/Airflow/airflow/airflow_env/lib/python3.12/site-packages/airflow/example_dags/example_dag_decorator.py for tasks to queue
[2024-12-26T02:27:14.213+0200] {logging_mixin.py:190} INFO - [2024-12-26T02:27:14.212+0200] {dagbag.py:588} INFO - Filling up the DagBag from /mnt/e/Assignments/Airflow/airflow/airflow_env/lib/python3.12/site-packages/airflow/example_dags/example_dag_decorator.py
[2024-12-26T02:27:14.249+0200] {processor.py:925} INFO - DAG(s) 'example_dag_decorator' retrieved from /mnt/e/Assignments/Airflow/airflow/airflow_env/lib/python3.12/site-packages/airflow/example_dags/example_dag_decorator.py
[2024-12-26T02:27:15.919+0200] {logging_mixin.py:190} INFO - [2024-12-26T02:27:15.917+0200] {dag.py:3239} INFO - Sync 1 DAGs
[2024-12-26T02:27:15.932+0200] {logging_mixin.py:190} INFO - [2024-12-26T02:27:15.931+0200] {dag.py:4180} INFO - Setting next_dagrun for example_dag_decorator to None, run_after=None
[2024-12-26T02:27:16.035+0200] {processor.py:208} INFO - Processing /mnt/e/Assignments/Airflow/airflow/airflow_env/lib/python3.12/site-packages/airflow/example_dags/example_dag_decorator.py took 1.842 seconds
[2024-12-26T02:29:21.492+0200] {processor.py:186} INFO - Started process (PID=189669) to work on /mnt/e/Assignments/Airflow/airflow/airflow_env/lib/python3.12/site-packages/airflow/example_dags/example_dag_decorator.py
[2024-12-26T02:29:21.494+0200] {processor.py:914} INFO - Processing file /mnt/e/Assignments/Airflow/airflow/airflow_env/lib/python3.12/site-packages/airflow/example_dags/example_dag_decorator.py for tasks to queue
[2024-12-26T02:29:21.497+0200] {logging_mixin.py:190} INFO - [2024-12-26T02:29:21.496+0200] {dagbag.py:588} INFO - Filling up the DagBag from /mnt/e/Assignments/Airflow/airflow/airflow_env/lib/python3.12/site-packages/airflow/example_dags/example_dag_decorator.py
[2024-12-26T02:29:21.540+0200] {processor.py:925} INFO - DAG(s) 'example_dag_decorator' retrieved from /mnt/e/Assignments/Airflow/airflow/airflow_env/lib/python3.12/site-packages/airflow/example_dags/example_dag_decorator.py
[2024-12-26T02:29:23.337+0200] {logging_mixin.py:190} INFO - [2024-12-26T02:29:23.335+0200] {dag.py:3239} INFO - Sync 1 DAGs
[2024-12-26T02:29:23.354+0200] {logging_mixin.py:190} INFO - [2024-12-26T02:29:23.352+0200] {dag.py:4180} INFO - Setting next_dagrun for example_dag_decorator to None, run_after=None
[2024-12-26T02:29:23.447+0200] {processor.py:208} INFO - Processing /mnt/e/Assignments/Airflow/airflow/airflow_env/lib/python3.12/site-packages/airflow/example_dags/example_dag_decorator.py took 1.970 seconds
[2024-12-26T02:31:41.320+0200] {processor.py:186} INFO - Started process (PID=189771) to work on /mnt/e/Assignments/Airflow/airflow/airflow_env/lib/python3.12/site-packages/airflow/example_dags/example_dag_decorator.py
[2024-12-26T02:31:41.324+0200] {processor.py:914} INFO - Processing file /mnt/e/Assignments/Airflow/airflow/airflow_env/lib/python3.12/site-packages/airflow/example_dags/example_dag_decorator.py for tasks to queue
[2024-12-26T02:31:41.331+0200] {logging_mixin.py:190} INFO - [2024-12-26T02:31:41.327+0200] {dagbag.py:588} INFO - Filling up the DagBag from /mnt/e/Assignments/Airflow/airflow/airflow_env/lib/python3.12/site-packages/airflow/example_dags/example_dag_decorator.py
[2024-12-26T02:31:41.399+0200] {processor.py:925} INFO - DAG(s) 'example_dag_decorator' retrieved from /mnt/e/Assignments/Airflow/airflow/airflow_env/lib/python3.12/site-packages/airflow/example_dags/example_dag_decorator.py
[2024-12-26T02:31:43.219+0200] {logging_mixin.py:190} INFO - [2024-12-26T02:31:43.217+0200] {dag.py:3239} INFO - Sync 1 DAGs
[2024-12-26T02:31:43.240+0200] {logging_mixin.py:190} INFO - [2024-12-26T02:31:43.236+0200] {dag.py:4180} INFO - Setting next_dagrun for example_dag_decorator to None, run_after=None
[2024-12-26T02:31:43.360+0200] {processor.py:208} INFO - Processing /mnt/e/Assignments/Airflow/airflow/airflow_env/lib/python3.12/site-packages/airflow/example_dags/example_dag_decorator.py took 2.065 seconds
[2024-12-26T02:33:57.038+0200] {processor.py:186} INFO - Started process (PID=189872) to work on /mnt/e/Assignments/Airflow/airflow/airflow_env/lib/python3.12/site-packages/airflow/example_dags/example_dag_decorator.py
[2024-12-26T02:33:57.042+0200] {processor.py:914} INFO - Processing file /mnt/e/Assignments/Airflow/airflow/airflow_env/lib/python3.12/site-packages/airflow/example_dags/example_dag_decorator.py for tasks to queue
[2024-12-26T02:33:57.046+0200] {logging_mixin.py:190} INFO - [2024-12-26T02:33:57.044+0200] {dagbag.py:588} INFO - Filling up the DagBag from /mnt/e/Assignments/Airflow/airflow/airflow_env/lib/python3.12/site-packages/airflow/example_dags/example_dag_decorator.py
[2024-12-26T02:33:57.099+0200] {processor.py:925} INFO - DAG(s) 'example_dag_decorator' retrieved from /mnt/e/Assignments/Airflow/airflow/airflow_env/lib/python3.12/site-packages/airflow/example_dags/example_dag_decorator.py
[2024-12-26T02:33:59.272+0200] {logging_mixin.py:190} INFO - [2024-12-26T02:33:59.268+0200] {dag.py:3239} INFO - Sync 1 DAGs
[2024-12-26T02:33:59.288+0200] {logging_mixin.py:190} INFO - [2024-12-26T02:33:59.285+0200] {dag.py:4180} INFO - Setting next_dagrun for example_dag_decorator to None, run_after=None
[2024-12-26T02:33:59.418+0200] {processor.py:208} INFO - Processing /mnt/e/Assignments/Airflow/airflow/airflow_env/lib/python3.12/site-packages/airflow/example_dags/example_dag_decorator.py took 2.401 seconds
[2024-12-26T02:36:21.645+0200] {processor.py:186} INFO - Started process (PID=189974) to work on /mnt/e/Assignments/Airflow/airflow/airflow_env/lib/python3.12/site-packages/airflow/example_dags/example_dag_decorator.py
[2024-12-26T02:36:21.649+0200] {processor.py:914} INFO - Processing file /mnt/e/Assignments/Airflow/airflow/airflow_env/lib/python3.12/site-packages/airflow/example_dags/example_dag_decorator.py for tasks to queue
[2024-12-26T02:36:21.655+0200] {logging_mixin.py:190} INFO - [2024-12-26T02:36:21.653+0200] {dagbag.py:588} INFO - Filling up the DagBag from /mnt/e/Assignments/Airflow/airflow/airflow_env/lib/python3.12/site-packages/airflow/example_dags/example_dag_decorator.py
[2024-12-26T02:36:21.735+0200] {processor.py:925} INFO - DAG(s) 'example_dag_decorator' retrieved from /mnt/e/Assignments/Airflow/airflow/airflow_env/lib/python3.12/site-packages/airflow/example_dags/example_dag_decorator.py
[2024-12-26T02:36:23.915+0200] {logging_mixin.py:190} INFO - [2024-12-26T02:36:23.914+0200] {dag.py:3239} INFO - Sync 1 DAGs
[2024-12-26T02:36:23.929+0200] {logging_mixin.py:190} INFO - [2024-12-26T02:36:23.927+0200] {dag.py:4180} INFO - Setting next_dagrun for example_dag_decorator to None, run_after=None
[2024-12-26T02:36:24.029+0200] {processor.py:208} INFO - Processing /mnt/e/Assignments/Airflow/airflow/airflow_env/lib/python3.12/site-packages/airflow/example_dags/example_dag_decorator.py took 2.409 seconds
[2024-12-26T02:38:38.601+0200] {processor.py:186} INFO - Started process (PID=190073) to work on /mnt/e/Assignments/Airflow/airflow/airflow_env/lib/python3.12/site-packages/airflow/example_dags/example_dag_decorator.py
[2024-12-26T02:38:38.604+0200] {processor.py:914} INFO - Processing file /mnt/e/Assignments/Airflow/airflow/airflow_env/lib/python3.12/site-packages/airflow/example_dags/example_dag_decorator.py for tasks to queue
[2024-12-26T02:38:38.609+0200] {logging_mixin.py:190} INFO - [2024-12-26T02:38:38.607+0200] {dagbag.py:588} INFO - Filling up the DagBag from /mnt/e/Assignments/Airflow/airflow/airflow_env/lib/python3.12/site-packages/airflow/example_dags/example_dag_decorator.py
[2024-12-26T02:38:38.655+0200] {processor.py:925} INFO - DAG(s) 'example_dag_decorator' retrieved from /mnt/e/Assignments/Airflow/airflow/airflow_env/lib/python3.12/site-packages/airflow/example_dags/example_dag_decorator.py
[2024-12-26T02:38:40.437+0200] {logging_mixin.py:190} INFO - [2024-12-26T02:38:40.434+0200] {dag.py:3239} INFO - Sync 1 DAGs
[2024-12-26T02:38:40.450+0200] {logging_mixin.py:190} INFO - [2024-12-26T02:38:40.449+0200] {dag.py:4180} INFO - Setting next_dagrun for example_dag_decorator to None, run_after=None
[2024-12-26T02:38:40.506+0200] {processor.py:208} INFO - Processing /mnt/e/Assignments/Airflow/airflow/airflow_env/lib/python3.12/site-packages/airflow/example_dags/example_dag_decorator.py took 1.924 seconds
[2024-12-26T02:41:45.477+0200] {processor.py:186} INFO - Started process (PID=190161) to work on /mnt/e/Assignments/Airflow/airflow/airflow_env/lib/python3.12/site-packages/airflow/example_dags/example_dag_decorator.py
[2024-12-26T02:41:45.479+0200] {processor.py:914} INFO - Processing file /mnt/e/Assignments/Airflow/airflow/airflow_env/lib/python3.12/site-packages/airflow/example_dags/example_dag_decorator.py for tasks to queue
[2024-12-26T02:41:45.482+0200] {logging_mixin.py:190} INFO - [2024-12-26T02:41:45.480+0200] {dagbag.py:588} INFO - Filling up the DagBag from /mnt/e/Assignments/Airflow/airflow/airflow_env/lib/python3.12/site-packages/airflow/example_dags/example_dag_decorator.py
[2024-12-26T02:41:45.515+0200] {processor.py:925} INFO - DAG(s) 'example_dag_decorator' retrieved from /mnt/e/Assignments/Airflow/airflow/airflow_env/lib/python3.12/site-packages/airflow/example_dags/example_dag_decorator.py
[2024-12-26T02:41:45.545+0200] {logging_mixin.py:190} INFO - [2024-12-26T02:41:45.544+0200] {dag.py:3239} INFO - Sync 1 DAGs
[2024-12-26T02:41:45.556+0200] {logging_mixin.py:190} INFO - [2024-12-26T02:41:45.555+0200] {dag.py:4180} INFO - Setting next_dagrun for example_dag_decorator to None, run_after=None
[2024-12-26T02:41:45.635+0200] {processor.py:208} INFO - Processing /mnt/e/Assignments/Airflow/airflow/airflow_env/lib/python3.12/site-packages/airflow/example_dags/example_dag_decorator.py took 0.171 seconds
[2024-12-26T02:43:48.867+0200] {processor.py:186} INFO - Started process (PID=190240) to work on /mnt/e/Assignments/Airflow/airflow/airflow_env/lib/python3.12/site-packages/airflow/example_dags/example_dag_decorator.py
[2024-12-26T02:43:48.868+0200] {processor.py:914} INFO - Processing file /mnt/e/Assignments/Airflow/airflow/airflow_env/lib/python3.12/site-packages/airflow/example_dags/example_dag_decorator.py for tasks to queue
[2024-12-26T02:43:48.871+0200] {logging_mixin.py:190} INFO - [2024-12-26T02:43:48.870+0200] {dagbag.py:588} INFO - Filling up the DagBag from /mnt/e/Assignments/Airflow/airflow/airflow_env/lib/python3.12/site-packages/airflow/example_dags/example_dag_decorator.py
[2024-12-26T02:43:48.903+0200] {processor.py:925} INFO - DAG(s) 'example_dag_decorator' retrieved from /mnt/e/Assignments/Airflow/airflow/airflow_env/lib/python3.12/site-packages/airflow/example_dags/example_dag_decorator.py
[2024-12-26T02:43:50.818+0200] {logging_mixin.py:190} INFO - [2024-12-26T02:43:50.817+0200] {dag.py:3239} INFO - Sync 1 DAGs
[2024-12-26T02:43:50.828+0200] {logging_mixin.py:190} INFO - [2024-12-26T02:43:50.827+0200] {dag.py:4180} INFO - Setting next_dagrun for example_dag_decorator to None, run_after=None
[2024-12-26T02:43:50.901+0200] {processor.py:208} INFO - Processing /mnt/e/Assignments/Airflow/airflow/airflow_env/lib/python3.12/site-packages/airflow/example_dags/example_dag_decorator.py took 2.052 seconds
[2024-12-26T02:45:53.370+0200] {processor.py:186} INFO - Started process (PID=190321) to work on /mnt/e/Assignments/Airflow/airflow/airflow_env/lib/python3.12/site-packages/airflow/example_dags/example_dag_decorator.py
[2024-12-26T02:45:53.374+0200] {processor.py:914} INFO - Processing file /mnt/e/Assignments/Airflow/airflow/airflow_env/lib/python3.12/site-packages/airflow/example_dags/example_dag_decorator.py for tasks to queue
[2024-12-26T02:45:53.378+0200] {logging_mixin.py:190} INFO - [2024-12-26T02:45:53.377+0200] {dagbag.py:588} INFO - Filling up the DagBag from /mnt/e/Assignments/Airflow/airflow/airflow_env/lib/python3.12/site-packages/airflow/example_dags/example_dag_decorator.py
[2024-12-26T02:45:53.425+0200] {processor.py:925} INFO - DAG(s) 'example_dag_decorator' retrieved from /mnt/e/Assignments/Airflow/airflow/airflow_env/lib/python3.12/site-packages/airflow/example_dags/example_dag_decorator.py
[2024-12-26T02:45:54.706+0200] {logging_mixin.py:190} INFO - [2024-12-26T02:45:54.705+0200] {dag.py:3239} INFO - Sync 1 DAGs
[2024-12-26T02:45:54.716+0200] {logging_mixin.py:190} INFO - [2024-12-26T02:45:54.715+0200] {dag.py:4180} INFO - Setting next_dagrun for example_dag_decorator to None, run_after=None
[2024-12-26T02:45:54.786+0200] {processor.py:208} INFO - Processing /mnt/e/Assignments/Airflow/airflow/airflow_env/lib/python3.12/site-packages/airflow/example_dags/example_dag_decorator.py took 1.437 seconds
[2024-12-26T02:47:56.774+0200] {processor.py:186} INFO - Started process (PID=190426) to work on /mnt/e/Assignments/Airflow/airflow/airflow_env/lib/python3.12/site-packages/airflow/example_dags/example_dag_decorator.py
[2024-12-26T02:47:56.776+0200] {processor.py:914} INFO - Processing file /mnt/e/Assignments/Airflow/airflow/airflow_env/lib/python3.12/site-packages/airflow/example_dags/example_dag_decorator.py for tasks to queue
[2024-12-26T02:47:56.779+0200] {logging_mixin.py:190} INFO - [2024-12-26T02:47:56.777+0200] {dagbag.py:588} INFO - Filling up the DagBag from /mnt/e/Assignments/Airflow/airflow/airflow_env/lib/python3.12/site-packages/airflow/example_dags/example_dag_decorator.py
[2024-12-26T02:47:56.834+0200] {processor.py:925} INFO - DAG(s) 'example_dag_decorator' retrieved from /mnt/e/Assignments/Airflow/airflow/airflow_env/lib/python3.12/site-packages/airflow/example_dags/example_dag_decorator.py
[2024-12-26T02:48:01.257+0200] {logging_mixin.py:190} INFO - [2024-12-26T02:48:01.255+0200] {dag.py:3239} INFO - Sync 1 DAGs
[2024-12-26T02:48:01.266+0200] {logging_mixin.py:190} INFO - [2024-12-26T02:48:01.265+0200] {dag.py:4180} INFO - Setting next_dagrun for example_dag_decorator to None, run_after=None
[2024-12-26T02:48:01.400+0200] {processor.py:208} INFO - Processing /mnt/e/Assignments/Airflow/airflow/airflow_env/lib/python3.12/site-packages/airflow/example_dags/example_dag_decorator.py took 1.707 seconds
[2024-12-26T02:50:10.335+0200] {processor.py:186} INFO - Started process (PID=190535) to work on /mnt/e/Assignments/Airflow/airflow/airflow_env/lib/python3.12/site-packages/airflow/example_dags/example_dag_decorator.py
[2024-12-26T02:50:10.338+0200] {processor.py:914} INFO - Processing file /mnt/e/Assignments/Airflow/airflow/airflow_env/lib/python3.12/site-packages/airflow/example_dags/example_dag_decorator.py for tasks to queue
[2024-12-26T02:50:10.341+0200] {logging_mixin.py:190} INFO - [2024-12-26T02:50:10.340+0200] {dagbag.py:588} INFO - Filling up the DagBag from /mnt/e/Assignments/Airflow/airflow/airflow_env/lib/python3.12/site-packages/airflow/example_dags/example_dag_decorator.py
[2024-12-26T02:50:10.378+0200] {processor.py:925} INFO - DAG(s) 'example_dag_decorator' retrieved from /mnt/e/Assignments/Airflow/airflow/airflow_env/lib/python3.12/site-packages/airflow/example_dags/example_dag_decorator.py
[2024-12-26T02:50:12.447+0200] {logging_mixin.py:190} INFO - [2024-12-26T02:50:12.446+0200] {dag.py:3239} INFO - Sync 1 DAGs
[2024-12-26T02:50:12.462+0200] {logging_mixin.py:190} INFO - [2024-12-26T02:50:12.460+0200] {dag.py:4180} INFO - Setting next_dagrun for example_dag_decorator to None, run_after=None
[2024-12-26T02:50:12.522+0200] {processor.py:208} INFO - Processing /mnt/e/Assignments/Airflow/airflow/airflow_env/lib/python3.12/site-packages/airflow/example_dags/example_dag_decorator.py took 2.200 seconds
[2024-12-26T02:52:19.636+0200] {processor.py:186} INFO - Started process (PID=190628) to work on /mnt/e/Assignments/Airflow/airflow/airflow_env/lib/python3.12/site-packages/airflow/example_dags/example_dag_decorator.py
[2024-12-26T02:52:19.640+0200] {processor.py:914} INFO - Processing file /mnt/e/Assignments/Airflow/airflow/airflow_env/lib/python3.12/site-packages/airflow/example_dags/example_dag_decorator.py for tasks to queue
[2024-12-26T02:52:19.644+0200] {logging_mixin.py:190} INFO - [2024-12-26T02:52:19.642+0200] {dagbag.py:588} INFO - Filling up the DagBag from /mnt/e/Assignments/Airflow/airflow/airflow_env/lib/python3.12/site-packages/airflow/example_dags/example_dag_decorator.py
[2024-12-26T02:52:19.694+0200] {processor.py:925} INFO - DAG(s) 'example_dag_decorator' retrieved from /mnt/e/Assignments/Airflow/airflow/airflow_env/lib/python3.12/site-packages/airflow/example_dags/example_dag_decorator.py
[2024-12-26T02:52:22.156+0200] {logging_mixin.py:190} INFO - [2024-12-26T02:52:22.155+0200] {dag.py:3239} INFO - Sync 1 DAGs
[2024-12-26T02:52:22.167+0200] {logging_mixin.py:190} INFO - [2024-12-26T02:52:22.166+0200] {dag.py:4180} INFO - Setting next_dagrun for example_dag_decorator to None, run_after=None
[2024-12-26T02:52:22.241+0200] {processor.py:208} INFO - Processing /mnt/e/Assignments/Airflow/airflow/airflow_env/lib/python3.12/site-packages/airflow/example_dags/example_dag_decorator.py took 2.623 seconds
[2024-12-26T02:54:34.179+0200] {processor.py:186} INFO - Started process (PID=190725) to work on /mnt/e/Assignments/Airflow/airflow/airflow_env/lib/python3.12/site-packages/airflow/example_dags/example_dag_decorator.py
[2024-12-26T02:54:34.181+0200] {processor.py:914} INFO - Processing file /mnt/e/Assignments/Airflow/airflow/airflow_env/lib/python3.12/site-packages/airflow/example_dags/example_dag_decorator.py for tasks to queue
[2024-12-26T02:54:34.184+0200] {logging_mixin.py:190} INFO - [2024-12-26T02:54:34.183+0200] {dagbag.py:588} INFO - Filling up the DagBag from /mnt/e/Assignments/Airflow/airflow/airflow_env/lib/python3.12/site-packages/airflow/example_dags/example_dag_decorator.py
[2024-12-26T02:54:34.217+0200] {processor.py:925} INFO - DAG(s) 'example_dag_decorator' retrieved from /mnt/e/Assignments/Airflow/airflow/airflow_env/lib/python3.12/site-packages/airflow/example_dags/example_dag_decorator.py
[2024-12-26T02:54:36.124+0200] {logging_mixin.py:190} INFO - [2024-12-26T02:54:36.122+0200] {dag.py:3239} INFO - Sync 1 DAGs
[2024-12-26T02:54:36.140+0200] {logging_mixin.py:190} INFO - [2024-12-26T02:54:36.138+0200] {dag.py:4180} INFO - Setting next_dagrun for example_dag_decorator to None, run_after=None
[2024-12-26T02:54:36.231+0200] {processor.py:208} INFO - Processing /mnt/e/Assignments/Airflow/airflow/airflow_env/lib/python3.12/site-packages/airflow/example_dags/example_dag_decorator.py took 2.065 seconds
[2024-12-26T02:56:43.326+0200] {processor.py:186} INFO - Started process (PID=190816) to work on /mnt/e/Assignments/Airflow/airflow/airflow_env/lib/python3.12/site-packages/airflow/example_dags/example_dag_decorator.py
[2024-12-26T02:56:43.329+0200] {processor.py:914} INFO - Processing file /mnt/e/Assignments/Airflow/airflow/airflow_env/lib/python3.12/site-packages/airflow/example_dags/example_dag_decorator.py for tasks to queue
[2024-12-26T02:56:43.333+0200] {logging_mixin.py:190} INFO - [2024-12-26T02:56:43.332+0200] {dagbag.py:588} INFO - Filling up the DagBag from /mnt/e/Assignments/Airflow/airflow/airflow_env/lib/python3.12/site-packages/airflow/example_dags/example_dag_decorator.py
[2024-12-26T02:56:43.383+0200] {processor.py:925} INFO - DAG(s) 'example_dag_decorator' retrieved from /mnt/e/Assignments/Airflow/airflow/airflow_env/lib/python3.12/site-packages/airflow/example_dags/example_dag_decorator.py
[2024-12-26T02:56:44.627+0200] {logging_mixin.py:190} INFO - [2024-12-26T02:56:44.626+0200] {dag.py:3239} INFO - Sync 1 DAGs
[2024-12-26T02:56:44.639+0200] {logging_mixin.py:190} INFO - [2024-12-26T02:56:44.638+0200] {dag.py:4180} INFO - Setting next_dagrun for example_dag_decorator to None, run_after=None
[2024-12-26T02:56:44.715+0200] {processor.py:208} INFO - Processing /mnt/e/Assignments/Airflow/airflow/airflow_env/lib/python3.12/site-packages/airflow/example_dags/example_dag_decorator.py took 1.404 seconds
[2024-12-26T02:58:54.418+0200] {processor.py:186} INFO - Started process (PID=190900) to work on /mnt/e/Assignments/Airflow/airflow/airflow_env/lib/python3.12/site-packages/airflow/example_dags/example_dag_decorator.py
[2024-12-26T02:58:54.422+0200] {processor.py:914} INFO - Processing file /mnt/e/Assignments/Airflow/airflow/airflow_env/lib/python3.12/site-packages/airflow/example_dags/example_dag_decorator.py for tasks to queue
[2024-12-26T02:58:54.427+0200] {logging_mixin.py:190} INFO - [2024-12-26T02:58:54.425+0200] {dagbag.py:588} INFO - Filling up the DagBag from /mnt/e/Assignments/Airflow/airflow/airflow_env/lib/python3.12/site-packages/airflow/example_dags/example_dag_decorator.py
[2024-12-26T02:58:54.487+0200] {processor.py:925} INFO - DAG(s) 'example_dag_decorator' retrieved from /mnt/e/Assignments/Airflow/airflow/airflow_env/lib/python3.12/site-packages/airflow/example_dags/example_dag_decorator.py
[2024-12-26T02:58:55.899+0200] {logging_mixin.py:190} INFO - [2024-12-26T02:58:55.898+0200] {dag.py:3239} INFO - Sync 1 DAGs
[2024-12-26T02:58:55.912+0200] {logging_mixin.py:190} INFO - [2024-12-26T02:58:55.911+0200] {dag.py:4180} INFO - Setting next_dagrun for example_dag_decorator to None, run_after=None
[2024-12-26T02:58:55.989+0200] {processor.py:208} INFO - Processing /mnt/e/Assignments/Airflow/airflow/airflow_env/lib/python3.12/site-packages/airflow/example_dags/example_dag_decorator.py took 1.593 seconds
[2024-12-26T03:02:07.208+0200] {processor.py:186} INFO - Started process (PID=191012) to work on /mnt/e/Assignments/Airflow/airflow/airflow_env/lib/python3.12/site-packages/airflow/example_dags/example_dag_decorator.py
[2024-12-26T03:02:07.211+0200] {processor.py:914} INFO - Processing file /mnt/e/Assignments/Airflow/airflow/airflow_env/lib/python3.12/site-packages/airflow/example_dags/example_dag_decorator.py for tasks to queue
[2024-12-26T03:02:07.216+0200] {logging_mixin.py:190} INFO - [2024-12-26T03:02:07.215+0200] {dagbag.py:588} INFO - Filling up the DagBag from /mnt/e/Assignments/Airflow/airflow/airflow_env/lib/python3.12/site-packages/airflow/example_dags/example_dag_decorator.py
[2024-12-26T03:02:07.482+0200] {processor.py:925} INFO - DAG(s) 'example_dag_decorator' retrieved from /mnt/e/Assignments/Airflow/airflow/airflow_env/lib/python3.12/site-packages/airflow/example_dags/example_dag_decorator.py
[2024-12-26T03:02:09.519+0200] {logging_mixin.py:190} INFO - [2024-12-26T03:02:09.518+0200] {dag.py:3239} INFO - Sync 1 DAGs
[2024-12-26T03:02:09.545+0200] {logging_mixin.py:190} INFO - [2024-12-26T03:02:09.544+0200] {dag.py:4180} INFO - Setting next_dagrun for example_dag_decorator to None, run_after=None
[2024-12-26T03:02:09.671+0200] {processor.py:208} INFO - Processing /mnt/e/Assignments/Airflow/airflow/airflow_env/lib/python3.12/site-packages/airflow/example_dags/example_dag_decorator.py took 2.489 seconds
[2024-12-26T03:04:25.905+0200] {processor.py:186} INFO - Started process (PID=191107) to work on /mnt/e/Assignments/Airflow/airflow/airflow_env/lib/python3.12/site-packages/airflow/example_dags/example_dag_decorator.py
[2024-12-26T03:04:25.908+0200] {processor.py:914} INFO - Processing file /mnt/e/Assignments/Airflow/airflow/airflow_env/lib/python3.12/site-packages/airflow/example_dags/example_dag_decorator.py for tasks to queue
[2024-12-26T03:04:25.913+0200] {logging_mixin.py:190} INFO - [2024-12-26T03:04:25.911+0200] {dagbag.py:588} INFO - Filling up the DagBag from /mnt/e/Assignments/Airflow/airflow/airflow_env/lib/python3.12/site-packages/airflow/example_dags/example_dag_decorator.py
[2024-12-26T03:04:26.047+0200] {processor.py:925} INFO - DAG(s) 'example_dag_decorator' retrieved from /mnt/e/Assignments/Airflow/airflow/airflow_env/lib/python3.12/site-packages/airflow/example_dags/example_dag_decorator.py
[2024-12-26T03:04:27.583+0200] {logging_mixin.py:190} INFO - [2024-12-26T03:04:27.581+0200] {dag.py:3239} INFO - Sync 1 DAGs
[2024-12-26T03:04:27.599+0200] {logging_mixin.py:190} INFO - [2024-12-26T03:04:27.597+0200] {dag.py:4180} INFO - Setting next_dagrun for example_dag_decorator to None, run_after=None
[2024-12-26T03:04:27.712+0200] {processor.py:208} INFO - Processing /mnt/e/Assignments/Airflow/airflow/airflow_env/lib/python3.12/site-packages/airflow/example_dags/example_dag_decorator.py took 1.827 seconds
[2024-12-26T03:07:37.293+0200] {processor.py:186} INFO - Started process (PID=191212) to work on /mnt/e/Assignments/Airflow/airflow/airflow_env/lib/python3.12/site-packages/airflow/example_dags/example_dag_decorator.py
[2024-12-26T03:07:37.297+0200] {processor.py:914} INFO - Processing file /mnt/e/Assignments/Airflow/airflow/airflow_env/lib/python3.12/site-packages/airflow/example_dags/example_dag_decorator.py for tasks to queue
[2024-12-26T03:07:37.304+0200] {logging_mixin.py:190} INFO - [2024-12-26T03:07:37.301+0200] {dagbag.py:588} INFO - Filling up the DagBag from /mnt/e/Assignments/Airflow/airflow/airflow_env/lib/python3.12/site-packages/airflow/example_dags/example_dag_decorator.py
[2024-12-26T03:07:37.477+0200] {processor.py:925} INFO - DAG(s) 'example_dag_decorator' retrieved from /mnt/e/Assignments/Airflow/airflow/airflow_env/lib/python3.12/site-packages/airflow/example_dags/example_dag_decorator.py
[2024-12-26T03:07:39.151+0200] {logging_mixin.py:190} INFO - [2024-12-26T03:07:39.150+0200] {dag.py:3239} INFO - Sync 1 DAGs
[2024-12-26T03:07:39.270+0200] {logging_mixin.py:190} INFO - [2024-12-26T03:07:39.268+0200] {dag.py:4180} INFO - Setting next_dagrun for example_dag_decorator to None, run_after=None
[2024-12-26T03:07:39.349+0200] {processor.py:208} INFO - Processing /mnt/e/Assignments/Airflow/airflow/airflow_env/lib/python3.12/site-packages/airflow/example_dags/example_dag_decorator.py took 2.076 seconds
[2024-12-26T03:09:57.060+0200] {processor.py:186} INFO - Started process (PID=191302) to work on /mnt/e/Assignments/Airflow/airflow/airflow_env/lib/python3.12/site-packages/airflow/example_dags/example_dag_decorator.py
[2024-12-26T03:09:57.064+0200] {processor.py:914} INFO - Processing file /mnt/e/Assignments/Airflow/airflow/airflow_env/lib/python3.12/site-packages/airflow/example_dags/example_dag_decorator.py for tasks to queue
[2024-12-26T03:09:57.069+0200] {logging_mixin.py:190} INFO - [2024-12-26T03:09:57.067+0200] {dagbag.py:588} INFO - Filling up the DagBag from /mnt/e/Assignments/Airflow/airflow/airflow_env/lib/python3.12/site-packages/airflow/example_dags/example_dag_decorator.py
[2024-12-26T03:09:57.220+0200] {processor.py:925} INFO - DAG(s) 'example_dag_decorator' retrieved from /mnt/e/Assignments/Airflow/airflow/airflow_env/lib/python3.12/site-packages/airflow/example_dags/example_dag_decorator.py
[2024-12-26T03:09:59.056+0200] {logging_mixin.py:190} INFO - [2024-12-26T03:09:59.055+0200] {dag.py:3239} INFO - Sync 1 DAGs
[2024-12-26T03:09:59.070+0200] {logging_mixin.py:190} INFO - [2024-12-26T03:09:59.069+0200] {dag.py:4180} INFO - Setting next_dagrun for example_dag_decorator to None, run_after=None
[2024-12-26T03:09:59.155+0200] {processor.py:208} INFO - Processing /mnt/e/Assignments/Airflow/airflow/airflow_env/lib/python3.12/site-packages/airflow/example_dags/example_dag_decorator.py took 2.118 seconds
[2024-12-26T03:12:07.189+0200] {processor.py:186} INFO - Started process (PID=191383) to work on /mnt/e/Assignments/Airflow/airflow/airflow_env/lib/python3.12/site-packages/airflow/example_dags/example_dag_decorator.py
[2024-12-26T03:12:07.192+0200] {processor.py:914} INFO - Processing file /mnt/e/Assignments/Airflow/airflow/airflow_env/lib/python3.12/site-packages/airflow/example_dags/example_dag_decorator.py for tasks to queue
[2024-12-26T03:12:07.200+0200] {logging_mixin.py:190} INFO - [2024-12-26T03:12:07.195+0200] {dagbag.py:588} INFO - Filling up the DagBag from /mnt/e/Assignments/Airflow/airflow/airflow_env/lib/python3.12/site-packages/airflow/example_dags/example_dag_decorator.py
[2024-12-26T03:12:07.373+0200] {processor.py:925} INFO - DAG(s) 'example_dag_decorator' retrieved from /mnt/e/Assignments/Airflow/airflow/airflow_env/lib/python3.12/site-packages/airflow/example_dags/example_dag_decorator.py
[2024-12-26T03:12:09.645+0200] {logging_mixin.py:190} INFO - [2024-12-26T03:12:09.643+0200] {dag.py:3239} INFO - Sync 1 DAGs
[2024-12-26T03:12:09.667+0200] {logging_mixin.py:190} INFO - [2024-12-26T03:12:09.665+0200] {dag.py:4180} INFO - Setting next_dagrun for example_dag_decorator to None, run_after=None
[2024-12-26T03:12:09.783+0200] {processor.py:208} INFO - Processing /mnt/e/Assignments/Airflow/airflow/airflow_env/lib/python3.12/site-packages/airflow/example_dags/example_dag_decorator.py took 2.614 seconds
[2024-12-26T03:14:12.233+0200] {processor.py:186} INFO - Started process (PID=191465) to work on /mnt/e/Assignments/Airflow/airflow/airflow_env/lib/python3.12/site-packages/airflow/example_dags/example_dag_decorator.py
[2024-12-26T03:14:12.236+0200] {processor.py:914} INFO - Processing file /mnt/e/Assignments/Airflow/airflow/airflow_env/lib/python3.12/site-packages/airflow/example_dags/example_dag_decorator.py for tasks to queue
[2024-12-26T03:14:12.241+0200] {logging_mixin.py:190} INFO - [2024-12-26T03:14:12.240+0200] {dagbag.py:588} INFO - Filling up the DagBag from /mnt/e/Assignments/Airflow/airflow/airflow_env/lib/python3.12/site-packages/airflow/example_dags/example_dag_decorator.py
[2024-12-26T03:14:12.359+0200] {processor.py:925} INFO - DAG(s) 'example_dag_decorator' retrieved from /mnt/e/Assignments/Airflow/airflow/airflow_env/lib/python3.12/site-packages/airflow/example_dags/example_dag_decorator.py
[2024-12-26T03:14:13.736+0200] {logging_mixin.py:190} INFO - [2024-12-26T03:14:13.734+0200] {dag.py:3239} INFO - Sync 1 DAGs
[2024-12-26T03:14:13.754+0200] {logging_mixin.py:190} INFO - [2024-12-26T03:14:13.750+0200] {dag.py:4180} INFO - Setting next_dagrun for example_dag_decorator to None, run_after=None
[2024-12-26T03:14:13.883+0200] {processor.py:208} INFO - Processing /mnt/e/Assignments/Airflow/airflow/airflow_env/lib/python3.12/site-packages/airflow/example_dags/example_dag_decorator.py took 1.665 seconds
[2024-12-26T03:16:18.633+0200] {processor.py:186} INFO - Started process (PID=191540) to work on /mnt/e/Assignments/Airflow/airflow/airflow_env/lib/python3.12/site-packages/airflow/example_dags/example_dag_decorator.py
[2024-12-26T03:16:18.635+0200] {processor.py:914} INFO - Processing file /mnt/e/Assignments/Airflow/airflow/airflow_env/lib/python3.12/site-packages/airflow/example_dags/example_dag_decorator.py for tasks to queue
[2024-12-26T03:16:18.641+0200] {logging_mixin.py:190} INFO - [2024-12-26T03:16:18.638+0200] {dagbag.py:588} INFO - Filling up the DagBag from /mnt/e/Assignments/Airflow/airflow/airflow_env/lib/python3.12/site-packages/airflow/example_dags/example_dag_decorator.py
[2024-12-26T03:16:18.783+0200] {processor.py:925} INFO - DAG(s) 'example_dag_decorator' retrieved from /mnt/e/Assignments/Airflow/airflow/airflow_env/lib/python3.12/site-packages/airflow/example_dags/example_dag_decorator.py
[2024-12-26T03:16:20.560+0200] {logging_mixin.py:190} INFO - [2024-12-26T03:16:20.556+0200] {dag.py:3239} INFO - Sync 1 DAGs
[2024-12-26T03:16:20.592+0200] {logging_mixin.py:190} INFO - [2024-12-26T03:16:20.588+0200] {dag.py:4180} INFO - Setting next_dagrun for example_dag_decorator to None, run_after=None
[2024-12-26T03:16:20.776+0200] {processor.py:208} INFO - Processing /mnt/e/Assignments/Airflow/airflow/airflow_env/lib/python3.12/site-packages/airflow/example_dags/example_dag_decorator.py took 2.161 seconds
[2024-12-26T03:18:41.322+0200] {processor.py:186} INFO - Started process (PID=191633) to work on /mnt/e/Assignments/Airflow/airflow/airflow_env/lib/python3.12/site-packages/airflow/example_dags/example_dag_decorator.py
[2024-12-26T03:18:41.326+0200] {processor.py:914} INFO - Processing file /mnt/e/Assignments/Airflow/airflow/airflow_env/lib/python3.12/site-packages/airflow/example_dags/example_dag_decorator.py for tasks to queue
[2024-12-26T03:18:41.334+0200] {logging_mixin.py:190} INFO - [2024-12-26T03:18:41.331+0200] {dagbag.py:588} INFO - Filling up the DagBag from /mnt/e/Assignments/Airflow/airflow/airflow_env/lib/python3.12/site-packages/airflow/example_dags/example_dag_decorator.py
[2024-12-26T03:18:41.582+0200] {processor.py:925} INFO - DAG(s) 'example_dag_decorator' retrieved from /mnt/e/Assignments/Airflow/airflow/airflow_env/lib/python3.12/site-packages/airflow/example_dags/example_dag_decorator.py
[2024-12-26T03:18:42.880+0200] {logging_mixin.py:190} INFO - [2024-12-26T03:18:42.879+0200] {dag.py:3239} INFO - Sync 1 DAGs
[2024-12-26T03:18:42.888+0200] {logging_mixin.py:190} INFO - [2024-12-26T03:18:42.887+0200] {dag.py:4180} INFO - Setting next_dagrun for example_dag_decorator to None, run_after=None
[2024-12-26T03:18:42.928+0200] {processor.py:208} INFO - Processing /mnt/e/Assignments/Airflow/airflow/airflow_env/lib/python3.12/site-packages/airflow/example_dags/example_dag_decorator.py took 1.635 seconds
[2024-12-26T03:20:51.990+0200] {processor.py:186} INFO - Started process (PID=191734) to work on /mnt/e/Assignments/Airflow/airflow/airflow_env/lib/python3.12/site-packages/airflow/example_dags/example_dag_decorator.py
[2024-12-26T03:20:51.992+0200] {processor.py:914} INFO - Processing file /mnt/e/Assignments/Airflow/airflow/airflow_env/lib/python3.12/site-packages/airflow/example_dags/example_dag_decorator.py for tasks to queue
[2024-12-26T03:20:51.995+0200] {logging_mixin.py:190} INFO - [2024-12-26T03:20:51.994+0200] {dagbag.py:588} INFO - Filling up the DagBag from /mnt/e/Assignments/Airflow/airflow/airflow_env/lib/python3.12/site-packages/airflow/example_dags/example_dag_decorator.py
[2024-12-26T03:20:52.066+0200] {processor.py:925} INFO - DAG(s) 'example_dag_decorator' retrieved from /mnt/e/Assignments/Airflow/airflow/airflow_env/lib/python3.12/site-packages/airflow/example_dags/example_dag_decorator.py
[2024-12-26T03:20:53.735+0200] {logging_mixin.py:190} INFO - [2024-12-26T03:20:53.733+0200] {dag.py:3239} INFO - Sync 1 DAGs
[2024-12-26T03:20:53.759+0200] {logging_mixin.py:190} INFO - [2024-12-26T03:20:53.756+0200] {dag.py:4180} INFO - Setting next_dagrun for example_dag_decorator to None, run_after=None
[2024-12-26T03:20:53.946+0200] {processor.py:208} INFO - Processing /mnt/e/Assignments/Airflow/airflow/airflow_env/lib/python3.12/site-packages/airflow/example_dags/example_dag_decorator.py took 1.967 seconds
[2024-12-26T03:22:54.351+0200] {processor.py:186} INFO - Started process (PID=191832) to work on /mnt/e/Assignments/Airflow/airflow/airflow_env/lib/python3.12/site-packages/airflow/example_dags/example_dag_decorator.py
[2024-12-26T03:22:54.353+0200] {processor.py:914} INFO - Processing file /mnt/e/Assignments/Airflow/airflow/airflow_env/lib/python3.12/site-packages/airflow/example_dags/example_dag_decorator.py for tasks to queue
[2024-12-26T03:22:54.356+0200] {logging_mixin.py:190} INFO - [2024-12-26T03:22:54.355+0200] {dagbag.py:588} INFO - Filling up the DagBag from /mnt/e/Assignments/Airflow/airflow/airflow_env/lib/python3.12/site-packages/airflow/example_dags/example_dag_decorator.py
[2024-12-26T03:22:54.415+0200] {processor.py:925} INFO - DAG(s) 'example_dag_decorator' retrieved from /mnt/e/Assignments/Airflow/airflow/airflow_env/lib/python3.12/site-packages/airflow/example_dags/example_dag_decorator.py
[2024-12-26T03:22:55.488+0200] {logging_mixin.py:190} INFO - [2024-12-26T03:22:55.483+0200] {dag.py:3239} INFO - Sync 1 DAGs
[2024-12-26T03:22:55.517+0200] {logging_mixin.py:190} INFO - [2024-12-26T03:22:55.513+0200] {dag.py:4180} INFO - Setting next_dagrun for example_dag_decorator to None, run_after=None
[2024-12-26T03:22:55.695+0200] {processor.py:208} INFO - Processing /mnt/e/Assignments/Airflow/airflow/airflow_env/lib/python3.12/site-packages/airflow/example_dags/example_dag_decorator.py took 1.355 seconds
[2024-12-26T03:25:07.632+0200] {processor.py:186} INFO - Started process (PID=191932) to work on /mnt/e/Assignments/Airflow/airflow/airflow_env/lib/python3.12/site-packages/airflow/example_dags/example_dag_decorator.py
[2024-12-26T03:25:07.635+0200] {processor.py:914} INFO - Processing file /mnt/e/Assignments/Airflow/airflow/airflow_env/lib/python3.12/site-packages/airflow/example_dags/example_dag_decorator.py for tasks to queue
[2024-12-26T03:25:07.640+0200] {logging_mixin.py:190} INFO - [2024-12-26T03:25:07.638+0200] {dagbag.py:588} INFO - Filling up the DagBag from /mnt/e/Assignments/Airflow/airflow/airflow_env/lib/python3.12/site-packages/airflow/example_dags/example_dag_decorator.py
[2024-12-26T03:25:07.721+0200] {processor.py:925} INFO - DAG(s) 'example_dag_decorator' retrieved from /mnt/e/Assignments/Airflow/airflow/airflow_env/lib/python3.12/site-packages/airflow/example_dags/example_dag_decorator.py
[2024-12-26T03:25:09.557+0200] {logging_mixin.py:190} INFO - [2024-12-26T03:25:09.555+0200] {dag.py:3239} INFO - Sync 1 DAGs
[2024-12-26T03:25:09.576+0200] {logging_mixin.py:190} INFO - [2024-12-26T03:25:09.574+0200] {dag.py:4180} INFO - Setting next_dagrun for example_dag_decorator to None, run_after=None
[2024-12-26T03:25:09.671+0200] {processor.py:208} INFO - Processing /mnt/e/Assignments/Airflow/airflow/airflow_env/lib/python3.12/site-packages/airflow/example_dags/example_dag_decorator.py took 2.050 seconds
[2024-12-26T03:27:14.406+0200] {processor.py:186} INFO - Started process (PID=192014) to work on /mnt/e/Assignments/Airflow/airflow/airflow_env/lib/python3.12/site-packages/airflow/example_dags/example_dag_decorator.py
[2024-12-26T03:27:14.407+0200] {processor.py:914} INFO - Processing file /mnt/e/Assignments/Airflow/airflow/airflow_env/lib/python3.12/site-packages/airflow/example_dags/example_dag_decorator.py for tasks to queue
[2024-12-26T03:27:14.410+0200] {logging_mixin.py:190} INFO - [2024-12-26T03:27:14.409+0200] {dagbag.py:588} INFO - Filling up the DagBag from /mnt/e/Assignments/Airflow/airflow/airflow_env/lib/python3.12/site-packages/airflow/example_dags/example_dag_decorator.py
[2024-12-26T03:27:14.468+0200] {processor.py:925} INFO - DAG(s) 'example_dag_decorator' retrieved from /mnt/e/Assignments/Airflow/airflow/airflow_env/lib/python3.12/site-packages/airflow/example_dags/example_dag_decorator.py
[2024-12-26T03:27:19.367+0200] {logging_mixin.py:190} INFO - [2024-12-26T03:27:19.366+0200] {dag.py:3239} INFO - Sync 1 DAGs
[2024-12-26T03:27:19.376+0200] {logging_mixin.py:190} INFO - [2024-12-26T03:27:19.375+0200] {dag.py:4180} INFO - Setting next_dagrun for example_dag_decorator to None, run_after=None
[2024-12-26T03:27:19.417+0200] {processor.py:208} INFO - Processing /mnt/e/Assignments/Airflow/airflow/airflow_env/lib/python3.12/site-packages/airflow/example_dags/example_dag_decorator.py took 2.091 seconds
[2024-12-26T03:29:19.088+0200] {processor.py:186} INFO - Started process (PID=192111) to work on /mnt/e/Assignments/Airflow/airflow/airflow_env/lib/python3.12/site-packages/airflow/example_dags/example_dag_decorator.py
[2024-12-26T03:29:19.090+0200] {processor.py:914} INFO - Processing file /mnt/e/Assignments/Airflow/airflow/airflow_env/lib/python3.12/site-packages/airflow/example_dags/example_dag_decorator.py for tasks to queue
[2024-12-26T03:29:19.094+0200] {logging_mixin.py:190} INFO - [2024-12-26T03:29:19.093+0200] {dagbag.py:588} INFO - Filling up the DagBag from /mnt/e/Assignments/Airflow/airflow/airflow_env/lib/python3.12/site-packages/airflow/example_dags/example_dag_decorator.py
[2024-12-26T03:29:19.163+0200] {processor.py:925} INFO - DAG(s) 'example_dag_decorator' retrieved from /mnt/e/Assignments/Airflow/airflow/airflow_env/lib/python3.12/site-packages/airflow/example_dags/example_dag_decorator.py
[2024-12-26T03:29:20.473+0200] {logging_mixin.py:190} INFO - [2024-12-26T03:29:20.472+0200] {dag.py:3239} INFO - Sync 1 DAGs
[2024-12-26T03:29:20.483+0200] {logging_mixin.py:190} INFO - [2024-12-26T03:29:20.482+0200] {dag.py:4180} INFO - Setting next_dagrun for example_dag_decorator to None, run_after=None
[2024-12-26T03:29:20.540+0200] {processor.py:208} INFO - Processing /mnt/e/Assignments/Airflow/airflow/airflow_env/lib/python3.12/site-packages/airflow/example_dags/example_dag_decorator.py took 1.465 seconds
[2024-12-26T03:31:26.987+0200] {processor.py:186} INFO - Started process (PID=192201) to work on /mnt/e/Assignments/Airflow/airflow/airflow_env/lib/python3.12/site-packages/airflow/example_dags/example_dag_decorator.py
[2024-12-26T03:31:26.990+0200] {processor.py:914} INFO - Processing file /mnt/e/Assignments/Airflow/airflow/airflow_env/lib/python3.12/site-packages/airflow/example_dags/example_dag_decorator.py for tasks to queue
[2024-12-26T03:31:26.994+0200] {logging_mixin.py:190} INFO - [2024-12-26T03:31:26.992+0200] {dagbag.py:588} INFO - Filling up the DagBag from /mnt/e/Assignments/Airflow/airflow/airflow_env/lib/python3.12/site-packages/airflow/example_dags/example_dag_decorator.py
[2024-12-26T03:31:27.089+0200] {processor.py:925} INFO - DAG(s) 'example_dag_decorator' retrieved from /mnt/e/Assignments/Airflow/airflow/airflow_env/lib/python3.12/site-packages/airflow/example_dags/example_dag_decorator.py
[2024-12-26T03:31:29.303+0200] {logging_mixin.py:190} INFO - [2024-12-26T03:31:29.300+0200] {dag.py:3239} INFO - Sync 1 DAGs
[2024-12-26T03:31:29.327+0200] {logging_mixin.py:190} INFO - [2024-12-26T03:31:29.324+0200] {dag.py:4180} INFO - Setting next_dagrun for example_dag_decorator to None, run_after=None
[2024-12-26T03:31:29.458+0200] {processor.py:208} INFO - Processing /mnt/e/Assignments/Airflow/airflow/airflow_env/lib/python3.12/site-packages/airflow/example_dags/example_dag_decorator.py took 2.485 seconds
[2024-12-26T03:33:34.775+0200] {processor.py:186} INFO - Started process (PID=192307) to work on /mnt/e/Assignments/Airflow/airflow/airflow_env/lib/python3.12/site-packages/airflow/example_dags/example_dag_decorator.py
[2024-12-26T03:33:34.777+0200] {processor.py:914} INFO - Processing file /mnt/e/Assignments/Airflow/airflow/airflow_env/lib/python3.12/site-packages/airflow/example_dags/example_dag_decorator.py for tasks to queue
[2024-12-26T03:33:34.781+0200] {logging_mixin.py:190} INFO - [2024-12-26T03:33:34.780+0200] {dagbag.py:588} INFO - Filling up the DagBag from /mnt/e/Assignments/Airflow/airflow/airflow_env/lib/python3.12/site-packages/airflow/example_dags/example_dag_decorator.py
[2024-12-26T03:33:34.856+0200] {processor.py:925} INFO - DAG(s) 'example_dag_decorator' retrieved from /mnt/e/Assignments/Airflow/airflow/airflow_env/lib/python3.12/site-packages/airflow/example_dags/example_dag_decorator.py
[2024-12-26T03:33:36.399+0200] {logging_mixin.py:190} INFO - [2024-12-26T03:33:36.398+0200] {dag.py:3239} INFO - Sync 1 DAGs
[2024-12-26T03:33:36.408+0200] {logging_mixin.py:190} INFO - [2024-12-26T03:33:36.407+0200] {dag.py:4180} INFO - Setting next_dagrun for example_dag_decorator to None, run_after=None
[2024-12-26T03:33:36.457+0200] {processor.py:208} INFO - Processing /mnt/e/Assignments/Airflow/airflow/airflow_env/lib/python3.12/site-packages/airflow/example_dags/example_dag_decorator.py took 1.692 seconds
[2024-12-26T03:35:48.250+0200] {processor.py:186} INFO - Started process (PID=192423) to work on /mnt/e/Assignments/Airflow/airflow/airflow_env/lib/python3.12/site-packages/airflow/example_dags/example_dag_decorator.py
[2024-12-26T03:35:48.253+0200] {processor.py:914} INFO - Processing file /mnt/e/Assignments/Airflow/airflow/airflow_env/lib/python3.12/site-packages/airflow/example_dags/example_dag_decorator.py for tasks to queue
[2024-12-26T03:35:48.258+0200] {logging_mixin.py:190} INFO - [2024-12-26T03:35:48.256+0200] {dagbag.py:588} INFO - Filling up the DagBag from /mnt/e/Assignments/Airflow/airflow/airflow_env/lib/python3.12/site-packages/airflow/example_dags/example_dag_decorator.py
[2024-12-26T03:35:48.345+0200] {processor.py:925} INFO - DAG(s) 'example_dag_decorator' retrieved from /mnt/e/Assignments/Airflow/airflow/airflow_env/lib/python3.12/site-packages/airflow/example_dags/example_dag_decorator.py
[2024-12-26T03:35:48.380+0200] {logging_mixin.py:190} INFO - [2024-12-26T03:35:48.379+0200] {dag.py:3239} INFO - Sync 1 DAGs
[2024-12-26T03:35:48.394+0200] {logging_mixin.py:190} INFO - [2024-12-26T03:35:48.393+0200] {dag.py:4180} INFO - Setting next_dagrun for example_dag_decorator to None, run_after=None
[2024-12-26T03:35:48.457+0200] {processor.py:208} INFO - Processing /mnt/e/Assignments/Airflow/airflow/airflow_env/lib/python3.12/site-packages/airflow/example_dags/example_dag_decorator.py took 0.230 seconds
[2024-12-26T03:38:58.316+0200] {processor.py:186} INFO - Started process (PID=192507) to work on /mnt/e/Assignments/Airflow/airflow/airflow_env/lib/python3.12/site-packages/airflow/example_dags/example_dag_decorator.py
[2024-12-26T03:38:58.320+0200] {processor.py:914} INFO - Processing file /mnt/e/Assignments/Airflow/airflow/airflow_env/lib/python3.12/site-packages/airflow/example_dags/example_dag_decorator.py for tasks to queue
[2024-12-26T03:38:58.326+0200] {logging_mixin.py:190} INFO - [2024-12-26T03:38:58.324+0200] {dagbag.py:588} INFO - Filling up the DagBag from /mnt/e/Assignments/Airflow/airflow/airflow_env/lib/python3.12/site-packages/airflow/example_dags/example_dag_decorator.py
[2024-12-26T03:39:01.497+0200] {processor.py:925} INFO - DAG(s) 'example_dag_decorator' retrieved from /mnt/e/Assignments/Airflow/airflow/airflow_env/lib/python3.12/site-packages/airflow/example_dags/example_dag_decorator.py
[2024-12-26T03:39:02.602+0200] {logging_mixin.py:190} INFO - [2024-12-26T03:39:02.601+0200] {dag.py:3239} INFO - Sync 1 DAGs
[2024-12-26T03:39:02.614+0200] {logging_mixin.py:190} INFO - [2024-12-26T03:39:02.613+0200] {dag.py:4180} INFO - Setting next_dagrun for example_dag_decorator to None, run_after=None
[2024-12-26T03:39:02.709+0200] {processor.py:208} INFO - Processing /mnt/e/Assignments/Airflow/airflow/airflow_env/lib/python3.12/site-packages/airflow/example_dags/example_dag_decorator.py took 1.483 seconds
[2024-12-26T03:40:58.444+0200] {processor.py:186} INFO - Started process (PID=192587) to work on /mnt/e/Assignments/Airflow/airflow/airflow_env/lib/python3.12/site-packages/airflow/example_dags/example_dag_decorator.py
[2024-12-26T03:40:58.446+0200] {processor.py:914} INFO - Processing file /mnt/e/Assignments/Airflow/airflow/airflow_env/lib/python3.12/site-packages/airflow/example_dags/example_dag_decorator.py for tasks to queue
[2024-12-26T03:40:58.449+0200] {logging_mixin.py:190} INFO - [2024-12-26T03:40:58.448+0200] {dagbag.py:588} INFO - Filling up the DagBag from /mnt/e/Assignments/Airflow/airflow/airflow_env/lib/python3.12/site-packages/airflow/example_dags/example_dag_decorator.py
[2024-12-26T03:40:58.527+0200] {processor.py:925} INFO - DAG(s) 'example_dag_decorator' retrieved from /mnt/e/Assignments/Airflow/airflow/airflow_env/lib/python3.12/site-packages/airflow/example_dags/example_dag_decorator.py
[2024-12-26T03:40:59.670+0200] {logging_mixin.py:190} INFO - [2024-12-26T03:40:59.668+0200] {dag.py:3239} INFO - Sync 1 DAGs
[2024-12-26T03:40:59.687+0200] {logging_mixin.py:190} INFO - [2024-12-26T03:40:59.685+0200] {dag.py:4180} INFO - Setting next_dagrun for example_dag_decorator to None, run_after=None
[2024-12-26T03:40:59.801+0200] {processor.py:208} INFO - Processing /mnt/e/Assignments/Airflow/airflow/airflow_env/lib/python3.12/site-packages/airflow/example_dags/example_dag_decorator.py took 1.366 seconds
[2024-12-26T03:42:56.347+0200] {processor.py:186} INFO - Started process (PID=192669) to work on /mnt/e/Assignments/Airflow/airflow/airflow_env/lib/python3.12/site-packages/airflow/example_dags/example_dag_decorator.py
[2024-12-26T03:42:56.348+0200] {processor.py:914} INFO - Processing file /mnt/e/Assignments/Airflow/airflow/airflow_env/lib/python3.12/site-packages/airflow/example_dags/example_dag_decorator.py for tasks to queue
[2024-12-26T03:42:56.351+0200] {logging_mixin.py:190} INFO - [2024-12-26T03:42:56.350+0200] {dagbag.py:588} INFO - Filling up the DagBag from /mnt/e/Assignments/Airflow/airflow/airflow_env/lib/python3.12/site-packages/airflow/example_dags/example_dag_decorator.py
[2024-12-26T03:42:56.452+0200] {processor.py:925} INFO - DAG(s) 'example_dag_decorator' retrieved from /mnt/e/Assignments/Airflow/airflow/airflow_env/lib/python3.12/site-packages/airflow/example_dags/example_dag_decorator.py
[2024-12-26T03:42:57.581+0200] {logging_mixin.py:190} INFO - [2024-12-26T03:42:57.580+0200] {dag.py:3239} INFO - Sync 1 DAGs
[2024-12-26T03:42:57.592+0200] {logging_mixin.py:190} INFO - [2024-12-26T03:42:57.591+0200] {dag.py:4180} INFO - Setting next_dagrun for example_dag_decorator to None, run_after=None
[2024-12-26T03:42:57.642+0200] {processor.py:208} INFO - Processing /mnt/e/Assignments/Airflow/airflow/airflow_env/lib/python3.12/site-packages/airflow/example_dags/example_dag_decorator.py took 1.305 seconds
[2024-12-26T03:44:58.069+0200] {processor.py:186} INFO - Started process (PID=192745) to work on /mnt/e/Assignments/Airflow/airflow/airflow_env/lib/python3.12/site-packages/airflow/example_dags/example_dag_decorator.py
[2024-12-26T03:44:58.074+0200] {processor.py:914} INFO - Processing file /mnt/e/Assignments/Airflow/airflow/airflow_env/lib/python3.12/site-packages/airflow/example_dags/example_dag_decorator.py for tasks to queue
[2024-12-26T03:44:58.079+0200] {logging_mixin.py:190} INFO - [2024-12-26T03:44:58.077+0200] {dagbag.py:588} INFO - Filling up the DagBag from /mnt/e/Assignments/Airflow/airflow/airflow_env/lib/python3.12/site-packages/airflow/example_dags/example_dag_decorator.py
[2024-12-26T03:44:58.177+0200] {processor.py:925} INFO - DAG(s) 'example_dag_decorator' retrieved from /mnt/e/Assignments/Airflow/airflow/airflow_env/lib/python3.12/site-packages/airflow/example_dags/example_dag_decorator.py
[2024-12-26T03:44:58.197+0200] {logging_mixin.py:190} INFO - [2024-12-26T03:44:58.196+0200] {dag.py:3239} INFO - Sync 1 DAGs
[2024-12-26T03:44:58.207+0200] {logging_mixin.py:190} INFO - [2024-12-26T03:44:58.206+0200] {dag.py:4180} INFO - Setting next_dagrun for example_dag_decorator to None, run_after=None
[2024-12-26T03:44:58.252+0200] {processor.py:208} INFO - Processing /mnt/e/Assignments/Airflow/airflow/airflow_env/lib/python3.12/site-packages/airflow/example_dags/example_dag_decorator.py took 0.208 seconds
[2024-12-26T03:46:54.759+0200] {processor.py:186} INFO - Started process (PID=192824) to work on /mnt/e/Assignments/Airflow/airflow/airflow_env/lib/python3.12/site-packages/airflow/example_dags/example_dag_decorator.py
[2024-12-26T03:46:54.761+0200] {processor.py:914} INFO - Processing file /mnt/e/Assignments/Airflow/airflow/airflow_env/lib/python3.12/site-packages/airflow/example_dags/example_dag_decorator.py for tasks to queue
[2024-12-26T03:46:54.766+0200] {logging_mixin.py:190} INFO - [2024-12-26T03:46:54.764+0200] {dagbag.py:588} INFO - Filling up the DagBag from /mnt/e/Assignments/Airflow/airflow/airflow_env/lib/python3.12/site-packages/airflow/example_dags/example_dag_decorator.py
[2024-12-26T03:46:54.876+0200] {processor.py:925} INFO - DAG(s) 'example_dag_decorator' retrieved from /mnt/e/Assignments/Airflow/airflow/airflow_env/lib/python3.12/site-packages/airflow/example_dags/example_dag_decorator.py
[2024-12-26T03:46:56.487+0200] {logging_mixin.py:190} INFO - [2024-12-26T03:46:56.485+0200] {dag.py:3239} INFO - Sync 1 DAGs
[2024-12-26T03:46:56.504+0200] {logging_mixin.py:190} INFO - [2024-12-26T03:46:56.501+0200] {dag.py:4180} INFO - Setting next_dagrun for example_dag_decorator to None, run_after=None
[2024-12-26T03:46:56.581+0200] {processor.py:208} INFO - Processing /mnt/e/Assignments/Airflow/airflow/airflow_env/lib/python3.12/site-packages/airflow/example_dags/example_dag_decorator.py took 1.844 seconds
[2024-12-26T03:49:06.996+0200] {processor.py:186} INFO - Started process (PID=192911) to work on /mnt/e/Assignments/Airflow/airflow/airflow_env/lib/python3.12/site-packages/airflow/example_dags/example_dag_decorator.py
[2024-12-26T03:49:07.001+0200] {processor.py:914} INFO - Processing file /mnt/e/Assignments/Airflow/airflow/airflow_env/lib/python3.12/site-packages/airflow/example_dags/example_dag_decorator.py for tasks to queue
[2024-12-26T03:49:07.007+0200] {logging_mixin.py:190} INFO - [2024-12-26T03:49:07.006+0200] {dagbag.py:588} INFO - Filling up the DagBag from /mnt/e/Assignments/Airflow/airflow/airflow_env/lib/python3.12/site-packages/airflow/example_dags/example_dag_decorator.py
[2024-12-26T03:49:07.312+0200] {processor.py:925} INFO - DAG(s) 'example_dag_decorator' retrieved from /mnt/e/Assignments/Airflow/airflow/airflow_env/lib/python3.12/site-packages/airflow/example_dags/example_dag_decorator.py
[2024-12-26T03:49:09.530+0200] {logging_mixin.py:190} INFO - [2024-12-26T03:49:09.528+0200] {dag.py:3239} INFO - Sync 1 DAGs
[2024-12-26T03:49:09.546+0200] {logging_mixin.py:190} INFO - [2024-12-26T03:49:09.544+0200] {dag.py:4180} INFO - Setting next_dagrun for example_dag_decorator to None, run_after=None
[2024-12-26T03:49:09.657+0200] {processor.py:208} INFO - Processing /mnt/e/Assignments/Airflow/airflow/airflow_env/lib/python3.12/site-packages/airflow/example_dags/example_dag_decorator.py took 2.692 seconds
[2024-12-26T03:51:06.297+0200] {processor.py:186} INFO - Started process (PID=192990) to work on /mnt/e/Assignments/Airflow/airflow/airflow_env/lib/python3.12/site-packages/airflow/example_dags/example_dag_decorator.py
[2024-12-26T03:51:06.299+0200] {processor.py:914} INFO - Processing file /mnt/e/Assignments/Airflow/airflow/airflow_env/lib/python3.12/site-packages/airflow/example_dags/example_dag_decorator.py for tasks to queue
[2024-12-26T03:51:06.302+0200] {logging_mixin.py:190} INFO - [2024-12-26T03:51:06.301+0200] {dagbag.py:588} INFO - Filling up the DagBag from /mnt/e/Assignments/Airflow/airflow/airflow_env/lib/python3.12/site-packages/airflow/example_dags/example_dag_decorator.py
[2024-12-26T03:51:06.365+0200] {processor.py:925} INFO - DAG(s) 'example_dag_decorator' retrieved from /mnt/e/Assignments/Airflow/airflow/airflow_env/lib/python3.12/site-packages/airflow/example_dags/example_dag_decorator.py
[2024-12-26T03:51:08.308+0200] {logging_mixin.py:190} INFO - [2024-12-26T03:51:08.307+0200] {dag.py:3239} INFO - Sync 1 DAGs
[2024-12-26T03:51:08.318+0200] {logging_mixin.py:190} INFO - [2024-12-26T03:51:08.317+0200] {dag.py:4180} INFO - Setting next_dagrun for example_dag_decorator to None, run_after=None
[2024-12-26T03:51:08.364+0200] {processor.py:208} INFO - Processing /mnt/e/Assignments/Airflow/airflow/airflow_env/lib/python3.12/site-packages/airflow/example_dags/example_dag_decorator.py took 2.076 seconds
[2024-12-26T03:53:21.894+0200] {processor.py:186} INFO - Started process (PID=193073) to work on /mnt/e/Assignments/Airflow/airflow/airflow_env/lib/python3.12/site-packages/airflow/example_dags/example_dag_decorator.py
[2024-12-26T03:53:21.900+0200] {processor.py:914} INFO - Processing file /mnt/e/Assignments/Airflow/airflow/airflow_env/lib/python3.12/site-packages/airflow/example_dags/example_dag_decorator.py for tasks to queue
[2024-12-26T03:53:21.910+0200] {logging_mixin.py:190} INFO - [2024-12-26T03:53:21.907+0200] {dagbag.py:588} INFO - Filling up the DagBag from /mnt/e/Assignments/Airflow/airflow/airflow_env/lib/python3.12/site-packages/airflow/example_dags/example_dag_decorator.py
[2024-12-26T03:53:22.152+0200] {processor.py:925} INFO - DAG(s) 'example_dag_decorator' retrieved from /mnt/e/Assignments/Airflow/airflow/airflow_env/lib/python3.12/site-packages/airflow/example_dags/example_dag_decorator.py
[2024-12-26T03:53:23.763+0200] {logging_mixin.py:190} INFO - [2024-12-26T03:53:23.762+0200] {dag.py:3239} INFO - Sync 1 DAGs
[2024-12-26T03:53:23.774+0200] {logging_mixin.py:190} INFO - [2024-12-26T03:53:23.773+0200] {dag.py:4180} INFO - Setting next_dagrun for example_dag_decorator to None, run_after=None
[2024-12-26T03:53:23.829+0200] {processor.py:208} INFO - Processing /mnt/e/Assignments/Airflow/airflow/airflow_env/lib/python3.12/site-packages/airflow/example_dags/example_dag_decorator.py took 1.973 seconds
[2024-12-26T03:55:32.214+0200] {processor.py:186} INFO - Started process (PID=193154) to work on /mnt/e/Assignments/Airflow/airflow/airflow_env/lib/python3.12/site-packages/airflow/example_dags/example_dag_decorator.py
[2024-12-26T03:55:32.221+0200] {processor.py:914} INFO - Processing file /mnt/e/Assignments/Airflow/airflow/airflow_env/lib/python3.12/site-packages/airflow/example_dags/example_dag_decorator.py for tasks to queue
[2024-12-26T03:55:32.233+0200] {logging_mixin.py:190} INFO - [2024-12-26T03:55:32.228+0200] {dagbag.py:588} INFO - Filling up the DagBag from /mnt/e/Assignments/Airflow/airflow/airflow_env/lib/python3.12/site-packages/airflow/example_dags/example_dag_decorator.py
[2024-12-26T03:55:32.487+0200] {processor.py:925} INFO - DAG(s) 'example_dag_decorator' retrieved from /mnt/e/Assignments/Airflow/airflow/airflow_env/lib/python3.12/site-packages/airflow/example_dags/example_dag_decorator.py
[2024-12-26T03:55:32.521+0200] {logging_mixin.py:190} INFO - [2024-12-26T03:55:32.519+0200] {dag.py:3239} INFO - Sync 1 DAGs
[2024-12-26T03:55:32.535+0200] {logging_mixin.py:190} INFO - [2024-12-26T03:55:32.534+0200] {dag.py:4180} INFO - Setting next_dagrun for example_dag_decorator to None, run_after=None
[2024-12-26T03:55:32.606+0200] {processor.py:208} INFO - Processing /mnt/e/Assignments/Airflow/airflow/airflow_env/lib/python3.12/site-packages/airflow/example_dags/example_dag_decorator.py took 0.433 seconds
[2024-12-26T03:57:47.906+0200] {processor.py:186} INFO - Started process (PID=193239) to work on /mnt/e/Assignments/Airflow/airflow/airflow_env/lib/python3.12/site-packages/airflow/example_dags/example_dag_decorator.py
[2024-12-26T03:57:47.909+0200] {processor.py:914} INFO - Processing file /mnt/e/Assignments/Airflow/airflow/airflow_env/lib/python3.12/site-packages/airflow/example_dags/example_dag_decorator.py for tasks to queue
[2024-12-26T03:57:47.912+0200] {logging_mixin.py:190} INFO - [2024-12-26T03:57:47.911+0200] {dagbag.py:588} INFO - Filling up the DagBag from /mnt/e/Assignments/Airflow/airflow/airflow_env/lib/python3.12/site-packages/airflow/example_dags/example_dag_decorator.py
[2024-12-26T03:57:47.988+0200] {processor.py:925} INFO - DAG(s) 'example_dag_decorator' retrieved from /mnt/e/Assignments/Airflow/airflow/airflow_env/lib/python3.12/site-packages/airflow/example_dags/example_dag_decorator.py
[2024-12-26T03:57:49.178+0200] {logging_mixin.py:190} INFO - [2024-12-26T03:57:49.177+0200] {dag.py:3239} INFO - Sync 1 DAGs
[2024-12-26T03:57:49.189+0200] {logging_mixin.py:190} INFO - [2024-12-26T03:57:49.188+0200] {dag.py:4180} INFO - Setting next_dagrun for example_dag_decorator to None, run_after=None
[2024-12-26T03:57:49.241+0200] {processor.py:208} INFO - Processing /mnt/e/Assignments/Airflow/airflow/airflow_env/lib/python3.12/site-packages/airflow/example_dags/example_dag_decorator.py took 1.346 seconds
[2024-12-26T03:59:42.717+0200] {processor.py:186} INFO - Started process (PID=193316) to work on /mnt/e/Assignments/Airflow/airflow/airflow_env/lib/python3.12/site-packages/airflow/example_dags/example_dag_decorator.py
[2024-12-26T03:59:42.719+0200] {processor.py:914} INFO - Processing file /mnt/e/Assignments/Airflow/airflow/airflow_env/lib/python3.12/site-packages/airflow/example_dags/example_dag_decorator.py for tasks to queue
[2024-12-26T03:59:42.721+0200] {logging_mixin.py:190} INFO - [2024-12-26T03:59:42.720+0200] {dagbag.py:588} INFO - Filling up the DagBag from /mnt/e/Assignments/Airflow/airflow/airflow_env/lib/python3.12/site-packages/airflow/example_dags/example_dag_decorator.py
[2024-12-26T03:59:42.808+0200] {processor.py:925} INFO - DAG(s) 'example_dag_decorator' retrieved from /mnt/e/Assignments/Airflow/airflow/airflow_env/lib/python3.12/site-packages/airflow/example_dags/example_dag_decorator.py
[2024-12-26T03:59:44.061+0200] {logging_mixin.py:190} INFO - [2024-12-26T03:59:44.060+0200] {dag.py:3239} INFO - Sync 1 DAGs
[2024-12-26T03:59:44.073+0200] {logging_mixin.py:190} INFO - [2024-12-26T03:59:44.072+0200] {dag.py:4180} INFO - Setting next_dagrun for example_dag_decorator to None, run_after=None
[2024-12-26T03:59:44.128+0200] {processor.py:208} INFO - Processing /mnt/e/Assignments/Airflow/airflow/airflow_env/lib/python3.12/site-packages/airflow/example_dags/example_dag_decorator.py took 1.422 seconds
[2024-12-26T04:01:48.827+0200] {processor.py:186} INFO - Started process (PID=193399) to work on /mnt/e/Assignments/Airflow/airflow/airflow_env/lib/python3.12/site-packages/airflow/example_dags/example_dag_decorator.py
[2024-12-26T04:01:48.831+0200] {processor.py:914} INFO - Processing file /mnt/e/Assignments/Airflow/airflow/airflow_env/lib/python3.12/site-packages/airflow/example_dags/example_dag_decorator.py for tasks to queue
[2024-12-26T04:01:48.839+0200] {logging_mixin.py:190} INFO - [2024-12-26T04:01:48.836+0200] {dagbag.py:588} INFO - Filling up the DagBag from /mnt/e/Assignments/Airflow/airflow/airflow_env/lib/python3.12/site-packages/airflow/example_dags/example_dag_decorator.py
[2024-12-26T04:01:49.088+0200] {processor.py:925} INFO - DAG(s) 'example_dag_decorator' retrieved from /mnt/e/Assignments/Airflow/airflow/airflow_env/lib/python3.12/site-packages/airflow/example_dags/example_dag_decorator.py
[2024-12-26T04:01:49.139+0200] {logging_mixin.py:190} INFO - [2024-12-26T04:01:49.136+0200] {dag.py:3239} INFO - Sync 1 DAGs
[2024-12-26T04:01:49.159+0200] {logging_mixin.py:190} INFO - [2024-12-26T04:01:49.157+0200] {dag.py:4180} INFO - Setting next_dagrun for example_dag_decorator to None, run_after=None
[2024-12-26T04:01:49.272+0200] {processor.py:208} INFO - Processing /mnt/e/Assignments/Airflow/airflow/airflow_env/lib/python3.12/site-packages/airflow/example_dags/example_dag_decorator.py took 0.475 seconds
[2024-12-26T04:04:04.629+0200] {processor.py:186} INFO - Started process (PID=193481) to work on /mnt/e/Assignments/Airflow/airflow/airflow_env/lib/python3.12/site-packages/airflow/example_dags/example_dag_decorator.py
[2024-12-26T04:04:04.631+0200] {processor.py:914} INFO - Processing file /mnt/e/Assignments/Airflow/airflow/airflow_env/lib/python3.12/site-packages/airflow/example_dags/example_dag_decorator.py for tasks to queue
[2024-12-26T04:04:04.635+0200] {logging_mixin.py:190} INFO - [2024-12-26T04:04:04.634+0200] {dagbag.py:588} INFO - Filling up the DagBag from /mnt/e/Assignments/Airflow/airflow/airflow_env/lib/python3.12/site-packages/airflow/example_dags/example_dag_decorator.py
[2024-12-26T04:04:04.734+0200] {processor.py:925} INFO - DAG(s) 'example_dag_decorator' retrieved from /mnt/e/Assignments/Airflow/airflow/airflow_env/lib/python3.12/site-packages/airflow/example_dags/example_dag_decorator.py
[2024-12-26T04:04:04.759+0200] {logging_mixin.py:190} INFO - [2024-12-26T04:04:04.758+0200] {dag.py:3239} INFO - Sync 1 DAGs
[2024-12-26T04:04:04.770+0200] {logging_mixin.py:190} INFO - [2024-12-26T04:04:04.769+0200] {dag.py:4180} INFO - Setting next_dagrun for example_dag_decorator to None, run_after=None
[2024-12-26T04:04:04.824+0200] {processor.py:208} INFO - Processing /mnt/e/Assignments/Airflow/airflow/airflow_env/lib/python3.12/site-packages/airflow/example_dags/example_dag_decorator.py took 0.210 seconds
[2024-12-26T04:06:05.982+0200] {processor.py:186} INFO - Started process (PID=193561) to work on /mnt/e/Assignments/Airflow/airflow/airflow_env/lib/python3.12/site-packages/airflow/example_dags/example_dag_decorator.py
[2024-12-26T04:06:05.984+0200] {processor.py:914} INFO - Processing file /mnt/e/Assignments/Airflow/airflow/airflow_env/lib/python3.12/site-packages/airflow/example_dags/example_dag_decorator.py for tasks to queue
[2024-12-26T04:06:05.987+0200] {logging_mixin.py:190} INFO - [2024-12-26T04:06:05.986+0200] {dagbag.py:588} INFO - Filling up the DagBag from /mnt/e/Assignments/Airflow/airflow/airflow_env/lib/python3.12/site-packages/airflow/example_dags/example_dag_decorator.py
[2024-12-26T04:06:06.050+0200] {processor.py:925} INFO - DAG(s) 'example_dag_decorator' retrieved from /mnt/e/Assignments/Airflow/airflow/airflow_env/lib/python3.12/site-packages/airflow/example_dags/example_dag_decorator.py
[2024-12-26T04:06:07.212+0200] {logging_mixin.py:190} INFO - [2024-12-26T04:06:07.211+0200] {dag.py:3239} INFO - Sync 1 DAGs
[2024-12-26T04:06:07.223+0200] {logging_mixin.py:190} INFO - [2024-12-26T04:06:07.222+0200] {dag.py:4180} INFO - Setting next_dagrun for example_dag_decorator to None, run_after=None
[2024-12-26T04:06:07.266+0200] {processor.py:208} INFO - Processing /mnt/e/Assignments/Airflow/airflow/airflow_env/lib/python3.12/site-packages/airflow/example_dags/example_dag_decorator.py took 1.295 seconds
[2024-12-26T04:08:05.935+0200] {processor.py:186} INFO - Started process (PID=193640) to work on /mnt/e/Assignments/Airflow/airflow/airflow_env/lib/python3.12/site-packages/airflow/example_dags/example_dag_decorator.py
[2024-12-26T04:08:05.939+0200] {processor.py:914} INFO - Processing file /mnt/e/Assignments/Airflow/airflow/airflow_env/lib/python3.12/site-packages/airflow/example_dags/example_dag_decorator.py for tasks to queue
[2024-12-26T04:08:05.945+0200] {logging_mixin.py:190} INFO - [2024-12-26T04:08:05.943+0200] {dagbag.py:588} INFO - Filling up the DagBag from /mnt/e/Assignments/Airflow/airflow/airflow_env/lib/python3.12/site-packages/airflow/example_dags/example_dag_decorator.py
[2024-12-26T04:08:06.059+0200] {processor.py:925} INFO - DAG(s) 'example_dag_decorator' retrieved from /mnt/e/Assignments/Airflow/airflow/airflow_env/lib/python3.12/site-packages/airflow/example_dags/example_dag_decorator.py
[2024-12-26T04:08:06.081+0200] {logging_mixin.py:190} INFO - [2024-12-26T04:08:06.080+0200] {dag.py:3239} INFO - Sync 1 DAGs
[2024-12-26T04:08:06.090+0200] {logging_mixin.py:190} INFO - [2024-12-26T04:08:06.090+0200] {dag.py:4180} INFO - Setting next_dagrun for example_dag_decorator to None, run_after=None
[2024-12-26T04:08:06.134+0200] {processor.py:208} INFO - Processing /mnt/e/Assignments/Airflow/airflow/airflow_env/lib/python3.12/site-packages/airflow/example_dags/example_dag_decorator.py took 0.231 seconds
[2024-12-26T04:09:51.780+0200] {processor.py:186} INFO - Started process (PID=193717) to work on /mnt/e/Assignments/Airflow/airflow/airflow_env/lib/python3.12/site-packages/airflow/example_dags/example_dag_decorator.py
[2024-12-26T04:09:51.783+0200] {processor.py:914} INFO - Processing file /mnt/e/Assignments/Airflow/airflow/airflow_env/lib/python3.12/site-packages/airflow/example_dags/example_dag_decorator.py for tasks to queue
[2024-12-26T04:09:51.788+0200] {logging_mixin.py:190} INFO - [2024-12-26T04:09:51.785+0200] {dagbag.py:588} INFO - Filling up the DagBag from /mnt/e/Assignments/Airflow/airflow/airflow_env/lib/python3.12/site-packages/airflow/example_dags/example_dag_decorator.py
[2024-12-26T04:09:51.913+0200] {processor.py:925} INFO - DAG(s) 'example_dag_decorator' retrieved from /mnt/e/Assignments/Airflow/airflow/airflow_env/lib/python3.12/site-packages/airflow/example_dags/example_dag_decorator.py
[2024-12-26T04:09:52.813+0200] {logging_mixin.py:190} INFO - [2024-12-26T04:09:52.812+0200] {dag.py:3239} INFO - Sync 1 DAGs
[2024-12-26T04:09:52.822+0200] {logging_mixin.py:190} INFO - [2024-12-26T04:09:52.821+0200] {dag.py:4180} INFO - Setting next_dagrun for example_dag_decorator to None, run_after=None
[2024-12-26T04:09:52.866+0200] {processor.py:208} INFO - Processing /mnt/e/Assignments/Airflow/airflow/airflow_env/lib/python3.12/site-packages/airflow/example_dags/example_dag_decorator.py took 1.107 seconds
[2024-12-26T04:11:44.591+0200] {processor.py:186} INFO - Started process (PID=193792) to work on /mnt/e/Assignments/Airflow/airflow/airflow_env/lib/python3.12/site-packages/airflow/example_dags/example_dag_decorator.py
[2024-12-26T04:11:44.595+0200] {processor.py:914} INFO - Processing file /mnt/e/Assignments/Airflow/airflow/airflow_env/lib/python3.12/site-packages/airflow/example_dags/example_dag_decorator.py for tasks to queue
[2024-12-26T04:11:44.602+0200] {logging_mixin.py:190} INFO - [2024-12-26T04:11:44.599+0200] {dagbag.py:588} INFO - Filling up the DagBag from /mnt/e/Assignments/Airflow/airflow/airflow_env/lib/python3.12/site-packages/airflow/example_dags/example_dag_decorator.py
[2024-12-26T04:11:44.884+0200] {processor.py:925} INFO - DAG(s) 'example_dag_decorator' retrieved from /mnt/e/Assignments/Airflow/airflow/airflow_env/lib/python3.12/site-packages/airflow/example_dags/example_dag_decorator.py
[2024-12-26T04:11:45.942+0200] {logging_mixin.py:190} INFO - [2024-12-26T04:11:45.942+0200] {dag.py:3239} INFO - Sync 1 DAGs
[2024-12-26T04:11:45.951+0200] {logging_mixin.py:190} INFO - [2024-12-26T04:11:45.950+0200] {dag.py:4180} INFO - Setting next_dagrun for example_dag_decorator to None, run_after=None
[2024-12-26T04:11:45.998+0200] {processor.py:208} INFO - Processing /mnt/e/Assignments/Airflow/airflow/airflow_env/lib/python3.12/site-packages/airflow/example_dags/example_dag_decorator.py took 1.437 seconds
[2024-12-26T04:13:31.758+0200] {processor.py:186} INFO - Started process (PID=193867) to work on /mnt/e/Assignments/Airflow/airflow/airflow_env/lib/python3.12/site-packages/airflow/example_dags/example_dag_decorator.py
[2024-12-26T04:13:31.759+0200] {processor.py:914} INFO - Processing file /mnt/e/Assignments/Airflow/airflow/airflow_env/lib/python3.12/site-packages/airflow/example_dags/example_dag_decorator.py for tasks to queue
[2024-12-26T04:13:31.762+0200] {logging_mixin.py:190} INFO - [2024-12-26T04:13:31.761+0200] {dagbag.py:588} INFO - Filling up the DagBag from /mnt/e/Assignments/Airflow/airflow/airflow_env/lib/python3.12/site-packages/airflow/example_dags/example_dag_decorator.py
[2024-12-26T04:13:31.820+0200] {processor.py:925} INFO - DAG(s) 'example_dag_decorator' retrieved from /mnt/e/Assignments/Airflow/airflow/airflow_env/lib/python3.12/site-packages/airflow/example_dags/example_dag_decorator.py
[2024-12-26T04:13:31.840+0200] {logging_mixin.py:190} INFO - [2024-12-26T04:13:31.839+0200] {dag.py:3239} INFO - Sync 1 DAGs
[2024-12-26T04:13:31.850+0200] {logging_mixin.py:190} INFO - [2024-12-26T04:13:31.849+0200] {dag.py:4180} INFO - Setting next_dagrun for example_dag_decorator to None, run_after=None
[2024-12-26T04:13:31.889+0200] {processor.py:208} INFO - Processing /mnt/e/Assignments/Airflow/airflow/airflow_env/lib/python3.12/site-packages/airflow/example_dags/example_dag_decorator.py took 0.140 seconds
[2024-12-26T04:15:38.769+0200] {processor.py:186} INFO - Started process (PID=193948) to work on /mnt/e/Assignments/Airflow/airflow/airflow_env/lib/python3.12/site-packages/airflow/example_dags/example_dag_decorator.py
[2024-12-26T04:15:38.771+0200] {processor.py:914} INFO - Processing file /mnt/e/Assignments/Airflow/airflow/airflow_env/lib/python3.12/site-packages/airflow/example_dags/example_dag_decorator.py for tasks to queue
[2024-12-26T04:15:38.774+0200] {logging_mixin.py:190} INFO - [2024-12-26T04:15:38.773+0200] {dagbag.py:588} INFO - Filling up the DagBag from /mnt/e/Assignments/Airflow/airflow/airflow_env/lib/python3.12/site-packages/airflow/example_dags/example_dag_decorator.py
[2024-12-26T04:15:38.836+0200] {processor.py:925} INFO - DAG(s) 'example_dag_decorator' retrieved from /mnt/e/Assignments/Airflow/airflow/airflow_env/lib/python3.12/site-packages/airflow/example_dags/example_dag_decorator.py
[2024-12-26T04:15:38.858+0200] {logging_mixin.py:190} INFO - [2024-12-26T04:15:38.857+0200] {dag.py:3239} INFO - Sync 1 DAGs
[2024-12-26T04:15:38.868+0200] {logging_mixin.py:190} INFO - [2024-12-26T04:15:38.867+0200] {dag.py:4180} INFO - Setting next_dagrun for example_dag_decorator to None, run_after=None
[2024-12-26T04:15:38.911+0200] {processor.py:208} INFO - Processing /mnt/e/Assignments/Airflow/airflow/airflow_env/lib/python3.12/site-packages/airflow/example_dags/example_dag_decorator.py took 0.152 seconds
[2024-12-26T04:17:52.739+0200] {processor.py:186} INFO - Started process (PID=194034) to work on /mnt/e/Assignments/Airflow/airflow/airflow_env/lib/python3.12/site-packages/airflow/example_dags/example_dag_decorator.py
[2024-12-26T04:17:52.741+0200] {processor.py:914} INFO - Processing file /mnt/e/Assignments/Airflow/airflow/airflow_env/lib/python3.12/site-packages/airflow/example_dags/example_dag_decorator.py for tasks to queue
[2024-12-26T04:17:52.745+0200] {logging_mixin.py:190} INFO - [2024-12-26T04:17:52.743+0200] {dagbag.py:588} INFO - Filling up the DagBag from /mnt/e/Assignments/Airflow/airflow/airflow_env/lib/python3.12/site-packages/airflow/example_dags/example_dag_decorator.py
[2024-12-26T04:17:52.829+0200] {processor.py:925} INFO - DAG(s) 'example_dag_decorator' retrieved from /mnt/e/Assignments/Airflow/airflow/airflow_env/lib/python3.12/site-packages/airflow/example_dags/example_dag_decorator.py
[2024-12-26T04:17:54.661+0200] {logging_mixin.py:190} INFO - [2024-12-26T04:17:54.660+0200] {dag.py:3239} INFO - Sync 1 DAGs
[2024-12-26T04:17:54.671+0200] {logging_mixin.py:190} INFO - [2024-12-26T04:17:54.670+0200] {dag.py:4180} INFO - Setting next_dagrun for example_dag_decorator to None, run_after=None
[2024-12-26T04:17:54.737+0200] {processor.py:208} INFO - Processing /mnt/e/Assignments/Airflow/airflow/airflow_env/lib/python3.12/site-packages/airflow/example_dags/example_dag_decorator.py took 2.011 seconds
[2024-12-26T04:20:09.754+0200] {processor.py:186} INFO - Started process (PID=194120) to work on /mnt/e/Assignments/Airflow/airflow/airflow_env/lib/python3.12/site-packages/airflow/example_dags/example_dag_decorator.py
[2024-12-26T04:20:09.758+0200] {processor.py:914} INFO - Processing file /mnt/e/Assignments/Airflow/airflow/airflow_env/lib/python3.12/site-packages/airflow/example_dags/example_dag_decorator.py for tasks to queue
[2024-12-26T04:20:09.767+0200] {logging_mixin.py:190} INFO - [2024-12-26T04:20:09.763+0200] {dagbag.py:588} INFO - Filling up the DagBag from /mnt/e/Assignments/Airflow/airflow/airflow_env/lib/python3.12/site-packages/airflow/example_dags/example_dag_decorator.py
[2024-12-26T04:20:09.868+0200] {processor.py:925} INFO - DAG(s) 'example_dag_decorator' retrieved from /mnt/e/Assignments/Airflow/airflow/airflow_env/lib/python3.12/site-packages/airflow/example_dags/example_dag_decorator.py
[2024-12-26T04:20:11.028+0200] {logging_mixin.py:190} INFO - [2024-12-26T04:20:11.027+0200] {dag.py:3239} INFO - Sync 1 DAGs
[2024-12-26T04:20:11.038+0200] {logging_mixin.py:190} INFO - [2024-12-26T04:20:11.037+0200] {dag.py:4180} INFO - Setting next_dagrun for example_dag_decorator to None, run_after=None
[2024-12-26T04:20:11.088+0200] {processor.py:208} INFO - Processing /mnt/e/Assignments/Airflow/airflow/airflow_env/lib/python3.12/site-packages/airflow/example_dags/example_dag_decorator.py took 1.366 seconds
[2024-12-26T04:22:29.358+0200] {processor.py:186} INFO - Started process (PID=194204) to work on /mnt/e/Assignments/Airflow/airflow/airflow_env/lib/python3.12/site-packages/airflow/example_dags/example_dag_decorator.py
[2024-12-26T04:22:29.362+0200] {processor.py:914} INFO - Processing file /mnt/e/Assignments/Airflow/airflow/airflow_env/lib/python3.12/site-packages/airflow/example_dags/example_dag_decorator.py for tasks to queue
[2024-12-26T04:22:29.367+0200] {logging_mixin.py:190} INFO - [2024-12-26T04:22:29.365+0200] {dagbag.py:588} INFO - Filling up the DagBag from /mnt/e/Assignments/Airflow/airflow/airflow_env/lib/python3.12/site-packages/airflow/example_dags/example_dag_decorator.py
[2024-12-26T04:22:29.435+0200] {processor.py:925} INFO - DAG(s) 'example_dag_decorator' retrieved from /mnt/e/Assignments/Airflow/airflow/airflow_env/lib/python3.12/site-packages/airflow/example_dags/example_dag_decorator.py
[2024-12-26T04:22:30.682+0200] {logging_mixin.py:190} INFO - [2024-12-26T04:22:30.681+0200] {dag.py:3239} INFO - Sync 1 DAGs
[2024-12-26T04:22:30.692+0200] {logging_mixin.py:190} INFO - [2024-12-26T04:22:30.691+0200] {dag.py:4180} INFO - Setting next_dagrun for example_dag_decorator to None, run_after=None
[2024-12-26T04:22:30.745+0200] {processor.py:208} INFO - Processing /mnt/e/Assignments/Airflow/airflow/airflow_env/lib/python3.12/site-packages/airflow/example_dags/example_dag_decorator.py took 1.410 seconds
[2024-12-26T04:24:51.863+0200] {processor.py:186} INFO - Started process (PID=194287) to work on /mnt/e/Assignments/Airflow/airflow/airflow_env/lib/python3.12/site-packages/airflow/example_dags/example_dag_decorator.py
[2024-12-26T04:24:51.864+0200] {processor.py:914} INFO - Processing file /mnt/e/Assignments/Airflow/airflow/airflow_env/lib/python3.12/site-packages/airflow/example_dags/example_dag_decorator.py for tasks to queue
[2024-12-26T04:24:51.866+0200] {logging_mixin.py:190} INFO - [2024-12-26T04:24:51.866+0200] {dagbag.py:588} INFO - Filling up the DagBag from /mnt/e/Assignments/Airflow/airflow/airflow_env/lib/python3.12/site-packages/airflow/example_dags/example_dag_decorator.py
[2024-12-26T04:24:51.927+0200] {processor.py:925} INFO - DAG(s) 'example_dag_decorator' retrieved from /mnt/e/Assignments/Airflow/airflow/airflow_env/lib/python3.12/site-packages/airflow/example_dags/example_dag_decorator.py
[2024-12-26T04:24:53.058+0200] {logging_mixin.py:190} INFO - [2024-12-26T04:24:53.057+0200] {dag.py:3239} INFO - Sync 1 DAGs
[2024-12-26T04:24:53.068+0200] {logging_mixin.py:190} INFO - [2024-12-26T04:24:53.068+0200] {dag.py:4180} INFO - Setting next_dagrun for example_dag_decorator to None, run_after=None
[2024-12-26T04:24:53.121+0200] {processor.py:208} INFO - Processing /mnt/e/Assignments/Airflow/airflow/airflow_env/lib/python3.12/site-packages/airflow/example_dags/example_dag_decorator.py took 1.268 seconds
[2024-12-26T04:27:01.366+0200] {processor.py:186} INFO - Started process (PID=194368) to work on /mnt/e/Assignments/Airflow/airflow/airflow_env/lib/python3.12/site-packages/airflow/example_dags/example_dag_decorator.py
[2024-12-26T04:27:01.368+0200] {processor.py:914} INFO - Processing file /mnt/e/Assignments/Airflow/airflow/airflow_env/lib/python3.12/site-packages/airflow/example_dags/example_dag_decorator.py for tasks to queue
[2024-12-26T04:27:01.372+0200] {logging_mixin.py:190} INFO - [2024-12-26T04:27:01.370+0200] {dagbag.py:588} INFO - Filling up the DagBag from /mnt/e/Assignments/Airflow/airflow/airflow_env/lib/python3.12/site-packages/airflow/example_dags/example_dag_decorator.py
[2024-12-26T04:27:01.442+0200] {processor.py:925} INFO - DAG(s) 'example_dag_decorator' retrieved from /mnt/e/Assignments/Airflow/airflow/airflow_env/lib/python3.12/site-packages/airflow/example_dags/example_dag_decorator.py
[2024-12-26T04:27:02.623+0200] {logging_mixin.py:190} INFO - [2024-12-26T04:27:02.622+0200] {dag.py:3239} INFO - Sync 1 DAGs
[2024-12-26T04:27:02.634+0200] {logging_mixin.py:190} INFO - [2024-12-26T04:27:02.633+0200] {dag.py:4180} INFO - Setting next_dagrun for example_dag_decorator to None, run_after=None
[2024-12-26T04:27:02.689+0200] {processor.py:208} INFO - Processing /mnt/e/Assignments/Airflow/airflow/airflow_env/lib/python3.12/site-packages/airflow/example_dags/example_dag_decorator.py took 1.339 seconds
[2024-12-26T04:29:23.294+0200] {processor.py:186} INFO - Started process (PID=194454) to work on /mnt/e/Assignments/Airflow/airflow/airflow_env/lib/python3.12/site-packages/airflow/example_dags/example_dag_decorator.py
[2024-12-26T04:29:23.296+0200] {processor.py:914} INFO - Processing file /mnt/e/Assignments/Airflow/airflow/airflow_env/lib/python3.12/site-packages/airflow/example_dags/example_dag_decorator.py for tasks to queue
[2024-12-26T04:29:23.300+0200] {logging_mixin.py:190} INFO - [2024-12-26T04:29:23.298+0200] {dagbag.py:588} INFO - Filling up the DagBag from /mnt/e/Assignments/Airflow/airflow/airflow_env/lib/python3.12/site-packages/airflow/example_dags/example_dag_decorator.py
[2024-12-26T04:29:23.385+0200] {processor.py:925} INFO - DAG(s) 'example_dag_decorator' retrieved from /mnt/e/Assignments/Airflow/airflow/airflow_env/lib/python3.12/site-packages/airflow/example_dags/example_dag_decorator.py
[2024-12-26T04:29:23.414+0200] {logging_mixin.py:190} INFO - [2024-12-26T04:29:23.413+0200] {dag.py:3239} INFO - Sync 1 DAGs
[2024-12-26T04:29:23.426+0200] {logging_mixin.py:190} INFO - [2024-12-26T04:29:23.425+0200] {dag.py:4180} INFO - Setting next_dagrun for example_dag_decorator to None, run_after=None
[2024-12-26T04:29:23.480+0200] {processor.py:208} INFO - Processing /mnt/e/Assignments/Airflow/airflow/airflow_env/lib/python3.12/site-packages/airflow/example_dags/example_dag_decorator.py took 0.203 seconds
[2024-12-26T04:31:36.539+0200] {processor.py:186} INFO - Started process (PID=194534) to work on /mnt/e/Assignments/Airflow/airflow/airflow_env/lib/python3.12/site-packages/airflow/example_dags/example_dag_decorator.py
[2024-12-26T04:31:36.541+0200] {processor.py:914} INFO - Processing file /mnt/e/Assignments/Airflow/airflow/airflow_env/lib/python3.12/site-packages/airflow/example_dags/example_dag_decorator.py for tasks to queue
[2024-12-26T04:31:36.543+0200] {logging_mixin.py:190} INFO - [2024-12-26T04:31:36.542+0200] {dagbag.py:588} INFO - Filling up the DagBag from /mnt/e/Assignments/Airflow/airflow/airflow_env/lib/python3.12/site-packages/airflow/example_dags/example_dag_decorator.py
[2024-12-26T04:31:36.608+0200] {processor.py:925} INFO - DAG(s) 'example_dag_decorator' retrieved from /mnt/e/Assignments/Airflow/airflow/airflow_env/lib/python3.12/site-packages/airflow/example_dags/example_dag_decorator.py
[2024-12-26T04:31:37.822+0200] {logging_mixin.py:190} INFO - [2024-12-26T04:31:37.820+0200] {dag.py:3239} INFO - Sync 1 DAGs
[2024-12-26T04:31:37.831+0200] {logging_mixin.py:190} INFO - [2024-12-26T04:31:37.830+0200] {dag.py:4180} INFO - Setting next_dagrun for example_dag_decorator to None, run_after=None
[2024-12-26T04:31:37.886+0200] {processor.py:208} INFO - Processing /mnt/e/Assignments/Airflow/airflow/airflow_env/lib/python3.12/site-packages/airflow/example_dags/example_dag_decorator.py took 1.361 seconds
[2024-12-26T04:33:37.935+0200] {processor.py:186} INFO - Started process (PID=194616) to work on /mnt/e/Assignments/Airflow/airflow/airflow_env/lib/python3.12/site-packages/airflow/example_dags/example_dag_decorator.py
[2024-12-26T04:33:37.938+0200] {processor.py:914} INFO - Processing file /mnt/e/Assignments/Airflow/airflow/airflow_env/lib/python3.12/site-packages/airflow/example_dags/example_dag_decorator.py for tasks to queue
[2024-12-26T04:33:37.945+0200] {logging_mixin.py:190} INFO - [2024-12-26T04:33:37.942+0200] {dagbag.py:588} INFO - Filling up the DagBag from /mnt/e/Assignments/Airflow/airflow/airflow_env/lib/python3.12/site-packages/airflow/example_dags/example_dag_decorator.py
[2024-12-26T04:33:38.188+0200] {processor.py:925} INFO - DAG(s) 'example_dag_decorator' retrieved from /mnt/e/Assignments/Airflow/airflow/airflow_env/lib/python3.12/site-packages/airflow/example_dags/example_dag_decorator.py
[2024-12-26T04:33:39.252+0200] {logging_mixin.py:190} INFO - [2024-12-26T04:33:39.251+0200] {dag.py:3239} INFO - Sync 1 DAGs
[2024-12-26T04:33:39.261+0200] {logging_mixin.py:190} INFO - [2024-12-26T04:33:39.260+0200] {dag.py:4180} INFO - Setting next_dagrun for example_dag_decorator to None, run_after=None
[2024-12-26T04:33:39.301+0200] {processor.py:208} INFO - Processing /mnt/e/Assignments/Airflow/airflow/airflow_env/lib/python3.12/site-packages/airflow/example_dags/example_dag_decorator.py took 1.384 seconds
