[2024-12-26T02:07:35.389+0200] {processor.py:186} INFO - Started process (PID=188619) to work on /mnt/e/Assignments/Airflow/airflow/airflow_env/lib/python3.12/site-packages/airflow/example_dags/example_kubernetes_executor.py
[2024-12-26T02:07:35.392+0200] {processor.py:914} INFO - Processing file /mnt/e/Assignments/Airflow/airflow/airflow_env/lib/python3.12/site-packages/airflow/example_dags/example_kubernetes_executor.py for tasks to queue
[2024-12-26T02:07:35.394+0200] {logging_mixin.py:190} INFO - [2024-12-26T02:07:35.393+0200] {dagbag.py:588} INFO - Filling up the DagBag from /mnt/e/Assignments/Airflow/airflow/airflow_env/lib/python3.12/site-packages/airflow/example_dags/example_kubernetes_executor.py
[2024-12-26T02:07:35.467+0200] {logging_mixin.py:190} INFO - [2024-12-26T02:07:35.466+0200] {example_kubernetes_executor.py:39} WARNING - The example_kubernetes_executor example DAG requires the kubernetes provider. Please install it with: pip install apache-airflow[cncf.kubernetes]
[2024-12-26T02:07:35.469+0200] {processor.py:927} WARNING - No viable dags retrieved from /mnt/e/Assignments/Airflow/airflow/airflow_env/lib/python3.12/site-packages/airflow/example_dags/example_kubernetes_executor.py
[2024-12-26T02:07:35.498+0200] {processor.py:208} INFO - Processing /mnt/e/Assignments/Airflow/airflow/airflow_env/lib/python3.12/site-packages/airflow/example_dags/example_kubernetes_executor.py took 0.120 seconds
[2024-12-26T02:09:42.984+0200] {processor.py:186} INFO - Started process (PID=188702) to work on /mnt/e/Assignments/Airflow/airflow/airflow_env/lib/python3.12/site-packages/airflow/example_dags/example_kubernetes_executor.py
[2024-12-26T02:09:42.987+0200] {processor.py:914} INFO - Processing file /mnt/e/Assignments/Airflow/airflow/airflow_env/lib/python3.12/site-packages/airflow/example_dags/example_kubernetes_executor.py for tasks to queue
[2024-12-26T02:09:42.993+0200] {logging_mixin.py:190} INFO - [2024-12-26T02:09:42.990+0200] {dagbag.py:588} INFO - Filling up the DagBag from /mnt/e/Assignments/Airflow/airflow/airflow_env/lib/python3.12/site-packages/airflow/example_dags/example_kubernetes_executor.py
[2024-12-26T02:09:43.042+0200] {logging_mixin.py:190} INFO - [2024-12-26T02:09:43.040+0200] {example_kubernetes_executor.py:39} WARNING - The example_kubernetes_executor example DAG requires the kubernetes provider. Please install it with: pip install apache-airflow[cncf.kubernetes]
[2024-12-26T02:09:43.045+0200] {processor.py:927} WARNING - No viable dags retrieved from /mnt/e/Assignments/Airflow/airflow/airflow_env/lib/python3.12/site-packages/airflow/example_dags/example_kubernetes_executor.py
[2024-12-26T02:09:43.075+0200] {processor.py:208} INFO - Processing /mnt/e/Assignments/Airflow/airflow/airflow_env/lib/python3.12/site-packages/airflow/example_dags/example_kubernetes_executor.py took 0.114 seconds
[2024-12-26T02:11:18.724+0200] {processor.py:186} INFO - Started process (PID=188763) to work on /mnt/e/Assignments/Airflow/airflow/airflow_env/lib/python3.12/site-packages/airflow/example_dags/example_kubernetes_executor.py
[2024-12-26T02:11:18.727+0200] {processor.py:914} INFO - Processing file /mnt/e/Assignments/Airflow/airflow/airflow_env/lib/python3.12/site-packages/airflow/example_dags/example_kubernetes_executor.py for tasks to queue
[2024-12-26T02:11:18.733+0200] {logging_mixin.py:190} INFO - [2024-12-26T02:11:18.730+0200] {dagbag.py:588} INFO - Filling up the DagBag from /mnt/e/Assignments/Airflow/airflow/airflow_env/lib/python3.12/site-packages/airflow/example_dags/example_kubernetes_executor.py
[2024-12-26T02:11:18.778+0200] {logging_mixin.py:190} INFO - [2024-12-26T02:11:18.776+0200] {example_kubernetes_executor.py:39} WARNING - The example_kubernetes_executor example DAG requires the kubernetes provider. Please install it with: pip install apache-airflow[cncf.kubernetes]
[2024-12-26T02:11:18.780+0200] {processor.py:927} WARNING - No viable dags retrieved from /mnt/e/Assignments/Airflow/airflow/airflow_env/lib/python3.12/site-packages/airflow/example_dags/example_kubernetes_executor.py
[2024-12-26T02:11:18.814+0200] {processor.py:208} INFO - Processing /mnt/e/Assignments/Airflow/airflow/airflow_env/lib/python3.12/site-packages/airflow/example_dags/example_kubernetes_executor.py took 0.111 seconds
[2024-12-26T02:13:32.716+0200] {processor.py:186} INFO - Started process (PID=188859) to work on /mnt/e/Assignments/Airflow/airflow/airflow_env/lib/python3.12/site-packages/airflow/example_dags/example_kubernetes_executor.py
[2024-12-26T02:13:32.719+0200] {processor.py:914} INFO - Processing file /mnt/e/Assignments/Airflow/airflow/airflow_env/lib/python3.12/site-packages/airflow/example_dags/example_kubernetes_executor.py for tasks to queue
[2024-12-26T02:13:32.723+0200] {logging_mixin.py:190} INFO - [2024-12-26T02:13:32.721+0200] {dagbag.py:588} INFO - Filling up the DagBag from /mnt/e/Assignments/Airflow/airflow/airflow_env/lib/python3.12/site-packages/airflow/example_dags/example_kubernetes_executor.py
[2024-12-26T02:13:32.749+0200] {logging_mixin.py:190} INFO - [2024-12-26T02:13:32.748+0200] {example_kubernetes_executor.py:39} WARNING - The example_kubernetes_executor example DAG requires the kubernetes provider. Please install it with: pip install apache-airflow[cncf.kubernetes]
[2024-12-26T02:13:32.750+0200] {processor.py:927} WARNING - No viable dags retrieved from /mnt/e/Assignments/Airflow/airflow/airflow_env/lib/python3.12/site-packages/airflow/example_dags/example_kubernetes_executor.py
[2024-12-26T02:13:32.768+0200] {processor.py:208} INFO - Processing /mnt/e/Assignments/Airflow/airflow/airflow_env/lib/python3.12/site-packages/airflow/example_dags/example_kubernetes_executor.py took 0.070 seconds
[2024-12-26T02:15:41.358+0200] {processor.py:186} INFO - Started process (PID=188945) to work on /mnt/e/Assignments/Airflow/airflow/airflow_env/lib/python3.12/site-packages/airflow/example_dags/example_kubernetes_executor.py
[2024-12-26T02:15:41.362+0200] {processor.py:914} INFO - Processing file /mnt/e/Assignments/Airflow/airflow/airflow_env/lib/python3.12/site-packages/airflow/example_dags/example_kubernetes_executor.py for tasks to queue
[2024-12-26T02:15:41.368+0200] {logging_mixin.py:190} INFO - [2024-12-26T02:15:41.365+0200] {dagbag.py:588} INFO - Filling up the DagBag from /mnt/e/Assignments/Airflow/airflow/airflow_env/lib/python3.12/site-packages/airflow/example_dags/example_kubernetes_executor.py
[2024-12-26T02:15:41.438+0200] {logging_mixin.py:190} INFO - [2024-12-26T02:15:41.435+0200] {example_kubernetes_executor.py:39} WARNING - The example_kubernetes_executor example DAG requires the kubernetes provider. Please install it with: pip install apache-airflow[cncf.kubernetes]
[2024-12-26T02:15:41.441+0200] {processor.py:927} WARNING - No viable dags retrieved from /mnt/e/Assignments/Airflow/airflow/airflow_env/lib/python3.12/site-packages/airflow/example_dags/example_kubernetes_executor.py
[2024-12-26T02:15:41.485+0200] {processor.py:208} INFO - Processing /mnt/e/Assignments/Airflow/airflow/airflow_env/lib/python3.12/site-packages/airflow/example_dags/example_kubernetes_executor.py took 0.152 seconds
[2024-12-26T02:17:43.023+0200] {processor.py:186} INFO - Started process (PID=189039) to work on /mnt/e/Assignments/Airflow/airflow/airflow_env/lib/python3.12/site-packages/airflow/example_dags/example_kubernetes_executor.py
[2024-12-26T02:17:43.026+0200] {processor.py:914} INFO - Processing file /mnt/e/Assignments/Airflow/airflow/airflow_env/lib/python3.12/site-packages/airflow/example_dags/example_kubernetes_executor.py for tasks to queue
[2024-12-26T02:17:43.030+0200] {logging_mixin.py:190} INFO - [2024-12-26T02:17:43.029+0200] {dagbag.py:588} INFO - Filling up the DagBag from /mnt/e/Assignments/Airflow/airflow/airflow_env/lib/python3.12/site-packages/airflow/example_dags/example_kubernetes_executor.py
[2024-12-26T02:17:43.065+0200] {logging_mixin.py:190} INFO - [2024-12-26T02:17:43.064+0200] {example_kubernetes_executor.py:39} WARNING - The example_kubernetes_executor example DAG requires the kubernetes provider. Please install it with: pip install apache-airflow[cncf.kubernetes]
[2024-12-26T02:17:43.067+0200] {processor.py:927} WARNING - No viable dags retrieved from /mnt/e/Assignments/Airflow/airflow/airflow_env/lib/python3.12/site-packages/airflow/example_dags/example_kubernetes_executor.py
[2024-12-26T02:17:43.095+0200] {processor.py:208} INFO - Processing /mnt/e/Assignments/Airflow/airflow/airflow_env/lib/python3.12/site-packages/airflow/example_dags/example_kubernetes_executor.py took 0.092 seconds
[2024-12-26T02:19:51.770+0200] {processor.py:186} INFO - Started process (PID=189128) to work on /mnt/e/Assignments/Airflow/airflow/airflow_env/lib/python3.12/site-packages/airflow/example_dags/example_kubernetes_executor.py
[2024-12-26T02:19:51.773+0200] {processor.py:914} INFO - Processing file /mnt/e/Assignments/Airflow/airflow/airflow_env/lib/python3.12/site-packages/airflow/example_dags/example_kubernetes_executor.py for tasks to queue
[2024-12-26T02:19:51.780+0200] {logging_mixin.py:190} INFO - [2024-12-26T02:19:51.778+0200] {dagbag.py:588} INFO - Filling up the DagBag from /mnt/e/Assignments/Airflow/airflow/airflow_env/lib/python3.12/site-packages/airflow/example_dags/example_kubernetes_executor.py
[2024-12-26T02:19:51.840+0200] {logging_mixin.py:190} INFO - [2024-12-26T02:19:51.836+0200] {example_kubernetes_executor.py:39} WARNING - The example_kubernetes_executor example DAG requires the kubernetes provider. Please install it with: pip install apache-airflow[cncf.kubernetes]
[2024-12-26T02:19:51.843+0200] {processor.py:927} WARNING - No viable dags retrieved from /mnt/e/Assignments/Airflow/airflow/airflow_env/lib/python3.12/site-packages/airflow/example_dags/example_kubernetes_executor.py
[2024-12-26T02:19:51.885+0200] {processor.py:208} INFO - Processing /mnt/e/Assignments/Airflow/airflow/airflow_env/lib/python3.12/site-packages/airflow/example_dags/example_kubernetes_executor.py took 0.139 seconds
[2024-12-26T02:22:08.925+0200] {processor.py:186} INFO - Started process (PID=189231) to work on /mnt/e/Assignments/Airflow/airflow/airflow_env/lib/python3.12/site-packages/airflow/example_dags/example_kubernetes_executor.py
[2024-12-26T02:22:08.929+0200] {processor.py:914} INFO - Processing file /mnt/e/Assignments/Airflow/airflow/airflow_env/lib/python3.12/site-packages/airflow/example_dags/example_kubernetes_executor.py for tasks to queue
[2024-12-26T02:22:08.932+0200] {logging_mixin.py:190} INFO - [2024-12-26T02:22:08.931+0200] {dagbag.py:588} INFO - Filling up the DagBag from /mnt/e/Assignments/Airflow/airflow/airflow_env/lib/python3.12/site-packages/airflow/example_dags/example_kubernetes_executor.py
[2024-12-26T02:22:08.969+0200] {logging_mixin.py:190} INFO - [2024-12-26T02:22:08.967+0200] {example_kubernetes_executor.py:39} WARNING - The example_kubernetes_executor example DAG requires the kubernetes provider. Please install it with: pip install apache-airflow[cncf.kubernetes]
[2024-12-26T02:22:08.970+0200] {processor.py:927} WARNING - No viable dags retrieved from /mnt/e/Assignments/Airflow/airflow/airflow_env/lib/python3.12/site-packages/airflow/example_dags/example_kubernetes_executor.py
[2024-12-26T02:22:08.996+0200] {processor.py:208} INFO - Processing /mnt/e/Assignments/Airflow/airflow/airflow_env/lib/python3.12/site-packages/airflow/example_dags/example_kubernetes_executor.py took 0.086 seconds
[2024-12-26T02:24:15.125+0200] {processor.py:186} INFO - Started process (PID=189339) to work on /mnt/e/Assignments/Airflow/airflow/airflow_env/lib/python3.12/site-packages/airflow/example_dags/example_kubernetes_executor.py
[2024-12-26T02:24:15.127+0200] {processor.py:914} INFO - Processing file /mnt/e/Assignments/Airflow/airflow/airflow_env/lib/python3.12/site-packages/airflow/example_dags/example_kubernetes_executor.py for tasks to queue
[2024-12-26T02:24:15.132+0200] {logging_mixin.py:190} INFO - [2024-12-26T02:24:15.130+0200] {dagbag.py:588} INFO - Filling up the DagBag from /mnt/e/Assignments/Airflow/airflow/airflow_env/lib/python3.12/site-packages/airflow/example_dags/example_kubernetes_executor.py
[2024-12-26T02:24:15.165+0200] {logging_mixin.py:190} INFO - [2024-12-26T02:24:15.164+0200] {example_kubernetes_executor.py:39} WARNING - The example_kubernetes_executor example DAG requires the kubernetes provider. Please install it with: pip install apache-airflow[cncf.kubernetes]
[2024-12-26T02:24:15.167+0200] {processor.py:927} WARNING - No viable dags retrieved from /mnt/e/Assignments/Airflow/airflow/airflow_env/lib/python3.12/site-packages/airflow/example_dags/example_kubernetes_executor.py
[2024-12-26T02:24:15.201+0200] {processor.py:208} INFO - Processing /mnt/e/Assignments/Airflow/airflow/airflow_env/lib/python3.12/site-packages/airflow/example_dags/example_kubernetes_executor.py took 0.092 seconds
[2024-12-26T02:26:26.637+0200] {processor.py:186} INFO - Started process (PID=189484) to work on /mnt/e/Assignments/Airflow/airflow/airflow_env/lib/python3.12/site-packages/airflow/example_dags/example_kubernetes_executor.py
[2024-12-26T02:26:26.641+0200] {processor.py:914} INFO - Processing file /mnt/e/Assignments/Airflow/airflow/airflow_env/lib/python3.12/site-packages/airflow/example_dags/example_kubernetes_executor.py for tasks to queue
[2024-12-26T02:26:26.649+0200] {logging_mixin.py:190} INFO - [2024-12-26T02:26:26.646+0200] {dagbag.py:588} INFO - Filling up the DagBag from /mnt/e/Assignments/Airflow/airflow/airflow_env/lib/python3.12/site-packages/airflow/example_dags/example_kubernetes_executor.py
[2024-12-26T02:26:26.729+0200] {logging_mixin.py:190} INFO - [2024-12-26T02:26:26.726+0200] {example_kubernetes_executor.py:39} WARNING - The example_kubernetes_executor example DAG requires the kubernetes provider. Please install it with: pip install apache-airflow[cncf.kubernetes]
[2024-12-26T02:26:26.733+0200] {processor.py:927} WARNING - No viable dags retrieved from /mnt/e/Assignments/Airflow/airflow/airflow_env/lib/python3.12/site-packages/airflow/example_dags/example_kubernetes_executor.py
[2024-12-26T02:26:26.792+0200] {processor.py:208} INFO - Processing /mnt/e/Assignments/Airflow/airflow/airflow_env/lib/python3.12/site-packages/airflow/example_dags/example_kubernetes_executor.py took 0.184 seconds
[2024-12-26T02:28:30.952+0200] {processor.py:186} INFO - Started process (PID=189616) to work on /mnt/e/Assignments/Airflow/airflow/airflow_env/lib/python3.12/site-packages/airflow/example_dags/example_kubernetes_executor.py
[2024-12-26T02:28:30.957+0200] {processor.py:914} INFO - Processing file /mnt/e/Assignments/Airflow/airflow/airflow_env/lib/python3.12/site-packages/airflow/example_dags/example_kubernetes_executor.py for tasks to queue
[2024-12-26T02:28:30.964+0200] {logging_mixin.py:190} INFO - [2024-12-26T02:28:30.962+0200] {dagbag.py:588} INFO - Filling up the DagBag from /mnt/e/Assignments/Airflow/airflow/airflow_env/lib/python3.12/site-packages/airflow/example_dags/example_kubernetes_executor.py
[2024-12-26T02:28:31.038+0200] {logging_mixin.py:190} INFO - [2024-12-26T02:28:31.037+0200] {example_kubernetes_executor.py:39} WARNING - The example_kubernetes_executor example DAG requires the kubernetes provider. Please install it with: pip install apache-airflow[cncf.kubernetes]
[2024-12-26T02:28:31.040+0200] {processor.py:927} WARNING - No viable dags retrieved from /mnt/e/Assignments/Airflow/airflow/airflow_env/lib/python3.12/site-packages/airflow/example_dags/example_kubernetes_executor.py
[2024-12-26T02:28:31.074+0200] {processor.py:208} INFO - Processing /mnt/e/Assignments/Airflow/airflow/airflow_env/lib/python3.12/site-packages/airflow/example_dags/example_kubernetes_executor.py took 0.149 seconds
[2024-12-26T02:30:45.901+0200] {processor.py:186} INFO - Started process (PID=189723) to work on /mnt/e/Assignments/Airflow/airflow/airflow_env/lib/python3.12/site-packages/airflow/example_dags/example_kubernetes_executor.py
[2024-12-26T02:30:45.904+0200] {processor.py:914} INFO - Processing file /mnt/e/Assignments/Airflow/airflow/airflow_env/lib/python3.12/site-packages/airflow/example_dags/example_kubernetes_executor.py for tasks to queue
[2024-12-26T02:30:45.907+0200] {logging_mixin.py:190} INFO - [2024-12-26T02:30:45.906+0200] {dagbag.py:588} INFO - Filling up the DagBag from /mnt/e/Assignments/Airflow/airflow/airflow_env/lib/python3.12/site-packages/airflow/example_dags/example_kubernetes_executor.py
[2024-12-26T02:30:45.932+0200] {logging_mixin.py:190} INFO - [2024-12-26T02:30:45.932+0200] {example_kubernetes_executor.py:39} WARNING - The example_kubernetes_executor example DAG requires the kubernetes provider. Please install it with: pip install apache-airflow[cncf.kubernetes]
[2024-12-26T02:30:45.934+0200] {processor.py:927} WARNING - No viable dags retrieved from /mnt/e/Assignments/Airflow/airflow/airflow_env/lib/python3.12/site-packages/airflow/example_dags/example_kubernetes_executor.py
[2024-12-26T02:30:45.954+0200] {processor.py:208} INFO - Processing /mnt/e/Assignments/Airflow/airflow/airflow_env/lib/python3.12/site-packages/airflow/example_dags/example_kubernetes_executor.py took 0.070 seconds
[2024-12-26T02:33:01.947+0200] {processor.py:186} INFO - Started process (PID=189835) to work on /mnt/e/Assignments/Airflow/airflow/airflow_env/lib/python3.12/site-packages/airflow/example_dags/example_kubernetes_executor.py
[2024-12-26T02:33:01.949+0200] {processor.py:914} INFO - Processing file /mnt/e/Assignments/Airflow/airflow/airflow_env/lib/python3.12/site-packages/airflow/example_dags/example_kubernetes_executor.py for tasks to queue
[2024-12-26T02:33:01.953+0200] {logging_mixin.py:190} INFO - [2024-12-26T02:33:01.951+0200] {dagbag.py:588} INFO - Filling up the DagBag from /mnt/e/Assignments/Airflow/airflow/airflow_env/lib/python3.12/site-packages/airflow/example_dags/example_kubernetes_executor.py
[2024-12-26T02:33:01.990+0200] {logging_mixin.py:190} INFO - [2024-12-26T02:33:01.988+0200] {example_kubernetes_executor.py:39} WARNING - The example_kubernetes_executor example DAG requires the kubernetes provider. Please install it with: pip install apache-airflow[cncf.kubernetes]
[2024-12-26T02:33:01.991+0200] {processor.py:927} WARNING - No viable dags retrieved from /mnt/e/Assignments/Airflow/airflow/airflow_env/lib/python3.12/site-packages/airflow/example_dags/example_kubernetes_executor.py
[2024-12-26T02:33:02.055+0200] {processor.py:208} INFO - Processing /mnt/e/Assignments/Airflow/airflow/airflow_env/lib/python3.12/site-packages/airflow/example_dags/example_kubernetes_executor.py took 0.127 seconds
[2024-12-26T02:35:26.520+0200] {processor.py:186} INFO - Started process (PID=189938) to work on /mnt/e/Assignments/Airflow/airflow/airflow_env/lib/python3.12/site-packages/airflow/example_dags/example_kubernetes_executor.py
[2024-12-26T02:35:26.526+0200] {processor.py:914} INFO - Processing file /mnt/e/Assignments/Airflow/airflow/airflow_env/lib/python3.12/site-packages/airflow/example_dags/example_kubernetes_executor.py for tasks to queue
[2024-12-26T02:35:26.531+0200] {logging_mixin.py:190} INFO - [2024-12-26T02:35:26.529+0200] {dagbag.py:588} INFO - Filling up the DagBag from /mnt/e/Assignments/Airflow/airflow/airflow_env/lib/python3.12/site-packages/airflow/example_dags/example_kubernetes_executor.py
[2024-12-26T02:35:26.594+0200] {logging_mixin.py:190} INFO - [2024-12-26T02:35:26.591+0200] {example_kubernetes_executor.py:39} WARNING - The example_kubernetes_executor example DAG requires the kubernetes provider. Please install it with: pip install apache-airflow[cncf.kubernetes]
[2024-12-26T02:35:26.597+0200] {processor.py:927} WARNING - No viable dags retrieved from /mnt/e/Assignments/Airflow/airflow/airflow_env/lib/python3.12/site-packages/airflow/example_dags/example_kubernetes_executor.py
[2024-12-26T02:35:26.642+0200] {processor.py:208} INFO - Processing /mnt/e/Assignments/Airflow/airflow/airflow_env/lib/python3.12/site-packages/airflow/example_dags/example_kubernetes_executor.py took 0.149 seconds
[2024-12-26T02:37:41.375+0200] {processor.py:186} INFO - Started process (PID=190027) to work on /mnt/e/Assignments/Airflow/airflow/airflow_env/lib/python3.12/site-packages/airflow/example_dags/example_kubernetes_executor.py
[2024-12-26T02:37:41.378+0200] {processor.py:914} INFO - Processing file /mnt/e/Assignments/Airflow/airflow/airflow_env/lib/python3.12/site-packages/airflow/example_dags/example_kubernetes_executor.py for tasks to queue
[2024-12-26T02:37:41.382+0200] {logging_mixin.py:190} INFO - [2024-12-26T02:37:41.380+0200] {dagbag.py:588} INFO - Filling up the DagBag from /mnt/e/Assignments/Airflow/airflow/airflow_env/lib/python3.12/site-packages/airflow/example_dags/example_kubernetes_executor.py
[2024-12-26T02:37:41.426+0200] {logging_mixin.py:190} INFO - [2024-12-26T02:37:41.423+0200] {example_kubernetes_executor.py:39} WARNING - The example_kubernetes_executor example DAG requires the kubernetes provider. Please install it with: pip install apache-airflow[cncf.kubernetes]
[2024-12-26T02:37:41.427+0200] {processor.py:927} WARNING - No viable dags retrieved from /mnt/e/Assignments/Airflow/airflow/airflow_env/lib/python3.12/site-packages/airflow/example_dags/example_kubernetes_executor.py
[2024-12-26T02:37:41.450+0200] {processor.py:208} INFO - Processing /mnt/e/Assignments/Airflow/airflow/airflow_env/lib/python3.12/site-packages/airflow/example_dags/example_kubernetes_executor.py took 0.092 seconds
[2024-12-26T02:41:28.748+0200] {processor.py:186} INFO - Started process (PID=190150) to work on /mnt/e/Assignments/Airflow/airflow/airflow_env/lib/python3.12/site-packages/airflow/example_dags/example_kubernetes_executor.py
[2024-12-26T02:41:28.751+0200] {processor.py:914} INFO - Processing file /mnt/e/Assignments/Airflow/airflow/airflow_env/lib/python3.12/site-packages/airflow/example_dags/example_kubernetes_executor.py for tasks to queue
[2024-12-26T02:41:28.757+0200] {logging_mixin.py:190} INFO - [2024-12-26T02:41:28.755+0200] {dagbag.py:588} INFO - Filling up the DagBag from /mnt/e/Assignments/Airflow/airflow/airflow_env/lib/python3.12/site-packages/airflow/example_dags/example_kubernetes_executor.py
[2024-12-26T02:41:28.809+0200] {logging_mixin.py:190} INFO - [2024-12-26T02:41:28.807+0200] {example_kubernetes_executor.py:39} WARNING - The example_kubernetes_executor example DAG requires the kubernetes provider. Please install it with: pip install apache-airflow[cncf.kubernetes]
[2024-12-26T02:41:28.811+0200] {processor.py:927} WARNING - No viable dags retrieved from /mnt/e/Assignments/Airflow/airflow/airflow_env/lib/python3.12/site-packages/airflow/example_dags/example_kubernetes_executor.py
[2024-12-26T02:41:28.845+0200] {processor.py:208} INFO - Processing /mnt/e/Assignments/Airflow/airflow/airflow_env/lib/python3.12/site-packages/airflow/example_dags/example_kubernetes_executor.py took 0.117 seconds
[2024-12-26T02:43:36.261+0200] {processor.py:186} INFO - Started process (PID=190231) to work on /mnt/e/Assignments/Airflow/airflow/airflow_env/lib/python3.12/site-packages/airflow/example_dags/example_kubernetes_executor.py
[2024-12-26T02:43:36.265+0200] {processor.py:914} INFO - Processing file /mnt/e/Assignments/Airflow/airflow/airflow_env/lib/python3.12/site-packages/airflow/example_dags/example_kubernetes_executor.py for tasks to queue
[2024-12-26T02:43:36.271+0200] {logging_mixin.py:190} INFO - [2024-12-26T02:43:36.268+0200] {dagbag.py:588} INFO - Filling up the DagBag from /mnt/e/Assignments/Airflow/airflow/airflow_env/lib/python3.12/site-packages/airflow/example_dags/example_kubernetes_executor.py
[2024-12-26T02:43:36.323+0200] {logging_mixin.py:190} INFO - [2024-12-26T02:43:36.321+0200] {example_kubernetes_executor.py:39} WARNING - The example_kubernetes_executor example DAG requires the kubernetes provider. Please install it with: pip install apache-airflow[cncf.kubernetes]
[2024-12-26T02:43:36.326+0200] {processor.py:927} WARNING - No viable dags retrieved from /mnt/e/Assignments/Airflow/airflow/airflow_env/lib/python3.12/site-packages/airflow/example_dags/example_kubernetes_executor.py
[2024-12-26T02:43:36.359+0200] {processor.py:208} INFO - Processing /mnt/e/Assignments/Airflow/airflow/airflow_env/lib/python3.12/site-packages/airflow/example_dags/example_kubernetes_executor.py took 0.131 seconds
[2024-12-26T02:45:40.126+0200] {processor.py:186} INFO - Started process (PID=190312) to work on /mnt/e/Assignments/Airflow/airflow/airflow_env/lib/python3.12/site-packages/airflow/example_dags/example_kubernetes_executor.py
[2024-12-26T02:45:40.137+0200] {processor.py:914} INFO - Processing file /mnt/e/Assignments/Airflow/airflow/airflow_env/lib/python3.12/site-packages/airflow/example_dags/example_kubernetes_executor.py for tasks to queue
[2024-12-26T02:45:40.141+0200] {logging_mixin.py:190} INFO - [2024-12-26T02:45:40.139+0200] {dagbag.py:588} INFO - Filling up the DagBag from /mnt/e/Assignments/Airflow/airflow/airflow_env/lib/python3.12/site-packages/airflow/example_dags/example_kubernetes_executor.py
[2024-12-26T02:45:40.188+0200] {logging_mixin.py:190} INFO - [2024-12-26T02:45:40.187+0200] {example_kubernetes_executor.py:39} WARNING - The example_kubernetes_executor example DAG requires the kubernetes provider. Please install it with: pip install apache-airflow[cncf.kubernetes]
[2024-12-26T02:45:40.190+0200] {processor.py:927} WARNING - No viable dags retrieved from /mnt/e/Assignments/Airflow/airflow/airflow_env/lib/python3.12/site-packages/airflow/example_dags/example_kubernetes_executor.py
[2024-12-26T02:45:40.220+0200] {processor.py:208} INFO - Processing /mnt/e/Assignments/Airflow/airflow/airflow_env/lib/python3.12/site-packages/airflow/example_dags/example_kubernetes_executor.py took 0.114 seconds
[2024-12-26T02:47:45.014+0200] {processor.py:186} INFO - Started process (PID=190417) to work on /mnt/e/Assignments/Airflow/airflow/airflow_env/lib/python3.12/site-packages/airflow/example_dags/example_kubernetes_executor.py
[2024-12-26T02:47:45.021+0200] {processor.py:914} INFO - Processing file /mnt/e/Assignments/Airflow/airflow/airflow_env/lib/python3.12/site-packages/airflow/example_dags/example_kubernetes_executor.py for tasks to queue
[2024-12-26T02:47:45.029+0200] {logging_mixin.py:190} INFO - [2024-12-26T02:47:45.026+0200] {dagbag.py:588} INFO - Filling up the DagBag from /mnt/e/Assignments/Airflow/airflow/airflow_env/lib/python3.12/site-packages/airflow/example_dags/example_kubernetes_executor.py
[2024-12-26T02:47:45.102+0200] {logging_mixin.py:190} INFO - [2024-12-26T02:47:45.098+0200] {example_kubernetes_executor.py:39} WARNING - The example_kubernetes_executor example DAG requires the kubernetes provider. Please install it with: pip install apache-airflow[cncf.kubernetes]
[2024-12-26T02:47:45.106+0200] {processor.py:927} WARNING - No viable dags retrieved from /mnt/e/Assignments/Airflow/airflow/airflow_env/lib/python3.12/site-packages/airflow/example_dags/example_kubernetes_executor.py
[2024-12-26T02:47:45.156+0200] {processor.py:208} INFO - Processing /mnt/e/Assignments/Airflow/airflow/airflow_env/lib/python3.12/site-packages/airflow/example_dags/example_kubernetes_executor.py took 0.174 seconds
[2024-12-26T02:49:55.089+0200] {processor.py:186} INFO - Started process (PID=190526) to work on /mnt/e/Assignments/Airflow/airflow/airflow_env/lib/python3.12/site-packages/airflow/example_dags/example_kubernetes_executor.py
[2024-12-26T02:49:55.093+0200] {processor.py:914} INFO - Processing file /mnt/e/Assignments/Airflow/airflow/airflow_env/lib/python3.12/site-packages/airflow/example_dags/example_kubernetes_executor.py for tasks to queue
[2024-12-26T02:49:55.098+0200] {logging_mixin.py:190} INFO - [2024-12-26T02:49:55.096+0200] {dagbag.py:588} INFO - Filling up the DagBag from /mnt/e/Assignments/Airflow/airflow/airflow_env/lib/python3.12/site-packages/airflow/example_dags/example_kubernetes_executor.py
[2024-12-26T02:49:55.140+0200] {logging_mixin.py:190} INFO - [2024-12-26T02:49:55.139+0200] {example_kubernetes_executor.py:39} WARNING - The example_kubernetes_executor example DAG requires the kubernetes provider. Please install it with: pip install apache-airflow[cncf.kubernetes]
[2024-12-26T02:49:55.142+0200] {processor.py:927} WARNING - No viable dags retrieved from /mnt/e/Assignments/Airflow/airflow/airflow_env/lib/python3.12/site-packages/airflow/example_dags/example_kubernetes_executor.py
[2024-12-26T02:49:55.170+0200] {processor.py:208} INFO - Processing /mnt/e/Assignments/Airflow/airflow/airflow_env/lib/python3.12/site-packages/airflow/example_dags/example_kubernetes_executor.py took 0.100 seconds
[2024-12-26T02:52:02.540+0200] {processor.py:186} INFO - Started process (PID=190616) to work on /mnt/e/Assignments/Airflow/airflow/airflow_env/lib/python3.12/site-packages/airflow/example_dags/example_kubernetes_executor.py
[2024-12-26T02:52:02.542+0200] {processor.py:914} INFO - Processing file /mnt/e/Assignments/Airflow/airflow/airflow_env/lib/python3.12/site-packages/airflow/example_dags/example_kubernetes_executor.py for tasks to queue
[2024-12-26T02:52:02.546+0200] {logging_mixin.py:190} INFO - [2024-12-26T02:52:02.545+0200] {dagbag.py:588} INFO - Filling up the DagBag from /mnt/e/Assignments/Airflow/airflow/airflow_env/lib/python3.12/site-packages/airflow/example_dags/example_kubernetes_executor.py
[2024-12-26T02:52:02.588+0200] {logging_mixin.py:190} INFO - [2024-12-26T02:52:02.586+0200] {example_kubernetes_executor.py:39} WARNING - The example_kubernetes_executor example DAG requires the kubernetes provider. Please install it with: pip install apache-airflow[cncf.kubernetes]
[2024-12-26T02:52:02.590+0200] {processor.py:927} WARNING - No viable dags retrieved from /mnt/e/Assignments/Airflow/airflow/airflow_env/lib/python3.12/site-packages/airflow/example_dags/example_kubernetes_executor.py
[2024-12-26T02:52:02.625+0200] {processor.py:208} INFO - Processing /mnt/e/Assignments/Airflow/airflow/airflow_env/lib/python3.12/site-packages/airflow/example_dags/example_kubernetes_executor.py took 0.101 seconds
[2024-12-26T02:54:18.874+0200] {processor.py:186} INFO - Started process (PID=190715) to work on /mnt/e/Assignments/Airflow/airflow/airflow_env/lib/python3.12/site-packages/airflow/example_dags/example_kubernetes_executor.py
[2024-12-26T02:54:18.877+0200] {processor.py:914} INFO - Processing file /mnt/e/Assignments/Airflow/airflow/airflow_env/lib/python3.12/site-packages/airflow/example_dags/example_kubernetes_executor.py for tasks to queue
[2024-12-26T02:54:18.880+0200] {logging_mixin.py:190} INFO - [2024-12-26T02:54:18.879+0200] {dagbag.py:588} INFO - Filling up the DagBag from /mnt/e/Assignments/Airflow/airflow/airflow_env/lib/python3.12/site-packages/airflow/example_dags/example_kubernetes_executor.py
[2024-12-26T02:54:18.914+0200] {logging_mixin.py:190} INFO - [2024-12-26T02:54:18.912+0200] {example_kubernetes_executor.py:39} WARNING - The example_kubernetes_executor example DAG requires the kubernetes provider. Please install it with: pip install apache-airflow[cncf.kubernetes]
[2024-12-26T02:54:18.916+0200] {processor.py:927} WARNING - No viable dags retrieved from /mnt/e/Assignments/Airflow/airflow/airflow_env/lib/python3.12/site-packages/airflow/example_dags/example_kubernetes_executor.py
[2024-12-26T02:54:18.959+0200] {processor.py:208} INFO - Processing /mnt/e/Assignments/Airflow/airflow/airflow_env/lib/python3.12/site-packages/airflow/example_dags/example_kubernetes_executor.py took 0.107 seconds
[2024-12-26T02:56:30.588+0200] {processor.py:186} INFO - Started process (PID=190807) to work on /mnt/e/Assignments/Airflow/airflow/airflow_env/lib/python3.12/site-packages/airflow/example_dags/example_kubernetes_executor.py
[2024-12-26T02:56:30.591+0200] {processor.py:914} INFO - Processing file /mnt/e/Assignments/Airflow/airflow/airflow_env/lib/python3.12/site-packages/airflow/example_dags/example_kubernetes_executor.py for tasks to queue
[2024-12-26T02:56:30.594+0200] {logging_mixin.py:190} INFO - [2024-12-26T02:56:30.593+0200] {dagbag.py:588} INFO - Filling up the DagBag from /mnt/e/Assignments/Airflow/airflow/airflow_env/lib/python3.12/site-packages/airflow/example_dags/example_kubernetes_executor.py
[2024-12-26T02:56:30.627+0200] {logging_mixin.py:190} INFO - [2024-12-26T02:56:30.626+0200] {example_kubernetes_executor.py:39} WARNING - The example_kubernetes_executor example DAG requires the kubernetes provider. Please install it with: pip install apache-airflow[cncf.kubernetes]
[2024-12-26T02:56:30.629+0200] {processor.py:927} WARNING - No viable dags retrieved from /mnt/e/Assignments/Airflow/airflow/airflow_env/lib/python3.12/site-packages/airflow/example_dags/example_kubernetes_executor.py
[2024-12-26T02:56:30.655+0200] {processor.py:208} INFO - Processing /mnt/e/Assignments/Airflow/airflow/airflow_env/lib/python3.12/site-packages/airflow/example_dags/example_kubernetes_executor.py took 0.083 seconds
[2024-12-26T02:58:42.072+0200] {processor.py:186} INFO - Started process (PID=190891) to work on /mnt/e/Assignments/Airflow/airflow/airflow_env/lib/python3.12/site-packages/airflow/example_dags/example_kubernetes_executor.py
[2024-12-26T02:58:42.075+0200] {processor.py:914} INFO - Processing file /mnt/e/Assignments/Airflow/airflow/airflow_env/lib/python3.12/site-packages/airflow/example_dags/example_kubernetes_executor.py for tasks to queue
[2024-12-26T02:58:42.082+0200] {logging_mixin.py:190} INFO - [2024-12-26T02:58:42.078+0200] {dagbag.py:588} INFO - Filling up the DagBag from /mnt/e/Assignments/Airflow/airflow/airflow_env/lib/python3.12/site-packages/airflow/example_dags/example_kubernetes_executor.py
[2024-12-26T02:58:42.140+0200] {logging_mixin.py:190} INFO - [2024-12-26T02:58:42.139+0200] {example_kubernetes_executor.py:39} WARNING - The example_kubernetes_executor example DAG requires the kubernetes provider. Please install it with: pip install apache-airflow[cncf.kubernetes]
[2024-12-26T02:58:42.142+0200] {processor.py:927} WARNING - No viable dags retrieved from /mnt/e/Assignments/Airflow/airflow/airflow_env/lib/python3.12/site-packages/airflow/example_dags/example_kubernetes_executor.py
[2024-12-26T02:58:42.165+0200] {processor.py:208} INFO - Processing /mnt/e/Assignments/Airflow/airflow/airflow_env/lib/python3.12/site-packages/airflow/example_dags/example_kubernetes_executor.py took 0.114 seconds
[2024-12-26T03:01:51.245+0200] {processor.py:186} INFO - Started process (PID=191002) to work on /mnt/e/Assignments/Airflow/airflow/airflow_env/lib/python3.12/site-packages/airflow/example_dags/example_kubernetes_executor.py
[2024-12-26T03:01:51.247+0200] {processor.py:914} INFO - Processing file /mnt/e/Assignments/Airflow/airflow/airflow_env/lib/python3.12/site-packages/airflow/example_dags/example_kubernetes_executor.py for tasks to queue
[2024-12-26T03:01:51.253+0200] {logging_mixin.py:190} INFO - [2024-12-26T03:01:51.250+0200] {dagbag.py:588} INFO - Filling up the DagBag from /mnt/e/Assignments/Airflow/airflow/airflow_env/lib/python3.12/site-packages/airflow/example_dags/example_kubernetes_executor.py
[2024-12-26T03:01:51.302+0200] {logging_mixin.py:190} INFO - [2024-12-26T03:01:51.300+0200] {example_kubernetes_executor.py:39} WARNING - The example_kubernetes_executor example DAG requires the kubernetes provider. Please install it with: pip install apache-airflow[cncf.kubernetes]
[2024-12-26T03:01:51.304+0200] {processor.py:927} WARNING - No viable dags retrieved from /mnt/e/Assignments/Airflow/airflow/airflow_env/lib/python3.12/site-packages/airflow/example_dags/example_kubernetes_executor.py
[2024-12-26T03:01:51.336+0200] {processor.py:208} INFO - Processing /mnt/e/Assignments/Airflow/airflow/airflow_env/lib/python3.12/site-packages/airflow/example_dags/example_kubernetes_executor.py took 0.107 seconds
[2024-12-26T03:03:31.107+0200] {processor.py:186} INFO - Started process (PID=191073) to work on /mnt/e/Assignments/Airflow/airflow/airflow_env/lib/python3.12/site-packages/airflow/example_dags/example_kubernetes_executor.py
[2024-12-26T03:03:31.111+0200] {processor.py:914} INFO - Processing file /mnt/e/Assignments/Airflow/airflow/airflow_env/lib/python3.12/site-packages/airflow/example_dags/example_kubernetes_executor.py for tasks to queue
[2024-12-26T03:03:31.117+0200] {logging_mixin.py:190} INFO - [2024-12-26T03:03:31.115+0200] {dagbag.py:588} INFO - Filling up the DagBag from /mnt/e/Assignments/Airflow/airflow/airflow_env/lib/python3.12/site-packages/airflow/example_dags/example_kubernetes_executor.py
[2024-12-26T03:03:31.185+0200] {logging_mixin.py:190} INFO - [2024-12-26T03:03:31.182+0200] {example_kubernetes_executor.py:39} WARNING - The example_kubernetes_executor example DAG requires the kubernetes provider. Please install it with: pip install apache-airflow[cncf.kubernetes]
[2024-12-26T03:03:31.187+0200] {processor.py:927} WARNING - No viable dags retrieved from /mnt/e/Assignments/Airflow/airflow/airflow_env/lib/python3.12/site-packages/airflow/example_dags/example_kubernetes_executor.py
[2024-12-26T03:03:31.226+0200] {processor.py:208} INFO - Processing /mnt/e/Assignments/Airflow/airflow/airflow_env/lib/python3.12/site-packages/airflow/example_dags/example_kubernetes_executor.py took 0.143 seconds
[2024-12-26T03:05:48.797+0200] {processor.py:186} INFO - Started process (PID=191162) to work on /mnt/e/Assignments/Airflow/airflow/airflow_env/lib/python3.12/site-packages/airflow/example_dags/example_kubernetes_executor.py
[2024-12-26T03:05:48.800+0200] {processor.py:914} INFO - Processing file /mnt/e/Assignments/Airflow/airflow/airflow_env/lib/python3.12/site-packages/airflow/example_dags/example_kubernetes_executor.py for tasks to queue
[2024-12-26T03:05:48.814+0200] {logging_mixin.py:190} INFO - [2024-12-26T03:05:48.805+0200] {dagbag.py:588} INFO - Filling up the DagBag from /mnt/e/Assignments/Airflow/airflow/airflow_env/lib/python3.12/site-packages/airflow/example_dags/example_kubernetes_executor.py
[2024-12-26T03:05:48.856+0200] {logging_mixin.py:190} INFO - [2024-12-26T03:05:48.854+0200] {example_kubernetes_executor.py:39} WARNING - The example_kubernetes_executor example DAG requires the kubernetes provider. Please install it with: pip install apache-airflow[cncf.kubernetes]
[2024-12-26T03:05:48.857+0200] {processor.py:927} WARNING - No viable dags retrieved from /mnt/e/Assignments/Airflow/airflow/airflow_env/lib/python3.12/site-packages/airflow/example_dags/example_kubernetes_executor.py
[2024-12-26T03:05:48.879+0200] {processor.py:208} INFO - Processing /mnt/e/Assignments/Airflow/airflow/airflow_env/lib/python3.12/site-packages/airflow/example_dags/example_kubernetes_executor.py took 0.113 seconds
[2024-12-26T03:08:56.763+0200] {processor.py:186} INFO - Started process (PID=191264) to work on /mnt/e/Assignments/Airflow/airflow/airflow_env/lib/python3.12/site-packages/airflow/example_dags/example_kubernetes_executor.py
[2024-12-26T03:08:56.767+0200] {processor.py:914} INFO - Processing file /mnt/e/Assignments/Airflow/airflow/airflow_env/lib/python3.12/site-packages/airflow/example_dags/example_kubernetes_executor.py for tasks to queue
[2024-12-26T03:08:56.773+0200] {logging_mixin.py:190} INFO - [2024-12-26T03:08:56.771+0200] {dagbag.py:588} INFO - Filling up the DagBag from /mnt/e/Assignments/Airflow/airflow/airflow_env/lib/python3.12/site-packages/airflow/example_dags/example_kubernetes_executor.py
[2024-12-26T03:08:56.805+0200] {logging_mixin.py:190} INFO - [2024-12-26T03:08:56.804+0200] {example_kubernetes_executor.py:39} WARNING - The example_kubernetes_executor example DAG requires the kubernetes provider. Please install it with: pip install apache-airflow[cncf.kubernetes]
[2024-12-26T03:08:56.806+0200] {processor.py:927} WARNING - No viable dags retrieved from /mnt/e/Assignments/Airflow/airflow/airflow_env/lib/python3.12/site-packages/airflow/example_dags/example_kubernetes_executor.py
[2024-12-26T03:08:56.826+0200] {processor.py:208} INFO - Processing /mnt/e/Assignments/Airflow/airflow/airflow_env/lib/python3.12/site-packages/airflow/example_dags/example_kubernetes_executor.py took 0.082 seconds
[2024-12-26T03:11:07.487+0200] {processor.py:186} INFO - Started process (PID=191345) to work on /mnt/e/Assignments/Airflow/airflow/airflow_env/lib/python3.12/site-packages/airflow/example_dags/example_kubernetes_executor.py
[2024-12-26T03:11:07.489+0200] {processor.py:914} INFO - Processing file /mnt/e/Assignments/Airflow/airflow/airflow_env/lib/python3.12/site-packages/airflow/example_dags/example_kubernetes_executor.py for tasks to queue
[2024-12-26T03:11:07.494+0200] {logging_mixin.py:190} INFO - [2024-12-26T03:11:07.492+0200] {dagbag.py:588} INFO - Filling up the DagBag from /mnt/e/Assignments/Airflow/airflow/airflow_env/lib/python3.12/site-packages/airflow/example_dags/example_kubernetes_executor.py
[2024-12-26T03:11:07.529+0200] {logging_mixin.py:190} INFO - [2024-12-26T03:11:07.527+0200] {example_kubernetes_executor.py:39} WARNING - The example_kubernetes_executor example DAG requires the kubernetes provider. Please install it with: pip install apache-airflow[cncf.kubernetes]
[2024-12-26T03:11:07.531+0200] {processor.py:927} WARNING - No viable dags retrieved from /mnt/e/Assignments/Airflow/airflow/airflow_env/lib/python3.12/site-packages/airflow/example_dags/example_kubernetes_executor.py
[2024-12-26T03:11:07.556+0200] {processor.py:208} INFO - Processing /mnt/e/Assignments/Airflow/airflow/airflow_env/lib/python3.12/site-packages/airflow/example_dags/example_kubernetes_executor.py took 0.086 seconds
[2024-12-26T03:13:17.627+0200] {processor.py:186} INFO - Started process (PID=191429) to work on /mnt/e/Assignments/Airflow/airflow/airflow_env/lib/python3.12/site-packages/airflow/example_dags/example_kubernetes_executor.py
[2024-12-26T03:13:17.629+0200] {processor.py:914} INFO - Processing file /mnt/e/Assignments/Airflow/airflow/airflow_env/lib/python3.12/site-packages/airflow/example_dags/example_kubernetes_executor.py for tasks to queue
[2024-12-26T03:13:17.634+0200] {logging_mixin.py:190} INFO - [2024-12-26T03:13:17.633+0200] {dagbag.py:588} INFO - Filling up the DagBag from /mnt/e/Assignments/Airflow/airflow/airflow_env/lib/python3.12/site-packages/airflow/example_dags/example_kubernetes_executor.py
[2024-12-26T03:13:17.671+0200] {logging_mixin.py:190} INFO - [2024-12-26T03:13:17.668+0200] {example_kubernetes_executor.py:39} WARNING - The example_kubernetes_executor example DAG requires the kubernetes provider. Please install it with: pip install apache-airflow[cncf.kubernetes]
[2024-12-26T03:13:17.673+0200] {processor.py:927} WARNING - No viable dags retrieved from /mnt/e/Assignments/Airflow/airflow/airflow_env/lib/python3.12/site-packages/airflow/example_dags/example_kubernetes_executor.py
[2024-12-26T03:13:17.700+0200] {processor.py:208} INFO - Processing /mnt/e/Assignments/Airflow/airflow/airflow_env/lib/python3.12/site-packages/airflow/example_dags/example_kubernetes_executor.py took 0.090 seconds
[2024-12-26T03:15:19.228+0200] {processor.py:186} INFO - Started process (PID=191507) to work on /mnt/e/Assignments/Airflow/airflow/airflow_env/lib/python3.12/site-packages/airflow/example_dags/example_kubernetes_executor.py
[2024-12-26T03:15:19.232+0200] {processor.py:914} INFO - Processing file /mnt/e/Assignments/Airflow/airflow/airflow_env/lib/python3.12/site-packages/airflow/example_dags/example_kubernetes_executor.py for tasks to queue
[2024-12-26T03:15:19.240+0200] {logging_mixin.py:190} INFO - [2024-12-26T03:15:19.237+0200] {dagbag.py:588} INFO - Filling up the DagBag from /mnt/e/Assignments/Airflow/airflow/airflow_env/lib/python3.12/site-packages/airflow/example_dags/example_kubernetes_executor.py
[2024-12-26T03:15:19.279+0200] {logging_mixin.py:190} INFO - [2024-12-26T03:15:19.276+0200] {example_kubernetes_executor.py:39} WARNING - The example_kubernetes_executor example DAG requires the kubernetes provider. Please install it with: pip install apache-airflow[cncf.kubernetes]
[2024-12-26T03:15:19.282+0200] {processor.py:927} WARNING - No viable dags retrieved from /mnt/e/Assignments/Airflow/airflow/airflow_env/lib/python3.12/site-packages/airflow/example_dags/example_kubernetes_executor.py
[2024-12-26T03:15:19.313+0200] {processor.py:208} INFO - Processing /mnt/e/Assignments/Airflow/airflow/airflow_env/lib/python3.12/site-packages/airflow/example_dags/example_kubernetes_executor.py took 0.109 seconds
[2024-12-26T03:17:44.167+0200] {processor.py:186} INFO - Started process (PID=191594) to work on /mnt/e/Assignments/Airflow/airflow/airflow_env/lib/python3.12/site-packages/airflow/example_dags/example_kubernetes_executor.py
[2024-12-26T03:17:44.169+0200] {processor.py:914} INFO - Processing file /mnt/e/Assignments/Airflow/airflow/airflow_env/lib/python3.12/site-packages/airflow/example_dags/example_kubernetes_executor.py for tasks to queue
[2024-12-26T03:17:44.172+0200] {logging_mixin.py:190} INFO - [2024-12-26T03:17:44.171+0200] {dagbag.py:588} INFO - Filling up the DagBag from /mnt/e/Assignments/Airflow/airflow/airflow_env/lib/python3.12/site-packages/airflow/example_dags/example_kubernetes_executor.py
[2024-12-26T03:17:44.188+0200] {logging_mixin.py:190} INFO - [2024-12-26T03:17:44.187+0200] {example_kubernetes_executor.py:39} WARNING - The example_kubernetes_executor example DAG requires the kubernetes provider. Please install it with: pip install apache-airflow[cncf.kubernetes]
[2024-12-26T03:17:44.189+0200] {processor.py:927} WARNING - No viable dags retrieved from /mnt/e/Assignments/Airflow/airflow/airflow_env/lib/python3.12/site-packages/airflow/example_dags/example_kubernetes_executor.py
[2024-12-26T03:17:44.202+0200] {processor.py:208} INFO - Processing /mnt/e/Assignments/Airflow/airflow/airflow_env/lib/python3.12/site-packages/airflow/example_dags/example_kubernetes_executor.py took 0.043 seconds
[2024-12-26T03:19:50.189+0200] {processor.py:186} INFO - Started process (PID=191686) to work on /mnt/e/Assignments/Airflow/airflow/airflow_env/lib/python3.12/site-packages/airflow/example_dags/example_kubernetes_executor.py
[2024-12-26T03:19:50.195+0200] {processor.py:914} INFO - Processing file /mnt/e/Assignments/Airflow/airflow/airflow_env/lib/python3.12/site-packages/airflow/example_dags/example_kubernetes_executor.py for tasks to queue
[2024-12-26T03:19:50.206+0200] {logging_mixin.py:190} INFO - [2024-12-26T03:19:50.202+0200] {dagbag.py:588} INFO - Filling up the DagBag from /mnt/e/Assignments/Airflow/airflow/airflow_env/lib/python3.12/site-packages/airflow/example_dags/example_kubernetes_executor.py
[2024-12-26T03:19:50.292+0200] {logging_mixin.py:190} INFO - [2024-12-26T03:19:50.290+0200] {example_kubernetes_executor.py:39} WARNING - The example_kubernetes_executor example DAG requires the kubernetes provider. Please install it with: pip install apache-airflow[cncf.kubernetes]
[2024-12-26T03:19:50.295+0200] {processor.py:927} WARNING - No viable dags retrieved from /mnt/e/Assignments/Airflow/airflow/airflow_env/lib/python3.12/site-packages/airflow/example_dags/example_kubernetes_executor.py
[2024-12-26T03:19:50.350+0200] {processor.py:208} INFO - Processing /mnt/e/Assignments/Airflow/airflow/airflow_env/lib/python3.12/site-packages/airflow/example_dags/example_kubernetes_executor.py took 0.188 seconds
[2024-12-26T03:21:56.951+0200] {processor.py:186} INFO - Started process (PID=191795) to work on /mnt/e/Assignments/Airflow/airflow/airflow_env/lib/python3.12/site-packages/airflow/example_dags/example_kubernetes_executor.py
[2024-12-26T03:21:56.956+0200] {processor.py:914} INFO - Processing file /mnt/e/Assignments/Airflow/airflow/airflow_env/lib/python3.12/site-packages/airflow/example_dags/example_kubernetes_executor.py for tasks to queue
[2024-12-26T03:21:56.965+0200] {logging_mixin.py:190} INFO - [2024-12-26T03:21:56.961+0200] {dagbag.py:588} INFO - Filling up the DagBag from /mnt/e/Assignments/Airflow/airflow/airflow_env/lib/python3.12/site-packages/airflow/example_dags/example_kubernetes_executor.py
[2024-12-26T03:21:56.997+0200] {logging_mixin.py:190} INFO - [2024-12-26T03:21:56.995+0200] {example_kubernetes_executor.py:39} WARNING - The example_kubernetes_executor example DAG requires the kubernetes provider. Please install it with: pip install apache-airflow[cncf.kubernetes]
[2024-12-26T03:21:56.998+0200] {processor.py:927} WARNING - No viable dags retrieved from /mnt/e/Assignments/Airflow/airflow/airflow_env/lib/python3.12/site-packages/airflow/example_dags/example_kubernetes_executor.py
[2024-12-26T03:21:57.016+0200] {processor.py:208} INFO - Processing /mnt/e/Assignments/Airflow/airflow/airflow_env/lib/python3.12/site-packages/airflow/example_dags/example_kubernetes_executor.py took 0.118 seconds
[2024-12-26T03:24:06.230+0200] {processor.py:186} INFO - Started process (PID=191879) to work on /mnt/e/Assignments/Airflow/airflow/airflow_env/lib/python3.12/site-packages/airflow/example_dags/example_kubernetes_executor.py
[2024-12-26T03:24:06.232+0200] {processor.py:914} INFO - Processing file /mnt/e/Assignments/Airflow/airflow/airflow_env/lib/python3.12/site-packages/airflow/example_dags/example_kubernetes_executor.py for tasks to queue
[2024-12-26T03:24:06.235+0200] {logging_mixin.py:190} INFO - [2024-12-26T03:24:06.234+0200] {dagbag.py:588} INFO - Filling up the DagBag from /mnt/e/Assignments/Airflow/airflow/airflow_env/lib/python3.12/site-packages/airflow/example_dags/example_kubernetes_executor.py
[2024-12-26T03:24:06.263+0200] {logging_mixin.py:190} INFO - [2024-12-26T03:24:06.262+0200] {example_kubernetes_executor.py:39} WARNING - The example_kubernetes_executor example DAG requires the kubernetes provider. Please install it with: pip install apache-airflow[cncf.kubernetes]
[2024-12-26T03:24:06.264+0200] {processor.py:927} WARNING - No viable dags retrieved from /mnt/e/Assignments/Airflow/airflow/airflow_env/lib/python3.12/site-packages/airflow/example_dags/example_kubernetes_executor.py
[2024-12-26T03:24:06.284+0200] {processor.py:208} INFO - Processing /mnt/e/Assignments/Airflow/airflow/airflow_env/lib/python3.12/site-packages/airflow/example_dags/example_kubernetes_executor.py took 0.071 seconds
[2024-12-26T03:26:20.242+0200] {processor.py:186} INFO - Started process (PID=191976) to work on /mnt/e/Assignments/Airflow/airflow/airflow_env/lib/python3.12/site-packages/airflow/example_dags/example_kubernetes_executor.py
[2024-12-26T03:26:20.244+0200] {processor.py:914} INFO - Processing file /mnt/e/Assignments/Airflow/airflow/airflow_env/lib/python3.12/site-packages/airflow/example_dags/example_kubernetes_executor.py for tasks to queue
[2024-12-26T03:26:20.247+0200] {logging_mixin.py:190} INFO - [2024-12-26T03:26:20.246+0200] {dagbag.py:588} INFO - Filling up the DagBag from /mnt/e/Assignments/Airflow/airflow/airflow_env/lib/python3.12/site-packages/airflow/example_dags/example_kubernetes_executor.py
[2024-12-26T03:26:20.274+0200] {logging_mixin.py:190} INFO - [2024-12-26T03:26:20.273+0200] {example_kubernetes_executor.py:39} WARNING - The example_kubernetes_executor example DAG requires the kubernetes provider. Please install it with: pip install apache-airflow[cncf.kubernetes]
[2024-12-26T03:26:20.275+0200] {processor.py:927} WARNING - No viable dags retrieved from /mnt/e/Assignments/Airflow/airflow/airflow_env/lib/python3.12/site-packages/airflow/example_dags/example_kubernetes_executor.py
[2024-12-26T03:26:20.299+0200] {processor.py:208} INFO - Processing /mnt/e/Assignments/Airflow/airflow/airflow_env/lib/python3.12/site-packages/airflow/example_dags/example_kubernetes_executor.py took 0.065 seconds
[2024-12-26T03:28:20.977+0200] {processor.py:186} INFO - Started process (PID=192071) to work on /mnt/e/Assignments/Airflow/airflow/airflow_env/lib/python3.12/site-packages/airflow/example_dags/example_kubernetes_executor.py
[2024-12-26T03:28:20.979+0200] {processor.py:914} INFO - Processing file /mnt/e/Assignments/Airflow/airflow/airflow_env/lib/python3.12/site-packages/airflow/example_dags/example_kubernetes_executor.py for tasks to queue
[2024-12-26T03:28:20.983+0200] {logging_mixin.py:190} INFO - [2024-12-26T03:28:20.982+0200] {dagbag.py:588} INFO - Filling up the DagBag from /mnt/e/Assignments/Airflow/airflow/airflow_env/lib/python3.12/site-packages/airflow/example_dags/example_kubernetes_executor.py
[2024-12-26T03:28:21.013+0200] {logging_mixin.py:190} INFO - [2024-12-26T03:28:21.012+0200] {example_kubernetes_executor.py:39} WARNING - The example_kubernetes_executor example DAG requires the kubernetes provider. Please install it with: pip install apache-airflow[cncf.kubernetes]
[2024-12-26T03:28:21.014+0200] {processor.py:927} WARNING - No viable dags retrieved from /mnt/e/Assignments/Airflow/airflow/airflow_env/lib/python3.12/site-packages/airflow/example_dags/example_kubernetes_executor.py
[2024-12-26T03:28:21.034+0200] {processor.py:208} INFO - Processing /mnt/e/Assignments/Airflow/airflow/airflow_env/lib/python3.12/site-packages/airflow/example_dags/example_kubernetes_executor.py took 0.072 seconds
[2024-12-26T03:30:21.559+0200] {processor.py:186} INFO - Started process (PID=192162) to work on /mnt/e/Assignments/Airflow/airflow/airflow_env/lib/python3.12/site-packages/airflow/example_dags/example_kubernetes_executor.py
[2024-12-26T03:30:21.564+0200] {processor.py:914} INFO - Processing file /mnt/e/Assignments/Airflow/airflow/airflow_env/lib/python3.12/site-packages/airflow/example_dags/example_kubernetes_executor.py for tasks to queue
[2024-12-26T03:30:21.573+0200] {logging_mixin.py:190} INFO - [2024-12-26T03:30:21.569+0200] {dagbag.py:588} INFO - Filling up the DagBag from /mnt/e/Assignments/Airflow/airflow/airflow_env/lib/python3.12/site-packages/airflow/example_dags/example_kubernetes_executor.py
[2024-12-26T03:30:21.655+0200] {logging_mixin.py:190} INFO - [2024-12-26T03:30:21.651+0200] {example_kubernetes_executor.py:39} WARNING - The example_kubernetes_executor example DAG requires the kubernetes provider. Please install it with: pip install apache-airflow[cncf.kubernetes]
[2024-12-26T03:30:21.660+0200] {processor.py:927} WARNING - No viable dags retrieved from /mnt/e/Assignments/Airflow/airflow/airflow_env/lib/python3.12/site-packages/airflow/example_dags/example_kubernetes_executor.py
[2024-12-26T03:30:21.723+0200] {processor.py:208} INFO - Processing /mnt/e/Assignments/Airflow/airflow/airflow_env/lib/python3.12/site-packages/airflow/example_dags/example_kubernetes_executor.py took 0.192 seconds
[2024-12-26T03:32:40.981+0200] {processor.py:186} INFO - Started process (PID=192257) to work on /mnt/e/Assignments/Airflow/airflow/airflow_env/lib/python3.12/site-packages/airflow/example_dags/example_kubernetes_executor.py
[2024-12-26T03:32:40.983+0200] {processor.py:914} INFO - Processing file /mnt/e/Assignments/Airflow/airflow/airflow_env/lib/python3.12/site-packages/airflow/example_dags/example_kubernetes_executor.py for tasks to queue
[2024-12-26T03:32:40.987+0200] {logging_mixin.py:190} INFO - [2024-12-26T03:32:40.985+0200] {dagbag.py:588} INFO - Filling up the DagBag from /mnt/e/Assignments/Airflow/airflow/airflow_env/lib/python3.12/site-packages/airflow/example_dags/example_kubernetes_executor.py
[2024-12-26T03:32:41.017+0200] {logging_mixin.py:190} INFO - [2024-12-26T03:32:41.016+0200] {example_kubernetes_executor.py:39} WARNING - The example_kubernetes_executor example DAG requires the kubernetes provider. Please install it with: pip install apache-airflow[cncf.kubernetes]
[2024-12-26T03:32:41.019+0200] {processor.py:927} WARNING - No viable dags retrieved from /mnt/e/Assignments/Airflow/airflow/airflow_env/lib/python3.12/site-packages/airflow/example_dags/example_kubernetes_executor.py
[2024-12-26T03:32:41.045+0200] {processor.py:208} INFO - Processing /mnt/e/Assignments/Airflow/airflow/airflow_env/lib/python3.12/site-packages/airflow/example_dags/example_kubernetes_executor.py took 0.078 seconds
[2024-12-26T03:34:45.105+0200] {processor.py:186} INFO - Started process (PID=192363) to work on /mnt/e/Assignments/Airflow/airflow/airflow_env/lib/python3.12/site-packages/airflow/example_dags/example_kubernetes_executor.py
[2024-12-26T03:34:45.109+0200] {processor.py:914} INFO - Processing file /mnt/e/Assignments/Airflow/airflow/airflow_env/lib/python3.12/site-packages/airflow/example_dags/example_kubernetes_executor.py for tasks to queue
[2024-12-26T03:34:45.117+0200] {logging_mixin.py:190} INFO - [2024-12-26T03:34:45.114+0200] {dagbag.py:588} INFO - Filling up the DagBag from /mnt/e/Assignments/Airflow/airflow/airflow_env/lib/python3.12/site-packages/airflow/example_dags/example_kubernetes_executor.py
[2024-12-26T03:34:45.175+0200] {logging_mixin.py:190} INFO - [2024-12-26T03:34:45.173+0200] {example_kubernetes_executor.py:39} WARNING - The example_kubernetes_executor example DAG requires the kubernetes provider. Please install it with: pip install apache-airflow[cncf.kubernetes]
[2024-12-26T03:34:45.178+0200] {processor.py:927} WARNING - No viable dags retrieved from /mnt/e/Assignments/Airflow/airflow/airflow_env/lib/python3.12/site-packages/airflow/example_dags/example_kubernetes_executor.py
[2024-12-26T03:34:45.212+0200] {processor.py:208} INFO - Processing /mnt/e/Assignments/Airflow/airflow/airflow_env/lib/python3.12/site-packages/airflow/example_dags/example_kubernetes_executor.py took 0.139 seconds
[2024-12-26T03:38:46.395+0200] {processor.py:186} INFO - Started process (PID=192498) to work on /mnt/e/Assignments/Airflow/airflow/airflow_env/lib/python3.12/site-packages/airflow/example_dags/example_kubernetes_executor.py
[2024-12-26T03:38:46.397+0200] {processor.py:914} INFO - Processing file /mnt/e/Assignments/Airflow/airflow/airflow_env/lib/python3.12/site-packages/airflow/example_dags/example_kubernetes_executor.py for tasks to queue
[2024-12-26T03:38:46.399+0200] {logging_mixin.py:190} INFO - [2024-12-26T03:38:46.399+0200] {dagbag.py:588} INFO - Filling up the DagBag from /mnt/e/Assignments/Airflow/airflow/airflow_env/lib/python3.12/site-packages/airflow/example_dags/example_kubernetes_executor.py
[2024-12-26T03:38:46.422+0200] {logging_mixin.py:190} INFO - [2024-12-26T03:38:46.421+0200] {example_kubernetes_executor.py:39} WARNING - The example_kubernetes_executor example DAG requires the kubernetes provider. Please install it with: pip install apache-airflow[cncf.kubernetes]
[2024-12-26T03:38:46.423+0200] {processor.py:927} WARNING - No viable dags retrieved from /mnt/e/Assignments/Airflow/airflow/airflow_env/lib/python3.12/site-packages/airflow/example_dags/example_kubernetes_executor.py
[2024-12-26T03:38:46.444+0200] {processor.py:208} INFO - Processing /mnt/e/Assignments/Airflow/airflow/airflow_env/lib/python3.12/site-packages/airflow/example_dags/example_kubernetes_executor.py took 0.057 seconds
[2024-12-26T03:40:41.754+0200] {processor.py:186} INFO - Started process (PID=192578) to work on /mnt/e/Assignments/Airflow/airflow/airflow_env/lib/python3.12/site-packages/airflow/example_dags/example_kubernetes_executor.py
[2024-12-26T03:40:41.756+0200] {processor.py:914} INFO - Processing file /mnt/e/Assignments/Airflow/airflow/airflow_env/lib/python3.12/site-packages/airflow/example_dags/example_kubernetes_executor.py for tasks to queue
[2024-12-26T03:40:41.759+0200] {logging_mixin.py:190} INFO - [2024-12-26T03:40:41.758+0200] {dagbag.py:588} INFO - Filling up the DagBag from /mnt/e/Assignments/Airflow/airflow/airflow_env/lib/python3.12/site-packages/airflow/example_dags/example_kubernetes_executor.py
[2024-12-26T03:40:41.779+0200] {logging_mixin.py:190} INFO - [2024-12-26T03:40:41.779+0200] {example_kubernetes_executor.py:39} WARNING - The example_kubernetes_executor example DAG requires the kubernetes provider. Please install it with: pip install apache-airflow[cncf.kubernetes]
[2024-12-26T03:40:41.780+0200] {processor.py:927} WARNING - No viable dags retrieved from /mnt/e/Assignments/Airflow/airflow/airflow_env/lib/python3.12/site-packages/airflow/example_dags/example_kubernetes_executor.py
[2024-12-26T03:40:41.796+0200] {processor.py:208} INFO - Processing /mnt/e/Assignments/Airflow/airflow/airflow_env/lib/python3.12/site-packages/airflow/example_dags/example_kubernetes_executor.py took 0.052 seconds
[2024-12-26T03:42:44.765+0200] {processor.py:186} INFO - Started process (PID=192660) to work on /mnt/e/Assignments/Airflow/airflow/airflow_env/lib/python3.12/site-packages/airflow/example_dags/example_kubernetes_executor.py
[2024-12-26T03:42:44.768+0200] {processor.py:914} INFO - Processing file /mnt/e/Assignments/Airflow/airflow/airflow_env/lib/python3.12/site-packages/airflow/example_dags/example_kubernetes_executor.py for tasks to queue
[2024-12-26T03:42:44.771+0200] {logging_mixin.py:190} INFO - [2024-12-26T03:42:44.770+0200] {dagbag.py:588} INFO - Filling up the DagBag from /mnt/e/Assignments/Airflow/airflow/airflow_env/lib/python3.12/site-packages/airflow/example_dags/example_kubernetes_executor.py
[2024-12-26T03:42:44.793+0200] {logging_mixin.py:190} INFO - [2024-12-26T03:42:44.792+0200] {example_kubernetes_executor.py:39} WARNING - The example_kubernetes_executor example DAG requires the kubernetes provider. Please install it with: pip install apache-airflow[cncf.kubernetes]
[2024-12-26T03:42:44.794+0200] {processor.py:927} WARNING - No viable dags retrieved from /mnt/e/Assignments/Airflow/airflow/airflow_env/lib/python3.12/site-packages/airflow/example_dags/example_kubernetes_executor.py
[2024-12-26T03:42:44.814+0200] {processor.py:208} INFO - Processing /mnt/e/Assignments/Airflow/airflow/airflow_env/lib/python3.12/site-packages/airflow/example_dags/example_kubernetes_executor.py took 0.065 seconds
[2024-12-26T03:44:42.608+0200] {processor.py:186} INFO - Started process (PID=192736) to work on /mnt/e/Assignments/Airflow/airflow/airflow_env/lib/python3.12/site-packages/airflow/example_dags/example_kubernetes_executor.py
[2024-12-26T03:44:42.609+0200] {processor.py:914} INFO - Processing file /mnt/e/Assignments/Airflow/airflow/airflow_env/lib/python3.12/site-packages/airflow/example_dags/example_kubernetes_executor.py for tasks to queue
[2024-12-26T03:44:42.614+0200] {logging_mixin.py:190} INFO - [2024-12-26T03:44:42.612+0200] {dagbag.py:588} INFO - Filling up the DagBag from /mnt/e/Assignments/Airflow/airflow/airflow_env/lib/python3.12/site-packages/airflow/example_dags/example_kubernetes_executor.py
[2024-12-26T03:44:42.637+0200] {logging_mixin.py:190} INFO - [2024-12-26T03:44:42.636+0200] {example_kubernetes_executor.py:39} WARNING - The example_kubernetes_executor example DAG requires the kubernetes provider. Please install it with: pip install apache-airflow[cncf.kubernetes]
[2024-12-26T03:44:42.639+0200] {processor.py:927} WARNING - No viable dags retrieved from /mnt/e/Assignments/Airflow/airflow/airflow_env/lib/python3.12/site-packages/airflow/example_dags/example_kubernetes_executor.py
[2024-12-26T03:44:42.661+0200] {processor.py:208} INFO - Processing /mnt/e/Assignments/Airflow/airflow/airflow_env/lib/python3.12/site-packages/airflow/example_dags/example_kubernetes_executor.py took 0.065 seconds
[2024-12-26T03:46:43.180+0200] {processor.py:186} INFO - Started process (PID=192815) to work on /mnt/e/Assignments/Airflow/airflow/airflow_env/lib/python3.12/site-packages/airflow/example_dags/example_kubernetes_executor.py
[2024-12-26T03:46:43.183+0200] {processor.py:914} INFO - Processing file /mnt/e/Assignments/Airflow/airflow/airflow_env/lib/python3.12/site-packages/airflow/example_dags/example_kubernetes_executor.py for tasks to queue
[2024-12-26T03:46:43.189+0200] {logging_mixin.py:190} INFO - [2024-12-26T03:46:43.186+0200] {dagbag.py:588} INFO - Filling up the DagBag from /mnt/e/Assignments/Airflow/airflow/airflow_env/lib/python3.12/site-packages/airflow/example_dags/example_kubernetes_executor.py
[2024-12-26T03:46:43.230+0200] {logging_mixin.py:190} INFO - [2024-12-26T03:46:43.228+0200] {example_kubernetes_executor.py:39} WARNING - The example_kubernetes_executor example DAG requires the kubernetes provider. Please install it with: pip install apache-airflow[cncf.kubernetes]
[2024-12-26T03:46:43.231+0200] {processor.py:927} WARNING - No viable dags retrieved from /mnt/e/Assignments/Airflow/airflow/airflow_env/lib/python3.12/site-packages/airflow/example_dags/example_kubernetes_executor.py
[2024-12-26T03:46:43.245+0200] {processor.py:208} INFO - Processing /mnt/e/Assignments/Airflow/airflow/airflow_env/lib/python3.12/site-packages/airflow/example_dags/example_kubernetes_executor.py took 0.088 seconds
[2024-12-26T03:48:51.390+0200] {processor.py:186} INFO - Started process (PID=192902) to work on /mnt/e/Assignments/Airflow/airflow/airflow_env/lib/python3.12/site-packages/airflow/example_dags/example_kubernetes_executor.py
[2024-12-26T03:48:51.392+0200] {processor.py:914} INFO - Processing file /mnt/e/Assignments/Airflow/airflow/airflow_env/lib/python3.12/site-packages/airflow/example_dags/example_kubernetes_executor.py for tasks to queue
[2024-12-26T03:48:51.394+0200] {logging_mixin.py:190} INFO - [2024-12-26T03:48:51.394+0200] {dagbag.py:588} INFO - Filling up the DagBag from /mnt/e/Assignments/Airflow/airflow/airflow_env/lib/python3.12/site-packages/airflow/example_dags/example_kubernetes_executor.py
[2024-12-26T03:48:51.412+0200] {logging_mixin.py:190} INFO - [2024-12-26T03:48:51.412+0200] {example_kubernetes_executor.py:39} WARNING - The example_kubernetes_executor example DAG requires the kubernetes provider. Please install it with: pip install apache-airflow[cncf.kubernetes]
[2024-12-26T03:48:51.414+0200] {processor.py:927} WARNING - No viable dags retrieved from /mnt/e/Assignments/Airflow/airflow/airflow_env/lib/python3.12/site-packages/airflow/example_dags/example_kubernetes_executor.py
[2024-12-26T03:48:51.428+0200] {processor.py:208} INFO - Processing /mnt/e/Assignments/Airflow/airflow/airflow_env/lib/python3.12/site-packages/airflow/example_dags/example_kubernetes_executor.py took 0.048 seconds
[2024-12-26T03:50:54.856+0200] {processor.py:186} INFO - Started process (PID=192981) to work on /mnt/e/Assignments/Airflow/airflow/airflow_env/lib/python3.12/site-packages/airflow/example_dags/example_kubernetes_executor.py
[2024-12-26T03:50:54.858+0200] {processor.py:914} INFO - Processing file /mnt/e/Assignments/Airflow/airflow/airflow_env/lib/python3.12/site-packages/airflow/example_dags/example_kubernetes_executor.py for tasks to queue
[2024-12-26T03:50:54.861+0200] {logging_mixin.py:190} INFO - [2024-12-26T03:50:54.860+0200] {dagbag.py:588} INFO - Filling up the DagBag from /mnt/e/Assignments/Airflow/airflow/airflow_env/lib/python3.12/site-packages/airflow/example_dags/example_kubernetes_executor.py
[2024-12-26T03:50:54.882+0200] {logging_mixin.py:190} INFO - [2024-12-26T03:50:54.881+0200] {example_kubernetes_executor.py:39} WARNING - The example_kubernetes_executor example DAG requires the kubernetes provider. Please install it with: pip install apache-airflow[cncf.kubernetes]
[2024-12-26T03:50:54.883+0200] {processor.py:927} WARNING - No viable dags retrieved from /mnt/e/Assignments/Airflow/airflow/airflow_env/lib/python3.12/site-packages/airflow/example_dags/example_kubernetes_executor.py
[2024-12-26T03:50:54.899+0200] {processor.py:208} INFO - Processing /mnt/e/Assignments/Airflow/airflow/airflow_env/lib/python3.12/site-packages/airflow/example_dags/example_kubernetes_executor.py took 0.053 seconds
[2024-12-26T03:53:09.550+0200] {processor.py:186} INFO - Started process (PID=193064) to work on /mnt/e/Assignments/Airflow/airflow/airflow_env/lib/python3.12/site-packages/airflow/example_dags/example_kubernetes_executor.py
[2024-12-26T03:53:09.552+0200] {processor.py:914} INFO - Processing file /mnt/e/Assignments/Airflow/airflow/airflow_env/lib/python3.12/site-packages/airflow/example_dags/example_kubernetes_executor.py for tasks to queue
[2024-12-26T03:53:09.555+0200] {logging_mixin.py:190} INFO - [2024-12-26T03:53:09.554+0200] {dagbag.py:588} INFO - Filling up the DagBag from /mnt/e/Assignments/Airflow/airflow/airflow_env/lib/python3.12/site-packages/airflow/example_dags/example_kubernetes_executor.py
[2024-12-26T03:53:09.587+0200] {logging_mixin.py:190} INFO - [2024-12-26T03:53:09.586+0200] {example_kubernetes_executor.py:39} WARNING - The example_kubernetes_executor example DAG requires the kubernetes provider. Please install it with: pip install apache-airflow[cncf.kubernetes]
[2024-12-26T03:53:09.588+0200] {processor.py:927} WARNING - No viable dags retrieved from /mnt/e/Assignments/Airflow/airflow/airflow_env/lib/python3.12/site-packages/airflow/example_dags/example_kubernetes_executor.py
[2024-12-26T03:53:09.608+0200] {processor.py:208} INFO - Processing /mnt/e/Assignments/Airflow/airflow/airflow_env/lib/python3.12/site-packages/airflow/example_dags/example_kubernetes_executor.py took 0.070 seconds
[2024-12-26T03:55:15.421+0200] {processor.py:186} INFO - Started process (PID=193145) to work on /mnt/e/Assignments/Airflow/airflow/airflow_env/lib/python3.12/site-packages/airflow/example_dags/example_kubernetes_executor.py
[2024-12-26T03:55:15.428+0200] {processor.py:914} INFO - Processing file /mnt/e/Assignments/Airflow/airflow/airflow_env/lib/python3.12/site-packages/airflow/example_dags/example_kubernetes_executor.py for tasks to queue
[2024-12-26T03:55:15.437+0200] {logging_mixin.py:190} INFO - [2024-12-26T03:55:15.434+0200] {dagbag.py:588} INFO - Filling up the DagBag from /mnt/e/Assignments/Airflow/airflow/airflow_env/lib/python3.12/site-packages/airflow/example_dags/example_kubernetes_executor.py
[2024-12-26T03:55:15.534+0200] {logging_mixin.py:190} INFO - [2024-12-26T03:55:15.531+0200] {example_kubernetes_executor.py:39} WARNING - The example_kubernetes_executor example DAG requires the kubernetes provider. Please install it with: pip install apache-airflow[cncf.kubernetes]
[2024-12-26T03:55:15.538+0200] {processor.py:927} WARNING - No viable dags retrieved from /mnt/e/Assignments/Airflow/airflow/airflow_env/lib/python3.12/site-packages/airflow/example_dags/example_kubernetes_executor.py
[2024-12-26T03:55:15.576+0200] {processor.py:208} INFO - Processing /mnt/e/Assignments/Airflow/airflow/airflow_env/lib/python3.12/site-packages/airflow/example_dags/example_kubernetes_executor.py took 0.196 seconds
[2024-12-26T03:57:33.672+0200] {processor.py:186} INFO - Started process (PID=193228) to work on /mnt/e/Assignments/Airflow/airflow/airflow_env/lib/python3.12/site-packages/airflow/example_dags/example_kubernetes_executor.py
[2024-12-26T03:57:33.674+0200] {processor.py:914} INFO - Processing file /mnt/e/Assignments/Airflow/airflow/airflow_env/lib/python3.12/site-packages/airflow/example_dags/example_kubernetes_executor.py for tasks to queue
[2024-12-26T03:57:33.678+0200] {logging_mixin.py:190} INFO - [2024-12-26T03:57:33.676+0200] {dagbag.py:588} INFO - Filling up the DagBag from /mnt/e/Assignments/Airflow/airflow/airflow_env/lib/python3.12/site-packages/airflow/example_dags/example_kubernetes_executor.py
[2024-12-26T03:57:33.705+0200] {logging_mixin.py:190} INFO - [2024-12-26T03:57:33.704+0200] {example_kubernetes_executor.py:39} WARNING - The example_kubernetes_executor example DAG requires the kubernetes provider. Please install it with: pip install apache-airflow[cncf.kubernetes]
[2024-12-26T03:57:33.707+0200] {processor.py:927} WARNING - No viable dags retrieved from /mnt/e/Assignments/Airflow/airflow/airflow_env/lib/python3.12/site-packages/airflow/example_dags/example_kubernetes_executor.py
[2024-12-26T03:57:33.727+0200] {processor.py:208} INFO - Processing /mnt/e/Assignments/Airflow/airflow/airflow_env/lib/python3.12/site-packages/airflow/example_dags/example_kubernetes_executor.py took 0.066 seconds
[2024-12-26T03:59:27.771+0200] {processor.py:186} INFO - Started process (PID=193307) to work on /mnt/e/Assignments/Airflow/airflow/airflow_env/lib/python3.12/site-packages/airflow/example_dags/example_kubernetes_executor.py
[2024-12-26T03:59:27.773+0200] {processor.py:914} INFO - Processing file /mnt/e/Assignments/Airflow/airflow/airflow_env/lib/python3.12/site-packages/airflow/example_dags/example_kubernetes_executor.py for tasks to queue
[2024-12-26T03:59:27.776+0200] {logging_mixin.py:190} INFO - [2024-12-26T03:59:27.775+0200] {dagbag.py:588} INFO - Filling up the DagBag from /mnt/e/Assignments/Airflow/airflow/airflow_env/lib/python3.12/site-packages/airflow/example_dags/example_kubernetes_executor.py
[2024-12-26T03:59:27.798+0200] {logging_mixin.py:190} INFO - [2024-12-26T03:59:27.797+0200] {example_kubernetes_executor.py:39} WARNING - The example_kubernetes_executor example DAG requires the kubernetes provider. Please install it with: pip install apache-airflow[cncf.kubernetes]
[2024-12-26T03:59:27.800+0200] {processor.py:927} WARNING - No viable dags retrieved from /mnt/e/Assignments/Airflow/airflow/airflow_env/lib/python3.12/site-packages/airflow/example_dags/example_kubernetes_executor.py
[2024-12-26T03:59:27.819+0200] {processor.py:208} INFO - Processing /mnt/e/Assignments/Airflow/airflow/airflow_env/lib/python3.12/site-packages/airflow/example_dags/example_kubernetes_executor.py took 0.060 seconds
[2024-12-26T04:01:35.646+0200] {processor.py:186} INFO - Started process (PID=193388) to work on /mnt/e/Assignments/Airflow/airflow/airflow_env/lib/python3.12/site-packages/airflow/example_dags/example_kubernetes_executor.py
[2024-12-26T04:01:35.649+0200] {processor.py:914} INFO - Processing file /mnt/e/Assignments/Airflow/airflow/airflow_env/lib/python3.12/site-packages/airflow/example_dags/example_kubernetes_executor.py for tasks to queue
[2024-12-26T04:01:35.655+0200] {logging_mixin.py:190} INFO - [2024-12-26T04:01:35.653+0200] {dagbag.py:588} INFO - Filling up the DagBag from /mnt/e/Assignments/Airflow/airflow/airflow_env/lib/python3.12/site-packages/airflow/example_dags/example_kubernetes_executor.py
[2024-12-26T04:01:35.682+0200] {logging_mixin.py:190} INFO - [2024-12-26T04:01:35.681+0200] {example_kubernetes_executor.py:39} WARNING - The example_kubernetes_executor example DAG requires the kubernetes provider. Please install it with: pip install apache-airflow[cncf.kubernetes]
[2024-12-26T04:01:35.683+0200] {processor.py:927} WARNING - No viable dags retrieved from /mnt/e/Assignments/Airflow/airflow/airflow_env/lib/python3.12/site-packages/airflow/example_dags/example_kubernetes_executor.py
[2024-12-26T04:01:35.701+0200] {processor.py:208} INFO - Processing /mnt/e/Assignments/Airflow/airflow/airflow_env/lib/python3.12/site-packages/airflow/example_dags/example_kubernetes_executor.py took 0.081 seconds
[2024-12-26T04:03:48.945+0200] {processor.py:186} INFO - Started process (PID=193472) to work on /mnt/e/Assignments/Airflow/airflow/airflow_env/lib/python3.12/site-packages/airflow/example_dags/example_kubernetes_executor.py
[2024-12-26T04:03:48.951+0200] {processor.py:914} INFO - Processing file /mnt/e/Assignments/Airflow/airflow/airflow_env/lib/python3.12/site-packages/airflow/example_dags/example_kubernetes_executor.py for tasks to queue
[2024-12-26T04:03:48.958+0200] {logging_mixin.py:190} INFO - [2024-12-26T04:03:48.955+0200] {dagbag.py:588} INFO - Filling up the DagBag from /mnt/e/Assignments/Airflow/airflow/airflow_env/lib/python3.12/site-packages/airflow/example_dags/example_kubernetes_executor.py
[2024-12-26T04:03:49.047+0200] {logging_mixin.py:190} INFO - [2024-12-26T04:03:49.044+0200] {example_kubernetes_executor.py:39} WARNING - The example_kubernetes_executor example DAG requires the kubernetes provider. Please install it with: pip install apache-airflow[cncf.kubernetes]
[2024-12-26T04:03:49.051+0200] {processor.py:927} WARNING - No viable dags retrieved from /mnt/e/Assignments/Airflow/airflow/airflow_env/lib/python3.12/site-packages/airflow/example_dags/example_kubernetes_executor.py
[2024-12-26T04:03:49.113+0200] {processor.py:208} INFO - Processing /mnt/e/Assignments/Airflow/airflow/airflow_env/lib/python3.12/site-packages/airflow/example_dags/example_kubernetes_executor.py took 0.198 seconds
[2024-12-26T04:05:49.963+0200] {processor.py:186} INFO - Started process (PID=193552) to work on /mnt/e/Assignments/Airflow/airflow/airflow_env/lib/python3.12/site-packages/airflow/example_dags/example_kubernetes_executor.py
[2024-12-26T04:05:49.964+0200] {processor.py:914} INFO - Processing file /mnt/e/Assignments/Airflow/airflow/airflow_env/lib/python3.12/site-packages/airflow/example_dags/example_kubernetes_executor.py for tasks to queue
[2024-12-26T04:05:49.967+0200] {logging_mixin.py:190} INFO - [2024-12-26T04:05:49.966+0200] {dagbag.py:588} INFO - Filling up the DagBag from /mnt/e/Assignments/Airflow/airflow/airflow_env/lib/python3.12/site-packages/airflow/example_dags/example_kubernetes_executor.py
[2024-12-26T04:05:49.986+0200] {logging_mixin.py:190} INFO - [2024-12-26T04:05:49.986+0200] {example_kubernetes_executor.py:39} WARNING - The example_kubernetes_executor example DAG requires the kubernetes provider. Please install it with: pip install apache-airflow[cncf.kubernetes]
[2024-12-26T04:05:49.987+0200] {processor.py:927} WARNING - No viable dags retrieved from /mnt/e/Assignments/Airflow/airflow/airflow_env/lib/python3.12/site-packages/airflow/example_dags/example_kubernetes_executor.py
[2024-12-26T04:05:50.002+0200] {processor.py:208} INFO - Processing /mnt/e/Assignments/Airflow/airflow/airflow_env/lib/python3.12/site-packages/airflow/example_dags/example_kubernetes_executor.py took 0.048 seconds
[2024-12-26T04:07:54.318+0200] {processor.py:186} INFO - Started process (PID=193631) to work on /mnt/e/Assignments/Airflow/airflow/airflow_env/lib/python3.12/site-packages/airflow/example_dags/example_kubernetes_executor.py
[2024-12-26T04:07:54.321+0200] {processor.py:914} INFO - Processing file /mnt/e/Assignments/Airflow/airflow/airflow_env/lib/python3.12/site-packages/airflow/example_dags/example_kubernetes_executor.py for tasks to queue
[2024-12-26T04:07:54.326+0200] {logging_mixin.py:190} INFO - [2024-12-26T04:07:54.324+0200] {dagbag.py:588} INFO - Filling up the DagBag from /mnt/e/Assignments/Airflow/airflow/airflow_env/lib/python3.12/site-packages/airflow/example_dags/example_kubernetes_executor.py
[2024-12-26T04:07:54.402+0200] {logging_mixin.py:190} INFO - [2024-12-26T04:07:54.398+0200] {example_kubernetes_executor.py:39} WARNING - The example_kubernetes_executor example DAG requires the kubernetes provider. Please install it with: pip install apache-airflow[cncf.kubernetes]
[2024-12-26T04:07:54.408+0200] {processor.py:927} WARNING - No viable dags retrieved from /mnt/e/Assignments/Airflow/airflow/airflow_env/lib/python3.12/site-packages/airflow/example_dags/example_kubernetes_executor.py
[2024-12-26T04:07:54.462+0200] {processor.py:208} INFO - Processing /mnt/e/Assignments/Airflow/airflow/airflow_env/lib/python3.12/site-packages/airflow/example_dags/example_kubernetes_executor.py took 0.159 seconds
[2024-12-26T04:09:41.001+0200] {processor.py:186} INFO - Started process (PID=193706) to work on /mnt/e/Assignments/Airflow/airflow/airflow_env/lib/python3.12/site-packages/airflow/example_dags/example_kubernetes_executor.py
[2024-12-26T04:09:41.003+0200] {processor.py:914} INFO - Processing file /mnt/e/Assignments/Airflow/airflow/airflow_env/lib/python3.12/site-packages/airflow/example_dags/example_kubernetes_executor.py for tasks to queue
[2024-12-26T04:09:41.006+0200] {logging_mixin.py:190} INFO - [2024-12-26T04:09:41.005+0200] {dagbag.py:588} INFO - Filling up the DagBag from /mnt/e/Assignments/Airflow/airflow/airflow_env/lib/python3.12/site-packages/airflow/example_dags/example_kubernetes_executor.py
[2024-12-26T04:09:41.028+0200] {logging_mixin.py:190} INFO - [2024-12-26T04:09:41.028+0200] {example_kubernetes_executor.py:39} WARNING - The example_kubernetes_executor example DAG requires the kubernetes provider. Please install it with: pip install apache-airflow[cncf.kubernetes]
[2024-12-26T04:09:41.029+0200] {processor.py:927} WARNING - No viable dags retrieved from /mnt/e/Assignments/Airflow/airflow/airflow_env/lib/python3.12/site-packages/airflow/example_dags/example_kubernetes_executor.py
[2024-12-26T04:09:41.046+0200] {processor.py:208} INFO - Processing /mnt/e/Assignments/Airflow/airflow/airflow_env/lib/python3.12/site-packages/airflow/example_dags/example_kubernetes_executor.py took 0.061 seconds
[2024-12-26T04:11:34.267+0200] {processor.py:186} INFO - Started process (PID=193783) to work on /mnt/e/Assignments/Airflow/airflow/airflow_env/lib/python3.12/site-packages/airflow/example_dags/example_kubernetes_executor.py
[2024-12-26T04:11:34.270+0200] {processor.py:914} INFO - Processing file /mnt/e/Assignments/Airflow/airflow/airflow_env/lib/python3.12/site-packages/airflow/example_dags/example_kubernetes_executor.py for tasks to queue
[2024-12-26T04:11:34.274+0200] {logging_mixin.py:190} INFO - [2024-12-26T04:11:34.272+0200] {dagbag.py:588} INFO - Filling up the DagBag from /mnt/e/Assignments/Airflow/airflow/airflow_env/lib/python3.12/site-packages/airflow/example_dags/example_kubernetes_executor.py
[2024-12-26T04:11:34.294+0200] {logging_mixin.py:190} INFO - [2024-12-26T04:11:34.293+0200] {example_kubernetes_executor.py:39} WARNING - The example_kubernetes_executor example DAG requires the kubernetes provider. Please install it with: pip install apache-airflow[cncf.kubernetes]
[2024-12-26T04:11:34.294+0200] {processor.py:927} WARNING - No viable dags retrieved from /mnt/e/Assignments/Airflow/airflow/airflow_env/lib/python3.12/site-packages/airflow/example_dags/example_kubernetes_executor.py
[2024-12-26T04:11:34.310+0200] {processor.py:208} INFO - Processing /mnt/e/Assignments/Airflow/airflow/airflow_env/lib/python3.12/site-packages/airflow/example_dags/example_kubernetes_executor.py took 0.057 seconds
[2024-12-26T04:13:19.627+0200] {processor.py:186} INFO - Started process (PID=193858) to work on /mnt/e/Assignments/Airflow/airflow/airflow_env/lib/python3.12/site-packages/airflow/example_dags/example_kubernetes_executor.py
[2024-12-26T04:13:19.632+0200] {processor.py:914} INFO - Processing file /mnt/e/Assignments/Airflow/airflow/airflow_env/lib/python3.12/site-packages/airflow/example_dags/example_kubernetes_executor.py for tasks to queue
[2024-12-26T04:13:19.640+0200] {logging_mixin.py:190} INFO - [2024-12-26T04:13:19.637+0200] {dagbag.py:588} INFO - Filling up the DagBag from /mnt/e/Assignments/Airflow/airflow/airflow_env/lib/python3.12/site-packages/airflow/example_dags/example_kubernetes_executor.py
[2024-12-26T04:13:19.710+0200] {logging_mixin.py:190} INFO - [2024-12-26T04:13:19.709+0200] {example_kubernetes_executor.py:39} WARNING - The example_kubernetes_executor example DAG requires the kubernetes provider. Please install it with: pip install apache-airflow[cncf.kubernetes]
[2024-12-26T04:13:19.712+0200] {processor.py:927} WARNING - No viable dags retrieved from /mnt/e/Assignments/Airflow/airflow/airflow_env/lib/python3.12/site-packages/airflow/example_dags/example_kubernetes_executor.py
[2024-12-26T04:13:19.761+0200] {processor.py:208} INFO - Processing /mnt/e/Assignments/Airflow/airflow/airflow_env/lib/python3.12/site-packages/airflow/example_dags/example_kubernetes_executor.py took 0.163 seconds
[2024-12-26T04:15:25.910+0200] {processor.py:186} INFO - Started process (PID=193939) to work on /mnt/e/Assignments/Airflow/airflow/airflow_env/lib/python3.12/site-packages/airflow/example_dags/example_kubernetes_executor.py
[2024-12-26T04:15:25.912+0200] {processor.py:914} INFO - Processing file /mnt/e/Assignments/Airflow/airflow/airflow_env/lib/python3.12/site-packages/airflow/example_dags/example_kubernetes_executor.py for tasks to queue
[2024-12-26T04:15:25.917+0200] {logging_mixin.py:190} INFO - [2024-12-26T04:15:25.916+0200] {dagbag.py:588} INFO - Filling up the DagBag from /mnt/e/Assignments/Airflow/airflow/airflow_env/lib/python3.12/site-packages/airflow/example_dags/example_kubernetes_executor.py
[2024-12-26T04:15:25.943+0200] {logging_mixin.py:190} INFO - [2024-12-26T04:15:25.943+0200] {example_kubernetes_executor.py:39} WARNING - The example_kubernetes_executor example DAG requires the kubernetes provider. Please install it with: pip install apache-airflow[cncf.kubernetes]
[2024-12-26T04:15:25.944+0200] {processor.py:927} WARNING - No viable dags retrieved from /mnt/e/Assignments/Airflow/airflow/airflow_env/lib/python3.12/site-packages/airflow/example_dags/example_kubernetes_executor.py
[2024-12-26T04:15:25.962+0200] {processor.py:208} INFO - Processing /mnt/e/Assignments/Airflow/airflow/airflow_env/lib/python3.12/site-packages/airflow/example_dags/example_kubernetes_executor.py took 0.063 seconds
[2024-12-26T04:17:36.520+0200] {processor.py:186} INFO - Started process (PID=194025) to work on /mnt/e/Assignments/Airflow/airflow/airflow_env/lib/python3.12/site-packages/airflow/example_dags/example_kubernetes_executor.py
[2024-12-26T04:17:36.523+0200] {processor.py:914} INFO - Processing file /mnt/e/Assignments/Airflow/airflow/airflow_env/lib/python3.12/site-packages/airflow/example_dags/example_kubernetes_executor.py for tasks to queue
[2024-12-26T04:17:36.529+0200] {logging_mixin.py:190} INFO - [2024-12-26T04:17:36.526+0200] {dagbag.py:588} INFO - Filling up the DagBag from /mnt/e/Assignments/Airflow/airflow/airflow_env/lib/python3.12/site-packages/airflow/example_dags/example_kubernetes_executor.py
[2024-12-26T04:17:36.565+0200] {logging_mixin.py:190} INFO - [2024-12-26T04:17:36.564+0200] {example_kubernetes_executor.py:39} WARNING - The example_kubernetes_executor example DAG requires the kubernetes provider. Please install it with: pip install apache-airflow[cncf.kubernetes]
[2024-12-26T04:17:36.566+0200] {processor.py:927} WARNING - No viable dags retrieved from /mnt/e/Assignments/Airflow/airflow/airflow_env/lib/python3.12/site-packages/airflow/example_dags/example_kubernetes_executor.py
[2024-12-26T04:17:36.581+0200] {processor.py:208} INFO - Processing /mnt/e/Assignments/Airflow/airflow/airflow_env/lib/python3.12/site-packages/airflow/example_dags/example_kubernetes_executor.py took 0.076 seconds
[2024-12-26T04:19:54.506+0200] {processor.py:186} INFO - Started process (PID=194111) to work on /mnt/e/Assignments/Airflow/airflow/airflow_env/lib/python3.12/site-packages/airflow/example_dags/example_kubernetes_executor.py
[2024-12-26T04:19:54.510+0200] {processor.py:914} INFO - Processing file /mnt/e/Assignments/Airflow/airflow/airflow_env/lib/python3.12/site-packages/airflow/example_dags/example_kubernetes_executor.py for tasks to queue
[2024-12-26T04:19:54.518+0200] {logging_mixin.py:190} INFO - [2024-12-26T04:19:54.515+0200] {dagbag.py:588} INFO - Filling up the DagBag from /mnt/e/Assignments/Airflow/airflow/airflow_env/lib/python3.12/site-packages/airflow/example_dags/example_kubernetes_executor.py
[2024-12-26T04:19:54.596+0200] {logging_mixin.py:190} INFO - [2024-12-26T04:19:54.593+0200] {example_kubernetes_executor.py:39} WARNING - The example_kubernetes_executor example DAG requires the kubernetes provider. Please install it with: pip install apache-airflow[cncf.kubernetes]
[2024-12-26T04:19:54.599+0200] {processor.py:927} WARNING - No viable dags retrieved from /mnt/e/Assignments/Airflow/airflow/airflow_env/lib/python3.12/site-packages/airflow/example_dags/example_kubernetes_executor.py
[2024-12-26T04:19:54.648+0200] {processor.py:208} INFO - Processing /mnt/e/Assignments/Airflow/airflow/airflow_env/lib/python3.12/site-packages/airflow/example_dags/example_kubernetes_executor.py took 0.174 seconds
[2024-12-26T04:22:13.485+0200] {processor.py:186} INFO - Started process (PID=194195) to work on /mnt/e/Assignments/Airflow/airflow/airflow_env/lib/python3.12/site-packages/airflow/example_dags/example_kubernetes_executor.py
[2024-12-26T04:22:13.489+0200] {processor.py:914} INFO - Processing file /mnt/e/Assignments/Airflow/airflow/airflow_env/lib/python3.12/site-packages/airflow/example_dags/example_kubernetes_executor.py for tasks to queue
[2024-12-26T04:22:13.495+0200] {logging_mixin.py:190} INFO - [2024-12-26T04:22:13.493+0200] {dagbag.py:588} INFO - Filling up the DagBag from /mnt/e/Assignments/Airflow/airflow/airflow_env/lib/python3.12/site-packages/airflow/example_dags/example_kubernetes_executor.py
[2024-12-26T04:22:13.561+0200] {logging_mixin.py:190} INFO - [2024-12-26T04:22:13.559+0200] {example_kubernetes_executor.py:39} WARNING - The example_kubernetes_executor example DAG requires the kubernetes provider. Please install it with: pip install apache-airflow[cncf.kubernetes]
[2024-12-26T04:22:13.565+0200] {processor.py:927} WARNING - No viable dags retrieved from /mnt/e/Assignments/Airflow/airflow/airflow_env/lib/python3.12/site-packages/airflow/example_dags/example_kubernetes_executor.py
[2024-12-26T04:22:13.588+0200] {processor.py:208} INFO - Processing /mnt/e/Assignments/Airflow/airflow/airflow_env/lib/python3.12/site-packages/airflow/example_dags/example_kubernetes_executor.py took 0.130 seconds
[2024-12-26T04:24:38.255+0200] {processor.py:186} INFO - Started process (PID=194278) to work on /mnt/e/Assignments/Airflow/airflow/airflow_env/lib/python3.12/site-packages/airflow/example_dags/example_kubernetes_executor.py
[2024-12-26T04:24:38.260+0200] {processor.py:914} INFO - Processing file /mnt/e/Assignments/Airflow/airflow/airflow_env/lib/python3.12/site-packages/airflow/example_dags/example_kubernetes_executor.py for tasks to queue
[2024-12-26T04:24:38.267+0200] {logging_mixin.py:190} INFO - [2024-12-26T04:24:38.264+0200] {dagbag.py:588} INFO - Filling up the DagBag from /mnt/e/Assignments/Airflow/airflow/airflow_env/lib/python3.12/site-packages/airflow/example_dags/example_kubernetes_executor.py
[2024-12-26T04:24:38.308+0200] {logging_mixin.py:190} INFO - [2024-12-26T04:24:38.308+0200] {example_kubernetes_executor.py:39} WARNING - The example_kubernetes_executor example DAG requires the kubernetes provider. Please install it with: pip install apache-airflow[cncf.kubernetes]
[2024-12-26T04:24:38.309+0200] {processor.py:927} WARNING - No viable dags retrieved from /mnt/e/Assignments/Airflow/airflow/airflow_env/lib/python3.12/site-packages/airflow/example_dags/example_kubernetes_executor.py
[2024-12-26T04:24:38.325+0200] {processor.py:208} INFO - Processing /mnt/e/Assignments/Airflow/airflow/airflow_env/lib/python3.12/site-packages/airflow/example_dags/example_kubernetes_executor.py took 0.097 seconds
[2024-12-26T04:26:46.741+0200] {processor.py:186} INFO - Started process (PID=194359) to work on /mnt/e/Assignments/Airflow/airflow/airflow_env/lib/python3.12/site-packages/airflow/example_dags/example_kubernetes_executor.py
[2024-12-26T04:26:46.743+0200] {processor.py:914} INFO - Processing file /mnt/e/Assignments/Airflow/airflow/airflow_env/lib/python3.12/site-packages/airflow/example_dags/example_kubernetes_executor.py for tasks to queue
[2024-12-26T04:26:46.745+0200] {logging_mixin.py:190} INFO - [2024-12-26T04:26:46.744+0200] {dagbag.py:588} INFO - Filling up the DagBag from /mnt/e/Assignments/Airflow/airflow/airflow_env/lib/python3.12/site-packages/airflow/example_dags/example_kubernetes_executor.py
[2024-12-26T04:26:46.764+0200] {logging_mixin.py:190} INFO - [2024-12-26T04:26:46.764+0200] {example_kubernetes_executor.py:39} WARNING - The example_kubernetes_executor example DAG requires the kubernetes provider. Please install it with: pip install apache-airflow[cncf.kubernetes]
[2024-12-26T04:26:46.765+0200] {processor.py:927} WARNING - No viable dags retrieved from /mnt/e/Assignments/Airflow/airflow/airflow_env/lib/python3.12/site-packages/airflow/example_dags/example_kubernetes_executor.py
[2024-12-26T04:26:46.781+0200] {processor.py:208} INFO - Processing /mnt/e/Assignments/Airflow/airflow/airflow_env/lib/python3.12/site-packages/airflow/example_dags/example_kubernetes_executor.py took 0.052 seconds
[2024-12-26T04:29:10.764+0200] {processor.py:186} INFO - Started process (PID=194445) to work on /mnt/e/Assignments/Airflow/airflow/airflow_env/lib/python3.12/site-packages/airflow/example_dags/example_kubernetes_executor.py
[2024-12-26T04:29:10.768+0200] {processor.py:914} INFO - Processing file /mnt/e/Assignments/Airflow/airflow/airflow_env/lib/python3.12/site-packages/airflow/example_dags/example_kubernetes_executor.py for tasks to queue
[2024-12-26T04:29:10.776+0200] {logging_mixin.py:190} INFO - [2024-12-26T04:29:10.773+0200] {dagbag.py:588} INFO - Filling up the DagBag from /mnt/e/Assignments/Airflow/airflow/airflow_env/lib/python3.12/site-packages/airflow/example_dags/example_kubernetes_executor.py
[2024-12-26T04:29:10.856+0200] {logging_mixin.py:190} INFO - [2024-12-26T04:29:10.852+0200] {example_kubernetes_executor.py:39} WARNING - The example_kubernetes_executor example DAG requires the kubernetes provider. Please install it with: pip install apache-airflow[cncf.kubernetes]
[2024-12-26T04:29:10.861+0200] {processor.py:927} WARNING - No viable dags retrieved from /mnt/e/Assignments/Airflow/airflow/airflow_env/lib/python3.12/site-packages/airflow/example_dags/example_kubernetes_executor.py
[2024-12-26T04:29:10.918+0200] {processor.py:208} INFO - Processing /mnt/e/Assignments/Airflow/airflow/airflow_env/lib/python3.12/site-packages/airflow/example_dags/example_kubernetes_executor.py took 0.175 seconds
[2024-12-26T04:31:23.885+0200] {processor.py:186} INFO - Started process (PID=194525) to work on /mnt/e/Assignments/Airflow/airflow/airflow_env/lib/python3.12/site-packages/airflow/example_dags/example_kubernetes_executor.py
[2024-12-26T04:31:23.892+0200] {processor.py:914} INFO - Processing file /mnt/e/Assignments/Airflow/airflow/airflow_env/lib/python3.12/site-packages/airflow/example_dags/example_kubernetes_executor.py for tasks to queue
[2024-12-26T04:31:23.903+0200] {logging_mixin.py:190} INFO - [2024-12-26T04:31:23.898+0200] {dagbag.py:588} INFO - Filling up the DagBag from /mnt/e/Assignments/Airflow/airflow/airflow_env/lib/python3.12/site-packages/airflow/example_dags/example_kubernetes_executor.py
[2024-12-26T04:31:24.030+0200] {logging_mixin.py:190} INFO - [2024-12-26T04:31:24.027+0200] {example_kubernetes_executor.py:39} WARNING - The example_kubernetes_executor example DAG requires the kubernetes provider. Please install it with: pip install apache-airflow[cncf.kubernetes]
[2024-12-26T04:31:24.035+0200] {processor.py:927} WARNING - No viable dags retrieved from /mnt/e/Assignments/Airflow/airflow/airflow_env/lib/python3.12/site-packages/airflow/example_dags/example_kubernetes_executor.py
[2024-12-26T04:31:24.096+0200] {processor.py:208} INFO - Processing /mnt/e/Assignments/Airflow/airflow/airflow_env/lib/python3.12/site-packages/airflow/example_dags/example_kubernetes_executor.py took 0.252 seconds
[2024-12-26T04:33:24.273+0200] {processor.py:186} INFO - Started process (PID=194607) to work on /mnt/e/Assignments/Airflow/airflow/airflow_env/lib/python3.12/site-packages/airflow/example_dags/example_kubernetes_executor.py
[2024-12-26T04:33:24.275+0200] {processor.py:914} INFO - Processing file /mnt/e/Assignments/Airflow/airflow/airflow_env/lib/python3.12/site-packages/airflow/example_dags/example_kubernetes_executor.py for tasks to queue
[2024-12-26T04:33:24.278+0200] {logging_mixin.py:190} INFO - [2024-12-26T04:33:24.277+0200] {dagbag.py:588} INFO - Filling up the DagBag from /mnt/e/Assignments/Airflow/airflow/airflow_env/lib/python3.12/site-packages/airflow/example_dags/example_kubernetes_executor.py
[2024-12-26T04:33:24.301+0200] {logging_mixin.py:190} INFO - [2024-12-26T04:33:24.300+0200] {example_kubernetes_executor.py:39} WARNING - The example_kubernetes_executor example DAG requires the kubernetes provider. Please install it with: pip install apache-airflow[cncf.kubernetes]
[2024-12-26T04:33:24.302+0200] {processor.py:927} WARNING - No viable dags retrieved from /mnt/e/Assignments/Airflow/airflow/airflow_env/lib/python3.12/site-packages/airflow/example_dags/example_kubernetes_executor.py
[2024-12-26T04:33:24.320+0200] {processor.py:208} INFO - Processing /mnt/e/Assignments/Airflow/airflow/airflow_env/lib/python3.12/site-packages/airflow/example_dags/example_kubernetes_executor.py took 0.059 seconds
