[2024-12-26T02:07:42.325+0200] {processor.py:186} INFO - Started process (PID=188624) to work on /mnt/e/Assignments/Airflow/airflow/airflow_env/lib/python3.12/site-packages/airflow/example_dags/example_display_name.py
[2024-12-26T02:07:42.327+0200] {processor.py:914} INFO - Processing file /mnt/e/Assignments/Airflow/airflow/airflow_env/lib/python3.12/site-packages/airflow/example_dags/example_display_name.py for tasks to queue
[2024-12-26T02:07:42.330+0200] {logging_mixin.py:190} INFO - [2024-12-26T02:07:42.329+0200] {dagbag.py:588} INFO - Filling up the DagBag from /mnt/e/Assignments/Airflow/airflow/airflow_env/lib/python3.12/site-packages/airflow/example_dags/example_display_name.py
[2024-12-26T02:07:42.358+0200] {processor.py:925} INFO - DAG(s) 'example_display_name' retrieved from /mnt/e/Assignments/Airflow/airflow/airflow_env/lib/python3.12/site-packages/airflow/example_dags/example_display_name.py
[2024-12-26T02:07:42.421+0200] {logging_mixin.py:190} INFO - [2024-12-26T02:07:42.406+0200] {dag.py:3239} INFO - Sync 1 DAGs
[2024-12-26T02:07:42.439+0200] {logging_mixin.py:190} INFO - [2024-12-26T02:07:42.437+0200] {dag.py:4180} INFO - Setting next_dagrun for example_display_name to None, run_after=None
[2024-12-26T02:07:42.511+0200] {processor.py:208} INFO - Processing /mnt/e/Assignments/Airflow/airflow/airflow_env/lib/python3.12/site-packages/airflow/example_dags/example_display_name.py took 0.203 seconds
[2024-12-26T02:09:54.223+0200] {processor.py:186} INFO - Started process (PID=188707) to work on /mnt/e/Assignments/Airflow/airflow/airflow_env/lib/python3.12/site-packages/airflow/example_dags/example_display_name.py
[2024-12-26T02:09:54.227+0200] {processor.py:914} INFO - Processing file /mnt/e/Assignments/Airflow/airflow/airflow_env/lib/python3.12/site-packages/airflow/example_dags/example_display_name.py for tasks to queue
[2024-12-26T02:09:54.234+0200] {logging_mixin.py:190} INFO - [2024-12-26T02:09:54.231+0200] {dagbag.py:588} INFO - Filling up the DagBag from /mnt/e/Assignments/Airflow/airflow/airflow_env/lib/python3.12/site-packages/airflow/example_dags/example_display_name.py
[2024-12-26T02:09:54.312+0200] {processor.py:925} INFO - DAG(s) 'example_display_name' retrieved from /mnt/e/Assignments/Airflow/airflow/airflow_env/lib/python3.12/site-packages/airflow/example_dags/example_display_name.py
[2024-12-26T02:09:54.395+0200] {logging_mixin.py:190} INFO - [2024-12-26T02:09:54.393+0200] {dag.py:3239} INFO - Sync 1 DAGs
[2024-12-26T02:09:54.419+0200] {logging_mixin.py:190} INFO - [2024-12-26T02:09:54.416+0200] {dag.py:4180} INFO - Setting next_dagrun for example_display_name to None, run_after=None
[2024-12-26T02:09:54.552+0200] {processor.py:208} INFO - Processing /mnt/e/Assignments/Airflow/airflow/airflow_env/lib/python3.12/site-packages/airflow/example_dags/example_display_name.py took 0.355 seconds
[2024-12-26T02:12:04.757+0200] {processor.py:186} INFO - Started process (PID=188804) to work on /mnt/e/Assignments/Airflow/airflow/airflow_env/lib/python3.12/site-packages/airflow/example_dags/example_display_name.py
[2024-12-26T02:12:04.761+0200] {processor.py:914} INFO - Processing file /mnt/e/Assignments/Airflow/airflow/airflow_env/lib/python3.12/site-packages/airflow/example_dags/example_display_name.py for tasks to queue
[2024-12-26T02:12:04.770+0200] {logging_mixin.py:190} INFO - [2024-12-26T02:12:04.767+0200] {dagbag.py:588} INFO - Filling up the DagBag from /mnt/e/Assignments/Airflow/airflow/airflow_env/lib/python3.12/site-packages/airflow/example_dags/example_display_name.py
[2024-12-26T02:12:04.822+0200] {processor.py:925} INFO - DAG(s) 'example_display_name' retrieved from /mnt/e/Assignments/Airflow/airflow/airflow_env/lib/python3.12/site-packages/airflow/example_dags/example_display_name.py
[2024-12-26T02:12:04.869+0200] {logging_mixin.py:190} INFO - [2024-12-26T02:12:04.867+0200] {dag.py:3239} INFO - Sync 1 DAGs
[2024-12-26T02:12:04.890+0200] {logging_mixin.py:190} INFO - [2024-12-26T02:12:04.887+0200] {dag.py:4180} INFO - Setting next_dagrun for example_display_name to None, run_after=None
[2024-12-26T02:12:05.006+0200] {processor.py:208} INFO - Processing /mnt/e/Assignments/Airflow/airflow/airflow_env/lib/python3.12/site-packages/airflow/example_dags/example_display_name.py took 0.276 seconds
[2024-12-26T02:14:14.661+0200] {processor.py:186} INFO - Started process (PID=188889) to work on /mnt/e/Assignments/Airflow/airflow/airflow_env/lib/python3.12/site-packages/airflow/example_dags/example_display_name.py
[2024-12-26T02:14:14.664+0200] {processor.py:914} INFO - Processing file /mnt/e/Assignments/Airflow/airflow/airflow_env/lib/python3.12/site-packages/airflow/example_dags/example_display_name.py for tasks to queue
[2024-12-26T02:14:14.671+0200] {logging_mixin.py:190} INFO - [2024-12-26T02:14:14.668+0200] {dagbag.py:588} INFO - Filling up the DagBag from /mnt/e/Assignments/Airflow/airflow/airflow_env/lib/python3.12/site-packages/airflow/example_dags/example_display_name.py
[2024-12-26T02:14:14.719+0200] {processor.py:925} INFO - DAG(s) 'example_display_name' retrieved from /mnt/e/Assignments/Airflow/airflow/airflow_env/lib/python3.12/site-packages/airflow/example_dags/example_display_name.py
[2024-12-26T02:14:14.760+0200] {logging_mixin.py:190} INFO - [2024-12-26T02:14:14.758+0200] {dag.py:3239} INFO - Sync 1 DAGs
[2024-12-26T02:14:14.780+0200] {logging_mixin.py:190} INFO - [2024-12-26T02:14:14.778+0200] {dag.py:4180} INFO - Setting next_dagrun for example_display_name to None, run_after=None
[2024-12-26T02:14:14.865+0200] {processor.py:208} INFO - Processing /mnt/e/Assignments/Airflow/airflow/airflow_env/lib/python3.12/site-packages/airflow/example_dags/example_display_name.py took 0.224 seconds
[2024-12-26T02:16:27.670+0200] {processor.py:186} INFO - Started process (PID=188973) to work on /mnt/e/Assignments/Airflow/airflow/airflow_env/lib/python3.12/site-packages/airflow/example_dags/example_display_name.py
[2024-12-26T02:16:27.673+0200] {processor.py:914} INFO - Processing file /mnt/e/Assignments/Airflow/airflow/airflow_env/lib/python3.12/site-packages/airflow/example_dags/example_display_name.py for tasks to queue
[2024-12-26T02:16:27.675+0200] {logging_mixin.py:190} INFO - [2024-12-26T02:16:27.674+0200] {dagbag.py:588} INFO - Filling up the DagBag from /mnt/e/Assignments/Airflow/airflow/airflow_env/lib/python3.12/site-packages/airflow/example_dags/example_display_name.py
[2024-12-26T02:16:27.699+0200] {processor.py:925} INFO - DAG(s) 'example_display_name' retrieved from /mnt/e/Assignments/Airflow/airflow/airflow_env/lib/python3.12/site-packages/airflow/example_dags/example_display_name.py
[2024-12-26T02:16:27.727+0200] {logging_mixin.py:190} INFO - [2024-12-26T02:16:27.726+0200] {dag.py:3239} INFO - Sync 1 DAGs
[2024-12-26T02:16:27.740+0200] {logging_mixin.py:190} INFO - [2024-12-26T02:16:27.739+0200] {dag.py:4180} INFO - Setting next_dagrun for example_display_name to None, run_after=None
[2024-12-26T02:16:27.810+0200] {processor.py:208} INFO - Processing /mnt/e/Assignments/Airflow/airflow/airflow_env/lib/python3.12/site-packages/airflow/example_dags/example_display_name.py took 0.154 seconds
[2024-12-26T02:18:28.230+0200] {processor.py:186} INFO - Started process (PID=189069) to work on /mnt/e/Assignments/Airflow/airflow/airflow_env/lib/python3.12/site-packages/airflow/example_dags/example_display_name.py
[2024-12-26T02:18:28.234+0200] {processor.py:914} INFO - Processing file /mnt/e/Assignments/Airflow/airflow/airflow_env/lib/python3.12/site-packages/airflow/example_dags/example_display_name.py for tasks to queue
[2024-12-26T02:18:28.242+0200] {logging_mixin.py:190} INFO - [2024-12-26T02:18:28.239+0200] {dagbag.py:588} INFO - Filling up the DagBag from /mnt/e/Assignments/Airflow/airflow/airflow_env/lib/python3.12/site-packages/airflow/example_dags/example_display_name.py
[2024-12-26T02:18:28.310+0200] {processor.py:925} INFO - DAG(s) 'example_display_name' retrieved from /mnt/e/Assignments/Airflow/airflow/airflow_env/lib/python3.12/site-packages/airflow/example_dags/example_display_name.py
[2024-12-26T02:18:28.368+0200] {logging_mixin.py:190} INFO - [2024-12-26T02:18:28.356+0200] {dag.py:3239} INFO - Sync 1 DAGs
[2024-12-26T02:18:28.419+0200] {logging_mixin.py:190} INFO - [2024-12-26T02:18:28.417+0200] {dag.py:4180} INFO - Setting next_dagrun for example_display_name to None, run_after=None
[2024-12-26T02:18:28.571+0200] {processor.py:208} INFO - Processing /mnt/e/Assignments/Airflow/airflow/airflow_env/lib/python3.12/site-packages/airflow/example_dags/example_display_name.py took 0.371 seconds
[2024-12-26T02:20:42.338+0200] {processor.py:186} INFO - Started process (PID=189160) to work on /mnt/e/Assignments/Airflow/airflow/airflow_env/lib/python3.12/site-packages/airflow/example_dags/example_display_name.py
[2024-12-26T02:20:42.340+0200] {processor.py:914} INFO - Processing file /mnt/e/Assignments/Airflow/airflow/airflow_env/lib/python3.12/site-packages/airflow/example_dags/example_display_name.py for tasks to queue
[2024-12-26T02:20:42.343+0200] {logging_mixin.py:190} INFO - [2024-12-26T02:20:42.342+0200] {dagbag.py:588} INFO - Filling up the DagBag from /mnt/e/Assignments/Airflow/airflow/airflow_env/lib/python3.12/site-packages/airflow/example_dags/example_display_name.py
[2024-12-26T02:20:42.368+0200] {processor.py:925} INFO - DAG(s) 'example_display_name' retrieved from /mnt/e/Assignments/Airflow/airflow/airflow_env/lib/python3.12/site-packages/airflow/example_dags/example_display_name.py
[2024-12-26T02:20:42.395+0200] {logging_mixin.py:190} INFO - [2024-12-26T02:20:42.394+0200] {dag.py:3239} INFO - Sync 1 DAGs
[2024-12-26T02:20:42.410+0200] {logging_mixin.py:190} INFO - [2024-12-26T02:20:42.409+0200] {dag.py:4180} INFO - Setting next_dagrun for example_display_name to None, run_after=None
[2024-12-26T02:20:42.469+0200] {processor.py:208} INFO - Processing /mnt/e/Assignments/Airflow/airflow/airflow_env/lib/python3.12/site-packages/airflow/example_dags/example_display_name.py took 0.148 seconds
[2024-12-26T02:22:51.157+0200] {processor.py:186} INFO - Started process (PID=189267) to work on /mnt/e/Assignments/Airflow/airflow/airflow_env/lib/python3.12/site-packages/airflow/example_dags/example_display_name.py
[2024-12-26T02:22:51.161+0200] {processor.py:914} INFO - Processing file /mnt/e/Assignments/Airflow/airflow/airflow_env/lib/python3.12/site-packages/airflow/example_dags/example_display_name.py for tasks to queue
[2024-12-26T02:22:51.167+0200] {logging_mixin.py:190} INFO - [2024-12-26T02:22:51.163+0200] {dagbag.py:588} INFO - Filling up the DagBag from /mnt/e/Assignments/Airflow/airflow/airflow_env/lib/python3.12/site-packages/airflow/example_dags/example_display_name.py
[2024-12-26T02:22:51.203+0200] {processor.py:925} INFO - DAG(s) 'example_display_name' retrieved from /mnt/e/Assignments/Airflow/airflow/airflow_env/lib/python3.12/site-packages/airflow/example_dags/example_display_name.py
[2024-12-26T02:22:51.240+0200] {logging_mixin.py:190} INFO - [2024-12-26T02:22:51.238+0200] {dag.py:3239} INFO - Sync 1 DAGs
[2024-12-26T02:22:51.260+0200] {logging_mixin.py:190} INFO - [2024-12-26T02:22:51.259+0200] {dag.py:4180} INFO - Setting next_dagrun for example_display_name to None, run_after=None
[2024-12-26T02:22:51.364+0200] {processor.py:208} INFO - Processing /mnt/e/Assignments/Airflow/airflow/airflow_env/lib/python3.12/site-packages/airflow/example_dags/example_display_name.py took 0.228 seconds
[2024-12-26T02:25:02.639+0200] {processor.py:186} INFO - Started process (PID=189390) to work on /mnt/e/Assignments/Airflow/airflow/airflow_env/lib/python3.12/site-packages/airflow/example_dags/example_display_name.py
[2024-12-26T02:25:02.642+0200] {processor.py:914} INFO - Processing file /mnt/e/Assignments/Airflow/airflow/airflow_env/lib/python3.12/site-packages/airflow/example_dags/example_display_name.py for tasks to queue
[2024-12-26T02:25:02.645+0200] {logging_mixin.py:190} INFO - [2024-12-26T02:25:02.644+0200] {dagbag.py:588} INFO - Filling up the DagBag from /mnt/e/Assignments/Airflow/airflow/airflow_env/lib/python3.12/site-packages/airflow/example_dags/example_display_name.py
[2024-12-26T02:25:02.677+0200] {processor.py:925} INFO - DAG(s) 'example_display_name' retrieved from /mnt/e/Assignments/Airflow/airflow/airflow_env/lib/python3.12/site-packages/airflow/example_dags/example_display_name.py
[2024-12-26T02:25:02.712+0200] {logging_mixin.py:190} INFO - [2024-12-26T02:25:02.711+0200] {dag.py:3239} INFO - Sync 1 DAGs
[2024-12-26T02:25:02.729+0200] {logging_mixin.py:190} INFO - [2024-12-26T02:25:02.727+0200] {dag.py:4180} INFO - Setting next_dagrun for example_display_name to None, run_after=None
[2024-12-26T02:25:02.800+0200] {processor.py:208} INFO - Processing /mnt/e/Assignments/Airflow/airflow/airflow_env/lib/python3.12/site-packages/airflow/example_dags/example_display_name.py took 0.182 seconds
[2024-12-26T02:27:08.359+0200] {processor.py:186} INFO - Started process (PID=189530) to work on /mnt/e/Assignments/Airflow/airflow/airflow_env/lib/python3.12/site-packages/airflow/example_dags/example_display_name.py
[2024-12-26T02:27:08.361+0200] {processor.py:914} INFO - Processing file /mnt/e/Assignments/Airflow/airflow/airflow_env/lib/python3.12/site-packages/airflow/example_dags/example_display_name.py for tasks to queue
[2024-12-26T02:27:08.365+0200] {logging_mixin.py:190} INFO - [2024-12-26T02:27:08.364+0200] {dagbag.py:588} INFO - Filling up the DagBag from /mnt/e/Assignments/Airflow/airflow/airflow_env/lib/python3.12/site-packages/airflow/example_dags/example_display_name.py
[2024-12-26T02:27:08.398+0200] {processor.py:925} INFO - DAG(s) 'example_display_name' retrieved from /mnt/e/Assignments/Airflow/airflow/airflow_env/lib/python3.12/site-packages/airflow/example_dags/example_display_name.py
[2024-12-26T02:27:08.431+0200] {logging_mixin.py:190} INFO - [2024-12-26T02:27:08.430+0200] {dag.py:3239} INFO - Sync 1 DAGs
[2024-12-26T02:27:08.449+0200] {logging_mixin.py:190} INFO - [2024-12-26T02:27:08.447+0200] {dag.py:4180} INFO - Setting next_dagrun for example_display_name to None, run_after=None
[2024-12-26T02:27:08.539+0200] {processor.py:208} INFO - Processing /mnt/e/Assignments/Airflow/airflow/airflow_env/lib/python3.12/site-packages/airflow/example_dags/example_display_name.py took 0.196 seconds
[2024-12-26T02:29:15.614+0200] {processor.py:186} INFO - Started process (PID=189662) to work on /mnt/e/Assignments/Airflow/airflow/airflow_env/lib/python3.12/site-packages/airflow/example_dags/example_display_name.py
[2024-12-26T02:29:15.619+0200] {processor.py:914} INFO - Processing file /mnt/e/Assignments/Airflow/airflow/airflow_env/lib/python3.12/site-packages/airflow/example_dags/example_display_name.py for tasks to queue
[2024-12-26T02:29:15.625+0200] {logging_mixin.py:190} INFO - [2024-12-26T02:29:15.622+0200] {dagbag.py:588} INFO - Filling up the DagBag from /mnt/e/Assignments/Airflow/airflow/airflow_env/lib/python3.12/site-packages/airflow/example_dags/example_display_name.py
[2024-12-26T02:29:15.681+0200] {processor.py:925} INFO - DAG(s) 'example_display_name' retrieved from /mnt/e/Assignments/Airflow/airflow/airflow_env/lib/python3.12/site-packages/airflow/example_dags/example_display_name.py
[2024-12-26T02:29:15.727+0200] {logging_mixin.py:190} INFO - [2024-12-26T02:29:15.725+0200] {dag.py:3239} INFO - Sync 1 DAGs
[2024-12-26T02:29:15.751+0200] {logging_mixin.py:190} INFO - [2024-12-26T02:29:15.748+0200] {dag.py:4180} INFO - Setting next_dagrun for example_display_name to None, run_after=None
[2024-12-26T02:29:16.011+0200] {processor.py:208} INFO - Processing /mnt/e/Assignments/Airflow/airflow/airflow_env/lib/python3.12/site-packages/airflow/example_dags/example_display_name.py took 0.421 seconds
[2024-12-26T02:31:30.984+0200] {processor.py:186} INFO - Started process (PID=189767) to work on /mnt/e/Assignments/Airflow/airflow/airflow_env/lib/python3.12/site-packages/airflow/example_dags/example_display_name.py
[2024-12-26T02:31:30.989+0200] {processor.py:914} INFO - Processing file /mnt/e/Assignments/Airflow/airflow/airflow_env/lib/python3.12/site-packages/airflow/example_dags/example_display_name.py for tasks to queue
[2024-12-26T02:31:30.997+0200] {logging_mixin.py:190} INFO - [2024-12-26T02:31:30.993+0200] {dagbag.py:588} INFO - Filling up the DagBag from /mnt/e/Assignments/Airflow/airflow/airflow_env/lib/python3.12/site-packages/airflow/example_dags/example_display_name.py
[2024-12-26T02:31:31.082+0200] {processor.py:925} INFO - DAG(s) 'example_display_name' retrieved from /mnt/e/Assignments/Airflow/airflow/airflow_env/lib/python3.12/site-packages/airflow/example_dags/example_display_name.py
[2024-12-26T02:31:31.145+0200] {logging_mixin.py:190} INFO - [2024-12-26T02:31:31.143+0200] {dag.py:3239} INFO - Sync 1 DAGs
[2024-12-26T02:31:31.164+0200] {logging_mixin.py:190} INFO - [2024-12-26T02:31:31.162+0200] {dag.py:4180} INFO - Setting next_dagrun for example_display_name to None, run_after=None
[2024-12-26T02:31:31.326+0200] {processor.py:208} INFO - Processing /mnt/e/Assignments/Airflow/airflow/airflow_env/lib/python3.12/site-packages/airflow/example_dags/example_display_name.py took 0.372 seconds
[2024-12-26T02:33:46.985+0200] {processor.py:186} INFO - Started process (PID=189866) to work on /mnt/e/Assignments/Airflow/airflow/airflow_env/lib/python3.12/site-packages/airflow/example_dags/example_display_name.py
[2024-12-26T02:33:46.987+0200] {processor.py:914} INFO - Processing file /mnt/e/Assignments/Airflow/airflow/airflow_env/lib/python3.12/site-packages/airflow/example_dags/example_display_name.py for tasks to queue
[2024-12-26T02:33:46.991+0200] {logging_mixin.py:190} INFO - [2024-12-26T02:33:46.990+0200] {dagbag.py:588} INFO - Filling up the DagBag from /mnt/e/Assignments/Airflow/airflow/airflow_env/lib/python3.12/site-packages/airflow/example_dags/example_display_name.py
[2024-12-26T02:33:47.015+0200] {processor.py:925} INFO - DAG(s) 'example_display_name' retrieved from /mnt/e/Assignments/Airflow/airflow/airflow_env/lib/python3.12/site-packages/airflow/example_dags/example_display_name.py
[2024-12-26T02:33:47.053+0200] {logging_mixin.py:190} INFO - [2024-12-26T02:33:47.051+0200] {dag.py:3239} INFO - Sync 1 DAGs
[2024-12-26T02:33:47.073+0200] {logging_mixin.py:190} INFO - [2024-12-26T02:33:47.072+0200] {dag.py:4180} INFO - Setting next_dagrun for example_display_name to None, run_after=None
[2024-12-26T02:33:47.152+0200] {processor.py:208} INFO - Processing /mnt/e/Assignments/Airflow/airflow/airflow_env/lib/python3.12/site-packages/airflow/example_dags/example_display_name.py took 0.180 seconds
[2024-12-26T02:36:11.911+0200] {processor.py:186} INFO - Started process (PID=189970) to work on /mnt/e/Assignments/Airflow/airflow/airflow_env/lib/python3.12/site-packages/airflow/example_dags/example_display_name.py
[2024-12-26T02:36:11.914+0200] {processor.py:914} INFO - Processing file /mnt/e/Assignments/Airflow/airflow/airflow_env/lib/python3.12/site-packages/airflow/example_dags/example_display_name.py for tasks to queue
[2024-12-26T02:36:11.918+0200] {logging_mixin.py:190} INFO - [2024-12-26T02:36:11.916+0200] {dagbag.py:588} INFO - Filling up the DagBag from /mnt/e/Assignments/Airflow/airflow/airflow_env/lib/python3.12/site-packages/airflow/example_dags/example_display_name.py
[2024-12-26T02:36:11.951+0200] {processor.py:925} INFO - DAG(s) 'example_display_name' retrieved from /mnt/e/Assignments/Airflow/airflow/airflow_env/lib/python3.12/site-packages/airflow/example_dags/example_display_name.py
[2024-12-26T02:36:11.986+0200] {logging_mixin.py:190} INFO - [2024-12-26T02:36:11.985+0200] {dag.py:3239} INFO - Sync 1 DAGs
[2024-12-26T02:36:12.003+0200] {logging_mixin.py:190} INFO - [2024-12-26T02:36:12.002+0200] {dag.py:4180} INFO - Setting next_dagrun for example_display_name to None, run_after=None
[2024-12-26T02:36:12.091+0200] {processor.py:208} INFO - Processing /mnt/e/Assignments/Airflow/airflow/airflow_env/lib/python3.12/site-packages/airflow/example_dags/example_display_name.py took 0.197 seconds
[2024-12-26T02:38:28.949+0200] {processor.py:186} INFO - Started process (PID=190067) to work on /mnt/e/Assignments/Airflow/airflow/airflow_env/lib/python3.12/site-packages/airflow/example_dags/example_display_name.py
[2024-12-26T02:38:28.953+0200] {processor.py:914} INFO - Processing file /mnt/e/Assignments/Airflow/airflow/airflow_env/lib/python3.12/site-packages/airflow/example_dags/example_display_name.py for tasks to queue
[2024-12-26T02:38:28.958+0200] {logging_mixin.py:190} INFO - [2024-12-26T02:38:28.955+0200] {dagbag.py:588} INFO - Filling up the DagBag from /mnt/e/Assignments/Airflow/airflow/airflow_env/lib/python3.12/site-packages/airflow/example_dags/example_display_name.py
[2024-12-26T02:38:28.988+0200] {processor.py:925} INFO - DAG(s) 'example_display_name' retrieved from /mnt/e/Assignments/Airflow/airflow/airflow_env/lib/python3.12/site-packages/airflow/example_dags/example_display_name.py
[2024-12-26T02:38:29.013+0200] {logging_mixin.py:190} INFO - [2024-12-26T02:38:29.012+0200] {dag.py:3239} INFO - Sync 1 DAGs
[2024-12-26T02:38:29.026+0200] {logging_mixin.py:190} INFO - [2024-12-26T02:38:29.025+0200] {dag.py:4180} INFO - Setting next_dagrun for example_display_name to None, run_after=None
[2024-12-26T02:38:29.098+0200] {processor.py:208} INFO - Processing /mnt/e/Assignments/Airflow/airflow/airflow_env/lib/python3.12/site-packages/airflow/example_dags/example_display_name.py took 0.165 seconds
[2024-12-26T02:41:38.594+0200] {processor.py:186} INFO - Started process (PID=190157) to work on /mnt/e/Assignments/Airflow/airflow/airflow_env/lib/python3.12/site-packages/airflow/example_dags/example_display_name.py
[2024-12-26T02:41:38.597+0200] {processor.py:914} INFO - Processing file /mnt/e/Assignments/Airflow/airflow/airflow_env/lib/python3.12/site-packages/airflow/example_dags/example_display_name.py for tasks to queue
[2024-12-26T02:41:38.602+0200] {logging_mixin.py:190} INFO - [2024-12-26T02:41:38.599+0200] {dagbag.py:588} INFO - Filling up the DagBag from /mnt/e/Assignments/Airflow/airflow/airflow_env/lib/python3.12/site-packages/airflow/example_dags/example_display_name.py
[2024-12-26T02:41:38.640+0200] {processor.py:925} INFO - DAG(s) 'example_display_name' retrieved from /mnt/e/Assignments/Airflow/airflow/airflow_env/lib/python3.12/site-packages/airflow/example_dags/example_display_name.py
[2024-12-26T02:41:38.690+0200] {logging_mixin.py:190} INFO - [2024-12-26T02:41:38.689+0200] {dag.py:3239} INFO - Sync 1 DAGs
[2024-12-26T02:41:38.722+0200] {logging_mixin.py:190} INFO - [2024-12-26T02:41:38.720+0200] {dag.py:4180} INFO - Setting next_dagrun for example_display_name to None, run_after=None
[2024-12-26T02:41:38.838+0200] {processor.py:208} INFO - Processing /mnt/e/Assignments/Airflow/airflow/airflow_env/lib/python3.12/site-packages/airflow/example_dags/example_display_name.py took 0.259 seconds
[2024-12-26T02:43:43.245+0200] {processor.py:186} INFO - Started process (PID=190236) to work on /mnt/e/Assignments/Airflow/airflow/airflow_env/lib/python3.12/site-packages/airflow/example_dags/example_display_name.py
[2024-12-26T02:43:43.252+0200] {processor.py:914} INFO - Processing file /mnt/e/Assignments/Airflow/airflow/airflow_env/lib/python3.12/site-packages/airflow/example_dags/example_display_name.py for tasks to queue
[2024-12-26T02:43:43.257+0200] {logging_mixin.py:190} INFO - [2024-12-26T02:43:43.255+0200] {dagbag.py:588} INFO - Filling up the DagBag from /mnt/e/Assignments/Airflow/airflow/airflow_env/lib/python3.12/site-packages/airflow/example_dags/example_display_name.py
[2024-12-26T02:43:43.286+0200] {processor.py:925} INFO - DAG(s) 'example_display_name' retrieved from /mnt/e/Assignments/Airflow/airflow/airflow_env/lib/python3.12/site-packages/airflow/example_dags/example_display_name.py
[2024-12-26T02:43:43.326+0200] {logging_mixin.py:190} INFO - [2024-12-26T02:43:43.325+0200] {dag.py:3239} INFO - Sync 1 DAGs
[2024-12-26T02:43:43.345+0200] {logging_mixin.py:190} INFO - [2024-12-26T02:43:43.343+0200] {dag.py:4180} INFO - Setting next_dagrun for example_display_name to None, run_after=None
[2024-12-26T02:43:43.419+0200] {processor.py:208} INFO - Processing /mnt/e/Assignments/Airflow/airflow/airflow_env/lib/python3.12/site-packages/airflow/example_dags/example_display_name.py took 0.191 seconds
[2024-12-26T02:45:47.391+0200] {processor.py:186} INFO - Started process (PID=190317) to work on /mnt/e/Assignments/Airflow/airflow/airflow_env/lib/python3.12/site-packages/airflow/example_dags/example_display_name.py
[2024-12-26T02:45:47.393+0200] {processor.py:914} INFO - Processing file /mnt/e/Assignments/Airflow/airflow/airflow_env/lib/python3.12/site-packages/airflow/example_dags/example_display_name.py for tasks to queue
[2024-12-26T02:45:47.398+0200] {logging_mixin.py:190} INFO - [2024-12-26T02:45:47.396+0200] {dagbag.py:588} INFO - Filling up the DagBag from /mnt/e/Assignments/Airflow/airflow/airflow_env/lib/python3.12/site-packages/airflow/example_dags/example_display_name.py
[2024-12-26T02:45:47.436+0200] {processor.py:925} INFO - DAG(s) 'example_display_name' retrieved from /mnt/e/Assignments/Airflow/airflow/airflow_env/lib/python3.12/site-packages/airflow/example_dags/example_display_name.py
[2024-12-26T02:45:47.472+0200] {logging_mixin.py:190} INFO - [2024-12-26T02:45:47.471+0200] {dag.py:3239} INFO - Sync 1 DAGs
[2024-12-26T02:45:47.487+0200] {logging_mixin.py:190} INFO - [2024-12-26T02:45:47.486+0200] {dag.py:4180} INFO - Setting next_dagrun for example_display_name to None, run_after=None
[2024-12-26T02:45:47.586+0200] {processor.py:208} INFO - Processing /mnt/e/Assignments/Airflow/airflow/airflow_env/lib/python3.12/site-packages/airflow/example_dags/example_display_name.py took 0.212 seconds
[2024-12-26T02:47:51.344+0200] {processor.py:186} INFO - Started process (PID=190422) to work on /mnt/e/Assignments/Airflow/airflow/airflow_env/lib/python3.12/site-packages/airflow/example_dags/example_display_name.py
[2024-12-26T02:47:51.347+0200] {processor.py:914} INFO - Processing file /mnt/e/Assignments/Airflow/airflow/airflow_env/lib/python3.12/site-packages/airflow/example_dags/example_display_name.py for tasks to queue
[2024-12-26T02:47:51.351+0200] {logging_mixin.py:190} INFO - [2024-12-26T02:47:51.349+0200] {dagbag.py:588} INFO - Filling up the DagBag from /mnt/e/Assignments/Airflow/airflow/airflow_env/lib/python3.12/site-packages/airflow/example_dags/example_display_name.py
[2024-12-26T02:47:51.394+0200] {processor.py:925} INFO - DAG(s) 'example_display_name' retrieved from /mnt/e/Assignments/Airflow/airflow/airflow_env/lib/python3.12/site-packages/airflow/example_dags/example_display_name.py
[2024-12-26T02:47:51.434+0200] {logging_mixin.py:190} INFO - [2024-12-26T02:47:51.432+0200] {dag.py:3239} INFO - Sync 1 DAGs
[2024-12-26T02:47:51.449+0200] {logging_mixin.py:190} INFO - [2024-12-26T02:47:51.448+0200] {dag.py:4180} INFO - Setting next_dagrun for example_display_name to None, run_after=None
[2024-12-26T02:47:51.545+0200] {processor.py:208} INFO - Processing /mnt/e/Assignments/Airflow/airflow/airflow_env/lib/python3.12/site-packages/airflow/example_dags/example_display_name.py took 0.223 seconds
[2024-12-26T02:50:04.011+0200] {processor.py:186} INFO - Started process (PID=190531) to work on /mnt/e/Assignments/Airflow/airflow/airflow_env/lib/python3.12/site-packages/airflow/example_dags/example_display_name.py
[2024-12-26T02:50:04.014+0200] {processor.py:914} INFO - Processing file /mnt/e/Assignments/Airflow/airflow/airflow_env/lib/python3.12/site-packages/airflow/example_dags/example_display_name.py for tasks to queue
[2024-12-26T02:50:04.018+0200] {logging_mixin.py:190} INFO - [2024-12-26T02:50:04.017+0200] {dagbag.py:588} INFO - Filling up the DagBag from /mnt/e/Assignments/Airflow/airflow/airflow_env/lib/python3.12/site-packages/airflow/example_dags/example_display_name.py
[2024-12-26T02:50:04.077+0200] {processor.py:925} INFO - DAG(s) 'example_display_name' retrieved from /mnt/e/Assignments/Airflow/airflow/airflow_env/lib/python3.12/site-packages/airflow/example_dags/example_display_name.py
[2024-12-26T02:50:04.137+0200] {logging_mixin.py:190} INFO - [2024-12-26T02:50:04.134+0200] {dag.py:3239} INFO - Sync 1 DAGs
[2024-12-26T02:50:04.161+0200] {logging_mixin.py:190} INFO - [2024-12-26T02:50:04.159+0200] {dag.py:4180} INFO - Setting next_dagrun for example_display_name to None, run_after=None
[2024-12-26T02:50:04.263+0200] {processor.py:208} INFO - Processing /mnt/e/Assignments/Airflow/airflow/airflow_env/lib/python3.12/site-packages/airflow/example_dags/example_display_name.py took 0.266 seconds
[2024-12-26T02:52:12.781+0200] {processor.py:186} INFO - Started process (PID=190621) to work on /mnt/e/Assignments/Airflow/airflow/airflow_env/lib/python3.12/site-packages/airflow/example_dags/example_display_name.py
[2024-12-26T02:52:12.784+0200] {processor.py:914} INFO - Processing file /mnt/e/Assignments/Airflow/airflow/airflow_env/lib/python3.12/site-packages/airflow/example_dags/example_display_name.py for tasks to queue
[2024-12-26T02:52:12.787+0200] {logging_mixin.py:190} INFO - [2024-12-26T02:52:12.786+0200] {dagbag.py:588} INFO - Filling up the DagBag from /mnt/e/Assignments/Airflow/airflow/airflow_env/lib/python3.12/site-packages/airflow/example_dags/example_display_name.py
[2024-12-26T02:52:12.820+0200] {processor.py:925} INFO - DAG(s) 'example_display_name' retrieved from /mnt/e/Assignments/Airflow/airflow/airflow_env/lib/python3.12/site-packages/airflow/example_dags/example_display_name.py
[2024-12-26T02:52:12.867+0200] {logging_mixin.py:190} INFO - [2024-12-26T02:52:12.866+0200] {dag.py:3239} INFO - Sync 1 DAGs
[2024-12-26T02:52:12.887+0200] {logging_mixin.py:190} INFO - [2024-12-26T02:52:12.886+0200] {dag.py:4180} INFO - Setting next_dagrun for example_display_name to None, run_after=None
[2024-12-26T02:52:12.957+0200] {processor.py:208} INFO - Processing /mnt/e/Assignments/Airflow/airflow/airflow_env/lib/python3.12/site-packages/airflow/example_dags/example_display_name.py took 0.196 seconds
[2024-12-26T02:54:28.661+0200] {processor.py:186} INFO - Started process (PID=190721) to work on /mnt/e/Assignments/Airflow/airflow/airflow_env/lib/python3.12/site-packages/airflow/example_dags/example_display_name.py
[2024-12-26T02:54:28.665+0200] {processor.py:914} INFO - Processing file /mnt/e/Assignments/Airflow/airflow/airflow_env/lib/python3.12/site-packages/airflow/example_dags/example_display_name.py for tasks to queue
[2024-12-26T02:54:28.670+0200] {logging_mixin.py:190} INFO - [2024-12-26T02:54:28.668+0200] {dagbag.py:588} INFO - Filling up the DagBag from /mnt/e/Assignments/Airflow/airflow/airflow_env/lib/python3.12/site-packages/airflow/example_dags/example_display_name.py
[2024-12-26T02:54:28.716+0200] {processor.py:925} INFO - DAG(s) 'example_display_name' retrieved from /mnt/e/Assignments/Airflow/airflow/airflow_env/lib/python3.12/site-packages/airflow/example_dags/example_display_name.py
[2024-12-26T02:54:28.761+0200] {logging_mixin.py:190} INFO - [2024-12-26T02:54:28.759+0200] {dag.py:3239} INFO - Sync 1 DAGs
[2024-12-26T02:54:28.777+0200] {logging_mixin.py:190} INFO - [2024-12-26T02:54:28.776+0200] {dag.py:4180} INFO - Setting next_dagrun for example_display_name to None, run_after=None
[2024-12-26T02:54:28.863+0200] {processor.py:208} INFO - Processing /mnt/e/Assignments/Airflow/airflow/airflow_env/lib/python3.12/site-packages/airflow/example_dags/example_display_name.py took 0.222 seconds
[2024-12-26T02:56:36.749+0200] {processor.py:186} INFO - Started process (PID=190812) to work on /mnt/e/Assignments/Airflow/airflow/airflow_env/lib/python3.12/site-packages/airflow/example_dags/example_display_name.py
[2024-12-26T02:56:36.751+0200] {processor.py:914} INFO - Processing file /mnt/e/Assignments/Airflow/airflow/airflow_env/lib/python3.12/site-packages/airflow/example_dags/example_display_name.py for tasks to queue
[2024-12-26T02:56:36.754+0200] {logging_mixin.py:190} INFO - [2024-12-26T02:56:36.753+0200] {dagbag.py:588} INFO - Filling up the DagBag from /mnt/e/Assignments/Airflow/airflow/airflow_env/lib/python3.12/site-packages/airflow/example_dags/example_display_name.py
[2024-12-26T02:56:36.777+0200] {processor.py:925} INFO - DAG(s) 'example_display_name' retrieved from /mnt/e/Assignments/Airflow/airflow/airflow_env/lib/python3.12/site-packages/airflow/example_dags/example_display_name.py
[2024-12-26T02:56:36.805+0200] {logging_mixin.py:190} INFO - [2024-12-26T02:56:36.804+0200] {dag.py:3239} INFO - Sync 1 DAGs
[2024-12-26T02:56:36.818+0200] {logging_mixin.py:190} INFO - [2024-12-26T02:56:36.817+0200] {dag.py:4180} INFO - Setting next_dagrun for example_display_name to None, run_after=None
[2024-12-26T02:56:36.869+0200] {processor.py:208} INFO - Processing /mnt/e/Assignments/Airflow/airflow/airflow_env/lib/python3.12/site-packages/airflow/example_dags/example_display_name.py took 0.135 seconds
[2024-12-26T02:58:48.971+0200] {processor.py:186} INFO - Started process (PID=190896) to work on /mnt/e/Assignments/Airflow/airflow/airflow_env/lib/python3.12/site-packages/airflow/example_dags/example_display_name.py
[2024-12-26T02:58:48.974+0200] {processor.py:914} INFO - Processing file /mnt/e/Assignments/Airflow/airflow/airflow_env/lib/python3.12/site-packages/airflow/example_dags/example_display_name.py for tasks to queue
[2024-12-26T02:58:48.977+0200] {logging_mixin.py:190} INFO - [2024-12-26T02:58:48.976+0200] {dagbag.py:588} INFO - Filling up the DagBag from /mnt/e/Assignments/Airflow/airflow/airflow_env/lib/python3.12/site-packages/airflow/example_dags/example_display_name.py
[2024-12-26T02:58:49.009+0200] {processor.py:925} INFO - DAG(s) 'example_display_name' retrieved from /mnt/e/Assignments/Airflow/airflow/airflow_env/lib/python3.12/site-packages/airflow/example_dags/example_display_name.py
[2024-12-26T02:58:49.046+0200] {logging_mixin.py:190} INFO - [2024-12-26T02:58:49.044+0200] {dag.py:3239} INFO - Sync 1 DAGs
[2024-12-26T02:58:49.063+0200] {logging_mixin.py:190} INFO - [2024-12-26T02:58:49.062+0200] {dag.py:4180} INFO - Setting next_dagrun for example_display_name to None, run_after=None
[2024-12-26T02:58:49.170+0200] {processor.py:208} INFO - Processing /mnt/e/Assignments/Airflow/airflow/airflow_env/lib/python3.12/site-packages/airflow/example_dags/example_display_name.py took 0.215 seconds
[2024-12-26T03:01:58.310+0200] {processor.py:186} INFO - Started process (PID=191008) to work on /mnt/e/Assignments/Airflow/airflow/airflow_env/lib/python3.12/site-packages/airflow/example_dags/example_display_name.py
[2024-12-26T03:01:58.314+0200] {processor.py:914} INFO - Processing file /mnt/e/Assignments/Airflow/airflow/airflow_env/lib/python3.12/site-packages/airflow/example_dags/example_display_name.py for tasks to queue
[2024-12-26T03:01:58.320+0200] {logging_mixin.py:190} INFO - [2024-12-26T03:01:58.318+0200] {dagbag.py:588} INFO - Filling up the DagBag from /mnt/e/Assignments/Airflow/airflow/airflow_env/lib/python3.12/site-packages/airflow/example_dags/example_display_name.py
[2024-12-26T03:01:58.457+0200] {processor.py:925} INFO - DAG(s) 'example_display_name' retrieved from /mnt/e/Assignments/Airflow/airflow/airflow_env/lib/python3.12/site-packages/airflow/example_dags/example_display_name.py
[2024-12-26T03:01:58.487+0200] {logging_mixin.py:190} INFO - [2024-12-26T03:01:58.486+0200] {dag.py:3239} INFO - Sync 1 DAGs
[2024-12-26T03:01:58.503+0200] {logging_mixin.py:190} INFO - [2024-12-26T03:01:58.502+0200] {dag.py:4180} INFO - Setting next_dagrun for example_display_name to None, run_after=None
[2024-12-26T03:01:58.565+0200] {processor.py:208} INFO - Processing /mnt/e/Assignments/Airflow/airflow/airflow_env/lib/python3.12/site-packages/airflow/example_dags/example_display_name.py took 0.272 seconds
[2024-12-26T03:04:17.490+0200] {processor.py:186} INFO - Started process (PID=191103) to work on /mnt/e/Assignments/Airflow/airflow/airflow_env/lib/python3.12/site-packages/airflow/example_dags/example_display_name.py
[2024-12-26T03:04:17.493+0200] {processor.py:914} INFO - Processing file /mnt/e/Assignments/Airflow/airflow/airflow_env/lib/python3.12/site-packages/airflow/example_dags/example_display_name.py for tasks to queue
[2024-12-26T03:04:17.498+0200] {logging_mixin.py:190} INFO - [2024-12-26T03:04:17.497+0200] {dagbag.py:588} INFO - Filling up the DagBag from /mnt/e/Assignments/Airflow/airflow/airflow_env/lib/python3.12/site-packages/airflow/example_dags/example_display_name.py
[2024-12-26T03:04:17.604+0200] {processor.py:925} INFO - DAG(s) 'example_display_name' retrieved from /mnt/e/Assignments/Airflow/airflow/airflow_env/lib/python3.12/site-packages/airflow/example_dags/example_display_name.py
[2024-12-26T03:04:17.640+0200] {logging_mixin.py:190} INFO - [2024-12-26T03:04:17.638+0200] {dag.py:3239} INFO - Sync 1 DAGs
[2024-12-26T03:04:17.664+0200] {logging_mixin.py:190} INFO - [2024-12-26T03:04:17.662+0200] {dag.py:4180} INFO - Setting next_dagrun for example_display_name to None, run_after=None
[2024-12-26T03:04:17.764+0200] {processor.py:208} INFO - Processing /mnt/e/Assignments/Airflow/airflow/airflow_env/lib/python3.12/site-packages/airflow/example_dags/example_display_name.py took 0.291 seconds
[2024-12-26T03:06:41.544+0200] {processor.py:186} INFO - Started process (PID=191200) to work on /mnt/e/Assignments/Airflow/airflow/airflow_env/lib/python3.12/site-packages/airflow/example_dags/example_display_name.py
[2024-12-26T03:06:41.548+0200] {processor.py:914} INFO - Processing file /mnt/e/Assignments/Airflow/airflow/airflow_env/lib/python3.12/site-packages/airflow/example_dags/example_display_name.py for tasks to queue
[2024-12-26T03:06:41.553+0200] {logging_mixin.py:190} INFO - [2024-12-26T03:06:41.551+0200] {dagbag.py:588} INFO - Filling up the DagBag from /mnt/e/Assignments/Airflow/airflow/airflow_env/lib/python3.12/site-packages/airflow/example_dags/example_display_name.py
[2024-12-26T03:06:41.702+0200] {processor.py:925} INFO - DAG(s) 'example_display_name' retrieved from /mnt/e/Assignments/Airflow/airflow/airflow_env/lib/python3.12/site-packages/airflow/example_dags/example_display_name.py
[2024-12-26T03:06:41.753+0200] {logging_mixin.py:190} INFO - [2024-12-26T03:06:41.751+0200] {dag.py:3239} INFO - Sync 1 DAGs
[2024-12-26T03:06:41.772+0200] {logging_mixin.py:190} INFO - [2024-12-26T03:06:41.771+0200] {dag.py:4180} INFO - Setting next_dagrun for example_display_name to None, run_after=None
[2024-12-26T03:06:41.880+0200] {processor.py:208} INFO - Processing /mnt/e/Assignments/Airflow/airflow/airflow_env/lib/python3.12/site-packages/airflow/example_dags/example_display_name.py took 0.356 seconds
[2024-12-26T03:09:04.016+0200] {processor.py:186} INFO - Started process (PID=191269) to work on /mnt/e/Assignments/Airflow/airflow/airflow_env/lib/python3.12/site-packages/airflow/example_dags/example_display_name.py
[2024-12-26T03:09:04.019+0200] {processor.py:914} INFO - Processing file /mnt/e/Assignments/Airflow/airflow/airflow_env/lib/python3.12/site-packages/airflow/example_dags/example_display_name.py for tasks to queue
[2024-12-26T03:09:04.025+0200] {logging_mixin.py:190} INFO - [2024-12-26T03:09:04.023+0200] {dagbag.py:588} INFO - Filling up the DagBag from /mnt/e/Assignments/Airflow/airflow/airflow_env/lib/python3.12/site-packages/airflow/example_dags/example_display_name.py
[2024-12-26T03:09:07.077+0200] {processor.py:925} INFO - DAG(s) 'example_display_name' retrieved from /mnt/e/Assignments/Airflow/airflow/airflow_env/lib/python3.12/site-packages/airflow/example_dags/example_display_name.py
[2024-12-26T03:09:07.115+0200] {logging_mixin.py:190} INFO - [2024-12-26T03:09:07.112+0200] {dag.py:3239} INFO - Sync 1 DAGs
[2024-12-26T03:09:07.132+0200] {logging_mixin.py:190} INFO - [2024-12-26T03:09:07.131+0200] {dag.py:4180} INFO - Setting next_dagrun for example_display_name to None, run_after=None
[2024-12-26T03:09:07.234+0200] {processor.py:208} INFO - Processing /mnt/e/Assignments/Airflow/airflow/airflow_env/lib/python3.12/site-packages/airflow/example_dags/example_display_name.py took 0.303 seconds
[2024-12-26T03:11:14.647+0200] {processor.py:186} INFO - Started process (PID=191350) to work on /mnt/e/Assignments/Airflow/airflow/airflow_env/lib/python3.12/site-packages/airflow/example_dags/example_display_name.py
[2024-12-26T03:11:14.650+0200] {processor.py:914} INFO - Processing file /mnt/e/Assignments/Airflow/airflow/airflow_env/lib/python3.12/site-packages/airflow/example_dags/example_display_name.py for tasks to queue
[2024-12-26T03:11:14.654+0200] {logging_mixin.py:190} INFO - [2024-12-26T03:11:14.653+0200] {dagbag.py:588} INFO - Filling up the DagBag from /mnt/e/Assignments/Airflow/airflow/airflow_env/lib/python3.12/site-packages/airflow/example_dags/example_display_name.py
[2024-12-26T03:11:14.745+0200] {processor.py:925} INFO - DAG(s) 'example_display_name' retrieved from /mnt/e/Assignments/Airflow/airflow/airflow_env/lib/python3.12/site-packages/airflow/example_dags/example_display_name.py
[2024-12-26T03:11:14.821+0200] {logging_mixin.py:190} INFO - [2024-12-26T03:11:14.819+0200] {dag.py:3239} INFO - Sync 1 DAGs
[2024-12-26T03:11:14.845+0200] {logging_mixin.py:190} INFO - [2024-12-26T03:11:14.843+0200] {dag.py:4180} INFO - Setting next_dagrun for example_display_name to None, run_after=None
[2024-12-26T03:11:14.964+0200] {processor.py:208} INFO - Processing /mnt/e/Assignments/Airflow/airflow/airflow_env/lib/python3.12/site-packages/airflow/example_dags/example_display_name.py took 0.337 seconds
[2024-12-26T03:13:23.978+0200] {processor.py:186} INFO - Started process (PID=191434) to work on /mnt/e/Assignments/Airflow/airflow/airflow_env/lib/python3.12/site-packages/airflow/example_dags/example_display_name.py
[2024-12-26T03:13:23.981+0200] {processor.py:914} INFO - Processing file /mnt/e/Assignments/Airflow/airflow/airflow_env/lib/python3.12/site-packages/airflow/example_dags/example_display_name.py for tasks to queue
[2024-12-26T03:13:23.987+0200] {logging_mixin.py:190} INFO - [2024-12-26T03:13:23.985+0200] {dagbag.py:588} INFO - Filling up the DagBag from /mnt/e/Assignments/Airflow/airflow/airflow_env/lib/python3.12/site-packages/airflow/example_dags/example_display_name.py
[2024-12-26T03:13:24.147+0200] {processor.py:925} INFO - DAG(s) 'example_display_name' retrieved from /mnt/e/Assignments/Airflow/airflow/airflow_env/lib/python3.12/site-packages/airflow/example_dags/example_display_name.py
[2024-12-26T03:13:24.192+0200] {logging_mixin.py:190} INFO - [2024-12-26T03:13:24.190+0200] {dag.py:3239} INFO - Sync 1 DAGs
[2024-12-26T03:13:24.214+0200] {logging_mixin.py:190} INFO - [2024-12-26T03:13:24.212+0200] {dag.py:4180} INFO - Setting next_dagrun for example_display_name to None, run_after=None
[2024-12-26T03:13:24.378+0200] {processor.py:208} INFO - Processing /mnt/e/Assignments/Airflow/airflow/airflow_env/lib/python3.12/site-packages/airflow/example_dags/example_display_name.py took 0.422 seconds
[2024-12-26T03:15:26.184+0200] {processor.py:186} INFO - Started process (PID=191512) to work on /mnt/e/Assignments/Airflow/airflow/airflow_env/lib/python3.12/site-packages/airflow/example_dags/example_display_name.py
[2024-12-26T03:15:26.186+0200] {processor.py:914} INFO - Processing file /mnt/e/Assignments/Airflow/airflow/airflow_env/lib/python3.12/site-packages/airflow/example_dags/example_display_name.py for tasks to queue
[2024-12-26T03:15:26.190+0200] {logging_mixin.py:190} INFO - [2024-12-26T03:15:26.189+0200] {dagbag.py:588} INFO - Filling up the DagBag from /mnt/e/Assignments/Airflow/airflow/airflow_env/lib/python3.12/site-packages/airflow/example_dags/example_display_name.py
[2024-12-26T03:15:26.261+0200] {processor.py:925} INFO - DAG(s) 'example_display_name' retrieved from /mnt/e/Assignments/Airflow/airflow/airflow_env/lib/python3.12/site-packages/airflow/example_dags/example_display_name.py
[2024-12-26T03:15:26.288+0200] {logging_mixin.py:190} INFO - [2024-12-26T03:15:26.287+0200] {dag.py:3239} INFO - Sync 1 DAGs
[2024-12-26T03:15:26.301+0200] {logging_mixin.py:190} INFO - [2024-12-26T03:15:26.300+0200] {dag.py:4180} INFO - Setting next_dagrun for example_display_name to None, run_after=None
[2024-12-26T03:15:26.372+0200] {processor.py:208} INFO - Processing /mnt/e/Assignments/Airflow/airflow/airflow_env/lib/python3.12/site-packages/airflow/example_dags/example_display_name.py took 0.201 seconds
[2024-12-26T03:17:51.080+0200] {processor.py:186} INFO - Started process (PID=191599) to work on /mnt/e/Assignments/Airflow/airflow/airflow_env/lib/python3.12/site-packages/airflow/example_dags/example_display_name.py
[2024-12-26T03:17:51.084+0200] {processor.py:914} INFO - Processing file /mnt/e/Assignments/Airflow/airflow/airflow_env/lib/python3.12/site-packages/airflow/example_dags/example_display_name.py for tasks to queue
[2024-12-26T03:17:51.092+0200] {logging_mixin.py:190} INFO - [2024-12-26T03:17:51.089+0200] {dagbag.py:588} INFO - Filling up the DagBag from /mnt/e/Assignments/Airflow/airflow/airflow_env/lib/python3.12/site-packages/airflow/example_dags/example_display_name.py
[2024-12-26T03:17:51.175+0200] {processor.py:925} INFO - DAG(s) 'example_display_name' retrieved from /mnt/e/Assignments/Airflow/airflow/airflow_env/lib/python3.12/site-packages/airflow/example_dags/example_display_name.py
[2024-12-26T03:17:51.197+0200] {logging_mixin.py:190} INFO - [2024-12-26T03:17:51.196+0200] {dag.py:3239} INFO - Sync 1 DAGs
[2024-12-26T03:17:51.209+0200] {logging_mixin.py:190} INFO - [2024-12-26T03:17:51.208+0200] {dag.py:4180} INFO - Setting next_dagrun for example_display_name to None, run_after=None
[2024-12-26T03:17:51.251+0200] {processor.py:208} INFO - Processing /mnt/e/Assignments/Airflow/airflow/airflow_env/lib/python3.12/site-packages/airflow/example_dags/example_display_name.py took 0.198 seconds
[2024-12-26T03:19:57.139+0200] {processor.py:186} INFO - Started process (PID=191701) to work on /mnt/e/Assignments/Airflow/airflow/airflow_env/lib/python3.12/site-packages/airflow/example_dags/example_display_name.py
[2024-12-26T03:19:57.141+0200] {processor.py:914} INFO - Processing file /mnt/e/Assignments/Airflow/airflow/airflow_env/lib/python3.12/site-packages/airflow/example_dags/example_display_name.py for tasks to queue
[2024-12-26T03:19:57.144+0200] {logging_mixin.py:190} INFO - [2024-12-26T03:19:57.143+0200] {dagbag.py:588} INFO - Filling up the DagBag from /mnt/e/Assignments/Airflow/airflow/airflow_env/lib/python3.12/site-packages/airflow/example_dags/example_display_name.py
[2024-12-26T03:19:57.224+0200] {processor.py:925} INFO - DAG(s) 'example_display_name' retrieved from /mnt/e/Assignments/Airflow/airflow/airflow_env/lib/python3.12/site-packages/airflow/example_dags/example_display_name.py
[2024-12-26T03:19:57.244+0200] {logging_mixin.py:190} INFO - [2024-12-26T03:19:57.243+0200] {dag.py:3239} INFO - Sync 1 DAGs
[2024-12-26T03:19:57.254+0200] {logging_mixin.py:190} INFO - [2024-12-26T03:19:57.253+0200] {dag.py:4180} INFO - Setting next_dagrun for example_display_name to None, run_after=None
[2024-12-26T03:19:57.311+0200] {processor.py:208} INFO - Processing /mnt/e/Assignments/Airflow/airflow/airflow_env/lib/python3.12/site-packages/airflow/example_dags/example_display_name.py took 0.183 seconds
[2024-12-26T03:22:05.896+0200] {processor.py:186} INFO - Started process (PID=191800) to work on /mnt/e/Assignments/Airflow/airflow/airflow_env/lib/python3.12/site-packages/airflow/example_dags/example_display_name.py
[2024-12-26T03:22:05.899+0200] {processor.py:914} INFO - Processing file /mnt/e/Assignments/Airflow/airflow/airflow_env/lib/python3.12/site-packages/airflow/example_dags/example_display_name.py for tasks to queue
[2024-12-26T03:22:05.902+0200] {logging_mixin.py:190} INFO - [2024-12-26T03:22:05.901+0200] {dagbag.py:588} INFO - Filling up the DagBag from /mnt/e/Assignments/Airflow/airflow/airflow_env/lib/python3.12/site-packages/airflow/example_dags/example_display_name.py
[2024-12-26T03:22:05.976+0200] {processor.py:925} INFO - DAG(s) 'example_display_name' retrieved from /mnt/e/Assignments/Airflow/airflow/airflow_env/lib/python3.12/site-packages/airflow/example_dags/example_display_name.py
[2024-12-26T03:22:06.002+0200] {logging_mixin.py:190} INFO - [2024-12-26T03:22:06.001+0200] {dag.py:3239} INFO - Sync 1 DAGs
[2024-12-26T03:22:06.017+0200] {logging_mixin.py:190} INFO - [2024-12-26T03:22:06.016+0200] {dag.py:4180} INFO - Setting next_dagrun for example_display_name to None, run_after=None
[2024-12-26T03:22:06.070+0200] {processor.py:208} INFO - Processing /mnt/e/Assignments/Airflow/airflow/airflow_env/lib/python3.12/site-packages/airflow/example_dags/example_display_name.py took 0.191 seconds
[2024-12-26T03:24:13.306+0200] {processor.py:186} INFO - Started process (PID=191893) to work on /mnt/e/Assignments/Airflow/airflow/airflow_env/lib/python3.12/site-packages/airflow/example_dags/example_display_name.py
[2024-12-26T03:24:13.308+0200] {processor.py:914} INFO - Processing file /mnt/e/Assignments/Airflow/airflow/airflow_env/lib/python3.12/site-packages/airflow/example_dags/example_display_name.py for tasks to queue
[2024-12-26T03:24:13.312+0200] {logging_mixin.py:190} INFO - [2024-12-26T03:24:13.311+0200] {dagbag.py:588} INFO - Filling up the DagBag from /mnt/e/Assignments/Airflow/airflow/airflow_env/lib/python3.12/site-packages/airflow/example_dags/example_display_name.py
[2024-12-26T03:24:13.411+0200] {processor.py:925} INFO - DAG(s) 'example_display_name' retrieved from /mnt/e/Assignments/Airflow/airflow/airflow_env/lib/python3.12/site-packages/airflow/example_dags/example_display_name.py
[2024-12-26T03:24:13.441+0200] {logging_mixin.py:190} INFO - [2024-12-26T03:24:13.440+0200] {dag.py:3239} INFO - Sync 1 DAGs
[2024-12-26T03:24:13.456+0200] {logging_mixin.py:190} INFO - [2024-12-26T03:24:13.455+0200] {dag.py:4180} INFO - Setting next_dagrun for example_display_name to None, run_after=None
[2024-12-26T03:24:13.519+0200] {processor.py:208} INFO - Processing /mnt/e/Assignments/Airflow/airflow/airflow_env/lib/python3.12/site-packages/airflow/example_dags/example_display_name.py took 0.229 seconds
[2024-12-26T03:26:26.320+0200] {processor.py:186} INFO - Started process (PID=191981) to work on /mnt/e/Assignments/Airflow/airflow/airflow_env/lib/python3.12/site-packages/airflow/example_dags/example_display_name.py
[2024-12-26T03:26:26.322+0200] {processor.py:914} INFO - Processing file /mnt/e/Assignments/Airflow/airflow/airflow_env/lib/python3.12/site-packages/airflow/example_dags/example_display_name.py for tasks to queue
[2024-12-26T03:26:26.325+0200] {logging_mixin.py:190} INFO - [2024-12-26T03:26:26.324+0200] {dagbag.py:588} INFO - Filling up the DagBag from /mnt/e/Assignments/Airflow/airflow/airflow_env/lib/python3.12/site-packages/airflow/example_dags/example_display_name.py
[2024-12-26T03:26:26.374+0200] {processor.py:925} INFO - DAG(s) 'example_display_name' retrieved from /mnt/e/Assignments/Airflow/airflow/airflow_env/lib/python3.12/site-packages/airflow/example_dags/example_display_name.py
[2024-12-26T03:26:26.393+0200] {logging_mixin.py:190} INFO - [2024-12-26T03:26:26.392+0200] {dag.py:3239} INFO - Sync 1 DAGs
[2024-12-26T03:26:26.402+0200] {logging_mixin.py:190} INFO - [2024-12-26T03:26:26.402+0200] {dag.py:4180} INFO - Setting next_dagrun for example_display_name to None, run_after=None
[2024-12-26T03:26:26.442+0200] {processor.py:208} INFO - Processing /mnt/e/Assignments/Airflow/airflow/airflow_env/lib/python3.12/site-packages/airflow/example_dags/example_display_name.py took 0.130 seconds
[2024-12-26T03:28:30.449+0200] {processor.py:186} INFO - Started process (PID=192076) to work on /mnt/e/Assignments/Airflow/airflow/airflow_env/lib/python3.12/site-packages/airflow/example_dags/example_display_name.py
[2024-12-26T03:28:30.453+0200] {processor.py:914} INFO - Processing file /mnt/e/Assignments/Airflow/airflow/airflow_env/lib/python3.12/site-packages/airflow/example_dags/example_display_name.py for tasks to queue
[2024-12-26T03:28:30.457+0200] {logging_mixin.py:190} INFO - [2024-12-26T03:28:30.456+0200] {dagbag.py:588} INFO - Filling up the DagBag from /mnt/e/Assignments/Airflow/airflow/airflow_env/lib/python3.12/site-packages/airflow/example_dags/example_display_name.py
[2024-12-26T03:28:30.549+0200] {processor.py:925} INFO - DAG(s) 'example_display_name' retrieved from /mnt/e/Assignments/Airflow/airflow/airflow_env/lib/python3.12/site-packages/airflow/example_dags/example_display_name.py
[2024-12-26T03:28:30.578+0200] {logging_mixin.py:190} INFO - [2024-12-26T03:28:30.576+0200] {dag.py:3239} INFO - Sync 1 DAGs
[2024-12-26T03:28:30.592+0200] {logging_mixin.py:190} INFO - [2024-12-26T03:28:30.591+0200] {dag.py:4180} INFO - Setting next_dagrun for example_display_name to None, run_after=None
[2024-12-26T03:28:30.656+0200] {processor.py:208} INFO - Processing /mnt/e/Assignments/Airflow/airflow/airflow_env/lib/python3.12/site-packages/airflow/example_dags/example_display_name.py took 0.221 seconds
[2024-12-26T03:30:27.839+0200] {processor.py:186} INFO - Started process (PID=192167) to work on /mnt/e/Assignments/Airflow/airflow/airflow_env/lib/python3.12/site-packages/airflow/example_dags/example_display_name.py
[2024-12-26T03:30:27.842+0200] {processor.py:914} INFO - Processing file /mnt/e/Assignments/Airflow/airflow/airflow_env/lib/python3.12/site-packages/airflow/example_dags/example_display_name.py for tasks to queue
[2024-12-26T03:30:27.848+0200] {logging_mixin.py:190} INFO - [2024-12-26T03:30:27.847+0200] {dagbag.py:588} INFO - Filling up the DagBag from /mnt/e/Assignments/Airflow/airflow/airflow_env/lib/python3.12/site-packages/airflow/example_dags/example_display_name.py
[2024-12-26T03:30:27.942+0200] {processor.py:925} INFO - DAG(s) 'example_display_name' retrieved from /mnt/e/Assignments/Airflow/airflow/airflow_env/lib/python3.12/site-packages/airflow/example_dags/example_display_name.py
[2024-12-26T03:30:27.971+0200] {logging_mixin.py:190} INFO - [2024-12-26T03:30:27.970+0200] {dag.py:3239} INFO - Sync 1 DAGs
[2024-12-26T03:30:27.985+0200] {logging_mixin.py:190} INFO - [2024-12-26T03:30:27.984+0200] {dag.py:4180} INFO - Setting next_dagrun for example_display_name to None, run_after=None
[2024-12-26T03:30:28.062+0200] {processor.py:208} INFO - Processing /mnt/e/Assignments/Airflow/airflow/airflow_env/lib/python3.12/site-packages/airflow/example_dags/example_display_name.py took 0.241 seconds
[2024-12-26T03:32:47.807+0200] {processor.py:186} INFO - Started process (PID=192264) to work on /mnt/e/Assignments/Airflow/airflow/airflow_env/lib/python3.12/site-packages/airflow/example_dags/example_display_name.py
[2024-12-26T03:32:47.810+0200] {processor.py:914} INFO - Processing file /mnt/e/Assignments/Airflow/airflow/airflow_env/lib/python3.12/site-packages/airflow/example_dags/example_display_name.py for tasks to queue
[2024-12-26T03:32:47.815+0200] {logging_mixin.py:190} INFO - [2024-12-26T03:32:47.813+0200] {dagbag.py:588} INFO - Filling up the DagBag from /mnt/e/Assignments/Airflow/airflow/airflow_env/lib/python3.12/site-packages/airflow/example_dags/example_display_name.py
[2024-12-26T03:32:47.927+0200] {processor.py:925} INFO - DAG(s) 'example_display_name' retrieved from /mnt/e/Assignments/Airflow/airflow/airflow_env/lib/python3.12/site-packages/airflow/example_dags/example_display_name.py
[2024-12-26T03:32:47.955+0200] {logging_mixin.py:190} INFO - [2024-12-26T03:32:47.954+0200] {dag.py:3239} INFO - Sync 1 DAGs
[2024-12-26T03:32:47.971+0200] {logging_mixin.py:190} INFO - [2024-12-26T03:32:47.969+0200] {dag.py:4180} INFO - Setting next_dagrun for example_display_name to None, run_after=None
[2024-12-26T03:32:48.032+0200] {processor.py:208} INFO - Processing /mnt/e/Assignments/Airflow/airflow/airflow_env/lib/python3.12/site-packages/airflow/example_dags/example_display_name.py took 0.240 seconds
[2024-12-26T03:34:55.182+0200] {processor.py:186} INFO - Started process (PID=192373) to work on /mnt/e/Assignments/Airflow/airflow/airflow_env/lib/python3.12/site-packages/airflow/example_dags/example_display_name.py
[2024-12-26T03:34:55.185+0200] {processor.py:914} INFO - Processing file /mnt/e/Assignments/Airflow/airflow/airflow_env/lib/python3.12/site-packages/airflow/example_dags/example_display_name.py for tasks to queue
[2024-12-26T03:34:55.188+0200] {logging_mixin.py:190} INFO - [2024-12-26T03:34:55.187+0200] {dagbag.py:588} INFO - Filling up the DagBag from /mnt/e/Assignments/Airflow/airflow/airflow_env/lib/python3.12/site-packages/airflow/example_dags/example_display_name.py
[2024-12-26T03:34:55.257+0200] {processor.py:925} INFO - DAG(s) 'example_display_name' retrieved from /mnt/e/Assignments/Airflow/airflow/airflow_env/lib/python3.12/site-packages/airflow/example_dags/example_display_name.py
[2024-12-26T03:34:55.283+0200] {logging_mixin.py:190} INFO - [2024-12-26T03:34:55.282+0200] {dag.py:3239} INFO - Sync 1 DAGs
[2024-12-26T03:34:55.296+0200] {logging_mixin.py:190} INFO - [2024-12-26T03:34:55.295+0200] {dag.py:4180} INFO - Setting next_dagrun for example_display_name to None, run_after=None
[2024-12-26T03:34:55.353+0200] {processor.py:208} INFO - Processing /mnt/e/Assignments/Airflow/airflow/airflow_env/lib/python3.12/site-packages/airflow/example_dags/example_display_name.py took 0.181 seconds
[2024-12-26T03:38:53.183+0200] {processor.py:186} INFO - Started process (PID=192503) to work on /mnt/e/Assignments/Airflow/airflow/airflow_env/lib/python3.12/site-packages/airflow/example_dags/example_display_name.py
[2024-12-26T03:38:53.185+0200] {processor.py:914} INFO - Processing file /mnt/e/Assignments/Airflow/airflow/airflow_env/lib/python3.12/site-packages/airflow/example_dags/example_display_name.py for tasks to queue
[2024-12-26T03:38:53.190+0200] {logging_mixin.py:190} INFO - [2024-12-26T03:38:53.188+0200] {dagbag.py:588} INFO - Filling up the DagBag from /mnt/e/Assignments/Airflow/airflow/airflow_env/lib/python3.12/site-packages/airflow/example_dags/example_display_name.py
[2024-12-26T03:38:53.295+0200] {processor.py:925} INFO - DAG(s) 'example_display_name' retrieved from /mnt/e/Assignments/Airflow/airflow/airflow_env/lib/python3.12/site-packages/airflow/example_dags/example_display_name.py
[2024-12-26T03:38:53.313+0200] {logging_mixin.py:190} INFO - [2024-12-26T03:38:53.312+0200] {dag.py:3239} INFO - Sync 1 DAGs
[2024-12-26T03:38:53.324+0200] {logging_mixin.py:190} INFO - [2024-12-26T03:38:53.323+0200] {dag.py:4180} INFO - Setting next_dagrun for example_display_name to None, run_after=None
[2024-12-26T03:38:53.375+0200] {processor.py:208} INFO - Processing /mnt/e/Assignments/Airflow/airflow/airflow_env/lib/python3.12/site-packages/airflow/example_dags/example_display_name.py took 0.210 seconds
[2024-12-26T03:40:50.809+0200] {processor.py:186} INFO - Started process (PID=192583) to work on /mnt/e/Assignments/Airflow/airflow/airflow_env/lib/python3.12/site-packages/airflow/example_dags/example_display_name.py
[2024-12-26T03:40:50.814+0200] {processor.py:914} INFO - Processing file /mnt/e/Assignments/Airflow/airflow/airflow_env/lib/python3.12/site-packages/airflow/example_dags/example_display_name.py for tasks to queue
[2024-12-26T03:40:50.826+0200] {logging_mixin.py:190} INFO - [2024-12-26T03:40:50.822+0200] {dagbag.py:588} INFO - Filling up the DagBag from /mnt/e/Assignments/Airflow/airflow/airflow_env/lib/python3.12/site-packages/airflow/example_dags/example_display_name.py
[2024-12-26T03:40:51.069+0200] {processor.py:925} INFO - DAG(s) 'example_display_name' retrieved from /mnt/e/Assignments/Airflow/airflow/airflow_env/lib/python3.12/site-packages/airflow/example_dags/example_display_name.py
[2024-12-26T03:40:51.136+0200] {logging_mixin.py:190} INFO - [2024-12-26T03:40:51.134+0200] {dag.py:3239} INFO - Sync 1 DAGs
[2024-12-26T03:40:51.150+0200] {logging_mixin.py:190} INFO - [2024-12-26T03:40:51.149+0200] {dag.py:4180} INFO - Setting next_dagrun for example_display_name to None, run_after=None
[2024-12-26T03:40:51.247+0200] {processor.py:208} INFO - Processing /mnt/e/Assignments/Airflow/airflow/airflow_env/lib/python3.12/site-packages/airflow/example_dags/example_display_name.py took 0.475 seconds
[2024-12-26T03:42:50.861+0200] {processor.py:186} INFO - Started process (PID=192665) to work on /mnt/e/Assignments/Airflow/airflow/airflow_env/lib/python3.12/site-packages/airflow/example_dags/example_display_name.py
[2024-12-26T03:42:50.863+0200] {processor.py:914} INFO - Processing file /mnt/e/Assignments/Airflow/airflow/airflow_env/lib/python3.12/site-packages/airflow/example_dags/example_display_name.py for tasks to queue
[2024-12-26T03:42:50.867+0200] {logging_mixin.py:190} INFO - [2024-12-26T03:42:50.866+0200] {dagbag.py:588} INFO - Filling up the DagBag from /mnt/e/Assignments/Airflow/airflow/airflow_env/lib/python3.12/site-packages/airflow/example_dags/example_display_name.py
[2024-12-26T03:42:50.919+0200] {processor.py:925} INFO - DAG(s) 'example_display_name' retrieved from /mnt/e/Assignments/Airflow/airflow/airflow_env/lib/python3.12/site-packages/airflow/example_dags/example_display_name.py
[2024-12-26T03:42:50.938+0200] {logging_mixin.py:190} INFO - [2024-12-26T03:42:50.937+0200] {dag.py:3239} INFO - Sync 1 DAGs
[2024-12-26T03:42:50.948+0200] {logging_mixin.py:190} INFO - [2024-12-26T03:42:50.947+0200] {dag.py:4180} INFO - Setting next_dagrun for example_display_name to None, run_after=None
[2024-12-26T03:42:51.014+0200] {processor.py:208} INFO - Processing /mnt/e/Assignments/Airflow/airflow/airflow_env/lib/python3.12/site-packages/airflow/example_dags/example_display_name.py took 0.163 seconds
[2024-12-26T03:44:48.270+0200] {processor.py:186} INFO - Started process (PID=192741) to work on /mnt/e/Assignments/Airflow/airflow/airflow_env/lib/python3.12/site-packages/airflow/example_dags/example_display_name.py
[2024-12-26T03:44:48.271+0200] {processor.py:914} INFO - Processing file /mnt/e/Assignments/Airflow/airflow/airflow_env/lib/python3.12/site-packages/airflow/example_dags/example_display_name.py for tasks to queue
[2024-12-26T03:44:48.274+0200] {logging_mixin.py:190} INFO - [2024-12-26T03:44:48.273+0200] {dagbag.py:588} INFO - Filling up the DagBag from /mnt/e/Assignments/Airflow/airflow/airflow_env/lib/python3.12/site-packages/airflow/example_dags/example_display_name.py
[2024-12-26T03:44:48.325+0200] {processor.py:925} INFO - DAG(s) 'example_display_name' retrieved from /mnt/e/Assignments/Airflow/airflow/airflow_env/lib/python3.12/site-packages/airflow/example_dags/example_display_name.py
[2024-12-26T03:44:48.345+0200] {logging_mixin.py:190} INFO - [2024-12-26T03:44:48.344+0200] {dag.py:3239} INFO - Sync 1 DAGs
[2024-12-26T03:44:48.355+0200] {logging_mixin.py:190} INFO - [2024-12-26T03:44:48.354+0200] {dag.py:4180} INFO - Setting next_dagrun for example_display_name to None, run_after=None
[2024-12-26T03:44:48.395+0200] {processor.py:208} INFO - Processing /mnt/e/Assignments/Airflow/airflow/airflow_env/lib/python3.12/site-packages/airflow/example_dags/example_display_name.py took 0.135 seconds
[2024-12-26T03:46:49.578+0200] {processor.py:186} INFO - Started process (PID=192820) to work on /mnt/e/Assignments/Airflow/airflow/airflow_env/lib/python3.12/site-packages/airflow/example_dags/example_display_name.py
[2024-12-26T03:46:49.583+0200] {processor.py:914} INFO - Processing file /mnt/e/Assignments/Airflow/airflow/airflow_env/lib/python3.12/site-packages/airflow/example_dags/example_display_name.py for tasks to queue
[2024-12-26T03:46:49.591+0200] {logging_mixin.py:190} INFO - [2024-12-26T03:46:49.588+0200] {dagbag.py:588} INFO - Filling up the DagBag from /mnt/e/Assignments/Airflow/airflow/airflow_env/lib/python3.12/site-packages/airflow/example_dags/example_display_name.py
[2024-12-26T03:46:49.837+0200] {processor.py:925} INFO - DAG(s) 'example_display_name' retrieved from /mnt/e/Assignments/Airflow/airflow/airflow_env/lib/python3.12/site-packages/airflow/example_dags/example_display_name.py
[2024-12-26T03:46:49.911+0200] {logging_mixin.py:190} INFO - [2024-12-26T03:46:49.908+0200] {dag.py:3239} INFO - Sync 1 DAGs
[2024-12-26T03:46:49.938+0200] {logging_mixin.py:190} INFO - [2024-12-26T03:46:49.935+0200] {dag.py:4180} INFO - Setting next_dagrun for example_display_name to None, run_after=None
[2024-12-26T03:46:50.060+0200] {processor.py:208} INFO - Processing /mnt/e/Assignments/Airflow/airflow/airflow_env/lib/python3.12/site-packages/airflow/example_dags/example_display_name.py took 0.514 seconds
[2024-12-26T03:49:02.072+0200] {processor.py:186} INFO - Started process (PID=192907) to work on /mnt/e/Assignments/Airflow/airflow/airflow_env/lib/python3.12/site-packages/airflow/example_dags/example_display_name.py
[2024-12-26T03:49:02.074+0200] {processor.py:914} INFO - Processing file /mnt/e/Assignments/Airflow/airflow/airflow_env/lib/python3.12/site-packages/airflow/example_dags/example_display_name.py for tasks to queue
[2024-12-26T03:49:02.077+0200] {logging_mixin.py:190} INFO - [2024-12-26T03:49:02.076+0200] {dagbag.py:588} INFO - Filling up the DagBag from /mnt/e/Assignments/Airflow/airflow/airflow_env/lib/python3.12/site-packages/airflow/example_dags/example_display_name.py
[2024-12-26T03:49:02.152+0200] {processor.py:925} INFO - DAG(s) 'example_display_name' retrieved from /mnt/e/Assignments/Airflow/airflow/airflow_env/lib/python3.12/site-packages/airflow/example_dags/example_display_name.py
[2024-12-26T03:49:02.174+0200] {logging_mixin.py:190} INFO - [2024-12-26T03:49:02.173+0200] {dag.py:3239} INFO - Sync 1 DAGs
[2024-12-26T03:49:02.185+0200] {logging_mixin.py:190} INFO - [2024-12-26T03:49:02.184+0200] {dag.py:4180} INFO - Setting next_dagrun for example_display_name to None, run_after=None
[2024-12-26T03:49:02.234+0200] {processor.py:208} INFO - Processing /mnt/e/Assignments/Airflow/airflow/airflow_env/lib/python3.12/site-packages/airflow/example_dags/example_display_name.py took 0.183 seconds
[2024-12-26T03:51:01.419+0200] {processor.py:186} INFO - Started process (PID=192986) to work on /mnt/e/Assignments/Airflow/airflow/airflow_env/lib/python3.12/site-packages/airflow/example_dags/example_display_name.py
[2024-12-26T03:51:01.421+0200] {processor.py:914} INFO - Processing file /mnt/e/Assignments/Airflow/airflow/airflow_env/lib/python3.12/site-packages/airflow/example_dags/example_display_name.py for tasks to queue
[2024-12-26T03:51:01.424+0200] {logging_mixin.py:190} INFO - [2024-12-26T03:51:01.423+0200] {dagbag.py:588} INFO - Filling up the DagBag from /mnt/e/Assignments/Airflow/airflow/airflow_env/lib/python3.12/site-packages/airflow/example_dags/example_display_name.py
[2024-12-26T03:51:01.475+0200] {processor.py:925} INFO - DAG(s) 'example_display_name' retrieved from /mnt/e/Assignments/Airflow/airflow/airflow_env/lib/python3.12/site-packages/airflow/example_dags/example_display_name.py
[2024-12-26T03:51:01.496+0200] {logging_mixin.py:190} INFO - [2024-12-26T03:51:01.495+0200] {dag.py:3239} INFO - Sync 1 DAGs
[2024-12-26T03:51:01.529+0200] {logging_mixin.py:190} INFO - [2024-12-26T03:51:01.528+0200] {dag.py:4180} INFO - Setting next_dagrun for example_display_name to None, run_after=None
[2024-12-26T03:51:01.584+0200] {processor.py:208} INFO - Processing /mnt/e/Assignments/Airflow/airflow/airflow_env/lib/python3.12/site-packages/airflow/example_dags/example_display_name.py took 0.177 seconds
[2024-12-26T03:53:16.370+0200] {processor.py:186} INFO - Started process (PID=193069) to work on /mnt/e/Assignments/Airflow/airflow/airflow_env/lib/python3.12/site-packages/airflow/example_dags/example_display_name.py
[2024-12-26T03:53:16.371+0200] {processor.py:914} INFO - Processing file /mnt/e/Assignments/Airflow/airflow/airflow_env/lib/python3.12/site-packages/airflow/example_dags/example_display_name.py for tasks to queue
[2024-12-26T03:53:16.375+0200] {logging_mixin.py:190} INFO - [2024-12-26T03:53:16.373+0200] {dagbag.py:588} INFO - Filling up the DagBag from /mnt/e/Assignments/Airflow/airflow/airflow_env/lib/python3.12/site-packages/airflow/example_dags/example_display_name.py
[2024-12-26T03:53:16.442+0200] {processor.py:925} INFO - DAG(s) 'example_display_name' retrieved from /mnt/e/Assignments/Airflow/airflow/airflow_env/lib/python3.12/site-packages/airflow/example_dags/example_display_name.py
[2024-12-26T03:53:16.464+0200] {logging_mixin.py:190} INFO - [2024-12-26T03:53:16.463+0200] {dag.py:3239} INFO - Sync 1 DAGs
[2024-12-26T03:53:16.474+0200] {logging_mixin.py:190} INFO - [2024-12-26T03:53:16.473+0200] {dag.py:4180} INFO - Setting next_dagrun for example_display_name to None, run_after=None
[2024-12-26T03:53:16.524+0200] {processor.py:208} INFO - Processing /mnt/e/Assignments/Airflow/airflow/airflow_env/lib/python3.12/site-packages/airflow/example_dags/example_display_name.py took 0.165 seconds
[2024-12-26T03:55:22.085+0200] {processor.py:186} INFO - Started process (PID=193150) to work on /mnt/e/Assignments/Airflow/airflow/airflow_env/lib/python3.12/site-packages/airflow/example_dags/example_display_name.py
[2024-12-26T03:55:22.091+0200] {processor.py:914} INFO - Processing file /mnt/e/Assignments/Airflow/airflow/airflow_env/lib/python3.12/site-packages/airflow/example_dags/example_display_name.py for tasks to queue
[2024-12-26T03:55:22.102+0200] {logging_mixin.py:190} INFO - [2024-12-26T03:55:22.098+0200] {dagbag.py:588} INFO - Filling up the DagBag from /mnt/e/Assignments/Airflow/airflow/airflow_env/lib/python3.12/site-packages/airflow/example_dags/example_display_name.py
[2024-12-26T03:55:22.374+0200] {processor.py:925} INFO - DAG(s) 'example_display_name' retrieved from /mnt/e/Assignments/Airflow/airflow/airflow_env/lib/python3.12/site-packages/airflow/example_dags/example_display_name.py
[2024-12-26T03:55:22.420+0200] {logging_mixin.py:190} INFO - [2024-12-26T03:55:22.417+0200] {dag.py:3239} INFO - Sync 1 DAGs
[2024-12-26T03:55:22.438+0200] {logging_mixin.py:190} INFO - [2024-12-26T03:55:22.437+0200] {dag.py:4180} INFO - Setting next_dagrun for example_display_name to None, run_after=None
[2024-12-26T03:55:22.509+0200] {processor.py:208} INFO - Processing /mnt/e/Assignments/Airflow/airflow/airflow_env/lib/python3.12/site-packages/airflow/example_dags/example_display_name.py took 0.466 seconds
[2024-12-26T03:57:39.996+0200] {processor.py:186} INFO - Started process (PID=193233) to work on /mnt/e/Assignments/Airflow/airflow/airflow_env/lib/python3.12/site-packages/airflow/example_dags/example_display_name.py
[2024-12-26T03:57:39.998+0200] {processor.py:914} INFO - Processing file /mnt/e/Assignments/Airflow/airflow/airflow_env/lib/python3.12/site-packages/airflow/example_dags/example_display_name.py for tasks to queue
[2024-12-26T03:57:40.002+0200] {logging_mixin.py:190} INFO - [2024-12-26T03:57:40.000+0200] {dagbag.py:588} INFO - Filling up the DagBag from /mnt/e/Assignments/Airflow/airflow/airflow_env/lib/python3.12/site-packages/airflow/example_dags/example_display_name.py
[2024-12-26T03:57:40.095+0200] {processor.py:925} INFO - DAG(s) 'example_display_name' retrieved from /mnt/e/Assignments/Airflow/airflow/airflow_env/lib/python3.12/site-packages/airflow/example_dags/example_display_name.py
[2024-12-26T03:57:40.127+0200] {logging_mixin.py:190} INFO - [2024-12-26T03:57:40.126+0200] {dag.py:3239} INFO - Sync 1 DAGs
[2024-12-26T03:57:40.140+0200] {logging_mixin.py:190} INFO - [2024-12-26T03:57:40.139+0200] {dag.py:4180} INFO - Setting next_dagrun for example_display_name to None, run_after=None
[2024-12-26T03:57:40.195+0200] {processor.py:208} INFO - Processing /mnt/e/Assignments/Airflow/airflow/airflow_env/lib/python3.12/site-packages/airflow/example_dags/example_display_name.py took 0.212 seconds
[2024-12-26T03:59:37.168+0200] {processor.py:186} INFO - Started process (PID=193312) to work on /mnt/e/Assignments/Airflow/airflow/airflow_env/lib/python3.12/site-packages/airflow/example_dags/example_display_name.py
[2024-12-26T03:59:37.170+0200] {processor.py:914} INFO - Processing file /mnt/e/Assignments/Airflow/airflow/airflow_env/lib/python3.12/site-packages/airflow/example_dags/example_display_name.py for tasks to queue
[2024-12-26T03:59:37.173+0200] {logging_mixin.py:190} INFO - [2024-12-26T03:59:37.172+0200] {dagbag.py:588} INFO - Filling up the DagBag from /mnt/e/Assignments/Airflow/airflow/airflow_env/lib/python3.12/site-packages/airflow/example_dags/example_display_name.py
[2024-12-26T03:59:37.245+0200] {processor.py:925} INFO - DAG(s) 'example_display_name' retrieved from /mnt/e/Assignments/Airflow/airflow/airflow_env/lib/python3.12/site-packages/airflow/example_dags/example_display_name.py
[2024-12-26T03:59:37.281+0200] {logging_mixin.py:190} INFO - [2024-12-26T03:59:37.280+0200] {dag.py:3239} INFO - Sync 1 DAGs
[2024-12-26T03:59:37.293+0200] {logging_mixin.py:190} INFO - [2024-12-26T03:59:37.292+0200] {dag.py:4180} INFO - Setting next_dagrun for example_display_name to None, run_after=None
[2024-12-26T03:59:37.342+0200] {processor.py:208} INFO - Processing /mnt/e/Assignments/Airflow/airflow/airflow_env/lib/python3.12/site-packages/airflow/example_dags/example_display_name.py took 0.184 seconds
[2024-12-26T04:01:43.366+0200] {processor.py:186} INFO - Started process (PID=193395) to work on /mnt/e/Assignments/Airflow/airflow/airflow_env/lib/python3.12/site-packages/airflow/example_dags/example_display_name.py
[2024-12-26T04:01:43.370+0200] {processor.py:914} INFO - Processing file /mnt/e/Assignments/Airflow/airflow/airflow_env/lib/python3.12/site-packages/airflow/example_dags/example_display_name.py for tasks to queue
[2024-12-26T04:01:43.377+0200] {logging_mixin.py:190} INFO - [2024-12-26T04:01:43.374+0200] {dagbag.py:588} INFO - Filling up the DagBag from /mnt/e/Assignments/Airflow/airflow/airflow_env/lib/python3.12/site-packages/airflow/example_dags/example_display_name.py
[2024-12-26T04:01:43.576+0200] {processor.py:925} INFO - DAG(s) 'example_display_name' retrieved from /mnt/e/Assignments/Airflow/airflow/airflow_env/lib/python3.12/site-packages/airflow/example_dags/example_display_name.py
[2024-12-26T04:01:43.614+0200] {logging_mixin.py:190} INFO - [2024-12-26T04:01:43.613+0200] {dag.py:3239} INFO - Sync 1 DAGs
[2024-12-26T04:01:43.631+0200] {logging_mixin.py:190} INFO - [2024-12-26T04:01:43.629+0200] {dag.py:4180} INFO - Setting next_dagrun for example_display_name to None, run_after=None
[2024-12-26T04:01:43.704+0200] {processor.py:208} INFO - Processing /mnt/e/Assignments/Airflow/airflow/airflow_env/lib/python3.12/site-packages/airflow/example_dags/example_display_name.py took 0.363 seconds
[2024-12-26T04:03:57.572+0200] {processor.py:186} INFO - Started process (PID=193477) to work on /mnt/e/Assignments/Airflow/airflow/airflow_env/lib/python3.12/site-packages/airflow/example_dags/example_display_name.py
[2024-12-26T04:03:57.574+0200] {processor.py:914} INFO - Processing file /mnt/e/Assignments/Airflow/airflow/airflow_env/lib/python3.12/site-packages/airflow/example_dags/example_display_name.py for tasks to queue
[2024-12-26T04:03:57.577+0200] {logging_mixin.py:190} INFO - [2024-12-26T04:03:57.577+0200] {dagbag.py:588} INFO - Filling up the DagBag from /mnt/e/Assignments/Airflow/airflow/airflow_env/lib/python3.12/site-packages/airflow/example_dags/example_display_name.py
[2024-12-26T04:03:57.663+0200] {processor.py:925} INFO - DAG(s) 'example_display_name' retrieved from /mnt/e/Assignments/Airflow/airflow/airflow_env/lib/python3.12/site-packages/airflow/example_dags/example_display_name.py
[2024-12-26T04:03:57.691+0200] {logging_mixin.py:190} INFO - [2024-12-26T04:03:57.690+0200] {dag.py:3239} INFO - Sync 1 DAGs
[2024-12-26T04:03:57.704+0200] {logging_mixin.py:190} INFO - [2024-12-26T04:03:57.703+0200] {dag.py:4180} INFO - Setting next_dagrun for example_display_name to None, run_after=None
[2024-12-26T04:03:57.769+0200] {processor.py:208} INFO - Processing /mnt/e/Assignments/Airflow/airflow/airflow_env/lib/python3.12/site-packages/airflow/example_dags/example_display_name.py took 0.206 seconds
[2024-12-26T04:05:56.261+0200] {processor.py:186} INFO - Started process (PID=193557) to work on /mnt/e/Assignments/Airflow/airflow/airflow_env/lib/python3.12/site-packages/airflow/example_dags/example_display_name.py
[2024-12-26T04:05:56.262+0200] {processor.py:914} INFO - Processing file /mnt/e/Assignments/Airflow/airflow/airflow_env/lib/python3.12/site-packages/airflow/example_dags/example_display_name.py for tasks to queue
[2024-12-26T04:05:56.265+0200] {logging_mixin.py:190} INFO - [2024-12-26T04:05:56.264+0200] {dagbag.py:588} INFO - Filling up the DagBag from /mnt/e/Assignments/Airflow/airflow/airflow_env/lib/python3.12/site-packages/airflow/example_dags/example_display_name.py
[2024-12-26T04:05:56.320+0200] {processor.py:925} INFO - DAG(s) 'example_display_name' retrieved from /mnt/e/Assignments/Airflow/airflow/airflow_env/lib/python3.12/site-packages/airflow/example_dags/example_display_name.py
[2024-12-26T04:05:56.339+0200] {logging_mixin.py:190} INFO - [2024-12-26T04:05:56.338+0200] {dag.py:3239} INFO - Sync 1 DAGs
[2024-12-26T04:05:56.349+0200] {logging_mixin.py:190} INFO - [2024-12-26T04:05:56.348+0200] {dag.py:4180} INFO - Setting next_dagrun for example_display_name to None, run_after=None
[2024-12-26T04:05:56.388+0200] {processor.py:208} INFO - Processing /mnt/e/Assignments/Airflow/airflow/airflow_env/lib/python3.12/site-packages/airflow/example_dags/example_display_name.py took 0.136 seconds
[2024-12-26T04:07:59.587+0200] {processor.py:186} INFO - Started process (PID=193636) to work on /mnt/e/Assignments/Airflow/airflow/airflow_env/lib/python3.12/site-packages/airflow/example_dags/example_display_name.py
[2024-12-26T04:07:59.588+0200] {processor.py:914} INFO - Processing file /mnt/e/Assignments/Airflow/airflow/airflow_env/lib/python3.12/site-packages/airflow/example_dags/example_display_name.py for tasks to queue
[2024-12-26T04:07:59.591+0200] {logging_mixin.py:190} INFO - [2024-12-26T04:07:59.590+0200] {dagbag.py:588} INFO - Filling up the DagBag from /mnt/e/Assignments/Airflow/airflow/airflow_env/lib/python3.12/site-packages/airflow/example_dags/example_display_name.py
[2024-12-26T04:07:59.643+0200] {processor.py:925} INFO - DAG(s) 'example_display_name' retrieved from /mnt/e/Assignments/Airflow/airflow/airflow_env/lib/python3.12/site-packages/airflow/example_dags/example_display_name.py
[2024-12-26T04:07:59.660+0200] {logging_mixin.py:190} INFO - [2024-12-26T04:07:59.659+0200] {dag.py:3239} INFO - Sync 1 DAGs
[2024-12-26T04:07:59.670+0200] {logging_mixin.py:190} INFO - [2024-12-26T04:07:59.669+0200] {dag.py:4180} INFO - Setting next_dagrun for example_display_name to None, run_after=None
[2024-12-26T04:07:59.708+0200] {processor.py:208} INFO - Processing /mnt/e/Assignments/Airflow/airflow/airflow_env/lib/python3.12/site-packages/airflow/example_dags/example_display_name.py took 0.138 seconds
[2024-12-26T04:09:46.439+0200] {processor.py:186} INFO - Started process (PID=193713) to work on /mnt/e/Assignments/Airflow/airflow/airflow_env/lib/python3.12/site-packages/airflow/example_dags/example_display_name.py
[2024-12-26T04:09:46.444+0200] {processor.py:914} INFO - Processing file /mnt/e/Assignments/Airflow/airflow/airflow_env/lib/python3.12/site-packages/airflow/example_dags/example_display_name.py for tasks to queue
[2024-12-26T04:09:46.452+0200] {logging_mixin.py:190} INFO - [2024-12-26T04:09:46.449+0200] {dagbag.py:588} INFO - Filling up the DagBag from /mnt/e/Assignments/Airflow/airflow/airflow_env/lib/python3.12/site-packages/airflow/example_dags/example_display_name.py
[2024-12-26T04:09:46.606+0200] {processor.py:925} INFO - DAG(s) 'example_display_name' retrieved from /mnt/e/Assignments/Airflow/airflow/airflow_env/lib/python3.12/site-packages/airflow/example_dags/example_display_name.py
[2024-12-26T04:09:46.624+0200] {logging_mixin.py:190} INFO - [2024-12-26T04:09:46.624+0200] {dag.py:3239} INFO - Sync 1 DAGs
[2024-12-26T04:09:46.634+0200] {logging_mixin.py:190} INFO - [2024-12-26T04:09:46.633+0200] {dag.py:4180} INFO - Setting next_dagrun for example_display_name to None, run_after=None
[2024-12-26T04:09:46.674+0200] {processor.py:208} INFO - Processing /mnt/e/Assignments/Airflow/airflow/airflow_env/lib/python3.12/site-packages/airflow/example_dags/example_display_name.py took 0.266 seconds
[2024-12-26T04:11:41.328+0200] {processor.py:186} INFO - Started process (PID=193788) to work on /mnt/e/Assignments/Airflow/airflow/airflow_env/lib/python3.12/site-packages/airflow/example_dags/example_display_name.py
[2024-12-26T04:11:41.330+0200] {processor.py:914} INFO - Processing file /mnt/e/Assignments/Airflow/airflow/airflow_env/lib/python3.12/site-packages/airflow/example_dags/example_display_name.py for tasks to queue
[2024-12-26T04:11:41.333+0200] {logging_mixin.py:190} INFO - [2024-12-26T04:11:41.332+0200] {dagbag.py:588} INFO - Filling up the DagBag from /mnt/e/Assignments/Airflow/airflow/airflow_env/lib/python3.12/site-packages/airflow/example_dags/example_display_name.py
[2024-12-26T04:11:41.375+0200] {processor.py:925} INFO - DAG(s) 'example_display_name' retrieved from /mnt/e/Assignments/Airflow/airflow/airflow_env/lib/python3.12/site-packages/airflow/example_dags/example_display_name.py
[2024-12-26T04:11:41.395+0200] {logging_mixin.py:190} INFO - [2024-12-26T04:11:41.394+0200] {dag.py:3239} INFO - Sync 1 DAGs
[2024-12-26T04:11:41.403+0200] {logging_mixin.py:190} INFO - [2024-12-26T04:11:41.402+0200] {dag.py:4180} INFO - Setting next_dagrun for example_display_name to None, run_after=None
[2024-12-26T04:11:41.439+0200] {processor.py:208} INFO - Processing /mnt/e/Assignments/Airflow/airflow/airflow_env/lib/python3.12/site-packages/airflow/example_dags/example_display_name.py took 0.119 seconds
[2024-12-26T04:13:25.728+0200] {processor.py:186} INFO - Started process (PID=193863) to work on /mnt/e/Assignments/Airflow/airflow/airflow_env/lib/python3.12/site-packages/airflow/example_dags/example_display_name.py
[2024-12-26T04:13:25.731+0200] {processor.py:914} INFO - Processing file /mnt/e/Assignments/Airflow/airflow/airflow_env/lib/python3.12/site-packages/airflow/example_dags/example_display_name.py for tasks to queue
[2024-12-26T04:13:25.735+0200] {logging_mixin.py:190} INFO - [2024-12-26T04:13:25.733+0200] {dagbag.py:588} INFO - Filling up the DagBag from /mnt/e/Assignments/Airflow/airflow/airflow_env/lib/python3.12/site-packages/airflow/example_dags/example_display_name.py
[2024-12-26T04:13:25.810+0200] {processor.py:925} INFO - DAG(s) 'example_display_name' retrieved from /mnt/e/Assignments/Airflow/airflow/airflow_env/lib/python3.12/site-packages/airflow/example_dags/example_display_name.py
[2024-12-26T04:13:25.828+0200] {logging_mixin.py:190} INFO - [2024-12-26T04:13:25.828+0200] {dag.py:3239} INFO - Sync 1 DAGs
[2024-12-26T04:13:25.838+0200] {logging_mixin.py:190} INFO - [2024-12-26T04:13:25.837+0200] {dag.py:4180} INFO - Setting next_dagrun for example_display_name to None, run_after=None
[2024-12-26T04:13:25.879+0200] {processor.py:208} INFO - Processing /mnt/e/Assignments/Airflow/airflow/airflow_env/lib/python3.12/site-packages/airflow/example_dags/example_display_name.py took 0.164 seconds
[2024-12-26T04:15:32.627+0200] {processor.py:186} INFO - Started process (PID=193944) to work on /mnt/e/Assignments/Airflow/airflow/airflow_env/lib/python3.12/site-packages/airflow/example_dags/example_display_name.py
[2024-12-26T04:15:32.630+0200] {processor.py:914} INFO - Processing file /mnt/e/Assignments/Airflow/airflow/airflow_env/lib/python3.12/site-packages/airflow/example_dags/example_display_name.py for tasks to queue
[2024-12-26T04:15:32.633+0200] {logging_mixin.py:190} INFO - [2024-12-26T04:15:32.632+0200] {dagbag.py:588} INFO - Filling up the DagBag from /mnt/e/Assignments/Airflow/airflow/airflow_env/lib/python3.12/site-packages/airflow/example_dags/example_display_name.py
[2024-12-26T04:15:32.703+0200] {processor.py:925} INFO - DAG(s) 'example_display_name' retrieved from /mnt/e/Assignments/Airflow/airflow/airflow_env/lib/python3.12/site-packages/airflow/example_dags/example_display_name.py
[2024-12-26T04:15:32.725+0200] {logging_mixin.py:190} INFO - [2024-12-26T04:15:32.724+0200] {dag.py:3239} INFO - Sync 1 DAGs
[2024-12-26T04:15:32.737+0200] {logging_mixin.py:190} INFO - [2024-12-26T04:15:32.736+0200] {dag.py:4180} INFO - Setting next_dagrun for example_display_name to None, run_after=None
[2024-12-26T04:15:32.786+0200] {processor.py:208} INFO - Processing /mnt/e/Assignments/Airflow/airflow/airflow_env/lib/python3.12/site-packages/airflow/example_dags/example_display_name.py took 0.170 seconds
[2024-12-26T04:17:46.457+0200] {processor.py:186} INFO - Started process (PID=194030) to work on /mnt/e/Assignments/Airflow/airflow/airflow_env/lib/python3.12/site-packages/airflow/example_dags/example_display_name.py
[2024-12-26T04:17:46.459+0200] {processor.py:914} INFO - Processing file /mnt/e/Assignments/Airflow/airflow/airflow_env/lib/python3.12/site-packages/airflow/example_dags/example_display_name.py for tasks to queue
[2024-12-26T04:17:46.462+0200] {logging_mixin.py:190} INFO - [2024-12-26T04:17:46.461+0200] {dagbag.py:588} INFO - Filling up the DagBag from /mnt/e/Assignments/Airflow/airflow/airflow_env/lib/python3.12/site-packages/airflow/example_dags/example_display_name.py
[2024-12-26T04:17:46.517+0200] {processor.py:925} INFO - DAG(s) 'example_display_name' retrieved from /mnt/e/Assignments/Airflow/airflow/airflow_env/lib/python3.12/site-packages/airflow/example_dags/example_display_name.py
[2024-12-26T04:17:46.536+0200] {logging_mixin.py:190} INFO - [2024-12-26T04:17:46.536+0200] {dag.py:3239} INFO - Sync 1 DAGs
[2024-12-26T04:17:46.547+0200] {logging_mixin.py:190} INFO - [2024-12-26T04:17:46.546+0200] {dag.py:4180} INFO - Setting next_dagrun for example_display_name to None, run_after=None
[2024-12-26T04:17:46.594+0200] {processor.py:208} INFO - Processing /mnt/e/Assignments/Airflow/airflow/airflow_env/lib/python3.12/site-packages/airflow/example_dags/example_display_name.py took 0.147 seconds
[2024-12-26T04:20:04.380+0200] {processor.py:186} INFO - Started process (PID=194116) to work on /mnt/e/Assignments/Airflow/airflow/airflow_env/lib/python3.12/site-packages/airflow/example_dags/example_display_name.py
[2024-12-26T04:20:04.382+0200] {processor.py:914} INFO - Processing file /mnt/e/Assignments/Airflow/airflow/airflow_env/lib/python3.12/site-packages/airflow/example_dags/example_display_name.py for tasks to queue
[2024-12-26T04:20:04.385+0200] {logging_mixin.py:190} INFO - [2024-12-26T04:20:04.384+0200] {dagbag.py:588} INFO - Filling up the DagBag from /mnt/e/Assignments/Airflow/airflow/airflow_env/lib/python3.12/site-packages/airflow/example_dags/example_display_name.py
[2024-12-26T04:20:04.451+0200] {processor.py:925} INFO - DAG(s) 'example_display_name' retrieved from /mnt/e/Assignments/Airflow/airflow/airflow_env/lib/python3.12/site-packages/airflow/example_dags/example_display_name.py
[2024-12-26T04:20:04.472+0200] {logging_mixin.py:190} INFO - [2024-12-26T04:20:04.471+0200] {dag.py:3239} INFO - Sync 1 DAGs
[2024-12-26T04:20:04.483+0200] {logging_mixin.py:190} INFO - [2024-12-26T04:20:04.482+0200] {dag.py:4180} INFO - Setting next_dagrun for example_display_name to None, run_after=None
[2024-12-26T04:20:04.534+0200] {processor.py:208} INFO - Processing /mnt/e/Assignments/Airflow/airflow/airflow_env/lib/python3.12/site-packages/airflow/example_dags/example_display_name.py took 0.164 seconds
[2024-12-26T04:22:20.488+0200] {processor.py:186} INFO - Started process (PID=194200) to work on /mnt/e/Assignments/Airflow/airflow/airflow_env/lib/python3.12/site-packages/airflow/example_dags/example_display_name.py
[2024-12-26T04:22:20.493+0200] {processor.py:914} INFO - Processing file /mnt/e/Assignments/Airflow/airflow/airflow_env/lib/python3.12/site-packages/airflow/example_dags/example_display_name.py for tasks to queue
[2024-12-26T04:22:20.499+0200] {logging_mixin.py:190} INFO - [2024-12-26T04:22:20.497+0200] {dagbag.py:588} INFO - Filling up the DagBag from /mnt/e/Assignments/Airflow/airflow/airflow_env/lib/python3.12/site-packages/airflow/example_dags/example_display_name.py
[2024-12-26T04:22:20.608+0200] {processor.py:925} INFO - DAG(s) 'example_display_name' retrieved from /mnt/e/Assignments/Airflow/airflow/airflow_env/lib/python3.12/site-packages/airflow/example_dags/example_display_name.py
[2024-12-26T04:22:20.630+0200] {logging_mixin.py:190} INFO - [2024-12-26T04:22:20.629+0200] {dag.py:3239} INFO - Sync 1 DAGs
[2024-12-26T04:22:20.640+0200] {logging_mixin.py:190} INFO - [2024-12-26T04:22:20.639+0200] {dag.py:4180} INFO - Setting next_dagrun for example_display_name to None, run_after=None
[2024-12-26T04:22:20.684+0200] {processor.py:208} INFO - Processing /mnt/e/Assignments/Airflow/airflow/airflow_env/lib/python3.12/site-packages/airflow/example_dags/example_display_name.py took 0.219 seconds
[2024-12-26T04:24:46.433+0200] {processor.py:186} INFO - Started process (PID=194283) to work on /mnt/e/Assignments/Airflow/airflow/airflow_env/lib/python3.12/site-packages/airflow/example_dags/example_display_name.py
[2024-12-26T04:24:46.435+0200] {processor.py:914} INFO - Processing file /mnt/e/Assignments/Airflow/airflow/airflow_env/lib/python3.12/site-packages/airflow/example_dags/example_display_name.py for tasks to queue
[2024-12-26T04:24:46.438+0200] {logging_mixin.py:190} INFO - [2024-12-26T04:24:46.437+0200] {dagbag.py:588} INFO - Filling up the DagBag from /mnt/e/Assignments/Airflow/airflow/airflow_env/lib/python3.12/site-packages/airflow/example_dags/example_display_name.py
[2024-12-26T04:24:46.503+0200] {processor.py:925} INFO - DAG(s) 'example_display_name' retrieved from /mnt/e/Assignments/Airflow/airflow/airflow_env/lib/python3.12/site-packages/airflow/example_dags/example_display_name.py
[2024-12-26T04:24:46.526+0200] {logging_mixin.py:190} INFO - [2024-12-26T04:24:46.525+0200] {dag.py:3239} INFO - Sync 1 DAGs
[2024-12-26T04:24:46.537+0200] {logging_mixin.py:190} INFO - [2024-12-26T04:24:46.535+0200] {dag.py:4180} INFO - Setting next_dagrun for example_display_name to None, run_after=None
[2024-12-26T04:24:46.587+0200] {processor.py:208} INFO - Processing /mnt/e/Assignments/Airflow/airflow/airflow_env/lib/python3.12/site-packages/airflow/example_dags/example_display_name.py took 0.165 seconds
[2024-12-26T04:26:55.994+0200] {processor.py:186} INFO - Started process (PID=194364) to work on /mnt/e/Assignments/Airflow/airflow/airflow_env/lib/python3.12/site-packages/airflow/example_dags/example_display_name.py
[2024-12-26T04:26:55.999+0200] {processor.py:914} INFO - Processing file /mnt/e/Assignments/Airflow/airflow/airflow_env/lib/python3.12/site-packages/airflow/example_dags/example_display_name.py for tasks to queue
[2024-12-26T04:26:56.003+0200] {logging_mixin.py:190} INFO - [2024-12-26T04:26:56.001+0200] {dagbag.py:588} INFO - Filling up the DagBag from /mnt/e/Assignments/Airflow/airflow/airflow_env/lib/python3.12/site-packages/airflow/example_dags/example_display_name.py
[2024-12-26T04:26:56.107+0200] {processor.py:925} INFO - DAG(s) 'example_display_name' retrieved from /mnt/e/Assignments/Airflow/airflow/airflow_env/lib/python3.12/site-packages/airflow/example_dags/example_display_name.py
[2024-12-26T04:26:56.128+0200] {logging_mixin.py:190} INFO - [2024-12-26T04:26:56.127+0200] {dag.py:3239} INFO - Sync 1 DAGs
[2024-12-26T04:26:56.139+0200] {logging_mixin.py:190} INFO - [2024-12-26T04:26:56.138+0200] {dag.py:4180} INFO - Setting next_dagrun for example_display_name to None, run_after=None
[2024-12-26T04:26:56.184+0200] {processor.py:208} INFO - Processing /mnt/e/Assignments/Airflow/airflow/airflow_env/lib/python3.12/site-packages/airflow/example_dags/example_display_name.py took 0.223 seconds
[2024-12-26T04:29:17.838+0200] {processor.py:186} INFO - Started process (PID=194450) to work on /mnt/e/Assignments/Airflow/airflow/airflow_env/lib/python3.12/site-packages/airflow/example_dags/example_display_name.py
[2024-12-26T04:29:17.844+0200] {processor.py:914} INFO - Processing file /mnt/e/Assignments/Airflow/airflow/airflow_env/lib/python3.12/site-packages/airflow/example_dags/example_display_name.py for tasks to queue
[2024-12-26T04:29:17.855+0200] {logging_mixin.py:190} INFO - [2024-12-26T04:29:17.851+0200] {dagbag.py:588} INFO - Filling up the DagBag from /mnt/e/Assignments/Airflow/airflow/airflow_env/lib/python3.12/site-packages/airflow/example_dags/example_display_name.py
[2024-12-26T04:29:18.162+0200] {processor.py:925} INFO - DAG(s) 'example_display_name' retrieved from /mnt/e/Assignments/Airflow/airflow/airflow_env/lib/python3.12/site-packages/airflow/example_dags/example_display_name.py
[2024-12-26T04:29:18.231+0200] {logging_mixin.py:190} INFO - [2024-12-26T04:29:18.227+0200] {dag.py:3239} INFO - Sync 1 DAGs
[2024-12-26T04:29:18.257+0200] {logging_mixin.py:190} INFO - [2024-12-26T04:29:18.254+0200] {dag.py:4180} INFO - Setting next_dagrun for example_display_name to None, run_after=None
[2024-12-26T04:29:18.399+0200] {processor.py:208} INFO - Processing /mnt/e/Assignments/Airflow/airflow/airflow_env/lib/python3.12/site-packages/airflow/example_dags/example_display_name.py took 0.605 seconds
[2024-12-26T04:31:32.223+0200] {processor.py:186} INFO - Started process (PID=194530) to work on /mnt/e/Assignments/Airflow/airflow/airflow_env/lib/python3.12/site-packages/airflow/example_dags/example_display_name.py
[2024-12-26T04:31:32.225+0200] {processor.py:914} INFO - Processing file /mnt/e/Assignments/Airflow/airflow/airflow_env/lib/python3.12/site-packages/airflow/example_dags/example_display_name.py for tasks to queue
[2024-12-26T04:31:32.228+0200] {logging_mixin.py:190} INFO - [2024-12-26T04:31:32.227+0200] {dagbag.py:588} INFO - Filling up the DagBag from /mnt/e/Assignments/Airflow/airflow/airflow_env/lib/python3.12/site-packages/airflow/example_dags/example_display_name.py
[2024-12-26T04:31:32.456+0200] {processor.py:925} INFO - DAG(s) 'example_display_name' retrieved from /mnt/e/Assignments/Airflow/airflow/airflow_env/lib/python3.12/site-packages/airflow/example_dags/example_display_name.py
[2024-12-26T04:31:32.536+0200] {logging_mixin.py:190} INFO - [2024-12-26T04:31:32.531+0200] {dag.py:3239} INFO - Sync 1 DAGs
[2024-12-26T04:31:32.564+0200] {logging_mixin.py:190} INFO - [2024-12-26T04:31:32.560+0200] {dag.py:4180} INFO - Setting next_dagrun for example_display_name to None, run_after=None
[2024-12-26T04:31:32.746+0200] {processor.py:208} INFO - Processing /mnt/e/Assignments/Airflow/airflow/airflow_env/lib/python3.12/site-packages/airflow/example_dags/example_display_name.py took 0.538 seconds
[2024-12-26T04:33:30.281+0200] {processor.py:186} INFO - Started process (PID=194612) to work on /mnt/e/Assignments/Airflow/airflow/airflow_env/lib/python3.12/site-packages/airflow/example_dags/example_display_name.py
[2024-12-26T04:33:30.283+0200] {processor.py:914} INFO - Processing file /mnt/e/Assignments/Airflow/airflow/airflow_env/lib/python3.12/site-packages/airflow/example_dags/example_display_name.py for tasks to queue
[2024-12-26T04:33:30.285+0200] {logging_mixin.py:190} INFO - [2024-12-26T04:33:30.284+0200] {dagbag.py:588} INFO - Filling up the DagBag from /mnt/e/Assignments/Airflow/airflow/airflow_env/lib/python3.12/site-packages/airflow/example_dags/example_display_name.py
[2024-12-26T04:33:30.337+0200] {processor.py:925} INFO - DAG(s) 'example_display_name' retrieved from /mnt/e/Assignments/Airflow/airflow/airflow_env/lib/python3.12/site-packages/airflow/example_dags/example_display_name.py
[2024-12-26T04:33:30.356+0200] {logging_mixin.py:190} INFO - [2024-12-26T04:33:30.355+0200] {dag.py:3239} INFO - Sync 1 DAGs
[2024-12-26T04:33:30.367+0200] {logging_mixin.py:190} INFO - [2024-12-26T04:33:30.366+0200] {dag.py:4180} INFO - Setting next_dagrun for example_display_name to None, run_after=None
[2024-12-26T04:33:30.406+0200] {processor.py:208} INFO - Processing /mnt/e/Assignments/Airflow/airflow/airflow_env/lib/python3.12/site-packages/airflow/example_dags/example_display_name.py took 0.133 seconds
