[2024-12-26T02:07:57.490+0200] {processor.py:186} INFO - Started process (PID=188635) to work on /mnt/e/Assignments/Airflow/airflow/airflow_env/lib/python3.12/site-packages/airflow/example_dags/example_branch_labels.py
[2024-12-26T02:07:57.492+0200] {processor.py:914} INFO - Processing file /mnt/e/Assignments/Airflow/airflow/airflow_env/lib/python3.12/site-packages/airflow/example_dags/example_branch_labels.py for tasks to queue
[2024-12-26T02:07:57.496+0200] {logging_mixin.py:190} INFO - [2024-12-26T02:07:57.495+0200] {dagbag.py:588} INFO - Filling up the DagBag from /mnt/e/Assignments/Airflow/airflow/airflow_env/lib/python3.12/site-packages/airflow/example_dags/example_branch_labels.py
[2024-12-26T02:07:57.561+0200] {processor.py:925} INFO - DAG(s) 'example_branch_labels' retrieved from /mnt/e/Assignments/Airflow/airflow/airflow_env/lib/python3.12/site-packages/airflow/example_dags/example_branch_labels.py
[2024-12-26T02:07:57.596+0200] {logging_mixin.py:190} INFO - [2024-12-26T02:07:57.595+0200] {dag.py:3239} INFO - Sync 1 DAGs
[2024-12-26T02:07:57.621+0200] {logging_mixin.py:190} INFO - [2024-12-26T02:07:57.620+0200] {dag.py:4180} INFO - Setting next_dagrun for example_branch_labels to 2024-12-25 00:00:00+00:00, run_after=2024-12-26 00:00:00+00:00
[2024-12-26T02:07:57.695+0200] {processor.py:208} INFO - Processing /mnt/e/Assignments/Airflow/airflow/airflow_env/lib/python3.12/site-packages/airflow/example_dags/example_branch_labels.py took 0.220 seconds
[2024-12-26T02:10:09.532+0200] {processor.py:186} INFO - Started process (PID=188716) to work on /mnt/e/Assignments/Airflow/airflow/airflow_env/lib/python3.12/site-packages/airflow/example_dags/example_branch_labels.py
[2024-12-26T02:10:09.536+0200] {processor.py:914} INFO - Processing file /mnt/e/Assignments/Airflow/airflow/airflow_env/lib/python3.12/site-packages/airflow/example_dags/example_branch_labels.py for tasks to queue
[2024-12-26T02:10:09.542+0200] {logging_mixin.py:190} INFO - [2024-12-26T02:10:09.539+0200] {dagbag.py:588} INFO - Filling up the DagBag from /mnt/e/Assignments/Airflow/airflow/airflow_env/lib/python3.12/site-packages/airflow/example_dags/example_branch_labels.py
[2024-12-26T02:10:09.594+0200] {processor.py:925} INFO - DAG(s) 'example_branch_labels' retrieved from /mnt/e/Assignments/Airflow/airflow/airflow_env/lib/python3.12/site-packages/airflow/example_dags/example_branch_labels.py
[2024-12-26T02:10:09.627+0200] {logging_mixin.py:190} INFO - [2024-12-26T02:10:09.626+0200] {dag.py:3239} INFO - Sync 1 DAGs
[2024-12-26T02:10:09.651+0200] {logging_mixin.py:190} INFO - [2024-12-26T02:10:09.649+0200] {dag.py:4180} INFO - Setting next_dagrun for example_branch_labels to 2024-12-25 00:00:00+00:00, run_after=2024-12-26 00:00:00+00:00
[2024-12-26T02:10:09.715+0200] {processor.py:208} INFO - Processing /mnt/e/Assignments/Airflow/airflow/airflow_env/lib/python3.12/site-packages/airflow/example_dags/example_branch_labels.py took 0.202 seconds
[2024-12-26T02:12:22.246+0200] {processor.py:186} INFO - Started process (PID=188813) to work on /mnt/e/Assignments/Airflow/airflow/airflow_env/lib/python3.12/site-packages/airflow/example_dags/example_branch_labels.py
[2024-12-26T02:12:22.248+0200] {processor.py:914} INFO - Processing file /mnt/e/Assignments/Airflow/airflow/airflow_env/lib/python3.12/site-packages/airflow/example_dags/example_branch_labels.py for tasks to queue
[2024-12-26T02:12:22.252+0200] {logging_mixin.py:190} INFO - [2024-12-26T02:12:22.250+0200] {dagbag.py:588} INFO - Filling up the DagBag from /mnt/e/Assignments/Airflow/airflow/airflow_env/lib/python3.12/site-packages/airflow/example_dags/example_branch_labels.py
[2024-12-26T02:12:22.300+0200] {processor.py:925} INFO - DAG(s) 'example_branch_labels' retrieved from /mnt/e/Assignments/Airflow/airflow/airflow_env/lib/python3.12/site-packages/airflow/example_dags/example_branch_labels.py
[2024-12-26T02:12:22.343+0200] {logging_mixin.py:190} INFO - [2024-12-26T02:12:22.341+0200] {dag.py:3239} INFO - Sync 1 DAGs
[2024-12-26T02:12:22.370+0200] {logging_mixin.py:190} INFO - [2024-12-26T02:12:22.368+0200] {dag.py:4180} INFO - Setting next_dagrun for example_branch_labels to 2024-12-25 00:00:00+00:00, run_after=2024-12-26 00:00:00+00:00
[2024-12-26T02:12:22.445+0200] {processor.py:208} INFO - Processing /mnt/e/Assignments/Airflow/airflow/airflow_env/lib/python3.12/site-packages/airflow/example_dags/example_branch_labels.py took 0.215 seconds
[2024-12-26T02:14:27.549+0200] {processor.py:186} INFO - Started process (PID=188898) to work on /mnt/e/Assignments/Airflow/airflow/airflow_env/lib/python3.12/site-packages/airflow/example_dags/example_branch_labels.py
[2024-12-26T02:14:27.552+0200] {processor.py:914} INFO - Processing file /mnt/e/Assignments/Airflow/airflow/airflow_env/lib/python3.12/site-packages/airflow/example_dags/example_branch_labels.py for tasks to queue
[2024-12-26T02:14:27.558+0200] {logging_mixin.py:190} INFO - [2024-12-26T02:14:27.555+0200] {dagbag.py:588} INFO - Filling up the DagBag from /mnt/e/Assignments/Airflow/airflow/airflow_env/lib/python3.12/site-packages/airflow/example_dags/example_branch_labels.py
[2024-12-26T02:14:27.629+0200] {processor.py:925} INFO - DAG(s) 'example_branch_labels' retrieved from /mnt/e/Assignments/Airflow/airflow/airflow_env/lib/python3.12/site-packages/airflow/example_dags/example_branch_labels.py
[2024-12-26T02:14:27.679+0200] {logging_mixin.py:190} INFO - [2024-12-26T02:14:27.677+0200] {dag.py:3239} INFO - Sync 1 DAGs
[2024-12-26T02:14:27.704+0200] {logging_mixin.py:190} INFO - [2024-12-26T02:14:27.703+0200] {dag.py:4180} INFO - Setting next_dagrun for example_branch_labels to 2024-12-25 00:00:00+00:00, run_after=2024-12-26 00:00:00+00:00
[2024-12-26T02:14:27.766+0200] {processor.py:208} INFO - Processing /mnt/e/Assignments/Airflow/airflow/airflow_env/lib/python3.12/site-packages/airflow/example_dags/example_branch_labels.py took 0.236 seconds
[2024-12-26T02:16:39.891+0200] {processor.py:186} INFO - Started process (PID=188982) to work on /mnt/e/Assignments/Airflow/airflow/airflow_env/lib/python3.12/site-packages/airflow/example_dags/example_branch_labels.py
[2024-12-26T02:16:39.894+0200] {processor.py:914} INFO - Processing file /mnt/e/Assignments/Airflow/airflow/airflow_env/lib/python3.12/site-packages/airflow/example_dags/example_branch_labels.py for tasks to queue
[2024-12-26T02:16:39.899+0200] {logging_mixin.py:190} INFO - [2024-12-26T02:16:39.897+0200] {dagbag.py:588} INFO - Filling up the DagBag from /mnt/e/Assignments/Airflow/airflow/airflow_env/lib/python3.12/site-packages/airflow/example_dags/example_branch_labels.py
[2024-12-26T02:16:39.936+0200] {processor.py:925} INFO - DAG(s) 'example_branch_labels' retrieved from /mnt/e/Assignments/Airflow/airflow/airflow_env/lib/python3.12/site-packages/airflow/example_dags/example_branch_labels.py
[2024-12-26T02:16:39.962+0200] {logging_mixin.py:190} INFO - [2024-12-26T02:16:39.961+0200] {dag.py:3239} INFO - Sync 1 DAGs
[2024-12-26T02:16:39.983+0200] {logging_mixin.py:190} INFO - [2024-12-26T02:16:39.982+0200] {dag.py:4180} INFO - Setting next_dagrun for example_branch_labels to 2024-12-25 00:00:00+00:00, run_after=2024-12-26 00:00:00+00:00
[2024-12-26T02:16:40.031+0200] {processor.py:208} INFO - Processing /mnt/e/Assignments/Airflow/airflow/airflow_env/lib/python3.12/site-packages/airflow/example_dags/example_branch_labels.py took 0.162 seconds
[2024-12-26T02:18:44.024+0200] {processor.py:186} INFO - Started process (PID=189080) to work on /mnt/e/Assignments/Airflow/airflow/airflow_env/lib/python3.12/site-packages/airflow/example_dags/example_branch_labels.py
[2024-12-26T02:18:44.026+0200] {processor.py:914} INFO - Processing file /mnt/e/Assignments/Airflow/airflow/airflow_env/lib/python3.12/site-packages/airflow/example_dags/example_branch_labels.py for tasks to queue
[2024-12-26T02:18:44.030+0200] {logging_mixin.py:190} INFO - [2024-12-26T02:18:44.029+0200] {dagbag.py:588} INFO - Filling up the DagBag from /mnt/e/Assignments/Airflow/airflow/airflow_env/lib/python3.12/site-packages/airflow/example_dags/example_branch_labels.py
[2024-12-26T02:18:44.072+0200] {processor.py:925} INFO - DAG(s) 'example_branch_labels' retrieved from /mnt/e/Assignments/Airflow/airflow/airflow_env/lib/python3.12/site-packages/airflow/example_dags/example_branch_labels.py
[2024-12-26T02:18:44.109+0200] {logging_mixin.py:190} INFO - [2024-12-26T02:18:44.108+0200] {dag.py:3239} INFO - Sync 1 DAGs
[2024-12-26T02:18:44.134+0200] {logging_mixin.py:190} INFO - [2024-12-26T02:18:44.132+0200] {dag.py:4180} INFO - Setting next_dagrun for example_branch_labels to 2024-12-25 00:00:00+00:00, run_after=2024-12-26 00:00:00+00:00
[2024-12-26T02:18:44.217+0200] {processor.py:208} INFO - Processing /mnt/e/Assignments/Airflow/airflow/airflow_env/lib/python3.12/site-packages/airflow/example_dags/example_branch_labels.py took 0.210 seconds
[2024-12-26T02:20:58.761+0200] {processor.py:186} INFO - Started process (PID=189173) to work on /mnt/e/Assignments/Airflow/airflow/airflow_env/lib/python3.12/site-packages/airflow/example_dags/example_branch_labels.py
[2024-12-26T02:20:58.765+0200] {processor.py:914} INFO - Processing file /mnt/e/Assignments/Airflow/airflow/airflow_env/lib/python3.12/site-packages/airflow/example_dags/example_branch_labels.py for tasks to queue
[2024-12-26T02:20:58.770+0200] {logging_mixin.py:190} INFO - [2024-12-26T02:20:58.768+0200] {dagbag.py:588} INFO - Filling up the DagBag from /mnt/e/Assignments/Airflow/airflow/airflow_env/lib/python3.12/site-packages/airflow/example_dags/example_branch_labels.py
[2024-12-26T02:20:58.849+0200] {processor.py:925} INFO - DAG(s) 'example_branch_labels' retrieved from /mnt/e/Assignments/Airflow/airflow/airflow_env/lib/python3.12/site-packages/airflow/example_dags/example_branch_labels.py
[2024-12-26T02:20:58.896+0200] {logging_mixin.py:190} INFO - [2024-12-26T02:20:58.894+0200] {dag.py:3239} INFO - Sync 1 DAGs
[2024-12-26T02:20:58.924+0200] {logging_mixin.py:190} INFO - [2024-12-26T02:20:58.922+0200] {dag.py:4180} INFO - Setting next_dagrun for example_branch_labels to 2024-12-25 00:00:00+00:00, run_after=2024-12-26 00:00:00+00:00
[2024-12-26T02:20:58.992+0200] {processor.py:208} INFO - Processing /mnt/e/Assignments/Airflow/airflow/airflow_env/lib/python3.12/site-packages/airflow/example_dags/example_branch_labels.py took 0.250 seconds
[2024-12-26T02:23:04.816+0200] {processor.py:186} INFO - Started process (PID=189284) to work on /mnt/e/Assignments/Airflow/airflow/airflow_env/lib/python3.12/site-packages/airflow/example_dags/example_branch_labels.py
[2024-12-26T02:23:04.820+0200] {processor.py:914} INFO - Processing file /mnt/e/Assignments/Airflow/airflow/airflow_env/lib/python3.12/site-packages/airflow/example_dags/example_branch_labels.py for tasks to queue
[2024-12-26T02:23:04.825+0200] {logging_mixin.py:190} INFO - [2024-12-26T02:23:04.822+0200] {dagbag.py:588} INFO - Filling up the DagBag from /mnt/e/Assignments/Airflow/airflow/airflow_env/lib/python3.12/site-packages/airflow/example_dags/example_branch_labels.py
[2024-12-26T02:23:04.869+0200] {processor.py:925} INFO - DAG(s) 'example_branch_labels' retrieved from /mnt/e/Assignments/Airflow/airflow/airflow_env/lib/python3.12/site-packages/airflow/example_dags/example_branch_labels.py
[2024-12-26T02:23:04.915+0200] {logging_mixin.py:190} INFO - [2024-12-26T02:23:04.912+0200] {dag.py:3239} INFO - Sync 1 DAGs
[2024-12-26T02:23:04.942+0200] {logging_mixin.py:190} INFO - [2024-12-26T02:23:04.940+0200] {dag.py:4180} INFO - Setting next_dagrun for example_branch_labels to 2024-12-25 00:00:00+00:00, run_after=2024-12-26 00:00:00+00:00
[2024-12-26T02:23:05.027+0200] {processor.py:208} INFO - Processing /mnt/e/Assignments/Airflow/airflow/airflow_env/lib/python3.12/site-packages/airflow/example_dags/example_branch_labels.py took 0.231 seconds
[2024-12-26T02:25:19.298+0200] {processor.py:186} INFO - Started process (PID=189407) to work on /mnt/e/Assignments/Airflow/airflow/airflow_env/lib/python3.12/site-packages/airflow/example_dags/example_branch_labels.py
[2024-12-26T02:25:19.302+0200] {processor.py:914} INFO - Processing file /mnt/e/Assignments/Airflow/airflow/airflow_env/lib/python3.12/site-packages/airflow/example_dags/example_branch_labels.py for tasks to queue
[2024-12-26T02:25:19.307+0200] {logging_mixin.py:190} INFO - [2024-12-26T02:25:19.305+0200] {dagbag.py:588} INFO - Filling up the DagBag from /mnt/e/Assignments/Airflow/airflow/airflow_env/lib/python3.12/site-packages/airflow/example_dags/example_branch_labels.py
[2024-12-26T02:25:19.365+0200] {processor.py:925} INFO - DAG(s) 'example_branch_labels' retrieved from /mnt/e/Assignments/Airflow/airflow/airflow_env/lib/python3.12/site-packages/airflow/example_dags/example_branch_labels.py
[2024-12-26T02:25:19.419+0200] {logging_mixin.py:190} INFO - [2024-12-26T02:25:19.418+0200] {dag.py:3239} INFO - Sync 1 DAGs
[2024-12-26T02:25:19.443+0200] {logging_mixin.py:190} INFO - [2024-12-26T02:25:19.442+0200] {dag.py:4180} INFO - Setting next_dagrun for example_branch_labels to 2024-12-25 00:00:00+00:00, run_after=2024-12-26 00:00:00+00:00
[2024-12-26T02:25:19.501+0200] {processor.py:208} INFO - Processing /mnt/e/Assignments/Airflow/airflow/airflow_env/lib/python3.12/site-packages/airflow/example_dags/example_branch_labels.py took 0.225 seconds
[2024-12-26T02:27:22.269+0200] {processor.py:186} INFO - Started process (PID=189543) to work on /mnt/e/Assignments/Airflow/airflow/airflow_env/lib/python3.12/site-packages/airflow/example_dags/example_branch_labels.py
[2024-12-26T02:27:22.273+0200] {processor.py:914} INFO - Processing file /mnt/e/Assignments/Airflow/airflow/airflow_env/lib/python3.12/site-packages/airflow/example_dags/example_branch_labels.py for tasks to queue
[2024-12-26T02:27:22.280+0200] {logging_mixin.py:190} INFO - [2024-12-26T02:27:22.277+0200] {dagbag.py:588} INFO - Filling up the DagBag from /mnt/e/Assignments/Airflow/airflow/airflow_env/lib/python3.12/site-packages/airflow/example_dags/example_branch_labels.py
[2024-12-26T02:27:22.356+0200] {processor.py:925} INFO - DAG(s) 'example_branch_labels' retrieved from /mnt/e/Assignments/Airflow/airflow/airflow_env/lib/python3.12/site-packages/airflow/example_dags/example_branch_labels.py
[2024-12-26T02:27:22.403+0200] {logging_mixin.py:190} INFO - [2024-12-26T02:27:22.401+0200] {dag.py:3239} INFO - Sync 1 DAGs
[2024-12-26T02:27:22.423+0200] {logging_mixin.py:190} INFO - [2024-12-26T02:27:22.422+0200] {dag.py:4180} INFO - Setting next_dagrun for example_branch_labels to 2024-12-25 00:00:00+00:00, run_after=2024-12-26 00:00:00+00:00
[2024-12-26T02:27:22.505+0200] {processor.py:208} INFO - Processing /mnt/e/Assignments/Airflow/airflow/airflow_env/lib/python3.12/site-packages/airflow/example_dags/example_branch_labels.py took 0.261 seconds
[2024-12-26T02:29:29.500+0200] {processor.py:186} INFO - Started process (PID=189674) to work on /mnt/e/Assignments/Airflow/airflow/airflow_env/lib/python3.12/site-packages/airflow/example_dags/example_branch_labels.py
[2024-12-26T02:29:29.503+0200] {processor.py:914} INFO - Processing file /mnt/e/Assignments/Airflow/airflow/airflow_env/lib/python3.12/site-packages/airflow/example_dags/example_branch_labels.py for tasks to queue
[2024-12-26T02:29:29.508+0200] {logging_mixin.py:190} INFO - [2024-12-26T02:29:29.506+0200] {dagbag.py:588} INFO - Filling up the DagBag from /mnt/e/Assignments/Airflow/airflow/airflow_env/lib/python3.12/site-packages/airflow/example_dags/example_branch_labels.py
[2024-12-26T02:29:29.574+0200] {processor.py:925} INFO - DAG(s) 'example_branch_labels' retrieved from /mnt/e/Assignments/Airflow/airflow/airflow_env/lib/python3.12/site-packages/airflow/example_dags/example_branch_labels.py
[2024-12-26T02:29:29.626+0200] {logging_mixin.py:190} INFO - [2024-12-26T02:29:29.624+0200] {dag.py:3239} INFO - Sync 1 DAGs
[2024-12-26T02:29:29.657+0200] {logging_mixin.py:190} INFO - [2024-12-26T02:29:29.655+0200] {dag.py:4180} INFO - Setting next_dagrun for example_branch_labels to 2024-12-25 00:00:00+00:00, run_after=2024-12-26 00:00:00+00:00
[2024-12-26T02:29:29.820+0200] {processor.py:208} INFO - Processing /mnt/e/Assignments/Airflow/airflow/airflow_env/lib/python3.12/site-packages/airflow/example_dags/example_branch_labels.py took 0.340 seconds
[2024-12-26T02:31:50.467+0200] {processor.py:186} INFO - Started process (PID=189778) to work on /mnt/e/Assignments/Airflow/airflow/airflow_env/lib/python3.12/site-packages/airflow/example_dags/example_branch_labels.py
[2024-12-26T02:31:50.470+0200] {processor.py:914} INFO - Processing file /mnt/e/Assignments/Airflow/airflow/airflow_env/lib/python3.12/site-packages/airflow/example_dags/example_branch_labels.py for tasks to queue
[2024-12-26T02:31:50.472+0200] {logging_mixin.py:190} INFO - [2024-12-26T02:31:50.471+0200] {dagbag.py:588} INFO - Filling up the DagBag from /mnt/e/Assignments/Airflow/airflow/airflow_env/lib/python3.12/site-packages/airflow/example_dags/example_branch_labels.py
[2024-12-26T02:31:50.509+0200] {processor.py:925} INFO - DAG(s) 'example_branch_labels' retrieved from /mnt/e/Assignments/Airflow/airflow/airflow_env/lib/python3.12/site-packages/airflow/example_dags/example_branch_labels.py
[2024-12-26T02:31:50.539+0200] {logging_mixin.py:190} INFO - [2024-12-26T02:31:50.538+0200] {dag.py:3239} INFO - Sync 1 DAGs
[2024-12-26T02:31:50.642+0200] {logging_mixin.py:190} INFO - [2024-12-26T02:31:50.641+0200] {dag.py:4180} INFO - Setting next_dagrun for example_branch_labels to 2024-12-25 00:00:00+00:00, run_after=2024-12-26 00:00:00+00:00
[2024-12-26T02:31:50.704+0200] {processor.py:208} INFO - Processing /mnt/e/Assignments/Airflow/airflow/airflow_env/lib/python3.12/site-packages/airflow/example_dags/example_branch_labels.py took 0.250 seconds
[2024-12-26T02:34:06.623+0200] {processor.py:186} INFO - Started process (PID=189879) to work on /mnt/e/Assignments/Airflow/airflow/airflow_env/lib/python3.12/site-packages/airflow/example_dags/example_branch_labels.py
[2024-12-26T02:34:06.626+0200] {processor.py:914} INFO - Processing file /mnt/e/Assignments/Airflow/airflow/airflow_env/lib/python3.12/site-packages/airflow/example_dags/example_branch_labels.py for tasks to queue
[2024-12-26T02:34:06.631+0200] {logging_mixin.py:190} INFO - [2024-12-26T02:34:06.629+0200] {dagbag.py:588} INFO - Filling up the DagBag from /mnt/e/Assignments/Airflow/airflow/airflow_env/lib/python3.12/site-packages/airflow/example_dags/example_branch_labels.py
[2024-12-26T02:34:06.698+0200] {processor.py:925} INFO - DAG(s) 'example_branch_labels' retrieved from /mnt/e/Assignments/Airflow/airflow/airflow_env/lib/python3.12/site-packages/airflow/example_dags/example_branch_labels.py
[2024-12-26T02:34:06.740+0200] {logging_mixin.py:190} INFO - [2024-12-26T02:34:06.738+0200] {dag.py:3239} INFO - Sync 1 DAGs
[2024-12-26T02:34:06.870+0200] {logging_mixin.py:190} INFO - [2024-12-26T02:34:06.864+0200] {dag.py:4180} INFO - Setting next_dagrun for example_branch_labels to 2024-12-25 00:00:00+00:00, run_after=2024-12-26 00:00:00+00:00
[2024-12-26T02:34:07.015+0200] {processor.py:208} INFO - Processing /mnt/e/Assignments/Airflow/airflow/airflow_env/lib/python3.12/site-packages/airflow/example_dags/example_branch_labels.py took 0.415 seconds
[2024-12-26T02:36:31.828+0200] {processor.py:186} INFO - Started process (PID=189981) to work on /mnt/e/Assignments/Airflow/airflow/airflow_env/lib/python3.12/site-packages/airflow/example_dags/example_branch_labels.py
[2024-12-26T02:36:31.831+0200] {processor.py:914} INFO - Processing file /mnt/e/Assignments/Airflow/airflow/airflow_env/lib/python3.12/site-packages/airflow/example_dags/example_branch_labels.py for tasks to queue
[2024-12-26T02:36:31.836+0200] {logging_mixin.py:190} INFO - [2024-12-26T02:36:31.834+0200] {dagbag.py:588} INFO - Filling up the DagBag from /mnt/e/Assignments/Airflow/airflow/airflow_env/lib/python3.12/site-packages/airflow/example_dags/example_branch_labels.py
[2024-12-26T02:36:31.871+0200] {processor.py:925} INFO - DAG(s) 'example_branch_labels' retrieved from /mnt/e/Assignments/Airflow/airflow/airflow_env/lib/python3.12/site-packages/airflow/example_dags/example_branch_labels.py
[2024-12-26T02:36:31.900+0200] {logging_mixin.py:190} INFO - [2024-12-26T02:36:31.899+0200] {dag.py:3239} INFO - Sync 1 DAGs
[2024-12-26T02:36:32.024+0200] {logging_mixin.py:190} INFO - [2024-12-26T02:36:32.023+0200] {dag.py:4180} INFO - Setting next_dagrun for example_branch_labels to 2024-12-25 00:00:00+00:00, run_after=2024-12-26 00:00:00+00:00
[2024-12-26T02:36:32.072+0200] {processor.py:208} INFO - Processing /mnt/e/Assignments/Airflow/airflow/airflow_env/lib/python3.12/site-packages/airflow/example_dags/example_branch_labels.py took 0.267 seconds
[2024-12-26T02:39:30.574+0200] {processor.py:186} INFO - Started process (PID=190089) to work on /mnt/e/Assignments/Airflow/airflow/airflow_env/lib/python3.12/site-packages/airflow/example_dags/example_branch_labels.py
[2024-12-26T02:39:30.576+0200] {processor.py:914} INFO - Processing file /mnt/e/Assignments/Airflow/airflow/airflow_env/lib/python3.12/site-packages/airflow/example_dags/example_branch_labels.py for tasks to queue
[2024-12-26T02:39:30.579+0200] {logging_mixin.py:190} INFO - [2024-12-26T02:39:30.578+0200] {dagbag.py:588} INFO - Filling up the DagBag from /mnt/e/Assignments/Airflow/airflow/airflow_env/lib/python3.12/site-packages/airflow/example_dags/example_branch_labels.py
[2024-12-26T02:39:30.610+0200] {processor.py:925} INFO - DAG(s) 'example_branch_labels' retrieved from /mnt/e/Assignments/Airflow/airflow/airflow_env/lib/python3.12/site-packages/airflow/example_dags/example_branch_labels.py
[2024-12-26T02:39:30.638+0200] {logging_mixin.py:190} INFO - [2024-12-26T02:39:30.637+0200] {dag.py:3239} INFO - Sync 1 DAGs
[2024-12-26T02:39:30.746+0200] {logging_mixin.py:190} INFO - [2024-12-26T02:39:30.745+0200] {dag.py:4180} INFO - Setting next_dagrun for example_branch_labels to 2024-12-25 00:00:00+00:00, run_after=2024-12-26 00:00:00+00:00
[2024-12-26T02:39:30.812+0200] {processor.py:208} INFO - Processing /mnt/e/Assignments/Airflow/airflow/airflow_env/lib/python3.12/site-packages/airflow/example_dags/example_branch_labels.py took 0.253 seconds
[2024-12-26T02:42:46.978+0200] {processor.py:186} INFO - Started process (PID=190200) to work on /mnt/e/Assignments/Airflow/airflow/airflow_env/lib/python3.12/site-packages/airflow/example_dags/example_branch_labels.py
[2024-12-26T02:42:46.982+0200] {processor.py:914} INFO - Processing file /mnt/e/Assignments/Airflow/airflow/airflow_env/lib/python3.12/site-packages/airflow/example_dags/example_branch_labels.py for tasks to queue
[2024-12-26T02:42:46.988+0200] {logging_mixin.py:190} INFO - [2024-12-26T02:42:46.985+0200] {dagbag.py:588} INFO - Filling up the DagBag from /mnt/e/Assignments/Airflow/airflow/airflow_env/lib/python3.12/site-packages/airflow/example_dags/example_branch_labels.py
[2024-12-26T02:42:47.051+0200] {processor.py:925} INFO - DAG(s) 'example_branch_labels' retrieved from /mnt/e/Assignments/Airflow/airflow/airflow_env/lib/python3.12/site-packages/airflow/example_dags/example_branch_labels.py
[2024-12-26T02:42:47.179+0200] {logging_mixin.py:190} INFO - [2024-12-26T02:42:47.177+0200] {dag.py:3239} INFO - Sync 1 DAGs
[2024-12-26T02:42:47.199+0200] {logging_mixin.py:190} INFO - [2024-12-26T02:42:47.198+0200] {dag.py:4180} INFO - Setting next_dagrun for example_branch_labels to 2024-12-25 00:00:00+00:00, run_after=2024-12-26 00:00:00+00:00
[2024-12-26T02:42:47.248+0200] {processor.py:208} INFO - Processing /mnt/e/Assignments/Airflow/airflow/airflow_env/lib/python3.12/site-packages/airflow/example_dags/example_branch_labels.py took 0.293 seconds
[2024-12-26T02:44:48.478+0200] {processor.py:186} INFO - Started process (PID=190281) to work on /mnt/e/Assignments/Airflow/airflow/airflow_env/lib/python3.12/site-packages/airflow/example_dags/example_branch_labels.py
[2024-12-26T02:44:48.480+0200] {processor.py:914} INFO - Processing file /mnt/e/Assignments/Airflow/airflow/airflow_env/lib/python3.12/site-packages/airflow/example_dags/example_branch_labels.py for tasks to queue
[2024-12-26T02:44:48.484+0200] {logging_mixin.py:190} INFO - [2024-12-26T02:44:48.482+0200] {dagbag.py:588} INFO - Filling up the DagBag from /mnt/e/Assignments/Airflow/airflow/airflow_env/lib/python3.12/site-packages/airflow/example_dags/example_branch_labels.py
[2024-12-26T02:44:48.529+0200] {processor.py:925} INFO - DAG(s) 'example_branch_labels' retrieved from /mnt/e/Assignments/Airflow/airflow/airflow_env/lib/python3.12/site-packages/airflow/example_dags/example_branch_labels.py
[2024-12-26T02:44:48.565+0200] {logging_mixin.py:190} INFO - [2024-12-26T02:44:48.563+0200] {dag.py:3239} INFO - Sync 1 DAGs
[2024-12-26T02:44:48.593+0200] {logging_mixin.py:190} INFO - [2024-12-26T02:44:48.592+0200] {dag.py:4180} INFO - Setting next_dagrun for example_branch_labels to 2024-12-25 00:00:00+00:00, run_after=2024-12-26 00:00:00+00:00
[2024-12-26T02:44:48.678+0200] {processor.py:208} INFO - Processing /mnt/e/Assignments/Airflow/airflow/airflow_env/lib/python3.12/site-packages/airflow/example_dags/example_branch_labels.py took 0.216 seconds
[2024-12-26T02:46:58.289+0200] {processor.py:186} INFO - Started process (PID=190385) to work on /mnt/e/Assignments/Airflow/airflow/airflow_env/lib/python3.12/site-packages/airflow/example_dags/example_branch_labels.py
[2024-12-26T02:46:58.292+0200] {processor.py:914} INFO - Processing file /mnt/e/Assignments/Airflow/airflow/airflow_env/lib/python3.12/site-packages/airflow/example_dags/example_branch_labels.py for tasks to queue
[2024-12-26T02:46:58.295+0200] {logging_mixin.py:190} INFO - [2024-12-26T02:46:58.293+0200] {dagbag.py:588} INFO - Filling up the DagBag from /mnt/e/Assignments/Airflow/airflow/airflow_env/lib/python3.12/site-packages/airflow/example_dags/example_branch_labels.py
[2024-12-26T02:46:58.331+0200] {processor.py:925} INFO - DAG(s) 'example_branch_labels' retrieved from /mnt/e/Assignments/Airflow/airflow/airflow_env/lib/python3.12/site-packages/airflow/example_dags/example_branch_labels.py
[2024-12-26T02:46:58.361+0200] {logging_mixin.py:190} INFO - [2024-12-26T02:46:58.360+0200] {dag.py:3239} INFO - Sync 1 DAGs
[2024-12-26T02:46:58.380+0200] {logging_mixin.py:190} INFO - [2024-12-26T02:46:58.379+0200] {dag.py:4180} INFO - Setting next_dagrun for example_branch_labels to 2024-12-25 00:00:00+00:00, run_after=2024-12-26 00:00:00+00:00
[2024-12-26T02:46:58.452+0200] {processor.py:208} INFO - Processing /mnt/e/Assignments/Airflow/airflow/airflow_env/lib/python3.12/site-packages/airflow/example_dags/example_branch_labels.py took 0.177 seconds
[2024-12-26T02:49:01.730+0200] {processor.py:186} INFO - Started process (PID=190468) to work on /mnt/e/Assignments/Airflow/airflow/airflow_env/lib/python3.12/site-packages/airflow/example_dags/example_branch_labels.py
[2024-12-26T02:49:01.733+0200] {processor.py:914} INFO - Processing file /mnt/e/Assignments/Airflow/airflow/airflow_env/lib/python3.12/site-packages/airflow/example_dags/example_branch_labels.py for tasks to queue
[2024-12-26T02:49:01.737+0200] {logging_mixin.py:190} INFO - [2024-12-26T02:49:01.736+0200] {dagbag.py:588} INFO - Filling up the DagBag from /mnt/e/Assignments/Airflow/airflow/airflow_env/lib/python3.12/site-packages/airflow/example_dags/example_branch_labels.py
[2024-12-26T02:49:01.793+0200] {processor.py:925} INFO - DAG(s) 'example_branch_labels' retrieved from /mnt/e/Assignments/Airflow/airflow/airflow_env/lib/python3.12/site-packages/airflow/example_dags/example_branch_labels.py
[2024-12-26T02:49:01.837+0200] {logging_mixin.py:190} INFO - [2024-12-26T02:49:01.835+0200] {dag.py:3239} INFO - Sync 1 DAGs
[2024-12-26T02:49:01.863+0200] {logging_mixin.py:190} INFO - [2024-12-26T02:49:01.861+0200] {dag.py:4180} INFO - Setting next_dagrun for example_branch_labels to 2024-12-25 00:00:00+00:00, run_after=2024-12-26 00:00:00+00:00
[2024-12-26T02:49:01.938+0200] {processor.py:208} INFO - Processing /mnt/e/Assignments/Airflow/airflow/airflow_env/lib/python3.12/site-packages/airflow/example_dags/example_branch_labels.py took 0.221 seconds
[2024-12-26T02:51:11.042+0200] {processor.py:186} INFO - Started process (PID=190576) to work on /mnt/e/Assignments/Airflow/airflow/airflow_env/lib/python3.12/site-packages/airflow/example_dags/example_branch_labels.py
[2024-12-26T02:51:11.046+0200] {processor.py:914} INFO - Processing file /mnt/e/Assignments/Airflow/airflow/airflow_env/lib/python3.12/site-packages/airflow/example_dags/example_branch_labels.py for tasks to queue
[2024-12-26T02:51:11.049+0200] {logging_mixin.py:190} INFO - [2024-12-26T02:51:11.048+0200] {dagbag.py:588} INFO - Filling up the DagBag from /mnt/e/Assignments/Airflow/airflow/airflow_env/lib/python3.12/site-packages/airflow/example_dags/example_branch_labels.py
[2024-12-26T02:51:11.081+0200] {processor.py:925} INFO - DAG(s) 'example_branch_labels' retrieved from /mnt/e/Assignments/Airflow/airflow/airflow_env/lib/python3.12/site-packages/airflow/example_dags/example_branch_labels.py
[2024-12-26T02:51:11.110+0200] {logging_mixin.py:190} INFO - [2024-12-26T02:51:11.109+0200] {dag.py:3239} INFO - Sync 1 DAGs
[2024-12-26T02:51:11.131+0200] {logging_mixin.py:190} INFO - [2024-12-26T02:51:11.130+0200] {dag.py:4180} INFO - Setting next_dagrun for example_branch_labels to 2024-12-25 00:00:00+00:00, run_after=2024-12-26 00:00:00+00:00
[2024-12-26T02:51:11.233+0200] {processor.py:208} INFO - Processing /mnt/e/Assignments/Airflow/airflow/airflow_env/lib/python3.12/site-packages/airflow/example_dags/example_branch_labels.py took 0.203 seconds
[2024-12-26T02:53:31.396+0200] {processor.py:186} INFO - Started process (PID=190674) to work on /mnt/e/Assignments/Airflow/airflow/airflow_env/lib/python3.12/site-packages/airflow/example_dags/example_branch_labels.py
[2024-12-26T02:53:31.399+0200] {processor.py:914} INFO - Processing file /mnt/e/Assignments/Airflow/airflow/airflow_env/lib/python3.12/site-packages/airflow/example_dags/example_branch_labels.py for tasks to queue
[2024-12-26T02:53:31.404+0200] {logging_mixin.py:190} INFO - [2024-12-26T02:53:31.402+0200] {dagbag.py:588} INFO - Filling up the DagBag from /mnt/e/Assignments/Airflow/airflow/airflow_env/lib/python3.12/site-packages/airflow/example_dags/example_branch_labels.py
[2024-12-26T02:53:31.459+0200] {processor.py:925} INFO - DAG(s) 'example_branch_labels' retrieved from /mnt/e/Assignments/Airflow/airflow/airflow_env/lib/python3.12/site-packages/airflow/example_dags/example_branch_labels.py
[2024-12-26T02:53:31.494+0200] {logging_mixin.py:190} INFO - [2024-12-26T02:53:31.492+0200] {dag.py:3239} INFO - Sync 1 DAGs
[2024-12-26T02:53:31.517+0200] {logging_mixin.py:190} INFO - [2024-12-26T02:53:31.515+0200] {dag.py:4180} INFO - Setting next_dagrun for example_branch_labels to 2024-12-25 00:00:00+00:00, run_after=2024-12-26 00:00:00+00:00
[2024-12-26T02:53:31.597+0200] {processor.py:208} INFO - Processing /mnt/e/Assignments/Airflow/airflow/airflow_env/lib/python3.12/site-packages/airflow/example_dags/example_branch_labels.py took 0.220 seconds
[2024-12-26T02:55:40.599+0200] {processor.py:186} INFO - Started process (PID=190772) to work on /mnt/e/Assignments/Airflow/airflow/airflow_env/lib/python3.12/site-packages/airflow/example_dags/example_branch_labels.py
[2024-12-26T02:55:40.601+0200] {processor.py:914} INFO - Processing file /mnt/e/Assignments/Airflow/airflow/airflow_env/lib/python3.12/site-packages/airflow/example_dags/example_branch_labels.py for tasks to queue
[2024-12-26T02:55:40.607+0200] {logging_mixin.py:190} INFO - [2024-12-26T02:55:40.605+0200] {dagbag.py:588} INFO - Filling up the DagBag from /mnt/e/Assignments/Airflow/airflow/airflow_env/lib/python3.12/site-packages/airflow/example_dags/example_branch_labels.py
[2024-12-26T02:55:40.677+0200] {processor.py:925} INFO - DAG(s) 'example_branch_labels' retrieved from /mnt/e/Assignments/Airflow/airflow/airflow_env/lib/python3.12/site-packages/airflow/example_dags/example_branch_labels.py
[2024-12-26T02:55:40.713+0200] {logging_mixin.py:190} INFO - [2024-12-26T02:55:40.712+0200] {dag.py:3239} INFO - Sync 1 DAGs
[2024-12-26T02:55:40.738+0200] {logging_mixin.py:190} INFO - [2024-12-26T02:55:40.736+0200] {dag.py:4180} INFO - Setting next_dagrun for example_branch_labels to 2024-12-25 00:00:00+00:00, run_after=2024-12-26 00:00:00+00:00
[2024-12-26T02:55:40.790+0200] {processor.py:208} INFO - Processing /mnt/e/Assignments/Airflow/airflow/airflow_env/lib/python3.12/site-packages/airflow/example_dags/example_branch_labels.py took 0.207 seconds
[2024-12-26T02:57:48.964+0200] {processor.py:186} INFO - Started process (PID=190859) to work on /mnt/e/Assignments/Airflow/airflow/airflow_env/lib/python3.12/site-packages/airflow/example_dags/example_branch_labels.py
[2024-12-26T02:57:48.966+0200] {processor.py:914} INFO - Processing file /mnt/e/Assignments/Airflow/airflow/airflow_env/lib/python3.12/site-packages/airflow/example_dags/example_branch_labels.py for tasks to queue
[2024-12-26T02:57:48.969+0200] {logging_mixin.py:190} INFO - [2024-12-26T02:57:48.968+0200] {dagbag.py:588} INFO - Filling up the DagBag from /mnt/e/Assignments/Airflow/airflow/airflow_env/lib/python3.12/site-packages/airflow/example_dags/example_branch_labels.py
[2024-12-26T02:57:49.000+0200] {processor.py:925} INFO - DAG(s) 'example_branch_labels' retrieved from /mnt/e/Assignments/Airflow/airflow/airflow_env/lib/python3.12/site-packages/airflow/example_dags/example_branch_labels.py
[2024-12-26T02:57:49.027+0200] {logging_mixin.py:190} INFO - [2024-12-26T02:57:49.026+0200] {dag.py:3239} INFO - Sync 1 DAGs
[2024-12-26T02:57:49.047+0200] {logging_mixin.py:190} INFO - [2024-12-26T02:57:49.046+0200] {dag.py:4180} INFO - Setting next_dagrun for example_branch_labels to 2024-12-25 00:00:00+00:00, run_after=2024-12-26 00:00:00+00:00
[2024-12-26T02:57:49.121+0200] {processor.py:208} INFO - Processing /mnt/e/Assignments/Airflow/airflow/airflow_env/lib/python3.12/site-packages/airflow/example_dags/example_branch_labels.py took 0.169 seconds
[2024-12-26T03:02:16.370+0200] {processor.py:186} INFO - Started process (PID=191017) to work on /mnt/e/Assignments/Airflow/airflow/airflow_env/lib/python3.12/site-packages/airflow/example_dags/example_branch_labels.py
[2024-12-26T03:02:16.374+0200] {processor.py:914} INFO - Processing file /mnt/e/Assignments/Airflow/airflow/airflow_env/lib/python3.12/site-packages/airflow/example_dags/example_branch_labels.py for tasks to queue
[2024-12-26T03:02:16.380+0200] {logging_mixin.py:190} INFO - [2024-12-26T03:02:16.378+0200] {dagbag.py:588} INFO - Filling up the DagBag from /mnt/e/Assignments/Airflow/airflow/airflow_env/lib/python3.12/site-packages/airflow/example_dags/example_branch_labels.py
[2024-12-26T03:02:16.532+0200] {processor.py:925} INFO - DAG(s) 'example_branch_labels' retrieved from /mnt/e/Assignments/Airflow/airflow/airflow_env/lib/python3.12/site-packages/airflow/example_dags/example_branch_labels.py
[2024-12-26T03:02:16.578+0200] {logging_mixin.py:190} INFO - [2024-12-26T03:02:16.576+0200] {dag.py:3239} INFO - Sync 1 DAGs
[2024-12-26T03:02:16.606+0200] {logging_mixin.py:190} INFO - [2024-12-26T03:02:16.605+0200] {dag.py:4180} INFO - Setting next_dagrun for example_branch_labels to 2024-12-25 00:00:00+00:00, run_after=2024-12-26 00:00:00+00:00
[2024-12-26T03:02:16.678+0200] {processor.py:208} INFO - Processing /mnt/e/Assignments/Airflow/airflow/airflow_env/lib/python3.12/site-packages/airflow/example_dags/example_branch_labels.py took 0.332 seconds
[2024-12-26T03:04:34.601+0200] {processor.py:186} INFO - Started process (PID=191114) to work on /mnt/e/Assignments/Airflow/airflow/airflow_env/lib/python3.12/site-packages/airflow/example_dags/example_branch_labels.py
[2024-12-26T03:04:34.604+0200] {processor.py:914} INFO - Processing file /mnt/e/Assignments/Airflow/airflow/airflow_env/lib/python3.12/site-packages/airflow/example_dags/example_branch_labels.py for tasks to queue
[2024-12-26T03:04:34.611+0200] {logging_mixin.py:190} INFO - [2024-12-26T03:04:34.608+0200] {dagbag.py:588} INFO - Filling up the DagBag from /mnt/e/Assignments/Airflow/airflow/airflow_env/lib/python3.12/site-packages/airflow/example_dags/example_branch_labels.py
[2024-12-26T03:04:34.764+0200] {processor.py:925} INFO - DAG(s) 'example_branch_labels' retrieved from /mnt/e/Assignments/Airflow/airflow/airflow_env/lib/python3.12/site-packages/airflow/example_dags/example_branch_labels.py
[2024-12-26T03:04:34.811+0200] {logging_mixin.py:190} INFO - [2024-12-26T03:04:34.809+0200] {dag.py:3239} INFO - Sync 1 DAGs
[2024-12-26T03:04:34.849+0200] {logging_mixin.py:190} INFO - [2024-12-26T03:04:34.847+0200] {dag.py:4180} INFO - Setting next_dagrun for example_branch_labels to 2024-12-25 00:00:00+00:00, run_after=2024-12-26 00:00:00+00:00
[2024-12-26T03:04:34.959+0200] {processor.py:208} INFO - Processing /mnt/e/Assignments/Airflow/airflow/airflow_env/lib/python3.12/site-packages/airflow/example_dags/example_branch_labels.py took 0.380 seconds
[2024-12-26T03:07:46.169+0200] {processor.py:186} INFO - Started process (PID=191217) to work on /mnt/e/Assignments/Airflow/airflow/airflow_env/lib/python3.12/site-packages/airflow/example_dags/example_branch_labels.py
[2024-12-26T03:07:46.173+0200] {processor.py:914} INFO - Processing file /mnt/e/Assignments/Airflow/airflow/airflow_env/lib/python3.12/site-packages/airflow/example_dags/example_branch_labels.py for tasks to queue
[2024-12-26T03:07:46.179+0200] {logging_mixin.py:190} INFO - [2024-12-26T03:07:46.177+0200] {dagbag.py:588} INFO - Filling up the DagBag from /mnt/e/Assignments/Airflow/airflow/airflow_env/lib/python3.12/site-packages/airflow/example_dags/example_branch_labels.py
[2024-12-26T03:07:46.292+0200] {processor.py:925} INFO - DAG(s) 'example_branch_labels' retrieved from /mnt/e/Assignments/Airflow/airflow/airflow_env/lib/python3.12/site-packages/airflow/example_dags/example_branch_labels.py
[2024-12-26T03:07:46.341+0200] {logging_mixin.py:190} INFO - [2024-12-26T03:07:46.338+0200] {dag.py:3239} INFO - Sync 1 DAGs
[2024-12-26T03:07:46.383+0200] {logging_mixin.py:190} INFO - [2024-12-26T03:07:46.380+0200] {dag.py:4180} INFO - Setting next_dagrun for example_branch_labels to 2024-12-25 00:00:00+00:00, run_after=2024-12-26 00:00:00+00:00
[2024-12-26T03:07:46.533+0200] {processor.py:208} INFO - Processing /mnt/e/Assignments/Airflow/airflow/airflow_env/lib/python3.12/site-packages/airflow/example_dags/example_branch_labels.py took 0.384 seconds
[2024-12-26T03:10:04.578+0200] {processor.py:186} INFO - Started process (PID=191309) to work on /mnt/e/Assignments/Airflow/airflow/airflow_env/lib/python3.12/site-packages/airflow/example_dags/example_branch_labels.py
[2024-12-26T03:10:04.580+0200] {processor.py:914} INFO - Processing file /mnt/e/Assignments/Airflow/airflow/airflow_env/lib/python3.12/site-packages/airflow/example_dags/example_branch_labels.py for tasks to queue
[2024-12-26T03:10:04.584+0200] {logging_mixin.py:190} INFO - [2024-12-26T03:10:04.583+0200] {dagbag.py:588} INFO - Filling up the DagBag from /mnt/e/Assignments/Airflow/airflow/airflow_env/lib/python3.12/site-packages/airflow/example_dags/example_branch_labels.py
[2024-12-26T03:10:04.702+0200] {processor.py:925} INFO - DAG(s) 'example_branch_labels' retrieved from /mnt/e/Assignments/Airflow/airflow/airflow_env/lib/python3.12/site-packages/airflow/example_dags/example_branch_labels.py
[2024-12-26T03:10:04.733+0200] {logging_mixin.py:190} INFO - [2024-12-26T03:10:04.732+0200] {dag.py:3239} INFO - Sync 1 DAGs
[2024-12-26T03:10:04.850+0200] {logging_mixin.py:190} INFO - [2024-12-26T03:10:04.849+0200] {dag.py:4180} INFO - Setting next_dagrun for example_branch_labels to 2024-12-25 00:00:00+00:00, run_after=2024-12-26 00:00:00+00:00
[2024-12-26T03:10:04.956+0200] {processor.py:208} INFO - Processing /mnt/e/Assignments/Airflow/airflow/airflow_env/lib/python3.12/site-packages/airflow/example_dags/example_branch_labels.py took 0.396 seconds
[2024-12-26T03:12:16.551+0200] {processor.py:186} INFO - Started process (PID=191390) to work on /mnt/e/Assignments/Airflow/airflow/airflow_env/lib/python3.12/site-packages/airflow/example_dags/example_branch_labels.py
[2024-12-26T03:12:16.553+0200] {processor.py:914} INFO - Processing file /mnt/e/Assignments/Airflow/airflow/airflow_env/lib/python3.12/site-packages/airflow/example_dags/example_branch_labels.py for tasks to queue
[2024-12-26T03:12:16.556+0200] {logging_mixin.py:190} INFO - [2024-12-26T03:12:16.555+0200] {dagbag.py:588} INFO - Filling up the DagBag from /mnt/e/Assignments/Airflow/airflow/airflow_env/lib/python3.12/site-packages/airflow/example_dags/example_branch_labels.py
[2024-12-26T03:12:16.638+0200] {processor.py:925} INFO - DAG(s) 'example_branch_labels' retrieved from /mnt/e/Assignments/Airflow/airflow/airflow_env/lib/python3.12/site-packages/airflow/example_dags/example_branch_labels.py
[2024-12-26T03:12:16.669+0200] {logging_mixin.py:190} INFO - [2024-12-26T03:12:16.668+0200] {dag.py:3239} INFO - Sync 1 DAGs
[2024-12-26T03:12:16.699+0200] {logging_mixin.py:190} INFO - [2024-12-26T03:12:16.698+0200] {dag.py:4180} INFO - Setting next_dagrun for example_branch_labels to 2024-12-25 00:00:00+00:00, run_after=2024-12-26 00:00:00+00:00
[2024-12-26T03:12:16.774+0200] {processor.py:208} INFO - Processing /mnt/e/Assignments/Airflow/airflow/airflow_env/lib/python3.12/site-packages/airflow/example_dags/example_branch_labels.py took 0.236 seconds
[2024-12-26T03:14:19.541+0200] {processor.py:186} INFO - Started process (PID=191470) to work on /mnt/e/Assignments/Airflow/airflow/airflow_env/lib/python3.12/site-packages/airflow/example_dags/example_branch_labels.py
[2024-12-26T03:14:19.545+0200] {processor.py:914} INFO - Processing file /mnt/e/Assignments/Airflow/airflow/airflow_env/lib/python3.12/site-packages/airflow/example_dags/example_branch_labels.py for tasks to queue
[2024-12-26T03:14:19.550+0200] {logging_mixin.py:190} INFO - [2024-12-26T03:14:19.548+0200] {dagbag.py:588} INFO - Filling up the DagBag from /mnt/e/Assignments/Airflow/airflow/airflow_env/lib/python3.12/site-packages/airflow/example_dags/example_branch_labels.py
[2024-12-26T03:14:19.696+0200] {processor.py:925} INFO - DAG(s) 'example_branch_labels' retrieved from /mnt/e/Assignments/Airflow/airflow/airflow_env/lib/python3.12/site-packages/airflow/example_dags/example_branch_labels.py
[2024-12-26T03:14:19.733+0200] {logging_mixin.py:190} INFO - [2024-12-26T03:14:19.732+0200] {dag.py:3239} INFO - Sync 1 DAGs
[2024-12-26T03:14:19.771+0200] {logging_mixin.py:190} INFO - [2024-12-26T03:14:19.769+0200] {dag.py:4180} INFO - Setting next_dagrun for example_branch_labels to 2024-12-25 00:00:00+00:00, run_after=2024-12-26 00:00:00+00:00
[2024-12-26T03:14:19.857+0200] {processor.py:208} INFO - Processing /mnt/e/Assignments/Airflow/airflow/airflow_env/lib/python3.12/site-packages/airflow/example_dags/example_branch_labels.py took 0.332 seconds
[2024-12-26T03:16:28.976+0200] {processor.py:186} INFO - Started process (PID=191547) to work on /mnt/e/Assignments/Airflow/airflow/airflow_env/lib/python3.12/site-packages/airflow/example_dags/example_branch_labels.py
[2024-12-26T03:16:28.980+0200] {processor.py:914} INFO - Processing file /mnt/e/Assignments/Airflow/airflow/airflow_env/lib/python3.12/site-packages/airflow/example_dags/example_branch_labels.py for tasks to queue
[2024-12-26T03:16:28.987+0200] {logging_mixin.py:190} INFO - [2024-12-26T03:16:28.985+0200] {dagbag.py:588} INFO - Filling up the DagBag from /mnt/e/Assignments/Airflow/airflow/airflow_env/lib/python3.12/site-packages/airflow/example_dags/example_branch_labels.py
[2024-12-26T03:16:29.228+0200] {processor.py:925} INFO - DAG(s) 'example_branch_labels' retrieved from /mnt/e/Assignments/Airflow/airflow/airflow_env/lib/python3.12/site-packages/airflow/example_dags/example_branch_labels.py
[2024-12-26T03:16:29.289+0200] {logging_mixin.py:190} INFO - [2024-12-26T03:16:29.287+0200] {dag.py:3239} INFO - Sync 1 DAGs
[2024-12-26T03:16:29.342+0200] {logging_mixin.py:190} INFO - [2024-12-26T03:16:29.340+0200] {dag.py:4180} INFO - Setting next_dagrun for example_branch_labels to 2024-12-25 00:00:00+00:00, run_after=2024-12-26 00:00:00+00:00
[2024-12-26T03:16:29.485+0200] {processor.py:208} INFO - Processing /mnt/e/Assignments/Airflow/airflow/airflow_env/lib/python3.12/site-packages/airflow/example_dags/example_branch_labels.py took 0.531 seconds
[2024-12-26T03:18:49.349+0200] {processor.py:186} INFO - Started process (PID=191638) to work on /mnt/e/Assignments/Airflow/airflow/airflow_env/lib/python3.12/site-packages/airflow/example_dags/example_branch_labels.py
[2024-12-26T03:18:49.352+0200] {processor.py:914} INFO - Processing file /mnt/e/Assignments/Airflow/airflow/airflow_env/lib/python3.12/site-packages/airflow/example_dags/example_branch_labels.py for tasks to queue
[2024-12-26T03:18:49.358+0200] {logging_mixin.py:190} INFO - [2024-12-26T03:18:49.356+0200] {dagbag.py:588} INFO - Filling up the DagBag from /mnt/e/Assignments/Airflow/airflow/airflow_env/lib/python3.12/site-packages/airflow/example_dags/example_branch_labels.py
[2024-12-26T03:18:49.470+0200] {processor.py:925} INFO - DAG(s) 'example_branch_labels' retrieved from /mnt/e/Assignments/Airflow/airflow/airflow_env/lib/python3.12/site-packages/airflow/example_dags/example_branch_labels.py
[2024-12-26T03:18:49.492+0200] {logging_mixin.py:190} INFO - [2024-12-26T03:18:49.491+0200] {dag.py:3239} INFO - Sync 1 DAGs
[2024-12-26T03:18:49.515+0200] {logging_mixin.py:190} INFO - [2024-12-26T03:18:49.514+0200] {dag.py:4180} INFO - Setting next_dagrun for example_branch_labels to 2024-12-25 00:00:00+00:00, run_after=2024-12-26 00:00:00+00:00
[2024-12-26T03:18:49.606+0200] {processor.py:208} INFO - Processing /mnt/e/Assignments/Airflow/airflow/airflow_env/lib/python3.12/site-packages/airflow/example_dags/example_branch_labels.py took 0.279 seconds
[2024-12-26T03:21:00.011+0200] {processor.py:186} INFO - Started process (PID=191739) to work on /mnt/e/Assignments/Airflow/airflow/airflow_env/lib/python3.12/site-packages/airflow/example_dags/example_branch_labels.py
[2024-12-26T03:21:00.017+0200] {processor.py:914} INFO - Processing file /mnt/e/Assignments/Airflow/airflow/airflow_env/lib/python3.12/site-packages/airflow/example_dags/example_branch_labels.py for tasks to queue
[2024-12-26T03:21:00.027+0200] {logging_mixin.py:190} INFO - [2024-12-26T03:21:00.022+0200] {dagbag.py:588} INFO - Filling up the DagBag from /mnt/e/Assignments/Airflow/airflow/airflow_env/lib/python3.12/site-packages/airflow/example_dags/example_branch_labels.py
[2024-12-26T03:21:00.213+0200] {processor.py:925} INFO - DAG(s) 'example_branch_labels' retrieved from /mnt/e/Assignments/Airflow/airflow/airflow_env/lib/python3.12/site-packages/airflow/example_dags/example_branch_labels.py
[2024-12-26T03:21:00.253+0200] {logging_mixin.py:190} INFO - [2024-12-26T03:21:00.251+0200] {dag.py:3239} INFO - Sync 1 DAGs
[2024-12-26T03:21:00.288+0200] {logging_mixin.py:190} INFO - [2024-12-26T03:21:00.285+0200] {dag.py:4180} INFO - Setting next_dagrun for example_branch_labels to 2024-12-25 00:00:00+00:00, run_after=2024-12-26 00:00:00+00:00
[2024-12-26T03:21:00.358+0200] {processor.py:208} INFO - Processing /mnt/e/Assignments/Airflow/airflow/airflow_env/lib/python3.12/site-packages/airflow/example_dags/example_branch_labels.py took 0.384 seconds
[2024-12-26T03:23:02.741+0200] {processor.py:186} INFO - Started process (PID=191840) to work on /mnt/e/Assignments/Airflow/airflow/airflow_env/lib/python3.12/site-packages/airflow/example_dags/example_branch_labels.py
[2024-12-26T03:23:02.745+0200] {processor.py:914} INFO - Processing file /mnt/e/Assignments/Airflow/airflow/airflow_env/lib/python3.12/site-packages/airflow/example_dags/example_branch_labels.py for tasks to queue
[2024-12-26T03:23:02.752+0200] {logging_mixin.py:190} INFO - [2024-12-26T03:23:02.749+0200] {dagbag.py:588} INFO - Filling up the DagBag from /mnt/e/Assignments/Airflow/airflow/airflow_env/lib/python3.12/site-packages/airflow/example_dags/example_branch_labels.py
[2024-12-26T03:23:02.875+0200] {processor.py:925} INFO - DAG(s) 'example_branch_labels' retrieved from /mnt/e/Assignments/Airflow/airflow/airflow_env/lib/python3.12/site-packages/airflow/example_dags/example_branch_labels.py
[2024-12-26T03:23:02.906+0200] {logging_mixin.py:190} INFO - [2024-12-26T03:23:02.905+0200] {dag.py:3239} INFO - Sync 1 DAGs
[2024-12-26T03:23:02.927+0200] {logging_mixin.py:190} INFO - [2024-12-26T03:23:02.925+0200] {dag.py:4180} INFO - Setting next_dagrun for example_branch_labels to 2024-12-25 00:00:00+00:00, run_after=2024-12-26 00:00:00+00:00
[2024-12-26T03:23:02.982+0200] {processor.py:208} INFO - Processing /mnt/e/Assignments/Airflow/airflow/airflow_env/lib/python3.12/site-packages/airflow/example_dags/example_branch_labels.py took 0.266 seconds
[2024-12-26T03:25:16.075+0200] {processor.py:186} INFO - Started process (PID=191937) to work on /mnt/e/Assignments/Airflow/airflow/airflow_env/lib/python3.12/site-packages/airflow/example_dags/example_branch_labels.py
[2024-12-26T03:25:16.076+0200] {processor.py:914} INFO - Processing file /mnt/e/Assignments/Airflow/airflow/airflow_env/lib/python3.12/site-packages/airflow/example_dags/example_branch_labels.py for tasks to queue
[2024-12-26T03:25:16.079+0200] {logging_mixin.py:190} INFO - [2024-12-26T03:25:16.078+0200] {dagbag.py:588} INFO - Filling up the DagBag from /mnt/e/Assignments/Airflow/airflow/airflow_env/lib/python3.12/site-packages/airflow/example_dags/example_branch_labels.py
[2024-12-26T03:25:16.157+0200] {processor.py:925} INFO - DAG(s) 'example_branch_labels' retrieved from /mnt/e/Assignments/Airflow/airflow/airflow_env/lib/python3.12/site-packages/airflow/example_dags/example_branch_labels.py
[2024-12-26T03:25:16.196+0200] {logging_mixin.py:190} INFO - [2024-12-26T03:25:16.193+0200] {dag.py:3239} INFO - Sync 1 DAGs
[2024-12-26T03:25:16.225+0200] {logging_mixin.py:190} INFO - [2024-12-26T03:25:16.223+0200] {dag.py:4180} INFO - Setting next_dagrun for example_branch_labels to 2024-12-25 00:00:00+00:00, run_after=2024-12-26 00:00:00+00:00
[2024-12-26T03:25:16.318+0200] {processor.py:208} INFO - Processing /mnt/e/Assignments/Airflow/airflow/airflow_env/lib/python3.12/site-packages/airflow/example_dags/example_branch_labels.py took 0.254 seconds
[2024-12-26T03:27:26.247+0200] {processor.py:186} INFO - Started process (PID=192032) to work on /mnt/e/Assignments/Airflow/airflow/airflow_env/lib/python3.12/site-packages/airflow/example_dags/example_branch_labels.py
[2024-12-26T03:27:26.250+0200] {processor.py:914} INFO - Processing file /mnt/e/Assignments/Airflow/airflow/airflow_env/lib/python3.12/site-packages/airflow/example_dags/example_branch_labels.py for tasks to queue
[2024-12-26T03:27:26.254+0200] {logging_mixin.py:190} INFO - [2024-12-26T03:27:26.253+0200] {dagbag.py:588} INFO - Filling up the DagBag from /mnt/e/Assignments/Airflow/airflow/airflow_env/lib/python3.12/site-packages/airflow/example_dags/example_branch_labels.py
[2024-12-26T03:27:26.376+0200] {processor.py:925} INFO - DAG(s) 'example_branch_labels' retrieved from /mnt/e/Assignments/Airflow/airflow/airflow_env/lib/python3.12/site-packages/airflow/example_dags/example_branch_labels.py
[2024-12-26T03:27:26.409+0200] {logging_mixin.py:190} INFO - [2024-12-26T03:27:26.407+0200] {dag.py:3239} INFO - Sync 1 DAGs
[2024-12-26T03:27:26.434+0200] {logging_mixin.py:190} INFO - [2024-12-26T03:27:26.433+0200] {dag.py:4180} INFO - Setting next_dagrun for example_branch_labels to 2024-12-25 00:00:00+00:00, run_after=2024-12-26 00:00:00+00:00
[2024-12-26T03:27:26.508+0200] {processor.py:208} INFO - Processing /mnt/e/Assignments/Airflow/airflow/airflow_env/lib/python3.12/site-packages/airflow/example_dags/example_branch_labels.py took 0.276 seconds
[2024-12-26T03:29:25.797+0200] {processor.py:186} INFO - Started process (PID=192116) to work on /mnt/e/Assignments/Airflow/airflow/airflow_env/lib/python3.12/site-packages/airflow/example_dags/example_branch_labels.py
[2024-12-26T03:29:25.799+0200] {processor.py:914} INFO - Processing file /mnt/e/Assignments/Airflow/airflow/airflow_env/lib/python3.12/site-packages/airflow/example_dags/example_branch_labels.py for tasks to queue
[2024-12-26T03:29:25.805+0200] {logging_mixin.py:190} INFO - [2024-12-26T03:29:25.803+0200] {dagbag.py:588} INFO - Filling up the DagBag from /mnt/e/Assignments/Airflow/airflow/airflow_env/lib/python3.12/site-packages/airflow/example_dags/example_branch_labels.py
[2024-12-26T03:29:25.921+0200] {processor.py:925} INFO - DAG(s) 'example_branch_labels' retrieved from /mnt/e/Assignments/Airflow/airflow/airflow_env/lib/python3.12/site-packages/airflow/example_dags/example_branch_labels.py
[2024-12-26T03:29:25.947+0200] {logging_mixin.py:190} INFO - [2024-12-26T03:29:25.946+0200] {dag.py:3239} INFO - Sync 1 DAGs
[2024-12-26T03:29:25.966+0200] {logging_mixin.py:190} INFO - [2024-12-26T03:29:25.965+0200] {dag.py:4180} INFO - Setting next_dagrun for example_branch_labels to 2024-12-25 00:00:00+00:00, run_after=2024-12-26 00:00:00+00:00
[2024-12-26T03:29:26.017+0200] {processor.py:208} INFO - Processing /mnt/e/Assignments/Airflow/airflow/airflow_env/lib/python3.12/site-packages/airflow/example_dags/example_branch_labels.py took 0.242 seconds
[2024-12-26T03:31:35.536+0200] {processor.py:186} INFO - Started process (PID=192206) to work on /mnt/e/Assignments/Airflow/airflow/airflow_env/lib/python3.12/site-packages/airflow/example_dags/example_branch_labels.py
[2024-12-26T03:31:35.537+0200] {processor.py:914} INFO - Processing file /mnt/e/Assignments/Airflow/airflow/airflow_env/lib/python3.12/site-packages/airflow/example_dags/example_branch_labels.py for tasks to queue
[2024-12-26T03:31:35.540+0200] {logging_mixin.py:190} INFO - [2024-12-26T03:31:35.539+0200] {dagbag.py:588} INFO - Filling up the DagBag from /mnt/e/Assignments/Airflow/airflow/airflow_env/lib/python3.12/site-packages/airflow/example_dags/example_branch_labels.py
[2024-12-26T03:31:35.629+0200] {processor.py:925} INFO - DAG(s) 'example_branch_labels' retrieved from /mnt/e/Assignments/Airflow/airflow/airflow_env/lib/python3.12/site-packages/airflow/example_dags/example_branch_labels.py
[2024-12-26T03:31:35.650+0200] {logging_mixin.py:190} INFO - [2024-12-26T03:31:35.649+0200] {dag.py:3239} INFO - Sync 1 DAGs
[2024-12-26T03:31:35.667+0200] {logging_mixin.py:190} INFO - [2024-12-26T03:31:35.666+0200] {dag.py:4180} INFO - Setting next_dagrun for example_branch_labels to 2024-12-25 00:00:00+00:00, run_after=2024-12-26 00:00:00+00:00
[2024-12-26T03:31:35.709+0200] {processor.py:208} INFO - Processing /mnt/e/Assignments/Airflow/airflow/airflow_env/lib/python3.12/site-packages/airflow/example_dags/example_branch_labels.py took 0.188 seconds
[2024-12-26T03:33:46.180+0200] {processor.py:186} INFO - Started process (PID=192312) to work on /mnt/e/Assignments/Airflow/airflow/airflow_env/lib/python3.12/site-packages/airflow/example_dags/example_branch_labels.py
[2024-12-26T03:33:46.183+0200] {processor.py:914} INFO - Processing file /mnt/e/Assignments/Airflow/airflow/airflow_env/lib/python3.12/site-packages/airflow/example_dags/example_branch_labels.py for tasks to queue
[2024-12-26T03:33:46.186+0200] {logging_mixin.py:190} INFO - [2024-12-26T03:33:46.184+0200] {dagbag.py:588} INFO - Filling up the DagBag from /mnt/e/Assignments/Airflow/airflow/airflow_env/lib/python3.12/site-packages/airflow/example_dags/example_branch_labels.py
[2024-12-26T03:33:46.281+0200] {processor.py:925} INFO - DAG(s) 'example_branch_labels' retrieved from /mnt/e/Assignments/Airflow/airflow/airflow_env/lib/python3.12/site-packages/airflow/example_dags/example_branch_labels.py
[2024-12-26T03:33:46.311+0200] {logging_mixin.py:190} INFO - [2024-12-26T03:33:46.309+0200] {dag.py:3239} INFO - Sync 1 DAGs
[2024-12-26T03:33:46.328+0200] {logging_mixin.py:190} INFO - [2024-12-26T03:33:46.327+0200] {dag.py:4180} INFO - Setting next_dagrun for example_branch_labels to 2024-12-25 00:00:00+00:00, run_after=2024-12-26 00:00:00+00:00
[2024-12-26T03:33:46.377+0200] {processor.py:208} INFO - Processing /mnt/e/Assignments/Airflow/airflow/airflow_env/lib/python3.12/site-packages/airflow/example_dags/example_branch_labels.py took 0.210 seconds
[2024-12-26T03:36:48.795+0200] {processor.py:186} INFO - Started process (PID=192435) to work on /mnt/e/Assignments/Airflow/airflow/airflow_env/lib/python3.12/site-packages/airflow/example_dags/example_branch_labels.py
[2024-12-26T03:36:48.798+0200] {processor.py:914} INFO - Processing file /mnt/e/Assignments/Airflow/airflow/airflow_env/lib/python3.12/site-packages/airflow/example_dags/example_branch_labels.py for tasks to queue
[2024-12-26T03:36:48.801+0200] {logging_mixin.py:190} INFO - [2024-12-26T03:36:48.800+0200] {dagbag.py:588} INFO - Filling up the DagBag from /mnt/e/Assignments/Airflow/airflow/airflow_env/lib/python3.12/site-packages/airflow/example_dags/example_branch_labels.py
[2024-12-26T03:36:48.884+0200] {processor.py:925} INFO - DAG(s) 'example_branch_labels' retrieved from /mnt/e/Assignments/Airflow/airflow/airflow_env/lib/python3.12/site-packages/airflow/example_dags/example_branch_labels.py
[2024-12-26T03:36:48.910+0200] {logging_mixin.py:190} INFO - [2024-12-26T03:36:48.909+0200] {dag.py:3239} INFO - Sync 1 DAGs
[2024-12-26T03:36:48.930+0200] {logging_mixin.py:190} INFO - [2024-12-26T03:36:48.929+0200] {dag.py:4180} INFO - Setting next_dagrun for example_branch_labels to 2024-12-25 00:00:00+00:00, run_after=2024-12-26 00:00:00+00:00
[2024-12-26T03:36:48.986+0200] {processor.py:208} INFO - Processing /mnt/e/Assignments/Airflow/airflow/airflow_env/lib/python3.12/site-packages/airflow/example_dags/example_branch_labels.py took 0.204 seconds
[2024-12-26T03:39:57.731+0200] {processor.py:186} INFO - Started process (PID=192546) to work on /mnt/e/Assignments/Airflow/airflow/airflow_env/lib/python3.12/site-packages/airflow/example_dags/example_branch_labels.py
[2024-12-26T03:39:57.733+0200] {processor.py:914} INFO - Processing file /mnt/e/Assignments/Airflow/airflow/airflow_env/lib/python3.12/site-packages/airflow/example_dags/example_branch_labels.py for tasks to queue
[2024-12-26T03:39:57.736+0200] {logging_mixin.py:190} INFO - [2024-12-26T03:39:57.735+0200] {dagbag.py:588} INFO - Filling up the DagBag from /mnt/e/Assignments/Airflow/airflow/airflow_env/lib/python3.12/site-packages/airflow/example_dags/example_branch_labels.py
[2024-12-26T03:39:57.799+0200] {processor.py:925} INFO - DAG(s) 'example_branch_labels' retrieved from /mnt/e/Assignments/Airflow/airflow/airflow_env/lib/python3.12/site-packages/airflow/example_dags/example_branch_labels.py
[2024-12-26T03:39:57.823+0200] {logging_mixin.py:190} INFO - [2024-12-26T03:39:57.823+0200] {dag.py:3239} INFO - Sync 1 DAGs
[2024-12-26T03:39:57.842+0200] {logging_mixin.py:190} INFO - [2024-12-26T03:39:57.842+0200] {dag.py:4180} INFO - Setting next_dagrun for example_branch_labels to 2024-12-25 00:00:00+00:00, run_after=2024-12-26 00:00:00+00:00
[2024-12-26T03:39:57.892+0200] {processor.py:208} INFO - Processing /mnt/e/Assignments/Airflow/airflow/airflow_env/lib/python3.12/site-packages/airflow/example_dags/example_branch_labels.py took 0.169 seconds
[2024-12-26T03:41:59.426+0200] {processor.py:186} INFO - Started process (PID=192628) to work on /mnt/e/Assignments/Airflow/airflow/airflow_env/lib/python3.12/site-packages/airflow/example_dags/example_branch_labels.py
[2024-12-26T03:41:59.429+0200] {processor.py:914} INFO - Processing file /mnt/e/Assignments/Airflow/airflow/airflow_env/lib/python3.12/site-packages/airflow/example_dags/example_branch_labels.py for tasks to queue
[2024-12-26T03:41:59.434+0200] {logging_mixin.py:190} INFO - [2024-12-26T03:41:59.432+0200] {dagbag.py:588} INFO - Filling up the DagBag from /mnt/e/Assignments/Airflow/airflow/airflow_env/lib/python3.12/site-packages/airflow/example_dags/example_branch_labels.py
[2024-12-26T03:41:59.622+0200] {processor.py:925} INFO - DAG(s) 'example_branch_labels' retrieved from /mnt/e/Assignments/Airflow/airflow/airflow_env/lib/python3.12/site-packages/airflow/example_dags/example_branch_labels.py
[2024-12-26T03:41:59.650+0200] {logging_mixin.py:190} INFO - [2024-12-26T03:41:59.648+0200] {dag.py:3239} INFO - Sync 1 DAGs
[2024-12-26T03:41:59.677+0200] {logging_mixin.py:190} INFO - [2024-12-26T03:41:59.675+0200] {dag.py:4180} INFO - Setting next_dagrun for example_branch_labels to 2024-12-25 00:00:00+00:00, run_after=2024-12-26 00:00:00+00:00
[2024-12-26T03:41:59.743+0200] {processor.py:208} INFO - Processing /mnt/e/Assignments/Airflow/airflow/airflow_env/lib/python3.12/site-packages/airflow/example_dags/example_branch_labels.py took 0.334 seconds
[2024-12-26T03:43:55.692+0200] {processor.py:186} INFO - Started process (PID=192706) to work on /mnt/e/Assignments/Airflow/airflow/airflow_env/lib/python3.12/site-packages/airflow/example_dags/example_branch_labels.py
[2024-12-26T03:43:55.698+0200] {processor.py:914} INFO - Processing file /mnt/e/Assignments/Airflow/airflow/airflow_env/lib/python3.12/site-packages/airflow/example_dags/example_branch_labels.py for tasks to queue
[2024-12-26T03:43:55.708+0200] {logging_mixin.py:190} INFO - [2024-12-26T03:43:55.705+0200] {dagbag.py:588} INFO - Filling up the DagBag from /mnt/e/Assignments/Airflow/airflow/airflow_env/lib/python3.12/site-packages/airflow/example_dags/example_branch_labels.py
[2024-12-26T03:43:55.908+0200] {processor.py:925} INFO - DAG(s) 'example_branch_labels' retrieved from /mnt/e/Assignments/Airflow/airflow/airflow_env/lib/python3.12/site-packages/airflow/example_dags/example_branch_labels.py
[2024-12-26T03:43:55.932+0200] {logging_mixin.py:190} INFO - [2024-12-26T03:43:55.931+0200] {dag.py:3239} INFO - Sync 1 DAGs
[2024-12-26T03:43:55.950+0200] {logging_mixin.py:190} INFO - [2024-12-26T03:43:55.949+0200] {dag.py:4180} INFO - Setting next_dagrun for example_branch_labels to 2024-12-25 00:00:00+00:00, run_after=2024-12-26 00:00:00+00:00
[2024-12-26T03:43:55.991+0200] {processor.py:208} INFO - Processing /mnt/e/Assignments/Airflow/airflow/airflow_env/lib/python3.12/site-packages/airflow/example_dags/example_branch_labels.py took 0.328 seconds
[2024-12-26T03:45:53.890+0200] {processor.py:186} INFO - Started process (PID=192783) to work on /mnt/e/Assignments/Airflow/airflow/airflow_env/lib/python3.12/site-packages/airflow/example_dags/example_branch_labels.py
[2024-12-26T03:45:53.892+0200] {processor.py:914} INFO - Processing file /mnt/e/Assignments/Airflow/airflow/airflow_env/lib/python3.12/site-packages/airflow/example_dags/example_branch_labels.py for tasks to queue
[2024-12-26T03:45:53.895+0200] {logging_mixin.py:190} INFO - [2024-12-26T03:45:53.894+0200] {dagbag.py:588} INFO - Filling up the DagBag from /mnt/e/Assignments/Airflow/airflow/airflow_env/lib/python3.12/site-packages/airflow/example_dags/example_branch_labels.py
[2024-12-26T03:45:53.954+0200] {processor.py:925} INFO - DAG(s) 'example_branch_labels' retrieved from /mnt/e/Assignments/Airflow/airflow/airflow_env/lib/python3.12/site-packages/airflow/example_dags/example_branch_labels.py
[2024-12-26T03:45:53.975+0200] {logging_mixin.py:190} INFO - [2024-12-26T03:45:53.973+0200] {dag.py:3239} INFO - Sync 1 DAGs
[2024-12-26T03:45:53.992+0200] {logging_mixin.py:190} INFO - [2024-12-26T03:45:53.992+0200] {dag.py:4180} INFO - Setting next_dagrun for example_branch_labels to 2024-12-25 00:00:00+00:00, run_after=2024-12-26 00:00:00+00:00
[2024-12-26T03:45:54.033+0200] {processor.py:208} INFO - Processing /mnt/e/Assignments/Airflow/airflow/airflow_env/lib/python3.12/site-packages/airflow/example_dags/example_branch_labels.py took 0.151 seconds
[2024-12-26T03:48:01.228+0200] {processor.py:186} INFO - Started process (PID=192870) to work on /mnt/e/Assignments/Airflow/airflow/airflow_env/lib/python3.12/site-packages/airflow/example_dags/example_branch_labels.py
[2024-12-26T03:48:01.230+0200] {processor.py:914} INFO - Processing file /mnt/e/Assignments/Airflow/airflow/airflow_env/lib/python3.12/site-packages/airflow/example_dags/example_branch_labels.py for tasks to queue
[2024-12-26T03:48:01.234+0200] {logging_mixin.py:190} INFO - [2024-12-26T03:48:01.232+0200] {dagbag.py:588} INFO - Filling up the DagBag from /mnt/e/Assignments/Airflow/airflow/airflow_env/lib/python3.12/site-packages/airflow/example_dags/example_branch_labels.py
[2024-12-26T03:48:01.337+0200] {processor.py:925} INFO - DAG(s) 'example_branch_labels' retrieved from /mnt/e/Assignments/Airflow/airflow/airflow_env/lib/python3.12/site-packages/airflow/example_dags/example_branch_labels.py
[2024-12-26T03:48:01.362+0200] {logging_mixin.py:190} INFO - [2024-12-26T03:48:01.361+0200] {dag.py:3239} INFO - Sync 1 DAGs
[2024-12-26T03:48:01.380+0200] {logging_mixin.py:190} INFO - [2024-12-26T03:48:01.379+0200] {dag.py:4180} INFO - Setting next_dagrun for example_branch_labels to 2024-12-25 00:00:00+00:00, run_after=2024-12-26 00:00:00+00:00
[2024-12-26T03:48:01.433+0200] {processor.py:208} INFO - Processing /mnt/e/Assignments/Airflow/airflow/airflow_env/lib/python3.12/site-packages/airflow/example_dags/example_branch_labels.py took 0.220 seconds
[2024-12-26T03:50:04.298+0200] {processor.py:186} INFO - Started process (PID=192950) to work on /mnt/e/Assignments/Airflow/airflow/airflow_env/lib/python3.12/site-packages/airflow/example_dags/example_branch_labels.py
[2024-12-26T03:50:04.301+0200] {processor.py:914} INFO - Processing file /mnt/e/Assignments/Airflow/airflow/airflow_env/lib/python3.12/site-packages/airflow/example_dags/example_branch_labels.py for tasks to queue
[2024-12-26T03:50:04.305+0200] {logging_mixin.py:190} INFO - [2024-12-26T03:50:04.304+0200] {dagbag.py:588} INFO - Filling up the DagBag from /mnt/e/Assignments/Airflow/airflow/airflow_env/lib/python3.12/site-packages/airflow/example_dags/example_branch_labels.py
[2024-12-26T03:50:04.415+0200] {processor.py:925} INFO - DAG(s) 'example_branch_labels' retrieved from /mnt/e/Assignments/Airflow/airflow/airflow_env/lib/python3.12/site-packages/airflow/example_dags/example_branch_labels.py
[2024-12-26T03:50:04.454+0200] {logging_mixin.py:190} INFO - [2024-12-26T03:50:04.452+0200] {dag.py:3239} INFO - Sync 1 DAGs
[2024-12-26T03:50:04.484+0200] {logging_mixin.py:190} INFO - [2024-12-26T03:50:04.483+0200] {dag.py:4180} INFO - Setting next_dagrun for example_branch_labels to 2024-12-25 00:00:00+00:00, run_after=2024-12-26 00:00:00+00:00
[2024-12-26T03:50:04.529+0200] {processor.py:208} INFO - Processing /mnt/e/Assignments/Airflow/airflow/airflow_env/lib/python3.12/site-packages/airflow/example_dags/example_branch_labels.py took 0.241 seconds
[2024-12-26T03:52:11.974+0200] {processor.py:186} INFO - Started process (PID=193031) to work on /mnt/e/Assignments/Airflow/airflow/airflow_env/lib/python3.12/site-packages/airflow/example_dags/example_branch_labels.py
[2024-12-26T03:52:11.976+0200] {processor.py:914} INFO - Processing file /mnt/e/Assignments/Airflow/airflow/airflow_env/lib/python3.12/site-packages/airflow/example_dags/example_branch_labels.py for tasks to queue
[2024-12-26T03:52:11.979+0200] {logging_mixin.py:190} INFO - [2024-12-26T03:52:11.978+0200] {dagbag.py:588} INFO - Filling up the DagBag from /mnt/e/Assignments/Airflow/airflow/airflow_env/lib/python3.12/site-packages/airflow/example_dags/example_branch_labels.py
[2024-12-26T03:52:12.046+0200] {processor.py:925} INFO - DAG(s) 'example_branch_labels' retrieved from /mnt/e/Assignments/Airflow/airflow/airflow_env/lib/python3.12/site-packages/airflow/example_dags/example_branch_labels.py
[2024-12-26T03:52:12.068+0200] {logging_mixin.py:190} INFO - [2024-12-26T03:52:12.067+0200] {dag.py:3239} INFO - Sync 1 DAGs
[2024-12-26T03:52:12.085+0200] {logging_mixin.py:190} INFO - [2024-12-26T03:52:12.084+0200] {dag.py:4180} INFO - Setting next_dagrun for example_branch_labels to 2024-12-25 00:00:00+00:00, run_after=2024-12-26 00:00:00+00:00
[2024-12-26T03:52:12.128+0200] {processor.py:208} INFO - Processing /mnt/e/Assignments/Airflow/airflow/airflow_env/lib/python3.12/site-packages/airflow/example_dags/example_branch_labels.py took 0.164 seconds
[2024-12-26T03:54:21.966+0200] {processor.py:186} INFO - Started process (PID=193113) to work on /mnt/e/Assignments/Airflow/airflow/airflow_env/lib/python3.12/site-packages/airflow/example_dags/example_branch_labels.py
[2024-12-26T03:54:21.968+0200] {processor.py:914} INFO - Processing file /mnt/e/Assignments/Airflow/airflow/airflow_env/lib/python3.12/site-packages/airflow/example_dags/example_branch_labels.py for tasks to queue
[2024-12-26T03:54:21.972+0200] {logging_mixin.py:190} INFO - [2024-12-26T03:54:21.970+0200] {dagbag.py:588} INFO - Filling up the DagBag from /mnt/e/Assignments/Airflow/airflow/airflow_env/lib/python3.12/site-packages/airflow/example_dags/example_branch_labels.py
[2024-12-26T03:54:22.054+0200] {processor.py:925} INFO - DAG(s) 'example_branch_labels' retrieved from /mnt/e/Assignments/Airflow/airflow/airflow_env/lib/python3.12/site-packages/airflow/example_dags/example_branch_labels.py
[2024-12-26T03:54:22.078+0200] {logging_mixin.py:190} INFO - [2024-12-26T03:54:22.077+0200] {dag.py:3239} INFO - Sync 1 DAGs
[2024-12-26T03:54:22.097+0200] {logging_mixin.py:190} INFO - [2024-12-26T03:54:22.096+0200] {dag.py:4180} INFO - Setting next_dagrun for example_branch_labels to 2024-12-25 00:00:00+00:00, run_after=2024-12-26 00:00:00+00:00
[2024-12-26T03:54:22.143+0200] {processor.py:208} INFO - Processing /mnt/e/Assignments/Airflow/airflow/airflow_env/lib/python3.12/site-packages/airflow/example_dags/example_branch_labels.py took 0.189 seconds
[2024-12-26T03:56:43.574+0200] {processor.py:186} INFO - Started process (PID=193195) to work on /mnt/e/Assignments/Airflow/airflow/airflow_env/lib/python3.12/site-packages/airflow/example_dags/example_branch_labels.py
[2024-12-26T03:56:43.577+0200] {processor.py:914} INFO - Processing file /mnt/e/Assignments/Airflow/airflow/airflow_env/lib/python3.12/site-packages/airflow/example_dags/example_branch_labels.py for tasks to queue
[2024-12-26T03:56:43.581+0200] {logging_mixin.py:190} INFO - [2024-12-26T03:56:43.580+0200] {dagbag.py:588} INFO - Filling up the DagBag from /mnt/e/Assignments/Airflow/airflow/airflow_env/lib/python3.12/site-packages/airflow/example_dags/example_branch_labels.py
[2024-12-26T03:56:43.674+0200] {processor.py:925} INFO - DAG(s) 'example_branch_labels' retrieved from /mnt/e/Assignments/Airflow/airflow/airflow_env/lib/python3.12/site-packages/airflow/example_dags/example_branch_labels.py
[2024-12-26T03:56:43.707+0200] {logging_mixin.py:190} INFO - [2024-12-26T03:56:43.705+0200] {dag.py:3239} INFO - Sync 1 DAGs
[2024-12-26T03:56:43.733+0200] {logging_mixin.py:190} INFO - [2024-12-26T03:56:43.731+0200] {dag.py:4180} INFO - Setting next_dagrun for example_branch_labels to 2024-12-25 00:00:00+00:00, run_after=2024-12-26 00:00:00+00:00
[2024-12-26T03:56:43.807+0200] {processor.py:208} INFO - Processing /mnt/e/Assignments/Airflow/airflow/airflow_env/lib/python3.12/site-packages/airflow/example_dags/example_branch_labels.py took 0.251 seconds
[2024-12-26T03:58:40.008+0200] {processor.py:186} INFO - Started process (PID=193278) to work on /mnt/e/Assignments/Airflow/airflow/airflow_env/lib/python3.12/site-packages/airflow/example_dags/example_branch_labels.py
[2024-12-26T03:58:40.010+0200] {processor.py:914} INFO - Processing file /mnt/e/Assignments/Airflow/airflow/airflow_env/lib/python3.12/site-packages/airflow/example_dags/example_branch_labels.py for tasks to queue
[2024-12-26T03:58:40.013+0200] {logging_mixin.py:190} INFO - [2024-12-26T03:58:40.012+0200] {dagbag.py:588} INFO - Filling up the DagBag from /mnt/e/Assignments/Airflow/airflow/airflow_env/lib/python3.12/site-packages/airflow/example_dags/example_branch_labels.py
[2024-12-26T03:58:40.093+0200] {processor.py:925} INFO - DAG(s) 'example_branch_labels' retrieved from /mnt/e/Assignments/Airflow/airflow/airflow_env/lib/python3.12/site-packages/airflow/example_dags/example_branch_labels.py
[2024-12-26T03:58:40.115+0200] {logging_mixin.py:190} INFO - [2024-12-26T03:58:40.114+0200] {dag.py:3239} INFO - Sync 1 DAGs
[2024-12-26T03:58:40.134+0200] {logging_mixin.py:190} INFO - [2024-12-26T03:58:40.133+0200] {dag.py:4180} INFO - Setting next_dagrun for example_branch_labels to 2024-12-25 00:00:00+00:00, run_after=2024-12-26 00:00:00+00:00
[2024-12-26T03:58:40.189+0200] {processor.py:208} INFO - Processing /mnt/e/Assignments/Airflow/airflow/airflow_env/lib/python3.12/site-packages/airflow/example_dags/example_branch_labels.py took 0.191 seconds
[2024-12-26T04:00:46.397+0200] {processor.py:186} INFO - Started process (PID=193356) to work on /mnt/e/Assignments/Airflow/airflow/airflow_env/lib/python3.12/site-packages/airflow/example_dags/example_branch_labels.py
[2024-12-26T04:00:46.402+0200] {processor.py:914} INFO - Processing file /mnt/e/Assignments/Airflow/airflow/airflow_env/lib/python3.12/site-packages/airflow/example_dags/example_branch_labels.py for tasks to queue
[2024-12-26T04:00:46.411+0200] {logging_mixin.py:190} INFO - [2024-12-26T04:00:46.408+0200] {dagbag.py:588} INFO - Filling up the DagBag from /mnt/e/Assignments/Airflow/airflow/airflow_env/lib/python3.12/site-packages/airflow/example_dags/example_branch_labels.py
[2024-12-26T04:00:46.704+0200] {processor.py:925} INFO - DAG(s) 'example_branch_labels' retrieved from /mnt/e/Assignments/Airflow/airflow/airflow_env/lib/python3.12/site-packages/airflow/example_dags/example_branch_labels.py
[2024-12-26T04:00:46.768+0200] {logging_mixin.py:190} INFO - [2024-12-26T04:00:46.766+0200] {dag.py:3239} INFO - Sync 1 DAGs
[2024-12-26T04:00:46.805+0200] {logging_mixin.py:190} INFO - [2024-12-26T04:00:46.803+0200] {dag.py:4180} INFO - Setting next_dagrun for example_branch_labels to 2024-12-25 00:00:00+00:00, run_after=2024-12-26 00:00:00+00:00
[2024-12-26T04:00:46.876+0200] {processor.py:208} INFO - Processing /mnt/e/Assignments/Airflow/airflow/airflow_env/lib/python3.12/site-packages/airflow/example_dags/example_branch_labels.py took 0.517 seconds
[2024-12-26T04:02:46.362+0200] {processor.py:186} INFO - Started process (PID=193436) to work on /mnt/e/Assignments/Airflow/airflow/airflow_env/lib/python3.12/site-packages/airflow/example_dags/example_branch_labels.py
[2024-12-26T04:02:46.366+0200] {processor.py:914} INFO - Processing file /mnt/e/Assignments/Airflow/airflow/airflow_env/lib/python3.12/site-packages/airflow/example_dags/example_branch_labels.py for tasks to queue
[2024-12-26T04:02:46.374+0200] {logging_mixin.py:190} INFO - [2024-12-26T04:02:46.371+0200] {dagbag.py:588} INFO - Filling up the DagBag from /mnt/e/Assignments/Airflow/airflow/airflow_env/lib/python3.12/site-packages/airflow/example_dags/example_branch_labels.py
[2024-12-26T04:02:46.677+0200] {processor.py:925} INFO - DAG(s) 'example_branch_labels' retrieved from /mnt/e/Assignments/Airflow/airflow/airflow_env/lib/python3.12/site-packages/airflow/example_dags/example_branch_labels.py
[2024-12-26T04:02:46.750+0200] {logging_mixin.py:190} INFO - [2024-12-26T04:02:46.746+0200] {dag.py:3239} INFO - Sync 1 DAGs
[2024-12-26T04:02:46.792+0200] {logging_mixin.py:190} INFO - [2024-12-26T04:02:46.790+0200] {dag.py:4180} INFO - Setting next_dagrun for example_branch_labels to 2024-12-25 00:00:00+00:00, run_after=2024-12-26 00:00:00+00:00
[2024-12-26T04:02:46.909+0200] {processor.py:208} INFO - Processing /mnt/e/Assignments/Airflow/airflow/airflow_env/lib/python3.12/site-packages/airflow/example_dags/example_branch_labels.py took 0.580 seconds
[2024-12-26T04:05:06.334+0200] {processor.py:186} INFO - Started process (PID=193521) to work on /mnt/e/Assignments/Airflow/airflow/airflow_env/lib/python3.12/site-packages/airflow/example_dags/example_branch_labels.py
[2024-12-26T04:05:06.337+0200] {processor.py:914} INFO - Processing file /mnt/e/Assignments/Airflow/airflow/airflow_env/lib/python3.12/site-packages/airflow/example_dags/example_branch_labels.py for tasks to queue
[2024-12-26T04:05:06.340+0200] {logging_mixin.py:190} INFO - [2024-12-26T04:05:06.339+0200] {dagbag.py:588} INFO - Filling up the DagBag from /mnt/e/Assignments/Airflow/airflow/airflow_env/lib/python3.12/site-packages/airflow/example_dags/example_branch_labels.py
[2024-12-26T04:05:06.462+0200] {processor.py:925} INFO - DAG(s) 'example_branch_labels' retrieved from /mnt/e/Assignments/Airflow/airflow/airflow_env/lib/python3.12/site-packages/airflow/example_dags/example_branch_labels.py
[2024-12-26T04:05:06.485+0200] {logging_mixin.py:190} INFO - [2024-12-26T04:05:06.484+0200] {dag.py:3239} INFO - Sync 1 DAGs
[2024-12-26T04:05:06.501+0200] {logging_mixin.py:190} INFO - [2024-12-26T04:05:06.500+0200] {dag.py:4180} INFO - Setting next_dagrun for example_branch_labels to 2024-12-25 00:00:00+00:00, run_after=2024-12-26 00:00:00+00:00
[2024-12-26T04:05:06.558+0200] {processor.py:208} INFO - Processing /mnt/e/Assignments/Airflow/airflow/airflow_env/lib/python3.12/site-packages/airflow/example_dags/example_branch_labels.py took 0.238 seconds
[2024-12-26T04:07:04.335+0200] {processor.py:186} INFO - Started process (PID=193600) to work on /mnt/e/Assignments/Airflow/airflow/airflow_env/lib/python3.12/site-packages/airflow/example_dags/example_branch_labels.py
[2024-12-26T04:07:04.337+0200] {processor.py:914} INFO - Processing file /mnt/e/Assignments/Airflow/airflow/airflow_env/lib/python3.12/site-packages/airflow/example_dags/example_branch_labels.py for tasks to queue
[2024-12-26T04:07:04.341+0200] {logging_mixin.py:190} INFO - [2024-12-26T04:07:04.340+0200] {dagbag.py:588} INFO - Filling up the DagBag from /mnt/e/Assignments/Airflow/airflow/airflow_env/lib/python3.12/site-packages/airflow/example_dags/example_branch_labels.py
[2024-12-26T04:07:04.416+0200] {processor.py:925} INFO - DAG(s) 'example_branch_labels' retrieved from /mnt/e/Assignments/Airflow/airflow/airflow_env/lib/python3.12/site-packages/airflow/example_dags/example_branch_labels.py
[2024-12-26T04:07:04.438+0200] {logging_mixin.py:190} INFO - [2024-12-26T04:07:04.437+0200] {dag.py:3239} INFO - Sync 1 DAGs
[2024-12-26T04:07:04.460+0200] {logging_mixin.py:190} INFO - [2024-12-26T04:07:04.460+0200] {dag.py:4180} INFO - Setting next_dagrun for example_branch_labels to 2024-12-25 00:00:00+00:00, run_after=2024-12-26 00:00:00+00:00
[2024-12-26T04:07:04.512+0200] {processor.py:208} INFO - Processing /mnt/e/Assignments/Airflow/airflow/airflow_env/lib/python3.12/site-packages/airflow/example_dags/example_branch_labels.py took 0.196 seconds
[2024-12-26T04:09:01.895+0200] {processor.py:186} INFO - Started process (PID=193677) to work on /mnt/e/Assignments/Airflow/airflow/airflow_env/lib/python3.12/site-packages/airflow/example_dags/example_branch_labels.py
[2024-12-26T04:09:01.897+0200] {processor.py:914} INFO - Processing file /mnt/e/Assignments/Airflow/airflow/airflow_env/lib/python3.12/site-packages/airflow/example_dags/example_branch_labels.py for tasks to queue
[2024-12-26T04:09:01.901+0200] {logging_mixin.py:190} INFO - [2024-12-26T04:09:01.899+0200] {dagbag.py:588} INFO - Filling up the DagBag from /mnt/e/Assignments/Airflow/airflow/airflow_env/lib/python3.12/site-packages/airflow/example_dags/example_branch_labels.py
[2024-12-26T04:09:01.959+0200] {processor.py:925} INFO - DAG(s) 'example_branch_labels' retrieved from /mnt/e/Assignments/Airflow/airflow/airflow_env/lib/python3.12/site-packages/airflow/example_dags/example_branch_labels.py
[2024-12-26T04:09:01.978+0200] {logging_mixin.py:190} INFO - [2024-12-26T04:09:01.977+0200] {dag.py:3239} INFO - Sync 1 DAGs
[2024-12-26T04:09:01.993+0200] {logging_mixin.py:190} INFO - [2024-12-26T04:09:01.992+0200] {dag.py:4180} INFO - Setting next_dagrun for example_branch_labels to 2024-12-25 00:00:00+00:00, run_after=2024-12-26 00:00:00+00:00
[2024-12-26T04:09:02.031+0200] {processor.py:208} INFO - Processing /mnt/e/Assignments/Airflow/airflow/airflow_env/lib/python3.12/site-packages/airflow/example_dags/example_branch_labels.py took 0.145 seconds
[2024-12-26T04:10:48.050+0200] {processor.py:186} INFO - Started process (PID=193752) to work on /mnt/e/Assignments/Airflow/airflow/airflow_env/lib/python3.12/site-packages/airflow/example_dags/example_branch_labels.py
[2024-12-26T04:10:48.052+0200] {processor.py:914} INFO - Processing file /mnt/e/Assignments/Airflow/airflow/airflow_env/lib/python3.12/site-packages/airflow/example_dags/example_branch_labels.py for tasks to queue
[2024-12-26T04:10:48.055+0200] {logging_mixin.py:190} INFO - [2024-12-26T04:10:48.054+0200] {dagbag.py:588} INFO - Filling up the DagBag from /mnt/e/Assignments/Airflow/airflow/airflow_env/lib/python3.12/site-packages/airflow/example_dags/example_branch_labels.py
[2024-12-26T04:10:48.114+0200] {processor.py:925} INFO - DAG(s) 'example_branch_labels' retrieved from /mnt/e/Assignments/Airflow/airflow/airflow_env/lib/python3.12/site-packages/airflow/example_dags/example_branch_labels.py
[2024-12-26T04:10:48.142+0200] {logging_mixin.py:190} INFO - [2024-12-26T04:10:48.140+0200] {dag.py:3239} INFO - Sync 1 DAGs
[2024-12-26T04:10:48.163+0200] {logging_mixin.py:190} INFO - [2024-12-26T04:10:48.162+0200] {dag.py:4180} INFO - Setting next_dagrun for example_branch_labels to 2024-12-25 00:00:00+00:00, run_after=2024-12-26 00:00:00+00:00
[2024-12-26T04:10:48.215+0200] {processor.py:208} INFO - Processing /mnt/e/Assignments/Airflow/airflow/airflow_env/lib/python3.12/site-packages/airflow/example_dags/example_branch_labels.py took 0.174 seconds
[2024-12-26T04:12:38.366+0200] {processor.py:186} INFO - Started process (PID=193830) to work on /mnt/e/Assignments/Airflow/airflow/airflow_env/lib/python3.12/site-packages/airflow/example_dags/example_branch_labels.py
[2024-12-26T04:12:38.368+0200] {processor.py:914} INFO - Processing file /mnt/e/Assignments/Airflow/airflow/airflow_env/lib/python3.12/site-packages/airflow/example_dags/example_branch_labels.py for tasks to queue
[2024-12-26T04:12:38.370+0200] {logging_mixin.py:190} INFO - [2024-12-26T04:12:38.369+0200] {dagbag.py:588} INFO - Filling up the DagBag from /mnt/e/Assignments/Airflow/airflow/airflow_env/lib/python3.12/site-packages/airflow/example_dags/example_branch_labels.py
[2024-12-26T04:12:38.427+0200] {processor.py:925} INFO - DAG(s) 'example_branch_labels' retrieved from /mnt/e/Assignments/Airflow/airflow/airflow_env/lib/python3.12/site-packages/airflow/example_dags/example_branch_labels.py
[2024-12-26T04:12:38.445+0200] {logging_mixin.py:190} INFO - [2024-12-26T04:12:38.445+0200] {dag.py:3239} INFO - Sync 1 DAGs
[2024-12-26T04:12:38.462+0200] {logging_mixin.py:190} INFO - [2024-12-26T04:12:38.461+0200] {dag.py:4180} INFO - Setting next_dagrun for example_branch_labels to 2024-12-25 00:00:00+00:00, run_after=2024-12-26 00:00:00+00:00
[2024-12-26T04:12:38.500+0200] {processor.py:208} INFO - Processing /mnt/e/Assignments/Airflow/airflow/airflow_env/lib/python3.12/site-packages/airflow/example_dags/example_branch_labels.py took 0.143 seconds
[2024-12-26T04:14:27.107+0200] {processor.py:186} INFO - Started process (PID=193906) to work on /mnt/e/Assignments/Airflow/airflow/airflow_env/lib/python3.12/site-packages/airflow/example_dags/example_branch_labels.py
[2024-12-26T04:14:27.109+0200] {processor.py:914} INFO - Processing file /mnt/e/Assignments/Airflow/airflow/airflow_env/lib/python3.12/site-packages/airflow/example_dags/example_branch_labels.py for tasks to queue
[2024-12-26T04:14:27.112+0200] {logging_mixin.py:190} INFO - [2024-12-26T04:14:27.111+0200] {dagbag.py:588} INFO - Filling up the DagBag from /mnt/e/Assignments/Airflow/airflow/airflow_env/lib/python3.12/site-packages/airflow/example_dags/example_branch_labels.py
[2024-12-26T04:14:27.191+0200] {processor.py:925} INFO - DAG(s) 'example_branch_labels' retrieved from /mnt/e/Assignments/Airflow/airflow/airflow_env/lib/python3.12/site-packages/airflow/example_dags/example_branch_labels.py
[2024-12-26T04:14:27.215+0200] {logging_mixin.py:190} INFO - [2024-12-26T04:14:27.214+0200] {dag.py:3239} INFO - Sync 1 DAGs
[2024-12-26T04:14:27.233+0200] {logging_mixin.py:190} INFO - [2024-12-26T04:14:27.232+0200] {dag.py:4180} INFO - Setting next_dagrun for example_branch_labels to 2024-12-25 00:00:00+00:00, run_after=2024-12-26 00:00:00+00:00
[2024-12-26T04:14:27.283+0200] {processor.py:208} INFO - Processing /mnt/e/Assignments/Airflow/airflow/airflow_env/lib/python3.12/site-packages/airflow/example_dags/example_branch_labels.py took 0.185 seconds
[2024-12-26T04:16:45.944+0200] {processor.py:186} INFO - Started process (PID=193988) to work on /mnt/e/Assignments/Airflow/airflow/airflow_env/lib/python3.12/site-packages/airflow/example_dags/example_branch_labels.py
[2024-12-26T04:16:45.949+0200] {processor.py:914} INFO - Processing file /mnt/e/Assignments/Airflow/airflow/airflow_env/lib/python3.12/site-packages/airflow/example_dags/example_branch_labels.py for tasks to queue
[2024-12-26T04:16:45.957+0200] {logging_mixin.py:190} INFO - [2024-12-26T04:16:45.954+0200] {dagbag.py:588} INFO - Filling up the DagBag from /mnt/e/Assignments/Airflow/airflow/airflow_env/lib/python3.12/site-packages/airflow/example_dags/example_branch_labels.py
[2024-12-26T04:16:46.068+0200] {processor.py:925} INFO - DAG(s) 'example_branch_labels' retrieved from /mnt/e/Assignments/Airflow/airflow/airflow_env/lib/python3.12/site-packages/airflow/example_dags/example_branch_labels.py
[2024-12-26T04:16:46.088+0200] {logging_mixin.py:190} INFO - [2024-12-26T04:16:46.087+0200] {dag.py:3239} INFO - Sync 1 DAGs
[2024-12-26T04:16:46.104+0200] {logging_mixin.py:190} INFO - [2024-12-26T04:16:46.103+0200] {dag.py:4180} INFO - Setting next_dagrun for example_branch_labels to 2024-12-25 00:00:00+00:00, run_after=2024-12-26 00:00:00+00:00
[2024-12-26T04:16:46.149+0200] {processor.py:208} INFO - Processing /mnt/e/Assignments/Airflow/airflow/airflow_env/lib/python3.12/site-packages/airflow/example_dags/example_branch_labels.py took 0.233 seconds
[2024-12-26T04:19:01.320+0200] {processor.py:186} INFO - Started process (PID=194075) to work on /mnt/e/Assignments/Airflow/airflow/airflow_env/lib/python3.12/site-packages/airflow/example_dags/example_branch_labels.py
[2024-12-26T04:19:01.326+0200] {processor.py:914} INFO - Processing file /mnt/e/Assignments/Airflow/airflow/airflow_env/lib/python3.12/site-packages/airflow/example_dags/example_branch_labels.py for tasks to queue
[2024-12-26T04:19:01.335+0200] {logging_mixin.py:190} INFO - [2024-12-26T04:19:01.331+0200] {dagbag.py:588} INFO - Filling up the DagBag from /mnt/e/Assignments/Airflow/airflow/airflow_env/lib/python3.12/site-packages/airflow/example_dags/example_branch_labels.py
[2024-12-26T04:19:01.679+0200] {processor.py:925} INFO - DAG(s) 'example_branch_labels' retrieved from /mnt/e/Assignments/Airflow/airflow/airflow_env/lib/python3.12/site-packages/airflow/example_dags/example_branch_labels.py
[2024-12-26T04:19:01.757+0200] {logging_mixin.py:190} INFO - [2024-12-26T04:19:01.753+0200] {dag.py:3239} INFO - Sync 1 DAGs
[2024-12-26T04:19:01.804+0200] {logging_mixin.py:190} INFO - [2024-12-26T04:19:01.801+0200] {dag.py:4180} INFO - Setting next_dagrun for example_branch_labels to 2024-12-25 00:00:00+00:00, run_after=2024-12-26 00:00:00+00:00
[2024-12-26T04:19:01.961+0200] {processor.py:208} INFO - Processing /mnt/e/Assignments/Airflow/airflow/airflow_env/lib/python3.12/site-packages/airflow/example_dags/example_branch_labels.py took 0.674 seconds
[2024-12-26T04:21:17.968+0200] {processor.py:186} INFO - Started process (PID=194159) to work on /mnt/e/Assignments/Airflow/airflow/airflow_env/lib/python3.12/site-packages/airflow/example_dags/example_branch_labels.py
[2024-12-26T04:21:17.974+0200] {processor.py:914} INFO - Processing file /mnt/e/Assignments/Airflow/airflow/airflow_env/lib/python3.12/site-packages/airflow/example_dags/example_branch_labels.py for tasks to queue
[2024-12-26T04:21:17.986+0200] {logging_mixin.py:190} INFO - [2024-12-26T04:21:17.981+0200] {dagbag.py:588} INFO - Filling up the DagBag from /mnt/e/Assignments/Airflow/airflow/airflow_env/lib/python3.12/site-packages/airflow/example_dags/example_branch_labels.py
[2024-12-26T04:21:18.352+0200] {processor.py:925} INFO - DAG(s) 'example_branch_labels' retrieved from /mnt/e/Assignments/Airflow/airflow/airflow_env/lib/python3.12/site-packages/airflow/example_dags/example_branch_labels.py
[2024-12-26T04:21:18.425+0200] {logging_mixin.py:190} INFO - [2024-12-26T04:21:18.422+0200] {dag.py:3239} INFO - Sync 1 DAGs
[2024-12-26T04:21:18.468+0200] {logging_mixin.py:190} INFO - [2024-12-26T04:21:18.465+0200] {dag.py:4180} INFO - Setting next_dagrun for example_branch_labels to 2024-12-25 00:00:00+00:00, run_after=2024-12-26 00:00:00+00:00
[2024-12-26T04:21:18.627+0200] {processor.py:208} INFO - Processing /mnt/e/Assignments/Airflow/airflow/airflow_env/lib/python3.12/site-packages/airflow/example_dags/example_branch_labels.py took 0.696 seconds
[2024-12-26T04:23:41.254+0200] {processor.py:186} INFO - Started process (PID=194244) to work on /mnt/e/Assignments/Airflow/airflow/airflow_env/lib/python3.12/site-packages/airflow/example_dags/example_branch_labels.py
[2024-12-26T04:23:41.258+0200] {processor.py:914} INFO - Processing file /mnt/e/Assignments/Airflow/airflow/airflow_env/lib/python3.12/site-packages/airflow/example_dags/example_branch_labels.py for tasks to queue
[2024-12-26T04:23:41.265+0200] {logging_mixin.py:190} INFO - [2024-12-26T04:23:41.263+0200] {dagbag.py:588} INFO - Filling up the DagBag from /mnt/e/Assignments/Airflow/airflow/airflow_env/lib/python3.12/site-packages/airflow/example_dags/example_branch_labels.py
[2024-12-26T04:23:41.499+0200] {processor.py:925} INFO - DAG(s) 'example_branch_labels' retrieved from /mnt/e/Assignments/Airflow/airflow/airflow_env/lib/python3.12/site-packages/airflow/example_dags/example_branch_labels.py
[2024-12-26T04:23:41.522+0200] {logging_mixin.py:190} INFO - [2024-12-26T04:23:41.521+0200] {dag.py:3239} INFO - Sync 1 DAGs
[2024-12-26T04:23:41.539+0200] {logging_mixin.py:190} INFO - [2024-12-26T04:23:41.537+0200] {dag.py:4180} INFO - Setting next_dagrun for example_branch_labels to 2024-12-25 00:00:00+00:00, run_after=2024-12-26 00:00:00+00:00
[2024-12-26T04:23:41.580+0200] {processor.py:208} INFO - Processing /mnt/e/Assignments/Airflow/airflow/airflow_env/lib/python3.12/site-packages/airflow/example_dags/example_branch_labels.py took 0.350 seconds
[2024-12-26T04:25:47.312+0200] {processor.py:186} INFO - Started process (PID=194325) to work on /mnt/e/Assignments/Airflow/airflow/airflow_env/lib/python3.12/site-packages/airflow/example_dags/example_branch_labels.py
[2024-12-26T04:25:47.313+0200] {processor.py:914} INFO - Processing file /mnt/e/Assignments/Airflow/airflow/airflow_env/lib/python3.12/site-packages/airflow/example_dags/example_branch_labels.py for tasks to queue
[2024-12-26T04:25:47.317+0200] {logging_mixin.py:190} INFO - [2024-12-26T04:25:47.315+0200] {dagbag.py:588} INFO - Filling up the DagBag from /mnt/e/Assignments/Airflow/airflow/airflow_env/lib/python3.12/site-packages/airflow/example_dags/example_branch_labels.py
[2024-12-26T04:25:47.409+0200] {processor.py:925} INFO - DAG(s) 'example_branch_labels' retrieved from /mnt/e/Assignments/Airflow/airflow/airflow_env/lib/python3.12/site-packages/airflow/example_dags/example_branch_labels.py
[2024-12-26T04:25:47.438+0200] {logging_mixin.py:190} INFO - [2024-12-26T04:25:47.436+0200] {dag.py:3239} INFO - Sync 1 DAGs
[2024-12-26T04:25:47.456+0200] {logging_mixin.py:190} INFO - [2024-12-26T04:25:47.454+0200] {dag.py:4180} INFO - Setting next_dagrun for example_branch_labels to 2024-12-25 00:00:00+00:00, run_after=2024-12-26 00:00:00+00:00
[2024-12-26T04:25:47.533+0200] {processor.py:208} INFO - Processing /mnt/e/Assignments/Airflow/airflow/airflow_env/lib/python3.12/site-packages/airflow/example_dags/example_branch_labels.py took 0.232 seconds
[2024-12-26T04:28:13.386+0200] {processor.py:186} INFO - Started process (PID=194410) to work on /mnt/e/Assignments/Airflow/airflow/airflow_env/lib/python3.12/site-packages/airflow/example_dags/example_branch_labels.py
[2024-12-26T04:28:13.392+0200] {processor.py:914} INFO - Processing file /mnt/e/Assignments/Airflow/airflow/airflow_env/lib/python3.12/site-packages/airflow/example_dags/example_branch_labels.py for tasks to queue
[2024-12-26T04:28:13.401+0200] {logging_mixin.py:190} INFO - [2024-12-26T04:28:13.398+0200] {dagbag.py:588} INFO - Filling up the DagBag from /mnt/e/Assignments/Airflow/airflow/airflow_env/lib/python3.12/site-packages/airflow/example_dags/example_branch_labels.py
[2024-12-26T04:28:13.722+0200] {processor.py:925} INFO - DAG(s) 'example_branch_labels' retrieved from /mnt/e/Assignments/Airflow/airflow/airflow_env/lib/python3.12/site-packages/airflow/example_dags/example_branch_labels.py
[2024-12-26T04:28:16.725+0200] {logging_mixin.py:190} INFO - [2024-12-26T04:28:16.722+0200] {dag.py:3239} INFO - Sync 1 DAGs
[2024-12-26T04:28:16.771+0200] {logging_mixin.py:190} INFO - [2024-12-26T04:28:16.767+0200] {dag.py:4180} INFO - Setting next_dagrun for example_branch_labels to 2024-12-25 00:00:00+00:00, run_after=2024-12-26 00:00:00+00:00
[2024-12-26T04:28:16.905+0200] {processor.py:208} INFO - Processing /mnt/e/Assignments/Airflow/airflow/airflow_env/lib/python3.12/site-packages/airflow/example_dags/example_branch_labels.py took 0.619 seconds
[2024-12-26T04:30:22.167+0200] {processor.py:186} INFO - Started process (PID=194491) to work on /mnt/e/Assignments/Airflow/airflow/airflow_env/lib/python3.12/site-packages/airflow/example_dags/example_branch_labels.py
[2024-12-26T04:30:22.174+0200] {processor.py:914} INFO - Processing file /mnt/e/Assignments/Airflow/airflow/airflow_env/lib/python3.12/site-packages/airflow/example_dags/example_branch_labels.py for tasks to queue
[2024-12-26T04:30:22.186+0200] {logging_mixin.py:190} INFO - [2024-12-26T04:30:22.181+0200] {dagbag.py:588} INFO - Filling up the DagBag from /mnt/e/Assignments/Airflow/airflow/airflow_env/lib/python3.12/site-packages/airflow/example_dags/example_branch_labels.py
[2024-12-26T04:30:22.491+0200] {processor.py:925} INFO - DAG(s) 'example_branch_labels' retrieved from /mnt/e/Assignments/Airflow/airflow/airflow_env/lib/python3.12/site-packages/airflow/example_dags/example_branch_labels.py
[2024-12-26T04:30:22.558+0200] {logging_mixin.py:190} INFO - [2024-12-26T04:30:22.555+0200] {dag.py:3239} INFO - Sync 1 DAGs
[2024-12-26T04:30:22.601+0200] {logging_mixin.py:190} INFO - [2024-12-26T04:30:22.597+0200] {dag.py:4180} INFO - Setting next_dagrun for example_branch_labels to 2024-12-25 00:00:00+00:00, run_after=2024-12-26 00:00:00+00:00
[2024-12-26T04:30:22.755+0200] {processor.py:208} INFO - Processing /mnt/e/Assignments/Airflow/airflow/airflow_env/lib/python3.12/site-packages/airflow/example_dags/example_branch_labels.py took 0.630 seconds
[2024-12-26T04:32:37.510+0200] {processor.py:186} INFO - Started process (PID=194575) to work on /mnt/e/Assignments/Airflow/airflow/airflow_env/lib/python3.12/site-packages/airflow/example_dags/example_branch_labels.py
[2024-12-26T04:32:37.514+0200] {processor.py:914} INFO - Processing file /mnt/e/Assignments/Airflow/airflow/airflow_env/lib/python3.12/site-packages/airflow/example_dags/example_branch_labels.py for tasks to queue
[2024-12-26T04:32:37.523+0200] {logging_mixin.py:190} INFO - [2024-12-26T04:32:37.519+0200] {dagbag.py:588} INFO - Filling up the DagBag from /mnt/e/Assignments/Airflow/airflow/airflow_env/lib/python3.12/site-packages/airflow/example_dags/example_branch_labels.py
[2024-12-26T04:32:37.704+0200] {processor.py:925} INFO - DAG(s) 'example_branch_labels' retrieved from /mnt/e/Assignments/Airflow/airflow/airflow_env/lib/python3.12/site-packages/airflow/example_dags/example_branch_labels.py
[2024-12-26T04:32:37.724+0200] {logging_mixin.py:190} INFO - [2024-12-26T04:32:37.724+0200] {dag.py:3239} INFO - Sync 1 DAGs
[2024-12-26T04:32:37.741+0200] {logging_mixin.py:190} INFO - [2024-12-26T04:32:37.741+0200] {dag.py:4180} INFO - Setting next_dagrun for example_branch_labels to 2024-12-25 00:00:00+00:00, run_after=2024-12-26 00:00:00+00:00
[2024-12-26T04:32:37.783+0200] {processor.py:208} INFO - Processing /mnt/e/Assignments/Airflow/airflow/airflow_env/lib/python3.12/site-packages/airflow/example_dags/example_branch_labels.py took 0.301 seconds
[2024-12-26T04:34:38.455+0200] {processor.py:186} INFO - Started process (PID=194652) to work on /mnt/e/Assignments/Airflow/airflow/airflow_env/lib/python3.12/site-packages/airflow/example_dags/example_branch_labels.py
[2024-12-26T04:34:38.461+0200] {processor.py:914} INFO - Processing file /mnt/e/Assignments/Airflow/airflow/airflow_env/lib/python3.12/site-packages/airflow/example_dags/example_branch_labels.py for tasks to queue
[2024-12-26T04:34:38.472+0200] {logging_mixin.py:190} INFO - [2024-12-26T04:34:38.468+0200] {dagbag.py:588} INFO - Filling up the DagBag from /mnt/e/Assignments/Airflow/airflow/airflow_env/lib/python3.12/site-packages/airflow/example_dags/example_branch_labels.py
[2024-12-26T04:34:38.807+0200] {processor.py:925} INFO - DAG(s) 'example_branch_labels' retrieved from /mnt/e/Assignments/Airflow/airflow/airflow_env/lib/python3.12/site-packages/airflow/example_dags/example_branch_labels.py
[2024-12-26T04:34:38.868+0200] {logging_mixin.py:190} INFO - [2024-12-26T04:34:38.865+0200] {dag.py:3239} INFO - Sync 1 DAGs
[2024-12-26T04:34:38.906+0200] {logging_mixin.py:190} INFO - [2024-12-26T04:34:38.904+0200] {dag.py:4180} INFO - Setting next_dagrun for example_branch_labels to 2024-12-25 00:00:00+00:00, run_after=2024-12-26 00:00:00+00:00
[2024-12-26T04:34:39.051+0200] {processor.py:208} INFO - Processing /mnt/e/Assignments/Airflow/airflow/airflow_env/lib/python3.12/site-packages/airflow/example_dags/example_branch_labels.py took 0.637 seconds
