[2024-12-26T02:08:03.133+0200] {processor.py:186} INFO - Started process (PID=188639) to work on /mnt/e/Assignments/Airflow/airflow/airflow_env/lib/python3.12/site-packages/airflow/example_dags/example_bash_decorator.py
[2024-12-26T02:08:03.137+0200] {processor.py:914} INFO - Processing file /mnt/e/Assignments/Airflow/airflow/airflow_env/lib/python3.12/site-packages/airflow/example_dags/example_bash_decorator.py for tasks to queue
[2024-12-26T02:08:03.142+0200] {logging_mixin.py:190} INFO - [2024-12-26T02:08:03.140+0200] {dagbag.py:588} INFO - Filling up the DagBag from /mnt/e/Assignments/Airflow/airflow/airflow_env/lib/python3.12/site-packages/airflow/example_dags/example_bash_decorator.py
[2024-12-26T02:08:03.203+0200] {processor.py:925} INFO - DAG(s) 'example_bash_decorator' retrieved from /mnt/e/Assignments/Airflow/airflow/airflow_env/lib/python3.12/site-packages/airflow/example_dags/example_bash_decorator.py
[2024-12-26T02:08:03.250+0200] {logging_mixin.py:190} INFO - [2024-12-26T02:08:03.247+0200] {dag.py:3239} INFO - Sync 1 DAGs
[2024-12-26T02:08:03.273+0200] {logging_mixin.py:190} INFO - [2024-12-26T02:08:03.270+0200] {dag.py:4180} INFO - Setting next_dagrun for example_bash_decorator to None, run_after=None
[2024-12-26T02:08:03.397+0200] {processor.py:208} INFO - Processing /mnt/e/Assignments/Airflow/airflow/airflow_env/lib/python3.12/site-packages/airflow/example_dags/example_bash_decorator.py took 0.282 seconds
[2024-12-26T02:10:14.658+0200] {processor.py:186} INFO - Started process (PID=188720) to work on /mnt/e/Assignments/Airflow/airflow/airflow_env/lib/python3.12/site-packages/airflow/example_dags/example_bash_decorator.py
[2024-12-26T02:10:14.660+0200] {processor.py:914} INFO - Processing file /mnt/e/Assignments/Airflow/airflow/airflow_env/lib/python3.12/site-packages/airflow/example_dags/example_bash_decorator.py for tasks to queue
[2024-12-26T02:10:14.663+0200] {logging_mixin.py:190} INFO - [2024-12-26T02:10:14.661+0200] {dagbag.py:588} INFO - Filling up the DagBag from /mnt/e/Assignments/Airflow/airflow/airflow_env/lib/python3.12/site-packages/airflow/example_dags/example_bash_decorator.py
[2024-12-26T02:10:14.696+0200] {processor.py:925} INFO - DAG(s) 'example_bash_decorator' retrieved from /mnt/e/Assignments/Airflow/airflow/airflow_env/lib/python3.12/site-packages/airflow/example_dags/example_bash_decorator.py
[2024-12-26T02:10:14.724+0200] {logging_mixin.py:190} INFO - [2024-12-26T02:10:14.723+0200] {dag.py:3239} INFO - Sync 1 DAGs
[2024-12-26T02:10:14.736+0200] {logging_mixin.py:190} INFO - [2024-12-26T02:10:14.735+0200] {dag.py:4180} INFO - Setting next_dagrun for example_bash_decorator to None, run_after=None
[2024-12-26T02:10:14.805+0200] {processor.py:208} INFO - Processing /mnt/e/Assignments/Airflow/airflow/airflow_env/lib/python3.12/site-packages/airflow/example_dags/example_bash_decorator.py took 0.158 seconds
[2024-12-26T02:12:27.754+0200] {processor.py:186} INFO - Started process (PID=188817) to work on /mnt/e/Assignments/Airflow/airflow/airflow_env/lib/python3.12/site-packages/airflow/example_dags/example_bash_decorator.py
[2024-12-26T02:12:27.757+0200] {processor.py:914} INFO - Processing file /mnt/e/Assignments/Airflow/airflow/airflow_env/lib/python3.12/site-packages/airflow/example_dags/example_bash_decorator.py for tasks to queue
[2024-12-26T02:12:27.761+0200] {logging_mixin.py:190} INFO - [2024-12-26T02:12:27.760+0200] {dagbag.py:588} INFO - Filling up the DagBag from /mnt/e/Assignments/Airflow/airflow/airflow_env/lib/python3.12/site-packages/airflow/example_dags/example_bash_decorator.py
[2024-12-26T02:12:27.820+0200] {processor.py:925} INFO - DAG(s) 'example_bash_decorator' retrieved from /mnt/e/Assignments/Airflow/airflow/airflow_env/lib/python3.12/site-packages/airflow/example_dags/example_bash_decorator.py
[2024-12-26T02:12:27.858+0200] {logging_mixin.py:190} INFO - [2024-12-26T02:12:27.857+0200] {dag.py:3239} INFO - Sync 1 DAGs
[2024-12-26T02:12:27.875+0200] {logging_mixin.py:190} INFO - [2024-12-26T02:12:27.874+0200] {dag.py:4180} INFO - Setting next_dagrun for example_bash_decorator to None, run_after=None
[2024-12-26T02:12:28.002+0200] {processor.py:208} INFO - Processing /mnt/e/Assignments/Airflow/airflow/airflow_env/lib/python3.12/site-packages/airflow/example_dags/example_bash_decorator.py took 0.265 seconds
[2024-12-26T02:14:35.947+0200] {processor.py:186} INFO - Started process (PID=188902) to work on /mnt/e/Assignments/Airflow/airflow/airflow_env/lib/python3.12/site-packages/airflow/example_dags/example_bash_decorator.py
[2024-12-26T02:14:35.949+0200] {processor.py:914} INFO - Processing file /mnt/e/Assignments/Airflow/airflow/airflow_env/lib/python3.12/site-packages/airflow/example_dags/example_bash_decorator.py for tasks to queue
[2024-12-26T02:14:35.954+0200] {logging_mixin.py:190} INFO - [2024-12-26T02:14:35.952+0200] {dagbag.py:588} INFO - Filling up the DagBag from /mnt/e/Assignments/Airflow/airflow/airflow_env/lib/python3.12/site-packages/airflow/example_dags/example_bash_decorator.py
[2024-12-26T02:14:36.015+0200] {processor.py:925} INFO - DAG(s) 'example_bash_decorator' retrieved from /mnt/e/Assignments/Airflow/airflow/airflow_env/lib/python3.12/site-packages/airflow/example_dags/example_bash_decorator.py
[2024-12-26T02:14:36.060+0200] {logging_mixin.py:190} INFO - [2024-12-26T02:14:36.059+0200] {dag.py:3239} INFO - Sync 1 DAGs
[2024-12-26T02:14:36.078+0200] {logging_mixin.py:190} INFO - [2024-12-26T02:14:36.076+0200] {dag.py:4180} INFO - Setting next_dagrun for example_bash_decorator to None, run_after=None
[2024-12-26T02:14:36.191+0200] {processor.py:208} INFO - Processing /mnt/e/Assignments/Airflow/airflow/airflow_env/lib/python3.12/site-packages/airflow/example_dags/example_bash_decorator.py took 0.259 seconds
[2024-12-26T02:16:43.901+0200] {processor.py:186} INFO - Started process (PID=188986) to work on /mnt/e/Assignments/Airflow/airflow/airflow_env/lib/python3.12/site-packages/airflow/example_dags/example_bash_decorator.py
[2024-12-26T02:16:43.904+0200] {processor.py:914} INFO - Processing file /mnt/e/Assignments/Airflow/airflow/airflow_env/lib/python3.12/site-packages/airflow/example_dags/example_bash_decorator.py for tasks to queue
[2024-12-26T02:16:43.909+0200] {logging_mixin.py:190} INFO - [2024-12-26T02:16:43.907+0200] {dagbag.py:588} INFO - Filling up the DagBag from /mnt/e/Assignments/Airflow/airflow/airflow_env/lib/python3.12/site-packages/airflow/example_dags/example_bash_decorator.py
[2024-12-26T02:16:43.962+0200] {processor.py:925} INFO - DAG(s) 'example_bash_decorator' retrieved from /mnt/e/Assignments/Airflow/airflow/airflow_env/lib/python3.12/site-packages/airflow/example_dags/example_bash_decorator.py
[2024-12-26T02:16:43.990+0200] {logging_mixin.py:190} INFO - [2024-12-26T02:16:43.989+0200] {dag.py:3239} INFO - Sync 1 DAGs
[2024-12-26T02:16:44.005+0200] {logging_mixin.py:190} INFO - [2024-12-26T02:16:44.004+0200] {dag.py:4180} INFO - Setting next_dagrun for example_bash_decorator to None, run_after=None
[2024-12-26T02:16:44.074+0200] {processor.py:208} INFO - Processing /mnt/e/Assignments/Airflow/airflow/airflow_env/lib/python3.12/site-packages/airflow/example_dags/example_bash_decorator.py took 0.195 seconds
[2024-12-26T02:18:50.411+0200] {processor.py:186} INFO - Started process (PID=189084) to work on /mnt/e/Assignments/Airflow/airflow/airflow_env/lib/python3.12/site-packages/airflow/example_dags/example_bash_decorator.py
[2024-12-26T02:18:50.415+0200] {processor.py:914} INFO - Processing file /mnt/e/Assignments/Airflow/airflow/airflow_env/lib/python3.12/site-packages/airflow/example_dags/example_bash_decorator.py for tasks to queue
[2024-12-26T02:18:50.422+0200] {logging_mixin.py:190} INFO - [2024-12-26T02:18:50.419+0200] {dagbag.py:588} INFO - Filling up the DagBag from /mnt/e/Assignments/Airflow/airflow/airflow_env/lib/python3.12/site-packages/airflow/example_dags/example_bash_decorator.py
[2024-12-26T02:18:50.510+0200] {processor.py:925} INFO - DAG(s) 'example_bash_decorator' retrieved from /mnt/e/Assignments/Airflow/airflow/airflow_env/lib/python3.12/site-packages/airflow/example_dags/example_bash_decorator.py
[2024-12-26T02:18:50.577+0200] {logging_mixin.py:190} INFO - [2024-12-26T02:18:50.575+0200] {dag.py:3239} INFO - Sync 1 DAGs
[2024-12-26T02:18:50.594+0200] {logging_mixin.py:190} INFO - [2024-12-26T02:18:50.591+0200] {dag.py:4180} INFO - Setting next_dagrun for example_bash_decorator to None, run_after=None
[2024-12-26T02:18:50.706+0200] {processor.py:208} INFO - Processing /mnt/e/Assignments/Airflow/airflow/airflow_env/lib/python3.12/site-packages/airflow/example_dags/example_bash_decorator.py took 0.326 seconds
[2024-12-26T02:21:07.209+0200] {processor.py:186} INFO - Started process (PID=189177) to work on /mnt/e/Assignments/Airflow/airflow/airflow_env/lib/python3.12/site-packages/airflow/example_dags/example_bash_decorator.py
[2024-12-26T02:21:07.213+0200] {processor.py:914} INFO - Processing file /mnt/e/Assignments/Airflow/airflow/airflow_env/lib/python3.12/site-packages/airflow/example_dags/example_bash_decorator.py for tasks to queue
[2024-12-26T02:21:07.219+0200] {logging_mixin.py:190} INFO - [2024-12-26T02:21:07.216+0200] {dagbag.py:588} INFO - Filling up the DagBag from /mnt/e/Assignments/Airflow/airflow/airflow_env/lib/python3.12/site-packages/airflow/example_dags/example_bash_decorator.py
[2024-12-26T02:21:07.263+0200] {processor.py:925} INFO - DAG(s) 'example_bash_decorator' retrieved from /mnt/e/Assignments/Airflow/airflow/airflow_env/lib/python3.12/site-packages/airflow/example_dags/example_bash_decorator.py
[2024-12-26T02:21:07.300+0200] {logging_mixin.py:190} INFO - [2024-12-26T02:21:07.298+0200] {dag.py:3239} INFO - Sync 1 DAGs
[2024-12-26T02:21:07.324+0200] {logging_mixin.py:190} INFO - [2024-12-26T02:21:07.321+0200] {dag.py:4180} INFO - Setting next_dagrun for example_bash_decorator to None, run_after=None
[2024-12-26T02:21:07.467+0200] {processor.py:208} INFO - Processing /mnt/e/Assignments/Airflow/airflow/airflow_env/lib/python3.12/site-packages/airflow/example_dags/example_bash_decorator.py took 0.279 seconds
[2024-12-26T02:23:10.953+0200] {processor.py:186} INFO - Started process (PID=189288) to work on /mnt/e/Assignments/Airflow/airflow/airflow_env/lib/python3.12/site-packages/airflow/example_dags/example_bash_decorator.py
[2024-12-26T02:23:10.957+0200] {processor.py:914} INFO - Processing file /mnt/e/Assignments/Airflow/airflow/airflow_env/lib/python3.12/site-packages/airflow/example_dags/example_bash_decorator.py for tasks to queue
[2024-12-26T02:23:10.962+0200] {logging_mixin.py:190} INFO - [2024-12-26T02:23:10.960+0200] {dagbag.py:588} INFO - Filling up the DagBag from /mnt/e/Assignments/Airflow/airflow/airflow_env/lib/python3.12/site-packages/airflow/example_dags/example_bash_decorator.py
[2024-12-26T02:23:11.034+0200] {processor.py:925} INFO - DAG(s) 'example_bash_decorator' retrieved from /mnt/e/Assignments/Airflow/airflow/airflow_env/lib/python3.12/site-packages/airflow/example_dags/example_bash_decorator.py
[2024-12-26T02:23:11.084+0200] {logging_mixin.py:190} INFO - [2024-12-26T02:23:11.082+0200] {dag.py:3239} INFO - Sync 1 DAGs
[2024-12-26T02:23:11.115+0200] {logging_mixin.py:190} INFO - [2024-12-26T02:23:11.113+0200] {dag.py:4180} INFO - Setting next_dagrun for example_bash_decorator to None, run_after=None
[2024-12-26T02:23:11.213+0200] {processor.py:208} INFO - Processing /mnt/e/Assignments/Airflow/airflow/airflow_env/lib/python3.12/site-packages/airflow/example_dags/example_bash_decorator.py took 0.281 seconds
[2024-12-26T02:25:24.636+0200] {processor.py:186} INFO - Started process (PID=189411) to work on /mnt/e/Assignments/Airflow/airflow/airflow_env/lib/python3.12/site-packages/airflow/example_dags/example_bash_decorator.py
[2024-12-26T02:25:24.639+0200] {processor.py:914} INFO - Processing file /mnt/e/Assignments/Airflow/airflow/airflow_env/lib/python3.12/site-packages/airflow/example_dags/example_bash_decorator.py for tasks to queue
[2024-12-26T02:25:24.644+0200] {logging_mixin.py:190} INFO - [2024-12-26T02:25:24.641+0200] {dagbag.py:588} INFO - Filling up the DagBag from /mnt/e/Assignments/Airflow/airflow/airflow_env/lib/python3.12/site-packages/airflow/example_dags/example_bash_decorator.py
[2024-12-26T02:25:24.694+0200] {processor.py:925} INFO - DAG(s) 'example_bash_decorator' retrieved from /mnt/e/Assignments/Airflow/airflow/airflow_env/lib/python3.12/site-packages/airflow/example_dags/example_bash_decorator.py
[2024-12-26T02:25:24.732+0200] {logging_mixin.py:190} INFO - [2024-12-26T02:25:24.730+0200] {dag.py:3239} INFO - Sync 1 DAGs
[2024-12-26T02:25:24.746+0200] {logging_mixin.py:190} INFO - [2024-12-26T02:25:24.744+0200] {dag.py:4180} INFO - Setting next_dagrun for example_bash_decorator to None, run_after=None
[2024-12-26T02:25:24.832+0200] {processor.py:208} INFO - Processing /mnt/e/Assignments/Airflow/airflow/airflow_env/lib/python3.12/site-packages/airflow/example_dags/example_bash_decorator.py took 0.212 seconds
[2024-12-26T02:27:30.765+0200] {processor.py:186} INFO - Started process (PID=189547) to work on /mnt/e/Assignments/Airflow/airflow/airflow_env/lib/python3.12/site-packages/airflow/example_dags/example_bash_decorator.py
[2024-12-26T02:27:30.767+0200] {processor.py:914} INFO - Processing file /mnt/e/Assignments/Airflow/airflow/airflow_env/lib/python3.12/site-packages/airflow/example_dags/example_bash_decorator.py for tasks to queue
[2024-12-26T02:27:30.772+0200] {logging_mixin.py:190} INFO - [2024-12-26T02:27:30.770+0200] {dagbag.py:588} INFO - Filling up the DagBag from /mnt/e/Assignments/Airflow/airflow/airflow_env/lib/python3.12/site-packages/airflow/example_dags/example_bash_decorator.py
[2024-12-26T02:27:30.842+0200] {processor.py:925} INFO - DAG(s) 'example_bash_decorator' retrieved from /mnt/e/Assignments/Airflow/airflow/airflow_env/lib/python3.12/site-packages/airflow/example_dags/example_bash_decorator.py
[2024-12-26T02:27:30.901+0200] {logging_mixin.py:190} INFO - [2024-12-26T02:27:30.899+0200] {dag.py:3239} INFO - Sync 1 DAGs
[2024-12-26T02:27:30.927+0200] {logging_mixin.py:190} INFO - [2024-12-26T02:27:30.925+0200] {dag.py:4180} INFO - Setting next_dagrun for example_bash_decorator to None, run_after=None
[2024-12-26T02:27:31.046+0200] {processor.py:208} INFO - Processing /mnt/e/Assignments/Airflow/airflow/airflow_env/lib/python3.12/site-packages/airflow/example_dags/example_bash_decorator.py took 0.297 seconds
[2024-12-26T02:29:35.718+0200] {processor.py:186} INFO - Started process (PID=189678) to work on /mnt/e/Assignments/Airflow/airflow/airflow_env/lib/python3.12/site-packages/airflow/example_dags/example_bash_decorator.py
[2024-12-26T02:29:35.721+0200] {processor.py:914} INFO - Processing file /mnt/e/Assignments/Airflow/airflow/airflow_env/lib/python3.12/site-packages/airflow/example_dags/example_bash_decorator.py for tasks to queue
[2024-12-26T02:29:35.724+0200] {logging_mixin.py:190} INFO - [2024-12-26T02:29:35.723+0200] {dagbag.py:588} INFO - Filling up the DagBag from /mnt/e/Assignments/Airflow/airflow/airflow_env/lib/python3.12/site-packages/airflow/example_dags/example_bash_decorator.py
[2024-12-26T02:29:35.770+0200] {processor.py:925} INFO - DAG(s) 'example_bash_decorator' retrieved from /mnt/e/Assignments/Airflow/airflow/airflow_env/lib/python3.12/site-packages/airflow/example_dags/example_bash_decorator.py
[2024-12-26T02:29:35.809+0200] {logging_mixin.py:190} INFO - [2024-12-26T02:29:35.808+0200] {dag.py:3239} INFO - Sync 1 DAGs
[2024-12-26T02:29:35.919+0200] {logging_mixin.py:190} INFO - [2024-12-26T02:29:35.917+0200] {dag.py:4180} INFO - Setting next_dagrun for example_bash_decorator to None, run_after=None
[2024-12-26T02:29:36.016+0200] {processor.py:208} INFO - Processing /mnt/e/Assignments/Airflow/airflow/airflow_env/lib/python3.12/site-packages/airflow/example_dags/example_bash_decorator.py took 0.316 seconds
[2024-12-26T02:31:55.893+0200] {processor.py:186} INFO - Started process (PID=189782) to work on /mnt/e/Assignments/Airflow/airflow/airflow_env/lib/python3.12/site-packages/airflow/example_dags/example_bash_decorator.py
[2024-12-26T02:31:55.895+0200] {processor.py:914} INFO - Processing file /mnt/e/Assignments/Airflow/airflow/airflow_env/lib/python3.12/site-packages/airflow/example_dags/example_bash_decorator.py for tasks to queue
[2024-12-26T02:31:55.898+0200] {logging_mixin.py:190} INFO - [2024-12-26T02:31:55.896+0200] {dagbag.py:588} INFO - Filling up the DagBag from /mnt/e/Assignments/Airflow/airflow/airflow_env/lib/python3.12/site-packages/airflow/example_dags/example_bash_decorator.py
[2024-12-26T02:31:55.935+0200] {processor.py:925} INFO - DAG(s) 'example_bash_decorator' retrieved from /mnt/e/Assignments/Airflow/airflow/airflow_env/lib/python3.12/site-packages/airflow/example_dags/example_bash_decorator.py
[2024-12-26T02:31:55.967+0200] {logging_mixin.py:190} INFO - [2024-12-26T02:31:55.966+0200] {dag.py:3239} INFO - Sync 1 DAGs
[2024-12-26T02:31:55.980+0200] {logging_mixin.py:190} INFO - [2024-12-26T02:31:55.979+0200] {dag.py:4180} INFO - Setting next_dagrun for example_bash_decorator to None, run_after=None
[2024-12-26T02:31:56.049+0200] {processor.py:208} INFO - Processing /mnt/e/Assignments/Airflow/airflow/airflow_env/lib/python3.12/site-packages/airflow/example_dags/example_bash_decorator.py took 0.171 seconds
[2024-12-26T02:34:13.335+0200] {processor.py:186} INFO - Started process (PID=189885) to work on /mnt/e/Assignments/Airflow/airflow/airflow_env/lib/python3.12/site-packages/airflow/example_dags/example_bash_decorator.py
[2024-12-26T02:34:13.339+0200] {processor.py:914} INFO - Processing file /mnt/e/Assignments/Airflow/airflow/airflow_env/lib/python3.12/site-packages/airflow/example_dags/example_bash_decorator.py for tasks to queue
[2024-12-26T02:34:13.342+0200] {logging_mixin.py:190} INFO - [2024-12-26T02:34:13.340+0200] {dagbag.py:588} INFO - Filling up the DagBag from /mnt/e/Assignments/Airflow/airflow/airflow_env/lib/python3.12/site-packages/airflow/example_dags/example_bash_decorator.py
[2024-12-26T02:34:13.389+0200] {processor.py:925} INFO - DAG(s) 'example_bash_decorator' retrieved from /mnt/e/Assignments/Airflow/airflow/airflow_env/lib/python3.12/site-packages/airflow/example_dags/example_bash_decorator.py
[2024-12-26T02:34:13.429+0200] {logging_mixin.py:190} INFO - [2024-12-26T02:34:13.427+0200] {dag.py:3239} INFO - Sync 1 DAGs
[2024-12-26T02:34:13.549+0200] {logging_mixin.py:190} INFO - [2024-12-26T02:34:13.547+0200] {dag.py:4180} INFO - Setting next_dagrun for example_bash_decorator to None, run_after=None
[2024-12-26T02:34:13.607+0200] {processor.py:208} INFO - Processing /mnt/e/Assignments/Airflow/airflow/airflow_env/lib/python3.12/site-packages/airflow/example_dags/example_bash_decorator.py took 0.288 seconds
[2024-12-26T02:36:37.712+0200] {processor.py:186} INFO - Started process (PID=189985) to work on /mnt/e/Assignments/Airflow/airflow/airflow_env/lib/python3.12/site-packages/airflow/example_dags/example_bash_decorator.py
[2024-12-26T02:36:37.714+0200] {processor.py:914} INFO - Processing file /mnt/e/Assignments/Airflow/airflow/airflow_env/lib/python3.12/site-packages/airflow/example_dags/example_bash_decorator.py for tasks to queue
[2024-12-26T02:36:37.719+0200] {logging_mixin.py:190} INFO - [2024-12-26T02:36:37.717+0200] {dagbag.py:588} INFO - Filling up the DagBag from /mnt/e/Assignments/Airflow/airflow/airflow_env/lib/python3.12/site-packages/airflow/example_dags/example_bash_decorator.py
[2024-12-26T02:36:37.791+0200] {processor.py:925} INFO - DAG(s) 'example_bash_decorator' retrieved from /mnt/e/Assignments/Airflow/airflow/airflow_env/lib/python3.12/site-packages/airflow/example_dags/example_bash_decorator.py
[2024-12-26T02:36:37.827+0200] {logging_mixin.py:190} INFO - [2024-12-26T02:36:37.826+0200] {dag.py:3239} INFO - Sync 1 DAGs
[2024-12-26T02:36:37.938+0200] {logging_mixin.py:190} INFO - [2024-12-26T02:36:37.937+0200] {dag.py:4180} INFO - Setting next_dagrun for example_bash_decorator to None, run_after=None
[2024-12-26T02:36:38.006+0200] {processor.py:208} INFO - Processing /mnt/e/Assignments/Airflow/airflow/airflow_env/lib/python3.12/site-packages/airflow/example_dags/example_bash_decorator.py took 0.333 seconds
[2024-12-26T02:39:36.788+0200] {processor.py:186} INFO - Started process (PID=190093) to work on /mnt/e/Assignments/Airflow/airflow/airflow_env/lib/python3.12/site-packages/airflow/example_dags/example_bash_decorator.py
[2024-12-26T02:39:36.790+0200] {processor.py:914} INFO - Processing file /mnt/e/Assignments/Airflow/airflow/airflow_env/lib/python3.12/site-packages/airflow/example_dags/example_bash_decorator.py for tasks to queue
[2024-12-26T02:39:36.794+0200] {logging_mixin.py:190} INFO - [2024-12-26T02:39:36.792+0200] {dagbag.py:588} INFO - Filling up the DagBag from /mnt/e/Assignments/Airflow/airflow/airflow_env/lib/python3.12/site-packages/airflow/example_dags/example_bash_decorator.py
[2024-12-26T02:39:36.843+0200] {processor.py:925} INFO - DAG(s) 'example_bash_decorator' retrieved from /mnt/e/Assignments/Airflow/airflow/airflow_env/lib/python3.12/site-packages/airflow/example_dags/example_bash_decorator.py
[2024-12-26T02:39:36.884+0200] {logging_mixin.py:190} INFO - [2024-12-26T02:39:36.882+0200] {dag.py:3239} INFO - Sync 1 DAGs
[2024-12-26T02:39:37.008+0200] {logging_mixin.py:190} INFO - [2024-12-26T02:39:37.005+0200] {dag.py:4180} INFO - Setting next_dagrun for example_bash_decorator to None, run_after=None
[2024-12-26T02:39:37.085+0200] {processor.py:208} INFO - Processing /mnt/e/Assignments/Airflow/airflow/airflow_env/lib/python3.12/site-packages/airflow/example_dags/example_bash_decorator.py took 0.314 seconds
[2024-12-26T02:42:52.552+0200] {processor.py:186} INFO - Started process (PID=190204) to work on /mnt/e/Assignments/Airflow/airflow/airflow_env/lib/python3.12/site-packages/airflow/example_dags/example_bash_decorator.py
[2024-12-26T02:42:52.559+0200] {processor.py:914} INFO - Processing file /mnt/e/Assignments/Airflow/airflow/airflow_env/lib/python3.12/site-packages/airflow/example_dags/example_bash_decorator.py for tasks to queue
[2024-12-26T02:42:52.567+0200] {logging_mixin.py:190} INFO - [2024-12-26T02:42:52.564+0200] {dagbag.py:588} INFO - Filling up the DagBag from /mnt/e/Assignments/Airflow/airflow/airflow_env/lib/python3.12/site-packages/airflow/example_dags/example_bash_decorator.py
[2024-12-26T02:42:52.679+0200] {processor.py:925} INFO - DAG(s) 'example_bash_decorator' retrieved from /mnt/e/Assignments/Airflow/airflow/airflow_env/lib/python3.12/site-packages/airflow/example_dags/example_bash_decorator.py
[2024-12-26T02:42:52.873+0200] {logging_mixin.py:190} INFO - [2024-12-26T02:42:52.870+0200] {dag.py:3239} INFO - Sync 1 DAGs
[2024-12-26T02:42:52.889+0200] {logging_mixin.py:190} INFO - [2024-12-26T02:42:52.887+0200] {dag.py:4180} INFO - Setting next_dagrun for example_bash_decorator to None, run_after=None
[2024-12-26T02:42:52.979+0200] {processor.py:208} INFO - Processing /mnt/e/Assignments/Airflow/airflow/airflow_env/lib/python3.12/site-packages/airflow/example_dags/example_bash_decorator.py took 0.462 seconds
[2024-12-26T02:44:53.922+0200] {processor.py:186} INFO - Started process (PID=190285) to work on /mnt/e/Assignments/Airflow/airflow/airflow_env/lib/python3.12/site-packages/airflow/example_dags/example_bash_decorator.py
[2024-12-26T02:44:53.924+0200] {processor.py:914} INFO - Processing file /mnt/e/Assignments/Airflow/airflow/airflow_env/lib/python3.12/site-packages/airflow/example_dags/example_bash_decorator.py for tasks to queue
[2024-12-26T02:44:53.928+0200] {logging_mixin.py:190} INFO - [2024-12-26T02:44:53.927+0200] {dagbag.py:588} INFO - Filling up the DagBag from /mnt/e/Assignments/Airflow/airflow/airflow_env/lib/python3.12/site-packages/airflow/example_dags/example_bash_decorator.py
[2024-12-26T02:44:53.980+0200] {processor.py:925} INFO - DAG(s) 'example_bash_decorator' retrieved from /mnt/e/Assignments/Airflow/airflow/airflow_env/lib/python3.12/site-packages/airflow/example_dags/example_bash_decorator.py
[2024-12-26T02:44:54.020+0200] {logging_mixin.py:190} INFO - [2024-12-26T02:44:54.018+0200] {dag.py:3239} INFO - Sync 1 DAGs
[2024-12-26T02:44:54.038+0200] {logging_mixin.py:190} INFO - [2024-12-26T02:44:54.037+0200] {dag.py:4180} INFO - Setting next_dagrun for example_bash_decorator to None, run_after=None
[2024-12-26T02:44:54.127+0200] {processor.py:208} INFO - Processing /mnt/e/Assignments/Airflow/airflow/airflow_env/lib/python3.12/site-packages/airflow/example_dags/example_bash_decorator.py took 0.222 seconds
[2024-12-26T02:47:02.631+0200] {processor.py:186} INFO - Started process (PID=190389) to work on /mnt/e/Assignments/Airflow/airflow/airflow_env/lib/python3.12/site-packages/airflow/example_dags/example_bash_decorator.py
[2024-12-26T02:47:02.634+0200] {processor.py:914} INFO - Processing file /mnt/e/Assignments/Airflow/airflow/airflow_env/lib/python3.12/site-packages/airflow/example_dags/example_bash_decorator.py for tasks to queue
[2024-12-26T02:47:02.639+0200] {logging_mixin.py:190} INFO - [2024-12-26T02:47:02.637+0200] {dagbag.py:588} INFO - Filling up the DagBag from /mnt/e/Assignments/Airflow/airflow/airflow_env/lib/python3.12/site-packages/airflow/example_dags/example_bash_decorator.py
[2024-12-26T02:47:02.686+0200] {processor.py:925} INFO - DAG(s) 'example_bash_decorator' retrieved from /mnt/e/Assignments/Airflow/airflow/airflow_env/lib/python3.12/site-packages/airflow/example_dags/example_bash_decorator.py
[2024-12-26T02:47:02.723+0200] {logging_mixin.py:190} INFO - [2024-12-26T02:47:02.721+0200] {dag.py:3239} INFO - Sync 1 DAGs
[2024-12-26T02:47:02.738+0200] {logging_mixin.py:190} INFO - [2024-12-26T02:47:02.737+0200] {dag.py:4180} INFO - Setting next_dagrun for example_bash_decorator to None, run_after=None
[2024-12-26T02:47:02.833+0200] {processor.py:208} INFO - Processing /mnt/e/Assignments/Airflow/airflow/airflow_env/lib/python3.12/site-packages/airflow/example_dags/example_bash_decorator.py took 0.218 seconds
[2024-12-26T02:49:06.873+0200] {processor.py:186} INFO - Started process (PID=190472) to work on /mnt/e/Assignments/Airflow/airflow/airflow_env/lib/python3.12/site-packages/airflow/example_dags/example_bash_decorator.py
[2024-12-26T02:49:06.878+0200] {processor.py:914} INFO - Processing file /mnt/e/Assignments/Airflow/airflow/airflow_env/lib/python3.12/site-packages/airflow/example_dags/example_bash_decorator.py for tasks to queue
[2024-12-26T02:49:06.883+0200] {logging_mixin.py:190} INFO - [2024-12-26T02:49:06.881+0200] {dagbag.py:588} INFO - Filling up the DagBag from /mnt/e/Assignments/Airflow/airflow/airflow_env/lib/python3.12/site-packages/airflow/example_dags/example_bash_decorator.py
[2024-12-26T02:49:06.962+0200] {processor.py:925} INFO - DAG(s) 'example_bash_decorator' retrieved from /mnt/e/Assignments/Airflow/airflow/airflow_env/lib/python3.12/site-packages/airflow/example_dags/example_bash_decorator.py
[2024-12-26T02:49:07.014+0200] {logging_mixin.py:190} INFO - [2024-12-26T02:49:07.011+0200] {dag.py:3239} INFO - Sync 1 DAGs
[2024-12-26T02:49:07.033+0200] {logging_mixin.py:190} INFO - [2024-12-26T02:49:07.031+0200] {dag.py:4180} INFO - Setting next_dagrun for example_bash_decorator to None, run_after=None
[2024-12-26T02:49:07.142+0200] {processor.py:208} INFO - Processing /mnt/e/Assignments/Airflow/airflow/airflow_env/lib/python3.12/site-packages/airflow/example_dags/example_bash_decorator.py took 0.309 seconds
[2024-12-26T02:51:16.552+0200] {processor.py:186} INFO - Started process (PID=190580) to work on /mnt/e/Assignments/Airflow/airflow/airflow_env/lib/python3.12/site-packages/airflow/example_dags/example_bash_decorator.py
[2024-12-26T02:51:16.556+0200] {processor.py:914} INFO - Processing file /mnt/e/Assignments/Airflow/airflow/airflow_env/lib/python3.12/site-packages/airflow/example_dags/example_bash_decorator.py for tasks to queue
[2024-12-26T02:51:16.562+0200] {logging_mixin.py:190} INFO - [2024-12-26T02:51:16.560+0200] {dagbag.py:588} INFO - Filling up the DagBag from /mnt/e/Assignments/Airflow/airflow/airflow_env/lib/python3.12/site-packages/airflow/example_dags/example_bash_decorator.py
[2024-12-26T02:51:16.641+0200] {processor.py:925} INFO - DAG(s) 'example_bash_decorator' retrieved from /mnt/e/Assignments/Airflow/airflow/airflow_env/lib/python3.12/site-packages/airflow/example_dags/example_bash_decorator.py
[2024-12-26T02:51:16.687+0200] {logging_mixin.py:190} INFO - [2024-12-26T02:51:16.685+0200] {dag.py:3239} INFO - Sync 1 DAGs
[2024-12-26T02:51:16.705+0200] {logging_mixin.py:190} INFO - [2024-12-26T02:51:16.703+0200] {dag.py:4180} INFO - Setting next_dagrun for example_bash_decorator to None, run_after=None
[2024-12-26T02:51:16.782+0200] {processor.py:208} INFO - Processing /mnt/e/Assignments/Airflow/airflow/airflow_env/lib/python3.12/site-packages/airflow/example_dags/example_bash_decorator.py took 0.256 seconds
[2024-12-26T02:53:35.342+0200] {processor.py:186} INFO - Started process (PID=190678) to work on /mnt/e/Assignments/Airflow/airflow/airflow_env/lib/python3.12/site-packages/airflow/example_dags/example_bash_decorator.py
[2024-12-26T02:53:35.346+0200] {processor.py:914} INFO - Processing file /mnt/e/Assignments/Airflow/airflow/airflow_env/lib/python3.12/site-packages/airflow/example_dags/example_bash_decorator.py for tasks to queue
[2024-12-26T02:53:35.350+0200] {logging_mixin.py:190} INFO - [2024-12-26T02:53:35.348+0200] {dagbag.py:588} INFO - Filling up the DagBag from /mnt/e/Assignments/Airflow/airflow/airflow_env/lib/python3.12/site-packages/airflow/example_dags/example_bash_decorator.py
[2024-12-26T02:53:35.412+0200] {processor.py:925} INFO - DAG(s) 'example_bash_decorator' retrieved from /mnt/e/Assignments/Airflow/airflow/airflow_env/lib/python3.12/site-packages/airflow/example_dags/example_bash_decorator.py
[2024-12-26T02:53:35.461+0200] {logging_mixin.py:190} INFO - [2024-12-26T02:53:35.460+0200] {dag.py:3239} INFO - Sync 1 DAGs
[2024-12-26T02:53:35.479+0200] {logging_mixin.py:190} INFO - [2024-12-26T02:53:35.477+0200] {dag.py:4180} INFO - Setting next_dagrun for example_bash_decorator to None, run_after=None
[2024-12-26T02:53:35.612+0200] {processor.py:208} INFO - Processing /mnt/e/Assignments/Airflow/airflow/airflow_env/lib/python3.12/site-packages/airflow/example_dags/example_bash_decorator.py took 0.286 seconds
[2024-12-26T02:55:46.434+0200] {processor.py:186} INFO - Started process (PID=190776) to work on /mnt/e/Assignments/Airflow/airflow/airflow_env/lib/python3.12/site-packages/airflow/example_dags/example_bash_decorator.py
[2024-12-26T02:55:46.438+0200] {processor.py:914} INFO - Processing file /mnt/e/Assignments/Airflow/airflow/airflow_env/lib/python3.12/site-packages/airflow/example_dags/example_bash_decorator.py for tasks to queue
[2024-12-26T02:55:46.443+0200] {logging_mixin.py:190} INFO - [2024-12-26T02:55:46.441+0200] {dagbag.py:588} INFO - Filling up the DagBag from /mnt/e/Assignments/Airflow/airflow/airflow_env/lib/python3.12/site-packages/airflow/example_dags/example_bash_decorator.py
[2024-12-26T02:55:46.504+0200] {processor.py:925} INFO - DAG(s) 'example_bash_decorator' retrieved from /mnt/e/Assignments/Airflow/airflow/airflow_env/lib/python3.12/site-packages/airflow/example_dags/example_bash_decorator.py
[2024-12-26T02:55:46.547+0200] {logging_mixin.py:190} INFO - [2024-12-26T02:55:46.545+0200] {dag.py:3239} INFO - Sync 1 DAGs
[2024-12-26T02:55:46.564+0200] {logging_mixin.py:190} INFO - [2024-12-26T02:55:46.562+0200] {dag.py:4180} INFO - Setting next_dagrun for example_bash_decorator to None, run_after=None
[2024-12-26T02:55:46.643+0200] {processor.py:208} INFO - Processing /mnt/e/Assignments/Airflow/airflow/airflow_env/lib/python3.12/site-packages/airflow/example_dags/example_bash_decorator.py took 0.227 seconds
[2024-12-26T02:57:54.649+0200] {processor.py:186} INFO - Started process (PID=190865) to work on /mnt/e/Assignments/Airflow/airflow/airflow_env/lib/python3.12/site-packages/airflow/example_dags/example_bash_decorator.py
[2024-12-26T02:57:54.652+0200] {processor.py:914} INFO - Processing file /mnt/e/Assignments/Airflow/airflow/airflow_env/lib/python3.12/site-packages/airflow/example_dags/example_bash_decorator.py for tasks to queue
[2024-12-26T02:57:54.655+0200] {logging_mixin.py:190} INFO - [2024-12-26T02:57:54.654+0200] {dagbag.py:588} INFO - Filling up the DagBag from /mnt/e/Assignments/Airflow/airflow/airflow_env/lib/python3.12/site-packages/airflow/example_dags/example_bash_decorator.py
[2024-12-26T02:57:54.712+0200] {processor.py:925} INFO - DAG(s) 'example_bash_decorator' retrieved from /mnt/e/Assignments/Airflow/airflow/airflow_env/lib/python3.12/site-packages/airflow/example_dags/example_bash_decorator.py
[2024-12-26T02:57:54.753+0200] {logging_mixin.py:190} INFO - [2024-12-26T02:57:54.752+0200] {dag.py:3239} INFO - Sync 1 DAGs
[2024-12-26T02:57:54.768+0200] {logging_mixin.py:190} INFO - [2024-12-26T02:57:54.766+0200] {dag.py:4180} INFO - Setting next_dagrun for example_bash_decorator to None, run_after=None
[2024-12-26T02:57:54.850+0200] {processor.py:208} INFO - Processing /mnt/e/Assignments/Airflow/airflow/airflow_env/lib/python3.12/site-packages/airflow/example_dags/example_bash_decorator.py took 0.228 seconds
[2024-12-26T03:02:21.896+0200] {processor.py:186} INFO - Started process (PID=191023) to work on /mnt/e/Assignments/Airflow/airflow/airflow_env/lib/python3.12/site-packages/airflow/example_dags/example_bash_decorator.py
[2024-12-26T03:02:21.899+0200] {processor.py:914} INFO - Processing file /mnt/e/Assignments/Airflow/airflow/airflow_env/lib/python3.12/site-packages/airflow/example_dags/example_bash_decorator.py for tasks to queue
[2024-12-26T03:02:21.905+0200] {logging_mixin.py:190} INFO - [2024-12-26T03:02:21.903+0200] {dagbag.py:588} INFO - Filling up the DagBag from /mnt/e/Assignments/Airflow/airflow/airflow_env/lib/python3.12/site-packages/airflow/example_dags/example_bash_decorator.py
[2024-12-26T03:02:22.083+0200] {processor.py:925} INFO - DAG(s) 'example_bash_decorator' retrieved from /mnt/e/Assignments/Airflow/airflow/airflow_env/lib/python3.12/site-packages/airflow/example_dags/example_bash_decorator.py
[2024-12-26T03:02:23.713+0200] {logging_mixin.py:190} INFO - [2024-12-26T03:02:23.712+0200] {dag.py:3239} INFO - Sync 1 DAGs
[2024-12-26T03:02:23.726+0200] {logging_mixin.py:190} INFO - [2024-12-26T03:02:23.725+0200] {dag.py:4180} INFO - Setting next_dagrun for example_bash_decorator to None, run_after=None
[2024-12-26T03:02:23.812+0200] {processor.py:208} INFO - Processing /mnt/e/Assignments/Airflow/airflow/airflow_env/lib/python3.12/site-packages/airflow/example_dags/example_bash_decorator.py took 1.938 seconds
[2024-12-26T03:04:40.996+0200] {processor.py:186} INFO - Started process (PID=191118) to work on /mnt/e/Assignments/Airflow/airflow/airflow_env/lib/python3.12/site-packages/airflow/example_dags/example_bash_decorator.py
[2024-12-26T03:04:40.998+0200] {processor.py:914} INFO - Processing file /mnt/e/Assignments/Airflow/airflow/airflow_env/lib/python3.12/site-packages/airflow/example_dags/example_bash_decorator.py for tasks to queue
[2024-12-26T03:04:41.001+0200] {logging_mixin.py:190} INFO - [2024-12-26T03:04:41.000+0200] {dagbag.py:588} INFO - Filling up the DagBag from /mnt/e/Assignments/Airflow/airflow/airflow_env/lib/python3.12/site-packages/airflow/example_dags/example_bash_decorator.py
[2024-12-26T03:04:41.081+0200] {processor.py:925} INFO - DAG(s) 'example_bash_decorator' retrieved from /mnt/e/Assignments/Airflow/airflow/airflow_env/lib/python3.12/site-packages/airflow/example_dags/example_bash_decorator.py
[2024-12-26T03:04:41.108+0200] {logging_mixin.py:190} INFO - [2024-12-26T03:04:41.107+0200] {dag.py:3239} INFO - Sync 1 DAGs
[2024-12-26T03:04:41.120+0200] {logging_mixin.py:190} INFO - [2024-12-26T03:04:41.119+0200] {dag.py:4180} INFO - Setting next_dagrun for example_bash_decorator to None, run_after=None
[2024-12-26T03:04:41.224+0200] {processor.py:208} INFO - Processing /mnt/e/Assignments/Airflow/airflow/airflow_env/lib/python3.12/site-packages/airflow/example_dags/example_bash_decorator.py took 0.240 seconds
[2024-12-26T03:07:51.989+0200] {processor.py:186} INFO - Started process (PID=191223) to work on /mnt/e/Assignments/Airflow/airflow/airflow_env/lib/python3.12/site-packages/airflow/example_dags/example_bash_decorator.py
[2024-12-26T03:07:51.994+0200] {processor.py:914} INFO - Processing file /mnt/e/Assignments/Airflow/airflow/airflow_env/lib/python3.12/site-packages/airflow/example_dags/example_bash_decorator.py for tasks to queue
[2024-12-26T03:07:52.002+0200] {logging_mixin.py:190} INFO - [2024-12-26T03:07:51.999+0200] {dagbag.py:588} INFO - Filling up the DagBag from /mnt/e/Assignments/Airflow/airflow/airflow_env/lib/python3.12/site-packages/airflow/example_dags/example_bash_decorator.py
[2024-12-26T03:07:52.230+0200] {processor.py:925} INFO - DAG(s) 'example_bash_decorator' retrieved from /mnt/e/Assignments/Airflow/airflow/airflow_env/lib/python3.12/site-packages/airflow/example_dags/example_bash_decorator.py
[2024-12-26T03:07:52.285+0200] {logging_mixin.py:190} INFO - [2024-12-26T03:07:52.282+0200] {dag.py:3239} INFO - Sync 1 DAGs
[2024-12-26T03:07:52.306+0200] {logging_mixin.py:190} INFO - [2024-12-26T03:07:52.304+0200] {dag.py:4180} INFO - Setting next_dagrun for example_bash_decorator to None, run_after=None
[2024-12-26T03:07:52.428+0200] {processor.py:208} INFO - Processing /mnt/e/Assignments/Airflow/airflow/airflow_env/lib/python3.12/site-packages/airflow/example_dags/example_bash_decorator.py took 0.471 seconds
[2024-12-26T03:10:10.250+0200] {processor.py:186} INFO - Started process (PID=191313) to work on /mnt/e/Assignments/Airflow/airflow/airflow_env/lib/python3.12/site-packages/airflow/example_dags/example_bash_decorator.py
[2024-12-26T03:10:10.253+0200] {processor.py:914} INFO - Processing file /mnt/e/Assignments/Airflow/airflow/airflow_env/lib/python3.12/site-packages/airflow/example_dags/example_bash_decorator.py for tasks to queue
[2024-12-26T03:10:10.258+0200] {logging_mixin.py:190} INFO - [2024-12-26T03:10:10.256+0200] {dagbag.py:588} INFO - Filling up the DagBag from /mnt/e/Assignments/Airflow/airflow/airflow_env/lib/python3.12/site-packages/airflow/example_dags/example_bash_decorator.py
[2024-12-26T03:10:10.366+0200] {processor.py:925} INFO - DAG(s) 'example_bash_decorator' retrieved from /mnt/e/Assignments/Airflow/airflow/airflow_env/lib/python3.12/site-packages/airflow/example_dags/example_bash_decorator.py
[2024-12-26T03:10:10.406+0200] {logging_mixin.py:190} INFO - [2024-12-26T03:10:10.404+0200] {dag.py:3239} INFO - Sync 1 DAGs
[2024-12-26T03:10:10.524+0200] {logging_mixin.py:190} INFO - [2024-12-26T03:10:10.522+0200] {dag.py:4180} INFO - Setting next_dagrun for example_bash_decorator to None, run_after=None
[2024-12-26T03:10:10.615+0200] {processor.py:208} INFO - Processing /mnt/e/Assignments/Airflow/airflow/airflow_env/lib/python3.12/site-packages/airflow/example_dags/example_bash_decorator.py took 0.381 seconds
[2024-12-26T03:12:21.564+0200] {processor.py:186} INFO - Started process (PID=191394) to work on /mnt/e/Assignments/Airflow/airflow/airflow_env/lib/python3.12/site-packages/airflow/example_dags/example_bash_decorator.py
[2024-12-26T03:12:21.567+0200] {processor.py:914} INFO - Processing file /mnt/e/Assignments/Airflow/airflow/airflow_env/lib/python3.12/site-packages/airflow/example_dags/example_bash_decorator.py for tasks to queue
[2024-12-26T03:12:21.572+0200] {logging_mixin.py:190} INFO - [2024-12-26T03:12:21.570+0200] {dagbag.py:588} INFO - Filling up the DagBag from /mnt/e/Assignments/Airflow/airflow/airflow_env/lib/python3.12/site-packages/airflow/example_dags/example_bash_decorator.py
[2024-12-26T03:12:21.726+0200] {processor.py:925} INFO - DAG(s) 'example_bash_decorator' retrieved from /mnt/e/Assignments/Airflow/airflow/airflow_env/lib/python3.12/site-packages/airflow/example_dags/example_bash_decorator.py
[2024-12-26T03:12:21.771+0200] {logging_mixin.py:190} INFO - [2024-12-26T03:12:21.769+0200] {dag.py:3239} INFO - Sync 1 DAGs
[2024-12-26T03:12:21.793+0200] {logging_mixin.py:190} INFO - [2024-12-26T03:12:21.791+0200] {dag.py:4180} INFO - Setting next_dagrun for example_bash_decorator to None, run_after=None
[2024-12-26T03:12:21.910+0200] {processor.py:208} INFO - Processing /mnt/e/Assignments/Airflow/airflow/airflow_env/lib/python3.12/site-packages/airflow/example_dags/example_bash_decorator.py took 0.363 seconds
[2024-12-26T03:14:28.066+0200] {processor.py:186} INFO - Started process (PID=191474) to work on /mnt/e/Assignments/Airflow/airflow/airflow_env/lib/python3.12/site-packages/airflow/example_dags/example_bash_decorator.py
[2024-12-26T03:14:28.068+0200] {processor.py:914} INFO - Processing file /mnt/e/Assignments/Airflow/airflow/airflow_env/lib/python3.12/site-packages/airflow/example_dags/example_bash_decorator.py for tasks to queue
[2024-12-26T03:14:28.072+0200] {logging_mixin.py:190} INFO - [2024-12-26T03:14:28.071+0200] {dagbag.py:588} INFO - Filling up the DagBag from /mnt/e/Assignments/Airflow/airflow/airflow_env/lib/python3.12/site-packages/airflow/example_dags/example_bash_decorator.py
[2024-12-26T03:14:28.157+0200] {processor.py:925} INFO - DAG(s) 'example_bash_decorator' retrieved from /mnt/e/Assignments/Airflow/airflow/airflow_env/lib/python3.12/site-packages/airflow/example_dags/example_bash_decorator.py
[2024-12-26T03:14:28.190+0200] {logging_mixin.py:190} INFO - [2024-12-26T03:14:28.189+0200] {dag.py:3239} INFO - Sync 1 DAGs
[2024-12-26T03:14:28.206+0200] {logging_mixin.py:190} INFO - [2024-12-26T03:14:28.205+0200] {dag.py:4180} INFO - Setting next_dagrun for example_bash_decorator to None, run_after=None
[2024-12-26T03:14:28.282+0200] {processor.py:208} INFO - Processing /mnt/e/Assignments/Airflow/airflow/airflow_env/lib/python3.12/site-packages/airflow/example_dags/example_bash_decorator.py took 0.229 seconds
[2024-12-26T03:16:36.471+0200] {processor.py:186} INFO - Started process (PID=191551) to work on /mnt/e/Assignments/Airflow/airflow/airflow_env/lib/python3.12/site-packages/airflow/example_dags/example_bash_decorator.py
[2024-12-26T03:16:36.474+0200] {processor.py:914} INFO - Processing file /mnt/e/Assignments/Airflow/airflow/airflow_env/lib/python3.12/site-packages/airflow/example_dags/example_bash_decorator.py for tasks to queue
[2024-12-26T03:16:36.481+0200] {logging_mixin.py:190} INFO - [2024-12-26T03:16:36.479+0200] {dagbag.py:588} INFO - Filling up the DagBag from /mnt/e/Assignments/Airflow/airflow/airflow_env/lib/python3.12/site-packages/airflow/example_dags/example_bash_decorator.py
[2024-12-26T03:16:36.653+0200] {processor.py:925} INFO - DAG(s) 'example_bash_decorator' retrieved from /mnt/e/Assignments/Airflow/airflow/airflow_env/lib/python3.12/site-packages/airflow/example_dags/example_bash_decorator.py
[2024-12-26T03:16:36.719+0200] {logging_mixin.py:190} INFO - [2024-12-26T03:16:36.717+0200] {dag.py:3239} INFO - Sync 1 DAGs
[2024-12-26T03:16:36.747+0200] {logging_mixin.py:190} INFO - [2024-12-26T03:16:36.745+0200] {dag.py:4180} INFO - Setting next_dagrun for example_bash_decorator to None, run_after=None
[2024-12-26T03:16:36.854+0200] {processor.py:208} INFO - Processing /mnt/e/Assignments/Airflow/airflow/airflow_env/lib/python3.12/site-packages/airflow/example_dags/example_bash_decorator.py took 0.402 seconds
[2024-12-26T03:18:54.640+0200] {processor.py:186} INFO - Started process (PID=191642) to work on /mnt/e/Assignments/Airflow/airflow/airflow_env/lib/python3.12/site-packages/airflow/example_dags/example_bash_decorator.py
[2024-12-26T03:18:54.642+0200] {processor.py:914} INFO - Processing file /mnt/e/Assignments/Airflow/airflow/airflow_env/lib/python3.12/site-packages/airflow/example_dags/example_bash_decorator.py for tasks to queue
[2024-12-26T03:18:54.644+0200] {logging_mixin.py:190} INFO - [2024-12-26T03:18:54.643+0200] {dagbag.py:588} INFO - Filling up the DagBag from /mnt/e/Assignments/Airflow/airflow/airflow_env/lib/python3.12/site-packages/airflow/example_dags/example_bash_decorator.py
[2024-12-26T03:18:54.701+0200] {processor.py:925} INFO - DAG(s) 'example_bash_decorator' retrieved from /mnt/e/Assignments/Airflow/airflow/airflow_env/lib/python3.12/site-packages/airflow/example_dags/example_bash_decorator.py
[2024-12-26T03:18:54.723+0200] {logging_mixin.py:190} INFO - [2024-12-26T03:18:54.722+0200] {dag.py:3239} INFO - Sync 1 DAGs
[2024-12-26T03:18:54.733+0200] {logging_mixin.py:190} INFO - [2024-12-26T03:18:54.732+0200] {dag.py:4180} INFO - Setting next_dagrun for example_bash_decorator to None, run_after=None
[2024-12-26T03:18:54.771+0200] {processor.py:208} INFO - Processing /mnt/e/Assignments/Airflow/airflow/airflow_env/lib/python3.12/site-packages/airflow/example_dags/example_bash_decorator.py took 0.139 seconds
[2024-12-26T03:21:05.987+0200] {processor.py:186} INFO - Started process (PID=191743) to work on /mnt/e/Assignments/Airflow/airflow/airflow_env/lib/python3.12/site-packages/airflow/example_dags/example_bash_decorator.py
[2024-12-26T03:21:05.989+0200] {processor.py:914} INFO - Processing file /mnt/e/Assignments/Airflow/airflow/airflow_env/lib/python3.12/site-packages/airflow/example_dags/example_bash_decorator.py for tasks to queue
[2024-12-26T03:21:05.992+0200] {logging_mixin.py:190} INFO - [2024-12-26T03:21:05.991+0200] {dagbag.py:588} INFO - Filling up the DagBag from /mnt/e/Assignments/Airflow/airflow/airflow_env/lib/python3.12/site-packages/airflow/example_dags/example_bash_decorator.py
[2024-12-26T03:21:06.060+0200] {processor.py:925} INFO - DAG(s) 'example_bash_decorator' retrieved from /mnt/e/Assignments/Airflow/airflow/airflow_env/lib/python3.12/site-packages/airflow/example_dags/example_bash_decorator.py
[2024-12-26T03:21:06.079+0200] {logging_mixin.py:190} INFO - [2024-12-26T03:21:06.079+0200] {dag.py:3239} INFO - Sync 1 DAGs
[2024-12-26T03:21:06.089+0200] {logging_mixin.py:190} INFO - [2024-12-26T03:21:06.088+0200] {dag.py:4180} INFO - Setting next_dagrun for example_bash_decorator to None, run_after=None
[2024-12-26T03:21:06.127+0200] {processor.py:208} INFO - Processing /mnt/e/Assignments/Airflow/airflow/airflow_env/lib/python3.12/site-packages/airflow/example_dags/example_bash_decorator.py took 0.150 seconds
[2024-12-26T03:23:08.159+0200] {processor.py:186} INFO - Started process (PID=191844) to work on /mnt/e/Assignments/Airflow/airflow/airflow_env/lib/python3.12/site-packages/airflow/example_dags/example_bash_decorator.py
[2024-12-26T03:23:08.163+0200] {processor.py:914} INFO - Processing file /mnt/e/Assignments/Airflow/airflow/airflow_env/lib/python3.12/site-packages/airflow/example_dags/example_bash_decorator.py for tasks to queue
[2024-12-26T03:23:08.169+0200] {logging_mixin.py:190} INFO - [2024-12-26T03:23:08.167+0200] {dagbag.py:588} INFO - Filling up the DagBag from /mnt/e/Assignments/Airflow/airflow/airflow_env/lib/python3.12/site-packages/airflow/example_dags/example_bash_decorator.py
[2024-12-26T03:23:08.227+0200] {processor.py:925} INFO - DAG(s) 'example_bash_decorator' retrieved from /mnt/e/Assignments/Airflow/airflow/airflow_env/lib/python3.12/site-packages/airflow/example_dags/example_bash_decorator.py
[2024-12-26T03:23:08.246+0200] {logging_mixin.py:190} INFO - [2024-12-26T03:23:08.246+0200] {dag.py:3239} INFO - Sync 1 DAGs
[2024-12-26T03:23:08.255+0200] {logging_mixin.py:190} INFO - [2024-12-26T03:23:08.254+0200] {dag.py:4180} INFO - Setting next_dagrun for example_bash_decorator to None, run_after=None
[2024-12-26T03:23:08.292+0200] {processor.py:208} INFO - Processing /mnt/e/Assignments/Airflow/airflow/airflow_env/lib/python3.12/site-packages/airflow/example_dags/example_bash_decorator.py took 0.155 seconds
[2024-12-26T03:25:21.342+0200] {processor.py:186} INFO - Started process (PID=191941) to work on /mnt/e/Assignments/Airflow/airflow/airflow_env/lib/python3.12/site-packages/airflow/example_dags/example_bash_decorator.py
[2024-12-26T03:25:21.344+0200] {processor.py:914} INFO - Processing file /mnt/e/Assignments/Airflow/airflow/airflow_env/lib/python3.12/site-packages/airflow/example_dags/example_bash_decorator.py for tasks to queue
[2024-12-26T03:25:21.347+0200] {logging_mixin.py:190} INFO - [2024-12-26T03:25:21.346+0200] {dagbag.py:588} INFO - Filling up the DagBag from /mnt/e/Assignments/Airflow/airflow/airflow_env/lib/python3.12/site-packages/airflow/example_dags/example_bash_decorator.py
[2024-12-26T03:25:21.411+0200] {processor.py:925} INFO - DAG(s) 'example_bash_decorator' retrieved from /mnt/e/Assignments/Airflow/airflow/airflow_env/lib/python3.12/site-packages/airflow/example_dags/example_bash_decorator.py
[2024-12-26T03:25:21.431+0200] {logging_mixin.py:190} INFO - [2024-12-26T03:25:21.430+0200] {dag.py:3239} INFO - Sync 1 DAGs
[2024-12-26T03:25:21.440+0200] {logging_mixin.py:190} INFO - [2024-12-26T03:25:21.439+0200] {dag.py:4180} INFO - Setting next_dagrun for example_bash_decorator to None, run_after=None
[2024-12-26T03:25:21.478+0200] {processor.py:208} INFO - Processing /mnt/e/Assignments/Airflow/airflow/airflow_env/lib/python3.12/site-packages/airflow/example_dags/example_bash_decorator.py took 0.145 seconds
[2024-12-26T03:27:30.867+0200] {processor.py:186} INFO - Started process (PID=192036) to work on /mnt/e/Assignments/Airflow/airflow/airflow_env/lib/python3.12/site-packages/airflow/example_dags/example_bash_decorator.py
[2024-12-26T03:27:30.869+0200] {processor.py:914} INFO - Processing file /mnt/e/Assignments/Airflow/airflow/airflow_env/lib/python3.12/site-packages/airflow/example_dags/example_bash_decorator.py for tasks to queue
[2024-12-26T03:27:30.872+0200] {logging_mixin.py:190} INFO - [2024-12-26T03:27:30.871+0200] {dagbag.py:588} INFO - Filling up the DagBag from /mnt/e/Assignments/Airflow/airflow/airflow_env/lib/python3.12/site-packages/airflow/example_dags/example_bash_decorator.py
[2024-12-26T03:27:30.943+0200] {processor.py:925} INFO - DAG(s) 'example_bash_decorator' retrieved from /mnt/e/Assignments/Airflow/airflow/airflow_env/lib/python3.12/site-packages/airflow/example_dags/example_bash_decorator.py
[2024-12-26T03:27:30.968+0200] {logging_mixin.py:190} INFO - [2024-12-26T03:27:30.967+0200] {dag.py:3239} INFO - Sync 1 DAGs
[2024-12-26T03:27:30.978+0200] {logging_mixin.py:190} INFO - [2024-12-26T03:27:30.977+0200] {dag.py:4180} INFO - Setting next_dagrun for example_bash_decorator to None, run_after=None
[2024-12-26T03:27:31.027+0200] {processor.py:208} INFO - Processing /mnt/e/Assignments/Airflow/airflow/airflow_env/lib/python3.12/site-packages/airflow/example_dags/example_bash_decorator.py took 0.172 seconds
[2024-12-26T03:29:30.959+0200] {processor.py:186} INFO - Started process (PID=192120) to work on /mnt/e/Assignments/Airflow/airflow/airflow_env/lib/python3.12/site-packages/airflow/example_dags/example_bash_decorator.py
[2024-12-26T03:29:30.961+0200] {processor.py:914} INFO - Processing file /mnt/e/Assignments/Airflow/airflow/airflow_env/lib/python3.12/site-packages/airflow/example_dags/example_bash_decorator.py for tasks to queue
[2024-12-26T03:29:30.966+0200] {logging_mixin.py:190} INFO - [2024-12-26T03:29:30.964+0200] {dagbag.py:588} INFO - Filling up the DagBag from /mnt/e/Assignments/Airflow/airflow/airflow_env/lib/python3.12/site-packages/airflow/example_dags/example_bash_decorator.py
[2024-12-26T03:29:31.051+0200] {processor.py:925} INFO - DAG(s) 'example_bash_decorator' retrieved from /mnt/e/Assignments/Airflow/airflow/airflow_env/lib/python3.12/site-packages/airflow/example_dags/example_bash_decorator.py
[2024-12-26T03:29:31.079+0200] {logging_mixin.py:190} INFO - [2024-12-26T03:29:31.077+0200] {dag.py:3239} INFO - Sync 1 DAGs
[2024-12-26T03:29:31.090+0200] {logging_mixin.py:190} INFO - [2024-12-26T03:29:31.089+0200] {dag.py:4180} INFO - Setting next_dagrun for example_bash_decorator to None, run_after=None
[2024-12-26T03:29:31.146+0200] {processor.py:208} INFO - Processing /mnt/e/Assignments/Airflow/airflow/airflow_env/lib/python3.12/site-packages/airflow/example_dags/example_bash_decorator.py took 0.198 seconds
[2024-12-26T03:31:41.324+0200] {processor.py:186} INFO - Started process (PID=192210) to work on /mnt/e/Assignments/Airflow/airflow/airflow_env/lib/python3.12/site-packages/airflow/example_dags/example_bash_decorator.py
[2024-12-26T03:31:41.327+0200] {processor.py:914} INFO - Processing file /mnt/e/Assignments/Airflow/airflow/airflow_env/lib/python3.12/site-packages/airflow/example_dags/example_bash_decorator.py for tasks to queue
[2024-12-26T03:31:41.332+0200] {logging_mixin.py:190} INFO - [2024-12-26T03:31:41.330+0200] {dagbag.py:588} INFO - Filling up the DagBag from /mnt/e/Assignments/Airflow/airflow/airflow_env/lib/python3.12/site-packages/airflow/example_dags/example_bash_decorator.py
[2024-12-26T03:31:41.426+0200] {processor.py:925} INFO - DAG(s) 'example_bash_decorator' retrieved from /mnt/e/Assignments/Airflow/airflow/airflow_env/lib/python3.12/site-packages/airflow/example_dags/example_bash_decorator.py
[2024-12-26T03:31:41.448+0200] {logging_mixin.py:190} INFO - [2024-12-26T03:31:41.448+0200] {dag.py:3239} INFO - Sync 1 DAGs
[2024-12-26T03:31:41.458+0200] {logging_mixin.py:190} INFO - [2024-12-26T03:31:41.457+0200] {dag.py:4180} INFO - Setting next_dagrun for example_bash_decorator to None, run_after=None
[2024-12-26T03:31:41.505+0200] {processor.py:208} INFO - Processing /mnt/e/Assignments/Airflow/airflow/airflow_env/lib/python3.12/site-packages/airflow/example_dags/example_bash_decorator.py took 0.199 seconds
[2024-12-26T03:33:51.413+0200] {processor.py:186} INFO - Started process (PID=192318) to work on /mnt/e/Assignments/Airflow/airflow/airflow_env/lib/python3.12/site-packages/airflow/example_dags/example_bash_decorator.py
[2024-12-26T03:33:51.416+0200] {processor.py:914} INFO - Processing file /mnt/e/Assignments/Airflow/airflow/airflow_env/lib/python3.12/site-packages/airflow/example_dags/example_bash_decorator.py for tasks to queue
[2024-12-26T03:33:51.421+0200] {logging_mixin.py:190} INFO - [2024-12-26T03:33:51.419+0200] {dagbag.py:588} INFO - Filling up the DagBag from /mnt/e/Assignments/Airflow/airflow/airflow_env/lib/python3.12/site-packages/airflow/example_dags/example_bash_decorator.py
[2024-12-26T03:33:51.644+0200] {processor.py:925} INFO - DAG(s) 'example_bash_decorator' retrieved from /mnt/e/Assignments/Airflow/airflow/airflow_env/lib/python3.12/site-packages/airflow/example_dags/example_bash_decorator.py
[2024-12-26T03:33:51.715+0200] {logging_mixin.py:190} INFO - [2024-12-26T03:33:51.712+0200] {dag.py:3239} INFO - Sync 1 DAGs
[2024-12-26T03:33:51.742+0200] {logging_mixin.py:190} INFO - [2024-12-26T03:33:51.740+0200] {dag.py:4180} INFO - Setting next_dagrun for example_bash_decorator to None, run_after=None
[2024-12-26T03:33:51.849+0200] {processor.py:208} INFO - Processing /mnt/e/Assignments/Airflow/airflow/airflow_env/lib/python3.12/site-packages/airflow/example_dags/example_bash_decorator.py took 0.452 seconds
[2024-12-26T03:36:53.707+0200] {processor.py:186} INFO - Started process (PID=192440) to work on /mnt/e/Assignments/Airflow/airflow/airflow_env/lib/python3.12/site-packages/airflow/example_dags/example_bash_decorator.py
[2024-12-26T03:36:53.709+0200] {processor.py:914} INFO - Processing file /mnt/e/Assignments/Airflow/airflow/airflow_env/lib/python3.12/site-packages/airflow/example_dags/example_bash_decorator.py for tasks to queue
[2024-12-26T03:36:53.712+0200] {logging_mixin.py:190} INFO - [2024-12-26T03:36:53.711+0200] {dagbag.py:588} INFO - Filling up the DagBag from /mnt/e/Assignments/Airflow/airflow/airflow_env/lib/python3.12/site-packages/airflow/example_dags/example_bash_decorator.py
[2024-12-26T03:36:53.783+0200] {processor.py:925} INFO - DAG(s) 'example_bash_decorator' retrieved from /mnt/e/Assignments/Airflow/airflow/airflow_env/lib/python3.12/site-packages/airflow/example_dags/example_bash_decorator.py
[2024-12-26T03:36:53.806+0200] {logging_mixin.py:190} INFO - [2024-12-26T03:36:53.806+0200] {dag.py:3239} INFO - Sync 1 DAGs
[2024-12-26T03:36:53.816+0200] {logging_mixin.py:190} INFO - [2024-12-26T03:36:53.815+0200] {dag.py:4180} INFO - Setting next_dagrun for example_bash_decorator to None, run_after=None
[2024-12-26T03:36:53.865+0200] {processor.py:208} INFO - Processing /mnt/e/Assignments/Airflow/airflow/airflow_env/lib/python3.12/site-packages/airflow/example_dags/example_bash_decorator.py took 0.166 seconds
[2024-12-26T03:40:01.653+0200] {processor.py:186} INFO - Started process (PID=192550) to work on /mnt/e/Assignments/Airflow/airflow/airflow_env/lib/python3.12/site-packages/airflow/example_dags/example_bash_decorator.py
[2024-12-26T03:40:01.654+0200] {processor.py:914} INFO - Processing file /mnt/e/Assignments/Airflow/airflow/airflow_env/lib/python3.12/site-packages/airflow/example_dags/example_bash_decorator.py for tasks to queue
[2024-12-26T03:40:01.657+0200] {logging_mixin.py:190} INFO - [2024-12-26T03:40:01.656+0200] {dagbag.py:588} INFO - Filling up the DagBag from /mnt/e/Assignments/Airflow/airflow/airflow_env/lib/python3.12/site-packages/airflow/example_dags/example_bash_decorator.py
[2024-12-26T03:40:01.739+0200] {processor.py:925} INFO - DAG(s) 'example_bash_decorator' retrieved from /mnt/e/Assignments/Airflow/airflow/airflow_env/lib/python3.12/site-packages/airflow/example_dags/example_bash_decorator.py
[2024-12-26T03:40:01.762+0200] {logging_mixin.py:190} INFO - [2024-12-26T03:40:01.761+0200] {dag.py:3239} INFO - Sync 1 DAGs
[2024-12-26T03:40:01.773+0200] {logging_mixin.py:190} INFO - [2024-12-26T03:40:01.772+0200] {dag.py:4180} INFO - Setting next_dagrun for example_bash_decorator to None, run_after=None
[2024-12-26T03:40:01.819+0200] {processor.py:208} INFO - Processing /mnt/e/Assignments/Airflow/airflow/airflow_env/lib/python3.12/site-packages/airflow/example_dags/example_bash_decorator.py took 0.176 seconds
[2024-12-26T03:42:03.297+0200] {processor.py:186} INFO - Started process (PID=192632) to work on /mnt/e/Assignments/Airflow/airflow/airflow_env/lib/python3.12/site-packages/airflow/example_dags/example_bash_decorator.py
[2024-12-26T03:42:03.299+0200] {processor.py:914} INFO - Processing file /mnt/e/Assignments/Airflow/airflow/airflow_env/lib/python3.12/site-packages/airflow/example_dags/example_bash_decorator.py for tasks to queue
[2024-12-26T03:42:03.302+0200] {logging_mixin.py:190} INFO - [2024-12-26T03:42:03.301+0200] {dagbag.py:588} INFO - Filling up the DagBag from /mnt/e/Assignments/Airflow/airflow/airflow_env/lib/python3.12/site-packages/airflow/example_dags/example_bash_decorator.py
[2024-12-26T03:42:03.369+0200] {processor.py:925} INFO - DAG(s) 'example_bash_decorator' retrieved from /mnt/e/Assignments/Airflow/airflow/airflow_env/lib/python3.12/site-packages/airflow/example_dags/example_bash_decorator.py
[2024-12-26T03:42:03.389+0200] {logging_mixin.py:190} INFO - [2024-12-26T03:42:03.389+0200] {dag.py:3239} INFO - Sync 1 DAGs
[2024-12-26T03:42:03.399+0200] {logging_mixin.py:190} INFO - [2024-12-26T03:42:03.398+0200] {dag.py:4180} INFO - Setting next_dagrun for example_bash_decorator to None, run_after=None
[2024-12-26T03:42:03.440+0200] {processor.py:208} INFO - Processing /mnt/e/Assignments/Airflow/airflow/airflow_env/lib/python3.12/site-packages/airflow/example_dags/example_bash_decorator.py took 0.152 seconds
[2024-12-26T03:44:00.597+0200] {processor.py:186} INFO - Started process (PID=192710) to work on /mnt/e/Assignments/Airflow/airflow/airflow_env/lib/python3.12/site-packages/airflow/example_dags/example_bash_decorator.py
[2024-12-26T03:44:00.599+0200] {processor.py:914} INFO - Processing file /mnt/e/Assignments/Airflow/airflow/airflow_env/lib/python3.12/site-packages/airflow/example_dags/example_bash_decorator.py for tasks to queue
[2024-12-26T03:44:00.601+0200] {logging_mixin.py:190} INFO - [2024-12-26T03:44:00.600+0200] {dagbag.py:588} INFO - Filling up the DagBag from /mnt/e/Assignments/Airflow/airflow/airflow_env/lib/python3.12/site-packages/airflow/example_dags/example_bash_decorator.py
[2024-12-26T03:44:00.662+0200] {processor.py:925} INFO - DAG(s) 'example_bash_decorator' retrieved from /mnt/e/Assignments/Airflow/airflow/airflow_env/lib/python3.12/site-packages/airflow/example_dags/example_bash_decorator.py
[2024-12-26T03:44:00.683+0200] {logging_mixin.py:190} INFO - [2024-12-26T03:44:00.683+0200] {dag.py:3239} INFO - Sync 1 DAGs
[2024-12-26T03:44:00.697+0200] {logging_mixin.py:190} INFO - [2024-12-26T03:44:00.696+0200] {dag.py:4180} INFO - Setting next_dagrun for example_bash_decorator to None, run_after=None
[2024-12-26T03:44:00.753+0200] {processor.py:208} INFO - Processing /mnt/e/Assignments/Airflow/airflow/airflow_env/lib/python3.12/site-packages/airflow/example_dags/example_bash_decorator.py took 0.165 seconds
[2024-12-26T03:45:59.179+0200] {processor.py:186} INFO - Started process (PID=192787) to work on /mnt/e/Assignments/Airflow/airflow/airflow_env/lib/python3.12/site-packages/airflow/example_dags/example_bash_decorator.py
[2024-12-26T03:45:59.181+0200] {processor.py:914} INFO - Processing file /mnt/e/Assignments/Airflow/airflow/airflow_env/lib/python3.12/site-packages/airflow/example_dags/example_bash_decorator.py for tasks to queue
[2024-12-26T03:45:59.184+0200] {logging_mixin.py:190} INFO - [2024-12-26T03:45:59.183+0200] {dagbag.py:588} INFO - Filling up the DagBag from /mnt/e/Assignments/Airflow/airflow/airflow_env/lib/python3.12/site-packages/airflow/example_dags/example_bash_decorator.py
[2024-12-26T03:45:59.248+0200] {processor.py:925} INFO - DAG(s) 'example_bash_decorator' retrieved from /mnt/e/Assignments/Airflow/airflow/airflow_env/lib/python3.12/site-packages/airflow/example_dags/example_bash_decorator.py
[2024-12-26T03:45:59.269+0200] {logging_mixin.py:190} INFO - [2024-12-26T03:45:59.268+0200] {dag.py:3239} INFO - Sync 1 DAGs
[2024-12-26T03:45:59.278+0200] {logging_mixin.py:190} INFO - [2024-12-26T03:45:59.278+0200] {dag.py:4180} INFO - Setting next_dagrun for example_bash_decorator to None, run_after=None
[2024-12-26T03:45:59.326+0200] {processor.py:208} INFO - Processing /mnt/e/Assignments/Airflow/airflow/airflow_env/lib/python3.12/site-packages/airflow/example_dags/example_bash_decorator.py took 0.158 seconds
[2024-12-26T03:48:08.302+0200] {processor.py:186} INFO - Started process (PID=192874) to work on /mnt/e/Assignments/Airflow/airflow/airflow_env/lib/python3.12/site-packages/airflow/example_dags/example_bash_decorator.py
[2024-12-26T03:48:08.306+0200] {processor.py:914} INFO - Processing file /mnt/e/Assignments/Airflow/airflow/airflow_env/lib/python3.12/site-packages/airflow/example_dags/example_bash_decorator.py for tasks to queue
[2024-12-26T03:48:08.314+0200] {logging_mixin.py:190} INFO - [2024-12-26T03:48:08.310+0200] {dagbag.py:588} INFO - Filling up the DagBag from /mnt/e/Assignments/Airflow/airflow/airflow_env/lib/python3.12/site-packages/airflow/example_dags/example_bash_decorator.py
[2024-12-26T03:48:08.588+0200] {processor.py:925} INFO - DAG(s) 'example_bash_decorator' retrieved from /mnt/e/Assignments/Airflow/airflow/airflow_env/lib/python3.12/site-packages/airflow/example_dags/example_bash_decorator.py
[2024-12-26T03:48:08.658+0200] {logging_mixin.py:190} INFO - [2024-12-26T03:48:08.655+0200] {dag.py:3239} INFO - Sync 1 DAGs
[2024-12-26T03:48:08.682+0200] {logging_mixin.py:190} INFO - [2024-12-26T03:48:08.678+0200] {dag.py:4180} INFO - Setting next_dagrun for example_bash_decorator to None, run_after=None
[2024-12-26T03:48:08.770+0200] {processor.py:208} INFO - Processing /mnt/e/Assignments/Airflow/airflow/airflow_env/lib/python3.12/site-packages/airflow/example_dags/example_bash_decorator.py took 0.503 seconds
[2024-12-26T03:50:12.010+0200] {processor.py:186} INFO - Started process (PID=192954) to work on /mnt/e/Assignments/Airflow/airflow/airflow_env/lib/python3.12/site-packages/airflow/example_dags/example_bash_decorator.py
[2024-12-26T03:50:12.012+0200] {processor.py:914} INFO - Processing file /mnt/e/Assignments/Airflow/airflow/airflow_env/lib/python3.12/site-packages/airflow/example_dags/example_bash_decorator.py for tasks to queue
[2024-12-26T03:50:12.015+0200] {logging_mixin.py:190} INFO - [2024-12-26T03:50:12.014+0200] {dagbag.py:588} INFO - Filling up the DagBag from /mnt/e/Assignments/Airflow/airflow/airflow_env/lib/python3.12/site-packages/airflow/example_dags/example_bash_decorator.py
[2024-12-26T03:50:12.078+0200] {processor.py:925} INFO - DAG(s) 'example_bash_decorator' retrieved from /mnt/e/Assignments/Airflow/airflow/airflow_env/lib/python3.12/site-packages/airflow/example_dags/example_bash_decorator.py
[2024-12-26T03:50:12.098+0200] {logging_mixin.py:190} INFO - [2024-12-26T03:50:12.098+0200] {dag.py:3239} INFO - Sync 1 DAGs
[2024-12-26T03:50:12.108+0200] {logging_mixin.py:190} INFO - [2024-12-26T03:50:12.108+0200] {dag.py:4180} INFO - Setting next_dagrun for example_bash_decorator to None, run_after=None
[2024-12-26T03:50:12.151+0200] {processor.py:208} INFO - Processing /mnt/e/Assignments/Airflow/airflow/airflow_env/lib/python3.12/site-packages/airflow/example_dags/example_bash_decorator.py took 0.150 seconds
[2024-12-26T03:52:17.383+0200] {processor.py:186} INFO - Started process (PID=193035) to work on /mnt/e/Assignments/Airflow/airflow/airflow_env/lib/python3.12/site-packages/airflow/example_dags/example_bash_decorator.py
[2024-12-26T03:52:17.386+0200] {processor.py:914} INFO - Processing file /mnt/e/Assignments/Airflow/airflow/airflow_env/lib/python3.12/site-packages/airflow/example_dags/example_bash_decorator.py for tasks to queue
[2024-12-26T03:52:17.391+0200] {logging_mixin.py:190} INFO - [2024-12-26T03:52:17.389+0200] {dagbag.py:588} INFO - Filling up the DagBag from /mnt/e/Assignments/Airflow/airflow/airflow_env/lib/python3.12/site-packages/airflow/example_dags/example_bash_decorator.py
[2024-12-26T03:52:17.555+0200] {processor.py:925} INFO - DAG(s) 'example_bash_decorator' retrieved from /mnt/e/Assignments/Airflow/airflow/airflow_env/lib/python3.12/site-packages/airflow/example_dags/example_bash_decorator.py
[2024-12-26T03:52:17.579+0200] {logging_mixin.py:190} INFO - [2024-12-26T03:52:17.578+0200] {dag.py:3239} INFO - Sync 1 DAGs
[2024-12-26T03:52:17.591+0200] {logging_mixin.py:190} INFO - [2024-12-26T03:52:17.590+0200] {dag.py:4180} INFO - Setting next_dagrun for example_bash_decorator to None, run_after=None
[2024-12-26T03:52:17.641+0200] {processor.py:208} INFO - Processing /mnt/e/Assignments/Airflow/airflow/airflow_env/lib/python3.12/site-packages/airflow/example_dags/example_bash_decorator.py took 0.280 seconds
[2024-12-26T03:54:26.968+0200] {processor.py:186} INFO - Started process (PID=193117) to work on /mnt/e/Assignments/Airflow/airflow/airflow_env/lib/python3.12/site-packages/airflow/example_dags/example_bash_decorator.py
[2024-12-26T03:54:26.970+0200] {processor.py:914} INFO - Processing file /mnt/e/Assignments/Airflow/airflow/airflow_env/lib/python3.12/site-packages/airflow/example_dags/example_bash_decorator.py for tasks to queue
[2024-12-26T03:54:26.973+0200] {logging_mixin.py:190} INFO - [2024-12-26T03:54:26.972+0200] {dagbag.py:588} INFO - Filling up the DagBag from /mnt/e/Assignments/Airflow/airflow/airflow_env/lib/python3.12/site-packages/airflow/example_dags/example_bash_decorator.py
[2024-12-26T03:54:27.049+0200] {processor.py:925} INFO - DAG(s) 'example_bash_decorator' retrieved from /mnt/e/Assignments/Airflow/airflow/airflow_env/lib/python3.12/site-packages/airflow/example_dags/example_bash_decorator.py
[2024-12-26T03:54:27.073+0200] {logging_mixin.py:190} INFO - [2024-12-26T03:54:27.072+0200] {dag.py:3239} INFO - Sync 1 DAGs
[2024-12-26T03:54:27.084+0200] {logging_mixin.py:190} INFO - [2024-12-26T03:54:27.083+0200] {dag.py:4180} INFO - Setting next_dagrun for example_bash_decorator to None, run_after=None
[2024-12-26T03:54:27.135+0200] {processor.py:208} INFO - Processing /mnt/e/Assignments/Airflow/airflow/airflow_env/lib/python3.12/site-packages/airflow/example_dags/example_bash_decorator.py took 0.178 seconds
[2024-12-26T03:56:47.800+0200] {processor.py:186} INFO - Started process (PID=193199) to work on /mnt/e/Assignments/Airflow/airflow/airflow_env/lib/python3.12/site-packages/airflow/example_dags/example_bash_decorator.py
[2024-12-26T03:56:47.802+0200] {processor.py:914} INFO - Processing file /mnt/e/Assignments/Airflow/airflow/airflow_env/lib/python3.12/site-packages/airflow/example_dags/example_bash_decorator.py for tasks to queue
[2024-12-26T03:56:47.805+0200] {logging_mixin.py:190} INFO - [2024-12-26T03:56:47.804+0200] {dagbag.py:588} INFO - Filling up the DagBag from /mnt/e/Assignments/Airflow/airflow/airflow_env/lib/python3.12/site-packages/airflow/example_dags/example_bash_decorator.py
[2024-12-26T03:56:47.871+0200] {processor.py:925} INFO - DAG(s) 'example_bash_decorator' retrieved from /mnt/e/Assignments/Airflow/airflow/airflow_env/lib/python3.12/site-packages/airflow/example_dags/example_bash_decorator.py
[2024-12-26T03:56:47.895+0200] {logging_mixin.py:190} INFO - [2024-12-26T03:56:47.894+0200] {dag.py:3239} INFO - Sync 1 DAGs
[2024-12-26T03:56:47.906+0200] {logging_mixin.py:190} INFO - [2024-12-26T03:56:47.905+0200] {dag.py:4180} INFO - Setting next_dagrun for example_bash_decorator to None, run_after=None
[2024-12-26T03:56:47.959+0200] {processor.py:208} INFO - Processing /mnt/e/Assignments/Airflow/airflow/airflow_env/lib/python3.12/site-packages/airflow/example_dags/example_bash_decorator.py took 0.169 seconds
[2024-12-26T03:58:45.399+0200] {processor.py:186} INFO - Started process (PID=193282) to work on /mnt/e/Assignments/Airflow/airflow/airflow_env/lib/python3.12/site-packages/airflow/example_dags/example_bash_decorator.py
[2024-12-26T03:58:45.402+0200] {processor.py:914} INFO - Processing file /mnt/e/Assignments/Airflow/airflow/airflow_env/lib/python3.12/site-packages/airflow/example_dags/example_bash_decorator.py for tasks to queue
[2024-12-26T03:58:45.407+0200] {logging_mixin.py:190} INFO - [2024-12-26T03:58:45.405+0200] {dagbag.py:588} INFO - Filling up the DagBag from /mnt/e/Assignments/Airflow/airflow/airflow_env/lib/python3.12/site-packages/airflow/example_dags/example_bash_decorator.py
[2024-12-26T03:58:45.524+0200] {processor.py:925} INFO - DAG(s) 'example_bash_decorator' retrieved from /mnt/e/Assignments/Airflow/airflow/airflow_env/lib/python3.12/site-packages/airflow/example_dags/example_bash_decorator.py
[2024-12-26T03:58:45.554+0200] {logging_mixin.py:190} INFO - [2024-12-26T03:58:45.552+0200] {dag.py:3239} INFO - Sync 1 DAGs
[2024-12-26T03:58:45.569+0200] {logging_mixin.py:190} INFO - [2024-12-26T03:58:45.567+0200] {dag.py:4180} INFO - Setting next_dagrun for example_bash_decorator to None, run_after=None
[2024-12-26T03:58:45.634+0200] {processor.py:208} INFO - Processing /mnt/e/Assignments/Airflow/airflow/airflow_env/lib/python3.12/site-packages/airflow/example_dags/example_bash_decorator.py took 0.250 seconds
[2024-12-26T04:00:51.912+0200] {processor.py:186} INFO - Started process (PID=193360) to work on /mnt/e/Assignments/Airflow/airflow/airflow_env/lib/python3.12/site-packages/airflow/example_dags/example_bash_decorator.py
[2024-12-26T04:00:51.913+0200] {processor.py:914} INFO - Processing file /mnt/e/Assignments/Airflow/airflow/airflow_env/lib/python3.12/site-packages/airflow/example_dags/example_bash_decorator.py for tasks to queue
[2024-12-26T04:00:51.916+0200] {logging_mixin.py:190} INFO - [2024-12-26T04:00:51.915+0200] {dagbag.py:588} INFO - Filling up the DagBag from /mnt/e/Assignments/Airflow/airflow/airflow_env/lib/python3.12/site-packages/airflow/example_dags/example_bash_decorator.py
[2024-12-26T04:00:51.976+0200] {processor.py:925} INFO - DAG(s) 'example_bash_decorator' retrieved from /mnt/e/Assignments/Airflow/airflow/airflow_env/lib/python3.12/site-packages/airflow/example_dags/example_bash_decorator.py
[2024-12-26T04:00:51.998+0200] {logging_mixin.py:190} INFO - [2024-12-26T04:00:51.997+0200] {dag.py:3239} INFO - Sync 1 DAGs
[2024-12-26T04:00:52.007+0200] {logging_mixin.py:190} INFO - [2024-12-26T04:00:52.006+0200] {dag.py:4180} INFO - Setting next_dagrun for example_bash_decorator to None, run_after=None
[2024-12-26T04:00:52.046+0200] {processor.py:208} INFO - Processing /mnt/e/Assignments/Airflow/airflow/airflow_env/lib/python3.12/site-packages/airflow/example_dags/example_bash_decorator.py took 0.143 seconds
[2024-12-26T04:02:52.660+0200] {processor.py:186} INFO - Started process (PID=193441) to work on /mnt/e/Assignments/Airflow/airflow/airflow_env/lib/python3.12/site-packages/airflow/example_dags/example_bash_decorator.py
[2024-12-26T04:02:52.664+0200] {processor.py:914} INFO - Processing file /mnt/e/Assignments/Airflow/airflow/airflow_env/lib/python3.12/site-packages/airflow/example_dags/example_bash_decorator.py for tasks to queue
[2024-12-26T04:02:52.673+0200] {logging_mixin.py:190} INFO - [2024-12-26T04:02:52.669+0200] {dagbag.py:588} INFO - Filling up the DagBag from /mnt/e/Assignments/Airflow/airflow/airflow_env/lib/python3.12/site-packages/airflow/example_dags/example_bash_decorator.py
[2024-12-26T04:02:52.929+0200] {processor.py:925} INFO - DAG(s) 'example_bash_decorator' retrieved from /mnt/e/Assignments/Airflow/airflow/airflow_env/lib/python3.12/site-packages/airflow/example_dags/example_bash_decorator.py
[2024-12-26T04:02:52.955+0200] {logging_mixin.py:190} INFO - [2024-12-26T04:02:52.955+0200] {dag.py:3239} INFO - Sync 1 DAGs
[2024-12-26T04:02:52.967+0200] {logging_mixin.py:190} INFO - [2024-12-26T04:02:52.966+0200] {dag.py:4180} INFO - Setting next_dagrun for example_bash_decorator to None, run_after=None
[2024-12-26T04:02:53.010+0200] {processor.py:208} INFO - Processing /mnt/e/Assignments/Airflow/airflow/airflow_env/lib/python3.12/site-packages/airflow/example_dags/example_bash_decorator.py took 0.386 seconds
[2024-12-26T04:05:11.405+0200] {processor.py:186} INFO - Started process (PID=193525) to work on /mnt/e/Assignments/Airflow/airflow/airflow_env/lib/python3.12/site-packages/airflow/example_dags/example_bash_decorator.py
[2024-12-26T04:05:11.411+0200] {processor.py:914} INFO - Processing file /mnt/e/Assignments/Airflow/airflow/airflow_env/lib/python3.12/site-packages/airflow/example_dags/example_bash_decorator.py for tasks to queue
[2024-12-26T04:05:11.423+0200] {logging_mixin.py:190} INFO - [2024-12-26T04:05:11.418+0200] {dagbag.py:588} INFO - Filling up the DagBag from /mnt/e/Assignments/Airflow/airflow/airflow_env/lib/python3.12/site-packages/airflow/example_dags/example_bash_decorator.py
[2024-12-26T04:05:11.688+0200] {processor.py:925} INFO - DAG(s) 'example_bash_decorator' retrieved from /mnt/e/Assignments/Airflow/airflow/airflow_env/lib/python3.12/site-packages/airflow/example_dags/example_bash_decorator.py
[2024-12-26T04:05:11.742+0200] {logging_mixin.py:190} INFO - [2024-12-26T04:05:11.739+0200] {dag.py:3239} INFO - Sync 1 DAGs
[2024-12-26T04:05:11.764+0200] {logging_mixin.py:190} INFO - [2024-12-26T04:05:11.760+0200] {dag.py:4180} INFO - Setting next_dagrun for example_bash_decorator to None, run_after=None
[2024-12-26T04:05:11.906+0200] {processor.py:208} INFO - Processing /mnt/e/Assignments/Airflow/airflow/airflow_env/lib/python3.12/site-packages/airflow/example_dags/example_bash_decorator.py took 0.538 seconds
[2024-12-26T04:07:12.940+0200] {processor.py:186} INFO - Started process (PID=193604) to work on /mnt/e/Assignments/Airflow/airflow/airflow_env/lib/python3.12/site-packages/airflow/example_dags/example_bash_decorator.py
[2024-12-26T04:07:12.946+0200] {processor.py:914} INFO - Processing file /mnt/e/Assignments/Airflow/airflow/airflow_env/lib/python3.12/site-packages/airflow/example_dags/example_bash_decorator.py for tasks to queue
[2024-12-26T04:07:12.951+0200] {logging_mixin.py:190} INFO - [2024-12-26T04:07:12.949+0200] {dagbag.py:588} INFO - Filling up the DagBag from /mnt/e/Assignments/Airflow/airflow/airflow_env/lib/python3.12/site-packages/airflow/example_dags/example_bash_decorator.py
[2024-12-26T04:07:13.252+0200] {processor.py:925} INFO - DAG(s) 'example_bash_decorator' retrieved from /mnt/e/Assignments/Airflow/airflow/airflow_env/lib/python3.12/site-packages/airflow/example_dags/example_bash_decorator.py
[2024-12-26T04:07:13.321+0200] {logging_mixin.py:190} INFO - [2024-12-26T04:07:13.318+0200] {dag.py:3239} INFO - Sync 1 DAGs
[2024-12-26T04:07:13.347+0200] {logging_mixin.py:190} INFO - [2024-12-26T04:07:13.344+0200] {dag.py:4180} INFO - Setting next_dagrun for example_bash_decorator to None, run_after=None
[2024-12-26T04:07:13.513+0200] {processor.py:208} INFO - Processing /mnt/e/Assignments/Airflow/airflow/airflow_env/lib/python3.12/site-packages/airflow/example_dags/example_bash_decorator.py took 0.606 seconds
[2024-12-26T04:09:05.393+0200] {processor.py:186} INFO - Started process (PID=193681) to work on /mnt/e/Assignments/Airflow/airflow/airflow_env/lib/python3.12/site-packages/airflow/example_dags/example_bash_decorator.py
[2024-12-26T04:09:05.395+0200] {processor.py:914} INFO - Processing file /mnt/e/Assignments/Airflow/airflow/airflow_env/lib/python3.12/site-packages/airflow/example_dags/example_bash_decorator.py for tasks to queue
[2024-12-26T04:09:05.398+0200] {logging_mixin.py:190} INFO - [2024-12-26T04:09:05.397+0200] {dagbag.py:588} INFO - Filling up the DagBag from /mnt/e/Assignments/Airflow/airflow/airflow_env/lib/python3.12/site-packages/airflow/example_dags/example_bash_decorator.py
[2024-12-26T04:09:05.515+0200] {processor.py:925} INFO - DAG(s) 'example_bash_decorator' retrieved from /mnt/e/Assignments/Airflow/airflow/airflow_env/lib/python3.12/site-packages/airflow/example_dags/example_bash_decorator.py
[2024-12-26T04:09:05.555+0200] {logging_mixin.py:190} INFO - [2024-12-26T04:09:05.552+0200] {dag.py:3239} INFO - Sync 1 DAGs
[2024-12-26T04:09:05.573+0200] {logging_mixin.py:190} INFO - [2024-12-26T04:09:05.571+0200] {dag.py:4180} INFO - Setting next_dagrun for example_bash_decorator to None, run_after=None
[2024-12-26T04:09:05.664+0200] {processor.py:208} INFO - Processing /mnt/e/Assignments/Airflow/airflow/airflow_env/lib/python3.12/site-packages/airflow/example_dags/example_bash_decorator.py took 0.288 seconds
[2024-12-26T04:10:52.302+0200] {processor.py:186} INFO - Started process (PID=193756) to work on /mnt/e/Assignments/Airflow/airflow/airflow_env/lib/python3.12/site-packages/airflow/example_dags/example_bash_decorator.py
[2024-12-26T04:10:52.304+0200] {processor.py:914} INFO - Processing file /mnt/e/Assignments/Airflow/airflow/airflow_env/lib/python3.12/site-packages/airflow/example_dags/example_bash_decorator.py for tasks to queue
[2024-12-26T04:10:52.307+0200] {logging_mixin.py:190} INFO - [2024-12-26T04:10:52.306+0200] {dagbag.py:588} INFO - Filling up the DagBag from /mnt/e/Assignments/Airflow/airflow/airflow_env/lib/python3.12/site-packages/airflow/example_dags/example_bash_decorator.py
[2024-12-26T04:10:52.368+0200] {processor.py:925} INFO - DAG(s) 'example_bash_decorator' retrieved from /mnt/e/Assignments/Airflow/airflow/airflow_env/lib/python3.12/site-packages/airflow/example_dags/example_bash_decorator.py
[2024-12-26T04:10:52.389+0200] {logging_mixin.py:190} INFO - [2024-12-26T04:10:52.388+0200] {dag.py:3239} INFO - Sync 1 DAGs
[2024-12-26T04:10:52.398+0200] {logging_mixin.py:190} INFO - [2024-12-26T04:10:52.397+0200] {dag.py:4180} INFO - Setting next_dagrun for example_bash_decorator to None, run_after=None
[2024-12-26T04:10:52.438+0200] {processor.py:208} INFO - Processing /mnt/e/Assignments/Airflow/airflow/airflow_env/lib/python3.12/site-packages/airflow/example_dags/example_bash_decorator.py took 0.145 seconds
[2024-12-26T04:12:43.646+0200] {processor.py:186} INFO - Started process (PID=193834) to work on /mnt/e/Assignments/Airflow/airflow/airflow_env/lib/python3.12/site-packages/airflow/example_dags/example_bash_decorator.py
[2024-12-26T04:12:43.648+0200] {processor.py:914} INFO - Processing file /mnt/e/Assignments/Airflow/airflow/airflow_env/lib/python3.12/site-packages/airflow/example_dags/example_bash_decorator.py for tasks to queue
[2024-12-26T04:12:43.651+0200] {logging_mixin.py:190} INFO - [2024-12-26T04:12:43.650+0200] {dagbag.py:588} INFO - Filling up the DagBag from /mnt/e/Assignments/Airflow/airflow/airflow_env/lib/python3.12/site-packages/airflow/example_dags/example_bash_decorator.py
[2024-12-26T04:12:43.716+0200] {processor.py:925} INFO - DAG(s) 'example_bash_decorator' retrieved from /mnt/e/Assignments/Airflow/airflow/airflow_env/lib/python3.12/site-packages/airflow/example_dags/example_bash_decorator.py
[2024-12-26T04:12:43.739+0200] {logging_mixin.py:190} INFO - [2024-12-26T04:12:43.738+0200] {dag.py:3239} INFO - Sync 1 DAGs
[2024-12-26T04:12:43.749+0200] {logging_mixin.py:190} INFO - [2024-12-26T04:12:43.748+0200] {dag.py:4180} INFO - Setting next_dagrun for example_bash_decorator to None, run_after=None
[2024-12-26T04:12:43.788+0200] {processor.py:208} INFO - Processing /mnt/e/Assignments/Airflow/airflow/airflow_env/lib/python3.12/site-packages/airflow/example_dags/example_bash_decorator.py took 0.151 seconds
[2024-12-26T04:14:31.873+0200] {processor.py:186} INFO - Started process (PID=193910) to work on /mnt/e/Assignments/Airflow/airflow/airflow_env/lib/python3.12/site-packages/airflow/example_dags/example_bash_decorator.py
[2024-12-26T04:14:31.878+0200] {processor.py:914} INFO - Processing file /mnt/e/Assignments/Airflow/airflow/airflow_env/lib/python3.12/site-packages/airflow/example_dags/example_bash_decorator.py for tasks to queue
[2024-12-26T04:14:31.887+0200] {logging_mixin.py:190} INFO - [2024-12-26T04:14:31.884+0200] {dagbag.py:588} INFO - Filling up the DagBag from /mnt/e/Assignments/Airflow/airflow/airflow_env/lib/python3.12/site-packages/airflow/example_dags/example_bash_decorator.py
[2024-12-26T04:14:32.164+0200] {processor.py:925} INFO - DAG(s) 'example_bash_decorator' retrieved from /mnt/e/Assignments/Airflow/airflow/airflow_env/lib/python3.12/site-packages/airflow/example_dags/example_bash_decorator.py
[2024-12-26T04:14:32.244+0200] {logging_mixin.py:190} INFO - [2024-12-26T04:14:32.241+0200] {dag.py:3239} INFO - Sync 1 DAGs
[2024-12-26T04:14:32.274+0200] {logging_mixin.py:190} INFO - [2024-12-26T04:14:32.270+0200] {dag.py:4180} INFO - Setting next_dagrun for example_bash_decorator to None, run_after=None
[2024-12-26T04:14:32.503+0200] {processor.py:208} INFO - Processing /mnt/e/Assignments/Airflow/airflow/airflow_env/lib/python3.12/site-packages/airflow/example_dags/example_bash_decorator.py took 0.668 seconds
[2024-12-26T04:16:51.840+0200] {processor.py:186} INFO - Started process (PID=193992) to work on /mnt/e/Assignments/Airflow/airflow/airflow_env/lib/python3.12/site-packages/airflow/example_dags/example_bash_decorator.py
[2024-12-26T04:16:51.846+0200] {processor.py:914} INFO - Processing file /mnt/e/Assignments/Airflow/airflow/airflow_env/lib/python3.12/site-packages/airflow/example_dags/example_bash_decorator.py for tasks to queue
[2024-12-26T04:16:51.854+0200] {logging_mixin.py:190} INFO - [2024-12-26T04:16:51.851+0200] {dagbag.py:588} INFO - Filling up the DagBag from /mnt/e/Assignments/Airflow/airflow/airflow_env/lib/python3.12/site-packages/airflow/example_dags/example_bash_decorator.py
[2024-12-26T04:16:52.065+0200] {processor.py:925} INFO - DAG(s) 'example_bash_decorator' retrieved from /mnt/e/Assignments/Airflow/airflow/airflow_env/lib/python3.12/site-packages/airflow/example_dags/example_bash_decorator.py
[2024-12-26T04:16:52.088+0200] {logging_mixin.py:190} INFO - [2024-12-26T04:16:52.087+0200] {dag.py:3239} INFO - Sync 1 DAGs
[2024-12-26T04:16:52.098+0200] {logging_mixin.py:190} INFO - [2024-12-26T04:16:52.096+0200] {dag.py:4180} INFO - Setting next_dagrun for example_bash_decorator to None, run_after=None
[2024-12-26T04:16:52.141+0200] {processor.py:208} INFO - Processing /mnt/e/Assignments/Airflow/airflow/airflow_env/lib/python3.12/site-packages/airflow/example_dags/example_bash_decorator.py took 0.329 seconds
[2024-12-26T04:19:06.551+0200] {processor.py:186} INFO - Started process (PID=194079) to work on /mnt/e/Assignments/Airflow/airflow/airflow_env/lib/python3.12/site-packages/airflow/example_dags/example_bash_decorator.py
[2024-12-26T04:19:06.553+0200] {processor.py:914} INFO - Processing file /mnt/e/Assignments/Airflow/airflow/airflow_env/lib/python3.12/site-packages/airflow/example_dags/example_bash_decorator.py for tasks to queue
[2024-12-26T04:19:06.556+0200] {logging_mixin.py:190} INFO - [2024-12-26T04:19:06.555+0200] {dagbag.py:588} INFO - Filling up the DagBag from /mnt/e/Assignments/Airflow/airflow/airflow_env/lib/python3.12/site-packages/airflow/example_dags/example_bash_decorator.py
[2024-12-26T04:19:06.620+0200] {processor.py:925} INFO - DAG(s) 'example_bash_decorator' retrieved from /mnt/e/Assignments/Airflow/airflow/airflow_env/lib/python3.12/site-packages/airflow/example_dags/example_bash_decorator.py
[2024-12-26T04:19:06.650+0200] {logging_mixin.py:190} INFO - [2024-12-26T04:19:06.648+0200] {dag.py:3239} INFO - Sync 1 DAGs
[2024-12-26T04:19:06.667+0200] {logging_mixin.py:190} INFO - [2024-12-26T04:19:06.665+0200] {dag.py:4180} INFO - Setting next_dagrun for example_bash_decorator to None, run_after=None
[2024-12-26T04:19:06.833+0200] {processor.py:208} INFO - Processing /mnt/e/Assignments/Airflow/airflow/airflow_env/lib/python3.12/site-packages/airflow/example_dags/example_bash_decorator.py took 0.293 seconds
[2024-12-26T04:21:25.392+0200] {processor.py:186} INFO - Started process (PID=194163) to work on /mnt/e/Assignments/Airflow/airflow/airflow_env/lib/python3.12/site-packages/airflow/example_dags/example_bash_decorator.py
[2024-12-26T04:21:25.393+0200] {processor.py:914} INFO - Processing file /mnt/e/Assignments/Airflow/airflow/airflow_env/lib/python3.12/site-packages/airflow/example_dags/example_bash_decorator.py for tasks to queue
[2024-12-26T04:21:25.396+0200] {logging_mixin.py:190} INFO - [2024-12-26T04:21:25.395+0200] {dagbag.py:588} INFO - Filling up the DagBag from /mnt/e/Assignments/Airflow/airflow/airflow_env/lib/python3.12/site-packages/airflow/example_dags/example_bash_decorator.py
[2024-12-26T04:21:25.493+0200] {processor.py:925} INFO - DAG(s) 'example_bash_decorator' retrieved from /mnt/e/Assignments/Airflow/airflow/airflow_env/lib/python3.12/site-packages/airflow/example_dags/example_bash_decorator.py
[2024-12-26T04:21:25.519+0200] {logging_mixin.py:190} INFO - [2024-12-26T04:21:25.518+0200] {dag.py:3239} INFO - Sync 1 DAGs
[2024-12-26T04:21:25.530+0200] {logging_mixin.py:190} INFO - [2024-12-26T04:21:25.529+0200] {dag.py:4180} INFO - Setting next_dagrun for example_bash_decorator to None, run_after=None
[2024-12-26T04:21:25.588+0200] {processor.py:208} INFO - Processing /mnt/e/Assignments/Airflow/airflow/airflow_env/lib/python3.12/site-packages/airflow/example_dags/example_bash_decorator.py took 0.209 seconds
[2024-12-26T04:23:46.758+0200] {processor.py:186} INFO - Started process (PID=194248) to work on /mnt/e/Assignments/Airflow/airflow/airflow_env/lib/python3.12/site-packages/airflow/example_dags/example_bash_decorator.py
[2024-12-26T04:23:46.760+0200] {processor.py:914} INFO - Processing file /mnt/e/Assignments/Airflow/airflow/airflow_env/lib/python3.12/site-packages/airflow/example_dags/example_bash_decorator.py for tasks to queue
[2024-12-26T04:23:46.764+0200] {logging_mixin.py:190} INFO - [2024-12-26T04:23:46.762+0200] {dagbag.py:588} INFO - Filling up the DagBag from /mnt/e/Assignments/Airflow/airflow/airflow_env/lib/python3.12/site-packages/airflow/example_dags/example_bash_decorator.py
[2024-12-26T04:23:46.862+0200] {processor.py:925} INFO - DAG(s) 'example_bash_decorator' retrieved from /mnt/e/Assignments/Airflow/airflow/airflow_env/lib/python3.12/site-packages/airflow/example_dags/example_bash_decorator.py
[2024-12-26T04:23:46.897+0200] {logging_mixin.py:190} INFO - [2024-12-26T04:23:46.896+0200] {dag.py:3239} INFO - Sync 1 DAGs
[2024-12-26T04:23:46.911+0200] {logging_mixin.py:190} INFO - [2024-12-26T04:23:46.910+0200] {dag.py:4180} INFO - Setting next_dagrun for example_bash_decorator to None, run_after=None
[2024-12-26T04:23:46.984+0200] {processor.py:208} INFO - Processing /mnt/e/Assignments/Airflow/airflow/airflow_env/lib/python3.12/site-packages/airflow/example_dags/example_bash_decorator.py took 0.237 seconds
[2024-12-26T04:25:56.803+0200] {processor.py:186} INFO - Started process (PID=194329) to work on /mnt/e/Assignments/Airflow/airflow/airflow_env/lib/python3.12/site-packages/airflow/example_dags/example_bash_decorator.py
[2024-12-26T04:25:56.807+0200] {processor.py:914} INFO - Processing file /mnt/e/Assignments/Airflow/airflow/airflow_env/lib/python3.12/site-packages/airflow/example_dags/example_bash_decorator.py for tasks to queue
[2024-12-26T04:25:56.817+0200] {logging_mixin.py:190} INFO - [2024-12-26T04:25:56.814+0200] {dagbag.py:588} INFO - Filling up the DagBag from /mnt/e/Assignments/Airflow/airflow/airflow_env/lib/python3.12/site-packages/airflow/example_dags/example_bash_decorator.py
[2024-12-26T04:25:57.077+0200] {processor.py:925} INFO - DAG(s) 'example_bash_decorator' retrieved from /mnt/e/Assignments/Airflow/airflow/airflow_env/lib/python3.12/site-packages/airflow/example_dags/example_bash_decorator.py
[2024-12-26T04:25:57.135+0200] {logging_mixin.py:190} INFO - [2024-12-26T04:25:57.134+0200] {dag.py:3239} INFO - Sync 1 DAGs
[2024-12-26T04:25:57.149+0200] {logging_mixin.py:190} INFO - [2024-12-26T04:25:57.147+0200] {dag.py:4180} INFO - Setting next_dagrun for example_bash_decorator to None, run_after=None
[2024-12-26T04:25:57.223+0200] {processor.py:208} INFO - Processing /mnt/e/Assignments/Airflow/airflow/airflow_env/lib/python3.12/site-packages/airflow/example_dags/example_bash_decorator.py took 0.449 seconds
[2024-12-26T04:28:23.258+0200] {processor.py:186} INFO - Started process (PID=194414) to work on /mnt/e/Assignments/Airflow/airflow/airflow_env/lib/python3.12/site-packages/airflow/example_dags/example_bash_decorator.py
[2024-12-26T04:28:23.260+0200] {processor.py:914} INFO - Processing file /mnt/e/Assignments/Airflow/airflow/airflow_env/lib/python3.12/site-packages/airflow/example_dags/example_bash_decorator.py for tasks to queue
[2024-12-26T04:28:23.263+0200] {logging_mixin.py:190} INFO - [2024-12-26T04:28:23.262+0200] {dagbag.py:588} INFO - Filling up the DagBag from /mnt/e/Assignments/Airflow/airflow/airflow_env/lib/python3.12/site-packages/airflow/example_dags/example_bash_decorator.py
[2024-12-26T04:28:23.346+0200] {processor.py:925} INFO - DAG(s) 'example_bash_decorator' retrieved from /mnt/e/Assignments/Airflow/airflow/airflow_env/lib/python3.12/site-packages/airflow/example_dags/example_bash_decorator.py
[2024-12-26T04:28:23.377+0200] {logging_mixin.py:190} INFO - [2024-12-26T04:28:23.376+0200] {dag.py:3239} INFO - Sync 1 DAGs
[2024-12-26T04:28:23.390+0200] {logging_mixin.py:190} INFO - [2024-12-26T04:28:23.388+0200] {dag.py:4180} INFO - Setting next_dagrun for example_bash_decorator to None, run_after=None
[2024-12-26T04:28:23.446+0200] {processor.py:208} INFO - Processing /mnt/e/Assignments/Airflow/airflow/airflow_env/lib/python3.12/site-packages/airflow/example_dags/example_bash_decorator.py took 0.200 seconds
[2024-12-26T04:30:27.715+0200] {processor.py:186} INFO - Started process (PID=194495) to work on /mnt/e/Assignments/Airflow/airflow/airflow_env/lib/python3.12/site-packages/airflow/example_dags/example_bash_decorator.py
[2024-12-26T04:30:27.723+0200] {processor.py:914} INFO - Processing file /mnt/e/Assignments/Airflow/airflow/airflow_env/lib/python3.12/site-packages/airflow/example_dags/example_bash_decorator.py for tasks to queue
[2024-12-26T04:30:27.733+0200] {logging_mixin.py:190} INFO - [2024-12-26T04:30:27.730+0200] {dagbag.py:588} INFO - Filling up the DagBag from /mnt/e/Assignments/Airflow/airflow/airflow_env/lib/python3.12/site-packages/airflow/example_dags/example_bash_decorator.py
[2024-12-26T04:30:28.029+0200] {processor.py:925} INFO - DAG(s) 'example_bash_decorator' retrieved from /mnt/e/Assignments/Airflow/airflow/airflow_env/lib/python3.12/site-packages/airflow/example_dags/example_bash_decorator.py
[2024-12-26T04:30:28.057+0200] {logging_mixin.py:190} INFO - [2024-12-26T04:30:28.056+0200] {dag.py:3239} INFO - Sync 1 DAGs
[2024-12-26T04:30:28.067+0200] {logging_mixin.py:190} INFO - [2024-12-26T04:30:28.066+0200] {dag.py:4180} INFO - Setting next_dagrun for example_bash_decorator to None, run_after=None
[2024-12-26T04:30:28.113+0200] {processor.py:208} INFO - Processing /mnt/e/Assignments/Airflow/airflow/airflow_env/lib/python3.12/site-packages/airflow/example_dags/example_bash_decorator.py took 0.439 seconds
[2024-12-26T04:32:42.691+0200] {processor.py:186} INFO - Started process (PID=194579) to work on /mnt/e/Assignments/Airflow/airflow/airflow_env/lib/python3.12/site-packages/airflow/example_dags/example_bash_decorator.py
[2024-12-26T04:32:42.693+0200] {processor.py:914} INFO - Processing file /mnt/e/Assignments/Airflow/airflow/airflow_env/lib/python3.12/site-packages/airflow/example_dags/example_bash_decorator.py for tasks to queue
[2024-12-26T04:32:42.696+0200] {logging_mixin.py:190} INFO - [2024-12-26T04:32:42.695+0200] {dagbag.py:588} INFO - Filling up the DagBag from /mnt/e/Assignments/Airflow/airflow/airflow_env/lib/python3.12/site-packages/airflow/example_dags/example_bash_decorator.py
[2024-12-26T04:32:42.774+0200] {processor.py:925} INFO - DAG(s) 'example_bash_decorator' retrieved from /mnt/e/Assignments/Airflow/airflow/airflow_env/lib/python3.12/site-packages/airflow/example_dags/example_bash_decorator.py
[2024-12-26T04:32:42.799+0200] {logging_mixin.py:190} INFO - [2024-12-26T04:32:42.798+0200] {dag.py:3239} INFO - Sync 1 DAGs
[2024-12-26T04:32:42.810+0200] {logging_mixin.py:190} INFO - [2024-12-26T04:32:42.809+0200] {dag.py:4180} INFO - Setting next_dagrun for example_bash_decorator to None, run_after=None
[2024-12-26T04:32:42.850+0200] {processor.py:208} INFO - Processing /mnt/e/Assignments/Airflow/airflow/airflow_env/lib/python3.12/site-packages/airflow/example_dags/example_bash_decorator.py took 0.169 seconds
[2024-12-26T04:34:44.013+0200] {processor.py:186} INFO - Started process (PID=194733) to work on /mnt/e/Assignments/Airflow/airflow/airflow_env/lib/python3.12/site-packages/airflow/example_dags/example_bash_decorator.py
[2024-12-26T04:34:44.018+0200] {processor.py:914} INFO - Processing file /mnt/e/Assignments/Airflow/airflow/airflow_env/lib/python3.12/site-packages/airflow/example_dags/example_bash_decorator.py for tasks to queue
[2024-12-26T04:34:44.027+0200] {logging_mixin.py:190} INFO - [2024-12-26T04:34:44.025+0200] {dagbag.py:588} INFO - Filling up the DagBag from /mnt/e/Assignments/Airflow/airflow/airflow_env/lib/python3.12/site-packages/airflow/example_dags/example_bash_decorator.py
[2024-12-26T04:34:44.134+0200] {processor.py:925} INFO - DAG(s) 'example_bash_decorator' retrieved from /mnt/e/Assignments/Airflow/airflow/airflow_env/lib/python3.12/site-packages/airflow/example_dags/example_bash_decorator.py
[2024-12-26T04:34:44.164+0200] {logging_mixin.py:190} INFO - [2024-12-26T04:34:44.163+0200] {dag.py:3239} INFO - Sync 1 DAGs
[2024-12-26T04:34:44.188+0200] {logging_mixin.py:190} INFO - [2024-12-26T04:34:44.187+0200] {dag.py:4180} INFO - Setting next_dagrun for example_bash_decorator to None, run_after=None
[2024-12-26T04:34:44.246+0200] {processor.py:208} INFO - Processing /mnt/e/Assignments/Airflow/airflow/airflow_env/lib/python3.12/site-packages/airflow/example_dags/example_bash_decorator.py took 0.270 seconds
