[2024-12-26T02:07:34.290+0200] {processor.py:186} INFO - Started process (PID=188618) to work on /mnt/e/Assignments/Airflow/airflow/airflow_env/lib/python3.12/site-packages/airflow/example_dags/example_latest_only.py
[2024-12-26T02:07:34.293+0200] {processor.py:914} INFO - Processing file /mnt/e/Assignments/Airflow/airflow/airflow_env/lib/python3.12/site-packages/airflow/example_dags/example_latest_only.py for tasks to queue
[2024-12-26T02:07:34.298+0200] {logging_mixin.py:190} INFO - [2024-12-26T02:07:34.295+0200] {dagbag.py:588} INFO - Filling up the DagBag from /mnt/e/Assignments/Airflow/airflow/airflow_env/lib/python3.12/site-packages/airflow/example_dags/example_latest_only.py
[2024-12-26T02:07:34.356+0200] {processor.py:925} INFO - DAG(s) 'latest_only' retrieved from /mnt/e/Assignments/Airflow/airflow/airflow_env/lib/python3.12/site-packages/airflow/example_dags/example_latest_only.py
[2024-12-26T02:07:34.437+0200] {logging_mixin.py:190} INFO - [2024-12-26T02:07:34.434+0200] {dag.py:3239} INFO - Sync 1 DAGs
[2024-12-26T02:07:34.481+0200] {logging_mixin.py:190} INFO - [2024-12-26T02:07:34.479+0200] {dag.py:4180} INFO - Setting next_dagrun for latest_only to 2024-12-25 20:00:00+00:00, run_after=2024-12-26 00:00:00+00:00
[2024-12-26T02:07:34.615+0200] {processor.py:208} INFO - Processing /mnt/e/Assignments/Airflow/airflow/airflow_env/lib/python3.12/site-packages/airflow/example_dags/example_latest_only.py took 0.343 seconds
[2024-12-26T02:09:41.952+0200] {processor.py:186} INFO - Started process (PID=188701) to work on /mnt/e/Assignments/Airflow/airflow/airflow_env/lib/python3.12/site-packages/airflow/example_dags/example_latest_only.py
[2024-12-26T02:09:41.955+0200] {processor.py:914} INFO - Processing file /mnt/e/Assignments/Airflow/airflow/airflow_env/lib/python3.12/site-packages/airflow/example_dags/example_latest_only.py for tasks to queue
[2024-12-26T02:09:41.961+0200] {logging_mixin.py:190} INFO - [2024-12-26T02:09:41.959+0200] {dagbag.py:588} INFO - Filling up the DagBag from /mnt/e/Assignments/Airflow/airflow/airflow_env/lib/python3.12/site-packages/airflow/example_dags/example_latest_only.py
[2024-12-26T02:09:42.019+0200] {processor.py:925} INFO - DAG(s) 'latest_only' retrieved from /mnt/e/Assignments/Airflow/airflow/airflow_env/lib/python3.12/site-packages/airflow/example_dags/example_latest_only.py
[2024-12-26T02:09:42.067+0200] {logging_mixin.py:190} INFO - [2024-12-26T02:09:42.065+0200] {dag.py:3239} INFO - Sync 1 DAGs
[2024-12-26T02:09:42.118+0200] {logging_mixin.py:190} INFO - [2024-12-26T02:09:42.116+0200] {dag.py:4180} INFO - Setting next_dagrun for latest_only to 2024-12-25 20:00:00+00:00, run_after=2024-12-26 00:00:00+00:00
[2024-12-26T02:09:42.251+0200] {processor.py:208} INFO - Processing /mnt/e/Assignments/Airflow/airflow/airflow_env/lib/python3.12/site-packages/airflow/example_dags/example_latest_only.py took 0.322 seconds
[2024-12-26T02:11:17.164+0200] {processor.py:186} INFO - Started process (PID=188762) to work on /mnt/e/Assignments/Airflow/airflow/airflow_env/lib/python3.12/site-packages/airflow/example_dags/example_latest_only.py
[2024-12-26T02:11:17.166+0200] {processor.py:914} INFO - Processing file /mnt/e/Assignments/Airflow/airflow/airflow_env/lib/python3.12/site-packages/airflow/example_dags/example_latest_only.py for tasks to queue
[2024-12-26T02:11:17.169+0200] {logging_mixin.py:190} INFO - [2024-12-26T02:11:17.167+0200] {dagbag.py:588} INFO - Filling up the DagBag from /mnt/e/Assignments/Airflow/airflow/airflow_env/lib/python3.12/site-packages/airflow/example_dags/example_latest_only.py
[2024-12-26T02:11:17.192+0200] {processor.py:925} INFO - DAG(s) 'latest_only' retrieved from /mnt/e/Assignments/Airflow/airflow/airflow_env/lib/python3.12/site-packages/airflow/example_dags/example_latest_only.py
[2024-12-26T02:11:17.223+0200] {logging_mixin.py:190} INFO - [2024-12-26T02:11:17.222+0200] {dag.py:3239} INFO - Sync 1 DAGs
[2024-12-26T02:11:17.264+0200] {logging_mixin.py:190} INFO - [2024-12-26T02:11:17.262+0200] {dag.py:4180} INFO - Setting next_dagrun for latest_only to 2024-12-25 20:00:00+00:00, run_after=2024-12-26 00:00:00+00:00
[2024-12-26T02:11:17.365+0200] {processor.py:208} INFO - Processing /mnt/e/Assignments/Airflow/airflow/airflow_env/lib/python3.12/site-packages/airflow/example_dags/example_latest_only.py took 0.214 seconds
[2024-12-26T02:13:31.662+0200] {processor.py:186} INFO - Started process (PID=188858) to work on /mnt/e/Assignments/Airflow/airflow/airflow_env/lib/python3.12/site-packages/airflow/example_dags/example_latest_only.py
[2024-12-26T02:13:31.666+0200] {processor.py:914} INFO - Processing file /mnt/e/Assignments/Airflow/airflow/airflow_env/lib/python3.12/site-packages/airflow/example_dags/example_latest_only.py for tasks to queue
[2024-12-26T02:13:31.671+0200] {logging_mixin.py:190} INFO - [2024-12-26T02:13:31.670+0200] {dagbag.py:588} INFO - Filling up the DagBag from /mnt/e/Assignments/Airflow/airflow/airflow_env/lib/python3.12/site-packages/airflow/example_dags/example_latest_only.py
[2024-12-26T02:13:31.710+0200] {processor.py:925} INFO - DAG(s) 'latest_only' retrieved from /mnt/e/Assignments/Airflow/airflow/airflow_env/lib/python3.12/site-packages/airflow/example_dags/example_latest_only.py
[2024-12-26T02:13:31.757+0200] {logging_mixin.py:190} INFO - [2024-12-26T02:13:31.755+0200] {dag.py:3239} INFO - Sync 1 DAGs
[2024-12-26T02:13:31.814+0200] {logging_mixin.py:190} INFO - [2024-12-26T02:13:31.812+0200] {dag.py:4180} INFO - Setting next_dagrun for latest_only to 2024-12-25 20:00:00+00:00, run_after=2024-12-26 00:00:00+00:00
[2024-12-26T02:13:31.885+0200] {processor.py:208} INFO - Processing /mnt/e/Assignments/Airflow/airflow/airflow_env/lib/python3.12/site-packages/airflow/example_dags/example_latest_only.py took 0.250 seconds
[2024-12-26T02:15:39.694+0200] {processor.py:186} INFO - Started process (PID=188944) to work on /mnt/e/Assignments/Airflow/airflow/airflow_env/lib/python3.12/site-packages/airflow/example_dags/example_latest_only.py
[2024-12-26T02:15:39.698+0200] {processor.py:914} INFO - Processing file /mnt/e/Assignments/Airflow/airflow/airflow_env/lib/python3.12/site-packages/airflow/example_dags/example_latest_only.py for tasks to queue
[2024-12-26T02:15:39.704+0200] {logging_mixin.py:190} INFO - [2024-12-26T02:15:39.701+0200] {dagbag.py:588} INFO - Filling up the DagBag from /mnt/e/Assignments/Airflow/airflow/airflow_env/lib/python3.12/site-packages/airflow/example_dags/example_latest_only.py
[2024-12-26T02:15:39.748+0200] {processor.py:925} INFO - DAG(s) 'latest_only' retrieved from /mnt/e/Assignments/Airflow/airflow/airflow_env/lib/python3.12/site-packages/airflow/example_dags/example_latest_only.py
[2024-12-26T02:15:39.788+0200] {logging_mixin.py:190} INFO - [2024-12-26T02:15:39.786+0200] {dag.py:3239} INFO - Sync 1 DAGs
[2024-12-26T02:15:39.824+0200] {logging_mixin.py:190} INFO - [2024-12-26T02:15:39.822+0200] {dag.py:4180} INFO - Setting next_dagrun for latest_only to 2024-12-25 20:00:00+00:00, run_after=2024-12-26 00:00:00+00:00
[2024-12-26T02:15:39.940+0200] {processor.py:208} INFO - Processing /mnt/e/Assignments/Airflow/airflow/airflow_env/lib/python3.12/site-packages/airflow/example_dags/example_latest_only.py took 0.269 seconds
[2024-12-26T02:17:41.560+0200] {processor.py:186} INFO - Started process (PID=189038) to work on /mnt/e/Assignments/Airflow/airflow/airflow_env/lib/python3.12/site-packages/airflow/example_dags/example_latest_only.py
[2024-12-26T02:17:41.564+0200] {processor.py:914} INFO - Processing file /mnt/e/Assignments/Airflow/airflow/airflow_env/lib/python3.12/site-packages/airflow/example_dags/example_latest_only.py for tasks to queue
[2024-12-26T02:17:41.568+0200] {logging_mixin.py:190} INFO - [2024-12-26T02:17:41.566+0200] {dagbag.py:588} INFO - Filling up the DagBag from /mnt/e/Assignments/Airflow/airflow/airflow_env/lib/python3.12/site-packages/airflow/example_dags/example_latest_only.py
[2024-12-26T02:17:41.605+0200] {processor.py:925} INFO - DAG(s) 'latest_only' retrieved from /mnt/e/Assignments/Airflow/airflow/airflow_env/lib/python3.12/site-packages/airflow/example_dags/example_latest_only.py
[2024-12-26T02:17:41.632+0200] {logging_mixin.py:190} INFO - [2024-12-26T02:17:41.631+0200] {dag.py:3239} INFO - Sync 1 DAGs
[2024-12-26T02:17:41.662+0200] {logging_mixin.py:190} INFO - [2024-12-26T02:17:41.661+0200] {dag.py:4180} INFO - Setting next_dagrun for latest_only to 2024-12-25 20:00:00+00:00, run_after=2024-12-26 00:00:00+00:00
[2024-12-26T02:17:41.723+0200] {processor.py:208} INFO - Processing /mnt/e/Assignments/Airflow/airflow/airflow_env/lib/python3.12/site-packages/airflow/example_dags/example_latest_only.py took 0.187 seconds
[2024-12-26T02:19:48.182+0200] {processor.py:186} INFO - Started process (PID=189127) to work on /mnt/e/Assignments/Airflow/airflow/airflow_env/lib/python3.12/site-packages/airflow/example_dags/example_latest_only.py
[2024-12-26T02:19:48.187+0200] {processor.py:914} INFO - Processing file /mnt/e/Assignments/Airflow/airflow/airflow_env/lib/python3.12/site-packages/airflow/example_dags/example_latest_only.py for tasks to queue
[2024-12-26T02:19:48.192+0200] {logging_mixin.py:190} INFO - [2024-12-26T02:19:48.189+0200] {dagbag.py:588} INFO - Filling up the DagBag from /mnt/e/Assignments/Airflow/airflow/airflow_env/lib/python3.12/site-packages/airflow/example_dags/example_latest_only.py
[2024-12-26T02:19:48.239+0200] {processor.py:925} INFO - DAG(s) 'latest_only' retrieved from /mnt/e/Assignments/Airflow/airflow/airflow_env/lib/python3.12/site-packages/airflow/example_dags/example_latest_only.py
[2024-12-26T02:19:48.277+0200] {logging_mixin.py:190} INFO - [2024-12-26T02:19:48.276+0200] {dag.py:3239} INFO - Sync 1 DAGs
[2024-12-26T02:19:48.306+0200] {logging_mixin.py:190} INFO - [2024-12-26T02:19:48.305+0200] {dag.py:4180} INFO - Setting next_dagrun for latest_only to 2024-12-25 20:00:00+00:00, run_after=2024-12-26 00:00:00+00:00
[2024-12-26T02:19:48.396+0200] {processor.py:208} INFO - Processing /mnt/e/Assignments/Airflow/airflow/airflow_env/lib/python3.12/site-packages/airflow/example_dags/example_latest_only.py took 0.238 seconds
[2024-12-26T02:22:08.418+0200] {processor.py:186} INFO - Started process (PID=189230) to work on /mnt/e/Assignments/Airflow/airflow/airflow_env/lib/python3.12/site-packages/airflow/example_dags/example_latest_only.py
[2024-12-26T02:22:08.421+0200] {processor.py:914} INFO - Processing file /mnt/e/Assignments/Airflow/airflow/airflow_env/lib/python3.12/site-packages/airflow/example_dags/example_latest_only.py for tasks to queue
[2024-12-26T02:22:08.424+0200] {logging_mixin.py:190} INFO - [2024-12-26T02:22:08.423+0200] {dagbag.py:588} INFO - Filling up the DagBag from /mnt/e/Assignments/Airflow/airflow/airflow_env/lib/python3.12/site-packages/airflow/example_dags/example_latest_only.py
[2024-12-26T02:22:08.449+0200] {processor.py:925} INFO - DAG(s) 'latest_only' retrieved from /mnt/e/Assignments/Airflow/airflow/airflow_env/lib/python3.12/site-packages/airflow/example_dags/example_latest_only.py
[2024-12-26T02:22:08.484+0200] {logging_mixin.py:190} INFO - [2024-12-26T02:22:08.483+0200] {dag.py:3239} INFO - Sync 1 DAGs
[2024-12-26T02:22:08.522+0200] {logging_mixin.py:190} INFO - [2024-12-26T02:22:08.520+0200] {dag.py:4180} INFO - Setting next_dagrun for latest_only to 2024-12-25 20:00:00+00:00, run_after=2024-12-26 00:00:00+00:00
[2024-12-26T02:22:08.595+0200] {processor.py:208} INFO - Processing /mnt/e/Assignments/Airflow/airflow/airflow_env/lib/python3.12/site-packages/airflow/example_dags/example_latest_only.py took 0.190 seconds
[2024-12-26T02:24:13.394+0200] {processor.py:186} INFO - Started process (PID=189338) to work on /mnt/e/Assignments/Airflow/airflow/airflow_env/lib/python3.12/site-packages/airflow/example_dags/example_latest_only.py
[2024-12-26T02:24:13.399+0200] {processor.py:914} INFO - Processing file /mnt/e/Assignments/Airflow/airflow/airflow_env/lib/python3.12/site-packages/airflow/example_dags/example_latest_only.py for tasks to queue
[2024-12-26T02:24:13.407+0200] {logging_mixin.py:190} INFO - [2024-12-26T02:24:13.404+0200] {dagbag.py:588} INFO - Filling up the DagBag from /mnt/e/Assignments/Airflow/airflow/airflow_env/lib/python3.12/site-packages/airflow/example_dags/example_latest_only.py
[2024-12-26T02:24:13.484+0200] {processor.py:925} INFO - DAG(s) 'latest_only' retrieved from /mnt/e/Assignments/Airflow/airflow/airflow_env/lib/python3.12/site-packages/airflow/example_dags/example_latest_only.py
[2024-12-26T02:24:13.553+0200] {logging_mixin.py:190} INFO - [2024-12-26T02:24:13.550+0200] {dag.py:3239} INFO - Sync 1 DAGs
[2024-12-26T02:24:13.611+0200] {logging_mixin.py:190} INFO - [2024-12-26T02:24:13.608+0200] {dag.py:4180} INFO - Setting next_dagrun for latest_only to 2024-12-25 20:00:00+00:00, run_after=2024-12-26 00:00:00+00:00
[2024-12-26T02:24:13.723+0200] {processor.py:208} INFO - Processing /mnt/e/Assignments/Airflow/airflow/airflow_env/lib/python3.12/site-packages/airflow/example_dags/example_latest_only.py took 0.362 seconds
[2024-12-26T02:26:25.160+0200] {processor.py:186} INFO - Started process (PID=189479) to work on /mnt/e/Assignments/Airflow/airflow/airflow_env/lib/python3.12/site-packages/airflow/example_dags/example_latest_only.py
[2024-12-26T02:26:25.162+0200] {processor.py:914} INFO - Processing file /mnt/e/Assignments/Airflow/airflow/airflow_env/lib/python3.12/site-packages/airflow/example_dags/example_latest_only.py for tasks to queue
[2024-12-26T02:26:25.165+0200] {logging_mixin.py:190} INFO - [2024-12-26T02:26:25.164+0200] {dagbag.py:588} INFO - Filling up the DagBag from /mnt/e/Assignments/Airflow/airflow/airflow_env/lib/python3.12/site-packages/airflow/example_dags/example_latest_only.py
[2024-12-26T02:26:25.188+0200] {processor.py:925} INFO - DAG(s) 'latest_only' retrieved from /mnt/e/Assignments/Airflow/airflow/airflow_env/lib/python3.12/site-packages/airflow/example_dags/example_latest_only.py
[2024-12-26T02:26:25.214+0200] {logging_mixin.py:190} INFO - [2024-12-26T02:26:25.213+0200] {dag.py:3239} INFO - Sync 1 DAGs
[2024-12-26T02:26:25.238+0200] {logging_mixin.py:190} INFO - [2024-12-26T02:26:25.237+0200] {dag.py:4180} INFO - Setting next_dagrun for latest_only to 2024-12-25 20:00:00+00:00, run_after=2024-12-26 00:00:00+00:00
[2024-12-26T02:26:25.311+0200] {processor.py:208} INFO - Processing /mnt/e/Assignments/Airflow/airflow/airflow_env/lib/python3.12/site-packages/airflow/example_dags/example_latest_only.py took 0.165 seconds
[2024-12-26T02:28:29.839+0200] {processor.py:186} INFO - Started process (PID=189613) to work on /mnt/e/Assignments/Airflow/airflow/airflow_env/lib/python3.12/site-packages/airflow/example_dags/example_latest_only.py
[2024-12-26T02:28:29.843+0200] {processor.py:914} INFO - Processing file /mnt/e/Assignments/Airflow/airflow/airflow_env/lib/python3.12/site-packages/airflow/example_dags/example_latest_only.py for tasks to queue
[2024-12-26T02:28:29.848+0200] {logging_mixin.py:190} INFO - [2024-12-26T02:28:29.846+0200] {dagbag.py:588} INFO - Filling up the DagBag from /mnt/e/Assignments/Airflow/airflow/airflow_env/lib/python3.12/site-packages/airflow/example_dags/example_latest_only.py
[2024-12-26T02:28:29.893+0200] {processor.py:925} INFO - DAG(s) 'latest_only' retrieved from /mnt/e/Assignments/Airflow/airflow/airflow_env/lib/python3.12/site-packages/airflow/example_dags/example_latest_only.py
[2024-12-26T02:28:29.962+0200] {logging_mixin.py:190} INFO - [2024-12-26T02:28:29.957+0200] {dag.py:3239} INFO - Sync 1 DAGs
[2024-12-26T02:28:30.015+0200] {logging_mixin.py:190} INFO - [2024-12-26T02:28:30.013+0200] {dag.py:4180} INFO - Setting next_dagrun for latest_only to 2024-12-25 20:00:00+00:00, run_after=2024-12-26 00:00:00+00:00
[2024-12-26T02:28:30.257+0200] {processor.py:208} INFO - Processing /mnt/e/Assignments/Airflow/airflow/airflow_env/lib/python3.12/site-packages/airflow/example_dags/example_latest_only.py took 0.439 seconds
[2024-12-26T02:30:44.424+0200] {processor.py:186} INFO - Started process (PID=189722) to work on /mnt/e/Assignments/Airflow/airflow/airflow_env/lib/python3.12/site-packages/airflow/example_dags/example_latest_only.py
[2024-12-26T02:30:44.427+0200] {processor.py:914} INFO - Processing file /mnt/e/Assignments/Airflow/airflow/airflow_env/lib/python3.12/site-packages/airflow/example_dags/example_latest_only.py for tasks to queue
[2024-12-26T02:30:44.431+0200] {logging_mixin.py:190} INFO - [2024-12-26T02:30:44.430+0200] {dagbag.py:588} INFO - Filling up the DagBag from /mnt/e/Assignments/Airflow/airflow/airflow_env/lib/python3.12/site-packages/airflow/example_dags/example_latest_only.py
[2024-12-26T02:30:44.458+0200] {processor.py:925} INFO - DAG(s) 'latest_only' retrieved from /mnt/e/Assignments/Airflow/airflow/airflow_env/lib/python3.12/site-packages/airflow/example_dags/example_latest_only.py
[2024-12-26T02:30:44.486+0200] {logging_mixin.py:190} INFO - [2024-12-26T02:30:44.485+0200] {dag.py:3239} INFO - Sync 1 DAGs
[2024-12-26T02:30:44.516+0200] {logging_mixin.py:190} INFO - [2024-12-26T02:30:44.514+0200] {dag.py:4180} INFO - Setting next_dagrun for latest_only to 2024-12-25 20:00:00+00:00, run_after=2024-12-26 00:00:00+00:00
[2024-12-26T02:30:44.613+0200] {processor.py:208} INFO - Processing /mnt/e/Assignments/Airflow/airflow/airflow_env/lib/python3.12/site-packages/airflow/example_dags/example_latest_only.py took 0.204 seconds
[2024-12-26T02:33:00.786+0200] {processor.py:186} INFO - Started process (PID=189831) to work on /mnt/e/Assignments/Airflow/airflow/airflow_env/lib/python3.12/site-packages/airflow/example_dags/example_latest_only.py
[2024-12-26T02:33:00.789+0200] {processor.py:914} INFO - Processing file /mnt/e/Assignments/Airflow/airflow/airflow_env/lib/python3.12/site-packages/airflow/example_dags/example_latest_only.py for tasks to queue
[2024-12-26T02:33:00.792+0200] {logging_mixin.py:190} INFO - [2024-12-26T02:33:00.791+0200] {dagbag.py:588} INFO - Filling up the DagBag from /mnt/e/Assignments/Airflow/airflow/airflow_env/lib/python3.12/site-packages/airflow/example_dags/example_latest_only.py
[2024-12-26T02:33:00.822+0200] {processor.py:925} INFO - DAG(s) 'latest_only' retrieved from /mnt/e/Assignments/Airflow/airflow/airflow_env/lib/python3.12/site-packages/airflow/example_dags/example_latest_only.py
[2024-12-26T02:33:00.862+0200] {logging_mixin.py:190} INFO - [2024-12-26T02:33:00.860+0200] {dag.py:3239} INFO - Sync 1 DAGs
[2024-12-26T02:33:00.902+0200] {logging_mixin.py:190} INFO - [2024-12-26T02:33:00.900+0200] {dag.py:4180} INFO - Setting next_dagrun for latest_only to 2024-12-25 20:00:00+00:00, run_after=2024-12-26 00:00:00+00:00
[2024-12-26T02:33:00.988+0200] {processor.py:208} INFO - Processing /mnt/e/Assignments/Airflow/airflow/airflow_env/lib/python3.12/site-packages/airflow/example_dags/example_latest_only.py took 0.221 seconds
[2024-12-26T02:35:25.458+0200] {processor.py:186} INFO - Started process (PID=189937) to work on /mnt/e/Assignments/Airflow/airflow/airflow_env/lib/python3.12/site-packages/airflow/example_dags/example_latest_only.py
[2024-12-26T02:35:25.461+0200] {processor.py:914} INFO - Processing file /mnt/e/Assignments/Airflow/airflow/airflow_env/lib/python3.12/site-packages/airflow/example_dags/example_latest_only.py for tasks to queue
[2024-12-26T02:35:25.464+0200] {logging_mixin.py:190} INFO - [2024-12-26T02:35:25.462+0200] {dagbag.py:588} INFO - Filling up the DagBag from /mnt/e/Assignments/Airflow/airflow/airflow_env/lib/python3.12/site-packages/airflow/example_dags/example_latest_only.py
[2024-12-26T02:35:25.498+0200] {processor.py:925} INFO - DAG(s) 'latest_only' retrieved from /mnt/e/Assignments/Airflow/airflow/airflow_env/lib/python3.12/site-packages/airflow/example_dags/example_latest_only.py
[2024-12-26T02:35:25.540+0200] {logging_mixin.py:190} INFO - [2024-12-26T02:35:25.538+0200] {dag.py:3239} INFO - Sync 1 DAGs
[2024-12-26T02:35:25.587+0200] {logging_mixin.py:190} INFO - [2024-12-26T02:35:25.584+0200] {dag.py:4180} INFO - Setting next_dagrun for latest_only to 2024-12-25 20:00:00+00:00, run_after=2024-12-26 00:00:00+00:00
[2024-12-26T02:35:25.707+0200] {processor.py:208} INFO - Processing /mnt/e/Assignments/Airflow/airflow/airflow_env/lib/python3.12/site-packages/airflow/example_dags/example_latest_only.py took 0.267 seconds
[2024-12-26T02:37:39.907+0200] {processor.py:186} INFO - Started process (PID=190026) to work on /mnt/e/Assignments/Airflow/airflow/airflow_env/lib/python3.12/site-packages/airflow/example_dags/example_latest_only.py
[2024-12-26T02:37:39.910+0200] {processor.py:914} INFO - Processing file /mnt/e/Assignments/Airflow/airflow/airflow_env/lib/python3.12/site-packages/airflow/example_dags/example_latest_only.py for tasks to queue
[2024-12-26T02:37:39.914+0200] {logging_mixin.py:190} INFO - [2024-12-26T02:37:39.912+0200] {dagbag.py:588} INFO - Filling up the DagBag from /mnt/e/Assignments/Airflow/airflow/airflow_env/lib/python3.12/site-packages/airflow/example_dags/example_latest_only.py
[2024-12-26T02:37:39.950+0200] {processor.py:925} INFO - DAG(s) 'latest_only' retrieved from /mnt/e/Assignments/Airflow/airflow/airflow_env/lib/python3.12/site-packages/airflow/example_dags/example_latest_only.py
[2024-12-26T02:37:39.988+0200] {logging_mixin.py:190} INFO - [2024-12-26T02:37:39.986+0200] {dag.py:3239} INFO - Sync 1 DAGs
[2024-12-26T02:37:40.024+0200] {logging_mixin.py:190} INFO - [2024-12-26T02:37:40.022+0200] {dag.py:4180} INFO - Setting next_dagrun for latest_only to 2024-12-25 20:00:00+00:00, run_after=2024-12-26 00:00:00+00:00
[2024-12-26T02:37:40.093+0200] {processor.py:208} INFO - Processing /mnt/e/Assignments/Airflow/airflow/airflow_env/lib/python3.12/site-packages/airflow/example_dags/example_latest_only.py took 0.206 seconds
[2024-12-26T02:41:27.107+0200] {processor.py:186} INFO - Started process (PID=190149) to work on /mnt/e/Assignments/Airflow/airflow/airflow_env/lib/python3.12/site-packages/airflow/example_dags/example_latest_only.py
[2024-12-26T02:41:27.111+0200] {processor.py:914} INFO - Processing file /mnt/e/Assignments/Airflow/airflow/airflow_env/lib/python3.12/site-packages/airflow/example_dags/example_latest_only.py for tasks to queue
[2024-12-26T02:41:27.118+0200] {logging_mixin.py:190} INFO - [2024-12-26T02:41:27.114+0200] {dagbag.py:588} INFO - Filling up the DagBag from /mnt/e/Assignments/Airflow/airflow/airflow_env/lib/python3.12/site-packages/airflow/example_dags/example_latest_only.py
[2024-12-26T02:41:27.166+0200] {processor.py:925} INFO - DAG(s) 'latest_only' retrieved from /mnt/e/Assignments/Airflow/airflow/airflow_env/lib/python3.12/site-packages/airflow/example_dags/example_latest_only.py
[2024-12-26T02:41:27.215+0200] {logging_mixin.py:190} INFO - [2024-12-26T02:41:27.213+0200] {dag.py:3239} INFO - Sync 1 DAGs
[2024-12-26T02:41:27.260+0200] {logging_mixin.py:190} INFO - [2024-12-26T02:41:27.259+0200] {dag.py:4180} INFO - Setting next_dagrun for latest_only to 2024-12-25 20:00:00+00:00, run_after=2024-12-26 00:00:00+00:00
[2024-12-26T02:41:27.366+0200] {processor.py:208} INFO - Processing /mnt/e/Assignments/Airflow/airflow/airflow_env/lib/python3.12/site-packages/airflow/example_dags/example_latest_only.py took 0.287 seconds
[2024-12-26T02:43:35.606+0200] {processor.py:186} INFO - Started process (PID=190230) to work on /mnt/e/Assignments/Airflow/airflow/airflow_env/lib/python3.12/site-packages/airflow/example_dags/example_latest_only.py
[2024-12-26T02:43:35.608+0200] {processor.py:914} INFO - Processing file /mnt/e/Assignments/Airflow/airflow/airflow_env/lib/python3.12/site-packages/airflow/example_dags/example_latest_only.py for tasks to queue
[2024-12-26T02:43:35.612+0200] {logging_mixin.py:190} INFO - [2024-12-26T02:43:35.610+0200] {dagbag.py:588} INFO - Filling up the DagBag from /mnt/e/Assignments/Airflow/airflow/airflow_env/lib/python3.12/site-packages/airflow/example_dags/example_latest_only.py
[2024-12-26T02:43:35.642+0200] {processor.py:925} INFO - DAG(s) 'latest_only' retrieved from /mnt/e/Assignments/Airflow/airflow/airflow_env/lib/python3.12/site-packages/airflow/example_dags/example_latest_only.py
[2024-12-26T02:43:35.676+0200] {logging_mixin.py:190} INFO - [2024-12-26T02:43:35.675+0200] {dag.py:3239} INFO - Sync 1 DAGs
[2024-12-26T02:43:35.710+0200] {logging_mixin.py:190} INFO - [2024-12-26T02:43:35.709+0200] {dag.py:4180} INFO - Setting next_dagrun for latest_only to 2024-12-25 20:00:00+00:00, run_after=2024-12-26 00:00:00+00:00
[2024-12-26T02:43:35.805+0200] {processor.py:208} INFO - Processing /mnt/e/Assignments/Airflow/airflow/airflow_env/lib/python3.12/site-packages/airflow/example_dags/example_latest_only.py took 0.214 seconds
[2024-12-26T02:45:35.871+0200] {processor.py:186} INFO - Started process (PID=190311) to work on /mnt/e/Assignments/Airflow/airflow/airflow_env/lib/python3.12/site-packages/airflow/example_dags/example_latest_only.py
[2024-12-26T02:45:35.874+0200] {processor.py:914} INFO - Processing file /mnt/e/Assignments/Airflow/airflow/airflow_env/lib/python3.12/site-packages/airflow/example_dags/example_latest_only.py for tasks to queue
[2024-12-26T02:45:35.879+0200] {logging_mixin.py:190} INFO - [2024-12-26T02:45:35.877+0200] {dagbag.py:588} INFO - Filling up the DagBag from /mnt/e/Assignments/Airflow/airflow/airflow_env/lib/python3.12/site-packages/airflow/example_dags/example_latest_only.py
[2024-12-26T02:45:35.909+0200] {processor.py:925} INFO - DAG(s) 'latest_only' retrieved from /mnt/e/Assignments/Airflow/airflow/airflow_env/lib/python3.12/site-packages/airflow/example_dags/example_latest_only.py
[2024-12-26T02:45:35.935+0200] {logging_mixin.py:190} INFO - [2024-12-26T02:45:35.934+0200] {dag.py:3239} INFO - Sync 1 DAGs
[2024-12-26T02:45:35.960+0200] {logging_mixin.py:190} INFO - [2024-12-26T02:45:35.959+0200] {dag.py:4180} INFO - Setting next_dagrun for latest_only to 2024-12-25 20:00:00+00:00, run_after=2024-12-26 00:00:00+00:00
[2024-12-26T02:45:36.056+0200] {processor.py:208} INFO - Processing /mnt/e/Assignments/Airflow/airflow/airflow_env/lib/python3.12/site-packages/airflow/example_dags/example_latest_only.py took 0.207 seconds
[2024-12-26T02:47:43.469+0200] {processor.py:186} INFO - Started process (PID=190416) to work on /mnt/e/Assignments/Airflow/airflow/airflow_env/lib/python3.12/site-packages/airflow/example_dags/example_latest_only.py
[2024-12-26T02:47:43.472+0200] {processor.py:914} INFO - Processing file /mnt/e/Assignments/Airflow/airflow/airflow_env/lib/python3.12/site-packages/airflow/example_dags/example_latest_only.py for tasks to queue
[2024-12-26T02:47:43.475+0200] {logging_mixin.py:190} INFO - [2024-12-26T02:47:43.474+0200] {dagbag.py:588} INFO - Filling up the DagBag from /mnt/e/Assignments/Airflow/airflow/airflow_env/lib/python3.12/site-packages/airflow/example_dags/example_latest_only.py
[2024-12-26T02:47:43.509+0200] {processor.py:925} INFO - DAG(s) 'latest_only' retrieved from /mnt/e/Assignments/Airflow/airflow/airflow_env/lib/python3.12/site-packages/airflow/example_dags/example_latest_only.py
[2024-12-26T02:47:43.539+0200] {logging_mixin.py:190} INFO - [2024-12-26T02:47:43.538+0200] {dag.py:3239} INFO - Sync 1 DAGs
[2024-12-26T02:47:43.576+0200] {logging_mixin.py:190} INFO - [2024-12-26T02:47:43.574+0200] {dag.py:4180} INFO - Setting next_dagrun for latest_only to 2024-12-25 20:00:00+00:00, run_after=2024-12-26 00:00:00+00:00
[2024-12-26T02:47:43.649+0200] {processor.py:208} INFO - Processing /mnt/e/Assignments/Airflow/airflow/airflow_env/lib/python3.12/site-packages/airflow/example_dags/example_latest_only.py took 0.197 seconds
[2024-12-26T02:49:54.128+0200] {processor.py:186} INFO - Started process (PID=190525) to work on /mnt/e/Assignments/Airflow/airflow/airflow_env/lib/python3.12/site-packages/airflow/example_dags/example_latest_only.py
[2024-12-26T02:49:54.131+0200] {processor.py:914} INFO - Processing file /mnt/e/Assignments/Airflow/airflow/airflow_env/lib/python3.12/site-packages/airflow/example_dags/example_latest_only.py for tasks to queue
[2024-12-26T02:49:54.136+0200] {logging_mixin.py:190} INFO - [2024-12-26T02:49:54.133+0200] {dagbag.py:588} INFO - Filling up the DagBag from /mnt/e/Assignments/Airflow/airflow/airflow_env/lib/python3.12/site-packages/airflow/example_dags/example_latest_only.py
[2024-12-26T02:49:54.178+0200] {processor.py:925} INFO - DAG(s) 'latest_only' retrieved from /mnt/e/Assignments/Airflow/airflow/airflow_env/lib/python3.12/site-packages/airflow/example_dags/example_latest_only.py
[2024-12-26T02:49:54.263+0200] {logging_mixin.py:190} INFO - [2024-12-26T02:49:54.261+0200] {dag.py:3239} INFO - Sync 1 DAGs
[2024-12-26T02:49:54.315+0200] {logging_mixin.py:190} INFO - [2024-12-26T02:49:54.313+0200] {dag.py:4180} INFO - Setting next_dagrun for latest_only to 2024-12-25 20:00:00+00:00, run_after=2024-12-26 00:00:00+00:00
[2024-12-26T02:49:54.437+0200] {processor.py:208} INFO - Processing /mnt/e/Assignments/Airflow/airflow/airflow_env/lib/python3.12/site-packages/airflow/example_dags/example_latest_only.py took 0.328 seconds
[2024-12-26T02:52:00.763+0200] {processor.py:186} INFO - Started process (PID=190613) to work on /mnt/e/Assignments/Airflow/airflow/airflow_env/lib/python3.12/site-packages/airflow/example_dags/example_latest_only.py
[2024-12-26T02:52:00.767+0200] {processor.py:914} INFO - Processing file /mnt/e/Assignments/Airflow/airflow/airflow_env/lib/python3.12/site-packages/airflow/example_dags/example_latest_only.py for tasks to queue
[2024-12-26T02:52:00.771+0200] {logging_mixin.py:190} INFO - [2024-12-26T02:52:00.769+0200] {dagbag.py:588} INFO - Filling up the DagBag from /mnt/e/Assignments/Airflow/airflow/airflow_env/lib/python3.12/site-packages/airflow/example_dags/example_latest_only.py
[2024-12-26T02:52:00.826+0200] {processor.py:925} INFO - DAG(s) 'latest_only' retrieved from /mnt/e/Assignments/Airflow/airflow/airflow_env/lib/python3.12/site-packages/airflow/example_dags/example_latest_only.py
[2024-12-26T02:52:00.887+0200] {logging_mixin.py:190} INFO - [2024-12-26T02:52:00.885+0200] {dag.py:3239} INFO - Sync 1 DAGs
[2024-12-26T02:52:00.937+0200] {logging_mixin.py:190} INFO - [2024-12-26T02:52:00.936+0200] {dag.py:4180} INFO - Setting next_dagrun for latest_only to 2024-12-25 20:00:00+00:00, run_after=2024-12-26 00:00:00+00:00
[2024-12-26T02:52:01.055+0200] {processor.py:208} INFO - Processing /mnt/e/Assignments/Airflow/airflow/airflow_env/lib/python3.12/site-packages/airflow/example_dags/example_latest_only.py took 0.322 seconds
[2024-12-26T02:54:17.627+0200] {processor.py:186} INFO - Started process (PID=190712) to work on /mnt/e/Assignments/Airflow/airflow/airflow_env/lib/python3.12/site-packages/airflow/example_dags/example_latest_only.py
[2024-12-26T02:54:17.629+0200] {processor.py:914} INFO - Processing file /mnt/e/Assignments/Airflow/airflow/airflow_env/lib/python3.12/site-packages/airflow/example_dags/example_latest_only.py for tasks to queue
[2024-12-26T02:54:17.632+0200] {logging_mixin.py:190} INFO - [2024-12-26T02:54:17.631+0200] {dagbag.py:588} INFO - Filling up the DagBag from /mnt/e/Assignments/Airflow/airflow/airflow_env/lib/python3.12/site-packages/airflow/example_dags/example_latest_only.py
[2024-12-26T02:54:17.657+0200] {processor.py:925} INFO - DAG(s) 'latest_only' retrieved from /mnt/e/Assignments/Airflow/airflow/airflow_env/lib/python3.12/site-packages/airflow/example_dags/example_latest_only.py
[2024-12-26T02:54:17.699+0200] {logging_mixin.py:190} INFO - [2024-12-26T02:54:17.696+0200] {dag.py:3239} INFO - Sync 1 DAGs
[2024-12-26T02:54:17.736+0200] {logging_mixin.py:190} INFO - [2024-12-26T02:54:17.735+0200] {dag.py:4180} INFO - Setting next_dagrun for latest_only to 2024-12-25 20:00:00+00:00, run_after=2024-12-26 00:00:00+00:00
[2024-12-26T02:54:17.787+0200] {processor.py:208} INFO - Processing /mnt/e/Assignments/Airflow/airflow/airflow_env/lib/python3.12/site-packages/airflow/example_dags/example_latest_only.py took 0.173 seconds
[2024-12-26T02:56:29.128+0200] {processor.py:186} INFO - Started process (PID=190806) to work on /mnt/e/Assignments/Airflow/airflow/airflow_env/lib/python3.12/site-packages/airflow/example_dags/example_latest_only.py
[2024-12-26T02:56:29.131+0200] {processor.py:914} INFO - Processing file /mnt/e/Assignments/Airflow/airflow/airflow_env/lib/python3.12/site-packages/airflow/example_dags/example_latest_only.py for tasks to queue
[2024-12-26T02:56:29.136+0200] {logging_mixin.py:190} INFO - [2024-12-26T02:56:29.134+0200] {dagbag.py:588} INFO - Filling up the DagBag from /mnt/e/Assignments/Airflow/airflow/airflow_env/lib/python3.12/site-packages/airflow/example_dags/example_latest_only.py
[2024-12-26T02:56:29.166+0200] {processor.py:925} INFO - DAG(s) 'latest_only' retrieved from /mnt/e/Assignments/Airflow/airflow/airflow_env/lib/python3.12/site-packages/airflow/example_dags/example_latest_only.py
[2024-12-26T02:56:29.205+0200] {logging_mixin.py:190} INFO - [2024-12-26T02:56:29.203+0200] {dag.py:3239} INFO - Sync 1 DAGs
[2024-12-26T02:56:29.236+0200] {logging_mixin.py:190} INFO - [2024-12-26T02:56:29.235+0200] {dag.py:4180} INFO - Setting next_dagrun for latest_only to 2024-12-25 20:00:00+00:00, run_after=2024-12-26 00:00:00+00:00
[2024-12-26T02:56:29.336+0200] {processor.py:208} INFO - Processing /mnt/e/Assignments/Airflow/airflow/airflow_env/lib/python3.12/site-packages/airflow/example_dags/example_latest_only.py took 0.230 seconds
[2024-12-26T02:58:41.073+0200] {processor.py:186} INFO - Started process (PID=190890) to work on /mnt/e/Assignments/Airflow/airflow/airflow_env/lib/python3.12/site-packages/airflow/example_dags/example_latest_only.py
[2024-12-26T02:58:41.077+0200] {processor.py:914} INFO - Processing file /mnt/e/Assignments/Airflow/airflow/airflow_env/lib/python3.12/site-packages/airflow/example_dags/example_latest_only.py for tasks to queue
[2024-12-26T02:58:41.081+0200] {logging_mixin.py:190} INFO - [2024-12-26T02:58:41.080+0200] {dagbag.py:588} INFO - Filling up the DagBag from /mnt/e/Assignments/Airflow/airflow/airflow_env/lib/python3.12/site-packages/airflow/example_dags/example_latest_only.py
[2024-12-26T02:58:41.116+0200] {processor.py:925} INFO - DAG(s) 'latest_only' retrieved from /mnt/e/Assignments/Airflow/airflow/airflow_env/lib/python3.12/site-packages/airflow/example_dags/example_latest_only.py
[2024-12-26T02:58:41.146+0200] {logging_mixin.py:190} INFO - [2024-12-26T02:58:41.144+0200] {dag.py:3239} INFO - Sync 1 DAGs
[2024-12-26T02:58:41.176+0200] {logging_mixin.py:190} INFO - [2024-12-26T02:58:41.175+0200] {dag.py:4180} INFO - Setting next_dagrun for latest_only to 2024-12-25 20:00:00+00:00, run_after=2024-12-26 00:00:00+00:00
[2024-12-26T02:58:41.284+0200] {processor.py:208} INFO - Processing /mnt/e/Assignments/Airflow/airflow/airflow_env/lib/python3.12/site-packages/airflow/example_dags/example_latest_only.py took 0.230 seconds
[2024-12-26T03:01:49.765+0200] {processor.py:186} INFO - Started process (PID=191001) to work on /mnt/e/Assignments/Airflow/airflow/airflow_env/lib/python3.12/site-packages/airflow/example_dags/example_latest_only.py
[2024-12-26T03:01:49.768+0200] {processor.py:914} INFO - Processing file /mnt/e/Assignments/Airflow/airflow/airflow_env/lib/python3.12/site-packages/airflow/example_dags/example_latest_only.py for tasks to queue
[2024-12-26T03:01:49.772+0200] {logging_mixin.py:190} INFO - [2024-12-26T03:01:49.770+0200] {dagbag.py:588} INFO - Filling up the DagBag from /mnt/e/Assignments/Airflow/airflow/airflow_env/lib/python3.12/site-packages/airflow/example_dags/example_latest_only.py
[2024-12-26T03:01:49.844+0200] {processor.py:925} INFO - DAG(s) 'latest_only' retrieved from /mnt/e/Assignments/Airflow/airflow/airflow_env/lib/python3.12/site-packages/airflow/example_dags/example_latest_only.py
[2024-12-26T03:01:49.880+0200] {logging_mixin.py:190} INFO - [2024-12-26T03:01:49.879+0200] {dag.py:3239} INFO - Sync 1 DAGs
[2024-12-26T03:01:49.905+0200] {logging_mixin.py:190} INFO - [2024-12-26T03:01:49.904+0200] {dag.py:4180} INFO - Setting next_dagrun for latest_only to 2024-12-25 20:00:00+00:00, run_after=2024-12-26 00:00:00+00:00
[2024-12-26T03:01:49.980+0200] {processor.py:208} INFO - Processing /mnt/e/Assignments/Airflow/airflow/airflow_env/lib/python3.12/site-packages/airflow/example_dags/example_latest_only.py took 0.229 seconds
[2024-12-26T03:03:29.400+0200] {processor.py:186} INFO - Started process (PID=191071) to work on /mnt/e/Assignments/Airflow/airflow/airflow_env/lib/python3.12/site-packages/airflow/example_dags/example_latest_only.py
[2024-12-26T03:03:29.404+0200] {processor.py:914} INFO - Processing file /mnt/e/Assignments/Airflow/airflow/airflow_env/lib/python3.12/site-packages/airflow/example_dags/example_latest_only.py for tasks to queue
[2024-12-26T03:03:29.410+0200] {logging_mixin.py:190} INFO - [2024-12-26T03:03:29.408+0200] {dagbag.py:588} INFO - Filling up the DagBag from /mnt/e/Assignments/Airflow/airflow/airflow_env/lib/python3.12/site-packages/airflow/example_dags/example_latest_only.py
[2024-12-26T03:03:29.547+0200] {processor.py:925} INFO - DAG(s) 'latest_only' retrieved from /mnt/e/Assignments/Airflow/airflow/airflow_env/lib/python3.12/site-packages/airflow/example_dags/example_latest_only.py
[2024-12-26T03:03:29.598+0200] {logging_mixin.py:190} INFO - [2024-12-26T03:03:29.596+0200] {dag.py:3239} INFO - Sync 1 DAGs
[2024-12-26T03:03:29.659+0200] {logging_mixin.py:190} INFO - [2024-12-26T03:03:29.657+0200] {dag.py:4180} INFO - Setting next_dagrun for latest_only to 2024-12-25 20:00:00+00:00, run_after=2024-12-26 00:00:00+00:00
[2024-12-26T03:03:29.837+0200] {processor.py:208} INFO - Processing /mnt/e/Assignments/Airflow/airflow/airflow_env/lib/python3.12/site-packages/airflow/example_dags/example_latest_only.py took 0.458 seconds
[2024-12-26T03:05:47.137+0200] {processor.py:186} INFO - Started process (PID=191161) to work on /mnt/e/Assignments/Airflow/airflow/airflow_env/lib/python3.12/site-packages/airflow/example_dags/example_latest_only.py
[2024-12-26T03:05:47.140+0200] {processor.py:914} INFO - Processing file /mnt/e/Assignments/Airflow/airflow/airflow_env/lib/python3.12/site-packages/airflow/example_dags/example_latest_only.py for tasks to queue
[2024-12-26T03:05:47.146+0200] {logging_mixin.py:190} INFO - [2024-12-26T03:05:47.144+0200] {dagbag.py:588} INFO - Filling up the DagBag from /mnt/e/Assignments/Airflow/airflow/airflow_env/lib/python3.12/site-packages/airflow/example_dags/example_latest_only.py
[2024-12-26T03:05:47.292+0200] {processor.py:925} INFO - DAG(s) 'latest_only' retrieved from /mnt/e/Assignments/Airflow/airflow/airflow_env/lib/python3.12/site-packages/airflow/example_dags/example_latest_only.py
[2024-12-26T03:05:47.337+0200] {logging_mixin.py:190} INFO - [2024-12-26T03:05:47.335+0200] {dag.py:3239} INFO - Sync 1 DAGs
[2024-12-26T03:05:47.382+0200] {logging_mixin.py:190} INFO - [2024-12-26T03:05:47.379+0200] {dag.py:4180} INFO - Setting next_dagrun for latest_only to 2024-12-25 20:00:00+00:00, run_after=2024-12-26 00:00:00+00:00
[2024-12-26T03:05:47.497+0200] {processor.py:208} INFO - Processing /mnt/e/Assignments/Airflow/airflow/airflow_env/lib/python3.12/site-packages/airflow/example_dags/example_latest_only.py took 0.383 seconds
[2024-12-26T03:08:55.414+0200] {processor.py:186} INFO - Started process (PID=191263) to work on /mnt/e/Assignments/Airflow/airflow/airflow_env/lib/python3.12/site-packages/airflow/example_dags/example_latest_only.py
[2024-12-26T03:08:55.418+0200] {processor.py:914} INFO - Processing file /mnt/e/Assignments/Airflow/airflow/airflow_env/lib/python3.12/site-packages/airflow/example_dags/example_latest_only.py for tasks to queue
[2024-12-26T03:08:55.424+0200] {logging_mixin.py:190} INFO - [2024-12-26T03:08:55.422+0200] {dagbag.py:588} INFO - Filling up the DagBag from /mnt/e/Assignments/Airflow/airflow/airflow_env/lib/python3.12/site-packages/airflow/example_dags/example_latest_only.py
[2024-12-26T03:08:55.581+0200] {processor.py:925} INFO - DAG(s) 'latest_only' retrieved from /mnt/e/Assignments/Airflow/airflow/airflow_env/lib/python3.12/site-packages/airflow/example_dags/example_latest_only.py
[2024-12-26T03:08:55.627+0200] {logging_mixin.py:190} INFO - [2024-12-26T03:08:55.624+0200] {dag.py:3239} INFO - Sync 1 DAGs
[2024-12-26T03:08:55.663+0200] {logging_mixin.py:190} INFO - [2024-12-26T03:08:55.661+0200] {dag.py:4180} INFO - Setting next_dagrun for latest_only to 2024-12-25 20:00:00+00:00, run_after=2024-12-26 00:00:00+00:00
[2024-12-26T03:08:55.771+0200] {processor.py:208} INFO - Processing /mnt/e/Assignments/Airflow/airflow/airflow_env/lib/python3.12/site-packages/airflow/example_dags/example_latest_only.py took 0.378 seconds
[2024-12-26T03:11:06.451+0200] {processor.py:186} INFO - Started process (PID=191344) to work on /mnt/e/Assignments/Airflow/airflow/airflow_env/lib/python3.12/site-packages/airflow/example_dags/example_latest_only.py
[2024-12-26T03:11:06.453+0200] {processor.py:914} INFO - Processing file /mnt/e/Assignments/Airflow/airflow/airflow_env/lib/python3.12/site-packages/airflow/example_dags/example_latest_only.py for tasks to queue
[2024-12-26T03:11:06.457+0200] {logging_mixin.py:190} INFO - [2024-12-26T03:11:06.455+0200] {dagbag.py:588} INFO - Filling up the DagBag from /mnt/e/Assignments/Airflow/airflow/airflow_env/lib/python3.12/site-packages/airflow/example_dags/example_latest_only.py
[2024-12-26T03:11:06.613+0200] {processor.py:925} INFO - DAG(s) 'latest_only' retrieved from /mnt/e/Assignments/Airflow/airflow/airflow_env/lib/python3.12/site-packages/airflow/example_dags/example_latest_only.py
[2024-12-26T03:11:06.636+0200] {logging_mixin.py:190} INFO - [2024-12-26T03:11:06.635+0200] {dag.py:3239} INFO - Sync 1 DAGs
[2024-12-26T03:11:06.667+0200] {logging_mixin.py:190} INFO - [2024-12-26T03:11:06.665+0200] {dag.py:4180} INFO - Setting next_dagrun for latest_only to 2024-12-25 20:00:00+00:00, run_after=2024-12-26 00:00:00+00:00
[2024-12-26T03:11:06.737+0200] {processor.py:208} INFO - Processing /mnt/e/Assignments/Airflow/airflow/airflow_env/lib/python3.12/site-packages/airflow/example_dags/example_latest_only.py took 0.296 seconds
[2024-12-26T03:13:16.078+0200] {processor.py:186} INFO - Started process (PID=191428) to work on /mnt/e/Assignments/Airflow/airflow/airflow_env/lib/python3.12/site-packages/airflow/example_dags/example_latest_only.py
[2024-12-26T03:13:16.081+0200] {processor.py:914} INFO - Processing file /mnt/e/Assignments/Airflow/airflow/airflow_env/lib/python3.12/site-packages/airflow/example_dags/example_latest_only.py for tasks to queue
[2024-12-26T03:13:16.086+0200] {logging_mixin.py:190} INFO - [2024-12-26T03:13:16.085+0200] {dagbag.py:588} INFO - Filling up the DagBag from /mnt/e/Assignments/Airflow/airflow/airflow_env/lib/python3.12/site-packages/airflow/example_dags/example_latest_only.py
[2024-12-26T03:13:16.216+0200] {processor.py:925} INFO - DAG(s) 'latest_only' retrieved from /mnt/e/Assignments/Airflow/airflow/airflow_env/lib/python3.12/site-packages/airflow/example_dags/example_latest_only.py
[2024-12-26T03:13:16.252+0200] {logging_mixin.py:190} INFO - [2024-12-26T03:13:16.251+0200] {dag.py:3239} INFO - Sync 1 DAGs
[2024-12-26T03:13:16.292+0200] {logging_mixin.py:190} INFO - [2024-12-26T03:13:16.291+0200] {dag.py:4180} INFO - Setting next_dagrun for latest_only to 2024-12-25 20:00:00+00:00, run_after=2024-12-26 00:00:00+00:00
[2024-12-26T03:13:16.413+0200] {processor.py:208} INFO - Processing /mnt/e/Assignments/Airflow/airflow/airflow_env/lib/python3.12/site-packages/airflow/example_dags/example_latest_only.py took 0.351 seconds
[2024-12-26T03:15:17.600+0200] {processor.py:186} INFO - Started process (PID=191506) to work on /mnt/e/Assignments/Airflow/airflow/airflow_env/lib/python3.12/site-packages/airflow/example_dags/example_latest_only.py
[2024-12-26T03:15:17.603+0200] {processor.py:914} INFO - Processing file /mnt/e/Assignments/Airflow/airflow/airflow_env/lib/python3.12/site-packages/airflow/example_dags/example_latest_only.py for tasks to queue
[2024-12-26T03:15:17.608+0200] {logging_mixin.py:190} INFO - [2024-12-26T03:15:17.606+0200] {dagbag.py:588} INFO - Filling up the DagBag from /mnt/e/Assignments/Airflow/airflow/airflow_env/lib/python3.12/site-packages/airflow/example_dags/example_latest_only.py
[2024-12-26T03:15:17.719+0200] {processor.py:925} INFO - DAG(s) 'latest_only' retrieved from /mnt/e/Assignments/Airflow/airflow/airflow_env/lib/python3.12/site-packages/airflow/example_dags/example_latest_only.py
[2024-12-26T03:15:17.766+0200] {logging_mixin.py:190} INFO - [2024-12-26T03:15:17.763+0200] {dag.py:3239} INFO - Sync 1 DAGs
[2024-12-26T03:15:17.810+0200] {logging_mixin.py:190} INFO - [2024-12-26T03:15:17.808+0200] {dag.py:4180} INFO - Setting next_dagrun for latest_only to 2024-12-25 20:00:00+00:00, run_after=2024-12-26 00:00:00+00:00
[2024-12-26T03:15:17.869+0200] {processor.py:208} INFO - Processing /mnt/e/Assignments/Airflow/airflow/airflow_env/lib/python3.12/site-packages/airflow/example_dags/example_latest_only.py took 0.285 seconds
[2024-12-26T03:17:42.495+0200] {processor.py:186} INFO - Started process (PID=191593) to work on /mnt/e/Assignments/Airflow/airflow/airflow_env/lib/python3.12/site-packages/airflow/example_dags/example_latest_only.py
[2024-12-26T03:17:42.499+0200] {processor.py:914} INFO - Processing file /mnt/e/Assignments/Airflow/airflow/airflow_env/lib/python3.12/site-packages/airflow/example_dags/example_latest_only.py for tasks to queue
[2024-12-26T03:17:42.507+0200] {logging_mixin.py:190} INFO - [2024-12-26T03:17:42.503+0200] {dagbag.py:588} INFO - Filling up the DagBag from /mnt/e/Assignments/Airflow/airflow/airflow_env/lib/python3.12/site-packages/airflow/example_dags/example_latest_only.py
[2024-12-26T03:17:42.712+0200] {processor.py:925} INFO - DAG(s) 'latest_only' retrieved from /mnt/e/Assignments/Airflow/airflow/airflow_env/lib/python3.12/site-packages/airflow/example_dags/example_latest_only.py
[2024-12-26T03:17:42.755+0200] {logging_mixin.py:190} INFO - [2024-12-26T03:17:42.753+0200] {dag.py:3239} INFO - Sync 1 DAGs
[2024-12-26T03:17:42.798+0200] {logging_mixin.py:190} INFO - [2024-12-26T03:17:42.796+0200] {dag.py:4180} INFO - Setting next_dagrun for latest_only to 2024-12-25 20:00:00+00:00, run_after=2024-12-26 00:00:00+00:00
[2024-12-26T03:17:42.873+0200] {processor.py:208} INFO - Processing /mnt/e/Assignments/Airflow/airflow/airflow_env/lib/python3.12/site-packages/airflow/example_dags/example_latest_only.py took 0.411 seconds
[2024-12-26T03:19:48.628+0200] {processor.py:186} INFO - Started process (PID=191685) to work on /mnt/e/Assignments/Airflow/airflow/airflow_env/lib/python3.12/site-packages/airflow/example_dags/example_latest_only.py
[2024-12-26T03:19:48.631+0200] {processor.py:914} INFO - Processing file /mnt/e/Assignments/Airflow/airflow/airflow_env/lib/python3.12/site-packages/airflow/example_dags/example_latest_only.py for tasks to queue
[2024-12-26T03:19:48.637+0200] {logging_mixin.py:190} INFO - [2024-12-26T03:19:48.635+0200] {dagbag.py:588} INFO - Filling up the DagBag from /mnt/e/Assignments/Airflow/airflow/airflow_env/lib/python3.12/site-packages/airflow/example_dags/example_latest_only.py
[2024-12-26T03:19:48.767+0200] {processor.py:925} INFO - DAG(s) 'latest_only' retrieved from /mnt/e/Assignments/Airflow/airflow/airflow_env/lib/python3.12/site-packages/airflow/example_dags/example_latest_only.py
[2024-12-26T03:19:48.788+0200] {logging_mixin.py:190} INFO - [2024-12-26T03:19:48.787+0200] {dag.py:3239} INFO - Sync 1 DAGs
[2024-12-26T03:19:48.812+0200] {logging_mixin.py:190} INFO - [2024-12-26T03:19:48.811+0200] {dag.py:4180} INFO - Setting next_dagrun for latest_only to 2024-12-25 20:00:00+00:00, run_after=2024-12-26 00:00:00+00:00
[2024-12-26T03:19:48.867+0200] {processor.py:208} INFO - Processing /mnt/e/Assignments/Airflow/airflow/airflow_env/lib/python3.12/site-packages/airflow/example_dags/example_latest_only.py took 0.272 seconds
[2024-12-26T03:21:55.301+0200] {processor.py:186} INFO - Started process (PID=191794) to work on /mnt/e/Assignments/Airflow/airflow/airflow_env/lib/python3.12/site-packages/airflow/example_dags/example_latest_only.py
[2024-12-26T03:21:55.303+0200] {processor.py:914} INFO - Processing file /mnt/e/Assignments/Airflow/airflow/airflow_env/lib/python3.12/site-packages/airflow/example_dags/example_latest_only.py for tasks to queue
[2024-12-26T03:21:55.307+0200] {logging_mixin.py:190} INFO - [2024-12-26T03:21:55.305+0200] {dagbag.py:588} INFO - Filling up the DagBag from /mnt/e/Assignments/Airflow/airflow/airflow_env/lib/python3.12/site-packages/airflow/example_dags/example_latest_only.py
[2024-12-26T03:21:55.392+0200] {processor.py:925} INFO - DAG(s) 'latest_only' retrieved from /mnt/e/Assignments/Airflow/airflow/airflow_env/lib/python3.12/site-packages/airflow/example_dags/example_latest_only.py
[2024-12-26T03:21:55.426+0200] {logging_mixin.py:190} INFO - [2024-12-26T03:21:55.425+0200] {dag.py:3239} INFO - Sync 1 DAGs
[2024-12-26T03:21:55.463+0200] {logging_mixin.py:190} INFO - [2024-12-26T03:21:55.461+0200] {dag.py:4180} INFO - Setting next_dagrun for latest_only to 2024-12-25 20:00:00+00:00, run_after=2024-12-26 00:00:00+00:00
[2024-12-26T03:21:55.543+0200] {processor.py:208} INFO - Processing /mnt/e/Assignments/Airflow/airflow/airflow_env/lib/python3.12/site-packages/airflow/example_dags/example_latest_only.py took 0.251 seconds
[2024-12-26T03:24:04.339+0200] {processor.py:186} INFO - Started process (PID=191878) to work on /mnt/e/Assignments/Airflow/airflow/airflow_env/lib/python3.12/site-packages/airflow/example_dags/example_latest_only.py
[2024-12-26T03:24:04.346+0200] {processor.py:914} INFO - Processing file /mnt/e/Assignments/Airflow/airflow/airflow_env/lib/python3.12/site-packages/airflow/example_dags/example_latest_only.py for tasks to queue
[2024-12-26T03:24:04.355+0200] {logging_mixin.py:190} INFO - [2024-12-26T03:24:04.352+0200] {dagbag.py:588} INFO - Filling up the DagBag from /mnt/e/Assignments/Airflow/airflow/airflow_env/lib/python3.12/site-packages/airflow/example_dags/example_latest_only.py
[2024-12-26T03:24:04.571+0200] {processor.py:925} INFO - DAG(s) 'latest_only' retrieved from /mnt/e/Assignments/Airflow/airflow/airflow_env/lib/python3.12/site-packages/airflow/example_dags/example_latest_only.py
[2024-12-26T03:24:04.620+0200] {logging_mixin.py:190} INFO - [2024-12-26T03:24:04.617+0200] {dag.py:3239} INFO - Sync 1 DAGs
[2024-12-26T03:24:04.673+0200] {logging_mixin.py:190} INFO - [2024-12-26T03:24:04.669+0200] {dag.py:4180} INFO - Setting next_dagrun for latest_only to 2024-12-25 20:00:00+00:00, run_after=2024-12-26 00:00:00+00:00
[2024-12-26T03:24:04.779+0200] {processor.py:208} INFO - Processing /mnt/e/Assignments/Airflow/airflow/airflow_env/lib/python3.12/site-packages/airflow/example_dags/example_latest_only.py took 0.475 seconds
[2024-12-26T03:26:18.828+0200] {processor.py:186} INFO - Started process (PID=191975) to work on /mnt/e/Assignments/Airflow/airflow/airflow_env/lib/python3.12/site-packages/airflow/example_dags/example_latest_only.py
[2024-12-26T03:26:18.830+0200] {processor.py:914} INFO - Processing file /mnt/e/Assignments/Airflow/airflow/airflow_env/lib/python3.12/site-packages/airflow/example_dags/example_latest_only.py for tasks to queue
[2024-12-26T03:26:18.832+0200] {logging_mixin.py:190} INFO - [2024-12-26T03:26:18.831+0200] {dagbag.py:588} INFO - Filling up the DagBag from /mnt/e/Assignments/Airflow/airflow/airflow_env/lib/python3.12/site-packages/airflow/example_dags/example_latest_only.py
[2024-12-26T03:26:18.933+0200] {processor.py:925} INFO - DAG(s) 'latest_only' retrieved from /mnt/e/Assignments/Airflow/airflow/airflow_env/lib/python3.12/site-packages/airflow/example_dags/example_latest_only.py
[2024-12-26T03:26:18.956+0200] {logging_mixin.py:190} INFO - [2024-12-26T03:26:18.955+0200] {dag.py:3239} INFO - Sync 1 DAGs
[2024-12-26T03:26:18.978+0200] {logging_mixin.py:190} INFO - [2024-12-26T03:26:18.978+0200] {dag.py:4180} INFO - Setting next_dagrun for latest_only to 2024-12-25 20:00:00+00:00, run_after=2024-12-26 00:00:00+00:00
[2024-12-26T03:26:19.021+0200] {processor.py:208} INFO - Processing /mnt/e/Assignments/Airflow/airflow/airflow_env/lib/python3.12/site-packages/airflow/example_dags/example_latest_only.py took 0.204 seconds
[2024-12-26T03:28:19.591+0200] {processor.py:186} INFO - Started process (PID=192070) to work on /mnt/e/Assignments/Airflow/airflow/airflow_env/lib/python3.12/site-packages/airflow/example_dags/example_latest_only.py
[2024-12-26T03:28:19.593+0200] {processor.py:914} INFO - Processing file /mnt/e/Assignments/Airflow/airflow/airflow_env/lib/python3.12/site-packages/airflow/example_dags/example_latest_only.py for tasks to queue
[2024-12-26T03:28:19.597+0200] {logging_mixin.py:190} INFO - [2024-12-26T03:28:19.595+0200] {dagbag.py:588} INFO - Filling up the DagBag from /mnt/e/Assignments/Airflow/airflow/airflow_env/lib/python3.12/site-packages/airflow/example_dags/example_latest_only.py
[2024-12-26T03:28:19.674+0200] {processor.py:925} INFO - DAG(s) 'latest_only' retrieved from /mnt/e/Assignments/Airflow/airflow/airflow_env/lib/python3.12/site-packages/airflow/example_dags/example_latest_only.py
[2024-12-26T03:28:19.697+0200] {logging_mixin.py:190} INFO - [2024-12-26T03:28:19.697+0200] {dag.py:3239} INFO - Sync 1 DAGs
[2024-12-26T03:28:19.720+0200] {logging_mixin.py:190} INFO - [2024-12-26T03:28:19.719+0200] {dag.py:4180} INFO - Setting next_dagrun for latest_only to 2024-12-25 20:00:00+00:00, run_after=2024-12-26 00:00:00+00:00
[2024-12-26T03:28:19.766+0200] {processor.py:208} INFO - Processing /mnt/e/Assignments/Airflow/airflow/airflow_env/lib/python3.12/site-packages/airflow/example_dags/example_latest_only.py took 0.186 seconds
[2024-12-26T03:30:20.100+0200] {processor.py:186} INFO - Started process (PID=192161) to work on /mnt/e/Assignments/Airflow/airflow/airflow_env/lib/python3.12/site-packages/airflow/example_dags/example_latest_only.py
[2024-12-26T03:30:20.102+0200] {processor.py:914} INFO - Processing file /mnt/e/Assignments/Airflow/airflow/airflow_env/lib/python3.12/site-packages/airflow/example_dags/example_latest_only.py for tasks to queue
[2024-12-26T03:30:20.105+0200] {logging_mixin.py:190} INFO - [2024-12-26T03:30:20.104+0200] {dagbag.py:588} INFO - Filling up the DagBag from /mnt/e/Assignments/Airflow/airflow/airflow_env/lib/python3.12/site-packages/airflow/example_dags/example_latest_only.py
[2024-12-26T03:30:20.158+0200] {processor.py:925} INFO - DAG(s) 'latest_only' retrieved from /mnt/e/Assignments/Airflow/airflow/airflow_env/lib/python3.12/site-packages/airflow/example_dags/example_latest_only.py
[2024-12-26T03:30:20.187+0200] {logging_mixin.py:190} INFO - [2024-12-26T03:30:20.185+0200] {dag.py:3239} INFO - Sync 1 DAGs
[2024-12-26T03:30:20.215+0200] {logging_mixin.py:190} INFO - [2024-12-26T03:30:20.214+0200] {dag.py:4180} INFO - Setting next_dagrun for latest_only to 2024-12-25 20:00:00+00:00, run_after=2024-12-26 00:00:00+00:00
[2024-12-26T03:30:20.263+0200] {processor.py:208} INFO - Processing /mnt/e/Assignments/Airflow/airflow/airflow_env/lib/python3.12/site-packages/airflow/example_dags/example_latest_only.py took 0.172 seconds
[2024-12-26T03:32:39.541+0200] {processor.py:186} INFO - Started process (PID=192256) to work on /mnt/e/Assignments/Airflow/airflow/airflow_env/lib/python3.12/site-packages/airflow/example_dags/example_latest_only.py
[2024-12-26T03:32:39.544+0200] {processor.py:914} INFO - Processing file /mnt/e/Assignments/Airflow/airflow/airflow_env/lib/python3.12/site-packages/airflow/example_dags/example_latest_only.py for tasks to queue
[2024-12-26T03:32:39.548+0200] {logging_mixin.py:190} INFO - [2024-12-26T03:32:39.546+0200] {dagbag.py:588} INFO - Filling up the DagBag from /mnt/e/Assignments/Airflow/airflow/airflow_env/lib/python3.12/site-packages/airflow/example_dags/example_latest_only.py
[2024-12-26T03:32:39.636+0200] {processor.py:925} INFO - DAG(s) 'latest_only' retrieved from /mnt/e/Assignments/Airflow/airflow/airflow_env/lib/python3.12/site-packages/airflow/example_dags/example_latest_only.py
[2024-12-26T03:32:39.669+0200] {logging_mixin.py:190} INFO - [2024-12-26T03:32:39.668+0200] {dag.py:3239} INFO - Sync 1 DAGs
[2024-12-26T03:32:39.699+0200] {logging_mixin.py:190} INFO - [2024-12-26T03:32:39.697+0200] {dag.py:4180} INFO - Setting next_dagrun for latest_only to 2024-12-25 20:00:00+00:00, run_after=2024-12-26 00:00:00+00:00
[2024-12-26T03:32:39.761+0200] {processor.py:208} INFO - Processing /mnt/e/Assignments/Airflow/airflow/airflow_env/lib/python3.12/site-packages/airflow/example_dags/example_latest_only.py took 0.239 seconds
[2024-12-26T03:34:43.580+0200] {processor.py:186} INFO - Started process (PID=192362) to work on /mnt/e/Assignments/Airflow/airflow/airflow_env/lib/python3.12/site-packages/airflow/example_dags/example_latest_only.py
[2024-12-26T03:34:43.583+0200] {processor.py:914} INFO - Processing file /mnt/e/Assignments/Airflow/airflow/airflow_env/lib/python3.12/site-packages/airflow/example_dags/example_latest_only.py for tasks to queue
[2024-12-26T03:34:43.589+0200] {logging_mixin.py:190} INFO - [2024-12-26T03:34:43.586+0200] {dagbag.py:588} INFO - Filling up the DagBag from /mnt/e/Assignments/Airflow/airflow/airflow_env/lib/python3.12/site-packages/airflow/example_dags/example_latest_only.py
[2024-12-26T03:34:43.682+0200] {processor.py:925} INFO - DAG(s) 'latest_only' retrieved from /mnt/e/Assignments/Airflow/airflow/airflow_env/lib/python3.12/site-packages/airflow/example_dags/example_latest_only.py
[2024-12-26T03:34:43.728+0200] {logging_mixin.py:190} INFO - [2024-12-26T03:34:43.727+0200] {dag.py:3239} INFO - Sync 1 DAGs
[2024-12-26T03:34:43.758+0200] {logging_mixin.py:190} INFO - [2024-12-26T03:34:43.756+0200] {dag.py:4180} INFO - Setting next_dagrun for latest_only to 2024-12-25 20:00:00+00:00, run_after=2024-12-26 00:00:00+00:00
[2024-12-26T03:34:43.817+0200] {processor.py:208} INFO - Processing /mnt/e/Assignments/Airflow/airflow/airflow_env/lib/python3.12/site-packages/airflow/example_dags/example_latest_only.py took 0.259 seconds
[2024-12-26T03:38:44.861+0200] {processor.py:186} INFO - Started process (PID=192497) to work on /mnt/e/Assignments/Airflow/airflow/airflow_env/lib/python3.12/site-packages/airflow/example_dags/example_latest_only.py
[2024-12-26T03:38:44.864+0200] {processor.py:914} INFO - Processing file /mnt/e/Assignments/Airflow/airflow/airflow_env/lib/python3.12/site-packages/airflow/example_dags/example_latest_only.py for tasks to queue
[2024-12-26T03:38:44.868+0200] {logging_mixin.py:190} INFO - [2024-12-26T03:38:44.866+0200] {dagbag.py:588} INFO - Filling up the DagBag from /mnt/e/Assignments/Airflow/airflow/airflow_env/lib/python3.12/site-packages/airflow/example_dags/example_latest_only.py
[2024-12-26T03:38:44.943+0200] {processor.py:925} INFO - DAG(s) 'latest_only' retrieved from /mnt/e/Assignments/Airflow/airflow/airflow_env/lib/python3.12/site-packages/airflow/example_dags/example_latest_only.py
[2024-12-26T03:38:44.970+0200] {logging_mixin.py:190} INFO - [2024-12-26T03:38:44.969+0200] {dag.py:3239} INFO - Sync 1 DAGs
[2024-12-26T03:38:44.999+0200] {logging_mixin.py:190} INFO - [2024-12-26T03:38:44.997+0200] {dag.py:4180} INFO - Setting next_dagrun for latest_only to 2024-12-25 20:00:00+00:00, run_after=2024-12-26 00:00:00+00:00
[2024-12-26T03:38:45.056+0200] {processor.py:208} INFO - Processing /mnt/e/Assignments/Airflow/airflow/airflow_env/lib/python3.12/site-packages/airflow/example_dags/example_latest_only.py took 0.208 seconds
[2024-12-26T03:40:40.937+0200] {processor.py:186} INFO - Started process (PID=192577) to work on /mnt/e/Assignments/Airflow/airflow/airflow_env/lib/python3.12/site-packages/airflow/example_dags/example_latest_only.py
[2024-12-26T03:40:40.938+0200] {processor.py:914} INFO - Processing file /mnt/e/Assignments/Airflow/airflow/airflow_env/lib/python3.12/site-packages/airflow/example_dags/example_latest_only.py for tasks to queue
[2024-12-26T03:40:40.941+0200] {logging_mixin.py:190} INFO - [2024-12-26T03:40:40.940+0200] {dagbag.py:588} INFO - Filling up the DagBag from /mnt/e/Assignments/Airflow/airflow/airflow_env/lib/python3.12/site-packages/airflow/example_dags/example_latest_only.py
[2024-12-26T03:40:40.990+0200] {processor.py:925} INFO - DAG(s) 'latest_only' retrieved from /mnt/e/Assignments/Airflow/airflow/airflow_env/lib/python3.12/site-packages/airflow/example_dags/example_latest_only.py
[2024-12-26T03:40:41.012+0200] {logging_mixin.py:190} INFO - [2024-12-26T03:40:41.011+0200] {dag.py:3239} INFO - Sync 1 DAGs
[2024-12-26T03:40:41.035+0200] {logging_mixin.py:190} INFO - [2024-12-26T03:40:41.034+0200] {dag.py:4180} INFO - Setting next_dagrun for latest_only to 2024-12-25 20:00:00+00:00, run_after=2024-12-26 00:00:00+00:00
[2024-12-26T03:40:41.082+0200] {processor.py:208} INFO - Processing /mnt/e/Assignments/Airflow/airflow/airflow_env/lib/python3.12/site-packages/airflow/example_dags/example_latest_only.py took 0.155 seconds
[2024-12-26T03:42:43.313+0200] {processor.py:186} INFO - Started process (PID=192659) to work on /mnt/e/Assignments/Airflow/airflow/airflow_env/lib/python3.12/site-packages/airflow/example_dags/example_latest_only.py
[2024-12-26T03:42:43.315+0200] {processor.py:914} INFO - Processing file /mnt/e/Assignments/Airflow/airflow/airflow_env/lib/python3.12/site-packages/airflow/example_dags/example_latest_only.py for tasks to queue
[2024-12-26T03:42:43.318+0200] {logging_mixin.py:190} INFO - [2024-12-26T03:42:43.317+0200] {dagbag.py:588} INFO - Filling up the DagBag from /mnt/e/Assignments/Airflow/airflow/airflow_env/lib/python3.12/site-packages/airflow/example_dags/example_latest_only.py
[2024-12-26T03:42:43.368+0200] {processor.py:925} INFO - DAG(s) 'latest_only' retrieved from /mnt/e/Assignments/Airflow/airflow/airflow_env/lib/python3.12/site-packages/airflow/example_dags/example_latest_only.py
[2024-12-26T03:42:43.396+0200] {logging_mixin.py:190} INFO - [2024-12-26T03:42:43.395+0200] {dag.py:3239} INFO - Sync 1 DAGs
[2024-12-26T03:42:43.425+0200] {logging_mixin.py:190} INFO - [2024-12-26T03:42:43.424+0200] {dag.py:4180} INFO - Setting next_dagrun for latest_only to 2024-12-25 20:00:00+00:00, run_after=2024-12-26 00:00:00+00:00
[2024-12-26T03:42:43.492+0200] {processor.py:208} INFO - Processing /mnt/e/Assignments/Airflow/airflow/airflow_env/lib/python3.12/site-packages/airflow/example_dags/example_latest_only.py took 0.188 seconds
[2024-12-26T03:44:41.222+0200] {processor.py:186} INFO - Started process (PID=192735) to work on /mnt/e/Assignments/Airflow/airflow/airflow_env/lib/python3.12/site-packages/airflow/example_dags/example_latest_only.py
[2024-12-26T03:44:41.226+0200] {processor.py:914} INFO - Processing file /mnt/e/Assignments/Airflow/airflow/airflow_env/lib/python3.12/site-packages/airflow/example_dags/example_latest_only.py for tasks to queue
[2024-12-26T03:44:41.231+0200] {logging_mixin.py:190} INFO - [2024-12-26T03:44:41.229+0200] {dagbag.py:588} INFO - Filling up the DagBag from /mnt/e/Assignments/Airflow/airflow/airflow_env/lib/python3.12/site-packages/airflow/example_dags/example_latest_only.py
[2024-12-26T03:44:41.294+0200] {processor.py:925} INFO - DAG(s) 'latest_only' retrieved from /mnt/e/Assignments/Airflow/airflow/airflow_env/lib/python3.12/site-packages/airflow/example_dags/example_latest_only.py
[2024-12-26T03:44:41.317+0200] {logging_mixin.py:190} INFO - [2024-12-26T03:44:41.316+0200] {dag.py:3239} INFO - Sync 1 DAGs
[2024-12-26T03:44:41.341+0200] {logging_mixin.py:190} INFO - [2024-12-26T03:44:41.340+0200] {dag.py:4180} INFO - Setting next_dagrun for latest_only to 2024-12-25 20:00:00+00:00, run_after=2024-12-26 00:00:00+00:00
[2024-12-26T03:44:41.387+0200] {processor.py:208} INFO - Processing /mnt/e/Assignments/Airflow/airflow/airflow_env/lib/python3.12/site-packages/airflow/example_dags/example_latest_only.py took 0.184 seconds
[2024-12-26T03:46:41.405+0200] {processor.py:186} INFO - Started process (PID=192814) to work on /mnt/e/Assignments/Airflow/airflow/airflow_env/lib/python3.12/site-packages/airflow/example_dags/example_latest_only.py
[2024-12-26T03:46:41.408+0200] {processor.py:914} INFO - Processing file /mnt/e/Assignments/Airflow/airflow/airflow_env/lib/python3.12/site-packages/airflow/example_dags/example_latest_only.py for tasks to queue
[2024-12-26T03:46:41.413+0200] {logging_mixin.py:190} INFO - [2024-12-26T03:46:41.411+0200] {dagbag.py:588} INFO - Filling up the DagBag from /mnt/e/Assignments/Airflow/airflow/airflow_env/lib/python3.12/site-packages/airflow/example_dags/example_latest_only.py
[2024-12-26T03:46:41.652+0200] {processor.py:925} INFO - DAG(s) 'latest_only' retrieved from /mnt/e/Assignments/Airflow/airflow/airflow_env/lib/python3.12/site-packages/airflow/example_dags/example_latest_only.py
[2024-12-26T03:46:41.705+0200] {logging_mixin.py:190} INFO - [2024-12-26T03:46:41.704+0200] {dag.py:3239} INFO - Sync 1 DAGs
[2024-12-26T03:46:41.742+0200] {logging_mixin.py:190} INFO - [2024-12-26T03:46:41.740+0200] {dag.py:4180} INFO - Setting next_dagrun for latest_only to 2024-12-25 20:00:00+00:00, run_after=2024-12-26 00:00:00+00:00
[2024-12-26T03:46:41.846+0200] {processor.py:208} INFO - Processing /mnt/e/Assignments/Airflow/airflow/airflow_env/lib/python3.12/site-packages/airflow/example_dags/example_latest_only.py took 0.475 seconds
[2024-12-26T03:48:50.586+0200] {processor.py:186} INFO - Started process (PID=192901) to work on /mnt/e/Assignments/Airflow/airflow/airflow_env/lib/python3.12/site-packages/airflow/example_dags/example_latest_only.py
[2024-12-26T03:48:50.587+0200] {processor.py:914} INFO - Processing file /mnt/e/Assignments/Airflow/airflow/airflow_env/lib/python3.12/site-packages/airflow/example_dags/example_latest_only.py for tasks to queue
[2024-12-26T03:48:50.591+0200] {logging_mixin.py:190} INFO - [2024-12-26T03:48:50.590+0200] {dagbag.py:588} INFO - Filling up the DagBag from /mnt/e/Assignments/Airflow/airflow/airflow_env/lib/python3.12/site-packages/airflow/example_dags/example_latest_only.py
[2024-12-26T03:48:50.666+0200] {processor.py:925} INFO - DAG(s) 'latest_only' retrieved from /mnt/e/Assignments/Airflow/airflow/airflow_env/lib/python3.12/site-packages/airflow/example_dags/example_latest_only.py
[2024-12-26T03:48:50.689+0200] {logging_mixin.py:190} INFO - [2024-12-26T03:48:50.688+0200] {dag.py:3239} INFO - Sync 1 DAGs
[2024-12-26T03:48:50.711+0200] {logging_mixin.py:190} INFO - [2024-12-26T03:48:50.710+0200] {dag.py:4180} INFO - Setting next_dagrun for latest_only to 2024-12-25 20:00:00+00:00, run_after=2024-12-26 00:00:00+00:00
[2024-12-26T03:48:50.760+0200] {processor.py:208} INFO - Processing /mnt/e/Assignments/Airflow/airflow/airflow_env/lib/python3.12/site-packages/airflow/example_dags/example_latest_only.py took 0.183 seconds
[2024-12-26T03:50:52.307+0200] {processor.py:186} INFO - Started process (PID=192980) to work on /mnt/e/Assignments/Airflow/airflow/airflow_env/lib/python3.12/site-packages/airflow/example_dags/example_latest_only.py
[2024-12-26T03:50:52.309+0200] {processor.py:914} INFO - Processing file /mnt/e/Assignments/Airflow/airflow/airflow_env/lib/python3.12/site-packages/airflow/example_dags/example_latest_only.py for tasks to queue
[2024-12-26T03:50:52.312+0200] {logging_mixin.py:190} INFO - [2024-12-26T03:50:52.311+0200] {dagbag.py:588} INFO - Filling up the DagBag from /mnt/e/Assignments/Airflow/airflow/airflow_env/lib/python3.12/site-packages/airflow/example_dags/example_latest_only.py
[2024-12-26T03:50:52.367+0200] {processor.py:925} INFO - DAG(s) 'latest_only' retrieved from /mnt/e/Assignments/Airflow/airflow/airflow_env/lib/python3.12/site-packages/airflow/example_dags/example_latest_only.py
[2024-12-26T03:50:52.386+0200] {logging_mixin.py:190} INFO - [2024-12-26T03:50:52.385+0200] {dag.py:3239} INFO - Sync 1 DAGs
[2024-12-26T03:50:52.407+0200] {logging_mixin.py:190} INFO - [2024-12-26T03:50:52.406+0200] {dag.py:4180} INFO - Setting next_dagrun for latest_only to 2024-12-25 20:00:00+00:00, run_after=2024-12-26 00:00:00+00:00
[2024-12-26T03:50:52.445+0200] {processor.py:208} INFO - Processing /mnt/e/Assignments/Airflow/airflow/airflow_env/lib/python3.12/site-packages/airflow/example_dags/example_latest_only.py took 0.147 seconds
[2024-12-26T03:53:07.605+0200] {processor.py:186} INFO - Started process (PID=193063) to work on /mnt/e/Assignments/Airflow/airflow/airflow_env/lib/python3.12/site-packages/airflow/example_dags/example_latest_only.py
[2024-12-26T03:53:07.612+0200] {processor.py:914} INFO - Processing file /mnt/e/Assignments/Airflow/airflow/airflow_env/lib/python3.12/site-packages/airflow/example_dags/example_latest_only.py for tasks to queue
[2024-12-26T03:53:07.622+0200] {logging_mixin.py:190} INFO - [2024-12-26T03:53:07.617+0200] {dagbag.py:588} INFO - Filling up the DagBag from /mnt/e/Assignments/Airflow/airflow/airflow_env/lib/python3.12/site-packages/airflow/example_dags/example_latest_only.py
[2024-12-26T03:53:07.918+0200] {processor.py:925} INFO - DAG(s) 'latest_only' retrieved from /mnt/e/Assignments/Airflow/airflow/airflow_env/lib/python3.12/site-packages/airflow/example_dags/example_latest_only.py
[2024-12-26T03:53:07.987+0200] {logging_mixin.py:190} INFO - [2024-12-26T03:53:07.983+0200] {dag.py:3239} INFO - Sync 1 DAGs
[2024-12-26T03:53:08.064+0200] {logging_mixin.py:190} INFO - [2024-12-26T03:53:08.060+0200] {dag.py:4180} INFO - Setting next_dagrun for latest_only to 2024-12-25 20:00:00+00:00, run_after=2024-12-26 00:00:00+00:00
[2024-12-26T03:53:08.222+0200] {processor.py:208} INFO - Processing /mnt/e/Assignments/Airflow/airflow/airflow_env/lib/python3.12/site-packages/airflow/example_dags/example_latest_only.py took 0.655 seconds
[2024-12-26T03:55:13.376+0200] {processor.py:186} INFO - Started process (PID=193144) to work on /mnt/e/Assignments/Airflow/airflow/airflow_env/lib/python3.12/site-packages/airflow/example_dags/example_latest_only.py
[2024-12-26T03:55:13.383+0200] {processor.py:914} INFO - Processing file /mnt/e/Assignments/Airflow/airflow/airflow_env/lib/python3.12/site-packages/airflow/example_dags/example_latest_only.py for tasks to queue
[2024-12-26T03:55:13.393+0200] {logging_mixin.py:190} INFO - [2024-12-26T03:55:13.389+0200] {dagbag.py:588} INFO - Filling up the DagBag from /mnt/e/Assignments/Airflow/airflow/airflow_env/lib/python3.12/site-packages/airflow/example_dags/example_latest_only.py
[2024-12-26T03:55:13.635+0200] {processor.py:925} INFO - DAG(s) 'latest_only' retrieved from /mnt/e/Assignments/Airflow/airflow/airflow_env/lib/python3.12/site-packages/airflow/example_dags/example_latest_only.py
[2024-12-26T03:55:13.724+0200] {logging_mixin.py:190} INFO - [2024-12-26T03:55:13.720+0200] {dag.py:3239} INFO - Sync 1 DAGs
[2024-12-26T03:55:13.801+0200] {logging_mixin.py:190} INFO - [2024-12-26T03:55:13.799+0200] {dag.py:4180} INFO - Setting next_dagrun for latest_only to 2024-12-25 20:00:00+00:00, run_after=2024-12-26 00:00:00+00:00
[2024-12-26T03:55:13.942+0200] {processor.py:208} INFO - Processing /mnt/e/Assignments/Airflow/airflow/airflow_env/lib/python3.12/site-packages/airflow/example_dags/example_latest_only.py took 0.602 seconds
[2024-12-26T03:57:32.160+0200] {processor.py:186} INFO - Started process (PID=193227) to work on /mnt/e/Assignments/Airflow/airflow/airflow_env/lib/python3.12/site-packages/airflow/example_dags/example_latest_only.py
[2024-12-26T03:57:32.162+0200] {processor.py:914} INFO - Processing file /mnt/e/Assignments/Airflow/airflow/airflow_env/lib/python3.12/site-packages/airflow/example_dags/example_latest_only.py for tasks to queue
[2024-12-26T03:57:32.165+0200] {logging_mixin.py:190} INFO - [2024-12-26T03:57:32.164+0200] {dagbag.py:588} INFO - Filling up the DagBag from /mnt/e/Assignments/Airflow/airflow/airflow_env/lib/python3.12/site-packages/airflow/example_dags/example_latest_only.py
[2024-12-26T03:57:32.365+0200] {processor.py:925} INFO - DAG(s) 'latest_only' retrieved from /mnt/e/Assignments/Airflow/airflow/airflow_env/lib/python3.12/site-packages/airflow/example_dags/example_latest_only.py
[2024-12-26T03:57:32.391+0200] {logging_mixin.py:190} INFO - [2024-12-26T03:57:32.389+0200] {dag.py:3239} INFO - Sync 1 DAGs
[2024-12-26T03:57:32.417+0200] {logging_mixin.py:190} INFO - [2024-12-26T03:57:32.416+0200] {dag.py:4180} INFO - Setting next_dagrun for latest_only to 2024-12-25 20:00:00+00:00, run_after=2024-12-26 00:00:00+00:00
[2024-12-26T03:57:32.470+0200] {processor.py:208} INFO - Processing /mnt/e/Assignments/Airflow/airflow/airflow_env/lib/python3.12/site-packages/airflow/example_dags/example_latest_only.py took 0.323 seconds
[2024-12-26T03:59:26.356+0200] {processor.py:186} INFO - Started process (PID=193306) to work on /mnt/e/Assignments/Airflow/airflow/airflow_env/lib/python3.12/site-packages/airflow/example_dags/example_latest_only.py
[2024-12-26T03:59:26.358+0200] {processor.py:914} INFO - Processing file /mnt/e/Assignments/Airflow/airflow/airflow_env/lib/python3.12/site-packages/airflow/example_dags/example_latest_only.py for tasks to queue
[2024-12-26T03:59:26.362+0200] {logging_mixin.py:190} INFO - [2024-12-26T03:59:26.360+0200] {dagbag.py:588} INFO - Filling up the DagBag from /mnt/e/Assignments/Airflow/airflow/airflow_env/lib/python3.12/site-packages/airflow/example_dags/example_latest_only.py
[2024-12-26T03:59:26.434+0200] {processor.py:925} INFO - DAG(s) 'latest_only' retrieved from /mnt/e/Assignments/Airflow/airflow/airflow_env/lib/python3.12/site-packages/airflow/example_dags/example_latest_only.py
[2024-12-26T03:59:26.459+0200] {logging_mixin.py:190} INFO - [2024-12-26T03:59:26.458+0200] {dag.py:3239} INFO - Sync 1 DAGs
[2024-12-26T03:59:26.485+0200] {logging_mixin.py:190} INFO - [2024-12-26T03:59:26.484+0200] {dag.py:4180} INFO - Setting next_dagrun for latest_only to 2024-12-25 20:00:00+00:00, run_after=2024-12-26 00:00:00+00:00
[2024-12-26T03:59:26.540+0200] {processor.py:208} INFO - Processing /mnt/e/Assignments/Airflow/airflow/airflow_env/lib/python3.12/site-packages/airflow/example_dags/example_latest_only.py took 0.196 seconds
[2024-12-26T04:01:34.244+0200] {processor.py:186} INFO - Started process (PID=193387) to work on /mnt/e/Assignments/Airflow/airflow/airflow_env/lib/python3.12/site-packages/airflow/example_dags/example_latest_only.py
[2024-12-26T04:01:34.246+0200] {processor.py:914} INFO - Processing file /mnt/e/Assignments/Airflow/airflow/airflow_env/lib/python3.12/site-packages/airflow/example_dags/example_latest_only.py for tasks to queue
[2024-12-26T04:01:34.249+0200] {logging_mixin.py:190} INFO - [2024-12-26T04:01:34.248+0200] {dagbag.py:588} INFO - Filling up the DagBag from /mnt/e/Assignments/Airflow/airflow/airflow_env/lib/python3.12/site-packages/airflow/example_dags/example_latest_only.py
[2024-12-26T04:01:34.304+0200] {processor.py:925} INFO - DAG(s) 'latest_only' retrieved from /mnt/e/Assignments/Airflow/airflow/airflow_env/lib/python3.12/site-packages/airflow/example_dags/example_latest_only.py
[2024-12-26T04:01:34.324+0200] {logging_mixin.py:190} INFO - [2024-12-26T04:01:34.323+0200] {dag.py:3239} INFO - Sync 1 DAGs
[2024-12-26T04:01:34.345+0200] {logging_mixin.py:190} INFO - [2024-12-26T04:01:34.344+0200] {dag.py:4180} INFO - Setting next_dagrun for latest_only to 2024-12-25 20:00:00+00:00, run_after=2024-12-26 00:00:00+00:00
[2024-12-26T04:01:34.386+0200] {processor.py:208} INFO - Processing /mnt/e/Assignments/Airflow/airflow/airflow_env/lib/python3.12/site-packages/airflow/example_dags/example_latest_only.py took 0.152 seconds
[2024-12-26T04:03:47.683+0200] {processor.py:186} INFO - Started process (PID=193471) to work on /mnt/e/Assignments/Airflow/airflow/airflow_env/lib/python3.12/site-packages/airflow/example_dags/example_latest_only.py
[2024-12-26T04:03:47.687+0200] {processor.py:914} INFO - Processing file /mnt/e/Assignments/Airflow/airflow/airflow_env/lib/python3.12/site-packages/airflow/example_dags/example_latest_only.py for tasks to queue
[2024-12-26T04:03:47.696+0200] {logging_mixin.py:190} INFO - [2024-12-26T04:03:47.692+0200] {dagbag.py:588} INFO - Filling up the DagBag from /mnt/e/Assignments/Airflow/airflow/airflow_env/lib/python3.12/site-packages/airflow/example_dags/example_latest_only.py
[2024-12-26T04:03:47.884+0200] {processor.py:925} INFO - DAG(s) 'latest_only' retrieved from /mnt/e/Assignments/Airflow/airflow/airflow_env/lib/python3.12/site-packages/airflow/example_dags/example_latest_only.py
[2024-12-26T04:03:47.905+0200] {logging_mixin.py:190} INFO - [2024-12-26T04:03:47.904+0200] {dag.py:3239} INFO - Sync 1 DAGs
[2024-12-26T04:03:47.928+0200] {logging_mixin.py:190} INFO - [2024-12-26T04:03:47.927+0200] {dag.py:4180} INFO - Setting next_dagrun for latest_only to 2024-12-25 20:00:00+00:00, run_after=2024-12-26 00:00:00+00:00
[2024-12-26T04:03:47.975+0200] {processor.py:208} INFO - Processing /mnt/e/Assignments/Airflow/airflow/airflow_env/lib/python3.12/site-packages/airflow/example_dags/example_latest_only.py took 0.329 seconds
[2024-12-26T04:05:48.549+0200] {processor.py:186} INFO - Started process (PID=193551) to work on /mnt/e/Assignments/Airflow/airflow/airflow_env/lib/python3.12/site-packages/airflow/example_dags/example_latest_only.py
[2024-12-26T04:05:48.551+0200] {processor.py:914} INFO - Processing file /mnt/e/Assignments/Airflow/airflow/airflow_env/lib/python3.12/site-packages/airflow/example_dags/example_latest_only.py for tasks to queue
[2024-12-26T04:05:48.554+0200] {logging_mixin.py:190} INFO - [2024-12-26T04:05:48.553+0200] {dagbag.py:588} INFO - Filling up the DagBag from /mnt/e/Assignments/Airflow/airflow/airflow_env/lib/python3.12/site-packages/airflow/example_dags/example_latest_only.py
[2024-12-26T04:05:48.605+0200] {processor.py:925} INFO - DAG(s) 'latest_only' retrieved from /mnt/e/Assignments/Airflow/airflow/airflow_env/lib/python3.12/site-packages/airflow/example_dags/example_latest_only.py
[2024-12-26T04:05:48.626+0200] {logging_mixin.py:190} INFO - [2024-12-26T04:05:48.625+0200] {dag.py:3239} INFO - Sync 1 DAGs
[2024-12-26T04:05:48.646+0200] {logging_mixin.py:190} INFO - [2024-12-26T04:05:48.646+0200] {dag.py:4180} INFO - Setting next_dagrun for latest_only to 2024-12-25 20:00:00+00:00, run_after=2024-12-26 00:00:00+00:00
[2024-12-26T04:05:48.684+0200] {processor.py:208} INFO - Processing /mnt/e/Assignments/Airflow/airflow/airflow_env/lib/python3.12/site-packages/airflow/example_dags/example_latest_only.py took 0.144 seconds
[2024-12-26T04:07:52.895+0200] {processor.py:186} INFO - Started process (PID=193630) to work on /mnt/e/Assignments/Airflow/airflow/airflow_env/lib/python3.12/site-packages/airflow/example_dags/example_latest_only.py
[2024-12-26T04:07:52.896+0200] {processor.py:914} INFO - Processing file /mnt/e/Assignments/Airflow/airflow/airflow_env/lib/python3.12/site-packages/airflow/example_dags/example_latest_only.py for tasks to queue
[2024-12-26T04:07:52.898+0200] {logging_mixin.py:190} INFO - [2024-12-26T04:07:52.898+0200] {dagbag.py:588} INFO - Filling up the DagBag from /mnt/e/Assignments/Airflow/airflow/airflow_env/lib/python3.12/site-packages/airflow/example_dags/example_latest_only.py
[2024-12-26T04:07:52.947+0200] {processor.py:925} INFO - DAG(s) 'latest_only' retrieved from /mnt/e/Assignments/Airflow/airflow/airflow_env/lib/python3.12/site-packages/airflow/example_dags/example_latest_only.py
[2024-12-26T04:07:52.968+0200] {logging_mixin.py:190} INFO - [2024-12-26T04:07:52.967+0200] {dag.py:3239} INFO - Sync 1 DAGs
[2024-12-26T04:07:52.988+0200] {logging_mixin.py:190} INFO - [2024-12-26T04:07:52.987+0200] {dag.py:4180} INFO - Setting next_dagrun for latest_only to 2024-12-25 20:00:00+00:00, run_after=2024-12-26 00:00:00+00:00
[2024-12-26T04:07:53.026+0200] {processor.py:208} INFO - Processing /mnt/e/Assignments/Airflow/airflow/airflow_env/lib/python3.12/site-packages/airflow/example_dags/example_latest_only.py took 0.141 seconds
[2024-12-26T04:09:39.695+0200] {processor.py:186} INFO - Started process (PID=193705) to work on /mnt/e/Assignments/Airflow/airflow/airflow_env/lib/python3.12/site-packages/airflow/example_dags/example_latest_only.py
[2024-12-26T04:09:39.697+0200] {processor.py:914} INFO - Processing file /mnt/e/Assignments/Airflow/airflow/airflow_env/lib/python3.12/site-packages/airflow/example_dags/example_latest_only.py for tasks to queue
[2024-12-26T04:09:39.700+0200] {logging_mixin.py:190} INFO - [2024-12-26T04:09:39.699+0200] {dagbag.py:588} INFO - Filling up the DagBag from /mnt/e/Assignments/Airflow/airflow/airflow_env/lib/python3.12/site-packages/airflow/example_dags/example_latest_only.py
[2024-12-26T04:09:39.763+0200] {processor.py:925} INFO - DAG(s) 'latest_only' retrieved from /mnt/e/Assignments/Airflow/airflow/airflow_env/lib/python3.12/site-packages/airflow/example_dags/example_latest_only.py
[2024-12-26T04:09:39.785+0200] {logging_mixin.py:190} INFO - [2024-12-26T04:09:39.785+0200] {dag.py:3239} INFO - Sync 1 DAGs
[2024-12-26T04:09:39.808+0200] {logging_mixin.py:190} INFO - [2024-12-26T04:09:39.807+0200] {dag.py:4180} INFO - Setting next_dagrun for latest_only to 2024-12-25 20:00:00+00:00, run_after=2024-12-26 00:00:00+00:00
[2024-12-26T04:09:39.850+0200] {processor.py:208} INFO - Processing /mnt/e/Assignments/Airflow/airflow/airflow_env/lib/python3.12/site-packages/airflow/example_dags/example_latest_only.py took 0.168 seconds
[2024-12-26T04:11:33.317+0200] {processor.py:186} INFO - Started process (PID=193782) to work on /mnt/e/Assignments/Airflow/airflow/airflow_env/lib/python3.12/site-packages/airflow/example_dags/example_latest_only.py
[2024-12-26T04:11:33.318+0200] {processor.py:914} INFO - Processing file /mnt/e/Assignments/Airflow/airflow/airflow_env/lib/python3.12/site-packages/airflow/example_dags/example_latest_only.py for tasks to queue
[2024-12-26T04:11:33.321+0200] {logging_mixin.py:190} INFO - [2024-12-26T04:11:33.320+0200] {dagbag.py:588} INFO - Filling up the DagBag from /mnt/e/Assignments/Airflow/airflow/airflow_env/lib/python3.12/site-packages/airflow/example_dags/example_latest_only.py
[2024-12-26T04:11:33.379+0200] {processor.py:925} INFO - DAG(s) 'latest_only' retrieved from /mnt/e/Assignments/Airflow/airflow/airflow_env/lib/python3.12/site-packages/airflow/example_dags/example_latest_only.py
[2024-12-26T04:11:33.402+0200] {logging_mixin.py:190} INFO - [2024-12-26T04:11:33.401+0200] {dag.py:3239} INFO - Sync 1 DAGs
[2024-12-26T04:11:33.424+0200] {logging_mixin.py:190} INFO - [2024-12-26T04:11:33.423+0200] {dag.py:4180} INFO - Setting next_dagrun for latest_only to 2024-12-25 20:00:00+00:00, run_after=2024-12-26 00:00:00+00:00
[2024-12-26T04:11:33.462+0200] {processor.py:208} INFO - Processing /mnt/e/Assignments/Airflow/airflow/airflow_env/lib/python3.12/site-packages/airflow/example_dags/example_latest_only.py took 0.155 seconds
[2024-12-26T04:13:18.170+0200] {processor.py:186} INFO - Started process (PID=193857) to work on /mnt/e/Assignments/Airflow/airflow/airflow_env/lib/python3.12/site-packages/airflow/example_dags/example_latest_only.py
[2024-12-26T04:13:18.172+0200] {processor.py:914} INFO - Processing file /mnt/e/Assignments/Airflow/airflow/airflow_env/lib/python3.12/site-packages/airflow/example_dags/example_latest_only.py for tasks to queue
[2024-12-26T04:13:18.175+0200] {logging_mixin.py:190} INFO - [2024-12-26T04:13:18.174+0200] {dagbag.py:588} INFO - Filling up the DagBag from /mnt/e/Assignments/Airflow/airflow/airflow_env/lib/python3.12/site-packages/airflow/example_dags/example_latest_only.py
[2024-12-26T04:13:18.246+0200] {processor.py:925} INFO - DAG(s) 'latest_only' retrieved from /mnt/e/Assignments/Airflow/airflow/airflow_env/lib/python3.12/site-packages/airflow/example_dags/example_latest_only.py
[2024-12-26T04:13:18.268+0200] {logging_mixin.py:190} INFO - [2024-12-26T04:13:18.267+0200] {dag.py:3239} INFO - Sync 1 DAGs
[2024-12-26T04:13:18.287+0200] {logging_mixin.py:190} INFO - [2024-12-26T04:13:18.287+0200] {dag.py:4180} INFO - Setting next_dagrun for latest_only to 2024-12-25 20:00:00+00:00, run_after=2024-12-26 00:00:00+00:00
[2024-12-26T04:13:18.325+0200] {processor.py:208} INFO - Processing /mnt/e/Assignments/Airflow/airflow/airflow_env/lib/python3.12/site-packages/airflow/example_dags/example_latest_only.py took 0.167 seconds
[2024-12-26T04:15:24.714+0200] {processor.py:186} INFO - Started process (PID=193938) to work on /mnt/e/Assignments/Airflow/airflow/airflow_env/lib/python3.12/site-packages/airflow/example_dags/example_latest_only.py
[2024-12-26T04:15:24.719+0200] {processor.py:914} INFO - Processing file /mnt/e/Assignments/Airflow/airflow/airflow_env/lib/python3.12/site-packages/airflow/example_dags/example_latest_only.py for tasks to queue
[2024-12-26T04:15:24.729+0200] {logging_mixin.py:190} INFO - [2024-12-26T04:15:24.725+0200] {dagbag.py:588} INFO - Filling up the DagBag from /mnt/e/Assignments/Airflow/airflow/airflow_env/lib/python3.12/site-packages/airflow/example_dags/example_latest_only.py
[2024-12-26T04:15:25.011+0200] {processor.py:925} INFO - DAG(s) 'latest_only' retrieved from /mnt/e/Assignments/Airflow/airflow/airflow_env/lib/python3.12/site-packages/airflow/example_dags/example_latest_only.py
[2024-12-26T04:15:25.078+0200] {logging_mixin.py:190} INFO - [2024-12-26T04:15:25.075+0200] {dag.py:3239} INFO - Sync 1 DAGs
[2024-12-26T04:15:25.154+0200] {logging_mixin.py:190} INFO - [2024-12-26T04:15:25.150+0200] {dag.py:4180} INFO - Setting next_dagrun for latest_only to 2024-12-25 20:00:00+00:00, run_after=2024-12-26 00:00:00+00:00
[2024-12-26T04:15:25.335+0200] {processor.py:208} INFO - Processing /mnt/e/Assignments/Airflow/airflow/airflow_env/lib/python3.12/site-packages/airflow/example_dags/example_latest_only.py took 0.654 seconds
[2024-12-26T04:17:35.132+0200] {processor.py:186} INFO - Started process (PID=194024) to work on /mnt/e/Assignments/Airflow/airflow/airflow_env/lib/python3.12/site-packages/airflow/example_dags/example_latest_only.py
[2024-12-26T04:17:35.134+0200] {processor.py:914} INFO - Processing file /mnt/e/Assignments/Airflow/airflow/airflow_env/lib/python3.12/site-packages/airflow/example_dags/example_latest_only.py for tasks to queue
[2024-12-26T04:17:35.137+0200] {logging_mixin.py:190} INFO - [2024-12-26T04:17:35.136+0200] {dagbag.py:588} INFO - Filling up the DagBag from /mnt/e/Assignments/Airflow/airflow/airflow_env/lib/python3.12/site-packages/airflow/example_dags/example_latest_only.py
[2024-12-26T04:17:35.193+0200] {processor.py:925} INFO - DAG(s) 'latest_only' retrieved from /mnt/e/Assignments/Airflow/airflow/airflow_env/lib/python3.12/site-packages/airflow/example_dags/example_latest_only.py
[2024-12-26T04:17:35.215+0200] {logging_mixin.py:190} INFO - [2024-12-26T04:17:35.214+0200] {dag.py:3239} INFO - Sync 1 DAGs
[2024-12-26T04:17:35.236+0200] {logging_mixin.py:190} INFO - [2024-12-26T04:17:35.235+0200] {dag.py:4180} INFO - Setting next_dagrun for latest_only to 2024-12-25 20:00:00+00:00, run_after=2024-12-26 00:00:00+00:00
[2024-12-26T04:17:35.279+0200] {processor.py:208} INFO - Processing /mnt/e/Assignments/Airflow/airflow/airflow_env/lib/python3.12/site-packages/airflow/example_dags/example_latest_only.py took 0.156 seconds
[2024-12-26T04:19:52.826+0200] {processor.py:186} INFO - Started process (PID=194110) to work on /mnt/e/Assignments/Airflow/airflow/airflow_env/lib/python3.12/site-packages/airflow/example_dags/example_latest_only.py
[2024-12-26T04:19:52.832+0200] {processor.py:914} INFO - Processing file /mnt/e/Assignments/Airflow/airflow/airflow_env/lib/python3.12/site-packages/airflow/example_dags/example_latest_only.py for tasks to queue
[2024-12-26T04:19:52.842+0200] {logging_mixin.py:190} INFO - [2024-12-26T04:19:52.838+0200] {dagbag.py:588} INFO - Filling up the DagBag from /mnt/e/Assignments/Airflow/airflow/airflow_env/lib/python3.12/site-packages/airflow/example_dags/example_latest_only.py
[2024-12-26T04:19:53.041+0200] {processor.py:925} INFO - DAG(s) 'latest_only' retrieved from /mnt/e/Assignments/Airflow/airflow/airflow_env/lib/python3.12/site-packages/airflow/example_dags/example_latest_only.py
[2024-12-26T04:19:53.060+0200] {logging_mixin.py:190} INFO - [2024-12-26T04:19:53.060+0200] {dag.py:3239} INFO - Sync 1 DAGs
[2024-12-26T04:19:53.080+0200] {logging_mixin.py:190} INFO - [2024-12-26T04:19:53.080+0200] {dag.py:4180} INFO - Setting next_dagrun for latest_only to 2024-12-25 20:00:00+00:00, run_after=2024-12-26 00:00:00+00:00
[2024-12-26T04:19:53.122+0200] {processor.py:208} INFO - Processing /mnt/e/Assignments/Airflow/airflow/airflow_env/lib/python3.12/site-packages/airflow/example_dags/example_latest_only.py took 0.331 seconds
[2024-12-26T04:22:12.037+0200] {processor.py:186} INFO - Started process (PID=194194) to work on /mnt/e/Assignments/Airflow/airflow/airflow_env/lib/python3.12/site-packages/airflow/example_dags/example_latest_only.py
[2024-12-26T04:22:12.038+0200] {processor.py:914} INFO - Processing file /mnt/e/Assignments/Airflow/airflow/airflow_env/lib/python3.12/site-packages/airflow/example_dags/example_latest_only.py for tasks to queue
[2024-12-26T04:22:12.041+0200] {logging_mixin.py:190} INFO - [2024-12-26T04:22:12.040+0200] {dagbag.py:588} INFO - Filling up the DagBag from /mnt/e/Assignments/Airflow/airflow/airflow_env/lib/python3.12/site-packages/airflow/example_dags/example_latest_only.py
[2024-12-26T04:22:12.102+0200] {processor.py:925} INFO - DAG(s) 'latest_only' retrieved from /mnt/e/Assignments/Airflow/airflow/airflow_env/lib/python3.12/site-packages/airflow/example_dags/example_latest_only.py
[2024-12-26T04:22:12.123+0200] {logging_mixin.py:190} INFO - [2024-12-26T04:22:12.122+0200] {dag.py:3239} INFO - Sync 1 DAGs
[2024-12-26T04:22:12.145+0200] {logging_mixin.py:190} INFO - [2024-12-26T04:22:12.144+0200] {dag.py:4180} INFO - Setting next_dagrun for latest_only to 2024-12-25 20:00:00+00:00, run_after=2024-12-26 00:00:00+00:00
[2024-12-26T04:22:12.188+0200] {processor.py:208} INFO - Processing /mnt/e/Assignments/Airflow/airflow/airflow_env/lib/python3.12/site-packages/airflow/example_dags/example_latest_only.py took 0.159 seconds
[2024-12-26T04:24:36.806+0200] {processor.py:186} INFO - Started process (PID=194277) to work on /mnt/e/Assignments/Airflow/airflow/airflow_env/lib/python3.12/site-packages/airflow/example_dags/example_latest_only.py
[2024-12-26T04:24:36.808+0200] {processor.py:914} INFO - Processing file /mnt/e/Assignments/Airflow/airflow/airflow_env/lib/python3.12/site-packages/airflow/example_dags/example_latest_only.py for tasks to queue
[2024-12-26T04:24:36.811+0200] {logging_mixin.py:190} INFO - [2024-12-26T04:24:36.810+0200] {dagbag.py:588} INFO - Filling up the DagBag from /mnt/e/Assignments/Airflow/airflow/airflow_env/lib/python3.12/site-packages/airflow/example_dags/example_latest_only.py
[2024-12-26T04:24:36.863+0200] {processor.py:925} INFO - DAG(s) 'latest_only' retrieved from /mnt/e/Assignments/Airflow/airflow/airflow_env/lib/python3.12/site-packages/airflow/example_dags/example_latest_only.py
[2024-12-26T04:24:36.883+0200] {logging_mixin.py:190} INFO - [2024-12-26T04:24:36.882+0200] {dag.py:3239} INFO - Sync 1 DAGs
[2024-12-26T04:24:36.904+0200] {logging_mixin.py:190} INFO - [2024-12-26T04:24:36.904+0200] {dag.py:4180} INFO - Setting next_dagrun for latest_only to 2024-12-25 20:00:00+00:00, run_after=2024-12-26 00:00:00+00:00
[2024-12-26T04:24:36.943+0200] {processor.py:208} INFO - Processing /mnt/e/Assignments/Airflow/airflow/airflow_env/lib/python3.12/site-packages/airflow/example_dags/example_latest_only.py took 0.146 seconds
[2024-12-26T04:26:45.220+0200] {processor.py:186} INFO - Started process (PID=194358) to work on /mnt/e/Assignments/Airflow/airflow/airflow_env/lib/python3.12/site-packages/airflow/example_dags/example_latest_only.py
[2024-12-26T04:26:45.229+0200] {processor.py:914} INFO - Processing file /mnt/e/Assignments/Airflow/airflow/airflow_env/lib/python3.12/site-packages/airflow/example_dags/example_latest_only.py for tasks to queue
[2024-12-26T04:26:45.241+0200] {logging_mixin.py:190} INFO - [2024-12-26T04:26:45.236+0200] {dagbag.py:588} INFO - Filling up the DagBag from /mnt/e/Assignments/Airflow/airflow/airflow_env/lib/python3.12/site-packages/airflow/example_dags/example_latest_only.py
[2024-12-26T04:26:45.497+0200] {processor.py:925} INFO - DAG(s) 'latest_only' retrieved from /mnt/e/Assignments/Airflow/airflow/airflow_env/lib/python3.12/site-packages/airflow/example_dags/example_latest_only.py
[2024-12-26T04:26:45.529+0200] {logging_mixin.py:190} INFO - [2024-12-26T04:26:45.527+0200] {dag.py:3239} INFO - Sync 1 DAGs
[2024-12-26T04:26:45.557+0200] {logging_mixin.py:190} INFO - [2024-12-26T04:26:45.557+0200] {dag.py:4180} INFO - Setting next_dagrun for latest_only to 2024-12-25 20:00:00+00:00, run_after=2024-12-26 00:00:00+00:00
[2024-12-26T04:26:45.620+0200] {processor.py:208} INFO - Processing /mnt/e/Assignments/Airflow/airflow/airflow_env/lib/python3.12/site-packages/airflow/example_dags/example_latest_only.py took 0.438 seconds
[2024-12-26T04:29:10.023+0200] {processor.py:186} INFO - Started process (PID=194444) to work on /mnt/e/Assignments/Airflow/airflow/airflow_env/lib/python3.12/site-packages/airflow/example_dags/example_latest_only.py
[2024-12-26T04:29:10.024+0200] {processor.py:914} INFO - Processing file /mnt/e/Assignments/Airflow/airflow/airflow_env/lib/python3.12/site-packages/airflow/example_dags/example_latest_only.py for tasks to queue
[2024-12-26T04:29:10.027+0200] {logging_mixin.py:190} INFO - [2024-12-26T04:29:10.026+0200] {dagbag.py:588} INFO - Filling up the DagBag from /mnt/e/Assignments/Airflow/airflow/airflow_env/lib/python3.12/site-packages/airflow/example_dags/example_latest_only.py
[2024-12-26T04:29:10.091+0200] {processor.py:925} INFO - DAG(s) 'latest_only' retrieved from /mnt/e/Assignments/Airflow/airflow/airflow_env/lib/python3.12/site-packages/airflow/example_dags/example_latest_only.py
[2024-12-26T04:29:10.114+0200] {logging_mixin.py:190} INFO - [2024-12-26T04:29:10.113+0200] {dag.py:3239} INFO - Sync 1 DAGs
[2024-12-26T04:29:10.136+0200] {logging_mixin.py:190} INFO - [2024-12-26T04:29:10.135+0200] {dag.py:4180} INFO - Setting next_dagrun for latest_only to 2024-12-25 20:00:00+00:00, run_after=2024-12-26 00:00:00+00:00
[2024-12-26T04:29:10.184+0200] {processor.py:208} INFO - Processing /mnt/e/Assignments/Airflow/airflow/airflow_env/lib/python3.12/site-packages/airflow/example_dags/example_latest_only.py took 0.172 seconds
[2024-12-26T04:31:22.443+0200] {processor.py:186} INFO - Started process (PID=194524) to work on /mnt/e/Assignments/Airflow/airflow/airflow_env/lib/python3.12/site-packages/airflow/example_dags/example_latest_only.py
[2024-12-26T04:31:22.445+0200] {processor.py:914} INFO - Processing file /mnt/e/Assignments/Airflow/airflow/airflow_env/lib/python3.12/site-packages/airflow/example_dags/example_latest_only.py for tasks to queue
[2024-12-26T04:31:22.448+0200] {logging_mixin.py:190} INFO - [2024-12-26T04:31:22.447+0200] {dagbag.py:588} INFO - Filling up the DagBag from /mnt/e/Assignments/Airflow/airflow/airflow_env/lib/python3.12/site-packages/airflow/example_dags/example_latest_only.py
[2024-12-26T04:31:22.518+0200] {processor.py:925} INFO - DAG(s) 'latest_only' retrieved from /mnt/e/Assignments/Airflow/airflow/airflow_env/lib/python3.12/site-packages/airflow/example_dags/example_latest_only.py
[2024-12-26T04:31:22.542+0200] {logging_mixin.py:190} INFO - [2024-12-26T04:31:22.541+0200] {dag.py:3239} INFO - Sync 1 DAGs
[2024-12-26T04:31:22.568+0200] {logging_mixin.py:190} INFO - [2024-12-26T04:31:22.567+0200] {dag.py:4180} INFO - Setting next_dagrun for latest_only to 2024-12-25 20:00:00+00:00, run_after=2024-12-26 00:00:00+00:00
[2024-12-26T04:31:22.621+0200] {processor.py:208} INFO - Processing /mnt/e/Assignments/Airflow/airflow/airflow_env/lib/python3.12/site-packages/airflow/example_dags/example_latest_only.py took 0.191 seconds
[2024-12-26T04:33:22.930+0200] {processor.py:186} INFO - Started process (PID=194606) to work on /mnt/e/Assignments/Airflow/airflow/airflow_env/lib/python3.12/site-packages/airflow/example_dags/example_latest_only.py
[2024-12-26T04:33:22.931+0200] {processor.py:914} INFO - Processing file /mnt/e/Assignments/Airflow/airflow/airflow_env/lib/python3.12/site-packages/airflow/example_dags/example_latest_only.py for tasks to queue
[2024-12-26T04:33:22.934+0200] {logging_mixin.py:190} INFO - [2024-12-26T04:33:22.933+0200] {dagbag.py:588} INFO - Filling up the DagBag from /mnt/e/Assignments/Airflow/airflow/airflow_env/lib/python3.12/site-packages/airflow/example_dags/example_latest_only.py
[2024-12-26T04:33:23.003+0200] {processor.py:925} INFO - DAG(s) 'latest_only' retrieved from /mnt/e/Assignments/Airflow/airflow/airflow_env/lib/python3.12/site-packages/airflow/example_dags/example_latest_only.py
[2024-12-26T04:33:23.020+0200] {logging_mixin.py:190} INFO - [2024-12-26T04:33:23.020+0200] {dag.py:3239} INFO - Sync 1 DAGs
[2024-12-26T04:33:23.038+0200] {logging_mixin.py:190} INFO - [2024-12-26T04:33:23.037+0200] {dag.py:4180} INFO - Setting next_dagrun for latest_only to 2024-12-25 20:00:00+00:00, run_after=2024-12-26 00:00:00+00:00
[2024-12-26T04:33:23.075+0200] {processor.py:208} INFO - Processing /mnt/e/Assignments/Airflow/airflow/airflow_env/lib/python3.12/site-packages/airflow/example_dags/example_latest_only.py took 0.154 seconds
