[2024-12-26T02:07:40.700+0200] {processor.py:186} INFO - Started process (PID=188623) to work on /mnt/e/Assignments/Airflow/airflow/airflow_env/lib/python3.12/site-packages/airflow/example_dags/example_dynamic_task_mapping.py
[2024-12-26T02:07:40.704+0200] {processor.py:914} INFO - Processing file /mnt/e/Assignments/Airflow/airflow/airflow_env/lib/python3.12/site-packages/airflow/example_dags/example_dynamic_task_mapping.py for tasks to queue
[2024-12-26T02:07:40.710+0200] {logging_mixin.py:190} INFO - [2024-12-26T02:07:40.707+0200] {dagbag.py:588} INFO - Filling up the DagBag from /mnt/e/Assignments/Airflow/airflow/airflow_env/lib/python3.12/site-packages/airflow/example_dags/example_dynamic_task_mapping.py
[2024-12-26T02:07:40.789+0200] {processor.py:925} INFO - DAG(s) 'example_dynamic_task_mapping' retrieved from /mnt/e/Assignments/Airflow/airflow/airflow_env/lib/python3.12/site-packages/airflow/example_dags/example_dynamic_task_mapping.py
[2024-12-26T02:07:40.846+0200] {logging_mixin.py:190} INFO - [2024-12-26T02:07:40.844+0200] {dag.py:3239} INFO - Sync 1 DAGs
[2024-12-26T02:07:40.866+0200] {logging_mixin.py:190} INFO - [2024-12-26T02:07:40.864+0200] {dag.py:4180} INFO - Setting next_dagrun for example_dynamic_task_mapping to None, run_after=None
[2024-12-26T02:07:41.035+0200] {processor.py:208} INFO - Processing /mnt/e/Assignments/Airflow/airflow/airflow_env/lib/python3.12/site-packages/airflow/example_dags/example_dynamic_task_mapping.py took 0.358 seconds
[2024-12-26T02:09:48.324+0200] {processor.py:186} INFO - Started process (PID=188706) to work on /mnt/e/Assignments/Airflow/airflow/airflow_env/lib/python3.12/site-packages/airflow/example_dags/example_dynamic_task_mapping.py
[2024-12-26T02:09:48.326+0200] {processor.py:914} INFO - Processing file /mnt/e/Assignments/Airflow/airflow/airflow_env/lib/python3.12/site-packages/airflow/example_dags/example_dynamic_task_mapping.py for tasks to queue
[2024-12-26T02:09:48.330+0200] {logging_mixin.py:190} INFO - [2024-12-26T02:09:48.328+0200] {dagbag.py:588} INFO - Filling up the DagBag from /mnt/e/Assignments/Airflow/airflow/airflow_env/lib/python3.12/site-packages/airflow/example_dags/example_dynamic_task_mapping.py
[2024-12-26T02:09:48.362+0200] {processor.py:925} INFO - DAG(s) 'example_dynamic_task_mapping' retrieved from /mnt/e/Assignments/Airflow/airflow/airflow_env/lib/python3.12/site-packages/airflow/example_dags/example_dynamic_task_mapping.py
[2024-12-26T02:09:48.398+0200] {logging_mixin.py:190} INFO - [2024-12-26T02:09:48.397+0200] {dag.py:3239} INFO - Sync 1 DAGs
[2024-12-26T02:09:48.415+0200] {logging_mixin.py:190} INFO - [2024-12-26T02:09:48.413+0200] {dag.py:4180} INFO - Setting next_dagrun for example_dynamic_task_mapping to None, run_after=None
[2024-12-26T02:09:48.513+0200] {processor.py:208} INFO - Processing /mnt/e/Assignments/Airflow/airflow/airflow_env/lib/python3.12/site-packages/airflow/example_dags/example_dynamic_task_mapping.py took 0.208 seconds
[2024-12-26T02:12:03.141+0200] {processor.py:186} INFO - Started process (PID=188803) to work on /mnt/e/Assignments/Airflow/airflow/airflow_env/lib/python3.12/site-packages/airflow/example_dags/example_dynamic_task_mapping.py
[2024-12-26T02:12:03.146+0200] {processor.py:914} INFO - Processing file /mnt/e/Assignments/Airflow/airflow/airflow_env/lib/python3.12/site-packages/airflow/example_dags/example_dynamic_task_mapping.py for tasks to queue
[2024-12-26T02:12:03.152+0200] {logging_mixin.py:190} INFO - [2024-12-26T02:12:03.150+0200] {dagbag.py:588} INFO - Filling up the DagBag from /mnt/e/Assignments/Airflow/airflow/airflow_env/lib/python3.12/site-packages/airflow/example_dags/example_dynamic_task_mapping.py
[2024-12-26T02:12:03.200+0200] {processor.py:925} INFO - DAG(s) 'example_dynamic_task_mapping' retrieved from /mnt/e/Assignments/Airflow/airflow/airflow_env/lib/python3.12/site-packages/airflow/example_dags/example_dynamic_task_mapping.py
[2024-12-26T02:12:03.249+0200] {logging_mixin.py:190} INFO - [2024-12-26T02:12:03.246+0200] {dag.py:3239} INFO - Sync 1 DAGs
[2024-12-26T02:12:03.271+0200] {logging_mixin.py:190} INFO - [2024-12-26T02:12:03.268+0200] {dag.py:4180} INFO - Setting next_dagrun for example_dynamic_task_mapping to None, run_after=None
[2024-12-26T02:12:03.410+0200] {processor.py:208} INFO - Processing /mnt/e/Assignments/Airflow/airflow/airflow_env/lib/python3.12/site-packages/airflow/example_dags/example_dynamic_task_mapping.py took 0.291 seconds
[2024-12-26T02:14:13.796+0200] {processor.py:186} INFO - Started process (PID=188888) to work on /mnt/e/Assignments/Airflow/airflow/airflow_env/lib/python3.12/site-packages/airflow/example_dags/example_dynamic_task_mapping.py
[2024-12-26T02:14:13.799+0200] {processor.py:914} INFO - Processing file /mnt/e/Assignments/Airflow/airflow/airflow_env/lib/python3.12/site-packages/airflow/example_dags/example_dynamic_task_mapping.py for tasks to queue
[2024-12-26T02:14:13.805+0200] {logging_mixin.py:190} INFO - [2024-12-26T02:14:13.803+0200] {dagbag.py:588} INFO - Filling up the DagBag from /mnt/e/Assignments/Airflow/airflow/airflow_env/lib/python3.12/site-packages/airflow/example_dags/example_dynamic_task_mapping.py
[2024-12-26T02:14:13.867+0200] {processor.py:925} INFO - DAG(s) 'example_dynamic_task_mapping' retrieved from /mnt/e/Assignments/Airflow/airflow/airflow_env/lib/python3.12/site-packages/airflow/example_dags/example_dynamic_task_mapping.py
[2024-12-26T02:14:13.918+0200] {logging_mixin.py:190} INFO - [2024-12-26T02:14:13.915+0200] {dag.py:3239} INFO - Sync 1 DAGs
[2024-12-26T02:14:13.938+0200] {logging_mixin.py:190} INFO - [2024-12-26T02:14:13.936+0200] {dag.py:4180} INFO - Setting next_dagrun for example_dynamic_task_mapping to None, run_after=None
[2024-12-26T02:14:14.064+0200] {processor.py:208} INFO - Processing /mnt/e/Assignments/Airflow/airflow/airflow_env/lib/python3.12/site-packages/airflow/example_dags/example_dynamic_task_mapping.py took 0.301 seconds
[2024-12-26T02:16:27.259+0200] {processor.py:186} INFO - Started process (PID=188972) to work on /mnt/e/Assignments/Airflow/airflow/airflow_env/lib/python3.12/site-packages/airflow/example_dags/example_dynamic_task_mapping.py
[2024-12-26T02:16:27.262+0200] {processor.py:914} INFO - Processing file /mnt/e/Assignments/Airflow/airflow/airflow_env/lib/python3.12/site-packages/airflow/example_dags/example_dynamic_task_mapping.py for tasks to queue
[2024-12-26T02:16:27.267+0200] {logging_mixin.py:190} INFO - [2024-12-26T02:16:27.265+0200] {dagbag.py:588} INFO - Filling up the DagBag from /mnt/e/Assignments/Airflow/airflow/airflow_env/lib/python3.12/site-packages/airflow/example_dags/example_dynamic_task_mapping.py
[2024-12-26T02:16:27.292+0200] {processor.py:925} INFO - DAG(s) 'example_dynamic_task_mapping' retrieved from /mnt/e/Assignments/Airflow/airflow/airflow_env/lib/python3.12/site-packages/airflow/example_dags/example_dynamic_task_mapping.py
[2024-12-26T02:16:27.319+0200] {logging_mixin.py:190} INFO - [2024-12-26T02:16:27.318+0200] {dag.py:3239} INFO - Sync 1 DAGs
[2024-12-26T02:16:27.333+0200] {logging_mixin.py:190} INFO - [2024-12-26T02:16:27.332+0200] {dag.py:4180} INFO - Setting next_dagrun for example_dynamic_task_mapping to None, run_after=None
[2024-12-26T02:16:27.404+0200] {processor.py:208} INFO - Processing /mnt/e/Assignments/Airflow/airflow/airflow_env/lib/python3.12/site-packages/airflow/example_dags/example_dynamic_task_mapping.py took 0.167 seconds
[2024-12-26T02:18:26.484+0200] {processor.py:186} INFO - Started process (PID=189068) to work on /mnt/e/Assignments/Airflow/airflow/airflow_env/lib/python3.12/site-packages/airflow/example_dags/example_dynamic_task_mapping.py
[2024-12-26T02:18:26.490+0200] {processor.py:914} INFO - Processing file /mnt/e/Assignments/Airflow/airflow/airflow_env/lib/python3.12/site-packages/airflow/example_dags/example_dynamic_task_mapping.py for tasks to queue
[2024-12-26T02:18:26.497+0200] {logging_mixin.py:190} INFO - [2024-12-26T02:18:26.494+0200] {dagbag.py:588} INFO - Filling up the DagBag from /mnt/e/Assignments/Airflow/airflow/airflow_env/lib/python3.12/site-packages/airflow/example_dags/example_dynamic_task_mapping.py
[2024-12-26T02:18:26.566+0200] {processor.py:925} INFO - DAG(s) 'example_dynamic_task_mapping' retrieved from /mnt/e/Assignments/Airflow/airflow/airflow_env/lib/python3.12/site-packages/airflow/example_dags/example_dynamic_task_mapping.py
[2024-12-26T02:18:26.633+0200] {logging_mixin.py:190} INFO - [2024-12-26T02:18:26.629+0200] {dag.py:3239} INFO - Sync 1 DAGs
[2024-12-26T02:18:26.658+0200] {logging_mixin.py:190} INFO - [2024-12-26T02:18:26.654+0200] {dag.py:4180} INFO - Setting next_dagrun for example_dynamic_task_mapping to None, run_after=None
[2024-12-26T02:18:26.842+0200] {processor.py:208} INFO - Processing /mnt/e/Assignments/Airflow/airflow/airflow_env/lib/python3.12/site-packages/airflow/example_dags/example_dynamic_task_mapping.py took 0.390 seconds
[2024-12-26T02:20:40.804+0200] {processor.py:186} INFO - Started process (PID=189159) to work on /mnt/e/Assignments/Airflow/airflow/airflow_env/lib/python3.12/site-packages/airflow/example_dags/example_dynamic_task_mapping.py
[2024-12-26T02:20:40.808+0200] {processor.py:914} INFO - Processing file /mnt/e/Assignments/Airflow/airflow/airflow_env/lib/python3.12/site-packages/airflow/example_dags/example_dynamic_task_mapping.py for tasks to queue
[2024-12-26T02:20:40.814+0200] {logging_mixin.py:190} INFO - [2024-12-26T02:20:40.812+0200] {dagbag.py:588} INFO - Filling up the DagBag from /mnt/e/Assignments/Airflow/airflow/airflow_env/lib/python3.12/site-packages/airflow/example_dags/example_dynamic_task_mapping.py
[2024-12-26T02:20:40.864+0200] {processor.py:925} INFO - DAG(s) 'example_dynamic_task_mapping' retrieved from /mnt/e/Assignments/Airflow/airflow/airflow_env/lib/python3.12/site-packages/airflow/example_dags/example_dynamic_task_mapping.py
[2024-12-26T02:20:40.930+0200] {logging_mixin.py:190} INFO - [2024-12-26T02:20:40.927+0200] {dag.py:3239} INFO - Sync 1 DAGs
[2024-12-26T02:20:40.956+0200] {logging_mixin.py:190} INFO - [2024-12-26T02:20:40.954+0200] {dag.py:4180} INFO - Setting next_dagrun for example_dynamic_task_mapping to None, run_after=None
[2024-12-26T02:20:41.085+0200] {processor.py:208} INFO - Processing /mnt/e/Assignments/Airflow/airflow/airflow_env/lib/python3.12/site-packages/airflow/example_dags/example_dynamic_task_mapping.py took 0.305 seconds
[2024-12-26T02:22:49.676+0200] {processor.py:186} INFO - Started process (PID=189266) to work on /mnt/e/Assignments/Airflow/airflow/airflow_env/lib/python3.12/site-packages/airflow/example_dags/example_dynamic_task_mapping.py
[2024-12-26T02:22:49.680+0200] {processor.py:914} INFO - Processing file /mnt/e/Assignments/Airflow/airflow/airflow_env/lib/python3.12/site-packages/airflow/example_dags/example_dynamic_task_mapping.py for tasks to queue
[2024-12-26T02:22:49.684+0200] {logging_mixin.py:190} INFO - [2024-12-26T02:22:49.682+0200] {dagbag.py:588} INFO - Filling up the DagBag from /mnt/e/Assignments/Airflow/airflow/airflow_env/lib/python3.12/site-packages/airflow/example_dags/example_dynamic_task_mapping.py
[2024-12-26T02:22:49.731+0200] {processor.py:925} INFO - DAG(s) 'example_dynamic_task_mapping' retrieved from /mnt/e/Assignments/Airflow/airflow/airflow_env/lib/python3.12/site-packages/airflow/example_dags/example_dynamic_task_mapping.py
[2024-12-26T02:22:49.776+0200] {logging_mixin.py:190} INFO - [2024-12-26T02:22:49.774+0200] {dag.py:3239} INFO - Sync 1 DAGs
[2024-12-26T02:22:49.793+0200] {logging_mixin.py:190} INFO - [2024-12-26T02:22:49.791+0200] {dag.py:4180} INFO - Setting next_dagrun for example_dynamic_task_mapping to None, run_after=None
[2024-12-26T02:22:49.882+0200] {processor.py:208} INFO - Processing /mnt/e/Assignments/Airflow/airflow/airflow_env/lib/python3.12/site-packages/airflow/example_dags/example_dynamic_task_mapping.py took 0.231 seconds
[2024-12-26T02:25:01.094+0200] {processor.py:186} INFO - Started process (PID=189389) to work on /mnt/e/Assignments/Airflow/airflow/airflow_env/lib/python3.12/site-packages/airflow/example_dags/example_dynamic_task_mapping.py
[2024-12-26T02:25:01.097+0200] {processor.py:914} INFO - Processing file /mnt/e/Assignments/Airflow/airflow/airflow_env/lib/python3.12/site-packages/airflow/example_dags/example_dynamic_task_mapping.py for tasks to queue
[2024-12-26T02:25:01.101+0200] {logging_mixin.py:190} INFO - [2024-12-26T02:25:01.100+0200] {dagbag.py:588} INFO - Filling up the DagBag from /mnt/e/Assignments/Airflow/airflow/airflow_env/lib/python3.12/site-packages/airflow/example_dags/example_dynamic_task_mapping.py
[2024-12-26T02:25:01.137+0200] {processor.py:925} INFO - DAG(s) 'example_dynamic_task_mapping' retrieved from /mnt/e/Assignments/Airflow/airflow/airflow_env/lib/python3.12/site-packages/airflow/example_dags/example_dynamic_task_mapping.py
[2024-12-26T02:25:01.177+0200] {logging_mixin.py:190} INFO - [2024-12-26T02:25:01.176+0200] {dag.py:3239} INFO - Sync 1 DAGs
[2024-12-26T02:25:01.196+0200] {logging_mixin.py:190} INFO - [2024-12-26T02:25:01.195+0200] {dag.py:4180} INFO - Setting next_dagrun for example_dynamic_task_mapping to None, run_after=None
[2024-12-26T02:25:01.281+0200] {processor.py:208} INFO - Processing /mnt/e/Assignments/Airflow/airflow/airflow_env/lib/python3.12/site-packages/airflow/example_dags/example_dynamic_task_mapping.py took 0.204 seconds
[2024-12-26T02:27:06.851+0200] {processor.py:186} INFO - Started process (PID=189527) to work on /mnt/e/Assignments/Airflow/airflow/airflow_env/lib/python3.12/site-packages/airflow/example_dags/example_dynamic_task_mapping.py
[2024-12-26T02:27:06.854+0200] {processor.py:914} INFO - Processing file /mnt/e/Assignments/Airflow/airflow/airflow_env/lib/python3.12/site-packages/airflow/example_dags/example_dynamic_task_mapping.py for tasks to queue
[2024-12-26T02:27:06.859+0200] {logging_mixin.py:190} INFO - [2024-12-26T02:27:06.858+0200] {dagbag.py:588} INFO - Filling up the DagBag from /mnt/e/Assignments/Airflow/airflow/airflow_env/lib/python3.12/site-packages/airflow/example_dags/example_dynamic_task_mapping.py
[2024-12-26T02:27:06.900+0200] {processor.py:925} INFO - DAG(s) 'example_dynamic_task_mapping' retrieved from /mnt/e/Assignments/Airflow/airflow/airflow_env/lib/python3.12/site-packages/airflow/example_dags/example_dynamic_task_mapping.py
[2024-12-26T02:27:06.945+0200] {logging_mixin.py:190} INFO - [2024-12-26T02:27:06.943+0200] {dag.py:3239} INFO - Sync 1 DAGs
[2024-12-26T02:27:06.960+0200] {logging_mixin.py:190} INFO - [2024-12-26T02:27:06.958+0200] {dag.py:4180} INFO - Setting next_dagrun for example_dynamic_task_mapping to None, run_after=None
[2024-12-26T02:27:07.031+0200] {processor.py:208} INFO - Processing /mnt/e/Assignments/Airflow/airflow/airflow_env/lib/python3.12/site-packages/airflow/example_dags/example_dynamic_task_mapping.py took 0.197 seconds
[2024-12-26T02:29:11.038+0200] {processor.py:186} INFO - Started process (PID=189661) to work on /mnt/e/Assignments/Airflow/airflow/airflow_env/lib/python3.12/site-packages/airflow/example_dags/example_dynamic_task_mapping.py
[2024-12-26T02:29:11.042+0200] {processor.py:914} INFO - Processing file /mnt/e/Assignments/Airflow/airflow/airflow_env/lib/python3.12/site-packages/airflow/example_dags/example_dynamic_task_mapping.py for tasks to queue
[2024-12-26T02:29:11.047+0200] {logging_mixin.py:190} INFO - [2024-12-26T02:29:11.045+0200] {dagbag.py:588} INFO - Filling up the DagBag from /mnt/e/Assignments/Airflow/airflow/airflow_env/lib/python3.12/site-packages/airflow/example_dags/example_dynamic_task_mapping.py
[2024-12-26T02:29:11.095+0200] {processor.py:925} INFO - DAG(s) 'example_dynamic_task_mapping' retrieved from /mnt/e/Assignments/Airflow/airflow/airflow_env/lib/python3.12/site-packages/airflow/example_dags/example_dynamic_task_mapping.py
[2024-12-26T02:29:11.145+0200] {logging_mixin.py:190} INFO - [2024-12-26T02:29:11.143+0200] {dag.py:3239} INFO - Sync 1 DAGs
[2024-12-26T02:29:11.167+0200] {logging_mixin.py:190} INFO - [2024-12-26T02:29:11.164+0200] {dag.py:4180} INFO - Setting next_dagrun for example_dynamic_task_mapping to None, run_after=None
[2024-12-26T02:29:11.291+0200] {processor.py:208} INFO - Processing /mnt/e/Assignments/Airflow/airflow/airflow_env/lib/python3.12/site-packages/airflow/example_dags/example_dynamic_task_mapping.py took 0.277 seconds
[2024-12-26T02:31:29.891+0200] {processor.py:186} INFO - Started process (PID=189766) to work on /mnt/e/Assignments/Airflow/airflow/airflow_env/lib/python3.12/site-packages/airflow/example_dags/example_dynamic_task_mapping.py
[2024-12-26T02:31:29.893+0200] {processor.py:914} INFO - Processing file /mnt/e/Assignments/Airflow/airflow/airflow_env/lib/python3.12/site-packages/airflow/example_dags/example_dynamic_task_mapping.py for tasks to queue
[2024-12-26T02:31:29.897+0200] {logging_mixin.py:190} INFO - [2024-12-26T02:31:29.895+0200] {dagbag.py:588} INFO - Filling up the DagBag from /mnt/e/Assignments/Airflow/airflow/airflow_env/lib/python3.12/site-packages/airflow/example_dags/example_dynamic_task_mapping.py
[2024-12-26T02:31:29.927+0200] {processor.py:925} INFO - DAG(s) 'example_dynamic_task_mapping' retrieved from /mnt/e/Assignments/Airflow/airflow/airflow_env/lib/python3.12/site-packages/airflow/example_dags/example_dynamic_task_mapping.py
[2024-12-26T02:31:29.961+0200] {logging_mixin.py:190} INFO - [2024-12-26T02:31:29.959+0200] {dag.py:3239} INFO - Sync 1 DAGs
[2024-12-26T02:31:29.976+0200] {logging_mixin.py:190} INFO - [2024-12-26T02:31:29.975+0200] {dag.py:4180} INFO - Setting next_dagrun for example_dynamic_task_mapping to None, run_after=None
[2024-12-26T02:31:30.053+0200] {processor.py:208} INFO - Processing /mnt/e/Assignments/Airflow/airflow/airflow_env/lib/python3.12/site-packages/airflow/example_dags/example_dynamic_task_mapping.py took 0.177 seconds
[2024-12-26T02:33:46.036+0200] {processor.py:186} INFO - Started process (PID=189865) to work on /mnt/e/Assignments/Airflow/airflow/airflow_env/lib/python3.12/site-packages/airflow/example_dags/example_dynamic_task_mapping.py
[2024-12-26T02:33:46.039+0200] {processor.py:914} INFO - Processing file /mnt/e/Assignments/Airflow/airflow/airflow_env/lib/python3.12/site-packages/airflow/example_dags/example_dynamic_task_mapping.py for tasks to queue
[2024-12-26T02:33:46.043+0200] {logging_mixin.py:190} INFO - [2024-12-26T02:33:46.042+0200] {dagbag.py:588} INFO - Filling up the DagBag from /mnt/e/Assignments/Airflow/airflow/airflow_env/lib/python3.12/site-packages/airflow/example_dags/example_dynamic_task_mapping.py
[2024-12-26T02:33:46.075+0200] {processor.py:925} INFO - DAG(s) 'example_dynamic_task_mapping' retrieved from /mnt/e/Assignments/Airflow/airflow/airflow_env/lib/python3.12/site-packages/airflow/example_dags/example_dynamic_task_mapping.py
[2024-12-26T02:33:46.106+0200] {logging_mixin.py:190} INFO - [2024-12-26T02:33:46.105+0200] {dag.py:3239} INFO - Sync 1 DAGs
[2024-12-26T02:33:46.119+0200] {logging_mixin.py:190} INFO - [2024-12-26T02:33:46.117+0200] {dag.py:4180} INFO - Setting next_dagrun for example_dynamic_task_mapping to None, run_after=None
[2024-12-26T02:33:46.226+0200] {processor.py:208} INFO - Processing /mnt/e/Assignments/Airflow/airflow/airflow_env/lib/python3.12/site-packages/airflow/example_dags/example_dynamic_task_mapping.py took 0.207 seconds
[2024-12-26T02:36:10.812+0200] {processor.py:186} INFO - Started process (PID=189969) to work on /mnt/e/Assignments/Airflow/airflow/airflow_env/lib/python3.12/site-packages/airflow/example_dags/example_dynamic_task_mapping.py
[2024-12-26T02:36:10.816+0200] {processor.py:914} INFO - Processing file /mnt/e/Assignments/Airflow/airflow/airflow_env/lib/python3.12/site-packages/airflow/example_dags/example_dynamic_task_mapping.py for tasks to queue
[2024-12-26T02:36:10.821+0200] {logging_mixin.py:190} INFO - [2024-12-26T02:36:10.819+0200] {dagbag.py:588} INFO - Filling up the DagBag from /mnt/e/Assignments/Airflow/airflow/airflow_env/lib/python3.12/site-packages/airflow/example_dags/example_dynamic_task_mapping.py
[2024-12-26T02:36:10.868+0200] {processor.py:925} INFO - DAG(s) 'example_dynamic_task_mapping' retrieved from /mnt/e/Assignments/Airflow/airflow/airflow_env/lib/python3.12/site-packages/airflow/example_dags/example_dynamic_task_mapping.py
[2024-12-26T02:36:10.911+0200] {logging_mixin.py:190} INFO - [2024-12-26T02:36:10.909+0200] {dag.py:3239} INFO - Sync 1 DAGs
[2024-12-26T02:36:10.929+0200] {logging_mixin.py:190} INFO - [2024-12-26T02:36:10.927+0200] {dag.py:4180} INFO - Setting next_dagrun for example_dynamic_task_mapping to None, run_after=None
[2024-12-26T02:36:11.047+0200] {processor.py:208} INFO - Processing /mnt/e/Assignments/Airflow/airflow/airflow_env/lib/python3.12/site-packages/airflow/example_dags/example_dynamic_task_mapping.py took 0.256 seconds
[2024-12-26T02:38:28.313+0200] {processor.py:186} INFO - Started process (PID=190066) to work on /mnt/e/Assignments/Airflow/airflow/airflow_env/lib/python3.12/site-packages/airflow/example_dags/example_dynamic_task_mapping.py
[2024-12-26T02:38:28.316+0200] {processor.py:914} INFO - Processing file /mnt/e/Assignments/Airflow/airflow/airflow_env/lib/python3.12/site-packages/airflow/example_dags/example_dynamic_task_mapping.py for tasks to queue
[2024-12-26T02:38:28.320+0200] {logging_mixin.py:190} INFO - [2024-12-26T02:38:28.318+0200] {dagbag.py:588} INFO - Filling up the DagBag from /mnt/e/Assignments/Airflow/airflow/airflow_env/lib/python3.12/site-packages/airflow/example_dags/example_dynamic_task_mapping.py
[2024-12-26T02:38:28.355+0200] {processor.py:925} INFO - DAG(s) 'example_dynamic_task_mapping' retrieved from /mnt/e/Assignments/Airflow/airflow/airflow_env/lib/python3.12/site-packages/airflow/example_dags/example_dynamic_task_mapping.py
[2024-12-26T02:38:28.424+0200] {logging_mixin.py:190} INFO - [2024-12-26T02:38:28.422+0200] {dag.py:3239} INFO - Sync 1 DAGs
[2024-12-26T02:38:28.441+0200] {logging_mixin.py:190} INFO - [2024-12-26T02:38:28.440+0200] {dag.py:4180} INFO - Setting next_dagrun for example_dynamic_task_mapping to None, run_after=None
[2024-12-26T02:38:28.534+0200] {processor.py:208} INFO - Processing /mnt/e/Assignments/Airflow/airflow/airflow_env/lib/python3.12/site-packages/airflow/example_dags/example_dynamic_task_mapping.py took 0.241 seconds
[2024-12-26T02:41:37.097+0200] {processor.py:186} INFO - Started process (PID=190156) to work on /mnt/e/Assignments/Airflow/airflow/airflow_env/lib/python3.12/site-packages/airflow/example_dags/example_dynamic_task_mapping.py
[2024-12-26T02:41:37.100+0200] {processor.py:914} INFO - Processing file /mnt/e/Assignments/Airflow/airflow/airflow_env/lib/python3.12/site-packages/airflow/example_dags/example_dynamic_task_mapping.py for tasks to queue
[2024-12-26T02:41:37.109+0200] {logging_mixin.py:190} INFO - [2024-12-26T02:41:37.103+0200] {dagbag.py:588} INFO - Filling up the DagBag from /mnt/e/Assignments/Airflow/airflow/airflow_env/lib/python3.12/site-packages/airflow/example_dags/example_dynamic_task_mapping.py
[2024-12-26T02:41:37.187+0200] {processor.py:925} INFO - DAG(s) 'example_dynamic_task_mapping' retrieved from /mnt/e/Assignments/Airflow/airflow/airflow_env/lib/python3.12/site-packages/airflow/example_dags/example_dynamic_task_mapping.py
[2024-12-26T02:41:37.305+0200] {logging_mixin.py:190} INFO - [2024-12-26T02:41:37.304+0200] {dag.py:3239} INFO - Sync 1 DAGs
[2024-12-26T02:41:37.332+0200] {logging_mixin.py:190} INFO - [2024-12-26T02:41:37.322+0200] {dag.py:4180} INFO - Setting next_dagrun for example_dynamic_task_mapping to None, run_after=None
[2024-12-26T02:41:37.429+0200] {processor.py:208} INFO - Processing /mnt/e/Assignments/Airflow/airflow/airflow_env/lib/python3.12/site-packages/airflow/example_dags/example_dynamic_task_mapping.py took 0.355 seconds
[2024-12-26T02:43:41.725+0200] {processor.py:186} INFO - Started process (PID=190235) to work on /mnt/e/Assignments/Airflow/airflow/airflow_env/lib/python3.12/site-packages/airflow/example_dags/example_dynamic_task_mapping.py
[2024-12-26T02:43:41.728+0200] {processor.py:914} INFO - Processing file /mnt/e/Assignments/Airflow/airflow/airflow_env/lib/python3.12/site-packages/airflow/example_dags/example_dynamic_task_mapping.py for tasks to queue
[2024-12-26T02:43:41.732+0200] {logging_mixin.py:190} INFO - [2024-12-26T02:43:41.731+0200] {dagbag.py:588} INFO - Filling up the DagBag from /mnt/e/Assignments/Airflow/airflow/airflow_env/lib/python3.12/site-packages/airflow/example_dags/example_dynamic_task_mapping.py
[2024-12-26T02:43:41.767+0200] {processor.py:925} INFO - DAG(s) 'example_dynamic_task_mapping' retrieved from /mnt/e/Assignments/Airflow/airflow/airflow_env/lib/python3.12/site-packages/airflow/example_dags/example_dynamic_task_mapping.py
[2024-12-26T02:43:41.801+0200] {logging_mixin.py:190} INFO - [2024-12-26T02:43:41.800+0200] {dag.py:3239} INFO - Sync 1 DAGs
[2024-12-26T02:43:41.818+0200] {logging_mixin.py:190} INFO - [2024-12-26T02:43:41.816+0200] {dag.py:4180} INFO - Setting next_dagrun for example_dynamic_task_mapping to None, run_after=None
[2024-12-26T02:43:41.905+0200] {processor.py:208} INFO - Processing /mnt/e/Assignments/Airflow/airflow/airflow_env/lib/python3.12/site-packages/airflow/example_dags/example_dynamic_task_mapping.py took 0.196 seconds
[2024-12-26T02:45:45.620+0200] {processor.py:186} INFO - Started process (PID=190316) to work on /mnt/e/Assignments/Airflow/airflow/airflow_env/lib/python3.12/site-packages/airflow/example_dags/example_dynamic_task_mapping.py
[2024-12-26T02:45:45.626+0200] {processor.py:914} INFO - Processing file /mnt/e/Assignments/Airflow/airflow/airflow_env/lib/python3.12/site-packages/airflow/example_dags/example_dynamic_task_mapping.py for tasks to queue
[2024-12-26T02:45:45.633+0200] {logging_mixin.py:190} INFO - [2024-12-26T02:45:45.630+0200] {dagbag.py:588} INFO - Filling up the DagBag from /mnt/e/Assignments/Airflow/airflow/airflow_env/lib/python3.12/site-packages/airflow/example_dags/example_dynamic_task_mapping.py
[2024-12-26T02:45:45.692+0200] {processor.py:925} INFO - DAG(s) 'example_dynamic_task_mapping' retrieved from /mnt/e/Assignments/Airflow/airflow/airflow_env/lib/python3.12/site-packages/airflow/example_dags/example_dynamic_task_mapping.py
[2024-12-26T02:45:45.756+0200] {logging_mixin.py:190} INFO - [2024-12-26T02:45:45.753+0200] {dag.py:3239} INFO - Sync 1 DAGs
[2024-12-26T02:45:45.780+0200] {logging_mixin.py:190} INFO - [2024-12-26T02:45:45.777+0200] {dag.py:4180} INFO - Setting next_dagrun for example_dynamic_task_mapping to None, run_after=None
[2024-12-26T02:45:45.961+0200] {processor.py:208} INFO - Processing /mnt/e/Assignments/Airflow/airflow/airflow_env/lib/python3.12/site-packages/airflow/example_dags/example_dynamic_task_mapping.py took 0.372 seconds
[2024-12-26T02:47:50.189+0200] {processor.py:186} INFO - Started process (PID=190421) to work on /mnt/e/Assignments/Airflow/airflow/airflow_env/lib/python3.12/site-packages/airflow/example_dags/example_dynamic_task_mapping.py
[2024-12-26T02:47:50.197+0200] {processor.py:914} INFO - Processing file /mnt/e/Assignments/Airflow/airflow/airflow_env/lib/python3.12/site-packages/airflow/example_dags/example_dynamic_task_mapping.py for tasks to queue
[2024-12-26T02:47:50.209+0200] {logging_mixin.py:190} INFO - [2024-12-26T02:47:50.203+0200] {dagbag.py:588} INFO - Filling up the DagBag from /mnt/e/Assignments/Airflow/airflow/airflow_env/lib/python3.12/site-packages/airflow/example_dags/example_dynamic_task_mapping.py
[2024-12-26T02:47:50.283+0200] {processor.py:925} INFO - DAG(s) 'example_dynamic_task_mapping' retrieved from /mnt/e/Assignments/Airflow/airflow/airflow_env/lib/python3.12/site-packages/airflow/example_dags/example_dynamic_task_mapping.py
[2024-12-26T02:47:50.346+0200] {logging_mixin.py:190} INFO - [2024-12-26T02:47:50.344+0200] {dag.py:3239} INFO - Sync 1 DAGs
[2024-12-26T02:47:50.370+0200] {logging_mixin.py:190} INFO - [2024-12-26T02:47:50.368+0200] {dag.py:4180} INFO - Setting next_dagrun for example_dynamic_task_mapping to None, run_after=None
[2024-12-26T02:47:50.462+0200] {processor.py:208} INFO - Processing /mnt/e/Assignments/Airflow/airflow/airflow_env/lib/python3.12/site-packages/airflow/example_dags/example_dynamic_task_mapping.py took 0.322 seconds
[2024-12-26T02:50:02.514+0200] {processor.py:186} INFO - Started process (PID=190530) to work on /mnt/e/Assignments/Airflow/airflow/airflow_env/lib/python3.12/site-packages/airflow/example_dags/example_dynamic_task_mapping.py
[2024-12-26T02:50:02.516+0200] {processor.py:914} INFO - Processing file /mnt/e/Assignments/Airflow/airflow/airflow_env/lib/python3.12/site-packages/airflow/example_dags/example_dynamic_task_mapping.py for tasks to queue
[2024-12-26T02:50:02.520+0200] {logging_mixin.py:190} INFO - [2024-12-26T02:50:02.518+0200] {dagbag.py:588} INFO - Filling up the DagBag from /mnt/e/Assignments/Airflow/airflow/airflow_env/lib/python3.12/site-packages/airflow/example_dags/example_dynamic_task_mapping.py
[2024-12-26T02:50:02.552+0200] {processor.py:925} INFO - DAG(s) 'example_dynamic_task_mapping' retrieved from /mnt/e/Assignments/Airflow/airflow/airflow_env/lib/python3.12/site-packages/airflow/example_dags/example_dynamic_task_mapping.py
[2024-12-26T02:50:02.587+0200] {logging_mixin.py:190} INFO - [2024-12-26T02:50:02.585+0200] {dag.py:3239} INFO - Sync 1 DAGs
[2024-12-26T02:50:02.606+0200] {logging_mixin.py:190} INFO - [2024-12-26T02:50:02.605+0200] {dag.py:4180} INFO - Setting next_dagrun for example_dynamic_task_mapping to None, run_after=None
[2024-12-26T02:50:02.759+0200] {processor.py:208} INFO - Processing /mnt/e/Assignments/Airflow/airflow/airflow_env/lib/python3.12/site-packages/airflow/example_dags/example_dynamic_task_mapping.py took 0.265 seconds
[2024-12-26T02:52:11.113+0200] {processor.py:186} INFO - Started process (PID=190620) to work on /mnt/e/Assignments/Airflow/airflow/airflow_env/lib/python3.12/site-packages/airflow/example_dags/example_dynamic_task_mapping.py
[2024-12-26T02:52:11.116+0200] {processor.py:914} INFO - Processing file /mnt/e/Assignments/Airflow/airflow/airflow_env/lib/python3.12/site-packages/airflow/example_dags/example_dynamic_task_mapping.py for tasks to queue
[2024-12-26T02:52:11.121+0200] {logging_mixin.py:190} INFO - [2024-12-26T02:52:11.119+0200] {dagbag.py:588} INFO - Filling up the DagBag from /mnt/e/Assignments/Airflow/airflow/airflow_env/lib/python3.12/site-packages/airflow/example_dags/example_dynamic_task_mapping.py
[2024-12-26T02:52:11.183+0200] {processor.py:925} INFO - DAG(s) 'example_dynamic_task_mapping' retrieved from /mnt/e/Assignments/Airflow/airflow/airflow_env/lib/python3.12/site-packages/airflow/example_dags/example_dynamic_task_mapping.py
[2024-12-26T02:52:11.232+0200] {logging_mixin.py:190} INFO - [2024-12-26T02:52:11.231+0200] {dag.py:3239} INFO - Sync 1 DAGs
[2024-12-26T02:52:11.257+0200] {logging_mixin.py:190} INFO - [2024-12-26T02:52:11.255+0200] {dag.py:4180} INFO - Setting next_dagrun for example_dynamic_task_mapping to None, run_after=None
[2024-12-26T02:52:11.362+0200] {processor.py:208} INFO - Processing /mnt/e/Assignments/Airflow/airflow/airflow_env/lib/python3.12/site-packages/airflow/example_dags/example_dynamic_task_mapping.py took 0.273 seconds
[2024-12-26T02:54:24.278+0200] {processor.py:186} INFO - Started process (PID=190720) to work on /mnt/e/Assignments/Airflow/airflow/airflow_env/lib/python3.12/site-packages/airflow/example_dags/example_dynamic_task_mapping.py
[2024-12-26T02:54:24.281+0200] {processor.py:914} INFO - Processing file /mnt/e/Assignments/Airflow/airflow/airflow_env/lib/python3.12/site-packages/airflow/example_dags/example_dynamic_task_mapping.py for tasks to queue
[2024-12-26T02:54:24.284+0200] {logging_mixin.py:190} INFO - [2024-12-26T02:54:24.282+0200] {dagbag.py:588} INFO - Filling up the DagBag from /mnt/e/Assignments/Airflow/airflow/airflow_env/lib/python3.12/site-packages/airflow/example_dags/example_dynamic_task_mapping.py
[2024-12-26T02:54:24.309+0200] {processor.py:925} INFO - DAG(s) 'example_dynamic_task_mapping' retrieved from /mnt/e/Assignments/Airflow/airflow/airflow_env/lib/python3.12/site-packages/airflow/example_dags/example_dynamic_task_mapping.py
[2024-12-26T02:54:24.335+0200] {logging_mixin.py:190} INFO - [2024-12-26T02:54:24.334+0200] {dag.py:3239} INFO - Sync 1 DAGs
[2024-12-26T02:54:24.349+0200] {logging_mixin.py:190} INFO - [2024-12-26T02:54:24.348+0200] {dag.py:4180} INFO - Setting next_dagrun for example_dynamic_task_mapping to None, run_after=None
[2024-12-26T02:54:24.422+0200] {processor.py:208} INFO - Processing /mnt/e/Assignments/Airflow/airflow/airflow_env/lib/python3.12/site-packages/airflow/example_dags/example_dynamic_task_mapping.py took 0.157 seconds
[2024-12-26T02:56:35.428+0200] {processor.py:186} INFO - Started process (PID=190811) to work on /mnt/e/Assignments/Airflow/airflow/airflow_env/lib/python3.12/site-packages/airflow/example_dags/example_dynamic_task_mapping.py
[2024-12-26T02:56:35.431+0200] {processor.py:914} INFO - Processing file /mnt/e/Assignments/Airflow/airflow/airflow_env/lib/python3.12/site-packages/airflow/example_dags/example_dynamic_task_mapping.py for tasks to queue
[2024-12-26T02:56:35.437+0200] {logging_mixin.py:190} INFO - [2024-12-26T02:56:35.434+0200] {dagbag.py:588} INFO - Filling up the DagBag from /mnt/e/Assignments/Airflow/airflow/airflow_env/lib/python3.12/site-packages/airflow/example_dags/example_dynamic_task_mapping.py
[2024-12-26T02:56:35.469+0200] {processor.py:925} INFO - DAG(s) 'example_dynamic_task_mapping' retrieved from /mnt/e/Assignments/Airflow/airflow/airflow_env/lib/python3.12/site-packages/airflow/example_dags/example_dynamic_task_mapping.py
[2024-12-26T02:56:35.495+0200] {logging_mixin.py:190} INFO - [2024-12-26T02:56:35.494+0200] {dag.py:3239} INFO - Sync 1 DAGs
[2024-12-26T02:56:35.508+0200] {logging_mixin.py:190} INFO - [2024-12-26T02:56:35.507+0200] {dag.py:4180} INFO - Setting next_dagrun for example_dynamic_task_mapping to None, run_after=None
[2024-12-26T02:56:35.577+0200] {processor.py:208} INFO - Processing /mnt/e/Assignments/Airflow/airflow/airflow_env/lib/python3.12/site-packages/airflow/example_dags/example_dynamic_task_mapping.py took 0.167 seconds
[2024-12-26T02:58:47.782+0200] {processor.py:186} INFO - Started process (PID=190895) to work on /mnt/e/Assignments/Airflow/airflow/airflow_env/lib/python3.12/site-packages/airflow/example_dags/example_dynamic_task_mapping.py
[2024-12-26T02:58:47.786+0200] {processor.py:914} INFO - Processing file /mnt/e/Assignments/Airflow/airflow/airflow_env/lib/python3.12/site-packages/airflow/example_dags/example_dynamic_task_mapping.py for tasks to queue
[2024-12-26T02:58:47.790+0200] {logging_mixin.py:190} INFO - [2024-12-26T02:58:47.788+0200] {dagbag.py:588} INFO - Filling up the DagBag from /mnt/e/Assignments/Airflow/airflow/airflow_env/lib/python3.12/site-packages/airflow/example_dags/example_dynamic_task_mapping.py
[2024-12-26T02:58:47.830+0200] {processor.py:925} INFO - DAG(s) 'example_dynamic_task_mapping' retrieved from /mnt/e/Assignments/Airflow/airflow/airflow_env/lib/python3.12/site-packages/airflow/example_dags/example_dynamic_task_mapping.py
[2024-12-26T02:58:47.874+0200] {logging_mixin.py:190} INFO - [2024-12-26T02:58:47.872+0200] {dag.py:3239} INFO - Sync 1 DAGs
[2024-12-26T02:58:47.892+0200] {logging_mixin.py:190} INFO - [2024-12-26T02:58:47.890+0200] {dag.py:4180} INFO - Setting next_dagrun for example_dynamic_task_mapping to None, run_after=None
[2024-12-26T02:58:47.969+0200] {processor.py:208} INFO - Processing /mnt/e/Assignments/Airflow/airflow/airflow_env/lib/python3.12/site-packages/airflow/example_dags/example_dynamic_task_mapping.py took 0.203 seconds
[2024-12-26T03:01:56.730+0200] {processor.py:186} INFO - Started process (PID=191006) to work on /mnt/e/Assignments/Airflow/airflow/airflow_env/lib/python3.12/site-packages/airflow/example_dags/example_dynamic_task_mapping.py
[2024-12-26T03:01:56.733+0200] {processor.py:914} INFO - Processing file /mnt/e/Assignments/Airflow/airflow/airflow_env/lib/python3.12/site-packages/airflow/example_dags/example_dynamic_task_mapping.py for tasks to queue
[2024-12-26T03:01:56.738+0200] {logging_mixin.py:190} INFO - [2024-12-26T03:01:56.737+0200] {dagbag.py:588} INFO - Filling up the DagBag from /mnt/e/Assignments/Airflow/airflow/airflow_env/lib/python3.12/site-packages/airflow/example_dags/example_dynamic_task_mapping.py
[2024-12-26T03:01:56.867+0200] {processor.py:925} INFO - DAG(s) 'example_dynamic_task_mapping' retrieved from /mnt/e/Assignments/Airflow/airflow/airflow_env/lib/python3.12/site-packages/airflow/example_dags/example_dynamic_task_mapping.py
[2024-12-26T03:01:56.902+0200] {logging_mixin.py:190} INFO - [2024-12-26T03:01:56.901+0200] {dag.py:3239} INFO - Sync 1 DAGs
[2024-12-26T03:01:56.921+0200] {logging_mixin.py:190} INFO - [2024-12-26T03:01:56.918+0200] {dag.py:4180} INFO - Setting next_dagrun for example_dynamic_task_mapping to None, run_after=None
[2024-12-26T03:01:57.027+0200] {processor.py:208} INFO - Processing /mnt/e/Assignments/Airflow/airflow/airflow_env/lib/python3.12/site-packages/airflow/example_dags/example_dynamic_task_mapping.py took 0.313 seconds
[2024-12-26T03:04:16.143+0200] {processor.py:186} INFO - Started process (PID=191102) to work on /mnt/e/Assignments/Airflow/airflow/airflow_env/lib/python3.12/site-packages/airflow/example_dags/example_dynamic_task_mapping.py
[2024-12-26T03:04:16.145+0200] {processor.py:914} INFO - Processing file /mnt/e/Assignments/Airflow/airflow/airflow_env/lib/python3.12/site-packages/airflow/example_dags/example_dynamic_task_mapping.py for tasks to queue
[2024-12-26T03:04:16.150+0200] {logging_mixin.py:190} INFO - [2024-12-26T03:04:16.148+0200] {dagbag.py:588} INFO - Filling up the DagBag from /mnt/e/Assignments/Airflow/airflow/airflow_env/lib/python3.12/site-packages/airflow/example_dags/example_dynamic_task_mapping.py
[2024-12-26T03:04:16.252+0200] {processor.py:925} INFO - DAG(s) 'example_dynamic_task_mapping' retrieved from /mnt/e/Assignments/Airflow/airflow/airflow_env/lib/python3.12/site-packages/airflow/example_dags/example_dynamic_task_mapping.py
[2024-12-26T03:04:16.284+0200] {logging_mixin.py:190} INFO - [2024-12-26T03:04:16.282+0200] {dag.py:3239} INFO - Sync 1 DAGs
[2024-12-26T03:04:16.298+0200] {logging_mixin.py:190} INFO - [2024-12-26T03:04:16.297+0200] {dag.py:4180} INFO - Setting next_dagrun for example_dynamic_task_mapping to None, run_after=None
[2024-12-26T03:04:16.401+0200] {processor.py:208} INFO - Processing /mnt/e/Assignments/Airflow/airflow/airflow_env/lib/python3.12/site-packages/airflow/example_dags/example_dynamic_task_mapping.py took 0.273 seconds
[2024-12-26T03:06:40.030+0200] {processor.py:186} INFO - Started process (PID=191197) to work on /mnt/e/Assignments/Airflow/airflow/airflow_env/lib/python3.12/site-packages/airflow/example_dags/example_dynamic_task_mapping.py
[2024-12-26T03:06:40.034+0200] {processor.py:914} INFO - Processing file /mnt/e/Assignments/Airflow/airflow/airflow_env/lib/python3.12/site-packages/airflow/example_dags/example_dynamic_task_mapping.py for tasks to queue
[2024-12-26T03:06:40.040+0200] {logging_mixin.py:190} INFO - [2024-12-26T03:06:40.038+0200] {dagbag.py:588} INFO - Filling up the DagBag from /mnt/e/Assignments/Airflow/airflow/airflow_env/lib/python3.12/site-packages/airflow/example_dags/example_dynamic_task_mapping.py
[2024-12-26T03:06:40.160+0200] {processor.py:925} INFO - DAG(s) 'example_dynamic_task_mapping' retrieved from /mnt/e/Assignments/Airflow/airflow/airflow_env/lib/python3.12/site-packages/airflow/example_dags/example_dynamic_task_mapping.py
[2024-12-26T03:06:40.197+0200] {logging_mixin.py:190} INFO - [2024-12-26T03:06:40.196+0200] {dag.py:3239} INFO - Sync 1 DAGs
[2024-12-26T03:06:40.212+0200] {logging_mixin.py:190} INFO - [2024-12-26T03:06:40.210+0200] {dag.py:4180} INFO - Setting next_dagrun for example_dynamic_task_mapping to None, run_after=None
[2024-12-26T03:06:40.288+0200] {processor.py:208} INFO - Processing /mnt/e/Assignments/Airflow/airflow/airflow_env/lib/python3.12/site-packages/airflow/example_dags/example_dynamic_task_mapping.py took 0.281 seconds
[2024-12-26T03:09:02.594+0200] {processor.py:186} INFO - Started process (PID=191268) to work on /mnt/e/Assignments/Airflow/airflow/airflow_env/lib/python3.12/site-packages/airflow/example_dags/example_dynamic_task_mapping.py
[2024-12-26T03:09:02.597+0200] {processor.py:914} INFO - Processing file /mnt/e/Assignments/Airflow/airflow/airflow_env/lib/python3.12/site-packages/airflow/example_dags/example_dynamic_task_mapping.py for tasks to queue
[2024-12-26T03:09:02.602+0200] {logging_mixin.py:190} INFO - [2024-12-26T03:09:02.600+0200] {dagbag.py:588} INFO - Filling up the DagBag from /mnt/e/Assignments/Airflow/airflow/airflow_env/lib/python3.12/site-packages/airflow/example_dags/example_dynamic_task_mapping.py
[2024-12-26T03:09:02.703+0200] {processor.py:925} INFO - DAG(s) 'example_dynamic_task_mapping' retrieved from /mnt/e/Assignments/Airflow/airflow/airflow_env/lib/python3.12/site-packages/airflow/example_dags/example_dynamic_task_mapping.py
[2024-12-26T03:09:02.733+0200] {logging_mixin.py:190} INFO - [2024-12-26T03:09:02.732+0200] {dag.py:3239} INFO - Sync 1 DAGs
[2024-12-26T03:09:02.747+0200] {logging_mixin.py:190} INFO - [2024-12-26T03:09:02.746+0200] {dag.py:4180} INFO - Setting next_dagrun for example_dynamic_task_mapping to None, run_after=None
[2024-12-26T03:09:02.812+0200] {processor.py:208} INFO - Processing /mnt/e/Assignments/Airflow/airflow/airflow_env/lib/python3.12/site-packages/airflow/example_dags/example_dynamic_task_mapping.py took 0.238 seconds
[2024-12-26T03:11:12.973+0200] {processor.py:186} INFO - Started process (PID=191349) to work on /mnt/e/Assignments/Airflow/airflow/airflow_env/lib/python3.12/site-packages/airflow/example_dags/example_dynamic_task_mapping.py
[2024-12-26T03:11:12.979+0200] {processor.py:914} INFO - Processing file /mnt/e/Assignments/Airflow/airflow/airflow_env/lib/python3.12/site-packages/airflow/example_dags/example_dynamic_task_mapping.py for tasks to queue
[2024-12-26T03:11:12.986+0200] {logging_mixin.py:190} INFO - [2024-12-26T03:11:12.983+0200] {dagbag.py:588} INFO - Filling up the DagBag from /mnt/e/Assignments/Airflow/airflow/airflow_env/lib/python3.12/site-packages/airflow/example_dags/example_dynamic_task_mapping.py
[2024-12-26T03:11:13.166+0200] {processor.py:925} INFO - DAG(s) 'example_dynamic_task_mapping' retrieved from /mnt/e/Assignments/Airflow/airflow/airflow_env/lib/python3.12/site-packages/airflow/example_dags/example_dynamic_task_mapping.py
[2024-12-26T03:11:13.206+0200] {logging_mixin.py:190} INFO - [2024-12-26T03:11:13.204+0200] {dag.py:3239} INFO - Sync 1 DAGs
[2024-12-26T03:11:13.226+0200] {logging_mixin.py:190} INFO - [2024-12-26T03:11:13.225+0200] {dag.py:4180} INFO - Setting next_dagrun for example_dynamic_task_mapping to None, run_after=None
[2024-12-26T03:11:13.307+0200] {processor.py:208} INFO - Processing /mnt/e/Assignments/Airflow/airflow/airflow_env/lib/python3.12/site-packages/airflow/example_dags/example_dynamic_task_mapping.py took 0.366 seconds
[2024-12-26T03:13:22.519+0200] {processor.py:186} INFO - Started process (PID=191433) to work on /mnt/e/Assignments/Airflow/airflow/airflow_env/lib/python3.12/site-packages/airflow/example_dags/example_dynamic_task_mapping.py
[2024-12-26T03:13:22.522+0200] {processor.py:914} INFO - Processing file /mnt/e/Assignments/Airflow/airflow/airflow_env/lib/python3.12/site-packages/airflow/example_dags/example_dynamic_task_mapping.py for tasks to queue
[2024-12-26T03:13:22.526+0200] {logging_mixin.py:190} INFO - [2024-12-26T03:13:22.524+0200] {dagbag.py:588} INFO - Filling up the DagBag from /mnt/e/Assignments/Airflow/airflow/airflow_env/lib/python3.12/site-packages/airflow/example_dags/example_dynamic_task_mapping.py
[2024-12-26T03:13:22.643+0200] {processor.py:925} INFO - DAG(s) 'example_dynamic_task_mapping' retrieved from /mnt/e/Assignments/Airflow/airflow/airflow_env/lib/python3.12/site-packages/airflow/example_dags/example_dynamic_task_mapping.py
[2024-12-26T03:13:22.683+0200] {logging_mixin.py:190} INFO - [2024-12-26T03:13:22.682+0200] {dag.py:3239} INFO - Sync 1 DAGs
[2024-12-26T03:13:22.701+0200] {logging_mixin.py:190} INFO - [2024-12-26T03:13:22.700+0200] {dag.py:4180} INFO - Setting next_dagrun for example_dynamic_task_mapping to None, run_after=None
[2024-12-26T03:13:22.758+0200] {processor.py:208} INFO - Processing /mnt/e/Assignments/Airflow/airflow/airflow_env/lib/python3.12/site-packages/airflow/example_dags/example_dynamic_task_mapping.py took 0.255 seconds
[2024-12-26T03:15:24.651+0200] {processor.py:186} INFO - Started process (PID=191511) to work on /mnt/e/Assignments/Airflow/airflow/airflow_env/lib/python3.12/site-packages/airflow/example_dags/example_dynamic_task_mapping.py
[2024-12-26T03:15:24.654+0200] {processor.py:914} INFO - Processing file /mnt/e/Assignments/Airflow/airflow/airflow_env/lib/python3.12/site-packages/airflow/example_dags/example_dynamic_task_mapping.py for tasks to queue
[2024-12-26T03:15:24.658+0200] {logging_mixin.py:190} INFO - [2024-12-26T03:15:24.657+0200] {dagbag.py:588} INFO - Filling up the DagBag from /mnt/e/Assignments/Airflow/airflow/airflow_env/lib/python3.12/site-packages/airflow/example_dags/example_dynamic_task_mapping.py
[2024-12-26T03:15:24.778+0200] {processor.py:925} INFO - DAG(s) 'example_dynamic_task_mapping' retrieved from /mnt/e/Assignments/Airflow/airflow/airflow_env/lib/python3.12/site-packages/airflow/example_dags/example_dynamic_task_mapping.py
[2024-12-26T03:15:24.843+0200] {logging_mixin.py:190} INFO - [2024-12-26T03:15:24.841+0200] {dag.py:3239} INFO - Sync 1 DAGs
[2024-12-26T03:15:24.860+0200] {logging_mixin.py:190} INFO - [2024-12-26T03:15:24.859+0200] {dag.py:4180} INFO - Setting next_dagrun for example_dynamic_task_mapping to None, run_after=None
[2024-12-26T03:15:24.941+0200] {processor.py:208} INFO - Processing /mnt/e/Assignments/Airflow/airflow/airflow_env/lib/python3.12/site-packages/airflow/example_dags/example_dynamic_task_mapping.py took 0.307 seconds
[2024-12-26T03:17:49.561+0200] {processor.py:186} INFO - Started process (PID=191598) to work on /mnt/e/Assignments/Airflow/airflow/airflow_env/lib/python3.12/site-packages/airflow/example_dags/example_dynamic_task_mapping.py
[2024-12-26T03:17:49.565+0200] {processor.py:914} INFO - Processing file /mnt/e/Assignments/Airflow/airflow/airflow_env/lib/python3.12/site-packages/airflow/example_dags/example_dynamic_task_mapping.py for tasks to queue
[2024-12-26T03:17:49.574+0200] {logging_mixin.py:190} INFO - [2024-12-26T03:17:49.571+0200] {dagbag.py:588} INFO - Filling up the DagBag from /mnt/e/Assignments/Airflow/airflow/airflow_env/lib/python3.12/site-packages/airflow/example_dags/example_dynamic_task_mapping.py
[2024-12-26T03:17:49.734+0200] {processor.py:925} INFO - DAG(s) 'example_dynamic_task_mapping' retrieved from /mnt/e/Assignments/Airflow/airflow/airflow_env/lib/python3.12/site-packages/airflow/example_dags/example_dynamic_task_mapping.py
[2024-12-26T03:17:49.762+0200] {logging_mixin.py:190} INFO - [2024-12-26T03:17:49.761+0200] {dag.py:3239} INFO - Sync 1 DAGs
[2024-12-26T03:17:49.773+0200] {logging_mixin.py:190} INFO - [2024-12-26T03:17:49.773+0200] {dag.py:4180} INFO - Setting next_dagrun for example_dynamic_task_mapping to None, run_after=None
[2024-12-26T03:17:49.815+0200] {processor.py:208} INFO - Processing /mnt/e/Assignments/Airflow/airflow/airflow_env/lib/python3.12/site-packages/airflow/example_dags/example_dynamic_task_mapping.py took 0.286 seconds
[2024-12-26T03:19:55.552+0200] {processor.py:186} INFO - Started process (PID=191700) to work on /mnt/e/Assignments/Airflow/airflow/airflow_env/lib/python3.12/site-packages/airflow/example_dags/example_dynamic_task_mapping.py
[2024-12-26T03:19:55.554+0200] {processor.py:914} INFO - Processing file /mnt/e/Assignments/Airflow/airflow/airflow_env/lib/python3.12/site-packages/airflow/example_dags/example_dynamic_task_mapping.py for tasks to queue
[2024-12-26T03:19:55.556+0200] {logging_mixin.py:190} INFO - [2024-12-26T03:19:55.555+0200] {dagbag.py:588} INFO - Filling up the DagBag from /mnt/e/Assignments/Airflow/airflow/airflow_env/lib/python3.12/site-packages/airflow/example_dags/example_dynamic_task_mapping.py
[2024-12-26T03:19:55.617+0200] {processor.py:925} INFO - DAG(s) 'example_dynamic_task_mapping' retrieved from /mnt/e/Assignments/Airflow/airflow/airflow_env/lib/python3.12/site-packages/airflow/example_dags/example_dynamic_task_mapping.py
[2024-12-26T03:19:55.645+0200] {logging_mixin.py:190} INFO - [2024-12-26T03:19:55.644+0200] {dag.py:3239} INFO - Sync 1 DAGs
[2024-12-26T03:19:55.655+0200] {logging_mixin.py:190} INFO - [2024-12-26T03:19:55.654+0200] {dag.py:4180} INFO - Setting next_dagrun for example_dynamic_task_mapping to None, run_after=None
[2024-12-26T03:19:55.741+0200] {processor.py:208} INFO - Processing /mnt/e/Assignments/Airflow/airflow/airflow_env/lib/python3.12/site-packages/airflow/example_dags/example_dynamic_task_mapping.py took 0.197 seconds
[2024-12-26T03:22:04.561+0200] {processor.py:186} INFO - Started process (PID=191799) to work on /mnt/e/Assignments/Airflow/airflow/airflow_env/lib/python3.12/site-packages/airflow/example_dags/example_dynamic_task_mapping.py
[2024-12-26T03:22:04.562+0200] {processor.py:914} INFO - Processing file /mnt/e/Assignments/Airflow/airflow/airflow_env/lib/python3.12/site-packages/airflow/example_dags/example_dynamic_task_mapping.py for tasks to queue
[2024-12-26T03:22:04.565+0200] {logging_mixin.py:190} INFO - [2024-12-26T03:22:04.564+0200] {dagbag.py:588} INFO - Filling up the DagBag from /mnt/e/Assignments/Airflow/airflow/airflow_env/lib/python3.12/site-packages/airflow/example_dags/example_dynamic_task_mapping.py
[2024-12-26T03:22:04.614+0200] {processor.py:925} INFO - DAG(s) 'example_dynamic_task_mapping' retrieved from /mnt/e/Assignments/Airflow/airflow/airflow_env/lib/python3.12/site-packages/airflow/example_dags/example_dynamic_task_mapping.py
[2024-12-26T03:22:04.632+0200] {logging_mixin.py:190} INFO - [2024-12-26T03:22:04.632+0200] {dag.py:3239} INFO - Sync 1 DAGs
[2024-12-26T03:22:04.641+0200] {logging_mixin.py:190} INFO - [2024-12-26T03:22:04.641+0200] {dag.py:4180} INFO - Setting next_dagrun for example_dynamic_task_mapping to None, run_after=None
[2024-12-26T03:22:04.700+0200] {processor.py:208} INFO - Processing /mnt/e/Assignments/Airflow/airflow/airflow_env/lib/python3.12/site-packages/airflow/example_dags/example_dynamic_task_mapping.py took 0.149 seconds
[2024-12-26T03:24:11.804+0200] {processor.py:186} INFO - Started process (PID=191890) to work on /mnt/e/Assignments/Airflow/airflow/airflow_env/lib/python3.12/site-packages/airflow/example_dags/example_dynamic_task_mapping.py
[2024-12-26T03:24:11.806+0200] {processor.py:914} INFO - Processing file /mnt/e/Assignments/Airflow/airflow/airflow_env/lib/python3.12/site-packages/airflow/example_dags/example_dynamic_task_mapping.py for tasks to queue
[2024-12-26T03:24:11.810+0200] {logging_mixin.py:190} INFO - [2024-12-26T03:24:11.809+0200] {dagbag.py:588} INFO - Filling up the DagBag from /mnt/e/Assignments/Airflow/airflow/airflow_env/lib/python3.12/site-packages/airflow/example_dags/example_dynamic_task_mapping.py
[2024-12-26T03:24:11.884+0200] {processor.py:925} INFO - DAG(s) 'example_dynamic_task_mapping' retrieved from /mnt/e/Assignments/Airflow/airflow/airflow_env/lib/python3.12/site-packages/airflow/example_dags/example_dynamic_task_mapping.py
[2024-12-26T03:24:11.910+0200] {logging_mixin.py:190} INFO - [2024-12-26T03:24:11.909+0200] {dag.py:3239} INFO - Sync 1 DAGs
[2024-12-26T03:24:11.923+0200] {logging_mixin.py:190} INFO - [2024-12-26T03:24:11.921+0200] {dag.py:4180} INFO - Setting next_dagrun for example_dynamic_task_mapping to None, run_after=None
[2024-12-26T03:24:11.979+0200] {processor.py:208} INFO - Processing /mnt/e/Assignments/Airflow/airflow/airflow_env/lib/python3.12/site-packages/airflow/example_dags/example_dynamic_task_mapping.py took 0.188 seconds
[2024-12-26T03:26:25.105+0200] {processor.py:186} INFO - Started process (PID=191980) to work on /mnt/e/Assignments/Airflow/airflow/airflow_env/lib/python3.12/site-packages/airflow/example_dags/example_dynamic_task_mapping.py
[2024-12-26T03:26:25.107+0200] {processor.py:914} INFO - Processing file /mnt/e/Assignments/Airflow/airflow/airflow_env/lib/python3.12/site-packages/airflow/example_dags/example_dynamic_task_mapping.py for tasks to queue
[2024-12-26T03:26:25.109+0200] {logging_mixin.py:190} INFO - [2024-12-26T03:26:25.108+0200] {dagbag.py:588} INFO - Filling up the DagBag from /mnt/e/Assignments/Airflow/airflow/airflow_env/lib/python3.12/site-packages/airflow/example_dags/example_dynamic_task_mapping.py
[2024-12-26T03:26:25.176+0200] {processor.py:925} INFO - DAG(s) 'example_dynamic_task_mapping' retrieved from /mnt/e/Assignments/Airflow/airflow/airflow_env/lib/python3.12/site-packages/airflow/example_dags/example_dynamic_task_mapping.py
[2024-12-26T03:26:25.200+0200] {logging_mixin.py:190} INFO - [2024-12-26T03:26:25.199+0200] {dag.py:3239} INFO - Sync 1 DAGs
[2024-12-26T03:26:25.214+0200] {logging_mixin.py:190} INFO - [2024-12-26T03:26:25.213+0200] {dag.py:4180} INFO - Setting next_dagrun for example_dynamic_task_mapping to None, run_after=None
[2024-12-26T03:26:25.276+0200] {processor.py:208} INFO - Processing /mnt/e/Assignments/Airflow/airflow/airflow_env/lib/python3.12/site-packages/airflow/example_dags/example_dynamic_task_mapping.py took 0.180 seconds
[2024-12-26T03:28:29.053+0200] {processor.py:186} INFO - Started process (PID=192075) to work on /mnt/e/Assignments/Airflow/airflow/airflow_env/lib/python3.12/site-packages/airflow/example_dags/example_dynamic_task_mapping.py
[2024-12-26T03:28:29.056+0200] {processor.py:914} INFO - Processing file /mnt/e/Assignments/Airflow/airflow/airflow_env/lib/python3.12/site-packages/airflow/example_dags/example_dynamic_task_mapping.py for tasks to queue
[2024-12-26T03:28:29.061+0200] {logging_mixin.py:190} INFO - [2024-12-26T03:28:29.060+0200] {dagbag.py:588} INFO - Filling up the DagBag from /mnt/e/Assignments/Airflow/airflow/airflow_env/lib/python3.12/site-packages/airflow/example_dags/example_dynamic_task_mapping.py
[2024-12-26T03:28:29.137+0200] {processor.py:925} INFO - DAG(s) 'example_dynamic_task_mapping' retrieved from /mnt/e/Assignments/Airflow/airflow/airflow_env/lib/python3.12/site-packages/airflow/example_dags/example_dynamic_task_mapping.py
[2024-12-26T03:28:29.162+0200] {logging_mixin.py:190} INFO - [2024-12-26T03:28:29.161+0200] {dag.py:3239} INFO - Sync 1 DAGs
[2024-12-26T03:28:29.173+0200] {logging_mixin.py:190} INFO - [2024-12-26T03:28:29.172+0200] {dag.py:4180} INFO - Setting next_dagrun for example_dynamic_task_mapping to None, run_after=None
[2024-12-26T03:28:29.223+0200] {processor.py:208} INFO - Processing /mnt/e/Assignments/Airflow/airflow/airflow_env/lib/python3.12/site-packages/airflow/example_dags/example_dynamic_task_mapping.py took 0.190 seconds
[2024-12-26T03:30:26.968+0200] {processor.py:186} INFO - Started process (PID=192166) to work on /mnt/e/Assignments/Airflow/airflow/airflow_env/lib/python3.12/site-packages/airflow/example_dags/example_dynamic_task_mapping.py
[2024-12-26T03:30:26.971+0200] {processor.py:914} INFO - Processing file /mnt/e/Assignments/Airflow/airflow/airflow_env/lib/python3.12/site-packages/airflow/example_dags/example_dynamic_task_mapping.py for tasks to queue
[2024-12-26T03:30:26.975+0200] {logging_mixin.py:190} INFO - [2024-12-26T03:30:26.974+0200] {dagbag.py:588} INFO - Filling up the DagBag from /mnt/e/Assignments/Airflow/airflow/airflow_env/lib/python3.12/site-packages/airflow/example_dags/example_dynamic_task_mapping.py
[2024-12-26T03:30:27.093+0200] {processor.py:925} INFO - DAG(s) 'example_dynamic_task_mapping' retrieved from /mnt/e/Assignments/Airflow/airflow/airflow_env/lib/python3.12/site-packages/airflow/example_dags/example_dynamic_task_mapping.py
[2024-12-26T03:30:27.162+0200] {logging_mixin.py:190} INFO - [2024-12-26T03:30:27.160+0200] {dag.py:3239} INFO - Sync 1 DAGs
[2024-12-26T03:30:27.186+0200] {logging_mixin.py:190} INFO - [2024-12-26T03:30:27.184+0200] {dag.py:4180} INFO - Setting next_dagrun for example_dynamic_task_mapping to None, run_after=None
[2024-12-26T03:30:27.291+0200] {processor.py:208} INFO - Processing /mnt/e/Assignments/Airflow/airflow/airflow_env/lib/python3.12/site-packages/airflow/example_dags/example_dynamic_task_mapping.py took 0.337 seconds
[2024-12-26T03:32:46.338+0200] {processor.py:186} INFO - Started process (PID=192263) to work on /mnt/e/Assignments/Airflow/airflow/airflow_env/lib/python3.12/site-packages/airflow/example_dags/example_dynamic_task_mapping.py
[2024-12-26T03:32:46.342+0200] {processor.py:914} INFO - Processing file /mnt/e/Assignments/Airflow/airflow/airflow_env/lib/python3.12/site-packages/airflow/example_dags/example_dynamic_task_mapping.py for tasks to queue
[2024-12-26T03:32:46.346+0200] {logging_mixin.py:190} INFO - [2024-12-26T03:32:46.345+0200] {dagbag.py:588} INFO - Filling up the DagBag from /mnt/e/Assignments/Airflow/airflow/airflow_env/lib/python3.12/site-packages/airflow/example_dags/example_dynamic_task_mapping.py
[2024-12-26T03:32:46.460+0200] {processor.py:925} INFO - DAG(s) 'example_dynamic_task_mapping' retrieved from /mnt/e/Assignments/Airflow/airflow/airflow_env/lib/python3.12/site-packages/airflow/example_dags/example_dynamic_task_mapping.py
[2024-12-26T03:32:46.483+0200] {logging_mixin.py:190} INFO - [2024-12-26T03:32:46.482+0200] {dag.py:3239} INFO - Sync 1 DAGs
[2024-12-26T03:32:46.495+0200] {logging_mixin.py:190} INFO - [2024-12-26T03:32:46.493+0200] {dag.py:4180} INFO - Setting next_dagrun for example_dynamic_task_mapping to None, run_after=None
[2024-12-26T03:32:46.547+0200] {processor.py:208} INFO - Processing /mnt/e/Assignments/Airflow/airflow/airflow_env/lib/python3.12/site-packages/airflow/example_dags/example_dynamic_task_mapping.py took 0.227 seconds
[2024-12-26T03:34:50.573+0200] {processor.py:186} INFO - Started process (PID=192372) to work on /mnt/e/Assignments/Airflow/airflow/airflow_env/lib/python3.12/site-packages/airflow/example_dags/example_dynamic_task_mapping.py
[2024-12-26T03:34:50.579+0200] {processor.py:914} INFO - Processing file /mnt/e/Assignments/Airflow/airflow/airflow_env/lib/python3.12/site-packages/airflow/example_dags/example_dynamic_task_mapping.py for tasks to queue
[2024-12-26T03:34:50.587+0200] {logging_mixin.py:190} INFO - [2024-12-26T03:34:50.584+0200] {dagbag.py:588} INFO - Filling up the DagBag from /mnt/e/Assignments/Airflow/airflow/airflow_env/lib/python3.12/site-packages/airflow/example_dags/example_dynamic_task_mapping.py
[2024-12-26T03:34:50.847+0200] {processor.py:925} INFO - DAG(s) 'example_dynamic_task_mapping' retrieved from /mnt/e/Assignments/Airflow/airflow/airflow_env/lib/python3.12/site-packages/airflow/example_dags/example_dynamic_task_mapping.py
[2024-12-26T03:34:50.899+0200] {logging_mixin.py:190} INFO - [2024-12-26T03:34:50.897+0200] {dag.py:3239} INFO - Sync 1 DAGs
[2024-12-26T03:34:50.916+0200] {logging_mixin.py:190} INFO - [2024-12-26T03:34:50.914+0200] {dag.py:4180} INFO - Setting next_dagrun for example_dynamic_task_mapping to None, run_after=None
[2024-12-26T03:34:50.983+0200] {processor.py:208} INFO - Processing /mnt/e/Assignments/Airflow/airflow/airflow_env/lib/python3.12/site-packages/airflow/example_dags/example_dynamic_task_mapping.py took 0.445 seconds
[2024-12-26T03:38:51.812+0200] {processor.py:186} INFO - Started process (PID=192502) to work on /mnt/e/Assignments/Airflow/airflow/airflow_env/lib/python3.12/site-packages/airflow/example_dags/example_dynamic_task_mapping.py
[2024-12-26T03:38:51.814+0200] {processor.py:914} INFO - Processing file /mnt/e/Assignments/Airflow/airflow/airflow_env/lib/python3.12/site-packages/airflow/example_dags/example_dynamic_task_mapping.py for tasks to queue
[2024-12-26T03:38:51.816+0200] {logging_mixin.py:190} INFO - [2024-12-26T03:38:51.815+0200] {dagbag.py:588} INFO - Filling up the DagBag from /mnt/e/Assignments/Airflow/airflow/airflow_env/lib/python3.12/site-packages/airflow/example_dags/example_dynamic_task_mapping.py
[2024-12-26T03:38:51.869+0200] {processor.py:925} INFO - DAG(s) 'example_dynamic_task_mapping' retrieved from /mnt/e/Assignments/Airflow/airflow/airflow_env/lib/python3.12/site-packages/airflow/example_dags/example_dynamic_task_mapping.py
[2024-12-26T03:38:51.888+0200] {logging_mixin.py:190} INFO - [2024-12-26T03:38:51.887+0200] {dag.py:3239} INFO - Sync 1 DAGs
[2024-12-26T03:38:51.898+0200] {logging_mixin.py:190} INFO - [2024-12-26T03:38:51.897+0200] {dag.py:4180} INFO - Setting next_dagrun for example_dynamic_task_mapping to None, run_after=None
[2024-12-26T03:38:51.937+0200] {processor.py:208} INFO - Processing /mnt/e/Assignments/Airflow/airflow/airflow_env/lib/python3.12/site-packages/airflow/example_dags/example_dynamic_task_mapping.py took 0.134 seconds
[2024-12-26T03:40:49.603+0200] {processor.py:186} INFO - Started process (PID=192582) to work on /mnt/e/Assignments/Airflow/airflow/airflow_env/lib/python3.12/site-packages/airflow/example_dags/example_dynamic_task_mapping.py
[2024-12-26T03:40:49.605+0200] {processor.py:914} INFO - Processing file /mnt/e/Assignments/Airflow/airflow/airflow_env/lib/python3.12/site-packages/airflow/example_dags/example_dynamic_task_mapping.py for tasks to queue
[2024-12-26T03:40:49.608+0200] {logging_mixin.py:190} INFO - [2024-12-26T03:40:49.607+0200] {dagbag.py:588} INFO - Filling up the DagBag from /mnt/e/Assignments/Airflow/airflow/airflow_env/lib/python3.12/site-packages/airflow/example_dags/example_dynamic_task_mapping.py
[2024-12-26T03:40:49.666+0200] {processor.py:925} INFO - DAG(s) 'example_dynamic_task_mapping' retrieved from /mnt/e/Assignments/Airflow/airflow/airflow_env/lib/python3.12/site-packages/airflow/example_dags/example_dynamic_task_mapping.py
[2024-12-26T03:40:49.687+0200] {logging_mixin.py:190} INFO - [2024-12-26T03:40:49.686+0200] {dag.py:3239} INFO - Sync 1 DAGs
[2024-12-26T03:40:49.698+0200] {logging_mixin.py:190} INFO - [2024-12-26T03:40:49.697+0200] {dag.py:4180} INFO - Setting next_dagrun for example_dynamic_task_mapping to None, run_after=None
[2024-12-26T03:40:49.743+0200] {processor.py:208} INFO - Processing /mnt/e/Assignments/Airflow/airflow/airflow_env/lib/python3.12/site-packages/airflow/example_dags/example_dynamic_task_mapping.py took 0.148 seconds
[2024-12-26T03:42:49.794+0200] {processor.py:186} INFO - Started process (PID=192664) to work on /mnt/e/Assignments/Airflow/airflow/airflow_env/lib/python3.12/site-packages/airflow/example_dags/example_dynamic_task_mapping.py
[2024-12-26T03:42:49.799+0200] {processor.py:914} INFO - Processing file /mnt/e/Assignments/Airflow/airflow/airflow_env/lib/python3.12/site-packages/airflow/example_dags/example_dynamic_task_mapping.py for tasks to queue
[2024-12-26T03:42:49.809+0200] {logging_mixin.py:190} INFO - [2024-12-26T03:42:49.805+0200] {dagbag.py:588} INFO - Filling up the DagBag from /mnt/e/Assignments/Airflow/airflow/airflow_env/lib/python3.12/site-packages/airflow/example_dags/example_dynamic_task_mapping.py
[2024-12-26T03:42:49.993+0200] {processor.py:925} INFO - DAG(s) 'example_dynamic_task_mapping' retrieved from /mnt/e/Assignments/Airflow/airflow/airflow_env/lib/python3.12/site-packages/airflow/example_dags/example_dynamic_task_mapping.py
[2024-12-26T03:42:50.034+0200] {logging_mixin.py:190} INFO - [2024-12-26T03:42:50.033+0200] {dag.py:3239} INFO - Sync 1 DAGs
[2024-12-26T03:42:50.050+0200] {logging_mixin.py:190} INFO - [2024-12-26T03:42:50.049+0200] {dag.py:4180} INFO - Setting next_dagrun for example_dynamic_task_mapping to None, run_after=None
[2024-12-26T03:42:50.104+0200] {processor.py:208} INFO - Processing /mnt/e/Assignments/Airflow/airflow/airflow_env/lib/python3.12/site-packages/airflow/example_dags/example_dynamic_task_mapping.py took 0.345 seconds
[2024-12-26T03:44:47.360+0200] {processor.py:186} INFO - Started process (PID=192740) to work on /mnt/e/Assignments/Airflow/airflow/airflow_env/lib/python3.12/site-packages/airflow/example_dags/example_dynamic_task_mapping.py
[2024-12-26T03:44:47.365+0200] {processor.py:914} INFO - Processing file /mnt/e/Assignments/Airflow/airflow/airflow_env/lib/python3.12/site-packages/airflow/example_dags/example_dynamic_task_mapping.py for tasks to queue
[2024-12-26T03:44:47.374+0200] {logging_mixin.py:190} INFO - [2024-12-26T03:44:47.371+0200] {dagbag.py:588} INFO - Filling up the DagBag from /mnt/e/Assignments/Airflow/airflow/airflow_env/lib/python3.12/site-packages/airflow/example_dags/example_dynamic_task_mapping.py
[2024-12-26T03:44:47.589+0200] {processor.py:925} INFO - DAG(s) 'example_dynamic_task_mapping' retrieved from /mnt/e/Assignments/Airflow/airflow/airflow_env/lib/python3.12/site-packages/airflow/example_dags/example_dynamic_task_mapping.py
[2024-12-26T03:44:47.670+0200] {logging_mixin.py:190} INFO - [2024-12-26T03:44:47.667+0200] {dag.py:3239} INFO - Sync 1 DAGs
[2024-12-26T03:44:47.693+0200] {logging_mixin.py:190} INFO - [2024-12-26T03:44:47.690+0200] {dag.py:4180} INFO - Setting next_dagrun for example_dynamic_task_mapping to None, run_after=None
[2024-12-26T03:44:47.813+0200] {processor.py:208} INFO - Processing /mnt/e/Assignments/Airflow/airflow/airflow_env/lib/python3.12/site-packages/airflow/example_dags/example_dynamic_task_mapping.py took 0.486 seconds
[2024-12-26T03:46:48.264+0200] {processor.py:186} INFO - Started process (PID=192819) to work on /mnt/e/Assignments/Airflow/airflow/airflow_env/lib/python3.12/site-packages/airflow/example_dags/example_dynamic_task_mapping.py
[2024-12-26T03:46:48.265+0200] {processor.py:914} INFO - Processing file /mnt/e/Assignments/Airflow/airflow/airflow_env/lib/python3.12/site-packages/airflow/example_dags/example_dynamic_task_mapping.py for tasks to queue
[2024-12-26T03:46:48.267+0200] {logging_mixin.py:190} INFO - [2024-12-26T03:46:48.267+0200] {dagbag.py:588} INFO - Filling up the DagBag from /mnt/e/Assignments/Airflow/airflow/airflow_env/lib/python3.12/site-packages/airflow/example_dags/example_dynamic_task_mapping.py
[2024-12-26T03:46:48.318+0200] {processor.py:925} INFO - DAG(s) 'example_dynamic_task_mapping' retrieved from /mnt/e/Assignments/Airflow/airflow/airflow_env/lib/python3.12/site-packages/airflow/example_dags/example_dynamic_task_mapping.py
[2024-12-26T03:46:48.339+0200] {logging_mixin.py:190} INFO - [2024-12-26T03:46:48.338+0200] {dag.py:3239} INFO - Sync 1 DAGs
[2024-12-26T03:46:48.349+0200] {logging_mixin.py:190} INFO - [2024-12-26T03:46:48.348+0200] {dag.py:4180} INFO - Setting next_dagrun for example_dynamic_task_mapping to None, run_after=None
[2024-12-26T03:46:48.401+0200] {processor.py:208} INFO - Processing /mnt/e/Assignments/Airflow/airflow/airflow_env/lib/python3.12/site-packages/airflow/example_dags/example_dynamic_task_mapping.py took 0.146 seconds
[2024-12-26T03:49:00.558+0200] {processor.py:186} INFO - Started process (PID=192906) to work on /mnt/e/Assignments/Airflow/airflow/airflow_env/lib/python3.12/site-packages/airflow/example_dags/example_dynamic_task_mapping.py
[2024-12-26T03:49:00.559+0200] {processor.py:914} INFO - Processing file /mnt/e/Assignments/Airflow/airflow/airflow_env/lib/python3.12/site-packages/airflow/example_dags/example_dynamic_task_mapping.py for tasks to queue
[2024-12-26T03:49:00.563+0200] {logging_mixin.py:190} INFO - [2024-12-26T03:49:00.562+0200] {dagbag.py:588} INFO - Filling up the DagBag from /mnt/e/Assignments/Airflow/airflow/airflow_env/lib/python3.12/site-packages/airflow/example_dags/example_dynamic_task_mapping.py
[2024-12-26T03:49:00.674+0200] {processor.py:925} INFO - DAG(s) 'example_dynamic_task_mapping' retrieved from /mnt/e/Assignments/Airflow/airflow/airflow_env/lib/python3.12/site-packages/airflow/example_dags/example_dynamic_task_mapping.py
[2024-12-26T03:49:00.704+0200] {logging_mixin.py:190} INFO - [2024-12-26T03:49:00.703+0200] {dag.py:3239} INFO - Sync 1 DAGs
[2024-12-26T03:49:00.717+0200] {logging_mixin.py:190} INFO - [2024-12-26T03:49:00.717+0200] {dag.py:4180} INFO - Setting next_dagrun for example_dynamic_task_mapping to None, run_after=None
[2024-12-26T03:49:00.771+0200] {processor.py:208} INFO - Processing /mnt/e/Assignments/Airflow/airflow/airflow_env/lib/python3.12/site-packages/airflow/example_dags/example_dynamic_task_mapping.py took 0.226 seconds
[2024-12-26T03:51:00.254+0200] {processor.py:186} INFO - Started process (PID=192985) to work on /mnt/e/Assignments/Airflow/airflow/airflow_env/lib/python3.12/site-packages/airflow/example_dags/example_dynamic_task_mapping.py
[2024-12-26T03:51:00.259+0200] {processor.py:914} INFO - Processing file /mnt/e/Assignments/Airflow/airflow/airflow_env/lib/python3.12/site-packages/airflow/example_dags/example_dynamic_task_mapping.py for tasks to queue
[2024-12-26T03:51:00.269+0200] {logging_mixin.py:190} INFO - [2024-12-26T03:51:00.265+0200] {dagbag.py:588} INFO - Filling up the DagBag from /mnt/e/Assignments/Airflow/airflow/airflow_env/lib/python3.12/site-packages/airflow/example_dags/example_dynamic_task_mapping.py
[2024-12-26T03:51:00.573+0200] {processor.py:925} INFO - DAG(s) 'example_dynamic_task_mapping' retrieved from /mnt/e/Assignments/Airflow/airflow/airflow_env/lib/python3.12/site-packages/airflow/example_dags/example_dynamic_task_mapping.py
[2024-12-26T03:51:00.624+0200] {logging_mixin.py:190} INFO - [2024-12-26T03:51:00.621+0200] {dag.py:3239} INFO - Sync 1 DAGs
[2024-12-26T03:51:00.649+0200] {logging_mixin.py:190} INFO - [2024-12-26T03:51:00.645+0200] {dag.py:4180} INFO - Setting next_dagrun for example_dynamic_task_mapping to None, run_after=None
[2024-12-26T03:51:00.840+0200] {processor.py:208} INFO - Processing /mnt/e/Assignments/Airflow/airflow/airflow_env/lib/python3.12/site-packages/airflow/example_dags/example_dynamic_task_mapping.py took 0.616 seconds
[2024-12-26T03:53:14.901+0200] {processor.py:186} INFO - Started process (PID=193068) to work on /mnt/e/Assignments/Airflow/airflow/airflow_env/lib/python3.12/site-packages/airflow/example_dags/example_dynamic_task_mapping.py
[2024-12-26T03:53:14.903+0200] {processor.py:914} INFO - Processing file /mnt/e/Assignments/Airflow/airflow/airflow_env/lib/python3.12/site-packages/airflow/example_dags/example_dynamic_task_mapping.py for tasks to queue
[2024-12-26T03:53:14.906+0200] {logging_mixin.py:190} INFO - [2024-12-26T03:53:14.905+0200] {dagbag.py:588} INFO - Filling up the DagBag from /mnt/e/Assignments/Airflow/airflow/airflow_env/lib/python3.12/site-packages/airflow/example_dags/example_dynamic_task_mapping.py
[2024-12-26T03:53:14.960+0200] {processor.py:925} INFO - DAG(s) 'example_dynamic_task_mapping' retrieved from /mnt/e/Assignments/Airflow/airflow/airflow_env/lib/python3.12/site-packages/airflow/example_dags/example_dynamic_task_mapping.py
[2024-12-26T03:53:14.979+0200] {logging_mixin.py:190} INFO - [2024-12-26T03:53:14.978+0200] {dag.py:3239} INFO - Sync 1 DAGs
[2024-12-26T03:53:14.989+0200] {logging_mixin.py:190} INFO - [2024-12-26T03:53:14.988+0200] {dag.py:4180} INFO - Setting next_dagrun for example_dynamic_task_mapping to None, run_after=None
[2024-12-26T03:53:15.032+0200] {processor.py:208} INFO - Processing /mnt/e/Assignments/Airflow/airflow/airflow_env/lib/python3.12/site-packages/airflow/example_dags/example_dynamic_task_mapping.py took 0.141 seconds
[2024-12-26T03:55:20.525+0200] {processor.py:186} INFO - Started process (PID=193149) to work on /mnt/e/Assignments/Airflow/airflow/airflow_env/lib/python3.12/site-packages/airflow/example_dags/example_dynamic_task_mapping.py
[2024-12-26T03:55:20.527+0200] {processor.py:914} INFO - Processing file /mnt/e/Assignments/Airflow/airflow/airflow_env/lib/python3.12/site-packages/airflow/example_dags/example_dynamic_task_mapping.py for tasks to queue
[2024-12-26T03:55:20.529+0200] {logging_mixin.py:190} INFO - [2024-12-26T03:55:20.529+0200] {dagbag.py:588} INFO - Filling up the DagBag from /mnt/e/Assignments/Airflow/airflow/airflow_env/lib/python3.12/site-packages/airflow/example_dags/example_dynamic_task_mapping.py
[2024-12-26T03:55:20.585+0200] {processor.py:925} INFO - DAG(s) 'example_dynamic_task_mapping' retrieved from /mnt/e/Assignments/Airflow/airflow/airflow_env/lib/python3.12/site-packages/airflow/example_dags/example_dynamic_task_mapping.py
[2024-12-26T03:55:20.604+0200] {logging_mixin.py:190} INFO - [2024-12-26T03:55:20.603+0200] {dag.py:3239} INFO - Sync 1 DAGs
[2024-12-26T03:55:20.614+0200] {logging_mixin.py:190} INFO - [2024-12-26T03:55:20.614+0200] {dag.py:4180} INFO - Setting next_dagrun for example_dynamic_task_mapping to None, run_after=None
[2024-12-26T03:55:20.671+0200] {processor.py:208} INFO - Processing /mnt/e/Assignments/Airflow/airflow/airflow_env/lib/python3.12/site-packages/airflow/example_dags/example_dynamic_task_mapping.py took 0.156 seconds
[2024-12-26T03:57:39.085+0200] {processor.py:186} INFO - Started process (PID=193232) to work on /mnt/e/Assignments/Airflow/airflow/airflow_env/lib/python3.12/site-packages/airflow/example_dags/example_dynamic_task_mapping.py
[2024-12-26T03:57:39.087+0200] {processor.py:914} INFO - Processing file /mnt/e/Assignments/Airflow/airflow/airflow_env/lib/python3.12/site-packages/airflow/example_dags/example_dynamic_task_mapping.py for tasks to queue
[2024-12-26T03:57:39.090+0200] {logging_mixin.py:190} INFO - [2024-12-26T03:57:39.089+0200] {dagbag.py:588} INFO - Filling up the DagBag from /mnt/e/Assignments/Airflow/airflow/airflow_env/lib/python3.12/site-packages/airflow/example_dags/example_dynamic_task_mapping.py
[2024-12-26T03:57:39.162+0200] {processor.py:925} INFO - DAG(s) 'example_dynamic_task_mapping' retrieved from /mnt/e/Assignments/Airflow/airflow/airflow_env/lib/python3.12/site-packages/airflow/example_dags/example_dynamic_task_mapping.py
[2024-12-26T03:57:39.187+0200] {logging_mixin.py:190} INFO - [2024-12-26T03:57:39.185+0200] {dag.py:3239} INFO - Sync 1 DAGs
[2024-12-26T03:57:39.197+0200] {logging_mixin.py:190} INFO - [2024-12-26T03:57:39.196+0200] {dag.py:4180} INFO - Setting next_dagrun for example_dynamic_task_mapping to None, run_after=None
[2024-12-26T03:57:39.251+0200] {processor.py:208} INFO - Processing /mnt/e/Assignments/Airflow/airflow/airflow_env/lib/python3.12/site-packages/airflow/example_dags/example_dynamic_task_mapping.py took 0.178 seconds
[2024-12-26T03:59:36.350+0200] {processor.py:186} INFO - Started process (PID=193311) to work on /mnt/e/Assignments/Airflow/airflow/airflow_env/lib/python3.12/site-packages/airflow/example_dags/example_dynamic_task_mapping.py
[2024-12-26T03:59:36.352+0200] {processor.py:914} INFO - Processing file /mnt/e/Assignments/Airflow/airflow/airflow_env/lib/python3.12/site-packages/airflow/example_dags/example_dynamic_task_mapping.py for tasks to queue
[2024-12-26T03:59:36.356+0200] {logging_mixin.py:190} INFO - [2024-12-26T03:59:36.354+0200] {dagbag.py:588} INFO - Filling up the DagBag from /mnt/e/Assignments/Airflow/airflow/airflow_env/lib/python3.12/site-packages/airflow/example_dags/example_dynamic_task_mapping.py
[2024-12-26T03:59:36.430+0200] {processor.py:925} INFO - DAG(s) 'example_dynamic_task_mapping' retrieved from /mnt/e/Assignments/Airflow/airflow/airflow_env/lib/python3.12/site-packages/airflow/example_dags/example_dynamic_task_mapping.py
[2024-12-26T03:59:36.538+0200] {logging_mixin.py:190} INFO - [2024-12-26T03:59:36.536+0200] {dag.py:3239} INFO - Sync 1 DAGs
[2024-12-26T03:59:36.556+0200] {logging_mixin.py:190} INFO - [2024-12-26T03:59:36.554+0200] {dag.py:4180} INFO - Setting next_dagrun for example_dynamic_task_mapping to None, run_after=None
[2024-12-26T03:59:36.623+0200] {processor.py:208} INFO - Processing /mnt/e/Assignments/Airflow/airflow/airflow_env/lib/python3.12/site-packages/airflow/example_dags/example_dynamic_task_mapping.py took 0.286 seconds
[2024-12-26T04:01:41.562+0200] {processor.py:186} INFO - Started process (PID=193394) to work on /mnt/e/Assignments/Airflow/airflow/airflow_env/lib/python3.12/site-packages/airflow/example_dags/example_dynamic_task_mapping.py
[2024-12-26T04:01:41.566+0200] {processor.py:914} INFO - Processing file /mnt/e/Assignments/Airflow/airflow/airflow_env/lib/python3.12/site-packages/airflow/example_dags/example_dynamic_task_mapping.py for tasks to queue
[2024-12-26T04:01:41.573+0200] {logging_mixin.py:190} INFO - [2024-12-26T04:01:41.570+0200] {dagbag.py:588} INFO - Filling up the DagBag from /mnt/e/Assignments/Airflow/airflow/airflow_env/lib/python3.12/site-packages/airflow/example_dags/example_dynamic_task_mapping.py
[2024-12-26T04:01:41.776+0200] {processor.py:925} INFO - DAG(s) 'example_dynamic_task_mapping' retrieved from /mnt/e/Assignments/Airflow/airflow/airflow_env/lib/python3.12/site-packages/airflow/example_dags/example_dynamic_task_mapping.py
[2024-12-26T04:01:41.822+0200] {logging_mixin.py:190} INFO - [2024-12-26T04:01:41.819+0200] {dag.py:3239} INFO - Sync 1 DAGs
[2024-12-26T04:01:41.842+0200] {logging_mixin.py:190} INFO - [2024-12-26T04:01:41.840+0200] {dag.py:4180} INFO - Setting next_dagrun for example_dynamic_task_mapping to None, run_after=None
[2024-12-26T04:01:41.975+0200] {processor.py:208} INFO - Processing /mnt/e/Assignments/Airflow/airflow/airflow_env/lib/python3.12/site-packages/airflow/example_dags/example_dynamic_task_mapping.py took 0.442 seconds
[2024-12-26T04:03:55.530+0200] {processor.py:186} INFO - Started process (PID=193476) to work on /mnt/e/Assignments/Airflow/airflow/airflow_env/lib/python3.12/site-packages/airflow/example_dags/example_dynamic_task_mapping.py
[2024-12-26T04:03:55.536+0200] {processor.py:914} INFO - Processing file /mnt/e/Assignments/Airflow/airflow/airflow_env/lib/python3.12/site-packages/airflow/example_dags/example_dynamic_task_mapping.py for tasks to queue
[2024-12-26T04:03:55.547+0200] {logging_mixin.py:190} INFO - [2024-12-26T04:03:55.543+0200] {dagbag.py:588} INFO - Filling up the DagBag from /mnt/e/Assignments/Airflow/airflow/airflow_env/lib/python3.12/site-packages/airflow/example_dags/example_dynamic_task_mapping.py
[2024-12-26T04:03:55.917+0200] {processor.py:925} INFO - DAG(s) 'example_dynamic_task_mapping' retrieved from /mnt/e/Assignments/Airflow/airflow/airflow_env/lib/python3.12/site-packages/airflow/example_dags/example_dynamic_task_mapping.py
[2024-12-26T04:03:56.008+0200] {logging_mixin.py:190} INFO - [2024-12-26T04:03:56.003+0200] {dag.py:3239} INFO - Sync 1 DAGs
[2024-12-26T04:03:56.043+0200] {logging_mixin.py:190} INFO - [2024-12-26T04:03:56.038+0200] {dag.py:4180} INFO - Setting next_dagrun for example_dynamic_task_mapping to None, run_after=None
[2024-12-26T04:03:56.213+0200] {processor.py:208} INFO - Processing /mnt/e/Assignments/Airflow/airflow/airflow_env/lib/python3.12/site-packages/airflow/example_dags/example_dynamic_task_mapping.py took 0.730 seconds
[2024-12-26T04:05:55.223+0200] {processor.py:186} INFO - Started process (PID=193556) to work on /mnt/e/Assignments/Airflow/airflow/airflow_env/lib/python3.12/site-packages/airflow/example_dags/example_dynamic_task_mapping.py
[2024-12-26T04:05:55.225+0200] {processor.py:914} INFO - Processing file /mnt/e/Assignments/Airflow/airflow/airflow_env/lib/python3.12/site-packages/airflow/example_dags/example_dynamic_task_mapping.py for tasks to queue
[2024-12-26T04:05:55.227+0200] {logging_mixin.py:190} INFO - [2024-12-26T04:05:55.226+0200] {dagbag.py:588} INFO - Filling up the DagBag from /mnt/e/Assignments/Airflow/airflow/airflow_env/lib/python3.12/site-packages/airflow/example_dags/example_dynamic_task_mapping.py
[2024-12-26T04:05:55.280+0200] {processor.py:925} INFO - DAG(s) 'example_dynamic_task_mapping' retrieved from /mnt/e/Assignments/Airflow/airflow/airflow_env/lib/python3.12/site-packages/airflow/example_dags/example_dynamic_task_mapping.py
[2024-12-26T04:05:55.298+0200] {logging_mixin.py:190} INFO - [2024-12-26T04:05:55.297+0200] {dag.py:3239} INFO - Sync 1 DAGs
[2024-12-26T04:05:55.308+0200] {logging_mixin.py:190} INFO - [2024-12-26T04:05:55.307+0200] {dag.py:4180} INFO - Setting next_dagrun for example_dynamic_task_mapping to None, run_after=None
[2024-12-26T04:05:55.346+0200] {processor.py:208} INFO - Processing /mnt/e/Assignments/Airflow/airflow/airflow_env/lib/python3.12/site-packages/airflow/example_dags/example_dynamic_task_mapping.py took 0.132 seconds
[2024-12-26T04:07:58.239+0200] {processor.py:186} INFO - Started process (PID=193635) to work on /mnt/e/Assignments/Airflow/airflow/airflow_env/lib/python3.12/site-packages/airflow/example_dags/example_dynamic_task_mapping.py
[2024-12-26T04:07:58.240+0200] {processor.py:914} INFO - Processing file /mnt/e/Assignments/Airflow/airflow/airflow_env/lib/python3.12/site-packages/airflow/example_dags/example_dynamic_task_mapping.py for tasks to queue
[2024-12-26T04:07:58.243+0200] {logging_mixin.py:190} INFO - [2024-12-26T04:07:58.242+0200] {dagbag.py:588} INFO - Filling up the DagBag from /mnt/e/Assignments/Airflow/airflow/airflow_env/lib/python3.12/site-packages/airflow/example_dags/example_dynamic_task_mapping.py
[2024-12-26T04:07:58.293+0200] {processor.py:925} INFO - DAG(s) 'example_dynamic_task_mapping' retrieved from /mnt/e/Assignments/Airflow/airflow/airflow_env/lib/python3.12/site-packages/airflow/example_dags/example_dynamic_task_mapping.py
[2024-12-26T04:07:58.311+0200] {logging_mixin.py:190} INFO - [2024-12-26T04:07:58.310+0200] {dag.py:3239} INFO - Sync 1 DAGs
[2024-12-26T04:07:58.320+0200] {logging_mixin.py:190} INFO - [2024-12-26T04:07:58.320+0200] {dag.py:4180} INFO - Setting next_dagrun for example_dynamic_task_mapping to None, run_after=None
[2024-12-26T04:07:58.359+0200] {processor.py:208} INFO - Processing /mnt/e/Assignments/Airflow/airflow/airflow_env/lib/python3.12/site-packages/airflow/example_dags/example_dynamic_task_mapping.py took 0.129 seconds
[2024-12-26T04:09:44.974+0200] {processor.py:186} INFO - Started process (PID=193712) to work on /mnt/e/Assignments/Airflow/airflow/airflow_env/lib/python3.12/site-packages/airflow/example_dags/example_dynamic_task_mapping.py
[2024-12-26T04:09:44.976+0200] {processor.py:914} INFO - Processing file /mnt/e/Assignments/Airflow/airflow/airflow_env/lib/python3.12/site-packages/airflow/example_dags/example_dynamic_task_mapping.py for tasks to queue
[2024-12-26T04:09:44.979+0200] {logging_mixin.py:190} INFO - [2024-12-26T04:09:44.978+0200] {dagbag.py:588} INFO - Filling up the DagBag from /mnt/e/Assignments/Airflow/airflow/airflow_env/lib/python3.12/site-packages/airflow/example_dags/example_dynamic_task_mapping.py
[2024-12-26T04:09:45.047+0200] {processor.py:925} INFO - DAG(s) 'example_dynamic_task_mapping' retrieved from /mnt/e/Assignments/Airflow/airflow/airflow_env/lib/python3.12/site-packages/airflow/example_dags/example_dynamic_task_mapping.py
[2024-12-26T04:09:45.069+0200] {logging_mixin.py:190} INFO - [2024-12-26T04:09:45.068+0200] {dag.py:3239} INFO - Sync 1 DAGs
[2024-12-26T04:09:45.079+0200] {logging_mixin.py:190} INFO - [2024-12-26T04:09:45.078+0200] {dag.py:4180} INFO - Setting next_dagrun for example_dynamic_task_mapping to None, run_after=None
[2024-12-26T04:09:45.124+0200] {processor.py:208} INFO - Processing /mnt/e/Assignments/Airflow/airflow/airflow_env/lib/python3.12/site-packages/airflow/example_dags/example_dynamic_task_mapping.py took 0.159 seconds
[2024-12-26T04:11:39.928+0200] {processor.py:186} INFO - Started process (PID=193787) to work on /mnt/e/Assignments/Airflow/airflow/airflow_env/lib/python3.12/site-packages/airflow/example_dags/example_dynamic_task_mapping.py
[2024-12-26T04:11:39.929+0200] {processor.py:914} INFO - Processing file /mnt/e/Assignments/Airflow/airflow/airflow_env/lib/python3.12/site-packages/airflow/example_dags/example_dynamic_task_mapping.py for tasks to queue
[2024-12-26T04:11:39.932+0200] {logging_mixin.py:190} INFO - [2024-12-26T04:11:39.931+0200] {dagbag.py:588} INFO - Filling up the DagBag from /mnt/e/Assignments/Airflow/airflow/airflow_env/lib/python3.12/site-packages/airflow/example_dags/example_dynamic_task_mapping.py
[2024-12-26T04:11:39.982+0200] {processor.py:925} INFO - DAG(s) 'example_dynamic_task_mapping' retrieved from /mnt/e/Assignments/Airflow/airflow/airflow_env/lib/python3.12/site-packages/airflow/example_dags/example_dynamic_task_mapping.py
[2024-12-26T04:11:40.001+0200] {logging_mixin.py:190} INFO - [2024-12-26T04:11:40.000+0200] {dag.py:3239} INFO - Sync 1 DAGs
[2024-12-26T04:11:40.011+0200] {logging_mixin.py:190} INFO - [2024-12-26T04:11:40.010+0200] {dag.py:4180} INFO - Setting next_dagrun for example_dynamic_task_mapping to None, run_after=None
[2024-12-26T04:11:40.049+0200] {processor.py:208} INFO - Processing /mnt/e/Assignments/Airflow/airflow/airflow_env/lib/python3.12/site-packages/airflow/example_dags/example_dynamic_task_mapping.py took 0.131 seconds
[2024-12-26T04:13:24.911+0200] {processor.py:186} INFO - Started process (PID=193862) to work on /mnt/e/Assignments/Airflow/airflow/airflow_env/lib/python3.12/site-packages/airflow/example_dags/example_dynamic_task_mapping.py
[2024-12-26T04:13:24.915+0200] {processor.py:914} INFO - Processing file /mnt/e/Assignments/Airflow/airflow/airflow_env/lib/python3.12/site-packages/airflow/example_dags/example_dynamic_task_mapping.py for tasks to queue
[2024-12-26T04:13:24.922+0200] {logging_mixin.py:190} INFO - [2024-12-26T04:13:24.919+0200] {dagbag.py:588} INFO - Filling up the DagBag from /mnt/e/Assignments/Airflow/airflow/airflow_env/lib/python3.12/site-packages/airflow/example_dags/example_dynamic_task_mapping.py
[2024-12-26T04:13:25.142+0200] {processor.py:925} INFO - DAG(s) 'example_dynamic_task_mapping' retrieved from /mnt/e/Assignments/Airflow/airflow/airflow_env/lib/python3.12/site-packages/airflow/example_dags/example_dynamic_task_mapping.py
[2024-12-26T04:13:25.205+0200] {logging_mixin.py:190} INFO - [2024-12-26T04:13:25.201+0200] {dag.py:3239} INFO - Sync 1 DAGs
[2024-12-26T04:13:25.253+0200] {logging_mixin.py:190} INFO - [2024-12-26T04:13:25.251+0200] {dag.py:4180} INFO - Setting next_dagrun for example_dynamic_task_mapping to None, run_after=None
[2024-12-26T04:13:25.310+0200] {processor.py:208} INFO - Processing /mnt/e/Assignments/Airflow/airflow/airflow_env/lib/python3.12/site-packages/airflow/example_dags/example_dynamic_task_mapping.py took 0.425 seconds
[2024-12-26T04:15:31.251+0200] {processor.py:186} INFO - Started process (PID=193943) to work on /mnt/e/Assignments/Airflow/airflow/airflow_env/lib/python3.12/site-packages/airflow/example_dags/example_dynamic_task_mapping.py
[2024-12-26T04:15:31.255+0200] {processor.py:914} INFO - Processing file /mnt/e/Assignments/Airflow/airflow/airflow_env/lib/python3.12/site-packages/airflow/example_dags/example_dynamic_task_mapping.py for tasks to queue
[2024-12-26T04:15:31.262+0200] {logging_mixin.py:190} INFO - [2024-12-26T04:15:31.259+0200] {dagbag.py:588} INFO - Filling up the DagBag from /mnt/e/Assignments/Airflow/airflow/airflow_env/lib/python3.12/site-packages/airflow/example_dags/example_dynamic_task_mapping.py
[2024-12-26T04:15:31.342+0200] {processor.py:925} INFO - DAG(s) 'example_dynamic_task_mapping' retrieved from /mnt/e/Assignments/Airflow/airflow/airflow_env/lib/python3.12/site-packages/airflow/example_dags/example_dynamic_task_mapping.py
[2024-12-26T04:15:31.395+0200] {logging_mixin.py:190} INFO - [2024-12-26T04:15:31.393+0200] {dag.py:3239} INFO - Sync 1 DAGs
[2024-12-26T04:15:31.410+0200] {logging_mixin.py:190} INFO - [2024-12-26T04:15:31.409+0200] {dag.py:4180} INFO - Setting next_dagrun for example_dynamic_task_mapping to None, run_after=None
[2024-12-26T04:15:31.461+0200] {processor.py:208} INFO - Processing /mnt/e/Assignments/Airflow/airflow/airflow_env/lib/python3.12/site-packages/airflow/example_dags/example_dynamic_task_mapping.py took 0.238 seconds
[2024-12-26T04:17:44.996+0200] {processor.py:186} INFO - Started process (PID=194029) to work on /mnt/e/Assignments/Airflow/airflow/airflow_env/lib/python3.12/site-packages/airflow/example_dags/example_dynamic_task_mapping.py
[2024-12-26T04:17:44.998+0200] {processor.py:914} INFO - Processing file /mnt/e/Assignments/Airflow/airflow/airflow_env/lib/python3.12/site-packages/airflow/example_dags/example_dynamic_task_mapping.py for tasks to queue
[2024-12-26T04:17:45.001+0200] {logging_mixin.py:190} INFO - [2024-12-26T04:17:45.000+0200] {dagbag.py:588} INFO - Filling up the DagBag from /mnt/e/Assignments/Airflow/airflow/airflow_env/lib/python3.12/site-packages/airflow/example_dags/example_dynamic_task_mapping.py
[2024-12-26T04:17:45.102+0200] {processor.py:925} INFO - DAG(s) 'example_dynamic_task_mapping' retrieved from /mnt/e/Assignments/Airflow/airflow/airflow_env/lib/python3.12/site-packages/airflow/example_dags/example_dynamic_task_mapping.py
[2024-12-26T04:17:45.138+0200] {logging_mixin.py:190} INFO - [2024-12-26T04:17:45.136+0200] {dag.py:3239} INFO - Sync 1 DAGs
[2024-12-26T04:17:45.156+0200] {logging_mixin.py:190} INFO - [2024-12-26T04:17:45.154+0200] {dag.py:4180} INFO - Setting next_dagrun for example_dynamic_task_mapping to None, run_after=None
[2024-12-26T04:17:45.241+0200] {processor.py:208} INFO - Processing /mnt/e/Assignments/Airflow/airflow/airflow_env/lib/python3.12/site-packages/airflow/example_dags/example_dynamic_task_mapping.py took 0.256 seconds
[2024-12-26T04:20:00.248+0200] {processor.py:186} INFO - Started process (PID=194115) to work on /mnt/e/Assignments/Airflow/airflow/airflow_env/lib/python3.12/site-packages/airflow/example_dags/example_dynamic_task_mapping.py
[2024-12-26T04:20:00.253+0200] {processor.py:914} INFO - Processing file /mnt/e/Assignments/Airflow/airflow/airflow_env/lib/python3.12/site-packages/airflow/example_dags/example_dynamic_task_mapping.py for tasks to queue
[2024-12-26T04:20:00.261+0200] {logging_mixin.py:190} INFO - [2024-12-26T04:20:00.258+0200] {dagbag.py:588} INFO - Filling up the DagBag from /mnt/e/Assignments/Airflow/airflow/airflow_env/lib/python3.12/site-packages/airflow/example_dags/example_dynamic_task_mapping.py
[2024-12-26T04:20:00.375+0200] {processor.py:925} INFO - DAG(s) 'example_dynamic_task_mapping' retrieved from /mnt/e/Assignments/Airflow/airflow/airflow_env/lib/python3.12/site-packages/airflow/example_dags/example_dynamic_task_mapping.py
[2024-12-26T04:20:00.399+0200] {logging_mixin.py:190} INFO - [2024-12-26T04:20:00.398+0200] {dag.py:3239} INFO - Sync 1 DAGs
[2024-12-26T04:20:00.411+0200] {logging_mixin.py:190} INFO - [2024-12-26T04:20:00.410+0200] {dag.py:4180} INFO - Setting next_dagrun for example_dynamic_task_mapping to None, run_after=None
[2024-12-26T04:20:00.472+0200] {processor.py:208} INFO - Processing /mnt/e/Assignments/Airflow/airflow/airflow_env/lib/python3.12/site-packages/airflow/example_dags/example_dynamic_task_mapping.py took 0.251 seconds
[2024-12-26T04:22:18.984+0200] {processor.py:186} INFO - Started process (PID=194199) to work on /mnt/e/Assignments/Airflow/airflow/airflow_env/lib/python3.12/site-packages/airflow/example_dags/example_dynamic_task_mapping.py
[2024-12-26T04:22:18.989+0200] {processor.py:914} INFO - Processing file /mnt/e/Assignments/Airflow/airflow/airflow_env/lib/python3.12/site-packages/airflow/example_dags/example_dynamic_task_mapping.py for tasks to queue
[2024-12-26T04:22:18.996+0200] {logging_mixin.py:190} INFO - [2024-12-26T04:22:18.993+0200] {dagbag.py:588} INFO - Filling up the DagBag from /mnt/e/Assignments/Airflow/airflow/airflow_env/lib/python3.12/site-packages/airflow/example_dags/example_dynamic_task_mapping.py
[2024-12-26T04:22:19.066+0200] {processor.py:925} INFO - DAG(s) 'example_dynamic_task_mapping' retrieved from /mnt/e/Assignments/Airflow/airflow/airflow_env/lib/python3.12/site-packages/airflow/example_dags/example_dynamic_task_mapping.py
[2024-12-26T04:22:19.086+0200] {logging_mixin.py:190} INFO - [2024-12-26T04:22:19.086+0200] {dag.py:3239} INFO - Sync 1 DAGs
[2024-12-26T04:22:19.096+0200] {logging_mixin.py:190} INFO - [2024-12-26T04:22:19.096+0200] {dag.py:4180} INFO - Setting next_dagrun for example_dynamic_task_mapping to None, run_after=None
[2024-12-26T04:22:19.139+0200] {processor.py:208} INFO - Processing /mnt/e/Assignments/Airflow/airflow/airflow_env/lib/python3.12/site-packages/airflow/example_dags/example_dynamic_task_mapping.py took 0.177 seconds
[2024-12-26T04:24:45.704+0200] {processor.py:186} INFO - Started process (PID=194282) to work on /mnt/e/Assignments/Airflow/airflow/airflow_env/lib/python3.12/site-packages/airflow/example_dags/example_dynamic_task_mapping.py
[2024-12-26T04:24:45.707+0200] {processor.py:914} INFO - Processing file /mnt/e/Assignments/Airflow/airflow/airflow_env/lib/python3.12/site-packages/airflow/example_dags/example_dynamic_task_mapping.py for tasks to queue
[2024-12-26T04:24:45.713+0200] {logging_mixin.py:190} INFO - [2024-12-26T04:24:45.711+0200] {dagbag.py:588} INFO - Filling up the DagBag from /mnt/e/Assignments/Airflow/airflow/airflow_env/lib/python3.12/site-packages/airflow/example_dags/example_dynamic_task_mapping.py
[2024-12-26T04:24:45.958+0200] {processor.py:925} INFO - DAG(s) 'example_dynamic_task_mapping' retrieved from /mnt/e/Assignments/Airflow/airflow/airflow_env/lib/python3.12/site-packages/airflow/example_dags/example_dynamic_task_mapping.py
[2024-12-26T04:24:45.985+0200] {logging_mixin.py:190} INFO - [2024-12-26T04:24:45.984+0200] {dag.py:3239} INFO - Sync 1 DAGs
[2024-12-26T04:24:45.994+0200] {logging_mixin.py:190} INFO - [2024-12-26T04:24:45.993+0200] {dag.py:4180} INFO - Setting next_dagrun for example_dynamic_task_mapping to None, run_after=None
[2024-12-26T04:24:46.035+0200] {processor.py:208} INFO - Processing /mnt/e/Assignments/Airflow/airflow/airflow_env/lib/python3.12/site-packages/airflow/example_dags/example_dynamic_task_mapping.py took 0.362 seconds
[2024-12-26T04:26:54.350+0200] {processor.py:186} INFO - Started process (PID=194363) to work on /mnt/e/Assignments/Airflow/airflow/airflow_env/lib/python3.12/site-packages/airflow/example_dags/example_dynamic_task_mapping.py
[2024-12-26T04:26:54.353+0200] {processor.py:914} INFO - Processing file /mnt/e/Assignments/Airflow/airflow/airflow_env/lib/python3.12/site-packages/airflow/example_dags/example_dynamic_task_mapping.py for tasks to queue
[2024-12-26T04:26:54.364+0200] {logging_mixin.py:190} INFO - [2024-12-26T04:26:54.356+0200] {dagbag.py:588} INFO - Filling up the DagBag from /mnt/e/Assignments/Airflow/airflow/airflow_env/lib/python3.12/site-packages/airflow/example_dags/example_dynamic_task_mapping.py
[2024-12-26T04:26:54.540+0200] {processor.py:925} INFO - DAG(s) 'example_dynamic_task_mapping' retrieved from /mnt/e/Assignments/Airflow/airflow/airflow_env/lib/python3.12/site-packages/airflow/example_dags/example_dynamic_task_mapping.py
[2024-12-26T04:26:54.576+0200] {logging_mixin.py:190} INFO - [2024-12-26T04:26:54.574+0200] {dag.py:3239} INFO - Sync 1 DAGs
[2024-12-26T04:26:54.590+0200] {logging_mixin.py:190} INFO - [2024-12-26T04:26:54.588+0200] {dag.py:4180} INFO - Setting next_dagrun for example_dynamic_task_mapping to None, run_after=None
[2024-12-26T04:26:54.644+0200] {processor.py:208} INFO - Processing /mnt/e/Assignments/Airflow/airflow/airflow_env/lib/python3.12/site-packages/airflow/example_dags/example_dynamic_task_mapping.py took 0.320 seconds
[2024-12-26T04:29:16.346+0200] {processor.py:186} INFO - Started process (PID=194449) to work on /mnt/e/Assignments/Airflow/airflow/airflow_env/lib/python3.12/site-packages/airflow/example_dags/example_dynamic_task_mapping.py
[2024-12-26T04:29:16.348+0200] {processor.py:914} INFO - Processing file /mnt/e/Assignments/Airflow/airflow/airflow_env/lib/python3.12/site-packages/airflow/example_dags/example_dynamic_task_mapping.py for tasks to queue
[2024-12-26T04:29:16.350+0200] {logging_mixin.py:190} INFO - [2024-12-26T04:29:16.349+0200] {dagbag.py:588} INFO - Filling up the DagBag from /mnt/e/Assignments/Airflow/airflow/airflow_env/lib/python3.12/site-packages/airflow/example_dags/example_dynamic_task_mapping.py
[2024-12-26T04:29:16.417+0200] {processor.py:925} INFO - DAG(s) 'example_dynamic_task_mapping' retrieved from /mnt/e/Assignments/Airflow/airflow/airflow_env/lib/python3.12/site-packages/airflow/example_dags/example_dynamic_task_mapping.py
[2024-12-26T04:29:16.438+0200] {logging_mixin.py:190} INFO - [2024-12-26T04:29:16.438+0200] {dag.py:3239} INFO - Sync 1 DAGs
[2024-12-26T04:29:16.450+0200] {logging_mixin.py:190} INFO - [2024-12-26T04:29:16.448+0200] {dag.py:4180} INFO - Setting next_dagrun for example_dynamic_task_mapping to None, run_after=None
[2024-12-26T04:29:16.493+0200] {processor.py:208} INFO - Processing /mnt/e/Assignments/Airflow/airflow/airflow_env/lib/python3.12/site-packages/airflow/example_dags/example_dynamic_task_mapping.py took 0.157 seconds
[2024-12-26T04:31:30.671+0200] {processor.py:186} INFO - Started process (PID=194529) to work on /mnt/e/Assignments/Airflow/airflow/airflow_env/lib/python3.12/site-packages/airflow/example_dags/example_dynamic_task_mapping.py
[2024-12-26T04:31:30.676+0200] {processor.py:914} INFO - Processing file /mnt/e/Assignments/Airflow/airflow/airflow_env/lib/python3.12/site-packages/airflow/example_dags/example_dynamic_task_mapping.py for tasks to queue
[2024-12-26T04:31:30.685+0200] {logging_mixin.py:190} INFO - [2024-12-26T04:31:30.682+0200] {dagbag.py:588} INFO - Filling up the DagBag from /mnt/e/Assignments/Airflow/airflow/airflow_env/lib/python3.12/site-packages/airflow/example_dags/example_dynamic_task_mapping.py
[2024-12-26T04:31:30.827+0200] {processor.py:925} INFO - DAG(s) 'example_dynamic_task_mapping' retrieved from /mnt/e/Assignments/Airflow/airflow/airflow_env/lib/python3.12/site-packages/airflow/example_dags/example_dynamic_task_mapping.py
[2024-12-26T04:31:30.847+0200] {logging_mixin.py:190} INFO - [2024-12-26T04:31:30.847+0200] {dag.py:3239} INFO - Sync 1 DAGs
[2024-12-26T04:31:30.860+0200] {logging_mixin.py:190} INFO - [2024-12-26T04:31:30.859+0200] {dag.py:4180} INFO - Setting next_dagrun for example_dynamic_task_mapping to None, run_after=None
[2024-12-26T04:31:30.930+0200] {processor.py:208} INFO - Processing /mnt/e/Assignments/Airflow/airflow/airflow_env/lib/python3.12/site-packages/airflow/example_dags/example_dynamic_task_mapping.py took 0.292 seconds
[2024-12-26T04:33:29.688+0200] {processor.py:186} INFO - Started process (PID=194611) to work on /mnt/e/Assignments/Airflow/airflow/airflow_env/lib/python3.12/site-packages/airflow/example_dags/example_dynamic_task_mapping.py
[2024-12-26T04:33:29.693+0200] {processor.py:914} INFO - Processing file /mnt/e/Assignments/Airflow/airflow/airflow_env/lib/python3.12/site-packages/airflow/example_dags/example_dynamic_task_mapping.py for tasks to queue
[2024-12-26T04:33:29.698+0200] {logging_mixin.py:190} INFO - [2024-12-26T04:33:29.696+0200] {dagbag.py:588} INFO - Filling up the DagBag from /mnt/e/Assignments/Airflow/airflow/airflow_env/lib/python3.12/site-packages/airflow/example_dags/example_dynamic_task_mapping.py
[2024-12-26T04:33:29.918+0200] {processor.py:925} INFO - DAG(s) 'example_dynamic_task_mapping' retrieved from /mnt/e/Assignments/Airflow/airflow/airflow_env/lib/python3.12/site-packages/airflow/example_dags/example_dynamic_task_mapping.py
[2024-12-26T04:33:29.949+0200] {logging_mixin.py:190} INFO - [2024-12-26T04:33:29.948+0200] {dag.py:3239} INFO - Sync 1 DAGs
[2024-12-26T04:33:29.966+0200] {logging_mixin.py:190} INFO - [2024-12-26T04:33:29.964+0200] {dag.py:4180} INFO - Setting next_dagrun for example_dynamic_task_mapping to None, run_after=None
[2024-12-26T04:33:30.083+0200] {processor.py:208} INFO - Processing /mnt/e/Assignments/Airflow/airflow/airflow_env/lib/python3.12/site-packages/airflow/example_dags/example_dynamic_task_mapping.py took 0.416 seconds
