[2024-12-26T02:08:01.631+0200] {processor.py:186} INFO - Started process (PID=188638) to work on /mnt/e/Assignments/Airflow/airflow/airflow_env/lib/python3.12/site-packages/airflow/example_dags/example_bash_operator.py
[2024-12-26T02:08:01.634+0200] {processor.py:914} INFO - Processing file /mnt/e/Assignments/Airflow/airflow/airflow_env/lib/python3.12/site-packages/airflow/example_dags/example_bash_operator.py for tasks to queue
[2024-12-26T02:08:01.637+0200] {logging_mixin.py:190} INFO - [2024-12-26T02:08:01.636+0200] {dagbag.py:588} INFO - Filling up the DagBag from /mnt/e/Assignments/Airflow/airflow/airflow_env/lib/python3.12/site-packages/airflow/example_dags/example_bash_operator.py
[2024-12-26T02:08:01.671+0200] {processor.py:925} INFO - DAG(s) 'example_bash_operator' retrieved from /mnt/e/Assignments/Airflow/airflow/airflow_env/lib/python3.12/site-packages/airflow/example_dags/example_bash_operator.py
[2024-12-26T02:08:01.713+0200] {logging_mixin.py:190} INFO - [2024-12-26T02:08:01.711+0200] {dag.py:3239} INFO - Sync 1 DAGs
[2024-12-26T02:08:01.742+0200] {logging_mixin.py:190} INFO - [2024-12-26T02:08:01.740+0200] {dag.py:4180} INFO - Setting next_dagrun for example_bash_operator to 2024-12-25 00:00:00+00:00, run_after=2024-12-26 00:00:00+00:00
[2024-12-26T02:08:01.847+0200] {processor.py:208} INFO - Processing /mnt/e/Assignments/Airflow/airflow/airflow_env/lib/python3.12/site-packages/airflow/example_dags/example_bash_operator.py took 0.229 seconds
[2024-12-26T02:10:13.082+0200] {processor.py:186} INFO - Started process (PID=188719) to work on /mnt/e/Assignments/Airflow/airflow/airflow_env/lib/python3.12/site-packages/airflow/example_dags/example_bash_operator.py
[2024-12-26T02:10:13.086+0200] {processor.py:914} INFO - Processing file /mnt/e/Assignments/Airflow/airflow/airflow_env/lib/python3.12/site-packages/airflow/example_dags/example_bash_operator.py for tasks to queue
[2024-12-26T02:10:13.091+0200] {logging_mixin.py:190} INFO - [2024-12-26T02:10:13.089+0200] {dagbag.py:588} INFO - Filling up the DagBag from /mnt/e/Assignments/Airflow/airflow/airflow_env/lib/python3.12/site-packages/airflow/example_dags/example_bash_operator.py
[2024-12-26T02:10:13.150+0200] {processor.py:925} INFO - DAG(s) 'example_bash_operator' retrieved from /mnt/e/Assignments/Airflow/airflow/airflow_env/lib/python3.12/site-packages/airflow/example_dags/example_bash_operator.py
[2024-12-26T02:10:13.198+0200] {logging_mixin.py:190} INFO - [2024-12-26T02:10:13.196+0200] {dag.py:3239} INFO - Sync 1 DAGs
[2024-12-26T02:10:13.228+0200] {logging_mixin.py:190} INFO - [2024-12-26T02:10:13.225+0200] {dag.py:4180} INFO - Setting next_dagrun for example_bash_operator to 2024-12-25 00:00:00+00:00, run_after=2024-12-26 00:00:00+00:00
[2024-12-26T02:10:13.345+0200] {processor.py:208} INFO - Processing /mnt/e/Assignments/Airflow/airflow/airflow_env/lib/python3.12/site-packages/airflow/example_dags/example_bash_operator.py took 0.283 seconds
[2024-12-26T02:12:26.835+0200] {processor.py:186} INFO - Started process (PID=188816) to work on /mnt/e/Assignments/Airflow/airflow/airflow_env/lib/python3.12/site-packages/airflow/example_dags/example_bash_operator.py
[2024-12-26T02:12:26.837+0200] {processor.py:914} INFO - Processing file /mnt/e/Assignments/Airflow/airflow/airflow_env/lib/python3.12/site-packages/airflow/example_dags/example_bash_operator.py for tasks to queue
[2024-12-26T02:12:26.840+0200] {logging_mixin.py:190} INFO - [2024-12-26T02:12:26.838+0200] {dagbag.py:588} INFO - Filling up the DagBag from /mnt/e/Assignments/Airflow/airflow/airflow_env/lib/python3.12/site-packages/airflow/example_dags/example_bash_operator.py
[2024-12-26T02:12:26.873+0200] {processor.py:925} INFO - DAG(s) 'example_bash_operator' retrieved from /mnt/e/Assignments/Airflow/airflow/airflow_env/lib/python3.12/site-packages/airflow/example_dags/example_bash_operator.py
[2024-12-26T02:12:26.916+0200] {logging_mixin.py:190} INFO - [2024-12-26T02:12:26.914+0200] {dag.py:3239} INFO - Sync 1 DAGs
[2024-12-26T02:12:26.941+0200] {logging_mixin.py:190} INFO - [2024-12-26T02:12:26.940+0200] {dag.py:4180} INFO - Setting next_dagrun for example_bash_operator to 2024-12-25 00:00:00+00:00, run_after=2024-12-26 00:00:00+00:00
[2024-12-26T02:12:26.990+0200] {processor.py:208} INFO - Processing /mnt/e/Assignments/Airflow/airflow/airflow_env/lib/python3.12/site-packages/airflow/example_dags/example_bash_operator.py took 0.172 seconds
[2024-12-26T02:14:31.978+0200] {processor.py:186} INFO - Started process (PID=188901) to work on /mnt/e/Assignments/Airflow/airflow/airflow_env/lib/python3.12/site-packages/airflow/example_dags/example_bash_operator.py
[2024-12-26T02:14:31.983+0200] {processor.py:914} INFO - Processing file /mnt/e/Assignments/Airflow/airflow/airflow_env/lib/python3.12/site-packages/airflow/example_dags/example_bash_operator.py for tasks to queue
[2024-12-26T02:14:31.989+0200] {logging_mixin.py:190} INFO - [2024-12-26T02:14:31.986+0200] {dagbag.py:588} INFO - Filling up the DagBag from /mnt/e/Assignments/Airflow/airflow/airflow_env/lib/python3.12/site-packages/airflow/example_dags/example_bash_operator.py
[2024-12-26T02:14:32.081+0200] {processor.py:925} INFO - DAG(s) 'example_bash_operator' retrieved from /mnt/e/Assignments/Airflow/airflow/airflow_env/lib/python3.12/site-packages/airflow/example_dags/example_bash_operator.py
[2024-12-26T02:14:32.130+0200] {logging_mixin.py:190} INFO - [2024-12-26T02:14:32.129+0200] {dag.py:3239} INFO - Sync 1 DAGs
[2024-12-26T02:14:32.155+0200] {logging_mixin.py:190} INFO - [2024-12-26T02:14:32.154+0200] {dag.py:4180} INFO - Setting next_dagrun for example_bash_operator to 2024-12-25 00:00:00+00:00, run_after=2024-12-26 00:00:00+00:00
[2024-12-26T02:14:35.154+0200] {processor.py:208} INFO - Processing /mnt/e/Assignments/Airflow/airflow/airflow_env/lib/python3.12/site-packages/airflow/example_dags/example_bash_operator.py took 0.265 seconds
[2024-12-26T02:16:43.289+0200] {processor.py:186} INFO - Started process (PID=188985) to work on /mnt/e/Assignments/Airflow/airflow/airflow_env/lib/python3.12/site-packages/airflow/example_dags/example_bash_operator.py
[2024-12-26T02:16:43.292+0200] {processor.py:914} INFO - Processing file /mnt/e/Assignments/Airflow/airflow/airflow_env/lib/python3.12/site-packages/airflow/example_dags/example_bash_operator.py for tasks to queue
[2024-12-26T02:16:43.296+0200] {logging_mixin.py:190} INFO - [2024-12-26T02:16:43.295+0200] {dagbag.py:588} INFO - Filling up the DagBag from /mnt/e/Assignments/Airflow/airflow/airflow_env/lib/python3.12/site-packages/airflow/example_dags/example_bash_operator.py
[2024-12-26T02:16:43.364+0200] {processor.py:925} INFO - DAG(s) 'example_bash_operator' retrieved from /mnt/e/Assignments/Airflow/airflow/airflow_env/lib/python3.12/site-packages/airflow/example_dags/example_bash_operator.py
[2024-12-26T02:16:43.419+0200] {logging_mixin.py:190} INFO - [2024-12-26T02:16:43.417+0200] {dag.py:3239} INFO - Sync 1 DAGs
[2024-12-26T02:16:43.442+0200] {logging_mixin.py:190} INFO - [2024-12-26T02:16:43.440+0200] {dag.py:4180} INFO - Setting next_dagrun for example_bash_operator to 2024-12-25 00:00:00+00:00, run_after=2024-12-26 00:00:00+00:00
[2024-12-26T02:16:43.513+0200] {processor.py:208} INFO - Processing /mnt/e/Assignments/Airflow/airflow/airflow_env/lib/python3.12/site-packages/airflow/example_dags/example_bash_operator.py took 0.242 seconds
[2024-12-26T02:18:48.789+0200] {processor.py:186} INFO - Started process (PID=189083) to work on /mnt/e/Assignments/Airflow/airflow/airflow_env/lib/python3.12/site-packages/airflow/example_dags/example_bash_operator.py
[2024-12-26T02:18:48.791+0200] {processor.py:914} INFO - Processing file /mnt/e/Assignments/Airflow/airflow/airflow_env/lib/python3.12/site-packages/airflow/example_dags/example_bash_operator.py for tasks to queue
[2024-12-26T02:18:48.795+0200] {logging_mixin.py:190} INFO - [2024-12-26T02:18:48.793+0200] {dagbag.py:588} INFO - Filling up the DagBag from /mnt/e/Assignments/Airflow/airflow/airflow_env/lib/python3.12/site-packages/airflow/example_dags/example_bash_operator.py
[2024-12-26T02:18:48.837+0200] {processor.py:925} INFO - DAG(s) 'example_bash_operator' retrieved from /mnt/e/Assignments/Airflow/airflow/airflow_env/lib/python3.12/site-packages/airflow/example_dags/example_bash_operator.py
[2024-12-26T02:18:48.887+0200] {logging_mixin.py:190} INFO - [2024-12-26T02:18:48.885+0200] {dag.py:3239} INFO - Sync 1 DAGs
[2024-12-26T02:18:48.916+0200] {logging_mixin.py:190} INFO - [2024-12-26T02:18:48.914+0200] {dag.py:4180} INFO - Setting next_dagrun for example_bash_operator to 2024-12-25 00:00:00+00:00, run_after=2024-12-26 00:00:00+00:00
[2024-12-26T02:18:48.988+0200] {processor.py:208} INFO - Processing /mnt/e/Assignments/Airflow/airflow/airflow_env/lib/python3.12/site-packages/airflow/example_dags/example_bash_operator.py took 0.215 seconds
[2024-12-26T02:21:05.640+0200] {processor.py:186} INFO - Started process (PID=189176) to work on /mnt/e/Assignments/Airflow/airflow/airflow_env/lib/python3.12/site-packages/airflow/example_dags/example_bash_operator.py
[2024-12-26T02:21:05.643+0200] {processor.py:914} INFO - Processing file /mnt/e/Assignments/Airflow/airflow/airflow_env/lib/python3.12/site-packages/airflow/example_dags/example_bash_operator.py for tasks to queue
[2024-12-26T02:21:05.646+0200] {logging_mixin.py:190} INFO - [2024-12-26T02:21:05.645+0200] {dagbag.py:588} INFO - Filling up the DagBag from /mnt/e/Assignments/Airflow/airflow/airflow_env/lib/python3.12/site-packages/airflow/example_dags/example_bash_operator.py
[2024-12-26T02:21:05.683+0200] {processor.py:925} INFO - DAG(s) 'example_bash_operator' retrieved from /mnt/e/Assignments/Airflow/airflow/airflow_env/lib/python3.12/site-packages/airflow/example_dags/example_bash_operator.py
[2024-12-26T02:21:05.728+0200] {logging_mixin.py:190} INFO - [2024-12-26T02:21:05.727+0200] {dag.py:3239} INFO - Sync 1 DAGs
[2024-12-26T02:21:05.756+0200] {logging_mixin.py:190} INFO - [2024-12-26T02:21:05.755+0200] {dag.py:4180} INFO - Setting next_dagrun for example_bash_operator to 2024-12-25 00:00:00+00:00, run_after=2024-12-26 00:00:00+00:00
[2024-12-26T02:21:05.854+0200] {processor.py:208} INFO - Processing /mnt/e/Assignments/Airflow/airflow/airflow_env/lib/python3.12/site-packages/airflow/example_dags/example_bash_operator.py took 0.227 seconds
[2024-12-26T02:23:09.465+0200] {processor.py:186} INFO - Started process (PID=189287) to work on /mnt/e/Assignments/Airflow/airflow/airflow_env/lib/python3.12/site-packages/airflow/example_dags/example_bash_operator.py
[2024-12-26T02:23:09.468+0200] {processor.py:914} INFO - Processing file /mnt/e/Assignments/Airflow/airflow/airflow_env/lib/python3.12/site-packages/airflow/example_dags/example_bash_operator.py for tasks to queue
[2024-12-26T02:23:09.473+0200] {logging_mixin.py:190} INFO - [2024-12-26T02:23:09.471+0200] {dagbag.py:588} INFO - Filling up the DagBag from /mnt/e/Assignments/Airflow/airflow/airflow_env/lib/python3.12/site-packages/airflow/example_dags/example_bash_operator.py
[2024-12-26T02:23:09.523+0200] {processor.py:925} INFO - DAG(s) 'example_bash_operator' retrieved from /mnt/e/Assignments/Airflow/airflow/airflow_env/lib/python3.12/site-packages/airflow/example_dags/example_bash_operator.py
[2024-12-26T02:23:09.567+0200] {logging_mixin.py:190} INFO - [2024-12-26T02:23:09.566+0200] {dag.py:3239} INFO - Sync 1 DAGs
[2024-12-26T02:23:09.594+0200] {logging_mixin.py:190} INFO - [2024-12-26T02:23:09.593+0200] {dag.py:4180} INFO - Setting next_dagrun for example_bash_operator to 2024-12-25 00:00:00+00:00, run_after=2024-12-26 00:00:00+00:00
[2024-12-26T02:23:09.685+0200] {processor.py:208} INFO - Processing /mnt/e/Assignments/Airflow/airflow/airflow_env/lib/python3.12/site-packages/airflow/example_dags/example_bash_operator.py took 0.242 seconds
[2024-12-26T02:25:23.521+0200] {processor.py:186} INFO - Started process (PID=189410) to work on /mnt/e/Assignments/Airflow/airflow/airflow_env/lib/python3.12/site-packages/airflow/example_dags/example_bash_operator.py
[2024-12-26T02:25:23.524+0200] {processor.py:914} INFO - Processing file /mnt/e/Assignments/Airflow/airflow/airflow_env/lib/python3.12/site-packages/airflow/example_dags/example_bash_operator.py for tasks to queue
[2024-12-26T02:25:23.528+0200] {logging_mixin.py:190} INFO - [2024-12-26T02:25:23.526+0200] {dagbag.py:588} INFO - Filling up the DagBag from /mnt/e/Assignments/Airflow/airflow/airflow_env/lib/python3.12/site-packages/airflow/example_dags/example_bash_operator.py
[2024-12-26T02:25:23.579+0200] {processor.py:925} INFO - DAG(s) 'example_bash_operator' retrieved from /mnt/e/Assignments/Airflow/airflow/airflow_env/lib/python3.12/site-packages/airflow/example_dags/example_bash_operator.py
[2024-12-26T02:25:23.620+0200] {logging_mixin.py:190} INFO - [2024-12-26T02:25:23.619+0200] {dag.py:3239} INFO - Sync 1 DAGs
[2024-12-26T02:25:23.643+0200] {logging_mixin.py:190} INFO - [2024-12-26T02:25:23.642+0200] {dag.py:4180} INFO - Setting next_dagrun for example_bash_operator to 2024-12-25 00:00:00+00:00, run_after=2024-12-26 00:00:00+00:00
[2024-12-26T02:25:23.756+0200] {processor.py:208} INFO - Processing /mnt/e/Assignments/Airflow/airflow/airflow_env/lib/python3.12/site-packages/airflow/example_dags/example_bash_operator.py took 0.257 seconds
[2024-12-26T02:27:29.993+0200] {processor.py:186} INFO - Started process (PID=189546) to work on /mnt/e/Assignments/Airflow/airflow/airflow_env/lib/python3.12/site-packages/airflow/example_dags/example_bash_operator.py
[2024-12-26T02:27:29.996+0200] {processor.py:914} INFO - Processing file /mnt/e/Assignments/Airflow/airflow/airflow_env/lib/python3.12/site-packages/airflow/example_dags/example_bash_operator.py for tasks to queue
[2024-12-26T02:27:30.001+0200] {logging_mixin.py:190} INFO - [2024-12-26T02:27:29.999+0200] {dagbag.py:588} INFO - Filling up the DagBag from /mnt/e/Assignments/Airflow/airflow/airflow_env/lib/python3.12/site-packages/airflow/example_dags/example_bash_operator.py
[2024-12-26T02:27:30.069+0200] {processor.py:925} INFO - DAG(s) 'example_bash_operator' retrieved from /mnt/e/Assignments/Airflow/airflow/airflow_env/lib/python3.12/site-packages/airflow/example_dags/example_bash_operator.py
[2024-12-26T02:27:30.123+0200] {logging_mixin.py:190} INFO - [2024-12-26T02:27:30.120+0200] {dag.py:3239} INFO - Sync 1 DAGs
[2024-12-26T02:27:30.152+0200] {logging_mixin.py:190} INFO - [2024-12-26T02:27:30.150+0200] {dag.py:4180} INFO - Setting next_dagrun for example_bash_operator to 2024-12-25 00:00:00+00:00, run_after=2024-12-26 00:00:00+00:00
[2024-12-26T02:27:30.253+0200] {processor.py:208} INFO - Processing /mnt/e/Assignments/Airflow/airflow/airflow_env/lib/python3.12/site-packages/airflow/example_dags/example_bash_operator.py took 0.281 seconds
[2024-12-26T02:29:34.124+0200] {processor.py:186} INFO - Started process (PID=189677) to work on /mnt/e/Assignments/Airflow/airflow/airflow_env/lib/python3.12/site-packages/airflow/example_dags/example_bash_operator.py
[2024-12-26T02:29:34.127+0200] {processor.py:914} INFO - Processing file /mnt/e/Assignments/Airflow/airflow/airflow_env/lib/python3.12/site-packages/airflow/example_dags/example_bash_operator.py for tasks to queue
[2024-12-26T02:29:34.132+0200] {logging_mixin.py:190} INFO - [2024-12-26T02:29:34.130+0200] {dagbag.py:588} INFO - Filling up the DagBag from /mnt/e/Assignments/Airflow/airflow/airflow_env/lib/python3.12/site-packages/airflow/example_dags/example_bash_operator.py
[2024-12-26T02:29:34.183+0200] {processor.py:925} INFO - DAG(s) 'example_bash_operator' retrieved from /mnt/e/Assignments/Airflow/airflow/airflow_env/lib/python3.12/site-packages/airflow/example_dags/example_bash_operator.py
[2024-12-26T02:29:34.231+0200] {logging_mixin.py:190} INFO - [2024-12-26T02:29:34.229+0200] {dag.py:3239} INFO - Sync 1 DAGs
[2024-12-26T02:29:34.342+0200] {logging_mixin.py:190} INFO - [2024-12-26T02:29:34.341+0200] {dag.py:4180} INFO - Setting next_dagrun for example_bash_operator to 2024-12-25 00:00:00+00:00, run_after=2024-12-26 00:00:00+00:00
[2024-12-26T02:29:34.434+0200] {processor.py:208} INFO - Processing /mnt/e/Assignments/Airflow/airflow/airflow_env/lib/python3.12/site-packages/airflow/example_dags/example_bash_operator.py took 0.333 seconds
[2024-12-26T02:31:55.228+0200] {processor.py:186} INFO - Started process (PID=189781) to work on /mnt/e/Assignments/Airflow/airflow/airflow_env/lib/python3.12/site-packages/airflow/example_dags/example_bash_operator.py
[2024-12-26T02:31:55.232+0200] {processor.py:914} INFO - Processing file /mnt/e/Assignments/Airflow/airflow/airflow_env/lib/python3.12/site-packages/airflow/example_dags/example_bash_operator.py for tasks to queue
[2024-12-26T02:31:55.239+0200] {logging_mixin.py:190} INFO - [2024-12-26T02:31:55.237+0200] {dagbag.py:588} INFO - Filling up the DagBag from /mnt/e/Assignments/Airflow/airflow/airflow_env/lib/python3.12/site-packages/airflow/example_dags/example_bash_operator.py
[2024-12-26T02:31:55.303+0200] {processor.py:925} INFO - DAG(s) 'example_bash_operator' retrieved from /mnt/e/Assignments/Airflow/airflow/airflow_env/lib/python3.12/site-packages/airflow/example_dags/example_bash_operator.py
[2024-12-26T02:31:55.359+0200] {logging_mixin.py:190} INFO - [2024-12-26T02:31:55.357+0200] {dag.py:3239} INFO - Sync 1 DAGs
[2024-12-26T02:31:55.398+0200] {logging_mixin.py:190} INFO - [2024-12-26T02:31:55.395+0200] {dag.py:4180} INFO - Setting next_dagrun for example_bash_operator to 2024-12-25 00:00:00+00:00, run_after=2024-12-26 00:00:00+00:00
[2024-12-26T02:31:55.556+0200] {processor.py:208} INFO - Processing /mnt/e/Assignments/Airflow/airflow/airflow_env/lib/python3.12/site-packages/airflow/example_dags/example_bash_operator.py took 0.349 seconds
[2024-12-26T02:34:11.686+0200] {processor.py:186} INFO - Started process (PID=189884) to work on /mnt/e/Assignments/Airflow/airflow/airflow_env/lib/python3.12/site-packages/airflow/example_dags/example_bash_operator.py
[2024-12-26T02:34:11.691+0200] {processor.py:914} INFO - Processing file /mnt/e/Assignments/Airflow/airflow/airflow_env/lib/python3.12/site-packages/airflow/example_dags/example_bash_operator.py for tasks to queue
[2024-12-26T02:34:11.696+0200] {logging_mixin.py:190} INFO - [2024-12-26T02:34:11.694+0200] {dagbag.py:588} INFO - Filling up the DagBag from /mnt/e/Assignments/Airflow/airflow/airflow_env/lib/python3.12/site-packages/airflow/example_dags/example_bash_operator.py
[2024-12-26T02:34:11.758+0200] {processor.py:925} INFO - DAG(s) 'example_bash_operator' retrieved from /mnt/e/Assignments/Airflow/airflow/airflow_env/lib/python3.12/site-packages/airflow/example_dags/example_bash_operator.py
[2024-12-26T02:34:11.817+0200] {logging_mixin.py:190} INFO - [2024-12-26T02:34:11.815+0200] {dag.py:3239} INFO - Sync 1 DAGs
[2024-12-26T02:34:11.968+0200] {logging_mixin.py:190} INFO - [2024-12-26T02:34:11.966+0200] {dag.py:4180} INFO - Setting next_dagrun for example_bash_operator to 2024-12-25 00:00:00+00:00, run_after=2024-12-26 00:00:00+00:00
[2024-12-26T02:34:12.064+0200] {processor.py:208} INFO - Processing /mnt/e/Assignments/Airflow/airflow/airflow_env/lib/python3.12/site-packages/airflow/example_dags/example_bash_operator.py took 0.411 seconds
[2024-12-26T02:36:36.215+0200] {processor.py:186} INFO - Started process (PID=189984) to work on /mnt/e/Assignments/Airflow/airflow/airflow_env/lib/python3.12/site-packages/airflow/example_dags/example_bash_operator.py
[2024-12-26T02:36:36.217+0200] {processor.py:914} INFO - Processing file /mnt/e/Assignments/Airflow/airflow/airflow_env/lib/python3.12/site-packages/airflow/example_dags/example_bash_operator.py for tasks to queue
[2024-12-26T02:36:36.220+0200] {logging_mixin.py:190} INFO - [2024-12-26T02:36:36.219+0200] {dagbag.py:588} INFO - Filling up the DagBag from /mnt/e/Assignments/Airflow/airflow/airflow_env/lib/python3.12/site-packages/airflow/example_dags/example_bash_operator.py
[2024-12-26T02:36:36.252+0200] {processor.py:925} INFO - DAG(s) 'example_bash_operator' retrieved from /mnt/e/Assignments/Airflow/airflow/airflow_env/lib/python3.12/site-packages/airflow/example_dags/example_bash_operator.py
[2024-12-26T02:36:36.289+0200] {logging_mixin.py:190} INFO - [2024-12-26T02:36:36.288+0200] {dag.py:3239} INFO - Sync 1 DAGs
[2024-12-26T02:36:36.410+0200] {logging_mixin.py:190} INFO - [2024-12-26T02:36:36.409+0200] {dag.py:4180} INFO - Setting next_dagrun for example_bash_operator to 2024-12-25 00:00:00+00:00, run_after=2024-12-26 00:00:00+00:00
[2024-12-26T02:36:36.477+0200] {processor.py:208} INFO - Processing /mnt/e/Assignments/Airflow/airflow/airflow_env/lib/python3.12/site-packages/airflow/example_dags/example_bash_operator.py took 0.275 seconds
[2024-12-26T02:39:35.255+0200] {processor.py:186} INFO - Started process (PID=190092) to work on /mnt/e/Assignments/Airflow/airflow/airflow_env/lib/python3.12/site-packages/airflow/example_dags/example_bash_operator.py
[2024-12-26T02:39:35.257+0200] {processor.py:914} INFO - Processing file /mnt/e/Assignments/Airflow/airflow/airflow_env/lib/python3.12/site-packages/airflow/example_dags/example_bash_operator.py for tasks to queue
[2024-12-26T02:39:35.264+0200] {logging_mixin.py:190} INFO - [2024-12-26T02:39:35.261+0200] {dagbag.py:588} INFO - Filling up the DagBag from /mnt/e/Assignments/Airflow/airflow/airflow_env/lib/python3.12/site-packages/airflow/example_dags/example_bash_operator.py
[2024-12-26T02:39:35.311+0200] {processor.py:925} INFO - DAG(s) 'example_bash_operator' retrieved from /mnt/e/Assignments/Airflow/airflow/airflow_env/lib/python3.12/site-packages/airflow/example_dags/example_bash_operator.py
[2024-12-26T02:39:35.363+0200] {logging_mixin.py:190} INFO - [2024-12-26T02:39:35.361+0200] {dag.py:3239} INFO - Sync 1 DAGs
[2024-12-26T02:39:35.495+0200] {logging_mixin.py:190} INFO - [2024-12-26T02:39:35.493+0200] {dag.py:4180} INFO - Setting next_dagrun for example_bash_operator to 2024-12-25 00:00:00+00:00, run_after=2024-12-26 00:00:00+00:00
[2024-12-26T02:39:35.550+0200] {processor.py:208} INFO - Processing /mnt/e/Assignments/Airflow/airflow/airflow_env/lib/python3.12/site-packages/airflow/example_dags/example_bash_operator.py took 0.311 seconds
[2024-12-26T02:42:51.686+0200] {processor.py:186} INFO - Started process (PID=190203) to work on /mnt/e/Assignments/Airflow/airflow/airflow_env/lib/python3.12/site-packages/airflow/example_dags/example_bash_operator.py
[2024-12-26T02:42:51.689+0200] {processor.py:914} INFO - Processing file /mnt/e/Assignments/Airflow/airflow/airflow_env/lib/python3.12/site-packages/airflow/example_dags/example_bash_operator.py for tasks to queue
[2024-12-26T02:42:51.697+0200] {logging_mixin.py:190} INFO - [2024-12-26T02:42:51.692+0200] {dagbag.py:588} INFO - Filling up the DagBag from /mnt/e/Assignments/Airflow/airflow/airflow_env/lib/python3.12/site-packages/airflow/example_dags/example_bash_operator.py
[2024-12-26T02:42:51.742+0200] {processor.py:925} INFO - DAG(s) 'example_bash_operator' retrieved from /mnt/e/Assignments/Airflow/airflow/airflow_env/lib/python3.12/site-packages/airflow/example_dags/example_bash_operator.py
[2024-12-26T02:42:51.874+0200] {logging_mixin.py:190} INFO - [2024-12-26T02:42:51.871+0200] {dag.py:3239} INFO - Sync 1 DAGs
[2024-12-26T02:42:51.897+0200] {logging_mixin.py:190} INFO - [2024-12-26T02:42:51.896+0200] {dag.py:4180} INFO - Setting next_dagrun for example_bash_operator to 2024-12-25 00:00:00+00:00, run_after=2024-12-26 00:00:00+00:00
[2024-12-26T02:42:51.978+0200] {processor.py:208} INFO - Processing /mnt/e/Assignments/Airflow/airflow/airflow_env/lib/python3.12/site-packages/airflow/example_dags/example_bash_operator.py took 0.310 seconds
[2024-12-26T02:44:52.473+0200] {processor.py:186} INFO - Started process (PID=190284) to work on /mnt/e/Assignments/Airflow/airflow/airflow_env/lib/python3.12/site-packages/airflow/example_dags/example_bash_operator.py
[2024-12-26T02:44:52.475+0200] {processor.py:914} INFO - Processing file /mnt/e/Assignments/Airflow/airflow/airflow_env/lib/python3.12/site-packages/airflow/example_dags/example_bash_operator.py for tasks to queue
[2024-12-26T02:44:52.478+0200] {logging_mixin.py:190} INFO - [2024-12-26T02:44:52.477+0200] {dagbag.py:588} INFO - Filling up the DagBag from /mnt/e/Assignments/Airflow/airflow/airflow_env/lib/python3.12/site-packages/airflow/example_dags/example_bash_operator.py
[2024-12-26T02:44:52.508+0200] {processor.py:925} INFO - DAG(s) 'example_bash_operator' retrieved from /mnt/e/Assignments/Airflow/airflow/airflow_env/lib/python3.12/site-packages/airflow/example_dags/example_bash_operator.py
[2024-12-26T02:44:52.540+0200] {logging_mixin.py:190} INFO - [2024-12-26T02:44:52.539+0200] {dag.py:3239} INFO - Sync 1 DAGs
[2024-12-26T02:44:52.562+0200] {logging_mixin.py:190} INFO - [2024-12-26T02:44:52.561+0200] {dag.py:4180} INFO - Setting next_dagrun for example_bash_operator to 2024-12-25 00:00:00+00:00, run_after=2024-12-26 00:00:00+00:00
[2024-12-26T02:44:52.631+0200] {processor.py:208} INFO - Processing /mnt/e/Assignments/Airflow/airflow/airflow_env/lib/python3.12/site-packages/airflow/example_dags/example_bash_operator.py took 0.173 seconds
[2024-12-26T02:47:02.255+0200] {processor.py:186} INFO - Started process (PID=190388) to work on /mnt/e/Assignments/Airflow/airflow/airflow_env/lib/python3.12/site-packages/airflow/example_dags/example_bash_operator.py
[2024-12-26T02:47:02.258+0200] {processor.py:914} INFO - Processing file /mnt/e/Assignments/Airflow/airflow/airflow_env/lib/python3.12/site-packages/airflow/example_dags/example_bash_operator.py for tasks to queue
[2024-12-26T02:47:02.261+0200] {logging_mixin.py:190} INFO - [2024-12-26T02:47:02.260+0200] {dagbag.py:588} INFO - Filling up the DagBag from /mnt/e/Assignments/Airflow/airflow/airflow_env/lib/python3.12/site-packages/airflow/example_dags/example_bash_operator.py
[2024-12-26T02:47:02.294+0200] {processor.py:925} INFO - DAG(s) 'example_bash_operator' retrieved from /mnt/e/Assignments/Airflow/airflow/airflow_env/lib/python3.12/site-packages/airflow/example_dags/example_bash_operator.py
[2024-12-26T02:47:02.328+0200] {logging_mixin.py:190} INFO - [2024-12-26T02:47:02.327+0200] {dag.py:3239} INFO - Sync 1 DAGs
[2024-12-26T02:47:02.350+0200] {logging_mixin.py:190} INFO - [2024-12-26T02:47:02.349+0200] {dag.py:4180} INFO - Setting next_dagrun for example_bash_operator to 2024-12-25 00:00:00+00:00, run_after=2024-12-26 00:00:00+00:00
[2024-12-26T02:47:02.400+0200] {processor.py:208} INFO - Processing /mnt/e/Assignments/Airflow/airflow/airflow_env/lib/python3.12/site-packages/airflow/example_dags/example_bash_operator.py took 0.158 seconds
[2024-12-26T02:49:05.599+0200] {processor.py:186} INFO - Started process (PID=190471) to work on /mnt/e/Assignments/Airflow/airflow/airflow_env/lib/python3.12/site-packages/airflow/example_dags/example_bash_operator.py
[2024-12-26T02:49:05.601+0200] {processor.py:914} INFO - Processing file /mnt/e/Assignments/Airflow/airflow/airflow_env/lib/python3.12/site-packages/airflow/example_dags/example_bash_operator.py for tasks to queue
[2024-12-26T02:49:05.604+0200] {logging_mixin.py:190} INFO - [2024-12-26T02:49:05.603+0200] {dagbag.py:588} INFO - Filling up the DagBag from /mnt/e/Assignments/Airflow/airflow/airflow_env/lib/python3.12/site-packages/airflow/example_dags/example_bash_operator.py
[2024-12-26T02:49:05.638+0200] {processor.py:925} INFO - DAG(s) 'example_bash_operator' retrieved from /mnt/e/Assignments/Airflow/airflow/airflow_env/lib/python3.12/site-packages/airflow/example_dags/example_bash_operator.py
[2024-12-26T02:49:05.684+0200] {logging_mixin.py:190} INFO - [2024-12-26T02:49:05.683+0200] {dag.py:3239} INFO - Sync 1 DAGs
[2024-12-26T02:49:05.710+0200] {logging_mixin.py:190} INFO - [2024-12-26T02:49:05.708+0200] {dag.py:4180} INFO - Setting next_dagrun for example_bash_operator to 2024-12-25 00:00:00+00:00, run_after=2024-12-26 00:00:00+00:00
[2024-12-26T02:49:05.793+0200] {processor.py:208} INFO - Processing /mnt/e/Assignments/Airflow/airflow/airflow_env/lib/python3.12/site-packages/airflow/example_dags/example_bash_operator.py took 0.208 seconds
[2024-12-26T02:51:15.678+0200] {processor.py:186} INFO - Started process (PID=190579) to work on /mnt/e/Assignments/Airflow/airflow/airflow_env/lib/python3.12/site-packages/airflow/example_dags/example_bash_operator.py
[2024-12-26T02:51:15.683+0200] {processor.py:914} INFO - Processing file /mnt/e/Assignments/Airflow/airflow/airflow_env/lib/python3.12/site-packages/airflow/example_dags/example_bash_operator.py for tasks to queue
[2024-12-26T02:51:15.689+0200] {logging_mixin.py:190} INFO - [2024-12-26T02:51:15.686+0200] {dagbag.py:588} INFO - Filling up the DagBag from /mnt/e/Assignments/Airflow/airflow/airflow_env/lib/python3.12/site-packages/airflow/example_dags/example_bash_operator.py
[2024-12-26T02:51:15.743+0200] {processor.py:925} INFO - DAG(s) 'example_bash_operator' retrieved from /mnt/e/Assignments/Airflow/airflow/airflow_env/lib/python3.12/site-packages/airflow/example_dags/example_bash_operator.py
[2024-12-26T02:51:15.788+0200] {logging_mixin.py:190} INFO - [2024-12-26T02:51:15.786+0200] {dag.py:3239} INFO - Sync 1 DAGs
[2024-12-26T02:51:15.813+0200] {logging_mixin.py:190} INFO - [2024-12-26T02:51:15.811+0200] {dag.py:4180} INFO - Setting next_dagrun for example_bash_operator to 2024-12-25 00:00:00+00:00, run_after=2024-12-26 00:00:00+00:00
[2024-12-26T02:51:15.934+0200] {processor.py:208} INFO - Processing /mnt/e/Assignments/Airflow/airflow/airflow_env/lib/python3.12/site-packages/airflow/example_dags/example_bash_operator.py took 0.284 seconds
[2024-12-26T02:53:34.799+0200] {processor.py:186} INFO - Started process (PID=190677) to work on /mnt/e/Assignments/Airflow/airflow/airflow_env/lib/python3.12/site-packages/airflow/example_dags/example_bash_operator.py
[2024-12-26T02:53:34.801+0200] {processor.py:914} INFO - Processing file /mnt/e/Assignments/Airflow/airflow/airflow_env/lib/python3.12/site-packages/airflow/example_dags/example_bash_operator.py for tasks to queue
[2024-12-26T02:53:34.806+0200] {logging_mixin.py:190} INFO - [2024-12-26T02:53:34.804+0200] {dagbag.py:588} INFO - Filling up the DagBag from /mnt/e/Assignments/Airflow/airflow/airflow_env/lib/python3.12/site-packages/airflow/example_dags/example_bash_operator.py
[2024-12-26T02:53:34.851+0200] {processor.py:925} INFO - DAG(s) 'example_bash_operator' retrieved from /mnt/e/Assignments/Airflow/airflow/airflow_env/lib/python3.12/site-packages/airflow/example_dags/example_bash_operator.py
[2024-12-26T02:53:34.896+0200] {logging_mixin.py:190} INFO - [2024-12-26T02:53:34.894+0200] {dag.py:3239} INFO - Sync 1 DAGs
[2024-12-26T02:53:34.927+0200] {logging_mixin.py:190} INFO - [2024-12-26T02:53:34.926+0200] {dag.py:4180} INFO - Setting next_dagrun for example_bash_operator to 2024-12-25 00:00:00+00:00, run_after=2024-12-26 00:00:00+00:00
[2024-12-26T02:53:34.999+0200] {processor.py:208} INFO - Processing /mnt/e/Assignments/Airflow/airflow/airflow_env/lib/python3.12/site-packages/airflow/example_dags/example_bash_operator.py took 0.217 seconds
[2024-12-26T02:55:44.980+0200] {processor.py:186} INFO - Started process (PID=190775) to work on /mnt/e/Assignments/Airflow/airflow/airflow_env/lib/python3.12/site-packages/airflow/example_dags/example_bash_operator.py
[2024-12-26T02:55:44.983+0200] {processor.py:914} INFO - Processing file /mnt/e/Assignments/Airflow/airflow/airflow_env/lib/python3.12/site-packages/airflow/example_dags/example_bash_operator.py for tasks to queue
[2024-12-26T02:55:44.986+0200] {logging_mixin.py:190} INFO - [2024-12-26T02:55:44.985+0200] {dagbag.py:588} INFO - Filling up the DagBag from /mnt/e/Assignments/Airflow/airflow/airflow_env/lib/python3.12/site-packages/airflow/example_dags/example_bash_operator.py
[2024-12-26T02:55:45.018+0200] {processor.py:925} INFO - DAG(s) 'example_bash_operator' retrieved from /mnt/e/Assignments/Airflow/airflow/airflow_env/lib/python3.12/site-packages/airflow/example_dags/example_bash_operator.py
[2024-12-26T02:55:45.056+0200] {logging_mixin.py:190} INFO - [2024-12-26T02:55:45.055+0200] {dag.py:3239} INFO - Sync 1 DAGs
[2024-12-26T02:55:45.088+0200] {logging_mixin.py:190} INFO - [2024-12-26T02:55:45.086+0200] {dag.py:4180} INFO - Setting next_dagrun for example_bash_operator to 2024-12-25 00:00:00+00:00, run_after=2024-12-26 00:00:00+00:00
[2024-12-26T02:55:45.170+0200] {processor.py:208} INFO - Processing /mnt/e/Assignments/Airflow/airflow/airflow_env/lib/python3.12/site-packages/airflow/example_dags/example_bash_operator.py took 0.202 seconds
[2024-12-26T02:57:53.157+0200] {processor.py:186} INFO - Started process (PID=190864) to work on /mnt/e/Assignments/Airflow/airflow/airflow_env/lib/python3.12/site-packages/airflow/example_dags/example_bash_operator.py
[2024-12-26T02:57:53.160+0200] {processor.py:914} INFO - Processing file /mnt/e/Assignments/Airflow/airflow/airflow_env/lib/python3.12/site-packages/airflow/example_dags/example_bash_operator.py for tasks to queue
[2024-12-26T02:57:53.165+0200] {logging_mixin.py:190} INFO - [2024-12-26T02:57:53.163+0200] {dagbag.py:588} INFO - Filling up the DagBag from /mnt/e/Assignments/Airflow/airflow/airflow_env/lib/python3.12/site-packages/airflow/example_dags/example_bash_operator.py
[2024-12-26T02:57:53.217+0200] {processor.py:925} INFO - DAG(s) 'example_bash_operator' retrieved from /mnt/e/Assignments/Airflow/airflow/airflow_env/lib/python3.12/site-packages/airflow/example_dags/example_bash_operator.py
[2024-12-26T02:57:53.256+0200] {logging_mixin.py:190} INFO - [2024-12-26T02:57:53.255+0200] {dag.py:3239} INFO - Sync 1 DAGs
[2024-12-26T02:57:53.283+0200] {logging_mixin.py:190} INFO - [2024-12-26T02:57:53.281+0200] {dag.py:4180} INFO - Setting next_dagrun for example_bash_operator to 2024-12-25 00:00:00+00:00, run_after=2024-12-26 00:00:00+00:00
[2024-12-26T02:57:53.367+0200] {processor.py:208} INFO - Processing /mnt/e/Assignments/Airflow/airflow/airflow_env/lib/python3.12/site-packages/airflow/example_dags/example_bash_operator.py took 0.228 seconds
[2024-12-26T03:02:20.304+0200] {processor.py:186} INFO - Started process (PID=191020) to work on /mnt/e/Assignments/Airflow/airflow/airflow_env/lib/python3.12/site-packages/airflow/example_dags/example_bash_operator.py
[2024-12-26T03:02:20.307+0200] {processor.py:914} INFO - Processing file /mnt/e/Assignments/Airflow/airflow/airflow_env/lib/python3.12/site-packages/airflow/example_dags/example_bash_operator.py for tasks to queue
[2024-12-26T03:02:20.312+0200] {logging_mixin.py:190} INFO - [2024-12-26T03:02:20.311+0200] {dagbag.py:588} INFO - Filling up the DagBag from /mnt/e/Assignments/Airflow/airflow/airflow_env/lib/python3.12/site-packages/airflow/example_dags/example_bash_operator.py
[2024-12-26T03:02:20.462+0200] {processor.py:925} INFO - DAG(s) 'example_bash_operator' retrieved from /mnt/e/Assignments/Airflow/airflow/airflow_env/lib/python3.12/site-packages/airflow/example_dags/example_bash_operator.py
[2024-12-26T03:02:20.499+0200] {logging_mixin.py:190} INFO - [2024-12-26T03:02:20.498+0200] {dag.py:3239} INFO - Sync 1 DAGs
[2024-12-26T03:02:20.528+0200] {logging_mixin.py:190} INFO - [2024-12-26T03:02:20.527+0200] {dag.py:4180} INFO - Setting next_dagrun for example_bash_operator to 2024-12-25 00:00:00+00:00, run_after=2024-12-26 00:00:00+00:00
[2024-12-26T03:02:20.593+0200] {processor.py:208} INFO - Processing /mnt/e/Assignments/Airflow/airflow/airflow_env/lib/python3.12/site-packages/airflow/example_dags/example_bash_operator.py took 0.308 seconds
[2024-12-26T03:04:39.592+0200] {processor.py:186} INFO - Started process (PID=191117) to work on /mnt/e/Assignments/Airflow/airflow/airflow_env/lib/python3.12/site-packages/airflow/example_dags/example_bash_operator.py
[2024-12-26T03:04:39.595+0200] {processor.py:914} INFO - Processing file /mnt/e/Assignments/Airflow/airflow/airflow_env/lib/python3.12/site-packages/airflow/example_dags/example_bash_operator.py for tasks to queue
[2024-12-26T03:04:39.598+0200] {logging_mixin.py:190} INFO - [2024-12-26T03:04:39.597+0200] {dagbag.py:588} INFO - Filling up the DagBag from /mnt/e/Assignments/Airflow/airflow/airflow_env/lib/python3.12/site-packages/airflow/example_dags/example_bash_operator.py
[2024-12-26T03:04:39.671+0200] {processor.py:925} INFO - DAG(s) 'example_bash_operator' retrieved from /mnt/e/Assignments/Airflow/airflow/airflow_env/lib/python3.12/site-packages/airflow/example_dags/example_bash_operator.py
[2024-12-26T03:04:39.703+0200] {logging_mixin.py:190} INFO - [2024-12-26T03:04:39.702+0200] {dag.py:3239} INFO - Sync 1 DAGs
[2024-12-26T03:04:39.728+0200] {logging_mixin.py:190} INFO - [2024-12-26T03:04:39.727+0200] {dag.py:4180} INFO - Setting next_dagrun for example_bash_operator to 2024-12-25 00:00:00+00:00, run_after=2024-12-26 00:00:00+00:00
[2024-12-26T03:04:39.776+0200] {processor.py:208} INFO - Processing /mnt/e/Assignments/Airflow/airflow/airflow_env/lib/python3.12/site-packages/airflow/example_dags/example_bash_operator.py took 0.196 seconds
[2024-12-26T03:07:50.123+0200] {processor.py:186} INFO - Started process (PID=191220) to work on /mnt/e/Assignments/Airflow/airflow/airflow_env/lib/python3.12/site-packages/airflow/example_dags/example_bash_operator.py
[2024-12-26T03:07:50.125+0200] {processor.py:914} INFO - Processing file /mnt/e/Assignments/Airflow/airflow/airflow_env/lib/python3.12/site-packages/airflow/example_dags/example_bash_operator.py for tasks to queue
[2024-12-26T03:07:50.128+0200] {logging_mixin.py:190} INFO - [2024-12-26T03:07:50.128+0200] {dagbag.py:588} INFO - Filling up the DagBag from /mnt/e/Assignments/Airflow/airflow/airflow_env/lib/python3.12/site-packages/airflow/example_dags/example_bash_operator.py
[2024-12-26T03:07:50.211+0200] {processor.py:925} INFO - DAG(s) 'example_bash_operator' retrieved from /mnt/e/Assignments/Airflow/airflow/airflow_env/lib/python3.12/site-packages/airflow/example_dags/example_bash_operator.py
[2024-12-26T03:07:50.247+0200] {logging_mixin.py:190} INFO - [2024-12-26T03:07:50.246+0200] {dag.py:3239} INFO - Sync 1 DAGs
[2024-12-26T03:07:50.270+0200] {logging_mixin.py:190} INFO - [2024-12-26T03:07:50.268+0200] {dag.py:4180} INFO - Setting next_dagrun for example_bash_operator to 2024-12-25 00:00:00+00:00, run_after=2024-12-26 00:00:00+00:00
[2024-12-26T03:07:50.428+0200] {processor.py:208} INFO - Processing /mnt/e/Assignments/Airflow/airflow/airflow_env/lib/python3.12/site-packages/airflow/example_dags/example_bash_operator.py took 0.316 seconds
[2024-12-26T03:10:09.400+0200] {processor.py:186} INFO - Started process (PID=191312) to work on /mnt/e/Assignments/Airflow/airflow/airflow_env/lib/python3.12/site-packages/airflow/example_dags/example_bash_operator.py
[2024-12-26T03:10:09.403+0200] {processor.py:914} INFO - Processing file /mnt/e/Assignments/Airflow/airflow/airflow_env/lib/python3.12/site-packages/airflow/example_dags/example_bash_operator.py for tasks to queue
[2024-12-26T03:10:09.406+0200] {logging_mixin.py:190} INFO - [2024-12-26T03:10:09.405+0200] {dagbag.py:588} INFO - Filling up the DagBag from /mnt/e/Assignments/Airflow/airflow/airflow_env/lib/python3.12/site-packages/airflow/example_dags/example_bash_operator.py
[2024-12-26T03:10:09.503+0200] {processor.py:925} INFO - DAG(s) 'example_bash_operator' retrieved from /mnt/e/Assignments/Airflow/airflow/airflow_env/lib/python3.12/site-packages/airflow/example_dags/example_bash_operator.py
[2024-12-26T03:10:09.541+0200] {logging_mixin.py:190} INFO - [2024-12-26T03:10:09.540+0200] {dag.py:3239} INFO - Sync 1 DAGs
[2024-12-26T03:10:09.705+0200] {logging_mixin.py:190} INFO - [2024-12-26T03:10:09.704+0200] {dag.py:4180} INFO - Setting next_dagrun for example_bash_operator to 2024-12-25 00:00:00+00:00, run_after=2024-12-26 00:00:00+00:00
[2024-12-26T03:10:09.786+0200] {processor.py:208} INFO - Processing /mnt/e/Assignments/Airflow/airflow/airflow_env/lib/python3.12/site-packages/airflow/example_dags/example_bash_operator.py took 0.400 seconds
[2024-12-26T03:12:20.616+0200] {processor.py:186} INFO - Started process (PID=191393) to work on /mnt/e/Assignments/Airflow/airflow/airflow_env/lib/python3.12/site-packages/airflow/example_dags/example_bash_operator.py
[2024-12-26T03:12:20.620+0200] {processor.py:914} INFO - Processing file /mnt/e/Assignments/Airflow/airflow/airflow_env/lib/python3.12/site-packages/airflow/example_dags/example_bash_operator.py for tasks to queue
[2024-12-26T03:12:20.626+0200] {logging_mixin.py:190} INFO - [2024-12-26T03:12:20.624+0200] {dagbag.py:588} INFO - Filling up the DagBag from /mnt/e/Assignments/Airflow/airflow/airflow_env/lib/python3.12/site-packages/airflow/example_dags/example_bash_operator.py
[2024-12-26T03:12:20.841+0200] {processor.py:925} INFO - DAG(s) 'example_bash_operator' retrieved from /mnt/e/Assignments/Airflow/airflow/airflow_env/lib/python3.12/site-packages/airflow/example_dags/example_bash_operator.py
[2024-12-26T03:12:20.898+0200] {logging_mixin.py:190} INFO - [2024-12-26T03:12:20.897+0200] {dag.py:3239} INFO - Sync 1 DAGs
[2024-12-26T03:12:20.947+0200] {logging_mixin.py:190} INFO - [2024-12-26T03:12:20.945+0200] {dag.py:4180} INFO - Setting next_dagrun for example_bash_operator to 2024-12-25 00:00:00+00:00, run_after=2024-12-26 00:00:00+00:00
[2024-12-26T03:12:21.068+0200] {processor.py:208} INFO - Processing /mnt/e/Assignments/Airflow/airflow/airflow_env/lib/python3.12/site-packages/airflow/example_dags/example_bash_operator.py took 0.476 seconds
[2024-12-26T03:14:27.259+0200] {processor.py:186} INFO - Started process (PID=191473) to work on /mnt/e/Assignments/Airflow/airflow/airflow_env/lib/python3.12/site-packages/airflow/example_dags/example_bash_operator.py
[2024-12-26T03:14:27.261+0200] {processor.py:914} INFO - Processing file /mnt/e/Assignments/Airflow/airflow/airflow_env/lib/python3.12/site-packages/airflow/example_dags/example_bash_operator.py for tasks to queue
[2024-12-26T03:14:27.265+0200] {logging_mixin.py:190} INFO - [2024-12-26T03:14:27.264+0200] {dagbag.py:588} INFO - Filling up the DagBag from /mnt/e/Assignments/Airflow/airflow/airflow_env/lib/python3.12/site-packages/airflow/example_dags/example_bash_operator.py
[2024-12-26T03:14:27.367+0200] {processor.py:925} INFO - DAG(s) 'example_bash_operator' retrieved from /mnt/e/Assignments/Airflow/airflow/airflow_env/lib/python3.12/site-packages/airflow/example_dags/example_bash_operator.py
[2024-12-26T03:14:27.400+0200] {logging_mixin.py:190} INFO - [2024-12-26T03:14:27.399+0200] {dag.py:3239} INFO - Sync 1 DAGs
[2024-12-26T03:14:27.428+0200] {logging_mixin.py:190} INFO - [2024-12-26T03:14:27.427+0200] {dag.py:4180} INFO - Setting next_dagrun for example_bash_operator to 2024-12-25 00:00:00+00:00, run_after=2024-12-26 00:00:00+00:00
[2024-12-26T03:14:27.506+0200] {processor.py:208} INFO - Processing /mnt/e/Assignments/Airflow/airflow/airflow_env/lib/python3.12/site-packages/airflow/example_dags/example_bash_operator.py took 0.259 seconds
[2024-12-26T03:16:34.670+0200] {processor.py:186} INFO - Started process (PID=191550) to work on /mnt/e/Assignments/Airflow/airflow/airflow_env/lib/python3.12/site-packages/airflow/example_dags/example_bash_operator.py
[2024-12-26T03:16:34.674+0200] {processor.py:914} INFO - Processing file /mnt/e/Assignments/Airflow/airflow/airflow_env/lib/python3.12/site-packages/airflow/example_dags/example_bash_operator.py for tasks to queue
[2024-12-26T03:16:34.682+0200] {logging_mixin.py:190} INFO - [2024-12-26T03:16:34.679+0200] {dagbag.py:588} INFO - Filling up the DagBag from /mnt/e/Assignments/Airflow/airflow/airflow_env/lib/python3.12/site-packages/airflow/example_dags/example_bash_operator.py
[2024-12-26T03:16:34.871+0200] {processor.py:925} INFO - DAG(s) 'example_bash_operator' retrieved from /mnt/e/Assignments/Airflow/airflow/airflow_env/lib/python3.12/site-packages/airflow/example_dags/example_bash_operator.py
[2024-12-26T03:16:34.927+0200] {logging_mixin.py:190} INFO - [2024-12-26T03:16:34.925+0200] {dag.py:3239} INFO - Sync 1 DAGs
[2024-12-26T03:16:34.968+0200] {logging_mixin.py:190} INFO - [2024-12-26T03:16:34.966+0200] {dag.py:4180} INFO - Setting next_dagrun for example_bash_operator to 2024-12-25 00:00:00+00:00, run_after=2024-12-26 00:00:00+00:00
[2024-12-26T03:16:35.076+0200] {processor.py:208} INFO - Processing /mnt/e/Assignments/Airflow/airflow/airflow_env/lib/python3.12/site-packages/airflow/example_dags/example_bash_operator.py took 0.433 seconds
[2024-12-26T03:18:53.109+0200] {processor.py:186} INFO - Started process (PID=191641) to work on /mnt/e/Assignments/Airflow/airflow/airflow_env/lib/python3.12/site-packages/airflow/example_dags/example_bash_operator.py
[2024-12-26T03:18:53.112+0200] {processor.py:914} INFO - Processing file /mnt/e/Assignments/Airflow/airflow/airflow_env/lib/python3.12/site-packages/airflow/example_dags/example_bash_operator.py for tasks to queue
[2024-12-26T03:18:53.115+0200] {logging_mixin.py:190} INFO - [2024-12-26T03:18:53.114+0200] {dagbag.py:588} INFO - Filling up the DagBag from /mnt/e/Assignments/Airflow/airflow/airflow_env/lib/python3.12/site-packages/airflow/example_dags/example_bash_operator.py
[2024-12-26T03:18:53.257+0200] {processor.py:925} INFO - DAG(s) 'example_bash_operator' retrieved from /mnt/e/Assignments/Airflow/airflow/airflow_env/lib/python3.12/site-packages/airflow/example_dags/example_bash_operator.py
[2024-12-26T03:18:53.283+0200] {logging_mixin.py:190} INFO - [2024-12-26T03:18:53.282+0200] {dag.py:3239} INFO - Sync 1 DAGs
[2024-12-26T03:18:53.303+0200] {logging_mixin.py:190} INFO - [2024-12-26T03:18:53.302+0200] {dag.py:4180} INFO - Setting next_dagrun for example_bash_operator to 2024-12-25 00:00:00+00:00, run_after=2024-12-26 00:00:00+00:00
[2024-12-26T03:18:53.363+0200] {processor.py:208} INFO - Processing /mnt/e/Assignments/Airflow/airflow/airflow_env/lib/python3.12/site-packages/airflow/example_dags/example_bash_operator.py took 0.268 seconds
[2024-12-26T03:21:04.382+0200] {processor.py:186} INFO - Started process (PID=191742) to work on /mnt/e/Assignments/Airflow/airflow/airflow_env/lib/python3.12/site-packages/airflow/example_dags/example_bash_operator.py
[2024-12-26T03:21:04.386+0200] {processor.py:914} INFO - Processing file /mnt/e/Assignments/Airflow/airflow/airflow_env/lib/python3.12/site-packages/airflow/example_dags/example_bash_operator.py for tasks to queue
[2024-12-26T03:21:04.394+0200] {logging_mixin.py:190} INFO - [2024-12-26T03:21:04.391+0200] {dagbag.py:588} INFO - Filling up the DagBag from /mnt/e/Assignments/Airflow/airflow/airflow_env/lib/python3.12/site-packages/airflow/example_dags/example_bash_operator.py
[2024-12-26T03:21:04.679+0200] {processor.py:925} INFO - DAG(s) 'example_bash_operator' retrieved from /mnt/e/Assignments/Airflow/airflow/airflow_env/lib/python3.12/site-packages/airflow/example_dags/example_bash_operator.py
[2024-12-26T03:21:04.726+0200] {logging_mixin.py:190} INFO - [2024-12-26T03:21:04.724+0200] {dag.py:3239} INFO - Sync 1 DAGs
[2024-12-26T03:21:04.758+0200] {logging_mixin.py:190} INFO - [2024-12-26T03:21:04.756+0200] {dag.py:4180} INFO - Setting next_dagrun for example_bash_operator to 2024-12-25 00:00:00+00:00, run_after=2024-12-26 00:00:00+00:00
[2024-12-26T03:21:04.833+0200] {processor.py:208} INFO - Processing /mnt/e/Assignments/Airflow/airflow/airflow_env/lib/python3.12/site-packages/airflow/example_dags/example_bash_operator.py took 0.482 seconds
[2024-12-26T03:23:06.624+0200] {processor.py:186} INFO - Started process (PID=191843) to work on /mnt/e/Assignments/Airflow/airflow/airflow_env/lib/python3.12/site-packages/airflow/example_dags/example_bash_operator.py
[2024-12-26T03:23:06.627+0200] {processor.py:914} INFO - Processing file /mnt/e/Assignments/Airflow/airflow/airflow_env/lib/python3.12/site-packages/airflow/example_dags/example_bash_operator.py for tasks to queue
[2024-12-26T03:23:06.633+0200] {logging_mixin.py:190} INFO - [2024-12-26T03:23:06.630+0200] {dagbag.py:588} INFO - Filling up the DagBag from /mnt/e/Assignments/Airflow/airflow/airflow_env/lib/python3.12/site-packages/airflow/example_dags/example_bash_operator.py
[2024-12-26T03:23:06.740+0200] {processor.py:925} INFO - DAG(s) 'example_bash_operator' retrieved from /mnt/e/Assignments/Airflow/airflow/airflow_env/lib/python3.12/site-packages/airflow/example_dags/example_bash_operator.py
[2024-12-26T03:23:06.774+0200] {logging_mixin.py:190} INFO - [2024-12-26T03:23:06.773+0200] {dag.py:3239} INFO - Sync 1 DAGs
[2024-12-26T03:23:06.797+0200] {logging_mixin.py:190} INFO - [2024-12-26T03:23:06.795+0200] {dag.py:4180} INFO - Setting next_dagrun for example_bash_operator to 2024-12-25 00:00:00+00:00, run_after=2024-12-26 00:00:00+00:00
[2024-12-26T03:23:06.857+0200] {processor.py:208} INFO - Processing /mnt/e/Assignments/Airflow/airflow/airflow_env/lib/python3.12/site-packages/airflow/example_dags/example_bash_operator.py took 0.249 seconds
[2024-12-26T03:25:19.907+0200] {processor.py:186} INFO - Started process (PID=191940) to work on /mnt/e/Assignments/Airflow/airflow/airflow_env/lib/python3.12/site-packages/airflow/example_dags/example_bash_operator.py
[2024-12-26T03:25:19.911+0200] {processor.py:914} INFO - Processing file /mnt/e/Assignments/Airflow/airflow/airflow_env/lib/python3.12/site-packages/airflow/example_dags/example_bash_operator.py for tasks to queue
[2024-12-26T03:25:19.920+0200] {logging_mixin.py:190} INFO - [2024-12-26T03:25:19.916+0200] {dagbag.py:588} INFO - Filling up the DagBag from /mnt/e/Assignments/Airflow/airflow/airflow_env/lib/python3.12/site-packages/airflow/example_dags/example_bash_operator.py
[2024-12-26T03:25:20.279+0200] {processor.py:925} INFO - DAG(s) 'example_bash_operator' retrieved from /mnt/e/Assignments/Airflow/airflow/airflow_env/lib/python3.12/site-packages/airflow/example_dags/example_bash_operator.py
[2024-12-26T03:25:20.336+0200] {logging_mixin.py:190} INFO - [2024-12-26T03:25:20.334+0200] {dag.py:3239} INFO - Sync 1 DAGs
[2024-12-26T03:25:20.377+0200] {logging_mixin.py:190} INFO - [2024-12-26T03:25:20.374+0200] {dag.py:4180} INFO - Setting next_dagrun for example_bash_operator to 2024-12-25 00:00:00+00:00, run_after=2024-12-26 00:00:00+00:00
[2024-12-26T03:25:20.535+0200] {processor.py:208} INFO - Processing /mnt/e/Assignments/Airflow/airflow/airflow_env/lib/python3.12/site-packages/airflow/example_dags/example_bash_operator.py took 0.656 seconds
[2024-12-26T03:27:30.243+0200] {processor.py:186} INFO - Started process (PID=192035) to work on /mnt/e/Assignments/Airflow/airflow/airflow_env/lib/python3.12/site-packages/airflow/example_dags/example_bash_operator.py
[2024-12-26T03:27:30.245+0200] {processor.py:914} INFO - Processing file /mnt/e/Assignments/Airflow/airflow/airflow_env/lib/python3.12/site-packages/airflow/example_dags/example_bash_operator.py for tasks to queue
[2024-12-26T03:27:30.247+0200] {logging_mixin.py:190} INFO - [2024-12-26T03:27:30.247+0200] {dagbag.py:588} INFO - Filling up the DagBag from /mnt/e/Assignments/Airflow/airflow/airflow_env/lib/python3.12/site-packages/airflow/example_dags/example_bash_operator.py
[2024-12-26T03:27:30.304+0200] {processor.py:925} INFO - DAG(s) 'example_bash_operator' retrieved from /mnt/e/Assignments/Airflow/airflow/airflow_env/lib/python3.12/site-packages/airflow/example_dags/example_bash_operator.py
[2024-12-26T03:27:30.326+0200] {logging_mixin.py:190} INFO - [2024-12-26T03:27:30.325+0200] {dag.py:3239} INFO - Sync 1 DAGs
[2024-12-26T03:27:30.343+0200] {logging_mixin.py:190} INFO - [2024-12-26T03:27:30.343+0200] {dag.py:4180} INFO - Setting next_dagrun for example_bash_operator to 2024-12-25 00:00:00+00:00, run_after=2024-12-26 00:00:00+00:00
[2024-12-26T03:27:30.384+0200] {processor.py:208} INFO - Processing /mnt/e/Assignments/Airflow/airflow/airflow_env/lib/python3.12/site-packages/airflow/example_dags/example_bash_operator.py took 0.149 seconds
[2024-12-26T03:29:30.190+0200] {processor.py:186} INFO - Started process (PID=192119) to work on /mnt/e/Assignments/Airflow/airflow/airflow_env/lib/python3.12/site-packages/airflow/example_dags/example_bash_operator.py
[2024-12-26T03:29:30.195+0200] {processor.py:914} INFO - Processing file /mnt/e/Assignments/Airflow/airflow/airflow_env/lib/python3.12/site-packages/airflow/example_dags/example_bash_operator.py for tasks to queue
[2024-12-26T03:29:30.200+0200] {logging_mixin.py:190} INFO - [2024-12-26T03:29:30.199+0200] {dagbag.py:588} INFO - Filling up the DagBag from /mnt/e/Assignments/Airflow/airflow/airflow_env/lib/python3.12/site-packages/airflow/example_dags/example_bash_operator.py
[2024-12-26T03:29:30.358+0200] {processor.py:925} INFO - DAG(s) 'example_bash_operator' retrieved from /mnt/e/Assignments/Airflow/airflow/airflow_env/lib/python3.12/site-packages/airflow/example_dags/example_bash_operator.py
[2024-12-26T03:29:30.440+0200] {logging_mixin.py:190} INFO - [2024-12-26T03:29:30.436+0200] {dag.py:3239} INFO - Sync 1 DAGs
[2024-12-26T03:29:30.481+0200] {logging_mixin.py:190} INFO - [2024-12-26T03:29:30.478+0200] {dag.py:4180} INFO - Setting next_dagrun for example_bash_operator to 2024-12-25 00:00:00+00:00, run_after=2024-12-26 00:00:00+00:00
[2024-12-26T03:29:30.563+0200] {processor.py:208} INFO - Processing /mnt/e/Assignments/Airflow/airflow/airflow_env/lib/python3.12/site-packages/airflow/example_dags/example_bash_operator.py took 0.401 seconds
[2024-12-26T03:31:39.806+0200] {processor.py:186} INFO - Started process (PID=192209) to work on /mnt/e/Assignments/Airflow/airflow/airflow_env/lib/python3.12/site-packages/airflow/example_dags/example_bash_operator.py
[2024-12-26T03:31:39.808+0200] {processor.py:914} INFO - Processing file /mnt/e/Assignments/Airflow/airflow/airflow_env/lib/python3.12/site-packages/airflow/example_dags/example_bash_operator.py for tasks to queue
[2024-12-26T03:31:39.810+0200] {logging_mixin.py:190} INFO - [2024-12-26T03:31:39.809+0200] {dagbag.py:588} INFO - Filling up the DagBag from /mnt/e/Assignments/Airflow/airflow/airflow_env/lib/python3.12/site-packages/airflow/example_dags/example_bash_operator.py
[2024-12-26T03:31:39.885+0200] {processor.py:925} INFO - DAG(s) 'example_bash_operator' retrieved from /mnt/e/Assignments/Airflow/airflow/airflow_env/lib/python3.12/site-packages/airflow/example_dags/example_bash_operator.py
[2024-12-26T03:31:39.910+0200] {logging_mixin.py:190} INFO - [2024-12-26T03:31:39.909+0200] {dag.py:3239} INFO - Sync 1 DAGs
[2024-12-26T03:31:39.947+0200] {logging_mixin.py:190} INFO - [2024-12-26T03:31:39.944+0200] {dag.py:4180} INFO - Setting next_dagrun for example_bash_operator to 2024-12-25 00:00:00+00:00, run_after=2024-12-26 00:00:00+00:00
[2024-12-26T03:31:40.020+0200] {processor.py:208} INFO - Processing /mnt/e/Assignments/Airflow/airflow/airflow_env/lib/python3.12/site-packages/airflow/example_dags/example_bash_operator.py took 0.223 seconds
[2024-12-26T03:33:49.904+0200] {processor.py:186} INFO - Started process (PID=192315) to work on /mnt/e/Assignments/Airflow/airflow/airflow_env/lib/python3.12/site-packages/airflow/example_dags/example_bash_operator.py
[2024-12-26T03:33:49.906+0200] {processor.py:914} INFO - Processing file /mnt/e/Assignments/Airflow/airflow/airflow_env/lib/python3.12/site-packages/airflow/example_dags/example_bash_operator.py for tasks to queue
[2024-12-26T03:33:49.909+0200] {logging_mixin.py:190} INFO - [2024-12-26T03:33:49.908+0200] {dagbag.py:588} INFO - Filling up the DagBag from /mnt/e/Assignments/Airflow/airflow/airflow_env/lib/python3.12/site-packages/airflow/example_dags/example_bash_operator.py
[2024-12-26T03:33:49.990+0200] {processor.py:925} INFO - DAG(s) 'example_bash_operator' retrieved from /mnt/e/Assignments/Airflow/airflow/airflow_env/lib/python3.12/site-packages/airflow/example_dags/example_bash_operator.py
[2024-12-26T03:33:50.034+0200] {logging_mixin.py:190} INFO - [2024-12-26T03:33:50.032+0200] {dag.py:3239} INFO - Sync 1 DAGs
[2024-12-26T03:33:50.056+0200] {logging_mixin.py:190} INFO - [2024-12-26T03:33:50.055+0200] {dag.py:4180} INFO - Setting next_dagrun for example_bash_operator to 2024-12-25 00:00:00+00:00, run_after=2024-12-26 00:00:00+00:00
[2024-12-26T03:33:50.121+0200] {processor.py:208} INFO - Processing /mnt/e/Assignments/Airflow/airflow/airflow_env/lib/python3.12/site-packages/airflow/example_dags/example_bash_operator.py took 0.229 seconds
[2024-12-26T03:36:52.201+0200] {processor.py:186} INFO - Started process (PID=192439) to work on /mnt/e/Assignments/Airflow/airflow/airflow_env/lib/python3.12/site-packages/airflow/example_dags/example_bash_operator.py
[2024-12-26T03:36:52.205+0200] {processor.py:914} INFO - Processing file /mnt/e/Assignments/Airflow/airflow/airflow_env/lib/python3.12/site-packages/airflow/example_dags/example_bash_operator.py for tasks to queue
[2024-12-26T03:36:52.214+0200] {logging_mixin.py:190} INFO - [2024-12-26T03:36:52.211+0200] {dagbag.py:588} INFO - Filling up the DagBag from /mnt/e/Assignments/Airflow/airflow/airflow_env/lib/python3.12/site-packages/airflow/example_dags/example_bash_operator.py
[2024-12-26T03:36:52.347+0200] {processor.py:925} INFO - DAG(s) 'example_bash_operator' retrieved from /mnt/e/Assignments/Airflow/airflow/airflow_env/lib/python3.12/site-packages/airflow/example_dags/example_bash_operator.py
[2024-12-26T03:36:52.411+0200] {logging_mixin.py:190} INFO - [2024-12-26T03:36:52.408+0200] {dag.py:3239} INFO - Sync 1 DAGs
[2024-12-26T03:36:52.445+0200] {logging_mixin.py:190} INFO - [2024-12-26T03:36:52.443+0200] {dag.py:4180} INFO - Setting next_dagrun for example_bash_operator to 2024-12-25 00:00:00+00:00, run_after=2024-12-26 00:00:00+00:00
[2024-12-26T03:36:52.516+0200] {processor.py:208} INFO - Processing /mnt/e/Assignments/Airflow/airflow/airflow_env/lib/python3.12/site-packages/airflow/example_dags/example_bash_operator.py took 0.348 seconds
[2024-12-26T03:40:01.179+0200] {processor.py:186} INFO - Started process (PID=192549) to work on /mnt/e/Assignments/Airflow/airflow/airflow_env/lib/python3.12/site-packages/airflow/example_dags/example_bash_operator.py
[2024-12-26T03:40:01.181+0200] {processor.py:914} INFO - Processing file /mnt/e/Assignments/Airflow/airflow/airflow_env/lib/python3.12/site-packages/airflow/example_dags/example_bash_operator.py for tasks to queue
[2024-12-26T03:40:01.183+0200] {logging_mixin.py:190} INFO - [2024-12-26T03:40:01.183+0200] {dagbag.py:588} INFO - Filling up the DagBag from /mnt/e/Assignments/Airflow/airflow/airflow_env/lib/python3.12/site-packages/airflow/example_dags/example_bash_operator.py
[2024-12-26T03:40:01.243+0200] {processor.py:925} INFO - DAG(s) 'example_bash_operator' retrieved from /mnt/e/Assignments/Airflow/airflow/airflow_env/lib/python3.12/site-packages/airflow/example_dags/example_bash_operator.py
[2024-12-26T03:40:01.268+0200] {logging_mixin.py:190} INFO - [2024-12-26T03:40:01.267+0200] {dag.py:3239} INFO - Sync 1 DAGs
[2024-12-26T03:40:01.287+0200] {logging_mixin.py:190} INFO - [2024-12-26T03:40:01.286+0200] {dag.py:4180} INFO - Setting next_dagrun for example_bash_operator to 2024-12-25 00:00:00+00:00, run_after=2024-12-26 00:00:00+00:00
[2024-12-26T03:40:01.327+0200] {processor.py:208} INFO - Processing /mnt/e/Assignments/Airflow/airflow/airflow_env/lib/python3.12/site-packages/airflow/example_dags/example_bash_operator.py took 0.157 seconds
[2024-12-26T03:42:02.790+0200] {processor.py:186} INFO - Started process (PID=192631) to work on /mnt/e/Assignments/Airflow/airflow/airflow_env/lib/python3.12/site-packages/airflow/example_dags/example_bash_operator.py
[2024-12-26T03:42:02.792+0200] {processor.py:914} INFO - Processing file /mnt/e/Assignments/Airflow/airflow/airflow_env/lib/python3.12/site-packages/airflow/example_dags/example_bash_operator.py for tasks to queue
[2024-12-26T03:42:02.794+0200] {logging_mixin.py:190} INFO - [2024-12-26T03:42:02.793+0200] {dagbag.py:588} INFO - Filling up the DagBag from /mnt/e/Assignments/Airflow/airflow/airflow_env/lib/python3.12/site-packages/airflow/example_dags/example_bash_operator.py
[2024-12-26T03:42:02.857+0200] {processor.py:925} INFO - DAG(s) 'example_bash_operator' retrieved from /mnt/e/Assignments/Airflow/airflow/airflow_env/lib/python3.12/site-packages/airflow/example_dags/example_bash_operator.py
[2024-12-26T03:42:02.881+0200] {logging_mixin.py:190} INFO - [2024-12-26T03:42:02.880+0200] {dag.py:3239} INFO - Sync 1 DAGs
[2024-12-26T03:42:02.901+0200] {logging_mixin.py:190} INFO - [2024-12-26T03:42:02.900+0200] {dag.py:4180} INFO - Setting next_dagrun for example_bash_operator to 2024-12-25 00:00:00+00:00, run_after=2024-12-26 00:00:00+00:00
[2024-12-26T03:42:02.953+0200] {processor.py:208} INFO - Processing /mnt/e/Assignments/Airflow/airflow/airflow_env/lib/python3.12/site-packages/airflow/example_dags/example_bash_operator.py took 0.171 seconds
[2024-12-26T03:43:59.313+0200] {processor.py:186} INFO - Started process (PID=192709) to work on /mnt/e/Assignments/Airflow/airflow/airflow_env/lib/python3.12/site-packages/airflow/example_dags/example_bash_operator.py
[2024-12-26T03:43:59.315+0200] {processor.py:914} INFO - Processing file /mnt/e/Assignments/Airflow/airflow/airflow_env/lib/python3.12/site-packages/airflow/example_dags/example_bash_operator.py for tasks to queue
[2024-12-26T03:43:59.317+0200] {logging_mixin.py:190} INFO - [2024-12-26T03:43:59.316+0200] {dagbag.py:588} INFO - Filling up the DagBag from /mnt/e/Assignments/Airflow/airflow/airflow_env/lib/python3.12/site-packages/airflow/example_dags/example_bash_operator.py
[2024-12-26T03:43:59.379+0200] {processor.py:925} INFO - DAG(s) 'example_bash_operator' retrieved from /mnt/e/Assignments/Airflow/airflow/airflow_env/lib/python3.12/site-packages/airflow/example_dags/example_bash_operator.py
[2024-12-26T03:43:59.402+0200] {logging_mixin.py:190} INFO - [2024-12-26T03:43:59.402+0200] {dag.py:3239} INFO - Sync 1 DAGs
[2024-12-26T03:43:59.419+0200] {logging_mixin.py:190} INFO - [2024-12-26T03:43:59.418+0200] {dag.py:4180} INFO - Setting next_dagrun for example_bash_operator to 2024-12-25 00:00:00+00:00, run_after=2024-12-26 00:00:00+00:00
[2024-12-26T03:43:59.459+0200] {processor.py:208} INFO - Processing /mnt/e/Assignments/Airflow/airflow/airflow_env/lib/python3.12/site-packages/airflow/example_dags/example_bash_operator.py took 0.155 seconds
[2024-12-26T03:45:58.562+0200] {processor.py:186} INFO - Started process (PID=192786) to work on /mnt/e/Assignments/Airflow/airflow/airflow_env/lib/python3.12/site-packages/airflow/example_dags/example_bash_operator.py
[2024-12-26T03:45:58.563+0200] {processor.py:914} INFO - Processing file /mnt/e/Assignments/Airflow/airflow/airflow_env/lib/python3.12/site-packages/airflow/example_dags/example_bash_operator.py for tasks to queue
[2024-12-26T03:45:58.566+0200] {logging_mixin.py:190} INFO - [2024-12-26T03:45:58.565+0200] {dagbag.py:588} INFO - Filling up the DagBag from /mnt/e/Assignments/Airflow/airflow/airflow_env/lib/python3.12/site-packages/airflow/example_dags/example_bash_operator.py
[2024-12-26T03:45:58.629+0200] {processor.py:925} INFO - DAG(s) 'example_bash_operator' retrieved from /mnt/e/Assignments/Airflow/airflow/airflow_env/lib/python3.12/site-packages/airflow/example_dags/example_bash_operator.py
[2024-12-26T03:45:58.652+0200] {logging_mixin.py:190} INFO - [2024-12-26T03:45:58.651+0200] {dag.py:3239} INFO - Sync 1 DAGs
[2024-12-26T03:45:58.668+0200] {logging_mixin.py:190} INFO - [2024-12-26T03:45:58.668+0200] {dag.py:4180} INFO - Setting next_dagrun for example_bash_operator to 2024-12-25 00:00:00+00:00, run_after=2024-12-26 00:00:00+00:00
[2024-12-26T03:45:58.716+0200] {processor.py:208} INFO - Processing /mnt/e/Assignments/Airflow/airflow/airflow_env/lib/python3.12/site-packages/airflow/example_dags/example_bash_operator.py took 0.168 seconds
[2024-12-26T03:48:06.385+0200] {processor.py:186} INFO - Started process (PID=192873) to work on /mnt/e/Assignments/Airflow/airflow/airflow_env/lib/python3.12/site-packages/airflow/example_dags/example_bash_operator.py
[2024-12-26T03:48:06.389+0200] {processor.py:914} INFO - Processing file /mnt/e/Assignments/Airflow/airflow/airflow_env/lib/python3.12/site-packages/airflow/example_dags/example_bash_operator.py for tasks to queue
[2024-12-26T03:48:06.401+0200] {logging_mixin.py:190} INFO - [2024-12-26T03:48:06.396+0200] {dagbag.py:588} INFO - Filling up the DagBag from /mnt/e/Assignments/Airflow/airflow/airflow_env/lib/python3.12/site-packages/airflow/example_dags/example_bash_operator.py
[2024-12-26T03:48:06.750+0200] {processor.py:925} INFO - DAG(s) 'example_bash_operator' retrieved from /mnt/e/Assignments/Airflow/airflow/airflow_env/lib/python3.12/site-packages/airflow/example_dags/example_bash_operator.py
[2024-12-26T03:48:06.824+0200] {logging_mixin.py:190} INFO - [2024-12-26T03:48:06.822+0200] {dag.py:3239} INFO - Sync 1 DAGs
[2024-12-26T03:48:06.858+0200] {logging_mixin.py:190} INFO - [2024-12-26T03:48:06.856+0200] {dag.py:4180} INFO - Setting next_dagrun for example_bash_operator to 2024-12-25 00:00:00+00:00, run_after=2024-12-26 00:00:00+00:00
[2024-12-26T03:48:06.928+0200] {processor.py:208} INFO - Processing /mnt/e/Assignments/Airflow/airflow/airflow_env/lib/python3.12/site-packages/airflow/example_dags/example_bash_operator.py took 0.582 seconds
[2024-12-26T03:50:11.377+0200] {processor.py:186} INFO - Started process (PID=192953) to work on /mnt/e/Assignments/Airflow/airflow/airflow_env/lib/python3.12/site-packages/airflow/example_dags/example_bash_operator.py
[2024-12-26T03:50:11.380+0200] {processor.py:914} INFO - Processing file /mnt/e/Assignments/Airflow/airflow/airflow_env/lib/python3.12/site-packages/airflow/example_dags/example_bash_operator.py for tasks to queue
[2024-12-26T03:50:11.383+0200] {logging_mixin.py:190} INFO - [2024-12-26T03:50:11.382+0200] {dagbag.py:588} INFO - Filling up the DagBag from /mnt/e/Assignments/Airflow/airflow/airflow_env/lib/python3.12/site-packages/airflow/example_dags/example_bash_operator.py
[2024-12-26T03:50:11.460+0200] {processor.py:925} INFO - DAG(s) 'example_bash_operator' retrieved from /mnt/e/Assignments/Airflow/airflow/airflow_env/lib/python3.12/site-packages/airflow/example_dags/example_bash_operator.py
[2024-12-26T03:50:11.484+0200] {logging_mixin.py:190} INFO - [2024-12-26T03:50:11.483+0200] {dag.py:3239} INFO - Sync 1 DAGs
[2024-12-26T03:50:11.501+0200] {logging_mixin.py:190} INFO - [2024-12-26T03:50:11.500+0200] {dag.py:4180} INFO - Setting next_dagrun for example_bash_operator to 2024-12-25 00:00:00+00:00, run_after=2024-12-26 00:00:00+00:00
[2024-12-26T03:50:11.548+0200] {processor.py:208} INFO - Processing /mnt/e/Assignments/Airflow/airflow/airflow_env/lib/python3.12/site-packages/airflow/example_dags/example_bash_operator.py took 0.184 seconds
[2024-12-26T03:52:15.868+0200] {processor.py:186} INFO - Started process (PID=193034) to work on /mnt/e/Assignments/Airflow/airflow/airflow_env/lib/python3.12/site-packages/airflow/example_dags/example_bash_operator.py
[2024-12-26T03:52:15.870+0200] {processor.py:914} INFO - Processing file /mnt/e/Assignments/Airflow/airflow/airflow_env/lib/python3.12/site-packages/airflow/example_dags/example_bash_operator.py for tasks to queue
[2024-12-26T03:52:15.873+0200] {logging_mixin.py:190} INFO - [2024-12-26T03:52:15.872+0200] {dagbag.py:588} INFO - Filling up the DagBag from /mnt/e/Assignments/Airflow/airflow/airflow_env/lib/python3.12/site-packages/airflow/example_dags/example_bash_operator.py
[2024-12-26T03:52:15.948+0200] {processor.py:925} INFO - DAG(s) 'example_bash_operator' retrieved from /mnt/e/Assignments/Airflow/airflow/airflow_env/lib/python3.12/site-packages/airflow/example_dags/example_bash_operator.py
[2024-12-26T03:52:15.975+0200] {logging_mixin.py:190} INFO - [2024-12-26T03:52:15.974+0200] {dag.py:3239} INFO - Sync 1 DAGs
[2024-12-26T03:52:15.995+0200] {logging_mixin.py:190} INFO - [2024-12-26T03:52:15.994+0200] {dag.py:4180} INFO - Setting next_dagrun for example_bash_operator to 2024-12-25 00:00:00+00:00, run_after=2024-12-26 00:00:00+00:00
[2024-12-26T03:52:16.047+0200] {processor.py:208} INFO - Processing /mnt/e/Assignments/Airflow/airflow/airflow_env/lib/python3.12/site-packages/airflow/example_dags/example_bash_operator.py took 0.187 seconds
[2024-12-26T03:54:25.573+0200] {processor.py:186} INFO - Started process (PID=193116) to work on /mnt/e/Assignments/Airflow/airflow/airflow_env/lib/python3.12/site-packages/airflow/example_dags/example_bash_operator.py
[2024-12-26T03:54:25.575+0200] {processor.py:914} INFO - Processing file /mnt/e/Assignments/Airflow/airflow/airflow_env/lib/python3.12/site-packages/airflow/example_dags/example_bash_operator.py for tasks to queue
[2024-12-26T03:54:25.580+0200] {logging_mixin.py:190} INFO - [2024-12-26T03:54:25.578+0200] {dagbag.py:588} INFO - Filling up the DagBag from /mnt/e/Assignments/Airflow/airflow/airflow_env/lib/python3.12/site-packages/airflow/example_dags/example_bash_operator.py
[2024-12-26T03:54:25.712+0200] {processor.py:925} INFO - DAG(s) 'example_bash_operator' retrieved from /mnt/e/Assignments/Airflow/airflow/airflow_env/lib/python3.12/site-packages/airflow/example_dags/example_bash_operator.py
[2024-12-26T03:54:25.741+0200] {logging_mixin.py:190} INFO - [2024-12-26T03:54:25.740+0200] {dag.py:3239} INFO - Sync 1 DAGs
[2024-12-26T03:54:25.760+0200] {logging_mixin.py:190} INFO - [2024-12-26T03:54:25.759+0200] {dag.py:4180} INFO - Setting next_dagrun for example_bash_operator to 2024-12-25 00:00:00+00:00, run_after=2024-12-26 00:00:00+00:00
[2024-12-26T03:54:25.812+0200] {processor.py:208} INFO - Processing /mnt/e/Assignments/Airflow/airflow/airflow_env/lib/python3.12/site-packages/airflow/example_dags/example_bash_operator.py took 0.259 seconds
[2024-12-26T03:56:46.356+0200] {processor.py:186} INFO - Started process (PID=193198) to work on /mnt/e/Assignments/Airflow/airflow/airflow_env/lib/python3.12/site-packages/airflow/example_dags/example_bash_operator.py
[2024-12-26T03:56:46.359+0200] {processor.py:914} INFO - Processing file /mnt/e/Assignments/Airflow/airflow/airflow_env/lib/python3.12/site-packages/airflow/example_dags/example_bash_operator.py for tasks to queue
[2024-12-26T03:56:46.362+0200] {logging_mixin.py:190} INFO - [2024-12-26T03:56:46.361+0200] {dagbag.py:588} INFO - Filling up the DagBag from /mnt/e/Assignments/Airflow/airflow/airflow_env/lib/python3.12/site-packages/airflow/example_dags/example_bash_operator.py
[2024-12-26T03:56:46.440+0200] {processor.py:925} INFO - DAG(s) 'example_bash_operator' retrieved from /mnt/e/Assignments/Airflow/airflow/airflow_env/lib/python3.12/site-packages/airflow/example_dags/example_bash_operator.py
[2024-12-26T03:56:46.466+0200] {logging_mixin.py:190} INFO - [2024-12-26T03:56:46.466+0200] {dag.py:3239} INFO - Sync 1 DAGs
[2024-12-26T03:56:46.484+0200] {logging_mixin.py:190} INFO - [2024-12-26T03:56:46.483+0200] {dag.py:4180} INFO - Setting next_dagrun for example_bash_operator to 2024-12-25 00:00:00+00:00, run_after=2024-12-26 00:00:00+00:00
[2024-12-26T03:56:46.536+0200] {processor.py:208} INFO - Processing /mnt/e/Assignments/Airflow/airflow/airflow_env/lib/python3.12/site-packages/airflow/example_dags/example_bash_operator.py took 0.192 seconds
[2024-12-26T03:58:43.981+0200] {processor.py:186} INFO - Started process (PID=193281) to work on /mnt/e/Assignments/Airflow/airflow/airflow_env/lib/python3.12/site-packages/airflow/example_dags/example_bash_operator.py
[2024-12-26T03:58:43.983+0200] {processor.py:914} INFO - Processing file /mnt/e/Assignments/Airflow/airflow/airflow_env/lib/python3.12/site-packages/airflow/example_dags/example_bash_operator.py for tasks to queue
[2024-12-26T03:58:43.987+0200] {logging_mixin.py:190} INFO - [2024-12-26T03:58:43.986+0200] {dagbag.py:588} INFO - Filling up the DagBag from /mnt/e/Assignments/Airflow/airflow/airflow_env/lib/python3.12/site-packages/airflow/example_dags/example_bash_operator.py
[2024-12-26T03:58:44.064+0200] {processor.py:925} INFO - DAG(s) 'example_bash_operator' retrieved from /mnt/e/Assignments/Airflow/airflow/airflow_env/lib/python3.12/site-packages/airflow/example_dags/example_bash_operator.py
[2024-12-26T03:58:44.092+0200] {logging_mixin.py:190} INFO - [2024-12-26T03:58:44.092+0200] {dag.py:3239} INFO - Sync 1 DAGs
[2024-12-26T03:58:44.114+0200] {logging_mixin.py:190} INFO - [2024-12-26T03:58:44.113+0200] {dag.py:4180} INFO - Setting next_dagrun for example_bash_operator to 2024-12-25 00:00:00+00:00, run_after=2024-12-26 00:00:00+00:00
[2024-12-26T03:58:44.164+0200] {processor.py:208} INFO - Processing /mnt/e/Assignments/Airflow/airflow/airflow_env/lib/python3.12/site-packages/airflow/example_dags/example_bash_operator.py took 0.193 seconds
[2024-12-26T04:00:50.372+0200] {processor.py:186} INFO - Started process (PID=193359) to work on /mnt/e/Assignments/Airflow/airflow/airflow_env/lib/python3.12/site-packages/airflow/example_dags/example_bash_operator.py
[2024-12-26T04:00:50.376+0200] {processor.py:914} INFO - Processing file /mnt/e/Assignments/Airflow/airflow/airflow_env/lib/python3.12/site-packages/airflow/example_dags/example_bash_operator.py for tasks to queue
[2024-12-26T04:00:50.384+0200] {logging_mixin.py:190} INFO - [2024-12-26T04:00:50.381+0200] {dagbag.py:588} INFO - Filling up the DagBag from /mnt/e/Assignments/Airflow/airflow/airflow_env/lib/python3.12/site-packages/airflow/example_dags/example_bash_operator.py
[2024-12-26T04:00:50.652+0200] {processor.py:925} INFO - DAG(s) 'example_bash_operator' retrieved from /mnt/e/Assignments/Airflow/airflow/airflow_env/lib/python3.12/site-packages/airflow/example_dags/example_bash_operator.py
[2024-12-26T04:00:50.696+0200] {logging_mixin.py:190} INFO - [2024-12-26T04:00:50.694+0200] {dag.py:3239} INFO - Sync 1 DAGs
[2024-12-26T04:00:50.717+0200] {logging_mixin.py:190} INFO - [2024-12-26T04:00:50.716+0200] {dag.py:4180} INFO - Setting next_dagrun for example_bash_operator to 2024-12-25 00:00:00+00:00, run_after=2024-12-26 00:00:00+00:00
[2024-12-26T04:00:50.767+0200] {processor.py:208} INFO - Processing /mnt/e/Assignments/Airflow/airflow/airflow_env/lib/python3.12/site-packages/airflow/example_dags/example_bash_operator.py took 0.427 seconds
[2024-12-26T04:02:50.893+0200] {processor.py:186} INFO - Started process (PID=193440) to work on /mnt/e/Assignments/Airflow/airflow/airflow_env/lib/python3.12/site-packages/airflow/example_dags/example_bash_operator.py
[2024-12-26T04:02:50.896+0200] {processor.py:914} INFO - Processing file /mnt/e/Assignments/Airflow/airflow/airflow_env/lib/python3.12/site-packages/airflow/example_dags/example_bash_operator.py for tasks to queue
[2024-12-26T04:02:50.902+0200] {logging_mixin.py:190} INFO - [2024-12-26T04:02:50.900+0200] {dagbag.py:588} INFO - Filling up the DagBag from /mnt/e/Assignments/Airflow/airflow/airflow_env/lib/python3.12/site-packages/airflow/example_dags/example_bash_operator.py
[2024-12-26T04:02:51.001+0200] {processor.py:925} INFO - DAG(s) 'example_bash_operator' retrieved from /mnt/e/Assignments/Airflow/airflow/airflow_env/lib/python3.12/site-packages/airflow/example_dags/example_bash_operator.py
[2024-12-26T04:02:51.026+0200] {logging_mixin.py:190} INFO - [2024-12-26T04:02:51.025+0200] {dag.py:3239} INFO - Sync 1 DAGs
[2024-12-26T04:02:51.042+0200] {logging_mixin.py:190} INFO - [2024-12-26T04:02:51.042+0200] {dag.py:4180} INFO - Setting next_dagrun for example_bash_operator to 2024-12-25 00:00:00+00:00, run_after=2024-12-26 00:00:00+00:00
[2024-12-26T04:02:51.091+0200] {processor.py:208} INFO - Processing /mnt/e/Assignments/Airflow/airflow/airflow_env/lib/python3.12/site-packages/airflow/example_dags/example_bash_operator.py took 0.227 seconds
[2024-12-26T04:05:09.990+0200] {processor.py:186} INFO - Started process (PID=193524) to work on /mnt/e/Assignments/Airflow/airflow/airflow_env/lib/python3.12/site-packages/airflow/example_dags/example_bash_operator.py
[2024-12-26T04:05:09.992+0200] {processor.py:914} INFO - Processing file /mnt/e/Assignments/Airflow/airflow/airflow_env/lib/python3.12/site-packages/airflow/example_dags/example_bash_operator.py for tasks to queue
[2024-12-26T04:05:09.994+0200] {logging_mixin.py:190} INFO - [2024-12-26T04:05:09.993+0200] {dagbag.py:588} INFO - Filling up the DagBag from /mnt/e/Assignments/Airflow/airflow/airflow_env/lib/python3.12/site-packages/airflow/example_dags/example_bash_operator.py
[2024-12-26T04:05:10.051+0200] {processor.py:925} INFO - DAG(s) 'example_bash_operator' retrieved from /mnt/e/Assignments/Airflow/airflow/airflow_env/lib/python3.12/site-packages/airflow/example_dags/example_bash_operator.py
[2024-12-26T04:05:10.073+0200] {logging_mixin.py:190} INFO - [2024-12-26T04:05:10.073+0200] {dag.py:3239} INFO - Sync 1 DAGs
[2024-12-26T04:05:10.089+0200] {logging_mixin.py:190} INFO - [2024-12-26T04:05:10.088+0200] {dag.py:4180} INFO - Setting next_dagrun for example_bash_operator to 2024-12-25 00:00:00+00:00, run_after=2024-12-26 00:00:00+00:00
[2024-12-26T04:05:10.125+0200] {processor.py:208} INFO - Processing /mnt/e/Assignments/Airflow/airflow/airflow_env/lib/python3.12/site-packages/airflow/example_dags/example_bash_operator.py took 0.145 seconds
[2024-12-26T04:07:11.400+0200] {processor.py:186} INFO - Started process (PID=193603) to work on /mnt/e/Assignments/Airflow/airflow/airflow_env/lib/python3.12/site-packages/airflow/example_dags/example_bash_operator.py
[2024-12-26T04:07:11.402+0200] {processor.py:914} INFO - Processing file /mnt/e/Assignments/Airflow/airflow/airflow_env/lib/python3.12/site-packages/airflow/example_dags/example_bash_operator.py for tasks to queue
[2024-12-26T04:07:11.405+0200] {logging_mixin.py:190} INFO - [2024-12-26T04:07:11.404+0200] {dagbag.py:588} INFO - Filling up the DagBag from /mnt/e/Assignments/Airflow/airflow/airflow_env/lib/python3.12/site-packages/airflow/example_dags/example_bash_operator.py
[2024-12-26T04:07:11.463+0200] {processor.py:925} INFO - DAG(s) 'example_bash_operator' retrieved from /mnt/e/Assignments/Airflow/airflow/airflow_env/lib/python3.12/site-packages/airflow/example_dags/example_bash_operator.py
[2024-12-26T04:07:11.487+0200] {logging_mixin.py:190} INFO - [2024-12-26T04:07:11.486+0200] {dag.py:3239} INFO - Sync 1 DAGs
[2024-12-26T04:07:11.505+0200] {logging_mixin.py:190} INFO - [2024-12-26T04:07:11.504+0200] {dag.py:4180} INFO - Setting next_dagrun for example_bash_operator to 2024-12-25 00:00:00+00:00, run_after=2024-12-26 00:00:00+00:00
[2024-12-26T04:07:11.548+0200] {processor.py:208} INFO - Processing /mnt/e/Assignments/Airflow/airflow/airflow_env/lib/python3.12/site-packages/airflow/example_dags/example_bash_operator.py took 0.158 seconds
[2024-12-26T04:09:03.963+0200] {processor.py:186} INFO - Started process (PID=193680) to work on /mnt/e/Assignments/Airflow/airflow/airflow_env/lib/python3.12/site-packages/airflow/example_dags/example_bash_operator.py
[2024-12-26T04:09:03.965+0200] {processor.py:914} INFO - Processing file /mnt/e/Assignments/Airflow/airflow/airflow_env/lib/python3.12/site-packages/airflow/example_dags/example_bash_operator.py for tasks to queue
[2024-12-26T04:09:03.968+0200] {logging_mixin.py:190} INFO - [2024-12-26T04:09:03.967+0200] {dagbag.py:588} INFO - Filling up the DagBag from /mnt/e/Assignments/Airflow/airflow/airflow_env/lib/python3.12/site-packages/airflow/example_dags/example_bash_operator.py
[2024-12-26T04:09:04.071+0200] {processor.py:925} INFO - DAG(s) 'example_bash_operator' retrieved from /mnt/e/Assignments/Airflow/airflow/airflow_env/lib/python3.12/site-packages/airflow/example_dags/example_bash_operator.py
[2024-12-26T04:09:04.098+0200] {logging_mixin.py:190} INFO - [2024-12-26T04:09:04.097+0200] {dag.py:3239} INFO - Sync 1 DAGs
[2024-12-26T04:09:04.115+0200] {logging_mixin.py:190} INFO - [2024-12-26T04:09:04.114+0200] {dag.py:4180} INFO - Setting next_dagrun for example_bash_operator to 2024-12-25 00:00:00+00:00, run_after=2024-12-26 00:00:00+00:00
[2024-12-26T04:09:04.164+0200] {processor.py:208} INFO - Processing /mnt/e/Assignments/Airflow/airflow/airflow_env/lib/python3.12/site-packages/airflow/example_dags/example_bash_operator.py took 0.211 seconds
[2024-12-26T04:10:51.178+0200] {processor.py:186} INFO - Started process (PID=193755) to work on /mnt/e/Assignments/Airflow/airflow/airflow_env/lib/python3.12/site-packages/airflow/example_dags/example_bash_operator.py
[2024-12-26T04:10:51.183+0200] {processor.py:914} INFO - Processing file /mnt/e/Assignments/Airflow/airflow/airflow_env/lib/python3.12/site-packages/airflow/example_dags/example_bash_operator.py for tasks to queue
[2024-12-26T04:10:51.191+0200] {logging_mixin.py:190} INFO - [2024-12-26T04:10:51.187+0200] {dagbag.py:588} INFO - Filling up the DagBag from /mnt/e/Assignments/Airflow/airflow/airflow_env/lib/python3.12/site-packages/airflow/example_dags/example_bash_operator.py
[2024-12-26T04:10:51.458+0200] {processor.py:925} INFO - DAG(s) 'example_bash_operator' retrieved from /mnt/e/Assignments/Airflow/airflow/airflow_env/lib/python3.12/site-packages/airflow/example_dags/example_bash_operator.py
[2024-12-26T04:10:51.523+0200] {logging_mixin.py:190} INFO - [2024-12-26T04:10:51.519+0200] {dag.py:3239} INFO - Sync 1 DAGs
[2024-12-26T04:10:51.559+0200] {logging_mixin.py:190} INFO - [2024-12-26T04:10:51.556+0200] {dag.py:4180} INFO - Setting next_dagrun for example_bash_operator to 2024-12-25 00:00:00+00:00, run_after=2024-12-26 00:00:00+00:00
[2024-12-26T04:10:51.683+0200] {processor.py:208} INFO - Processing /mnt/e/Assignments/Airflow/airflow/airflow_env/lib/python3.12/site-packages/airflow/example_dags/example_bash_operator.py took 0.533 seconds
[2024-12-26T04:12:42.823+0200] {processor.py:186} INFO - Started process (PID=193833) to work on /mnt/e/Assignments/Airflow/airflow/airflow_env/lib/python3.12/site-packages/airflow/example_dags/example_bash_operator.py
[2024-12-26T04:12:42.826+0200] {processor.py:914} INFO - Processing file /mnt/e/Assignments/Airflow/airflow/airflow_env/lib/python3.12/site-packages/airflow/example_dags/example_bash_operator.py for tasks to queue
[2024-12-26T04:12:42.831+0200] {logging_mixin.py:190} INFO - [2024-12-26T04:12:42.829+0200] {dagbag.py:588} INFO - Filling up the DagBag from /mnt/e/Assignments/Airflow/airflow/airflow_env/lib/python3.12/site-packages/airflow/example_dags/example_bash_operator.py
[2024-12-26T04:12:42.947+0200] {processor.py:925} INFO - DAG(s) 'example_bash_operator' retrieved from /mnt/e/Assignments/Airflow/airflow/airflow_env/lib/python3.12/site-packages/airflow/example_dags/example_bash_operator.py
[2024-12-26T04:12:42.968+0200] {logging_mixin.py:190} INFO - [2024-12-26T04:12:42.967+0200] {dag.py:3239} INFO - Sync 1 DAGs
[2024-12-26T04:12:42.984+0200] {logging_mixin.py:190} INFO - [2024-12-26T04:12:42.983+0200] {dag.py:4180} INFO - Setting next_dagrun for example_bash_operator to 2024-12-25 00:00:00+00:00, run_after=2024-12-26 00:00:00+00:00
[2024-12-26T04:12:43.022+0200] {processor.py:208} INFO - Processing /mnt/e/Assignments/Airflow/airflow/airflow_env/lib/python3.12/site-packages/airflow/example_dags/example_bash_operator.py took 0.220 seconds
[2024-12-26T04:14:30.429+0200] {processor.py:186} INFO - Started process (PID=193909) to work on /mnt/e/Assignments/Airflow/airflow/airflow_env/lib/python3.12/site-packages/airflow/example_dags/example_bash_operator.py
[2024-12-26T04:14:30.431+0200] {processor.py:914} INFO - Processing file /mnt/e/Assignments/Airflow/airflow/airflow_env/lib/python3.12/site-packages/airflow/example_dags/example_bash_operator.py for tasks to queue
[2024-12-26T04:14:30.434+0200] {logging_mixin.py:190} INFO - [2024-12-26T04:14:30.433+0200] {dagbag.py:588} INFO - Filling up the DagBag from /mnt/e/Assignments/Airflow/airflow/airflow_env/lib/python3.12/site-packages/airflow/example_dags/example_bash_operator.py
[2024-12-26T04:14:30.493+0200] {processor.py:925} INFO - DAG(s) 'example_bash_operator' retrieved from /mnt/e/Assignments/Airflow/airflow/airflow_env/lib/python3.12/site-packages/airflow/example_dags/example_bash_operator.py
[2024-12-26T04:14:30.516+0200] {logging_mixin.py:190} INFO - [2024-12-26T04:14:30.515+0200] {dag.py:3239} INFO - Sync 1 DAGs
[2024-12-26T04:14:30.534+0200] {logging_mixin.py:190} INFO - [2024-12-26T04:14:30.533+0200] {dag.py:4180} INFO - Setting next_dagrun for example_bash_operator to 2024-12-25 00:00:00+00:00, run_after=2024-12-26 00:00:00+00:00
[2024-12-26T04:14:30.573+0200] {processor.py:208} INFO - Processing /mnt/e/Assignments/Airflow/airflow/airflow_env/lib/python3.12/site-packages/airflow/example_dags/example_bash_operator.py took 0.155 seconds
[2024-12-26T04:16:50.190+0200] {processor.py:186} INFO - Started process (PID=193991) to work on /mnt/e/Assignments/Airflow/airflow/airflow_env/lib/python3.12/site-packages/airflow/example_dags/example_bash_operator.py
[2024-12-26T04:16:50.193+0200] {processor.py:914} INFO - Processing file /mnt/e/Assignments/Airflow/airflow/airflow_env/lib/python3.12/site-packages/airflow/example_dags/example_bash_operator.py for tasks to queue
[2024-12-26T04:16:50.196+0200] {logging_mixin.py:190} INFO - [2024-12-26T04:16:50.195+0200] {dagbag.py:588} INFO - Filling up the DagBag from /mnt/e/Assignments/Airflow/airflow/airflow_env/lib/python3.12/site-packages/airflow/example_dags/example_bash_operator.py
[2024-12-26T04:16:50.272+0200] {processor.py:925} INFO - DAG(s) 'example_bash_operator' retrieved from /mnt/e/Assignments/Airflow/airflow/airflow_env/lib/python3.12/site-packages/airflow/example_dags/example_bash_operator.py
[2024-12-26T04:16:50.307+0200] {logging_mixin.py:190} INFO - [2024-12-26T04:16:50.305+0200] {dag.py:3239} INFO - Sync 1 DAGs
[2024-12-26T04:16:50.329+0200] {logging_mixin.py:190} INFO - [2024-12-26T04:16:50.328+0200] {dag.py:4180} INFO - Setting next_dagrun for example_bash_operator to 2024-12-25 00:00:00+00:00, run_after=2024-12-26 00:00:00+00:00
[2024-12-26T04:16:50.391+0200] {processor.py:208} INFO - Processing /mnt/e/Assignments/Airflow/airflow/airflow_env/lib/python3.12/site-packages/airflow/example_dags/example_bash_operator.py took 0.213 seconds
[2024-12-26T04:19:05.235+0200] {processor.py:186} INFO - Started process (PID=194078) to work on /mnt/e/Assignments/Airflow/airflow/airflow_env/lib/python3.12/site-packages/airflow/example_dags/example_bash_operator.py
[2024-12-26T04:19:05.237+0200] {processor.py:914} INFO - Processing file /mnt/e/Assignments/Airflow/airflow/airflow_env/lib/python3.12/site-packages/airflow/example_dags/example_bash_operator.py for tasks to queue
[2024-12-26T04:19:05.240+0200] {logging_mixin.py:190} INFO - [2024-12-26T04:19:05.239+0200] {dagbag.py:588} INFO - Filling up the DagBag from /mnt/e/Assignments/Airflow/airflow/airflow_env/lib/python3.12/site-packages/airflow/example_dags/example_bash_operator.py
[2024-12-26T04:19:05.309+0200] {processor.py:925} INFO - DAG(s) 'example_bash_operator' retrieved from /mnt/e/Assignments/Airflow/airflow/airflow_env/lib/python3.12/site-packages/airflow/example_dags/example_bash_operator.py
[2024-12-26T04:19:05.336+0200] {logging_mixin.py:190} INFO - [2024-12-26T04:19:05.335+0200] {dag.py:3239} INFO - Sync 1 DAGs
[2024-12-26T04:19:05.355+0200] {logging_mixin.py:190} INFO - [2024-12-26T04:19:05.354+0200] {dag.py:4180} INFO - Setting next_dagrun for example_bash_operator to 2024-12-25 00:00:00+00:00, run_after=2024-12-26 00:00:00+00:00
[2024-12-26T04:19:05.412+0200] {processor.py:208} INFO - Processing /mnt/e/Assignments/Airflow/airflow/airflow_env/lib/python3.12/site-packages/airflow/example_dags/example_bash_operator.py took 0.188 seconds
[2024-12-26T04:21:23.437+0200] {processor.py:186} INFO - Started process (PID=194162) to work on /mnt/e/Assignments/Airflow/airflow/airflow_env/lib/python3.12/site-packages/airflow/example_dags/example_bash_operator.py
[2024-12-26T04:21:23.441+0200] {processor.py:914} INFO - Processing file /mnt/e/Assignments/Airflow/airflow/airflow_env/lib/python3.12/site-packages/airflow/example_dags/example_bash_operator.py for tasks to queue
[2024-12-26T04:21:23.448+0200] {logging_mixin.py:190} INFO - [2024-12-26T04:21:23.446+0200] {dagbag.py:588} INFO - Filling up the DagBag from /mnt/e/Assignments/Airflow/airflow/airflow_env/lib/python3.12/site-packages/airflow/example_dags/example_bash_operator.py
[2024-12-26T04:21:23.778+0200] {processor.py:925} INFO - DAG(s) 'example_bash_operator' retrieved from /mnt/e/Assignments/Airflow/airflow/airflow_env/lib/python3.12/site-packages/airflow/example_dags/example_bash_operator.py
[2024-12-26T04:21:23.859+0200] {logging_mixin.py:190} INFO - [2024-12-26T04:21:23.857+0200] {dag.py:3239} INFO - Sync 1 DAGs
[2024-12-26T04:21:23.901+0200] {logging_mixin.py:190} INFO - [2024-12-26T04:21:23.897+0200] {dag.py:4180} INFO - Setting next_dagrun for example_bash_operator to 2024-12-25 00:00:00+00:00, run_after=2024-12-26 00:00:00+00:00
[2024-12-26T04:21:24.069+0200] {processor.py:208} INFO - Processing /mnt/e/Assignments/Airflow/airflow/airflow_env/lib/python3.12/site-packages/airflow/example_dags/example_bash_operator.py took 0.665 seconds
[2024-12-26T04:23:46.109+0200] {processor.py:186} INFO - Started process (PID=194247) to work on /mnt/e/Assignments/Airflow/airflow/airflow_env/lib/python3.12/site-packages/airflow/example_dags/example_bash_operator.py
[2024-12-26T04:23:46.113+0200] {processor.py:914} INFO - Processing file /mnt/e/Assignments/Airflow/airflow/airflow_env/lib/python3.12/site-packages/airflow/example_dags/example_bash_operator.py for tasks to queue
[2024-12-26T04:23:46.118+0200] {logging_mixin.py:190} INFO - [2024-12-26T04:23:46.116+0200] {dagbag.py:588} INFO - Filling up the DagBag from /mnt/e/Assignments/Airflow/airflow/airflow_env/lib/python3.12/site-packages/airflow/example_dags/example_bash_operator.py
[2024-12-26T04:23:46.195+0200] {processor.py:925} INFO - DAG(s) 'example_bash_operator' retrieved from /mnt/e/Assignments/Airflow/airflow/airflow_env/lib/python3.12/site-packages/airflow/example_dags/example_bash_operator.py
[2024-12-26T04:23:46.220+0200] {logging_mixin.py:190} INFO - [2024-12-26T04:23:46.219+0200] {dag.py:3239} INFO - Sync 1 DAGs
[2024-12-26T04:23:46.240+0200] {logging_mixin.py:190} INFO - [2024-12-26T04:23:46.239+0200] {dag.py:4180} INFO - Setting next_dagrun for example_bash_operator to 2024-12-25 00:00:00+00:00, run_after=2024-12-26 00:00:00+00:00
[2024-12-26T04:23:46.301+0200] {processor.py:208} INFO - Processing /mnt/e/Assignments/Airflow/airflow/airflow_env/lib/python3.12/site-packages/airflow/example_dags/example_bash_operator.py took 0.214 seconds
[2024-12-26T04:25:51.881+0200] {processor.py:186} INFO - Started process (PID=194328) to work on /mnt/e/Assignments/Airflow/airflow/airflow_env/lib/python3.12/site-packages/airflow/example_dags/example_bash_operator.py
[2024-12-26T04:25:51.886+0200] {processor.py:914} INFO - Processing file /mnt/e/Assignments/Airflow/airflow/airflow_env/lib/python3.12/site-packages/airflow/example_dags/example_bash_operator.py for tasks to queue
[2024-12-26T04:25:51.896+0200] {logging_mixin.py:190} INFO - [2024-12-26T04:25:51.892+0200] {dagbag.py:588} INFO - Filling up the DagBag from /mnt/e/Assignments/Airflow/airflow/airflow_env/lib/python3.12/site-packages/airflow/example_dags/example_bash_operator.py
[2024-12-26T04:25:52.226+0200] {processor.py:925} INFO - DAG(s) 'example_bash_operator' retrieved from /mnt/e/Assignments/Airflow/airflow/airflow_env/lib/python3.12/site-packages/airflow/example_dags/example_bash_operator.py
[2024-12-26T04:25:52.281+0200] {logging_mixin.py:190} INFO - [2024-12-26T04:25:52.278+0200] {dag.py:3239} INFO - Sync 1 DAGs
[2024-12-26T04:25:52.323+0200] {logging_mixin.py:190} INFO - [2024-12-26T04:25:52.319+0200] {dag.py:4180} INFO - Setting next_dagrun for example_bash_operator to 2024-12-25 00:00:00+00:00, run_after=2024-12-26 00:00:00+00:00
[2024-12-26T04:25:52.493+0200] {processor.py:208} INFO - Processing /mnt/e/Assignments/Airflow/airflow/airflow_env/lib/python3.12/site-packages/airflow/example_dags/example_bash_operator.py took 0.648 seconds
[2024-12-26T04:28:21.842+0200] {processor.py:186} INFO - Started process (PID=194413) to work on /mnt/e/Assignments/Airflow/airflow/airflow_env/lib/python3.12/site-packages/airflow/example_dags/example_bash_operator.py
[2024-12-26T04:28:21.844+0200] {processor.py:914} INFO - Processing file /mnt/e/Assignments/Airflow/airflow/airflow_env/lib/python3.12/site-packages/airflow/example_dags/example_bash_operator.py for tasks to queue
[2024-12-26T04:28:21.848+0200] {logging_mixin.py:190} INFO - [2024-12-26T04:28:21.846+0200] {dagbag.py:588} INFO - Filling up the DagBag from /mnt/e/Assignments/Airflow/airflow/airflow_env/lib/python3.12/site-packages/airflow/example_dags/example_bash_operator.py
[2024-12-26T04:28:21.948+0200] {processor.py:925} INFO - DAG(s) 'example_bash_operator' retrieved from /mnt/e/Assignments/Airflow/airflow/airflow_env/lib/python3.12/site-packages/airflow/example_dags/example_bash_operator.py
[2024-12-26T04:28:21.976+0200] {logging_mixin.py:190} INFO - [2024-12-26T04:28:21.975+0200] {dag.py:3239} INFO - Sync 1 DAGs
[2024-12-26T04:28:21.997+0200] {logging_mixin.py:190} INFO - [2024-12-26T04:28:21.996+0200] {dag.py:4180} INFO - Setting next_dagrun for example_bash_operator to 2024-12-25 00:00:00+00:00, run_after=2024-12-26 00:00:00+00:00
[2024-12-26T04:28:22.052+0200] {processor.py:208} INFO - Processing /mnt/e/Assignments/Airflow/airflow/airflow_env/lib/python3.12/site-packages/airflow/example_dags/example_bash_operator.py took 0.226 seconds
[2024-12-26T04:30:26.028+0200] {processor.py:186} INFO - Started process (PID=194494) to work on /mnt/e/Assignments/Airflow/airflow/airflow_env/lib/python3.12/site-packages/airflow/example_dags/example_bash_operator.py
[2024-12-26T04:30:26.030+0200] {processor.py:914} INFO - Processing file /mnt/e/Assignments/Airflow/airflow/airflow_env/lib/python3.12/site-packages/airflow/example_dags/example_bash_operator.py for tasks to queue
[2024-12-26T04:30:26.033+0200] {logging_mixin.py:190} INFO - [2024-12-26T04:30:26.032+0200] {dagbag.py:588} INFO - Filling up the DagBag from /mnt/e/Assignments/Airflow/airflow/airflow_env/lib/python3.12/site-packages/airflow/example_dags/example_bash_operator.py
[2024-12-26T04:30:26.109+0200] {processor.py:925} INFO - DAG(s) 'example_bash_operator' retrieved from /mnt/e/Assignments/Airflow/airflow/airflow_env/lib/python3.12/site-packages/airflow/example_dags/example_bash_operator.py
[2024-12-26T04:30:26.139+0200] {logging_mixin.py:190} INFO - [2024-12-26T04:30:26.138+0200] {dag.py:3239} INFO - Sync 1 DAGs
[2024-12-26T04:30:26.160+0200] {logging_mixin.py:190} INFO - [2024-12-26T04:30:26.159+0200] {dag.py:4180} INFO - Setting next_dagrun for example_bash_operator to 2024-12-25 00:00:00+00:00, run_after=2024-12-26 00:00:00+00:00
[2024-12-26T04:30:26.218+0200] {processor.py:208} INFO - Processing /mnt/e/Assignments/Airflow/airflow/airflow_env/lib/python3.12/site-packages/airflow/example_dags/example_bash_operator.py took 0.200 seconds
[2024-12-26T04:32:40.958+0200] {processor.py:186} INFO - Started process (PID=194578) to work on /mnt/e/Assignments/Airflow/airflow/airflow_env/lib/python3.12/site-packages/airflow/example_dags/example_bash_operator.py
[2024-12-26T04:32:40.962+0200] {processor.py:914} INFO - Processing file /mnt/e/Assignments/Airflow/airflow/airflow_env/lib/python3.12/site-packages/airflow/example_dags/example_bash_operator.py for tasks to queue
[2024-12-26T04:32:40.969+0200] {logging_mixin.py:190} INFO - [2024-12-26T04:32:40.966+0200] {dagbag.py:588} INFO - Filling up the DagBag from /mnt/e/Assignments/Airflow/airflow/airflow_env/lib/python3.12/site-packages/airflow/example_dags/example_bash_operator.py
[2024-12-26T04:32:41.198+0200] {processor.py:925} INFO - DAG(s) 'example_bash_operator' retrieved from /mnt/e/Assignments/Airflow/airflow/airflow_env/lib/python3.12/site-packages/airflow/example_dags/example_bash_operator.py
[2024-12-26T04:32:41.260+0200] {logging_mixin.py:190} INFO - [2024-12-26T04:32:41.257+0200] {dag.py:3239} INFO - Sync 1 DAGs
[2024-12-26T04:32:41.308+0200] {logging_mixin.py:190} INFO - [2024-12-26T04:32:41.304+0200] {dag.py:4180} INFO - Setting next_dagrun for example_bash_operator to 2024-12-25 00:00:00+00:00, run_after=2024-12-26 00:00:00+00:00
[2024-12-26T04:32:41.479+0200] {processor.py:208} INFO - Processing /mnt/e/Assignments/Airflow/airflow/airflow_env/lib/python3.12/site-packages/airflow/example_dags/example_bash_operator.py took 0.543 seconds
[2024-12-26T04:34:42.077+0200] {processor.py:186} INFO - Started process (PID=194655) to work on /mnt/e/Assignments/Airflow/airflow/airflow_env/lib/python3.12/site-packages/airflow/example_dags/example_bash_operator.py
[2024-12-26T04:34:42.082+0200] {processor.py:914} INFO - Processing file /mnt/e/Assignments/Airflow/airflow/airflow_env/lib/python3.12/site-packages/airflow/example_dags/example_bash_operator.py for tasks to queue
[2024-12-26T04:34:42.091+0200] {logging_mixin.py:190} INFO - [2024-12-26T04:34:42.088+0200] {dagbag.py:588} INFO - Filling up the DagBag from /mnt/e/Assignments/Airflow/airflow/airflow_env/lib/python3.12/site-packages/airflow/example_dags/example_bash_operator.py
[2024-12-26T04:34:42.355+0200] {processor.py:925} INFO - DAG(s) 'example_bash_operator' retrieved from /mnt/e/Assignments/Airflow/airflow/airflow_env/lib/python3.12/site-packages/airflow/example_dags/example_bash_operator.py
[2024-12-26T04:34:42.427+0200] {logging_mixin.py:190} INFO - [2024-12-26T04:34:42.426+0200] {dag.py:3239} INFO - Sync 1 DAGs
[2024-12-26T04:34:42.462+0200] {logging_mixin.py:190} INFO - [2024-12-26T04:34:42.459+0200] {dag.py:4180} INFO - Setting next_dagrun for example_bash_operator to 2024-12-25 00:00:00+00:00, run_after=2024-12-26 00:00:00+00:00
[2024-12-26T04:34:42.637+0200] {processor.py:208} INFO - Processing /mnt/e/Assignments/Airflow/airflow/airflow_env/lib/python3.12/site-packages/airflow/example_dags/example_bash_operator.py took 0.592 seconds
