[2024-12-26T03:38:03.006+0200] {local_task_job_runner.py:123} INFO - ::group::Pre task execution logs
[2024-12-26T03:38:03.022+0200] {taskinstance.py:2613} INFO - Dependencies all met for dep_context=non-requeueable deps ti=<TaskInstance: simulator_15_dag.send_to_api_15 manual__2024-12-26T01:37:16.489249+00:00 [queued]>
[2024-12-26T03:38:03.032+0200] {taskinstance.py:2613} INFO - Dependencies all met for dep_context=requeueable deps ti=<TaskInstance: simulator_15_dag.send_to_api_15 manual__2024-12-26T01:37:16.489249+00:00 [queued]>
[2024-12-26T03:38:03.033+0200] {taskinstance.py:2866} INFO - Starting attempt 1 of 2
[2024-12-26T03:38:03.064+0200] {taskinstance.py:2889} INFO - Executing <Task(PythonOperator): send_to_api_15> on 2024-12-26 01:37:16.489249+00:00
[2024-12-26T03:38:03.067+0200] {standard_task_runner.py:72} INFO - Started process 192463 to run task
[2024-12-26T03:38:03.069+0200] {standard_task_runner.py:104} INFO - Running: ['airflow', 'tasks', 'run', 'simulator_15_dag', 'send_to_api_15', 'manual__2024-12-26T01:37:16.489249+00:00', '--job-id', '28', '--raw', '--subdir', 'DAGS_FOLDER/Dynamic_Dags.py', '--cfg-path', '/tmp/tmp22ow4_4h']
[2024-12-26T03:38:03.070+0200] {standard_task_runner.py:105} INFO - Job 28: Subtask send_to_api_15
[2024-12-26T03:38:03.167+0200] {task_command.py:467} INFO - Running <TaskInstance: simulator_15_dag.send_to_api_15 manual__2024-12-26T01:37:16.489249+00:00 [running]> on host ali-nasser.gizasystems.local
[2024-12-26T03:38:03.322+0200] {taskinstance.py:3132} INFO - Exporting env vars: AIRFLOW_CTX_DAG_OWNER='airflow' AIRFLOW_CTX_DAG_ID='simulator_15_dag' AIRFLOW_CTX_TASK_ID='send_to_api_15' AIRFLOW_CTX_EXECUTION_DATE='2024-12-26T01:37:16.489249+00:00' AIRFLOW_CTX_TRY_NUMBER='1' AIRFLOW_CTX_DAG_RUN_ID='manual__2024-12-26T01:37:16.489249+00:00'
[2024-12-26T03:38:03.324+0200] {logging_mixin.py:190} INFO - Task instance is in running state
[2024-12-26T03:38:03.325+0200] {logging_mixin.py:190} INFO -  Previous state of the Task instance: queued
[2024-12-26T03:38:03.327+0200] {logging_mixin.py:190} INFO - Current task name:send_to_api_15 state:running start_date:2024-12-26 01:38:03.024131+00:00
[2024-12-26T03:38:03.328+0200] {logging_mixin.py:190} INFO - Dag name:simulator_15_dag and current dag run status:running
[2024-12-26T03:38:03.329+0200] {taskinstance.py:731} INFO - ::endgroup::
[2024-12-26T03:38:03.348+0200] {logging_mixin.py:190} WARNING - /mnt/e/Assignments/Airflow/airflow/airflow_env/lib/python3.12/site-packages/django/db/models/fields/__init__.py:1665 RuntimeWarning: DateTimeField SimulatorResult.timestamp received a naive datetime (2024-12-26 01:38:03) while time zone support is active.
[2024-12-26T03:38:03.365+0200] {logging_mixin.py:190} INFO - Response saved for Simulator 15: {'asset_id': 1, 'attribute_id': 'output_1', 'timestamp': '2024-12-26T01:38:03Z[UTC]', 'value': 131.97393808425184}
[2024-12-26T03:38:03.367+0200] {python.py:240} INFO - Done. Returned value was: None
[2024-12-26T03:38:03.381+0200] {taskinstance.py:340} INFO - ::group::Post task execution logs
[2024-12-26T03:38:03.382+0200] {taskinstance.py:352} INFO - Marking task as SUCCESS. dag_id=simulator_15_dag, task_id=send_to_api_15, run_id=manual__2024-12-26T01:37:16.489249+00:00, execution_date=20241226T013716, start_date=20241226T013803, end_date=20241226T013803
[2024-12-26T03:38:03.410+0200] {logging_mixin.py:190} INFO - Task instance in success state
[2024-12-26T03:38:03.412+0200] {logging_mixin.py:190} INFO -  Previous state of the Task instance: running
[2024-12-26T03:38:03.413+0200] {logging_mixin.py:190} INFO - Dag name:simulator_15_dag queued_at:2024-12-26 01:37:16.520455+00:00
[2024-12-26T03:38:03.414+0200] {logging_mixin.py:190} INFO - Task hostname:ali-nasser.gizasystems.local operator:PythonOperator
[2024-12-26T03:38:03.443+0200] {local_task_job_runner.py:266} INFO - Task exited with return code 0
[2024-12-26T03:38:03.460+0200] {taskinstance.py:3895} INFO - 0 downstream tasks scheduled from follow-on schedule check
[2024-12-26T03:38:03.463+0200] {local_task_job_runner.py:245} INFO - ::endgroup::
