[2024-12-26T01:10:19.217+0200] {local_task_job_runner.py:123} INFO - ::group::Pre task execution logs
[2024-12-26T01:10:19.275+0200] {taskinstance.py:2613} INFO - Dependencies all met for dep_context=non-requeueable deps ti=<TaskInstance: simulator_5_dag.send_to_api_5 scheduled__2024-12-25T22:00:00+00:00 [queued]>
[2024-12-26T01:10:19.316+0200] {taskinstance.py:2613} INFO - Dependencies all met for dep_context=requeueable deps ti=<TaskInstance: simulator_5_dag.send_to_api_5 scheduled__2024-12-25T22:00:00+00:00 [queued]>
[2024-12-26T01:10:19.321+0200] {taskinstance.py:2866} INFO - Starting attempt 1 of 2
[2024-12-26T01:10:19.402+0200] {taskinstance.py:2889} INFO - Executing <Task(PythonOperator): send_to_api_5> on 2024-12-25 22:00:00+00:00
[2024-12-26T01:10:19.420+0200] {standard_task_runner.py:72} INFO - Started process 186981 to run task
[2024-12-26T01:10:19.425+0200] {standard_task_runner.py:104} INFO - Running: ['airflow', 'tasks', 'run', 'simulator_5_dag', 'send_to_api_5', 'scheduled__2024-12-25T22:00:00+00:00', '--job-id', '11', '--raw', '--subdir', 'DAGS_FOLDER/Dynamic_Dags.py', '--cfg-path', '/tmp/tmpkqfndzb2']
[2024-12-26T01:10:19.430+0200] {standard_task_runner.py:105} INFO - Job 11: Subtask send_to_api_5
[2024-12-26T01:10:19.616+0200] {task_command.py:467} INFO - Running <TaskInstance: simulator_5_dag.send_to_api_5 scheduled__2024-12-25T22:00:00+00:00 [running]> on host ali-nasser.gizasystems.local
[2024-12-26T01:10:20.626+0200] {taskinstance.py:3132} INFO - Exporting env vars: AIRFLOW_CTX_DAG_OWNER='airflow' AIRFLOW_CTX_DAG_ID='simulator_5_dag' AIRFLOW_CTX_TASK_ID='send_to_api_5' AIRFLOW_CTX_EXECUTION_DATE='2024-12-25T22:00:00+00:00' AIRFLOW_CTX_TRY_NUMBER='1' AIRFLOW_CTX_DAG_RUN_ID='scheduled__2024-12-25T22:00:00+00:00'
[2024-12-26T01:10:20.630+0200] {logging_mixin.py:190} INFO - Task instance is in running state
[2024-12-26T01:10:20.686+0200] {logging_mixin.py:190} INFO -  Previous state of the Task instance: queued
[2024-12-26T01:10:20.705+0200] {logging_mixin.py:190} INFO - Current task name:send_to_api_5 state:running start_date:2024-12-25 23:10:19.288898+00:00
[2024-12-26T01:10:20.711+0200] {logging_mixin.py:190} INFO - Dag name:simulator_5_dag and current dag run status:running
[2024-12-26T01:10:20.717+0200] {taskinstance.py:731} INFO - ::endgroup::
[2024-12-26T01:10:21.054+0200] {logging_mixin.py:190} WARNING - /mnt/e/Assignments/Airflow/airflow/airflow_env/lib/python3.12/site-packages/django/db/models/fields/__init__.py:1665 RuntimeWarning: DateTimeField SimulatorResult.timestamp received a naive datetime (2024-12-25 23:10:20) while time zone support is active.
[2024-12-26T01:10:21.096+0200] {logging_mixin.py:190} INFO - Response saved for Simulator 5: {'asset_id': 1, 'attribute_id': 'output_1', 'timestamp': '2024-12-25T23:10:20Z[UTC]', 'value': 377.37836477594226}
[2024-12-26T01:10:21.102+0200] {python.py:240} INFO - Done. Returned value was: None
[2024-12-26T01:10:21.218+0200] {taskinstance.py:340} INFO - ::group::Post task execution logs
[2024-12-26T01:10:21.226+0200] {taskinstance.py:352} INFO - Marking task as SUCCESS. dag_id=simulator_5_dag, task_id=send_to_api_5, run_id=scheduled__2024-12-25T22:00:00+00:00, execution_date=20241225T220000, start_date=20241225T231019, end_date=20241225T231021
[2024-12-26T01:10:21.378+0200] {logging_mixin.py:190} INFO - Task instance in success state
[2024-12-26T01:10:21.388+0200] {logging_mixin.py:190} INFO -  Previous state of the Task instance: running
[2024-12-26T01:10:21.394+0200] {logging_mixin.py:190} INFO - Dag name:simulator_5_dag queued_at:2024-12-25 23:00:03.468935+00:00
[2024-12-26T01:10:21.404+0200] {logging_mixin.py:190} INFO - Task hostname:ali-nasser.gizasystems.local operator:PythonOperator
[2024-12-26T01:10:21.451+0200] {local_task_job_runner.py:266} INFO - Task exited with return code 0
[2024-12-26T01:10:21.513+0200] {taskinstance.py:3895} INFO - 0 downstream tasks scheduled from follow-on schedule check
[2024-12-26T01:10:21.528+0200] {local_task_job_runner.py:245} INFO - ::endgroup::
